
= [SBOOT] System Security Check successfully passed. Starting...


======================================================================
=              (C) COPYRIGHT 2017 STMicroelectronics                 =
=                                                                    =
=              Secure Boot and Secure Firmware Update                =
======================================================================


= [SBOOT] SECURE ENGINE INITIALIZATION SUCCESSFUL
= [SBOOT] STATE: CHECK STATUS ON RESET
	  INFO: A Reboot has been triggered by a Hardware reset!
= [SBOOT] STATE: CHECK NEW FIRMWARE TO DOWNLOAD
= [SBOOT] STATE: CHECK KMS BLOB TO INSTALL
= [SBOOT] STATE: CHECK USER FW STATUS
	  A FW is detected in the slot SLOT_ACTIVE_1
= [SBOOT] STATE: VERIFY USER FW SIGNATURE
= [SBOOT] STATE: EXECUTE USER FIRMWAREAPPLICATION_VERSION: V1.3.0
MW_LORAWAN_VERSION:  V2.5.0
MW_RADIO_VERSION:    V1.3.0
L2_SPEC_VERSION:     V1.0.4
RP_SPEC_VERSION:     V2-1.0.1
###### AppKey:      2B:7E:15:16:28:AE:D2:A6:AB:F7:15:88:09:CF:4F:3C
###### NwkKey:      2B:7E:15:16:28:AE:D2:A6:AB:F7:15:88:09:CF:4F:3C
###### AppSKey:     19:66:32:FF:51:84:82:43:11:D4:4F:16:17:8B:59:C1
###### NwkSKey:     8E:11:89:98:E2:47:53:F8:C4:E9:65:4A:6F:78:01:43
###### DevEUI:      00:80:E1:15:00:0A:D5:68
###### AppEUI:      01:01:01:01:01:01:01:01
###### DevAddr:     00:0A:D5:68
###### KMS ENABLED

###### = JOINED = OTAA =====================
[31mNetwork joined, choose app to execute:
BTN1: TxTimer send uplink every 10 sec
BTN2: Airtime test
[0m
###### U/L FRAME:JOIN | DR:4 | PWR:1
###### MCRootKey:   7D:F7:6B:0C:1A:B8:99:B3:3E:42:F0:47:B9:1B:54:6F
###### MCKEKey:     8C:B8:66:5E:0C:0E:0B:64:5B:2E:D9:E4:8A:19:27:7C
###### AppSKey:     A0:ED:A5:A9:5C:FA:D9:AA:4B:C7:20:E4:3C:9B:44:8E
###### NwkSKey:     87:06:7D:DF:88:03:8E:F7:68:6E:4E:A5:2B:6E:84:D1
###### DBIntKey:    7A:C4:7C:65:FE:25:9B:B6:54:BD:26:35:19:F8:9C:8E
###### DevEUI:      00:80:E1:15:00:0A:D5:68
###### AppEUI:      01:01:01:01:01:01:01:01
###### DevAddr:     00:0B:38:79
[32mStart tx timer regular[0m
###### ========== MCPS-Confirm =============
###### U/L FRAME:0001 | PORT:24 | DR:4 | PWR:1 | MSG TYPE:UNCONFIRMED

###### ========== MCPS-Confirm =============
###### U/L FRAME:0002 | PORT:24 | DR:4 | PWR:1 | MSG TYPE:UNCONFIRMED
1733753828s940:value of rxport: 0
###### D/L FRAME:0000 | PORT:0 | DR:4 | SLOT:1 | RSSI:-14 | SNR:13
1733753887s740:Airtime test started: 0
1733753887s740:MAC Tx start packet size: 18
1733753887s744:TX on freq 867300000 Hz at DR 4
1733753887s744:RADIO SEND WITH size 18
1733753887s746:SEND REQUEST
1733753887s839:NOTIFY
1733753887s839:MAC txDone
1733753888s821:RX_1 on freq 867300000 Hz at DR 4
1733753888s872:IRQ_RX_TX_TIMEOUT
1733753888s872:NOTIFY
1733753888s872:MAC rxTimeOut
1733753889s870:RX_2 on freq 869525000 Hz at DR 0
1733753890s069:IRQ_RX_TX_TIMEOUT
1733753890s069:NOTIFY
1733753890s069:MAC rxTimeOut

###### ========== MCPS-Confirm =============
###### U/L FRAME:0003 | PORT:24 | DR:4 | PWR:1 | MSG TYPE:UNCONFIRMED
1733753947s746:Airtime test started: 0
1733753947s746:MAC Tx start packet size: 18
1733753947s750:TX on freq 867500000 Hz at DR 4
1733753947s750:RADIO SEND WITH size 18
1733753947s752:SEND REQUEST
1733753947s845:NOTIFY
1733753947s845:MAC txDone
1733753948s827:RX_1 on freq 867500000 Hz at DR 4
1733753948s878:IRQ_RX_TX_TIMEOUT
1733753948s878:NOTIFY
1733753948s878:MAC rxTimeOut
1733753949s876:RX_2 on freq 869525000 Hz at DR 0
1733753950s074:IRQ_RX_TX_TIMEOUT
1733753950s074:NOTIFY
1733753950s074:MAC rxTimeOut

###### ========== MCPS-Confirm =============
###### U/L FRAME:0004 | PORT:24 | DR:4 | PWR:1 | MSG TYPE:UNCONFIRMED
1733754007s752:Airtime test started: 0
1733754007s752:MAC Tx start packet size: 18
1733754007s756:TX on freq 868500000 Hz at DR 4
1733754007s756:RADIO SEND WITH size 18
1733754007s758:SEND REQUEST
1733754007s851:NOTIFY
1733754007s851:MAC txDone
1733754008s833:RX_1 on freq 868500000 Hz at DR 4
1733754008s884:IRQ_RX_TX_TIMEOUT
1733754008s884:NOTIFY
1733754008s884:MAC rxTimeOut
1733754009s882:RX_2 on freq 869525000 Hz at DR 0
1733754010s080:IRQ_RX_TX_TIMEOUT
1733754010s080:NOTIFY
1733754010s080:MAC rxTimeOut

###### ========== MCPS-Confirm =============
###### U/L FRAME:0005 | PORT:24 | DR:4 | PWR:1 | MSG TYPE:UNCONFIRMED
1733754067s758:Airtime test started: 0
1733754067s758:MAC Tx start packet size: 18
1733754067s762:TX on freq 867300000 Hz at DR 4
1733754067s762:RADIO SEND WITH size 18
1733754067s764:SEND REQUEST
1733754067s857:NOTIFY
1733754067s857:MAC txDone
1733754068s839:RX_1 on freq 867300000 Hz at DR 4
1733754068s890:IRQ_RX_TX_TIMEOUT
1733754068s890:NOTIFY
1733754068s890:MAC rxTimeOut
1733754069s888:RX_2 on freq 869525000 Hz at DR 0
1733754070s086:IRQ_RX_TX_TIMEOUT
1733754070s086:NOTIFY
1733754070s086:MAC rxTimeOut

###### ========== MCPS-Confirm =============
###### U/L FRAME:0006 | PORT:24 | DR:4 | PWR:1 | MSG TYPE:UNCONFIRMED
1733754127s764:Airtime test started: 0
1733754127s764:MAC Tx start packet size: 18
1733754127s768:TX on freq 868100000 Hz at DR 4
1733754127s768:RADIO SEND WITH size 18
1733754127s770:SEND REQUEST
1733754127s862:NOTIFY
1733754127s862:MAC txDone
1733754128s845:RX_1 on freq 868100000 Hz at DR 4
1733754128s896:IRQ_RX_TX_TIMEOUT
1733754128s896:NOTIFY
1733754128s896:MAC rxTimeOut
1733754129s894:RX_2 on freq 869525000 Hz at DR 0
1733754130s092:IRQ_RX_TX_TIMEOUT
1733754130s092:NOTIFY
1733754130s092:MAC rxTimeOut

###### ========== MCPS-Confirm =============
###### U/L FRAME:0007 | PORT:24 | DR:4 | PWR:1 | MSG TYPE:UNCONFIRMED
1733754187s770:Airtime test started: 0
1733754187s770:MAC Tx start packet size: 18
1733754187s774:TX on freq 868500000 Hz at DR 4
1733754187s774:RADIO SEND WITH size 18
1733754187s776:SEND REQUEST
1733754187s868:NOTIFY
1733754187s868:MAC txDone
1733754188s851:RX_1 on freq 868500000 Hz at DR 4
1733754188s902:IRQ_RX_TX_TIMEOUT
1733754188s902:NOTIFY
1733754188s902:MAC rxTimeOut
1733754189s900:RX_2 on freq 869525000 Hz at DR 0
1733754190s098:IRQ_RX_TX_TIMEOUT
1733754190s098:NOTIFY
1733754190s098:MAC rxTimeOut

###### ========== MCPS-Confirm =============
###### U/L FRAME:0008 | PORT:24 | DR:4 | PWR:1 | MSG TYPE:UNCONFIRMED
1733754247s776:Airtime test started: 0
1733754247s776:MAC Tx start packet size: 18
1733754247s779:TX on freq 867700000 Hz at DR 4
1733754247s779:RADIO SEND WITH size 18
1733754247s781:SEND REQUEST
1733754247s874:NOTIFY
1733754247s874:MAC txDone
1733754248s857:RX_1 on freq 867700000 Hz at DR 4
1733754248s907:IRQ_RX_TX_TIMEOUT
1733754248s907:NOTIFY
1733754248s907:MAC rxTimeOut
1733754249s905:RX_2 on freq 869525000 Hz at DR 0
1733754250s104:IRQ_RX_TX_TIMEOUT
1733754250s104:NOTIFY
1733754250s104:MAC rxTimeOut

###### ========== MCPS-Confirm =============
###### U/L FRAME:0009 | PORT:24 | DR:4 | PWR:1 | MSG TYPE:UNCONFIRMED
1733754307s781:Airtime test started: 0
1733754307s781:MAC Tx start packet size: 18
1733754307s785:TX on freq 868100000 Hz at DR 4
1733754307s785:RADIO SEND WITH size 18
1733754307s787:SEND REQUEST
1733754307s880:NOTIFY
1733754307s880:MAC txDone
1733754308s862:RX_1 on freq 868100000 Hz at DR 4
1733754308s913:IRQ_RX_TX_TIMEOUT
1733754308s913:NOTIFY
1733754308s913:MAC rxTimeOut
1733754309s911:RX_2 on freq 869525000 Hz at DR 0
1733754310s110:IRQ_RX_TX_TIMEOUT
1733754310s110:NOTIFY
1733754310s110:MAC rxTimeOut

###### ========== MCPS-Confirm =============
###### U/L FRAME:0010 | PORT:24 | DR:4 | PWR:1 | MSG TYPE:UNCONFIRMED
1733754367s787:Airtime test started: 0
1733754367s787:MAC Tx start packet size: 18
1733754367s791:TX on freq 867500000 Hz at DR 4
1733754367s791:RADIO SEND WITH size 18
1733754367s793:SEND REQUEST
1733754367s886:NOTIFY
1733754367s886:MAC txDone
1733754368s868:RX_1 on freq 867500000 Hz at DR 4
1733754368s919:IRQ_RX_TX_TIMEOUT
1733754368s919:NOTIFY
1733754368s919:MAC rxTimeOut
1733754369s917:RX_2 on freq 869525000 Hz at DR 0
1733754370s115:IRQ_RX_TX_TIMEOUT
1733754370s115:NOTIFY
1733754370s115:MAC rxTimeOut

###### ========== MCPS-Confirm =============
###### U/L FRAME:0011 | PORT:24 | DR:4 | PWR:1 | MSG TYPE:UNCONFIRMED
1733754427s793:Airtime test started: 0
1733754427s793:MAC Tx start packet size: 18
1733754427s797:TX on freq 867700000 Hz at DR 4
1733754427s797:RADIO SEND WITH size 18
1733754427s799:SEND REQUEST
1733754427s892:NOTIFY
1733754427s892:MAC txDone
1733754428s874:RX_1 on freq 867700000 Hz at DR 4
1733754428s925:IRQ_RX_TX_TIMEOUT
1733754428s925:NOTIFY
1733754428s925:MAC rxTimeOut
1733754429s923:RX_2 on freq 869525000 Hz at DR 0
1733754430s121:IRQ_RX_TX_TIMEOUT
1733754430s121:NOTIFY
1733754430s121:MAC rxTimeOut

###### ========== MCPS-Confirm =============
###### U/L FRAME:0012 | PORT:24 | DR:4 | PWR:1 | MSG TYPE:UNCONFIRMED
1733754487s799:Airtime test started: 0
1733754487s799:MAC Tx start packet size: 18
1733754487s803:TX on freq 868500000 Hz at DR 4
1733754487s803:RADIO SEND WITH size 18
1733754487s805:SEND REQUEST
1733754487s898:NOTIFY
1733754487s898:MAC txDone
1733754488s880:RX_1 on freq 868500000 Hz at DR 4
1733754488s931:IRQ_RX_TX_TIMEOUT
1733754488s931:NOTIFY
1733754488s931:MAC rxTimeOut
1733754489s929:RX_2 on freq 869525000 Hz at DR 0
1733754490s127:IRQ_RX_TX_TIMEOUT
1733754490s127:NOTIFY
1733754490s127:MAC rxTimeOut

###### ========== MCPS-Confirm =============
###### U/L FRAME:0013 | PORT:24 | DR:4 | PWR:1 | MSG TYPE:UNCONFIRMED
1733754547s805:Airtime test started: 0
1733754547s805:MAC Tx start packet size: 18
1733754547s809:TX on freq 867100000 Hz at DR 4
1733754547s809:RADIO SEND WITH size 18
1733754547s811:SEND REQUEST
1733754547s903:NOTIFY
1733754547s903:MAC txDone
1733754548s886:RX_1 on freq 867100000 Hz at DR 4
1733754548s937:IRQ_RX_TX_TIMEOUT
1733754548s937:NOTIFY
1733754548s937:MAC rxTimeOut
1733754549s935:RX_2 on freq 869525000 Hz at DR 0
1733754550s133:IRQ_RX_TX_TIMEOUT
1733754550s133:NOTIFY
1733754550s133:MAC rxTimeOut

###### ========== MCPS-Confirm =============
###### U/L FRAME:0014 | PORT:24 | DR:4 | PWR:1 | MSG TYPE:UNCONFIRMED
1733754607s811:Airtime test started: 0
1733754607s811:MAC Tx start packet size: 18
1733754607s815:TX on freq 868300000 Hz at DR 4
1733754607s815:RADIO SEND WITH size 18
1733754607s817:SEND REQUEST
1733754607s909:NOTIFY
1733754607s909:MAC txDone
1733754608s892:RX_1 on freq 868300000 Hz at DR 4
1733754608s943:IRQ_RX_TX_TIMEOUT
1733754608s943:NOTIFY
1733754608s943:MAC rxTimeOut
1733754609s941:RX_2 on freq 869525000 Hz at DR 0
1733754610s139:IRQ_RX_TX_TIMEOUT
1733754610s139:NOTIFY
1733754610s139:MAC rxTimeOut

###### ========== MCPS-Confirm =============
###### U/L FRAME:0015 | PORT:24 | DR:4 | PWR:1 | MSG TYPE:UNCONFIRMED
1733754667s817:Airtime test started: 0
1733754667s817:MAC Tx start packet size: 18
1733754667s820:TX on freq 868500000 Hz at DR 4
1733754667s820:RADIO SEND WITH size 18
1733754667s822:SEND REQUEST
1733754667s915:NOTIFY
1733754667s915:MAC txDone
1733754668s898:RX_1 on freq 868500000 Hz at DR 4
1733754668s948:IRQ_RX_TX_TIMEOUT
1733754668s948:NOTIFY
1733754668s948:MAC rxTimeOut
1733754669s946:RX_2 on freq 869525000 Hz at DR 0
1733754670s145:IRQ_RX_TX_TIMEOUT
1733754670s145:NOTIFY
1733754670s145:MAC rxTimeOut

###### ========== MCPS-Confirm =============
###### U/L FRAME:0016 | PORT:24 | DR:4 | PWR:1 | MSG TYPE:UNCONFIRMED
1733754727s822:Airtime test started: 0
1733754727s822:MAC Tx start packet size: 18
1733754727s826:TX on freq 867700000 Hz at DR 4
1733754727s826:RADIO SEND WITH size 18
1733754727s828:SEND REQUEST
1733754727s921:NOTIFY
1733754727s921:MAC txDone
1733754728s903:RX_1 on freq 867700000 Hz at DR 4
1733754728s954:IRQ_RX_TX_TIMEOUT
1733754728s954:NOTIFY
1733754728s954:MAC rxTimeOut
1733754729s952:RX_2 on freq 869525000 Hz at DR 0
1733754730s151:IRQ_RX_TX_TIMEOUT
1733754730s151:NOTIFY
1733754730s151:MAC rxTimeOut

###### ========== MCPS-Confirm =============
###### U/L FRAME:0017 | PORT:24 | DR:4 | PWR:1 | MSG TYPE:UNCONFIRMED
1733754787s828:Airtime test started: 0
1733754787s828:MAC Tx start packet size: 18
1733754787s832:TX on freq 867900000 Hz at DR 4
1733754787s832:RADIO SEND WITH size 18
1733754787s834:SEND REQUEST
1733754787s927:NOTIFY
1733754787s927:MAC txDone
1733754788s909:RX_1 on freq 867900000 Hz at DR 4
1733754788s960:IRQ_RX_TX_TIMEOUT
1733754788s960:NOTIFY
1733754788s960:MAC rxTimeOut
1733754789s958:RX_2 on freq 869525000 Hz at DR 0
1733754790s156:IRQ_RX_TX_TIMEOUT
1733754790s156:NOTIFY
1733754790s156:MAC rxTimeOut

###### ========== MCPS-Confirm =============
###### U/L FRAME:0018 | PORT:24 | DR:4 | PWR:1 | MSG TYPE:UNCONFIRMED
1733754847s834:Airtime test started: 0
1733754847s834:MAC Tx start packet size: 18
1733754847s838:TX on freq 867500000 Hz at DR 4
1733754847s838:RADIO SEND WITH size 18
1733754847s840:SEND REQUEST
1733754847s933:NOTIFY
1733754847s933:MAC txDone
1733754848s915:RX_1 on freq 867500000 Hz at DR 4
1733754848s966:IRQ_RX_TX_TIMEOUT
1733754848s966:NOTIFY
1733754848s966:MAC rxTimeOut
1733754849s964:RX_2 on freq 869525000 Hz at DR 0
1733754850s162:IRQ_RX_TX_TIMEOUT
1733754850s162:NOTIFY
1733754850s162:MAC rxTimeOut

###### ========== MCPS-Confirm =============
###### U/L FRAME:0019 | PORT:24 | DR:4 | PWR:1 | MSG TYPE:UNCONFIRMED
1733754907s840:Airtime test started: 0
1733754907s840:MAC Tx start packet size: 18
1733754907s844:TX on freq 867700000 Hz at DR 4
1733754907s844:RADIO SEND WITH size 18
1733754907s846:SEND REQUEST
1733754907s939:NOTIFY
1733754907s939:MAC txDone
1733754908s921:RX_1 on freq 867700000 Hz at DR 4
1733754908s972:IRQ_RX_TX_TIMEOUT
1733754908s972:NOTIFY
1733754908s972:MAC rxTimeOut
1733754909s970:RX_2 on freq 869525000 Hz at DR 0
1733754910s168:IRQ_RX_TX_TIMEOUT
1733754910s168:NOTIFY
1733754910s168:MAC rxTimeOut

###### ========== MCPS-Confirm =============
###### U/L FRAME:0020 | PORT:24 | DR:4 | PWR:1 | MSG TYPE:UNCONFIRMED
1733754967s846:Airtime test started: 0
1733754967s846:MAC Tx start packet size: 18
1733754967s850:TX on freq 868500000 Hz at DR 4
1733754967s850:RADIO SEND WITH size 18
1733754967s852:SEND REQUEST
1733754967s945:NOTIFY
1733754967s945:MAC txDone
1733754968s928:RX_1 on freq 868500000 Hz at DR 4
1733754968s979:IRQ_RX_TX_TIMEOUT
1733754968s979:NOTIFY
1733754968s979:MAC rxTimeOut
1733754969s977:RX_2 on freq 869525000 Hz at DR 0
1733754970s175:IRQ_RX_TX_TIMEOUT
1733754970s175:NOTIFY
1733754970s175:MAC rxTimeOut

###### ========== MCPS-Confirm =============
###### U/L FRAME:0021 | PORT:24 | DR:4 | PWR:1 | MSG TYPE:UNCONFIRMED
1733755027s852:Airtime test started: 0
1733755027s852:MAC Tx start packet size: 18
1733755027s856:TX on freq 867100000 Hz at DR 4
1733755027s856:RADIO SEND WITH size 18
1733755027s858:SEND REQUEST
1733755027s950:NOTIFY
1733755027s950:MAC txDone
1733755028s933:RX_1 on freq 867100000 Hz at DR 4
1733755029s116:MAC rxNotify
1733755029s116:NOTIFY
1733755029s116:MAC rxDone

###### ========== MCPS-Confirm =============
###### U/L FRAME:0022 | PORT:24 | DR:4 | PWR:1 | MSG TYPE:UNCONFIRMED
1733755029s119:value of rxport: 200
1733755029s119:MULTICAST CLASS C SETUP 2
###### D/L FRAME:0001 | PORT:200 | DR:4 | SLOT:1 | RSSI:-15 | SNR:13
1733755029s129:MAC Tx start packet size: 15
1733755029s133:TX on freq 868300000 Hz at DR 4
1733755029s134:RADIO SEND WITH size 15
ID          : 0
McAddr      : BA65ADD7
McKey       : 4D-99-E0-65-33-3D-05-6C-F5-C4-AE-A2-96-9E-E5-E1
McFCountMin : 0
McFCountMax : 4294967295
SessionTime : 0
SessionTimeT: 1 s
Rx Freq     : 0
Rx DR       : DR_0
1733755029s228:NOTIFY
1733755029s228:MAC txDone
1733755030s210:RX_1 on freq 868300000 Hz at DR 4
1733755030s343:MAC rxNotify
1733755030s343:NOTIFY
1733755030s343:MAC rxDone

###### ========== MCPS-Confirm =============
###### U/L FRAME:0023 | PORT:200 | DR:4 | PWR:1 | MSG TYPE:UNCONFIRMED
1733755030s345:value of rxport: 201
###### D/L FRAME:0002 | PORT:201 | DR:4 | SLOT:1 | RSSI:-15 | SNR:14
1733755030s346:#####################FRAGDECODER INIT
1733755034s227:MAC Tx start packet size: 15
1733755034s231:TX on freq 868500000 Hz at DR 4
1733755034s231:RADIO SEND WITH size 15
1733755034s325:NOTIFY
1733755034s325:MAC txDone
1733755035s308:RX_1 on freq 868500000 Hz at DR 4
1733755035s440:MAC rxNotify
1733755035s440:NOTIFY
1733755035s440:MAC rxDone

###### ========== MCPS-Confirm =============
###### U/L FRAME:0024 | PORT:201 | DR:4 | PWR:1 | MSG TYPE:UNCONFIRMED
1733755035s443:value of rxport: 200
1733755035s444:MULTICAST CLASS C SETUP 4
###### D/L FRAME:0003 | PORT:200 | DR:4 | SLOT:1 | RSSI:-15 | SNR:13
Time2SessionStart: 245000 ms
1733755035s444:MAC Tx start packet size: 18
1733755035s447:TX on freq 867700000 Hz at DR 4
1733755035s448:RADIO SEND WITH size 18
ID          : 0
McAddr      : BA65ADD7
McKey       : 4D-99-E0-65-33-3D-05-6C-F5-C4-AE-A2-96-9E-E5-E1
McFCountMin : 0
McFCountMax : 4294967295
SessionTime : 1733755280
SessionTimeT: 2048 s
Rx Freq     : 869525000
Rx DR       : DR_4
1733755035s542:NOTIFY
1733755035s542:MAC txDone
1733755036s525:RX_1 on freq 867700000 Hz at DR 4
1733755036s575:IRQ_RX_TX_TIMEOUT
1733755036s575:NOTIFY
1733755036s575:MAC rxTimeOut
1733755037s573:RX_2 on freq 869525000 Hz at DR 0
1733755037s772:IRQ_RX_TX_TIMEOUT
1733755037s772:NOTIFY
1733755037s772:MAC rxTimeOut

###### ========== MCPS-Confirm =============
###### U/L FRAME:0025 | PORT:200 | DR:4 | PWR:1 | MSG TYPE:UNCONFIRMED
1733755280s444:[SWITCHCLASS class C]
1733755280s458:RX_C on freq 869525000 Hz at DR 4
1733755280s460:#############OPENED CONTINUOUS RX C WINDOW
Switch to Class C done
1733755336s523:MAC rxNotify
1733755336s523:NOTIFY
1733755336s523:MAC rxDone
1733755336s529:RXSLOT
1733755336s529:value of rxport: 201
###### D/L FRAME:0000 | PORT:201 | DR:4 | SLOT:C_MC | RSSI:-9 | SNR:14
1733755336s530:#####################FRAGDECODER PROCESS

.... FRAG_DECODER in Progress ....
EXPECTED   : 010 Fragments (02190 Bytes)
RECEIVED   : 001 Fragments
             00219 Bytes
LOST       : 000 Fragments

1733755336s534:RX_C on freq 869525000 Hz at DR 4
1733755336s535:#############OPENED CONTINUOUS RX C WINDOW
1733755344s602:MAC rxNotify
1733755344s602:NOTIFY
1733755344s602:MAC rxDone
1733755344s609:RXSLOT
1733755344s609:value of rxport: 201
###### D/L FRAME:0001 | PORT:201 | DR:4 | SLOT:C_MC | RSSI:-7 | SNR:14
1733755344s610:#####################FRAGDECODER PROCESS

.... FRAG_DECODER in Progress ....
EXPECTED   : 010 Fragments (02190 Bytes)
RECEIVED   : 002 Fragments
             00438 Bytes
LOST       : 000 Fragments

1733755344s613:RX_C on freq 869525000 Hz at DR 4
1733755344s614:#############OPENED CONTINUOUS RX C WINDOW
1733755351s633:MAC rxNotify
1733755351s633:NOTIFY
1733755351s633:MAC rxDone
1733755351s641:RXSLOT
1733755351s641:value of rxport: 201
###### D/L FRAME:0002 | PORT:201 | DR:4 | SLOT:C_MC | RSSI:-8 | SNR:14
1733755351s642:#####################FRAGDECODER PROCESS

.... FRAG_DECODER in Progress ....
EXPECTED   : 010 Fragments (02190 Bytes)
RECEIVED   : 003 Fragments
             00657 Bytes
LOST       : 000 Fragments

1733755351s646:RX_C on freq 869525000 Hz at DR 4
1733755351s647:#############OPENED CONTINUOUS RX C WINDOW
1733755359s648:MAC rxNotify
1733755359s648:NOTIFY
1733755359s648:MAC rxDone
1733755359s654:RXSLOT
1733755359s654:value of rxport: 201
###### D/L FRAME:0003 | PORT:201 | DR:4 | SLOT:C_MC | RSSI:-8 | SNR:13
1733755359s655:#####################FRAGDECODER PROCESS

.... FRAG_DECODER in Progress ....
EXPECTED   : 010 Fragments (02190 Bytes)
RECEIVED   : 004 Fragments
             00876 Bytes
LOST       : 000 Fragments

1733755359s659:RX_C on freq 869525000 Hz at DR 4
1733755359s660:#############OPENED CONTINUOUS RX C WINDOW
1733755366s672:MAC rxNotify
1733755366s672:NOTIFY
1733755366s672:MAC rxDone
1733755366s679:RXSLOT
1733755366s679:value of rxport: 201
###### D/L FRAME:0004 | PORT:201 | DR:4 | SLOT:C_MC | RSSI:-8 | SNR:13
1733755366s680:#####################FRAGDECODER PROCESS

.... FRAG_DECODER in Progress ....
EXPECTED   : 010 Fragments (02190 Bytes)
RECEIVED   : 005 Fragments
             01095 Bytes
LOST       : 000 Fragments

1733755366s684:RX_C on freq 869525000 Hz at DR 4
1733755366s685:#############OPENED CONTINUOUS RX C WINDOW
1733755374s705:MAC rxNotify
1733755374s706:NOTIFY
1733755374s706:MAC rxDone
1733755374s713:RXSLOT
1733755374s713:value of rxport: 201
###### D/L FRAME:0005 | PORT:201 | DR:4 | SLOT:C_MC | RSSI:-8 | SNR:13
1733755374s714:#####################FRAGDECODER PROCESS

.... FRAG_DECODER in Progress ....
EXPECTED   : 010 Fragments (02190 Bytes)
RECEIVED   : 006 Fragments
             01314 Bytes
LOST       : 000 Fragments

1733755374s718:RX_C on freq 869525000 Hz at DR 4
1733755374s719:#############OPENED CONTINUOUS RX C WINDOW
1733755381s724:MAC rxNotify
1733755381s724:NOTIFY
1733755381s724:MAC rxDone
1733755381s731:RXSLOT
1733755381s731:value of rxport: 201
###### D/L FRAME:0006 | PORT:201 | DR:4 | SLOT:C_MC | RSSI:-8 | SNR:13
1733755381s732:#####################FRAGDECODER PROCESS

.... FRAG_DECODER in Progress ....
EXPECTED   : 010 Fragments (02190 Bytes)
RECEIVED   : 007 Fragments
             01533 Bytes
LOST       : 000 Fragments

1733755381s736:RX_C on freq 869525000 Hz at DR 4
1733755381s737:#############OPENED CONTINUOUS RX C WINDOW
1733755388s746:MAC rxNotify
1733755388s746:NOTIFY
1733755388s746:MAC rxDone
1733755388s753:RXSLOT
1733755388s753:value of rxport: 201
###### D/L FRAME:0007 | PORT:201 | DR:4 | SLOT:C_MC | RSSI:-8 | SNR:13
1733755388s754:#####################FRAGDECODER PROCESS

.... FRAG_DECODER in Progress ....
EXPECTED   : 010 Fragments (02190 Bytes)
RECEIVED   : 008 Fragments
             01752 Bytes
LOST       : 000 Fragments

1733755388s758:RX_C on freq 869525000 Hz at DR 4
1733755388s759:#############OPENED CONTINUOUS RX C WINDOW
1733755396s779:MAC rxNotify
1733755396s779:NOTIFY
1733755396s779:MAC rxDone
1733755396s786:RXSLOT
1733755396s786:value of rxport: 201
###### D/L FRAME:0008 | PORT:201 | DR:4 | SLOT:C_MC | RSSI:-10 | SNR:15
1733755396s787:#####################FRAGDECODER PROCESS

.... FRAG_DECODER in Progress ....
EXPECTED   : 010 Fragments (02190 Bytes)
RECEIVED   : 009 Fragments
             01971 Bytes
LOST       : 000 Fragments

1733755396s791:RX_C on freq 869525000 Hz at DR 4
1733755396s792:#############OPENED CONTINUOUS RX C WINDOW
1733755403s815:MAC rxNotify
1733755403s815:NOTIFY
1733755403s815:MAC rxDone
1733755403s821:RXSLOT
1733755403s821:value of rxport: 201
###### D/L FRAME:0009 | PORT:201 | DR:4 | SLOT:C_MC | RSSI:-8 | SNR:13
1733755403s822:#####################FRAGDECODER PROCESS

.... FRAG_DECODER in Progress ....
EXPECTED   : 010 Fragments (02190 Bytes)
RECEIVED   : 010 Fragments
             02190 Bytes
LOST       : 000 Fragments


.... FRAG_DECODER Finished ....
STATUS     : 0
1733755403s822:ALL FRAGMENTS RECEIVED

= [SBOOT] System Security Check successfully passed. Starting...


======================================================================
=              (C) COPYRIGHT 2017 STMicroelectronics                 =
=                                                                    =
=              Secure Boot and Secure Firmware Update                =
======================================================================


= [SBOOT] SECURE ENGINE INITIALIZATION SUCCESSFUL
= [SBOOT] STATE: CHECK STATUS ON RESET
	  INFO: A Reboot has been triggered by a Software reset!
= [SBOOT] STATE: CHECK NEW FIRMWARE TO DOWNLOAD
= [SBOOT] STATE: CHECK KMS BLOB TO INSTALL
= [SBOOT] STATE: CHECK USER FW STATUS
	  A FW is detected in the slot SLOT_ACTIVE_1
= [SBOOT] STATE: VERIFY USER FW SIGNATURE
= [SBOOT] STATE: EXECUTE USER FIRMWAREAPPLICATION_VERSION: V1.3.0
MW_LORAWAN_VERSION:  V2.5.0
MW_RADIO_VERSION:    V1.3.0
L2_SPEC_VERSION:     V1.0.4
RP_SPEC_VERSION:     V2-1.0.1
###### AppKey:      2B:7E:15:16:28:AE:D2:A6:AB:F7:15:88:09:CF:4F:3C
###### NwkKey:      2B:7E:15:16:28:AE:D2:A6:AB:F7:15:88:09:CF:4F:3C
###### AppSKey:     A0:ED:A5:A9:5C:FA:D9:AA:4B:C7:20:E4:3C:9B:44:8E
###### NwkSKey:     87:06:7D:DF:88:03:8E:F7:68:6E:4E:A5:2B:6E:84:D1
###### DevEUI:      00:80:E1:15:00:0A:D5:68
###### AppEUI:      01:01:01:01:01:01:01:01
###### DevAddr:     00:0A:D5:68
###### KMS ENABLED