
= [SBOOT] System Security Check successfully passed. Starting...


======================================================================
=              (C) COPYRIGHT 2017 STMicroelectronics                 =
=                                                                    =
=              Secure Boot and Secure Firmware Update                =
======================================================================


= [SBOOT] SECURE ENGINE INITIALIZATION SUCCESSFUL
= [SBOOT] STATE: CHECK STATUS ON RESET
	  INFO: A Reboot has been triggered by a Hardware reset!
= [SBOOT] STATE: CHECK NEW FIRMWARE TO DOWNLOAD
= [SBOOT] STATE: CHECK KMS BLOB TO INSTALL
= [SBOOT] STATE: CHECK USER FW STATUS
	  A FW is detected in the slot SLOT_ACTIVE_1
= [SBOOT] STATE: VERIFY USER FW SIGNATURE
= [SBOOT] STATE: EXECUTE USER FIRMWAREAPPLICATION_VERSION: V1.3.0
MW_LORAWAN_VERSION:  V2.5.0
MW_RADIO_VERSION:    V1.3.0
L2_SPEC_VERSION:     V1.0.4
RP_SPEC_VERSION:     V2-1.0.1
NVM DATA RESTORED
###### AppKey:      2B:7E:15:16:28:AE:D2:A6:AB:F7:15:88:09:CF:4F:3C
###### NwkKey:      2B:7E:15:16:28:AE:D2:A6:AB:F7:15:88:09:CF:4F:3C
###### AppSKey:     19:DB:2D:3F:DD:F5:FF:B4:51:E9:BF:B6:24:C5:15:09
###### NwkSKey:     4D:22:83:13:3D:07:F4:F9:6B:3A:1F:0F:3C:F4:76:46
###### DevEUI:      00:80:E1:15:05:AB:D0:6C
###### AppEUI:      01:01:01:01:01:01:01:01
###### DevAddr:     05:AB:D0:6C
###### KMS ENABLED

###### = JOINED = OTAA =====================
[31mNetwork joined, choose app to execute:
BTN1: TxTimer send uplink every 10 sec
BTN2: Airtime test
[0m
###### U/L FRAME:JOIN | DR:5 | PWR:1
###### MCRootKey:   7D:F7:6B:0C:1A:B8:99:B3:3E:42:F0:47:B9:1B:54:6F
###### MCKEKey:     8C:B8:66:5E:0C:0E:0B:64:5B:2E:D9:E4:8A:19:27:7C
###### AppSKey:     5B:CE:A4:1C:BF:80:40:5C:7E:EB:BF:2D:FE:C5:65:E8
###### NwkSKey:     5C:A7:14:16:C3:3F:D9:6D:46:B5:F6:78:CB:D5:39:43
###### DBIntKey:    7A:C4:7C:65:FE:25:9B:B6:54:BD:26:35:19:F8:9C:8E
###### DevEUI:      00:80:E1:15:05:AB:D0:6C
###### AppEUI:      01:01:01:01:01:01:01:01
###### DevAddr:     01:9F:6C:1A
###### ========== MCPS-Confirm =============
###### U/L FRAME:0001 | PORT:24 | DR:5 | PWR:1 | MSG TYPE:UNCONFIRMED
1731772771s738:value of rxport: 0
###### D/L FRAME:0000 | PORT:0 | DR:5 | SLOT:1 | RSSI:-8 | SNR:15
1731772830s631:Airtime test started: 0
1731772830s631:MAC Tx start packet size: 21
1731772830s635:TX on freq 867900000 Hz at DR 5
1731772830s635:RADIO SEND WITH size 21
1731772830s637:SEND REQUEST
1731772830s694:NOTIFY
1731772830s694:MAC txDone
1731772831s674:RX_1 on freq 867900000 Hz at DR 5
1731772831s721:IRQ_RX_TX_TIMEOUT
1731772831s721:NOTIFY
1731772831s721:MAC rxTimeOut
1731772832s725:RX_2 on freq 869525000 Hz at DR 0
1731772832s923:IRQ_RX_TX_TIMEOUT
1731772832s923:NOTIFY
1731772832s923:MAC rxTimeOut

###### ========== MCPS-Confirm =============
###### U/L FRAME:0002 | PORT:24 | DR:5 | PWR:1 | MSG TYPE:UNCONFIRMED
1731772890s637:Airtime test started: 0
1731772890s637:MAC Tx start packet size: 18
1731772890s641:TX on freq 867900000 Hz at DR 5
1731772890s641:RADIO SEND WITH size 18
1731772890s643:SEND REQUEST
1731772890s695:NOTIFY
1731772890s695:MAC txDone
1731772891s675:RX_1 on freq 867900000 Hz at DR 5
1731772891s722:IRQ_RX_TX_TIMEOUT
1731772891s722:NOTIFY
1731772891s722:MAC rxTimeOut
1731772892s726:RX_2 on freq 869525000 Hz at DR 0
1731772892s924:IRQ_RX_TX_TIMEOUT
1731772892s924:NOTIFY
1731772892s924:MAC rxTimeOut

###### ========== MCPS-Confirm =============
###### U/L FRAME:0003 | PORT:24 | DR:5 | PWR:1 | MSG TYPE:UNCONFIRMED
1731772950s643:Airtime test started: 0
1731772950s643:MAC Tx start packet size: 18
1731772950s647:TX on freq 867300000 Hz at DR 5
1731772950s647:RADIO SEND WITH size 18
1731772950s649:SEND REQUEST
1731772950s701:NOTIFY
1731772950s701:MAC txDone
1731772951s681:RX_1 on freq 867300000 Hz at DR 5
1731772954s682:NOTIFY
1731772954s682:MAC rxTimeOut

###### ========== MCPS-Confirm =============
###### U/L FRAME:0004 | PORT:24 | DR:5 | PWR:1 | MSG TYPE:UNCONFIRMED
1731773010s649:Airtime test started: 0
1731773010s649:MAC Tx start packet size: 18
1731773010s653:TX on freq 867700000 Hz at DR 5
1731773010s653:RADIO SEND WITH size 18
1731773010s655:SEND REQUEST
1731773010s707:NOTIFY
1731773010s707:MAC txDone
1731773011s687:RX_1 on freq 867700000 Hz at DR 5
1731773011s734:IRQ_RX_TX_TIMEOUT
1731773011s734:NOTIFY
1731773011s734:MAC rxTimeOut
1731773012s738:RX_2 on freq 869525000 Hz at DR 0
1731773012s936:IRQ_RX_TX_TIMEOUT
1731773012s936:NOTIFY
1731773012s936:MAC rxTimeOut

###### ========== MCPS-Confirm =============
###### U/L FRAME:0005 | PORT:24 | DR:5 | PWR:1 | MSG TYPE:UNCONFIRMED
1731773070s655:Airtime test started: 0
1731773070s655:MAC Tx start packet size: 18
1731773070s659:TX on freq 868500000 Hz at DR 5
1731773070s659:RADIO SEND WITH size 18
1731773070s661:SEND REQUEST
1731773070s713:NOTIFY
1731773070s713:MAC txDone
1731773071s694:RX_1 on freq 868500000 Hz at DR 5
1731773071s741:IRQ_RX_TX_TIMEOUT
1731773071s741:NOTIFY
1731773071s741:MAC rxTimeOut
1731773072s745:RX_2 on freq 869525000 Hz at DR 0
1731773072s943:IRQ_RX_TX_TIMEOUT
1731773072s943:NOTIFY
1731773072s943:MAC rxTimeOut

###### ========== MCPS-Confirm =============
###### U/L FRAME:0006 | PORT:24 | DR:5 | PWR:1 | MSG TYPE:UNCONFIRMED
1731773130s661:Airtime test started: 0
1731773130s661:MAC Tx start packet size: 18
1731773130s665:TX on freq 867300000 Hz at DR 5
1731773130s665:RADIO SEND WITH size 18
1731773130s667:SEND REQUEST
1731773130s718:NOTIFY
1731773130s718:MAC txDone
1731773131s699:RX_1 on freq 867300000 Hz at DR 5
1731773131s806:MAC rxNotify
1731773131s806:NOTIFY
1731773131s806:MAC rxDone

###### ========== MCPS-Confirm =============
###### U/L FRAME:0007 | PORT:24 | DR:5 | PWR:1 | MSG TYPE:UNCONFIRMED
1731773131s809:value of rxport: 200
1731773131s809:MULTICAST CLASS C SETUP 2
###### D/L FRAME:0001 | PORT:200 | DR:5 | SLOT:1 | RSSI:-8 | SNR:14
1731773131s819:MAC Tx start packet size: 15
1731773131s823:TX on freq 868300000 Hz at DR 5
1731773131s824:RADIO SEND WITH size 15
ID          : 0
McAddr      : 2CD28F51
McKey       : 5C-74-36-D4-60-88-BF-D8-B7-C0-44-08-E3-09-66-44
McFCountMin : 0
McFCountMax : 4294967295
SessionTime : 0
SessionTimeT: 1 s
Rx Freq     : 0
Rx DR       : DR_0
1731773131s872:NOTIFY
1731773131s872:MAC txDone
1731773132s852:RX_1 on freq 868300000 Hz at DR 5
1731773132s934:MAC rxNotify
1731773132s934:NOTIFY
1731773132s934:MAC rxDone

###### ========== MCPS-Confirm =============
###### U/L FRAME:0008 | PORT:200 | DR:5 | PWR:1 | MSG TYPE:UNCONFIRMED
1731773132s936:value of rxport: 201
###### D/L FRAME:0002 | PORT:201 | DR:5 | SLOT:1 | RSSI:-8 | SNR:16
1731773132s937:#####################FRAGDECODER INIT
1731773136s819:MAC Tx start packet size: 15
1731773136s823:TX on freq 868500000 Hz at DR 5
1731773136s823:RADIO SEND WITH size 15
1731773136s871:NOTIFY
1731773136s871:MAC txDone
1731773137s851:RX_1 on freq 868500000 Hz at DR 5
1731773137s933:MAC rxNotify
1731773137s933:NOTIFY
1731773137s933:MAC rxDone

###### ========== MCPS-Confirm =============
###### U/L FRAME:0009 | PORT:201 | DR:5 | PWR:1 | MSG TYPE:UNCONFIRMED
1731773137s936:value of rxport: 200
1731773137s937:MULTICAST CLASS C SETUP 4
###### D/L FRAME:0003 | PORT:200 | DR:5 | SLOT:1 | RSSI:-8 | SNR:15
Time2SessionStart: 300000 ms
1731773137s937:MAC Tx start packet size: 18
1731773137s941:TX on freq 867900000 Hz at DR 5
1731773137s942:RADIO SEND WITH size 18
ID          : 0
McAddr      : 2CD28F51
McKey       : 5C-74-36-D4-60-88-BF-D8-B7-C0-44-08-E3-09-66-44
McFCountMin : 0
McFCountMax : 4294967295
SessionTime : 1731773437
SessionTimeT: 4096 s
Rx Freq     : 869525000
Rx DR       : DR_5
1731773137s995:NOTIFY
1731773137s995:MAC txDone
1731773138s975:RX_1 on freq 867900000 Hz at DR 5
1731773139s022:IRQ_RX_TX_TIMEOUT
1731773139s022:NOTIFY
1731773139s022:MAC rxTimeOut
1731773140s026:RX_2 on freq 869525000 Hz at DR 0
1731773140s224:IRQ_RX_TX_TIMEOUT
1731773140s224:NOTIFY
1731773140s224:MAC rxTimeOut

###### ========== MCPS-Confirm =============
###### U/L FRAME:0010 | PORT:200 | DR:5 | PWR:1 | MSG TYPE:UNCONFIRMED
1731773437s937:[SWITCHCLASS class C]
1731773437s952:RX_C on freq 869525000 Hz at DR 5
1731773437s954:#############OPENED CONTINUOUS RX C WINDOW
Switch to Class C done
1731773439s603:MAC rxNotify
1731773439s603:NOTIFY
1731773439s603:MAC rxDone
1731773439s611:RXSLOT
1731773439s611:value of rxport: 201
###### D/L FRAME:0000 | PORT:201 | DR:5 | SLOT:C_MC | RSSI:-4 | SNR:14
1731773439s611:#####################FRAGDECODER PROCESS

.... FRAG_DECODER in Progress ....
EXPECTED   : 009 Fragments (02070 Bytes)
RECEIVED   : 001 Fragments
             00230 Bytes
LOST       : 000 Fragments

1731773439s615:RX_C on freq 869525000 Hz at DR 5
1731773439s617:#############OPENED CONTINUOUS RX C WINDOW
1731773443s619:MAC rxNotify
1731773443s619:NOTIFY
1731773443s620:MAC rxDone
1731773443s628:RXSLOT
1731773443s628:value of rxport: 201
###### D/L FRAME:0001 | PORT:201 | DR:5 | SLOT:C_MC | RSSI:-4 | SNR:15
1731773443s628:#####################FRAGDECODER PROCESS

.... FRAG_DECODER in Progress ....
EXPECTED   : 009 Fragments (02070 Bytes)
RECEIVED   : 002 Fragments
             00460 Bytes
LOST       : 000 Fragments

1731773443s631:RX_C on freq 869525000 Hz at DR 5
1731773443s633:#############OPENED CONTINUOUS RX C WINDOW
1731773448s641:MAC rxNotify
1731773448s641:NOTIFY
1731773448s641:MAC rxDone
1731773448s649:RXSLOT
1731773448s649:value of rxport: 201
###### D/L FRAME:0002 | PORT:201 | DR:5 | SLOT:C_MC | RSSI:-5 | SNR:14
1731773448s649:#####################FRAGDECODER PROCESS

.... FRAG_DECODER in Progress ....
EXPECTED   : 009 Fragments (02070 Bytes)
RECEIVED   : 003 Fragments
             00690 Bytes
LOST       : 000 Fragments

1731773448s653:RX_C on freq 869525000 Hz at DR 5
1731773448s655:#############OPENED CONTINUOUS RX C WINDOW
1731773452s659:MAC rxNotify
1731773452s659:NOTIFY
1731773452s659:MAC rxDone
1731773452s668:RXSLOT
1731773452s668:value of rxport: 201
###### D/L FRAME:0003 | PORT:201 | DR:5 | SLOT:C_MC | RSSI:-4 | SNR:14
1731773452s668:#####################FRAGDECODER PROCESS

.... FRAG_DECODER in Progress ....
EXPECTED   : 009 Fragments (02070 Bytes)
RECEIVED   : 004 Fragments
             00920 Bytes
LOST       : 000 Fragments

1731773452s671:RX_C on freq 869525000 Hz at DR 5
1731773452s673:#############OPENED CONTINUOUS RX C WINDOW
1731773457s678:MAC rxNotify
1731773457s678:NOTIFY
1731773457s678:MAC rxDone
1731773457s686:RXSLOT
1731773457s686:value of rxport: 201
###### D/L FRAME:0004 | PORT:201 | DR:5 | SLOT:C_MC | RSSI:-5 | SNR:14
1731773457s686:#####################FRAGDECODER PROCESS

.... FRAG_DECODER in Progress ....
EXPECTED   : 009 Fragments (02070 Bytes)
RECEIVED   : 005 Fragments
             01150 Bytes
LOST       : 000 Fragments

1731773457s690:RX_C on freq 869525000 Hz at DR 5
1731773457s692:#############OPENED CONTINUOUS RX C WINDOW
1731773462s701:MAC rxNotify
1731773462s701:NOTIFY
1731773462s701:MAC rxDone
1731773462s710:RXSLOT
1731773462s710:value of rxport: 201
###### D/L FRAME:0005 | PORT:201 | DR:5 | SLOT:C_MC | RSSI:-5 | SNR:14
1731773462s710:#####################FRAGDECODER PROCESS

.... FRAG_DECODER in Progress ....
EXPECTED   : 009 Fragments (02070 Bytes)
RECEIVED   : 006 Fragments
             01380 Bytes
LOST       : 000 Fragments

1731773462s713:RX_C on freq 869525000 Hz at DR 5
1731773462s715:#############OPENED CONTINUOUS RX C WINDOW
1731773466s729:MAC rxNotify
1731773466s729:NOTIFY
1731773466s730:MAC rxDone
1731773466s738:RXSLOT
1731773466s738:value of rxport: 201
###### D/L FRAME:0006 | PORT:201 | DR:5 | SLOT:C_MC | RSSI:-5 | SNR:15
1731773466s738:#####################FRAGDECODER PROCESS

.... FRAG_DECODER in Progress ....
EXPECTED   : 009 Fragments (02070 Bytes)
RECEIVED   : 007 Fragments
             01610 Bytes
LOST       : 000 Fragments

1731773466s742:RX_C on freq 869525000 Hz at DR 5
1731773466s744:#############OPENED CONTINUOUS RX C WINDOW
1731773471s756:MAC rxNotify
1731773471s756:NOTIFY
1731773471s756:MAC rxDone
1731773471s764:RXSLOT
1731773471s764:value of rxport: 201
###### D/L FRAME:0007 | PORT:201 | DR:5 | SLOT:C_MC | RSSI:-5 | SNR:15
1731773471s764:#####################FRAGDECODER PROCESS

.... FRAG_DECODER in Progress ....
EXPECTED   : 009 Fragments (02070 Bytes)
RECEIVED   : 008 Fragments
             01840 Bytes
LOST       : 000 Fragments

1731773471s768:RX_C on freq 869525000 Hz at DR 5
1731773471s770:#############OPENED CONTINUOUS RX C WINDOW
1731773476s774:MAC rxNotify
1731773476s774:NOTIFY
1731773476s774:MAC rxDone
1731773476s782:RXSLOT
1731773476s782:value of rxport: 201
###### D/L FRAME:0008 | PORT:201 | DR:5 | SLOT:C_MC | RSSI:-5 | SNR:14
1731773476s782:#####################FRAGDECODER PROCESS

.... FRAG_DECODER in Progress ....
EXPECTED   : 009 Fragments (02070 Bytes)
RECEIVED   : 009 Fragments
             02070 Bytes
LOST       : 000 Fragments


.... FRAG_DECODER Finished ....
STATUS     : 0
1731773476s782:ALL FRAGMENTS RECEIVED

= [SBOOT] System Security Check successfully passed. Starting...


======================================================================
=              (C) COPYRIGHT 2017 STMicroelectronics                 =
=                                                                    =
=              Secure Boot and Secure Firmware Update                =
======================================================================


= [SBOOT] SECURE ENGINE INITIALIZATION SUCCESSFUL
= [SBOOT] STATE: CHECK STATUS ON RESET
	  INFO: A Reboot has been triggered by a Software reset!
= [SBOOT] STATE: CHECK NEW FIRMWARE TO DOWNLOAD
= [SBOOT] STATE: CHECK KMS BLOB TO INSTALL
= [SBOOT] STATE: CHECK USER FW STATUS
	  A FW is detected in the slot SLOT_ACTIVE_1
= [SBOOT] STATE: VERIFY USER FW SIGNATURE
= [SBOOT] STATE: EXECUTE USER FIRMWAREAPPLICATION_VERSION: V1.3.0
MW_LORAWAN_VERSION:  V2.5.0
MW_RADIO_VERSION:    V1.3.0
L2_SPEC_VERSION:     V1.0.4
RP_SPEC_VERSION:     V2-1.0.1
NVM DATA RESTORED
###### AppKey:      2B:7E:15:16:28:AE:D2:A6:AB:F7:15:88:09:CF:4F:3C
###### NwkKey:      2B:7E:15:16:28:AE:D2:A6:AB:F7:15:88:09:CF:4F:3C
###### AppSKey:     5B:CE:A4:1C:BF:80:40:5C:7E:EB:BF:2D:FE:C5:65:E8
###### NwkSKey:     5C:A7:14:16:C3:3F:D9:6D:46:B5:F6:78:CB:D5:39:43
###### DevEUI:      00:80:E1:15:05:AB:D0:6C
###### AppEUI:      01:01:01:01:01:01:01:01
###### DevAddr:     05:AB:D0:6C
###### KMS ENABLED