

###### = JOINED = OTAA =====================
[31mNetwork joined, choose app to execute:
BTN1: TxTimer send uplink every 10 sec
BTN2: Airtime test
[0m
###### U/L FRAME:JOIN | DR:3 | PWR:1
###### MCRootKey:   7D:F7:6B:0C:1A:B8:99:B3:3E:42:F0:47:B9:1B:54:6F
###### MCKEKey:     8C:B8:66:5E:0C:0E:0B:64:5B:2E:D9:E4:8A:19:27:7C
###### AppSKey:     D8:6C:6A:6A:4F:33:64:EA:23:ED:BE:F7:00:C2:AC:58
###### NwkSKey:     6D:65:03:5B:69:12:4A:A5:67:65:E9:D5:CB:E9:3F:1B
###### DBIntKey:    7A:C4:7C:65:FE:25:9B:B6:54:BD:26:35:19:F8:9C:8E
###### DevEUI:      00:80:E1:15:05:AB:CF:19
###### AppEUI:      01:01:01:01:01:01:01:01
###### DevAddr:     00:3B:AF:CA
[32mStart tx timer regular[0m

###### ========== MCPS-Confirm =============
###### U/L FRAME:0001 | PORT:24 | DR:3 | PWR:1 | MSG TYPE:UNCONFIRMED
1731767716s369:value of rxport: 0
###### D/L FRAME:0000 | PORT:0 | DR:3 | SLOT:1 | RSSI:-18 | SNR:12
1731767774s993:Airtime test started: 0
1731767774s993:MAC Tx start packet size: 21
1731767774s997:TX on freq 867300000 Hz at DR 3
1731767774s997:RADIO SEND WITH size 21
1731767774s999:SEND REQUEST
1731767775s185:NOTIFY
1731767775s185:MAC txDone
1731767776s172:RX_1 on freq 867300000 Hz at DR 3
1731767776s230:IRQ_RX_TX_TIMEOUT
1731767776s231:NOTIFY
1731767776s231:MAC rxTimeOut
1731767777s217:RX_2 on freq 869525000 Hz at DR 0
1731767777s415:IRQ_RX_TX_TIMEOUT
1731767777s415:NOTIFY
1731767777s415:MAC rxTimeOut

###### ========== MCPS-Confirm =============
###### U/L FRAME:0002 | PORT:24 | DR:3 | PWR:1 | MSG TYPE:UNCONFIRMED
1731767834s999:Airtime test started: 0
1731767834s999:MAC Tx start packet size: 18
1731767835s003:TX on freq 868300000 Hz at DR 3
1731767835s003:RADIO SEND WITH size 18
1731767835s005:SEND REQUEST
1731767835s190:NOTIFY
1731767835s190:MAC txDone
1731767836s177:RX_1 on freq 868300000 Hz at DR 3
1731767836s235:IRQ_RX_TX_TIMEOUT
1731767836s236:NOTIFY
1731767836s236:MAC rxTimeOut
1731767837s222:RX_2 on freq 869525000 Hz at DR 0
1731767837s420:IRQ_RX_TX_TIMEOUT
1731767837s420:NOTIFY
1731767837s420:MAC rxTimeOut

###### ========== MCPS-Confirm =============
###### U/L FRAME:0003 | PORT:24 | DR:3 | PWR:1 | MSG TYPE:UNCONFIRMED
1731767895s005:Airtime test started: 0
1731767895s005:MAC Tx start packet size: 18
1731767895s009:TX on freq 868500000 Hz at DR 3
1731767895s009:RADIO SEND WITH size 18
1731767895s011:SEND REQUEST
1731767895s196:NOTIFY
1731767895s196:MAC txDone
1731767896s183:RX_1 on freq 868500000 Hz at DR 3
1731767896s241:IRQ_RX_TX_TIMEOUT
1731767896s242:NOTIFY
1731767896s242:MAC rxTimeOut
1731767897s228:RX_2 on freq 869525000 Hz at DR 0
1731767897s426:IRQ_RX_TX_TIMEOUT
1731767897s426:NOTIFY
1731767897s426:MAC rxTimeOut

###### ========== MCPS-Confirm =============
###### U/L FRAME:0004 | PORT:24 | DR:3 | PWR:1 | MSG TYPE:UNCONFIRMED
1731767955s011:Airtime test started: 0
1731767955s011:MAC Tx start packet size: 18
1731767955s015:TX on freq 867900000 Hz at DR 3
1731767955s015:RADIO SEND WITH size 18
1731767955s017:SEND REQUEST
1731767955s202:NOTIFY
1731767955s202:MAC txDone
1731767956s188:RX_1 on freq 867900000 Hz at DR 3
1731767956s247:IRQ_RX_TX_TIMEOUT
1731767956s248:NOTIFY
1731767956s248:MAC rxTimeOut
1731767957s233:RX_2 on freq 869525000 Hz at DR 0
1731767957s432:IRQ_RX_TX_TIMEOUT
1731767957s432:NOTIFY
1731767957s432:MAC rxTimeOut

###### ========== MCPS-Confirm =============
###### U/L FRAME:0005 | PORT:24 | DR:3 | PWR:1 | MSG TYPE:UNCONFIRMED
1731768015s017:Airtime test started: 0
1731768015s017:MAC Tx start packet size: 18
1731768015s020:TX on freq 868100000 Hz at DR 3
1731768015s020:RADIO SEND WITH size 18
1731768015s022:SEND REQUEST
1731768015s208:NOTIFY
1731768015s208:MAC txDone
1731768016s194:RX_1 on freq 868100000 Hz at DR 3
1731768016s499:MAC rxNotify
1731768016s499:NOTIFY
1731768016s499:MAC rxDone

###### ========== MCPS-Confirm =============
###### U/L FRAME:0006 | PORT:24 | DR:3 | PWR:1 | MSG TYPE:UNCONFIRMED
1731768016s502:value of rxport: 200
1731768016s502:MULTICAST CLASS C SETUP 2
###### D/L FRAME:0001 | PORT:200 | DR:3 | SLOT:1 | RSSI:-17 | SNR:11
1731768016s511:MAC Tx start packet size: 15
1731768016s514:TX on freq 867500000 Hz at DR 3
1731768016s515:RADIO SEND WITH size 15
ID          : 0
McAddr      : FCB5D0EC
McKey       : 37-19-31-CA-75-B5-50-D4-4D-9C-78-18-B5-CA-9C-7F
McFCountMin : 0
McFCountMax : 4294967295
SessionTime : 0
SessionTimeT: 1 s
Rx Freq     : 0
Rx DR       : DR_0
1731768016s682:NOTIFY
1731768016s682:MAC txDone
1731768017s668:RX_1 on freq 867500000 Hz at DR 3
1731768017s727:IRQ_RX_TX_TIMEOUT
1731768017s728:NOTIFY
1731768017s728:MAC rxTimeOut
1731768018s713:RX_2 on freq 869525000 Hz at DR 0
1731768018s911:IRQ_RX_TX_TIMEOUT
1731768018s911:NOTIFY
1731768018s911:MAC rxTimeOut

###### ========== MCPS-Confirm =============
###### U/L FRAME:0007 | PORT:200 | DR:3 | PWR:1 | MSG TYPE:UNCONFIRMED
1731768075s022:Airtime test started: 0
1731768075s022:MAC Tx start packet size: 18
1731768075s026:TX on freq 867500000 Hz at DR 3
1731768075s026:RADIO SEND WITH size 18
1731768075s028:SEND REQUEST
1731768075s214:NOTIFY
1731768075s214:MAC txDone
1731768076s200:RX_1 on freq 867500000 Hz at DR 3
1731768076s423:MAC rxNotify
1731768076s423:NOTIFY
1731768076s423:MAC rxDone

###### ========== MCPS-Confirm =============
###### U/L FRAME:0008 | PORT:24 | DR:3 | PWR:1 | MSG TYPE:UNCONFIRMED
1731768076s425:value of rxport: 201
###### D/L FRAME:0002 | PORT:201 | DR:3 | SLOT:1 | RSSI:-18 | SNR:11
1731768076s426:#####################FRAGDECODER INIT
1731768080s308:MAC Tx start packet size: 15
1731768080s311:TX on freq 867100000 Hz at DR 3
1731768080s311:RADIO SEND WITH size 15
1731768080s478:NOTIFY
1731768080s478:MAC txDone
1731768081s465:RX_1 on freq 867100000 Hz at DR 3
1731768081s523:IRQ_RX_TX_TIMEOUT
1731768081s524:NOTIFY
1731768081s524:MAC rxTimeOut
1731768082s510:RX_2 on freq 869525000 Hz at DR 0
1731768082s708:IRQ_RX_TX_TIMEOUT
1731768082s708:NOTIFY
1731768082s708:MAC rxTimeOut

###### ========== MCPS-Confirm =============
###### U/L FRAME:0009 | PORT:201 | DR:3 | PWR:1 | MSG TYPE:UNCONFIRMED
1731768135s028:Airtime test started: 0
1731768135s028:MAC Tx start packet size: 18
1731768135s032:TX on freq 867300000 Hz at DR 3
1731768135s032:RADIO SEND WITH size 18
1731768135s034:SEND REQUEST
1731768135s220:NOTIFY
1731768135s220:MAC txDone
1731768136s206:RX_1 on freq 867300000 Hz at DR 3
1731768136s429:MAC rxNotify
1731768136s429:NOTIFY
1731768136s429:MAC rxDone

###### ========== MCPS-Confirm =============
###### U/L FRAME:0010 | PORT:24 | DR:3 | PWR:1 | MSG TYPE:UNCONFIRMED
1731768136s431:value of rxport: 200
1731768136s432:MULTICAST CLASS C SETUP 4
###### D/L FRAME:0003 | PORT:200 | DR:3 | SLOT:1 | RSSI:-18 | SNR:11
Time2SessionStart: 256000 ms
1731768136s432:MAC Tx start packet size: 18
1731768136s436:TX on freq 868300000 Hz at DR 3
1731768136s436:RADIO SEND WITH size 18
ID          : 0
McAddr      : FCB5D0EC
McKey       : 37-19-31-CA-75-B5-50-D4-4D-9C-78-18-B5-CA-9C-7F
McFCountMin : 0
McFCountMax : 4294967295
SessionTime : 1731768392
SessionTimeT: 4096 s
Rx Freq     : 869525000
Rx DR       : DR_2
1731768136s623:NOTIFY
1731768136s623:MAC txDone
1731768137s609:RX_1 on freq 868300000 Hz at DR 3
1731768137s668:IRQ_RX_TX_TIMEOUT
1731768137s669:NOTIFY
1731768137s669:MAC rxTimeOut
1731768138s654:RX_2 on freq 869525000 Hz at DR 0
1731768138s853:IRQ_RX_TX_TIMEOUT
1731768138s853:NOTIFY
1731768138s853:MAC rxTimeOut

###### ========== MCPS-Confirm =============
###### U/L FRAME:0011 | PORT:200 | DR:3 | PWR:1 | MSG TYPE:UNCONFIRMED
1731768392s432:[SWITCHCLASS class C]
1731768392s446:RX_C on freq 869525000 Hz at DR 2
1731768392s448:#############OPENED CONTINUOUS RX C WINDOW
Switch to Class C done
1731768394s319:MAC rxNotify
1731768394s319:NOTIFY
1731768394s319:MAC rxDone
1731768394s322:RXSLOT
1731768394s322:value of rxport: 201
###### D/L FRAME:0000 | PORT:201 | DR:2 | SLOT:C_MC | RSSI:-15 | SNR:9
1731768394s322:#####################FRAGDECODER PROCESS

.... FRAG_DECODER in Progress ....
EXPECTED   : 052 Fragments (02028 Bytes)
RECEIVED   : 001 Fragments
             00039 Bytes
LOST       : 000 Fragments

1731768394s326:RX_C on freq 869525000 Hz at DR 2
1731768394s328:#############OPENED CONTINUOUS RX C WINDOW
1731768400s345:MAC rxNotify
1731768400s345:NOTIFY
1731768400s345:MAC rxDone
1731768400s348:RXSLOT
1731768400s348:value of rxport: 201
###### D/L FRAME:0001 | PORT:201 | DR:2 | SLOT:C_MC | RSSI:-15 | SNR:8
1731768400s348:#####################FRAGDECODER PROCESS

.... FRAG_DECODER in Progress ....
EXPECTED   : 052 Fragments (02028 Bytes)
RECEIVED   : 002 Fragments
             00078 Bytes
LOST       : 000 Fragments

1731768400s352:RX_C on freq 869525000 Hz at DR 2
1731768400s353:#############OPENED CONTINUOUS RX C WINDOW
1731768407s374:MAC rxNotify
1731768407s374:NOTIFY
1731768407s374:MAC rxDone
1731768407s377:RXSLOT
1731768407s377:value of rxport: 201
###### D/L FRAME:0002 | PORT:201 | DR:2 | SLOT:C_MC | RSSI:-16 | SNR:9
1731768407s377:#####################FRAGDECODER PROCESS

.... FRAG_DECODER in Progress ....
EXPECTED   : 052 Fragments (02028 Bytes)
RECEIVED   : 003 Fragments
             00117 Bytes
LOST       : 000 Fragments

1731768407s381:RX_C on freq 869525000 Hz at DR 2
1731768407s383:#############OPENED CONTINUOUS RX C WINDOW
1731768413s400:MAC rxNotify
1731768413s400:NOTIFY
1731768413s400:MAC rxDone
1731768413s403:RXSLOT
1731768413s403:value of rxport: 201
###### D/L FRAME:0003 | PORT:201 | DR:2 | SLOT:C_MC | RSSI:-15 | SNR:8
1731768413s403:#####################FRAGDECODER PROCESS

.... FRAG_DECODER in Progress ....
EXPECTED   : 052 Fragments (02028 Bytes)
RECEIVED   : 004 Fragments
             00156 Bytes
LOST       : 000 Fragments

1731768413s408:RX_C on freq 869525000 Hz at DR 2
1731768413s409:#############OPENED CONTINUOUS RX C WINDOW
1731768419s428:MAC rxNotify
1731768419s428:NOTIFY
1731768419s428:MAC rxDone
1731768419s431:RXSLOT
1731768419s431:value of rxport: 201
###### D/L FRAME:0004 | PORT:201 | DR:2 | SLOT:C_MC | RSSI:-15 | SNR:8
1731768419s431:#####################FRAGDECODER PROCESS

.... FRAG_DECODER in Progress ....
EXPECTED   : 052 Fragments (02028 Bytes)
RECEIVED   : 005 Fragments
             00195 Bytes
LOST       : 000 Fragments

1731768419s436:RX_C on freq 869525000 Hz at DR 2
1731768419s436:#############OPENED CONTINUOUS RX C WINDOW
1731768425s456:MAC rxNotify
1731768425s456:NOTIFY
1731768425s456:MAC rxDone
1731768425s459:RXSLOT
1731768425s459:value of rxport: 201
###### D/L FRAME:0005 | PORT:201 | DR:2 | SLOT:C_MC | RSSI:-15 | SNR:8
1731768425s459:#####################FRAGDECODER PROCESS

.... FRAG_DECODER in Progress ....
EXPECTED   : 052 Fragments (02028 Bytes)
RECEIVED   : 006 Fragments
             00234 Bytes
LOST       : 000 Fragments

1731768425s464:RX_C on freq 869525000 Hz at DR 2
1731768425s465:#############OPENED CONTINUOUS RX C WINDOW
1731768432s489:MAC rxNotify
1731768432s489:NOTIFY
1731768432s489:MAC rxDone
1731768432s492:RXSLOT
1731768432s492:value of rxport: 201
###### D/L FRAME:0006 | PORT:201 | DR:2 | SLOT:C_MC | RSSI:-15 | SNR:8
1731768432s492:#####################FRAGDECODER PROCESS

.... FRAG_DECODER in Progress ....
EXPECTED   : 052 Fragments (02028 Bytes)
RECEIVED   : 007 Fragments
             00273 Bytes
LOST       : 000 Fragments

1731768432s497:RX_C on freq 869525000 Hz at DR 2
1731768432s498:#############OPENED CONTINUOUS RX C WINDOW
1731768438s516:MAC rxNotify
1731768438s516:NOTIFY
1731768438s516:MAC rxDone
1731768438s519:RXSLOT
1731768438s519:value of rxport: 201
###### D/L FRAME:0007 | PORT:201 | DR:2 | SLOT:C_MC | RSSI:-15 | SNR:9
1731768438s519:#####################FRAGDECODER PROCESS

.... FRAG_DECODER in Progress ....
EXPECTED   : 052 Fragments (02028 Bytes)
RECEIVED   : 008 Fragments
             00312 Bytes
LOST       : 000 Fragments

1731768438s522:RX_C on freq 869525000 Hz at DR 2
1731768438s524:#############OPENED CONTINUOUS RX C WINDOW
1731768444s545:MAC rxNotify
1731768444s545:NOTIFY
1731768444s545:MAC rxDone
1731768444s548:RXSLOT
1731768444s548:value of rxport: 201
###### D/L FRAME:0008 | PORT:201 | DR:2 | SLOT:C_MC | RSSI:-16 | SNR:9
1731768444s548:#####################FRAGDECODER PROCESS

.... FRAG_DECODER in Progress ....
EXPECTED   : 052 Fragments (02028 Bytes)
RECEIVED   : 009 Fragments
             00351 Bytes
LOST       : 000 Fragments

1731768444s553:RX_C on freq 869525000 Hz at DR 2
1731768444s554:#############OPENED CONTINUOUS RX C WINDOW
1731768450s574:MAC rxNotify
1731768450s574:NOTIFY
1731768450s574:MAC rxDone
1731768450s577:RXSLOT
1731768450s577:value of rxport: 201
###### D/L FRAME:0009 | PORT:201 | DR:2 | SLOT:C_MC | RSSI:-15 | SNR:8
1731768450s577:#####################FRAGDECODER PROCESS

.... FRAG_DECODER in Progress ....
EXPECTED   : 052 Fragments (02028 Bytes)
RECEIVED   : 010 Fragments
             00390 Bytes
LOST       : 000 Fragments

1731768450s582:RX_C on freq 869525000 Hz at DR 2
1731768450s583:#############OPENED CONTINUOUS RX C WINDOW
1731768457s606:MAC rxNotify
1731768457s606:NOTIFY
1731768457s606:MAC rxDone
1731768457s609:RXSLOT
1731768457s609:value of rxport: 201
###### D/L FRAME:0010 | PORT:201 | DR:2 | SLOT:C_MC | RSSI:-15 | SNR:9
1731768457s609:#####################FRAGDECODER PROCESS

.... FRAG_DECODER in Progress ....
EXPECTED   : 052 Fragments (02028 Bytes)
RECEIVED   : 011 Fragments
             00429 Bytes
LOST       : 000 Fragments

1731768457s614:RX_C on freq 869525000 Hz at DR 2
1731768457s615:#############OPENED CONTINUOUS RX C WINDOW
1731768463s634:MAC rxNotify
1731768463s634:NOTIFY
1731768463s634:MAC rxDone
1731768463s638:RXSLOT
1731768463s638:value of rxport: 201
###### D/L FRAME:0011 | PORT:201 | DR:2 | SLOT:C_MC | RSSI:-15 | SNR:8
1731768463s638:#####################FRAGDECODER PROCESS

.... FRAG_DECODER in Progress ....
EXPECTED   : 052 Fragments (02028 Bytes)
RECEIVED   : 012 Fragments
             00468 Bytes
LOST       : 000 Fragments

1731768463s642:RX_C on freq 869525000 Hz at DR 2
1731768463s644:#############OPENED CONTINUOUS RX C WINDOW
1731768469s666:MAC rxNotify
1731768469s666:NOTIFY
1731768469s666:MAC rxDone
1731768469s669:RXSLOT
1731768469s669:value of rxport: 201
###### D/L FRAME:0012 | PORT:201 | DR:2 | SLOT:C_MC | RSSI:-15 | SNR:9
1731768469s669:#####################FRAGDECODER PROCESS

.... FRAG_DECODER in Progress ....
EXPECTED   : 052 Fragments (02028 Bytes)
RECEIVED   : 013 Fragments
             00507 Bytes
LOST       : 000 Fragments

1731768469s673:RX_C on freq 869525000 Hz at DR 2
1731768469s675:#############OPENED CONTINUOUS RX C WINDOW
1731768475s693:MAC rxNotify
1731768475s693:NOTIFY
1731768475s693:MAC rxDone
1731768475s696:RXSLOT
1731768475s696:value of rxport: 201
###### D/L FRAME:0013 | PORT:201 | DR:2 | SLOT:C_MC | RSSI:-15 | SNR:8
1731768475s696:#####################FRAGDECODER PROCESS

.... FRAG_DECODER in Progress ....
EXPECTED   : 052 Fragments (02028 Bytes)
RECEIVED   : 014 Fragments
             00546 Bytes
LOST       : 000 Fragments

1731768475s701:RX_C on freq 869525000 Hz at DR 2
1731768475s702:#############OPENED CONTINUOUS RX C WINDOW
1731768482s722:MAC rxNotify
1731768482s722:NOTIFY
1731768482s722:MAC rxDone
1731768482s725:RXSLOT
1731768482s725:value of rxport: 201
###### D/L FRAME:0014 | PORT:201 | DR:2 | SLOT:C_MC | RSSI:-15 | SNR:8
1731768482s725:#####################FRAGDECODER PROCESS

.... FRAG_DECODER in Progress ....
EXPECTED   : 052 Fragments (02028 Bytes)
RECEIVED   : 015 Fragments
             00585 Bytes
LOST       : 000 Fragments

1731768482s729:RX_C on freq 869525000 Hz at DR 2
1731768482s730:#############OPENED CONTINUOUS RX C WINDOW
1731768488s746:MAC rxNotify
1731768488s746:NOTIFY
1731768488s746:MAC rxDone
1731768488s749:RXSLOT
1731768488s749:value of rxport: 201
###### D/L FRAME:0015 | PORT:201 | DR:2 | SLOT:C_MC | RSSI:-15 | SNR:9
1731768488s749:#####################FRAGDECODER PROCESS

.... FRAG_DECODER in Progress ....
EXPECTED   : 052 Fragments (02028 Bytes)
RECEIVED   : 016 Fragments
             00624 Bytes
LOST       : 000 Fragments

1731768488s754:RX_C on freq 869525000 Hz at DR 2
1731768488s755:#############OPENED CONTINUOUS RX C WINDOW
1731768494s770:MAC rxNotify
1731768494s770:NOTIFY
1731768494s770:MAC rxDone
1731768494s773:RXSLOT
1731768494s773:value of rxport: 201
###### D/L FRAME:0016 | PORT:201 | DR:2 | SLOT:C_MC | RSSI:-15 | SNR:9
1731768494s773:#####################FRAGDECODER PROCESS

.... FRAG_DECODER in Progress ....
EXPECTED   : 052 Fragments (02028 Bytes)
RECEIVED   : 017 Fragments
             00663 Bytes
LOST       : 000 Fragments

1731768494s778:RX_C on freq 869525000 Hz at DR 2
1731768494s779:#############OPENED CONTINUOUS RX C WINDOW
1731768500s801:MAC rxNotify
1731768500s801:NOTIFY
1731768500s801:MAC rxDone
1731768500s805:RXSLOT
1731768500s805:value of rxport: 201
###### D/L FRAME:0017 | PORT:201 | DR:2 | SLOT:C_MC | RSSI:-15 | SNR:8
1731768500s805:#####################FRAGDECODER PROCESS

.... FRAG_DECODER in Progress ....
EXPECTED   : 052 Fragments (02028 Bytes)
RECEIVED   : 018 Fragments
             00702 Bytes
LOST       : 000 Fragments

1731768500s809:RX_C on freq 869525000 Hz at DR 2
1731768500s811:#############OPENED CONTINUOUS RX C WINDOW
1731768507s831:MAC rxNotify
1731768507s831:NOTIFY
1731768507s831:MAC rxDone
1731768507s834:RXSLOT
1731768507s834:value of rxport: 201
###### D/L FRAME:0018 | PORT:201 | DR:2 | SLOT:C_MC | RSSI:-15 | SNR:8
1731768507s834:#####################FRAGDECODER PROCESS

.... FRAG_DECODER in Progress ....
EXPECTED   : 052 Fragments (02028 Bytes)
RECEIVED   : 019 Fragments
             00741 Bytes
LOST       : 000 Fragments

1731768507s839:RX_C on freq 869525000 Hz at DR 2
1731768507s840:#############OPENED CONTINUOUS RX C WINDOW
1731768513s851:MAC rxNotify
1731768513s851:NOTIFY
1731768513s851:MAC rxDone
1731768513s853:RXSLOT
1731768513s853:value of rxport: 201
###### D/L FRAME:0019 | PORT:201 | DR:2 | SLOT:C_MC | RSSI:-15 | SNR:8
1731768513s853:#####################FRAGDECODER PROCESS

.... FRAG_DECODER in Progress ....
EXPECTED   : 052 Fragments (02028 Bytes)
RECEIVED   : 020 Fragments
             00780 Bytes
LOST       : 000 Fragments

1731768513s858:RX_C on freq 869525000 Hz at DR 2
1731768513s859:#############OPENED CONTINUOUS RX C WINDOW
1731768519s877:MAC rxNotify
1731768519s877:NOTIFY
1731768519s877:MAC rxDone
1731768519s880:RXSLOT
1731768519s880:value of rxport: 201
###### D/L FRAME:0020 | PORT:201 | DR:2 | SLOT:C_MC | RSSI:-15 | SNR:9
1731768519s880:#####################FRAGDECODER PROCESS

.... FRAG_DECODER in Progress ....
EXPECTED   : 052 Fragments (02028 Bytes)
RECEIVED   : 021 Fragments
             00819 Bytes
LOST       : 000 Fragments

1731768519s885:RX_C on freq 869525000 Hz at DR 2
1731768519s886:#############OPENED CONTINUOUS RX C WINDOW
1731768525s908:MAC rxNotify
1731768525s908:NOTIFY
1731768525s908:MAC rxDone
1731768525s911:RXSLOT
1731768525s911:value of rxport: 201
###### D/L FRAME:0021 | PORT:201 | DR:2 | SLOT:C_MC | RSSI:-15 | SNR:8
1731768525s911:#####################FRAGDECODER PROCESS

.... FRAG_DECODER in Progress ....
EXPECTED   : 052 Fragments (02028 Bytes)
RECEIVED   : 022 Fragments
             00858 Bytes
LOST       : 000 Fragments

1731768525s916:RX_C on freq 869525000 Hz at DR 2
1731768525s917:#############OPENED CONTINUOUS RX C WINDOW
1731768532s939:MAC rxNotify
1731768532s939:NOTIFY
1731768532s939:MAC rxDone
1731768532s942:RXSLOT
1731768532s942:value of rxport: 201
###### D/L FRAME:0022 | PORT:201 | DR:2 | SLOT:C_MC | RSSI:-15 | SNR:9
1731768532s942:#####################FRAGDECODER PROCESS

.... FRAG_DECODER in Progress ....
EXPECTED   : 052 Fragments (02028 Bytes)
RECEIVED   : 023 Fragments
             00897 Bytes
LOST       : 000 Fragments

1731768532s947:RX_C on freq 869525000 Hz at DR 2
1731768532s948:#############OPENED CONTINUOUS RX C WINDOW
1731768538s966:MAC rxNotify
1731768538s966:NOTIFY
1731768538s966:MAC rxDone
1731768538s969:RXSLOT
1731768538s969:value of rxport: 201
###### D/L FRAME:0023 | PORT:201 | DR:2 | SLOT:C_MC | RSSI:-15 | SNR:8
1731768538s969:#####################FRAGDECODER PROCESS

.... FRAG_DECODER in Progress ....
EXPECTED   : 052 Fragments (02028 Bytes)
RECEIVED   : 024 Fragments
             00936 Bytes
LOST       : 000 Fragments

1731768538s974:RX_C on freq 869525000 Hz at DR 2
1731768538s975:#############OPENED CONTINUOUS RX C WINDOW
1731768544s996:MAC rxNotify
1731768544s996:NOTIFY
1731768544s996:MAC rxDone
1731768544s999:RXSLOT
1731768544s999:value of rxport: 201
###### D/L FRAME:0024 | PORT:201 | DR:2 | SLOT:C_MC | RSSI:-15 | SNR:9
1731768544s999:#####################FRAGDECODER PROCESS

.... FRAG_DECODER in Progress ....
EXPECTED   : 052 Fragments (02028 Bytes)
RECEIVED   : 025 Fragments
             00975 Bytes
LOST       : 000 Fragments

1731768545s003:RX_C on freq 869525000 Hz at DR 2
1731768545s005:#############OPENED CONTINUOUS RX C WINDOW
1731768551s025:MAC rxNotify
1731768551s025:NOTIFY
1731768551s025:MAC rxDone
1731768551s028:RXSLOT
1731768551s028:value of rxport: 201
###### D/L FRAME:0025 | PORT:201 | DR:2 | SLOT:C_MC | RSSI:-15 | SNR:8
1731768551s028:#####################FRAGDECODER PROCESS

.... FRAG_DECODER in Progress ....
EXPECTED   : 052 Fragments (02028 Bytes)
RECEIVED   : 026 Fragments
             01014 Bytes
LOST       : 000 Fragments

1731768551s033:RX_C on freq 869525000 Hz at DR 2
1731768551s034:#############OPENED CONTINUOUS RX C WINDOW
1731768558s057:MAC rxNotify
1731768558s057:NOTIFY
1731768558s057:MAC rxDone
1731768558s060:RXSLOT
1731768558s060:value of rxport: 201
###### D/L FRAME:0026 | PORT:201 | DR:2 | SLOT:C_MC | RSSI:-15 | SNR:9
1731768558s060:#####################FRAGDECODER PROCESS

.... FRAG_DECODER in Progress ....
EXPECTED   : 052 Fragments (02028 Bytes)
RECEIVED   : 027 Fragments
             01053 Bytes
LOST       : 000 Fragments

1731768558s064:RX_C on freq 869525000 Hz at DR 2
1731768558s065:#############OPENED CONTINUOUS RX C WINDOW
1731768564s084:MAC rxNotify
1731768564s084:NOTIFY
1731768564s084:MAC rxDone
1731768564s087:RXSLOT
1731768564s087:value of rxport: 201
###### D/L FRAME:0027 | PORT:201 | DR:2 | SLOT:C_MC | RSSI:-15 | SNR:8
1731768564s087:#####################FRAGDECODER PROCESS

.... FRAG_DECODER in Progress ....
EXPECTED   : 052 Fragments (02028 Bytes)
RECEIVED   : 028 Fragments
             01092 Bytes
LOST       : 000 Fragments

1731768564s092:RX_C on freq 869525000 Hz at DR 2
1731768564s093:#############OPENED CONTINUOUS RX C WINDOW
1731768570s100:MAC rxNotify
1731768570s100:NOTIFY
1731768570s100:MAC rxDone
1731768570s103:RXSLOT
1731768570s103:value of rxport: 201
###### D/L FRAME:0028 | PORT:201 | DR:2 | SLOT:C_MC | RSSI:-15 | SNR:8
1731768570s103:#####################FRAGDECODER PROCESS

.... FRAG_DECODER in Progress ....
EXPECTED   : 052 Fragments (02028 Bytes)
RECEIVED   : 029 Fragments
             01131 Bytes
LOST       : 000 Fragments

1731768570s108:RX_C on freq 869525000 Hz at DR 2
1731768570s109:#############OPENED CONTINUOUS RX C WINDOW
1731768576s129:MAC rxNotify
1731768576s129:NOTIFY
1731768576s129:MAC rxDone
1731768576s132:RXSLOT
1731768576s132:value of rxport: 201
###### D/L FRAME:0029 | PORT:201 | DR:2 | SLOT:C_MC | RSSI:-15 | SNR:9
1731768576s132:#####################FRAGDECODER PROCESS

.... FRAG_DECODER in Progress ....
EXPECTED   : 052 Fragments (02028 Bytes)
RECEIVED   : 030 Fragments
             01170 Bytes
LOST       : 000 Fragments

1731768576s136:RX_C on freq 869525000 Hz at DR 2
1731768576s138:#############OPENED CONTINUOUS RX C WINDOW
1731768583s158:MAC rxNotify
1731768583s158:NOTIFY
1731768583s158:MAC rxDone
1731768583s161:RXSLOT
1731768583s161:value of rxport: 201
###### D/L FRAME:0030 | PORT:201 | DR:2 | SLOT:C_MC | RSSI:-15 | SNR:9
1731768583s161:#####################FRAGDECODER PROCESS

.... FRAG_DECODER in Progress ....
EXPECTED   : 052 Fragments (02028 Bytes)
RECEIVED   : 031 Fragments
             01209 Bytes
LOST       : 000 Fragments

1731768583s166:RX_C on freq 869525000 Hz at DR 2
1731768583s167:#############OPENED CONTINUOUS RX C WINDOW
1731768589s188:MAC rxNotify
1731768589s188:NOTIFY
1731768589s188:MAC rxDone
1731768589s191:RXSLOT
1731768589s191:value of rxport: 201
###### D/L FRAME:0031 | PORT:201 | DR:2 | SLOT:C_MC | RSSI:-15 | SNR:8
1731768589s191:#####################FRAGDECODER PROCESS

.... FRAG_DECODER in Progress ....
EXPECTED   : 052 Fragments (02028 Bytes)
RECEIVED   : 032 Fragments
             01248 Bytes
LOST       : 000 Fragments

1731768589s195:RX_C on freq 869525000 Hz at DR 2
1731768589s197:#############OPENED CONTINUOUS RX C WINDOW
1731768595s213:MAC rxNotify
1731768595s213:NOTIFY
1731768595s213:MAC rxDone
1731768595s216:RXSLOT
1731768595s216:value of rxport: 201
###### D/L FRAME:0032 | PORT:201 | DR:2 | SLOT:C_MC | RSSI:-15 | SNR:8
1731768595s216:#####################FRAGDECODER PROCESS

.... FRAG_DECODER in Progress ....
EXPECTED   : 052 Fragments (02028 Bytes)
RECEIVED   : 033 Fragments
             01287 Bytes
LOST       : 000 Fragments

1731768595s220:RX_C on freq 869525000 Hz at DR 2
1731768595s222:#############OPENED CONTINUOUS RX C WINDOW
1731768602s242:MAC rxNotify
1731768602s242:NOTIFY
1731768602s242:MAC rxDone
1731768602s245:RXSLOT
1731768602s245:value of rxport: 201
###### D/L FRAME:0033 | PORT:201 | DR:2 | SLOT:C_MC | RSSI:-15 | SNR:8
1731768602s245:#####################FRAGDECODER PROCESS

.... FRAG_DECODER in Progress ....
EXPECTED   : 052 Fragments (02028 Bytes)
RECEIVED   : 034 Fragments
             01326 Bytes
LOST       : 000 Fragments

1731768602s249:RX_C on freq 869525000 Hz at DR 2
1731768602s251:#############OPENED CONTINUOUS RX C WINDOW
1731768608s269:MAC rxNotify
1731768608s269:NOTIFY
1731768608s269:MAC rxDone
1731768608s273:RXSLOT
1731768608s273:value of rxport: 201
###### D/L FRAME:0034 | PORT:201 | DR:2 | SLOT:C_MC | RSSI:-15 | SNR:8
1731768608s273:#####################FRAGDECODER PROCESS

.... FRAG_DECODER in Progress ....
EXPECTED   : 052 Fragments (02028 Bytes)
RECEIVED   : 035 Fragments
             01365 Bytes
LOST       : 000 Fragments

1731768608s278:RX_C on freq 869525000 Hz at DR 2
1731768608s279:#############OPENED CONTINUOUS RX C WINDOW
1731768614s295:MAC rxNotify
1731768614s295:NOTIFY
1731768614s295:MAC rxDone
1731768614s298:RXSLOT
1731768614s298:value of rxport: 201
###### D/L FRAME:0035 | PORT:201 | DR:2 | SLOT:C_MC | RSSI:-15 | SNR:8
1731768614s298:#####################FRAGDECODER PROCESS

.... FRAG_DECODER in Progress ....
EXPECTED   : 052 Fragments (02028 Bytes)
RECEIVED   : 036 Fragments
             01404 Bytes
LOST       : 000 Fragments

1731768614s302:RX_C on freq 869525000 Hz at DR 2
1731768614s304:#############OPENED CONTINUOUS RX C WINDOW
1731768620s319:MAC rxNotify
1731768620s319:NOTIFY
1731768620s319:MAC rxDone
1731768620s322:RXSLOT
1731768620s322:value of rxport: 201
###### D/L FRAME:0036 | PORT:201 | DR:2 | SLOT:C_MC | RSSI:-15 | SNR:8
1731768620s322:#####################FRAGDECODER PROCESS

.... FRAG_DECODER in Progress ....
EXPECTED   : 052 Fragments (02028 Bytes)
RECEIVED   : 037 Fragments
             01443 Bytes
LOST       : 000 Fragments

1731768620s327:RX_C on freq 869525000 Hz at DR 2
1731768620s328:#############OPENED CONTINUOUS RX C WINDOW
1731768627s345:MAC rxNotify
1731768627s345:NOTIFY
1731768627s345:MAC rxDone
1731768627s348:RXSLOT
1731768627s348:value of rxport: 201
###### D/L FRAME:0037 | PORT:201 | DR:2 | SLOT:C_MC | RSSI:-15 | SNR:9
1731768627s348:#####################FRAGDECODER PROCESS

.... FRAG_DECODER in Progress ....
EXPECTED   : 052 Fragments (02028 Bytes)
RECEIVED   : 038 Fragments
             01482 Bytes
LOST       : 000 Fragments

1731768627s353:RX_C on freq 869525000 Hz at DR 2
1731768627s353:#############OPENED CONTINUOUS RX C WINDOW
1731768633s370:MAC rxNotify
1731768633s370:NOTIFY
1731768633s370:MAC rxDone
1731768633s373:RXSLOT
1731768633s373:value of rxport: 201
###### D/L FRAME:0038 | PORT:201 | DR:2 | SLOT:C_MC | RSSI:-16 | SNR:9
1731768633s373:#####################FRAGDECODER PROCESS

.... FRAG_DECODER in Progress ....
EXPECTED   : 052 Fragments (02028 Bytes)
RECEIVED   : 039 Fragments
             01521 Bytes
LOST       : 000 Fragments

1731768633s378:RX_C on freq 869525000 Hz at DR 2
1731768633s379:#############OPENED CONTINUOUS RX C WINDOW
1731768639s395:MAC rxNotify
1731768639s395:NOTIFY
1731768639s395:MAC rxDone
1731768639s399:RXSLOT
1731768639s399:value of rxport: 201
###### D/L FRAME:0039 | PORT:201 | DR:2 | SLOT:C_MC | RSSI:-15 | SNR:9
1731768639s399:#####################FRAGDECODER PROCESS

.... FRAG_DECODER in Progress ....
EXPECTED   : 052 Fragments (02028 Bytes)
RECEIVED   : 040 Fragments
             01560 Bytes
LOST       : 000 Fragments

1731768639s404:RX_C on freq 869525000 Hz at DR 2
1731768639s405:#############OPENED CONTINUOUS RX C WINDOW
1731768645s420:MAC rxNotify
1731768645s420:NOTIFY
1731768645s420:MAC rxDone
1731768645s423:RXSLOT
1731768645s423:value of rxport: 201
###### D/L FRAME:0040 | PORT:201 | DR:2 | SLOT:C_MC | RSSI:-15 | SNR:9
1731768645s423:#####################FRAGDECODER PROCESS

.... FRAG_DECODER in Progress ....
EXPECTED   : 052 Fragments (02028 Bytes)
RECEIVED   : 041 Fragments
             01599 Bytes
LOST       : 000 Fragments

1731768645s428:RX_C on freq 869525000 Hz at DR 2
1731768645s429:#############OPENED CONTINUOUS RX C WINDOW
1731768652s447:MAC rxNotify
1731768652s447:NOTIFY
1731768652s447:MAC rxDone
1731768652s450:RXSLOT
1731768652s450:value of rxport: 201
###### D/L FRAME:0041 | PORT:201 | DR:2 | SLOT:C_MC | RSSI:-15 | SNR:9
1731768652s450:#####################FRAGDECODER PROCESS

.... FRAG_DECODER in Progress ....
EXPECTED   : 052 Fragments (02028 Bytes)
RECEIVED   : 042 Fragments
             01638 Bytes
LOST       : 000 Fragments

1731768652s455:RX_C on freq 869525000 Hz at DR 2
1731768652s456:#############OPENED CONTINUOUS RX C WINDOW
1731768658s474:MAC rxNotify
1731768658s474:NOTIFY
1731768658s474:MAC rxDone
1731768658s477:RXSLOT
1731768658s477:value of rxport: 201
###### D/L FRAME:0042 | PORT:201 | DR:2 | SLOT:C_MC | RSSI:-15 | SNR:9
1731768658s477:#####################FRAGDECODER PROCESS

.... FRAG_DECODER in Progress ....
EXPECTED   : 052 Fragments (02028 Bytes)
RECEIVED   : 043 Fragments
             01677 Bytes
LOST       : 000 Fragments

1731768658s481:RX_C on freq 869525000 Hz at DR 2
1731768658s482:#############OPENED CONTINUOUS RX C WINDOW
1731768664s498:MAC rxNotify
1731768664s498:NOTIFY
1731768664s498:MAC rxDone
1731768664s501:RXSLOT
1731768664s501:value of rxport: 201
###### D/L FRAME:0043 | PORT:201 | DR:2 | SLOT:C_MC | RSSI:-15 | SNR:8
1731768664s501:#####################FRAGDECODER PROCESS

.... FRAG_DECODER in Progress ....
EXPECTED   : 052 Fragments (02028 Bytes)
RECEIVED   : 044 Fragments
             01716 Bytes
LOST       : 000 Fragments

1731768664s506:RX_C on freq 869525000 Hz at DR 2
1731768664s507:#############OPENED CONTINUOUS RX C WINDOW
1731768670s525:MAC rxNotify
1731768670s525:NOTIFY
1731768670s525:MAC rxDone
1731768670s528:RXSLOT
1731768670s528:value of rxport: 201
###### D/L FRAME:0044 | PORT:201 | DR:2 | SLOT:C_MC | RSSI:-15 | SNR:8
1731768670s528:#####################FRAGDECODER PROCESS

.... FRAG_DECODER in Progress ....
EXPECTED   : 052 Fragments (02028 Bytes)
RECEIVED   : 045 Fragments
             01755 Bytes
LOST       : 000 Fragments

1731768670s533:RX_C on freq 869525000 Hz at DR 2
1731768670s534:#############OPENED CONTINUOUS RX C WINDOW
1731768677s553:MAC rxNotify
1731768677s553:NOTIFY
1731768677s553:MAC rxDone
1731768677s556:RXSLOT
1731768677s556:value of rxport: 201
###### D/L FRAME:0045 | PORT:201 | DR:2 | SLOT:C_MC | RSSI:-15 | SNR:9
1731768677s556:#####################FRAGDECODER PROCESS

.... FRAG_DECODER in Progress ....
EXPECTED   : 052 Fragments (02028 Bytes)
RECEIVED   : 046 Fragments
             01794 Bytes
LOST       : 000 Fragments

1731768677s561:RX_C on freq 869525000 Hz at DR 2
1731768677s561:#############OPENED CONTINUOUS RX C WINDOW
1731768683s578:MAC rxNotify
1731768683s578:NOTIFY
1731768683s578:MAC rxDone
1731768683s581:RXSLOT
1731768683s581:value of rxport: 201
###### D/L FRAME:0046 | PORT:201 | DR:2 | SLOT:C_MC | RSSI:-15 | SNR:8
1731768683s581:#####################FRAGDECODER PROCESS

.... FRAG_DECODER in Progress ....
EXPECTED   : 052 Fragments (02028 Bytes)
RECEIVED   : 047 Fragments
             01833 Bytes
LOST       : 000 Fragments

1731768683s586:RX_C on freq 869525000 Hz at DR 2
1731768683s587:#############OPENED CONTINUOUS RX C WINDOW
1731768689s610:MAC rxNotify
1731768689s610:NOTIFY
1731768689s610:MAC rxDone
1731768689s613:RXSLOT
1731768689s613:value of rxport: 201
###### D/L FRAME:0047 | PORT:201 | DR:2 | SLOT:C_MC | RSSI:-15 | SNR:9
1731768689s613:#####################FRAGDECODER PROCESS

.... FRAG_DECODER in Progress ....
EXPECTED   : 052 Fragments (02028 Bytes)
RECEIVED   : 048 Fragments
             01872 Bytes
LOST       : 000 Fragments

1731768689s618:RX_C on freq 869525000 Hz at DR 2
1731768689s619:#############OPENED CONTINUOUS RX C WINDOW
1731768695s640:MAC rxNotify
1731768695s640:NOTIFY
1731768695s640:MAC rxDone
1731768695s643:RXSLOT
1731768695s643:value of rxport: 201
###### D/L FRAME:0048 | PORT:201 | DR:2 | SLOT:C_MC | RSSI:-15 | SNR:8
1731768695s643:#####################FRAGDECODER PROCESS

.... FRAG_DECODER in Progress ....
EXPECTED   : 052 Fragments (02028 Bytes)
RECEIVED   : 049 Fragments
             01911 Bytes
LOST       : 000 Fragments

1731768695s646:RX_C on freq 869525000 Hz at DR 2
1731768695s648:#############OPENED CONTINUOUS RX C WINDOW
1731768702s672:MAC rxNotify
1731768702s672:NOTIFY
1731768702s672:MAC rxDone
1731768702s675:RXSLOT
1731768702s675:value of rxport: 201
###### D/L FRAME:0049 | PORT:201 | DR:2 | SLOT:C_MC | RSSI:-15 | SNR:8
1731768702s675:#####################FRAGDECODER PROCESS

.... FRAG_DECODER in Progress ....
EXPECTED   : 052 Fragments (02028 Bytes)
RECEIVED   : 050 Fragments
             01950 Bytes
LOST       : 000 Fragments

1731768702s680:RX_C on freq 869525000 Hz at DR 2
1731768702s681:#############OPENED CONTINUOUS RX C WINDOW
1731768708s696:MAC rxNotify
1731768708s696:NOTIFY
1731768708s696:MAC rxDone
1731768708s699:RXSLOT
1731768708s699:value of rxport: 201
###### D/L FRAME:0050 | PORT:201 | DR:2 | SLOT:C_MC | RSSI:-15 | SNR:8
1731768708s699:#####################FRAGDECODER PROCESS

.... FRAG_DECODER in Progress ....
EXPECTED   : 052 Fragments (02028 Bytes)
RECEIVED   : 051 Fragments
             01989 Bytes
LOST       : 000 Fragments

1731768708s704:RX_C on freq 869525000 Hz at DR 2
1731768708s705:#############OPENED CONTINUOUS RX C WINDOW
1731768714s727:MAC rxNotify
1731768714s727:NOTIFY
1731768714s727:MAC rxDone
1731768714s729:RXSLOT
1731768714s729:value of rxport: 201
###### D/L FRAME:0051 | PORT:201 | DR:2 | SLOT:C_MC | RSSI:-15 | SNR:9
1731768714s729:#####################FRAGDECODER PROCESS

.... FRAG_DECODER in Progress ....
EXPECTED   : 052 Fragments (02028 Bytes)
RECEIVED   : 052 Fragments
             02028 Bytes
LOST       : 000 Fragments


.... FRAG_DECODER Finished ....
STATUS     : 0
1731768714s730:ALL FRAGMENTS RECEIVED

= [SBOOT] System Security Check successfully passed. Starting...


======================================================================
=              (C) COPYRIGHT 2017 STMicroelectronics                 =
=                                                                    =
=              Secure Boot and Secure Firmware Update                =
======================================================================


= [SBOOT] SECURE ENGINE INITIALIZATION SUCCESSFUL
= [SBOOT] STATE: CHECK STATUS ON RESET
	  INFO: A Reboot has been triggered by a Software reset!
= [SBOOT] STATE: CHECK NEW FIRMWARE TO DOWNLOAD
= [SBOOT] STATE: CHECK KMS BLOB TO INSTALL
= [SBOOT] STATE: CHECK USER FW STATUS
	  A FW is detected in the slot SLOT_ACTIVE_1
= [SBOOT] STATE: VERIFY USER FW SIGNATURE
= [SBOOT] STATE: EXECUTE USER FIRMWAREAPPLICATION_VERSION: V1.3.0
MW_LORAWAN_VERSION:  V2.5.0
MW_RADIO_VERSION:    V1.3.0
L2_SPEC_VERSION:     V1.0.4
RP_SPEC_VERSION:     V2-1.0.1
###### AppKey:      2B:7E:15:16:28:AE:D2:A6:AB:F7:15:88:09:CF:4F:3C
###### NwkKey:      2B:7E:15:16:28:AE:D2:A6:AB:F7:15:88:09:CF:4F:3C
###### AppSKey:     D8:6C:6A:6A:4F:33:64:EA:23:ED:BE:F7:00:C2:AC:58
###### NwkSKey:     6D:65:03:5B:69:12:4A:A5:67:65:E9:D5:CB:E9:3F:1B
###### DevEUI:      00:80:E1:15:05:AB:CF:19
###### AppEUI:      01:01:01:01:01:01:01:01
###### DevAddr:     05:AB:CF:19
###### KMS ENABLED