
= [SBOOT] System Security Check successfully passed. Starting...


======================================================================
=              (C) COPYRIGHT 2017 STMicroelectronics                 =
=                                                                    =
=              Secure Boot and Secure Firmware Update                =
======================================================================


= [SBOOT] SECURE ENGINE INITIALIZATION SUCCESSFUL
= [SBOOT] STATE: CHECK STATUS ON RESET
	  INFO: A Reboot has been triggered by a Hardware reset!
= [SBOOT] STATE: CHECK NEW FIRMWARE TO DOWNLOAD
= [SBOOT] STATE: CHECK KMS BLOB TO INSTALL
= [SBOOT] STATE: CHECK USER FW STATUS
	  A FW is detected in the slot SLOT_ACTIVE_1
= [SBOOT] STATE: VERIFY USER FW SIGNATURE
= [SBOOT] STATE: EXECUTE USER FIRMWAREAPPLICATION_VERSION: V1.3.0
MW_LORAWAN_VERSION:  V2.5.0
MW_RADIO_VERSION:    V1.3.0
L2_SPEC_VERSION:     V1.0.4
RP_SPEC_VERSION:     V2-1.0.1
###### AppKey:      2B:7E:15:16:28:AE:D2:A6:AB:F7:15:88:09:CF:4F:3C
###### NwkKey:      2B:7E:15:16:28:AE:D2:A6:AB:F7:15:88:09:CF:4F:3C
###### AppSKey:     6A:0B:1C:74:0F:7E:36:56:8E:31:48:F5:EA:3A:53:9E
###### NwkSKey:     A6:74:F1:9F:B5:BD:18:A6:50:99:93:E6:5E:8B:CB:8B
###### DevEUI:      00:80:E1:15:05:AB:CF:19
###### AppEUI:      01:01:01:01:01:01:01:01
###### DevAddr:     05:AB:CF:19
###### KMS ENABLED
###### = JOINED = OTAA =====================
[31mNetwork joined, choose app to execute:
BTN1: TxTimer send uplink every 10 sec
BTN2: Airtime test
[0m
###### U/L FRAME:JOIN | DR:3 | PWR:1
###### MCRootKey:   7D:F7:6B:0C:1A:B8:99:B3:3E:42:F0:47:B9:1B:54:6F
###### MCKEKey:     8C:B8:66:5E:0C:0E:0B:64:5B:2E:D9:E4:8A:19:27:7C
###### AppSKey:     92:54:37:76:9E:D2:38:95:B7:3D:56:5E:8A:D2:AB:E9
###### NwkSKey:     5C:74:50:C9:A4:ED:A6:0A:BE:47:F5:AD:C1:D6:3C:AF
###### DBIntKey:    7A:C4:7C:65:FE:25:9B:B6:54:BD:26:35:19:F8:9C:8E
###### DevEUI:      00:80:E1:15:05:AB:CF:19
###### AppEUI:      01:01:01:01:01:01:01:01
###### DevAddr:     01:46:AD:50
[32mStart tx timer regular[0m
###### ========== MCPS-Confirm =============
###### U/L FRAME:0001 | PORT:24 | DR:3 | PWR:1 | MSG TYPE:UNCONFIRMED
###### ========== MCPS-Confirm =============
###### U/L FRAME:0002 | PORT:24 | DR:3 | PWR:1 | MSG TYPE:UNCONFIRMED
1733753813s037:value of rxport: 0
###### D/L FRAME:0000 | PORT:0 | DR:3 | SLOT:1 | RSSI:-17 | SNR:11
1733753871s661:Airtime test started: 0
1733753871s661:MAC Tx start packet size: 18
1733753871s665:TX on freq 868100000 Hz at DR 3
1733753871s665:RADIO SEND WITH size 18
1733753871s667:SEND REQUEST
1733753871s853:NOTIFY
1733753871s853:MAC txDone
1733753872s839:RX_1 on freq 868100000 Hz at DR 3
1733753872s898:IRQ_RX_TX_TIMEOUT
1733753872s899:NOTIFY
1733753872s899:MAC rxTimeOut
1733753873s884:RX_2 on freq 869525000 Hz at DR 0
1733753874s082:IRQ_RX_TX_TIMEOUT
1733753874s082:NOTIFY
1733753874s082:MAC rxTimeOut

###### ========== MCPS-Confirm =============
###### U/L FRAME:0003 | PORT:24 | DR:3 | PWR:1 | MSG TYPE:UNCONFIRMED
1733753931s667:Airtime test started: 0
1733753931s667:MAC Tx start packet size: 18
1733753931s671:TX on freq 868500000 Hz at DR 3
1733753931s671:RADIO SEND WITH size 18
1733753931s673:SEND REQUEST
1733753931s859:NOTIFY
1733753931s859:MAC txDone
1733753932s846:RX_1 on freq 868500000 Hz at DR 3
1733753932s904:IRQ_RX_TX_TIMEOUT
1733753932s905:NOTIFY
1733753932s905:MAC rxTimeOut
1733753933s891:RX_2 on freq 869525000 Hz at DR 0
1733753934s089:IRQ_RX_TX_TIMEOUT
1733753934s089:NOTIFY
1733753934s089:MAC rxTimeOut

###### ========== MCPS-Confirm =============
###### U/L FRAME:0004 | PORT:24 | DR:3 | PWR:1 | MSG TYPE:UNCONFIRMED
1733753991s673:Airtime test started: 0
1733753991s673:MAC Tx start packet size: 18
1733753991s677:TX on freq 867700000 Hz at DR 3
1733753991s677:RADIO SEND WITH size 18
1733753991s679:SEND REQUEST
1733753991s864:NOTIFY
1733753991s864:MAC txDone
1733753992s851:RX_1 on freq 867700000 Hz at DR 3
1733753992s909:IRQ_RX_TX_TIMEOUT
1733753992s910:NOTIFY
1733753992s910:MAC rxTimeOut
1733753993s896:RX_2 on freq 869525000 Hz at DR 0
1733753994s094:IRQ_RX_TX_TIMEOUT
1733753994s094:NOTIFY
1733753994s094:MAC rxTimeOut

###### ========== MCPS-Confirm =============
###### U/L FRAME:0005 | PORT:24 | DR:3 | PWR:1 | MSG TYPE:UNCONFIRMED
1733754051s679:Airtime test started: 0
1733754051s679:MAC Tx start packet size: 18
1733754051s683:TX on freq 867900000 Hz at DR 3
1733754051s683:RADIO SEND WITH size 18
1733754051s685:SEND REQUEST
1733754051s870:NOTIFY
1733754051s870:MAC txDone
1733754052s857:RX_1 on freq 867900000 Hz at DR 3
1733754052s915:IRQ_RX_TX_TIMEOUT
1733754052s916:NOTIFY
1733754052s916:MAC rxTimeOut
1733754053s902:RX_2 on freq 869525000 Hz at DR 0
1733754054s100:IRQ_RX_TX_TIMEOUT
1733754054s100:NOTIFY
1733754054s100:MAC rxTimeOut

###### ========== MCPS-Confirm =============
###### U/L FRAME:0006 | PORT:24 | DR:3 | PWR:1 | MSG TYPE:UNCONFIRMED
1733754111s685:Airtime test started: 0
1733754111s685:MAC Tx start packet size: 18
1733754111s689:TX on freq 867300000 Hz at DR 3
1733754111s689:RADIO SEND WITH size 18
1733754111s691:SEND REQUEST
1733754111s876:NOTIFY
1733754111s876:MAC txDone
1733754112s862:RX_1 on freq 867300000 Hz at DR 3
1733754112s921:IRQ_RX_TX_TIMEOUT
1733754112s922:NOTIFY
1733754112s922:MAC rxTimeOut
1733754113s907:RX_2 on freq 869525000 Hz at DR 0
1733754114s106:IRQ_RX_TX_TIMEOUT
1733754114s106:NOTIFY
1733754114s106:MAC rxTimeOut

###### ========== MCPS-Confirm =============
###### U/L FRAME:0007 | PORT:24 | DR:3 | PWR:1 | MSG TYPE:UNCONFIRMED
1733754171s691:Airtime test started: 0
1733754171s691:MAC Tx start packet size: 18
1733754171s694:TX on freq 867500000 Hz at DR 3
1733754171s694:RADIO SEND WITH size 18
1733754171s696:SEND REQUEST
1733754171s882:NOTIFY
1733754171s882:MAC txDone
1733754172s868:RX_1 on freq 867500000 Hz at DR 3
1733754172s927:IRQ_RX_TX_TIMEOUT
1733754172s928:NOTIFY
1733754172s928:MAC rxTimeOut
1733754173s913:RX_2 on freq 869525000 Hz at DR 0
1733754174s111:IRQ_RX_TX_TIMEOUT
1733754174s111:NOTIFY
1733754174s111:MAC rxTimeOut

###### ========== MCPS-Confirm =============
###### U/L FRAME:0008 | PORT:24 | DR:3 | PWR:1 | MSG TYPE:UNCONFIRMED
1733754231s696:Airtime test started: 0
1733754231s696:MAC Tx start packet size: 18
1733754231s700:TX on freq 868500000 Hz at DR 3
1733754231s700:RADIO SEND WITH size 18
1733754231s702:SEND REQUEST
1733754231s888:NOTIFY
1733754231s888:MAC txDone
1733754232s874:RX_1 on freq 868500000 Hz at DR 3
1733754232s933:IRQ_RX_TX_TIMEOUT
1733754232s934:NOTIFY
1733754232s934:MAC rxTimeOut
1733754233s919:RX_2 on freq 869525000 Hz at DR 0
1733754234s117:IRQ_RX_TX_TIMEOUT
1733754234s117:NOTIFY
1733754234s117:MAC rxTimeOut

###### ========== MCPS-Confirm =============
###### U/L FRAME:0009 | PORT:24 | DR:3 | PWR:1 | MSG TYPE:UNCONFIRMED
1733754291s702:Airtime test started: 0
1733754291s702:MAC Tx start packet size: 18
1733754291s706:TX on freq 867100000 Hz at DR 3
1733754291s706:RADIO SEND WITH size 18
1733754291s708:SEND REQUEST
1733754291s894:NOTIFY
1733754291s894:MAC txDone
1733754292s880:RX_1 on freq 867100000 Hz at DR 3
1733754292s939:IRQ_RX_TX_TIMEOUT
1733754292s940:NOTIFY
1733754292s940:MAC rxTimeOut
1733754293s925:RX_2 on freq 869525000 Hz at DR 0
1733754294s123:IRQ_RX_TX_TIMEOUT
1733754294s123:NOTIFY
1733754294s123:MAC rxTimeOut

###### ========== MCPS-Confirm =============
###### U/L FRAME:0010 | PORT:24 | DR:3 | PWR:1 | MSG TYPE:UNCONFIRMED
1733754351s708:Airtime test started: 0
1733754351s708:MAC Tx start packet size: 18
1733754351s712:TX on freq 868300000 Hz at DR 3
1733754351s712:RADIO SEND WITH size 18
1733754351s714:SEND REQUEST
1733754351s900:NOTIFY
1733754351s900:MAC txDone
1733754352s886:RX_1 on freq 868300000 Hz at DR 3
1733754352s944:IRQ_RX_TX_TIMEOUT
1733754352s945:NOTIFY
1733754352s945:MAC rxTimeOut
1733754353s931:RX_2 on freq 869525000 Hz at DR 0
1733754354s129:IRQ_RX_TX_TIMEOUT
1733754354s129:NOTIFY
1733754354s129:MAC rxTimeOut

###### ========== MCPS-Confirm =============
###### U/L FRAME:0011 | PORT:24 | DR:3 | PWR:1 | MSG TYPE:UNCONFIRMED
1733754411s714:Airtime test started: 0
1733754411s714:MAC Tx start packet size: 18
1733754411s718:TX on freq 868500000 Hz at DR 3
1733754411s718:RADIO SEND WITH size 18
1733754411s720:SEND REQUEST
1733754411s905:NOTIFY
1733754411s905:MAC txDone
1733754412s892:RX_1 on freq 868500000 Hz at DR 3
1733754412s950:IRQ_RX_TX_TIMEOUT
1733754412s951:NOTIFY
1733754412s951:MAC rxTimeOut
1733754413s937:RX_2 on freq 869525000 Hz at DR 0
1733754414s135:IRQ_RX_TX_TIMEOUT
1733754414s135:NOTIFY
1733754414s135:MAC rxTimeOut

###### ========== MCPS-Confirm =============
###### U/L FRAME:0012 | PORT:24 | DR:3 | PWR:1 | MSG TYPE:UNCONFIRMED
1733754471s720:Airtime test started: 0
1733754471s720:MAC Tx start packet size: 18
1733754471s724:TX on freq 867900000 Hz at DR 3
1733754471s724:RADIO SEND WITH size 18
1733754471s726:SEND REQUEST
1733754471s911:NOTIFY
1733754471s911:MAC txDone
1733754472s898:RX_1 on freq 867900000 Hz at DR 3
1733754472s956:IRQ_RX_TX_TIMEOUT
1733754472s957:NOTIFY
1733754472s957:MAC rxTimeOut
1733754473s943:RX_2 on freq 869525000 Hz at DR 0
1733754474s141:IRQ_RX_TX_TIMEOUT
1733754474s141:NOTIFY
1733754474s141:MAC rxTimeOut

###### ========== MCPS-Confirm =============
###### U/L FRAME:0013 | PORT:24 | DR:3 | PWR:1 | MSG TYPE:UNCONFIRMED
1733754531s726:Airtime test started: 0
1733754531s726:MAC Tx start packet size: 18
1733754531s730:TX on freq 868100000 Hz at DR 3
1733754531s730:RADIO SEND WITH size 18
1733754531s732:SEND REQUEST
1733754531s917:NOTIFY
1733754531s917:MAC txDone
1733754532s903:RX_1 on freq 868100000 Hz at DR 3
1733754532s962:IRQ_RX_TX_TIMEOUT
1733754532s963:NOTIFY
1733754532s963:MAC rxTimeOut
1733754533s948:RX_2 on freq 869525000 Hz at DR 0
1733754534s147:IRQ_RX_TX_TIMEOUT
1733754534s147:NOTIFY
1733754534s147:MAC rxTimeOut

###### ========== MCPS-Confirm =============
###### U/L FRAME:0014 | PORT:24 | DR:3 | PWR:1 | MSG TYPE:UNCONFIRMED
1733754591s732:Airtime test started: 0
1733754591s732:MAC Tx start packet size: 18
1733754591s735:TX on freq 867300000 Hz at DR 3
1733754591s735:RADIO SEND WITH size 18
1733754591s737:SEND REQUEST
1733754591s923:NOTIFY
1733754591s923:MAC txDone
1733754592s909:RX_1 on freq 867300000 Hz at DR 3
1733754592s968:IRQ_RX_TX_TIMEOUT
1733754592s969:NOTIFY
1733754592s969:MAC rxTimeOut
1733754593s954:RX_2 on freq 869525000 Hz at DR 0
1733754594s152:IRQ_RX_TX_TIMEOUT
1733754594s152:NOTIFY
1733754594s152:MAC rxTimeOut

###### ========== MCPS-Confirm =============
###### U/L FRAME:0015 | PORT:24 | DR:3 | PWR:1 | MSG TYPE:UNCONFIRMED
1733754651s737:Airtime test started: 0
1733754651s737:MAC Tx start packet size: 18
1733754651s741:TX on freq 867500000 Hz at DR 3
1733754651s741:RADIO SEND WITH size 18
1733754651s743:SEND REQUEST
1733754651s929:NOTIFY
1733754651s929:MAC txDone
1733754652s915:RX_1 on freq 867500000 Hz at DR 3
1733754652s974:IRQ_RX_TX_TIMEOUT
1733754652s975:NOTIFY
1733754652s975:MAC rxTimeOut
1733754653s960:RX_2 on freq 869525000 Hz at DR 0
1733754654s158:IRQ_RX_TX_TIMEOUT
1733754654s158:NOTIFY
1733754654s158:MAC rxTimeOut

###### ========== MCPS-Confirm =============
###### U/L FRAME:0016 | PORT:24 | DR:3 | PWR:1 | MSG TYPE:UNCONFIRMED
1733754711s743:Airtime test started: 0
1733754711s743:MAC Tx start packet size: 18
1733754711s747:TX on freq 867100000 Hz at DR 3
1733754711s747:RADIO SEND WITH size 18
1733754711s749:SEND REQUEST
1733754711s935:NOTIFY
1733754711s935:MAC txDone
1733754712s921:RX_1 on freq 867100000 Hz at DR 3
1733754712s980:IRQ_RX_TX_TIMEOUT
1733754712s981:NOTIFY
1733754712s981:MAC rxTimeOut
1733754713s966:RX_2 on freq 869525000 Hz at DR 0
1733754714s164:IRQ_RX_TX_TIMEOUT
1733754714s164:NOTIFY
1733754714s164:MAC rxTimeOut

###### ========== MCPS-Confirm =============
###### U/L FRAME:0017 | PORT:24 | DR:3 | PWR:1 | MSG TYPE:UNCONFIRMED
1733754771s749:Airtime test started: 0
1733754771s749:MAC Tx start packet size: 18
1733754771s753:TX on freq 867300000 Hz at DR 3
1733754771s753:RADIO SEND WITH size 18
1733754771s755:SEND REQUEST
1733754771s941:NOTIFY
1733754771s941:MAC txDone
1733754772s927:RX_1 on freq 867300000 Hz at DR 3
1733754772s985:IRQ_RX_TX_TIMEOUT
1733754772s986:NOTIFY
1733754772s986:MAC rxTimeOut
1733754773s972:RX_2 on freq 869525000 Hz at DR 0
1733754774s170:IRQ_RX_TX_TIMEOUT
1733754774s170:NOTIFY
1733754774s170:MAC rxTimeOut

###### ========== MCPS-Confirm =============
###### U/L FRAME:0018 | PORT:24 | DR:3 | PWR:1 | MSG TYPE:UNCONFIRMED
1733754831s755:Airtime test started: 0
1733754831s755:MAC Tx start packet size: 18
1733754831s759:TX on freq 868300000 Hz at DR 3
1733754831s759:RADIO SEND WITH size 18
1733754831s761:SEND REQUEST
1733754831s946:NOTIFY
1733754831s946:MAC txDone
1733754832s933:RX_1 on freq 868300000 Hz at DR 3
1733754832s991:IRQ_RX_TX_TIMEOUT
1733754832s992:NOTIFY
1733754832s992:MAC rxTimeOut
1733754833s978:RX_2 on freq 869525000 Hz at DR 0
1733754834s176:IRQ_RX_TX_TIMEOUT
1733754834s176:NOTIFY
1733754834s176:MAC rxTimeOut

###### ========== MCPS-Confirm =============
###### U/L FRAME:0019 | PORT:24 | DR:3 | PWR:1 | MSG TYPE:UNCONFIRMED
1733754891s761:Airtime test started: 0
1733754891s761:MAC Tx start packet size: 18
1733754891s765:TX on freq 868300000 Hz at DR 3
1733754891s765:RADIO SEND WITH size 18
1733754891s767:SEND REQUEST
1733754891s952:NOTIFY
1733754891s952:MAC txDone
1733754892s939:RX_1 on freq 868300000 Hz at DR 3
1733754892s997:IRQ_RX_TX_TIMEOUT
1733754892s998:NOTIFY
1733754892s998:MAC rxTimeOut
1733754893s984:RX_2 on freq 869525000 Hz at DR 0
1733754894s182:IRQ_RX_TX_TIMEOUT
1733754894s182:NOTIFY
1733754894s182:MAC rxTimeOut

###### ========== MCPS-Confirm =============
###### U/L FRAME:0020 | PORT:24 | DR:3 | PWR:1 | MSG TYPE:UNCONFIRMED
1733754951s767:Airtime test started: 0
1733754951s767:MAC Tx start packet size: 18
1733754951s771:TX on freq 867900000 Hz at DR 3
1733754951s771:RADIO SEND WITH size 18
1733754951s773:SEND REQUEST
1733754951s958:NOTIFY
1733754951s958:MAC txDone
1733754952s944:RX_1 on freq 867900000 Hz at DR 3
1733754953s003:IRQ_RX_TX_TIMEOUT
1733754953s004:NOTIFY
1733754953s004:MAC rxTimeOut
1733754953s989:RX_2 on freq 869525000 Hz at DR 0
1733754954s188:IRQ_RX_TX_TIMEOUT
1733754954s188:NOTIFY
1733754954s188:MAC rxTimeOut

###### ========== MCPS-Confirm =============
###### U/L FRAME:0021 | PORT:24 | DR:3 | PWR:1 | MSG TYPE:UNCONFIRMED
1733755011s773:Airtime test started: 0
1733755011s773:MAC Tx start packet size: 18
1733755011s777:TX on freq 867900000 Hz at DR 3
1733755011s777:RADIO SEND WITH size 18
1733755011s778:SEND REQUEST
1733755011s964:NOTIFY
1733755011s964:MAC txDone
1733755012s950:RX_1 on freq 867900000 Hz at DR 3
1733755013s009:IRQ_RX_TX_TIMEOUT
1733755013s010:NOTIFY
1733755013s010:MAC rxTimeOut
1733755013s995:RX_2 on freq 869525000 Hz at DR 0
1733755014s194:IRQ_RX_TX_TIMEOUT
1733755014s194:NOTIFY
1733755014s194:MAC rxTimeOut

###### ========== MCPS-Confirm =============
###### U/L FRAME:0022 | PORT:24 | DR:3 | PWR:1 | MSG TYPE:UNCONFIRMED
1733755071s778:Airtime test started: 0
1733755071s778:MAC Tx start packet size: 18
1733755071s782:TX on freq 867500000 Hz at DR 3
1733755071s782:RADIO SEND WITH size 18
1733755071s784:SEND REQUEST
1733755071s970:NOTIFY
1733755071s970:MAC txDone
1733755072s956:RX_1 on freq 867500000 Hz at DR 3
1733755073s015:IRQ_RX_TX_TIMEOUT
1733755073s016:NOTIFY
1733755073s016:MAC rxTimeOut
1733755074s001:RX_2 on freq 869525000 Hz at DR 0
1733755074s199:IRQ_RX_TX_TIMEOUT
1733755074s199:NOTIFY
1733755074s199:MAC rxTimeOut

###### ========== MCPS-Confirm =============
###### U/L FRAME:0023 | PORT:24 | DR:3 | PWR:1 | MSG TYPE:UNCONFIRMED
1733755131s784:Airtime test started: 0
1733755131s784:MAC Tx start packet size: 18
1733755131s788:TX on freq 867500000 Hz at DR 3
1733755131s788:RADIO SEND WITH size 18
1733755131s790:SEND REQUEST
1733755131s976:NOTIFY
1733755131s976:MAC txDone
1733755132s962:RX_1 on freq 867500000 Hz at DR 3
1733755133s021:IRQ_RX_TX_TIMEOUT
1733755133s022:NOTIFY
1733755133s022:MAC rxTimeOut
1733755134s007:RX_2 on freq 869525000 Hz at DR 0
1733755134s205:IRQ_RX_TX_TIMEOUT
1733755134s205:NOTIFY
1733755134s205:MAC rxTimeOut

###### ========== MCPS-Confirm =============
###### U/L FRAME:0024 | PORT:24 | DR:3 | PWR:1 | MSG TYPE:UNCONFIRMED
1733755191s790:Airtime test started: 0
1733755191s790:MAC Tx start packet size: 18
1733755191s794:TX on freq 867100000 Hz at DR 3
1733755191s794:RADIO SEND WITH size 18
1733755191s796:SEND REQUEST
1733755191s982:NOTIFY
1733755191s982:MAC txDone
1733755192s968:RX_1 on freq 867100000 Hz at DR 3
1733755193s027:IRQ_RX_TX_TIMEOUT
1733755193s027:NOTIFY
1733755193s027:MAC rxTimeOut
1733755194s013:RX_2 on freq 869525000 Hz at DR 0
1733755194s211:IRQ_RX_TX_TIMEOUT
1733755194s211:NOTIFY
1733755194s211:MAC rxTimeOut

###### ========== MCPS-Confirm =============
###### U/L FRAME:0025 | PORT:24 | DR:3 | PWR:1 | MSG TYPE:UNCONFIRMED
1733755251s796:Airtime test started: 0
1733755251s796:MAC Tx start packet size: 18
1733755251s800:TX on freq 867300000 Hz at DR 3
1733755251s800:RADIO SEND WITH size 18
1733755251s802:SEND REQUEST
1733755251s987:NOTIFY
1733755251s987:MAC txDone
1733755252s974:RX_1 on freq 867300000 Hz at DR 3
1733755253s032:IRQ_RX_TX_TIMEOUT
1733755253s033:NOTIFY
1733755253s033:MAC rxTimeOut
1733755254s019:RX_2 on freq 869525000 Hz at DR 0
1733755254s217:IRQ_RX_TX_TIMEOUT
1733755254s217:NOTIFY
1733755254s217:MAC rxTimeOut

###### ========== MCPS-Confirm =============
###### U/L FRAME:0026 | PORT:24 | DR:3 | PWR:1 | MSG TYPE:UNCONFIRMED
1733755311s802:Airtime test started: 0
1733755311s802:MAC Tx start packet size: 18
1733755311s806:TX on freq 868100000 Hz at DR 3
1733755311s806:RADIO SEND WITH size 18
1733755311s808:SEND REQUEST
1733755311s993:NOTIFY
1733755311s993:MAC txDone
1733755312s980:RX_1 on freq 868100000 Hz at DR 3
1733755313s038:IRQ_RX_TX_TIMEOUT
1733755313s039:NOTIFY
1733755313s039:MAC rxTimeOut
1733755314s025:RX_2 on freq 869525000 Hz at DR 0
1733755314s223:IRQ_RX_TX_TIMEOUT
1733755314s223:NOTIFY
1733755314s223:MAC rxTimeOut

###### ========== MCPS-Confirm =============
###### U/L FRAME:0027 | PORT:24 | DR:3 | PWR:1 | MSG TYPE:UNCONFIRMED
1733755371s808:Airtime test started: 0
1733755371s808:MAC Tx start packet size: 18
1733755371s812:TX on freq 868500000 Hz at DR 3
1733755371s812:RADIO SEND WITH size 18
1733755371s814:SEND REQUEST
1733755371s999:NOTIFY
1733755371s999:MAC txDone
1733755372s985:RX_1 on freq 868500000 Hz at DR 3
1733755373s044:IRQ_RX_TX_TIMEOUT
1733755373s045:NOTIFY
1733755373s045:MAC rxTimeOut
1733755374s030:RX_2 on freq 869525000 Hz at DR 0
1733755374s229:IRQ_RX_TX_TIMEOUT
1733755374s229:NOTIFY
1733755374s229:MAC rxTimeOut

###### ========== MCPS-Confirm =============
###### U/L FRAME:0028 | PORT:24 | DR:3 | PWR:1 | MSG TYPE:UNCONFIRMED
1733755431s814:Airtime test started: 0
1733755431s814:MAC Tx start packet size: 18
1733755431s818:TX on freq 867900000 Hz at DR 3
1733755431s818:RADIO SEND WITH size 18
1733755431s819:SEND REQUEST
1733755432s005:NOTIFY
1733755432s005:MAC txDone
1733755432s991:RX_1 on freq 867900000 Hz at DR 3
1733755433s050:IRQ_RX_TX_TIMEOUT
1733755433s051:NOTIFY
1733755433s051:MAC rxTimeOut
1733755434s036:RX_2 on freq 869525000 Hz at DR 0
1733755434s235:IRQ_RX_TX_TIMEOUT
1733755434s235:NOTIFY
1733755434s235:MAC rxTimeOut

###### ========== MCPS-Confirm =============
###### U/L FRAME:0029 | PORT:24 | DR:3 | PWR:1 | MSG TYPE:UNCONFIRMED
1733755491s819:Airtime test started: 0
1733755491s819:MAC Tx start packet size: 18
1733755491s823:TX on freq 868100000 Hz at DR 3
1733755491s823:RADIO SEND WITH size 18
1733755491s825:SEND REQUEST
1733755492s011:NOTIFY
1733755492s011:MAC txDone
1733755492s997:RX_1 on freq 868100000 Hz at DR 3
1733755493s056:IRQ_RX_TX_TIMEOUT
1733755493s057:NOTIFY
1733755493s057:MAC rxTimeOut
1733755494s042:RX_2 on freq 869525000 Hz at DR 0
1733755494s240:IRQ_RX_TX_TIMEOUT
1733755494s240:NOTIFY
1733755494s240:MAC rxTimeOut

###### ========== MCPS-Confirm =============
###### U/L FRAME:0030 | PORT:24 | DR:3 | PWR:1 | MSG TYPE:UNCONFIRMED
1733755551s825:Airtime test started: 0
1733755551s825:MAC Tx start packet size: 18
1733755551s829:TX on freq 867300000 Hz at DR 3
1733755551s829:RADIO SEND WITH size 18
1733755551s831:SEND REQUEST
1733755552s017:NOTIFY
1733755552s017:MAC txDone
1733755553s003:RX_1 on freq 867300000 Hz at DR 3
1733755553s062:IRQ_RX_TX_TIMEOUT
1733755553s063:NOTIFY
1733755553s063:MAC rxTimeOut
1733755554s048:RX_2 on freq 869525000 Hz at DR 0
1733755554s246:IRQ_RX_TX_TIMEOUT
1733755554s246:NOTIFY
1733755554s246:MAC rxTimeOut

###### ========== MCPS-Confirm =============
###### U/L FRAME:0031 | PORT:24 | DR:3 | PWR:1 | MSG TYPE:UNCONFIRMED
1733755611s831:Airtime test started: 0
1733755611s831:MAC Tx start packet size: 18
1733755611s835:TX on freq 867700000 Hz at DR 3
1733755611s835:RADIO SEND WITH size 18
1733755611s837:SEND REQUEST
1733755612s023:NOTIFY
1733755612s023:MAC txDone
1733755613s009:RX_1 on freq 867700000 Hz at DR 3
1733755613s068:IRQ_RX_TX_TIMEOUT
1733755613s069:NOTIFY
1733755613s069:MAC rxTimeOut
1733755614s054:RX_2 on freq 869525000 Hz at DR 0
1733755614s252:IRQ_RX_TX_TIMEOUT
1733755614s252:NOTIFY
1733755614s252:MAC rxTimeOut

###### ========== MCPS-Confirm =============
###### U/L FRAME:0032 | PORT:24 | DR:3 | PWR:1 | MSG TYPE:UNCONFIRMED
1733755671s837:Airtime test started: 0
1733755671s837:MAC Tx start packet size: 18
1733755671s841:TX on freq 868500000 Hz at DR 3
1733755671s841:RADIO SEND WITH size 18
1733755671s843:SEND REQUEST
1733755672s028:NOTIFY
1733755672s028:MAC txDone
1733755673s015:RX_1 on freq 868500000 Hz at DR 3
1733755673s073:IRQ_RX_TX_TIMEOUT
1733755673s074:NOTIFY
1733755673s074:MAC rxTimeOut
1733755674s060:RX_2 on freq 869525000 Hz at DR 0
1733755674s258:IRQ_RX_TX_TIMEOUT
1733755674s258:NOTIFY
1733755674s258:MAC rxTimeOut

###### ========== MCPS-Confirm =============
###### U/L FRAME:0033 | PORT:24 | DR:3 | PWR:1 | MSG TYPE:UNCONFIRMED
1733755731s843:Airtime test started: 0
1733755731s843:MAC Tx start packet size: 18
1733755731s847:TX on freq 867100000 Hz at DR 3
1733755731s847:RADIO SEND WITH size 18
1733755731s849:SEND REQUEST
1733755732s034:NOTIFY
1733755732s034:MAC txDone
1733755733s021:RX_1 on freq 867100000 Hz at DR 3
1733755733s079:IRQ_RX_TX_TIMEOUT
1733755733s080:NOTIFY
1733755733s080:MAC rxTimeOut
1733755734s066:RX_2 on freq 869525000 Hz at DR 0
1733755734s264:IRQ_RX_TX_TIMEOUT
1733755734s264:NOTIFY
1733755734s264:MAC rxTimeOut

###### ========== MCPS-Confirm =============
###### U/L FRAME:0034 | PORT:24 | DR:3 | PWR:1 | MSG TYPE:UNCONFIRMED
1733755791s849:Airtime test started: 0
1733755791s849:MAC Tx start packet size: 18
1733755791s853:TX on freq 868300000 Hz at DR 3
1733755791s853:RADIO SEND WITH size 18
1733755791s855:SEND REQUEST
1733755792s040:NOTIFY
1733755792s040:MAC txDone
1733755793s027:RX_1 on freq 868300000 Hz at DR 3
1733755793s085:IRQ_RX_TX_TIMEOUT
1733755793s086:NOTIFY
1733755793s086:MAC rxTimeOut
1733755794s071:RX_2 on freq 869525000 Hz at DR 0
1733755794s270:IRQ_RX_TX_TIMEOUT
1733755794s270:NOTIFY
1733755794s270:MAC rxTimeOut

###### ========== MCPS-Confirm =============
###### U/L FRAME:0035 | PORT:24 | DR:3 | PWR:1 | MSG TYPE:UNCONFIRMED
1733755851s855:Airtime test started: 0
1733755851s855:MAC Tx start packet size: 18
1733755851s859:TX on freq 868500000 Hz at DR 3
1733755851s859:RADIO SEND WITH size 18
1733755851s860:SEND REQUEST
1733755852s046:NOTIFY
1733755852s046:MAC txDone
1733755853s032:RX_1 on freq 868500000 Hz at DR 3
1733755853s091:IRQ_RX_TX_TIMEOUT
1733755853s092:NOTIFY
1733755853s092:MAC rxTimeOut
1733755854s077:RX_2 on freq 869525000 Hz at DR 0
1733755854s276:IRQ_RX_TX_TIMEOUT
1733755854s276:NOTIFY
1733755854s276:MAC rxTimeOut

###### ========== MCPS-Confirm =============
###### U/L FRAME:0036 | PORT:24 | DR:3 | PWR:1 | MSG TYPE:UNCONFIRMED
1733755911s860:Airtime test started: 0
1733755911s860:MAC Tx start packet size: 18
1733755911s864:TX on freq 867900000 Hz at DR 3
1733755911s864:RADIO SEND WITH size 18
1733755911s866:SEND REQUEST
1733755912s052:NOTIFY
1733755912s052:MAC txDone
1733755913s038:RX_1 on freq 867900000 Hz at DR 3
1733755913s343:MAC rxNotify
1733755913s343:NOTIFY
1733755913s343:MAC rxDone

###### ========== MCPS-Confirm =============
###### U/L FRAME:0037 | PORT:24 | DR:3 | PWR:1 | MSG TYPE:UNCONFIRMED
1733755913s346:value of rxport: 200
1733755913s346:MULTICAST CLASS C SETUP 2
###### D/L FRAME:0001 | PORT:200 | DR:3 | SLOT:1 | RSSI:-21 | SNR:12
1733755913s356:MAC Tx start packet size: 15
1733755913s360:TX on freq 867900000 Hz at DR 3
1733755913s360:RADIO SEND WITH size 15
ID          : 0
McAddr      : 976868F3
McKey       : 56-13-C2-C6-B3-35-55-C3-81-8A-2A-A4-DF-94-00-C9
McFCountMin : 0
McFCountMax : 4294967295
SessionTime : 0
SessionTimeT: 1 s
Rx Freq     : 0
Rx DR       : DR_0
1733755913s527:NOTIFY
1733755913s527:MAC txDone
1733755914s514:RX_1 on freq 867900000 Hz at DR 3
1733755914s572:IRQ_RX_TX_TIMEOUT
1733755914s573:NOTIFY
1733755914s573:MAC rxTimeOut
1733755915s559:RX_2 on freq 869525000 Hz at DR 0
1733755915s757:IRQ_RX_TX_TIMEOUT
1733755915s757:NOTIFY
1733755915s757:MAC rxTimeOut

###### ========== MCPS-Confirm =============
###### U/L FRAME:0038 | PORT:200 | DR:3 | PWR:1 | MSG TYPE:UNCONFIRMED
1733755971s866:Airtime test started: 0
1733755971s866:MAC Tx start packet size: 18
1733755971s870:TX on freq 867300000 Hz at DR 3
1733755971s870:RADIO SEND WITH size 18
1733755971s872:SEND REQUEST
1733755972s058:NOTIFY
1733755972s058:MAC txDone
1733755973s044:RX_1 on freq 867300000 Hz at DR 3
1733755973s267:MAC rxNotify
1733755973s267:NOTIFY
1733755973s267:MAC rxDone

###### ========== MCPS-Confirm =============
###### U/L FRAME:0039 | PORT:24 | DR:3 | PWR:1 | MSG TYPE:UNCONFIRMED
1733755973s269:value of rxport: 201
###### D/L FRAME:0002 | PORT:201 | DR:3 | SLOT:1 | RSSI:-21 | SNR:11
1733755973s270:#####################FRAGDECODER INIT
1733755977s152:MAC Tx start packet size: 15
1733755977s156:TX on freq 867500000 Hz at DR 3
1733755977s156:RADIO SEND WITH size 15
1733755977s323:NOTIFY
1733755977s323:MAC txDone
1733755978s310:RX_1 on freq 867500000 Hz at DR 3
1733755978s532:MAC rxNotify
1733755978s532:NOTIFY
1733755978s532:MAC rxDone

###### ========== MCPS-Confirm =============
###### U/L FRAME:0040 | PORT:201 | DR:3 | PWR:1 | MSG TYPE:UNCONFIRMED
1733755978s534:value of rxport: 200
1733755978s535:MULTICAST CLASS C SETUP 4
###### D/L FRAME:0003 | PORT:200 | DR:3 | SLOT:1 | RSSI:-21 | SNR:12
Time2SessionStart: 253000 ms
1733755978s535:MAC Tx start packet size: 18
1733755978s539:TX on freq 867100000 Hz at DR 3
1733755978s540:RADIO SEND WITH size 18
ID          : 0
McAddr      : 976868F3
McKey       : 56-13-C2-C6-B3-35-55-C3-81-8A-2A-A4-DF-94-00-C9
McFCountMin : 0
McFCountMax : 4294967295
SessionTime : 1733756231
SessionTimeT: 2048 s
Rx Freq     : 869525000
Rx DR       : DR_2
1733755978s727:NOTIFY
1733755978s727:MAC txDone
1733755979s713:RX_1 on freq 867100000 Hz at DR 3
1733755979s772:IRQ_RX_TX_TIMEOUT
1733755979s773:NOTIFY
1733755979s773:MAC rxTimeOut
1733755980s758:RX_2 on freq 869525000 Hz at DR 0
1733755980s956:IRQ_RX_TX_TIMEOUT
1733755980s956:NOTIFY
1733755980s956:MAC rxTimeOut

###### ========== MCPS-Confirm =============
###### U/L FRAME:0041 | PORT:200 | DR:3 | PWR:1 | MSG TYPE:UNCONFIRMED
1733756231s535:[SWITCHCLASS class C]
1733756231s550:RX_C on freq 869525000 Hz at DR 2
1733756231s552:#############OPENED CONTINUOUS RX C WINDOW
Switch to Class C done
1733756280s208:MAC rxNotify
1733756280s208:NOTIFY
1733756280s208:MAC rxDone
1733756280s211:RXSLOT
1733756280s211:value of rxport: 201
###### D/L FRAME:0000 | PORT:201 | DR:2 | SLOT:C_MC | RSSI:-21 | SNR:9
1733756280s211:#####################FRAGDECODER PROCESS

.... FRAG_DECODER in Progress ....
EXPECTED   : 052 Fragments (02028 Bytes)
RECEIVED   : 001 Fragments
             00039 Bytes
LOST       : 000 Fragments

1733756280s216:RX_C on freq 869525000 Hz at DR 2
1733756280s217:#############OPENED CONTINUOUS RX C WINDOW
1733756286s290:MAC rxNotify
1733756286s290:NOTIFY
1733756286s290:MAC rxDone
1733756286s293:RXSLOT
1733756286s293:value of rxport: 201
###### D/L FRAME:0001 | PORT:201 | DR:2 | SLOT:C_MC | RSSI:-21 | SNR:9
1733756286s293:#####################FRAGDECODER PROCESS

.... FRAG_DECODER in Progress ....
EXPECTED   : 052 Fragments (02028 Bytes)
RECEIVED   : 002 Fragments
             00078 Bytes
LOST       : 000 Fragments

1733756286s298:RX_C on freq 869525000 Hz at DR 2
1733756286s299:#############OPENED CONTINUOUS RX C WINDOW
1733756292s329:MAC rxNotify
1733756292s329:NOTIFY
1733756292s329:MAC rxDone
1733756292s333:RXSLOT
1733756292s333:value of rxport: 201
###### D/L FRAME:0002 | PORT:201 | DR:2 | SLOT:C_MC | RSSI:-21 | SNR:8
1733756292s333:#####################FRAGDECODER PROCESS

.... FRAG_DECODER in Progress ....
EXPECTED   : 052 Fragments (02028 Bytes)
RECEIVED   : 003 Fragments
             00117 Bytes
LOST       : 000 Fragments

1733756292s338:RX_C on freq 869525000 Hz at DR 2
1733756292s339:#############OPENED CONTINUOUS RX C WINDOW
1733756298s347:MAC rxNotify
1733756298s347:NOTIFY
1733756298s347:MAC rxDone
1733756298s350:RXSLOT
1733756298s350:value of rxport: 201
###### D/L FRAME:0003 | PORT:201 | DR:2 | SLOT:C_MC | RSSI:-21 | SNR:8
1733756298s350:#####################FRAGDECODER PROCESS

.... FRAG_DECODER in Progress ....
EXPECTED   : 052 Fragments (02028 Bytes)
RECEIVED   : 004 Fragments
             00156 Bytes
LOST       : 000 Fragments

1733756298s354:RX_C on freq 869525000 Hz at DR 2
1733756298s356:#############OPENED CONTINUOUS RX C WINDOW
1733756305s374:MAC rxNotify
1733756305s374:NOTIFY
1733756305s374:MAC rxDone
1733756305s377:RXSLOT
1733756305s377:value of rxport: 201
###### D/L FRAME:0004 | PORT:201 | DR:2 | SLOT:C_MC | RSSI:-22 | SNR:9
1733756305s377:#####################FRAGDECODER PROCESS

.... FRAG_DECODER in Progress ....
EXPECTED   : 052 Fragments (02028 Bytes)
RECEIVED   : 005 Fragments
             00195 Bytes
LOST       : 000 Fragments

1733756305s382:RX_C on freq 869525000 Hz at DR 2
1733756305s383:#############OPENED CONTINUOUS RX C WINDOW
1733756311s403:MAC rxNotify
1733756311s403:NOTIFY
1733756311s403:MAC rxDone
1733756311s406:RXSLOT
1733756311s406:value of rxport: 201
###### D/L FRAME:0005 | PORT:201 | DR:2 | SLOT:C_MC | RSSI:-22 | SNR:9
1733756311s406:#####################FRAGDECODER PROCESS

.... FRAG_DECODER in Progress ....
EXPECTED   : 052 Fragments (02028 Bytes)
RECEIVED   : 006 Fragments
             00234 Bytes
LOST       : 000 Fragments

1733756311s410:RX_C on freq 869525000 Hz at DR 2
1733756311s412:#############OPENED CONTINUOUS RX C WINDOW
1733756317s413:MAC rxNotify
1733756317s413:NOTIFY
1733756317s413:MAC rxDone
1733756317s416:RXSLOT
1733756317s416:value of rxport: 201
###### D/L FRAME:0006 | PORT:201 | DR:2 | SLOT:C_MC | RSSI:-20 | SNR:9
1733756317s416:#####################FRAGDECODER PROCESS

.... FRAG_DECODER in Progress ....
EXPECTED   : 052 Fragments (02028 Bytes)
RECEIVED   : 007 Fragments
             00273 Bytes
LOST       : 000 Fragments

1733756317s421:RX_C on freq 869525000 Hz at DR 2
1733756317s422:#############OPENED CONTINUOUS RX C WINDOW
1733756323s439:MAC rxNotify
1733756323s439:NOTIFY
1733756323s439:MAC rxDone
1733756323s442:RXSLOT
1733756323s442:value of rxport: 201
###### D/L FRAME:0007 | PORT:201 | DR:2 | SLOT:C_MC | RSSI:-20 | SNR:10
1733756323s442:#####################FRAGDECODER PROCESS

.... FRAG_DECODER in Progress ....
EXPECTED   : 052 Fragments (02028 Bytes)
RECEIVED   : 008 Fragments
             00312 Bytes
LOST       : 000 Fragments

1733756323s446:RX_C on freq 869525000 Hz at DR 2
1733756323s447:#############OPENED CONTINUOUS RX C WINDOW
1733756330s467:MAC rxNotify
1733756330s467:NOTIFY
1733756330s467:MAC rxDone
1733756330s470:RXSLOT
1733756330s470:value of rxport: 201
###### D/L FRAME:0008 | PORT:201 | DR:2 | SLOT:C_MC | RSSI:-20 | SNR:9
1733756330s470:#####################FRAGDECODER PROCESS

.... FRAG_DECODER in Progress ....
EXPECTED   : 052 Fragments (02028 Bytes)
RECEIVED   : 009 Fragments
             00351 Bytes
LOST       : 000 Fragments

1733756330s475:RX_C on freq 869525000 Hz at DR 2
1733756330s476:#############OPENED CONTINUOUS RX C WINDOW
1733756336s496:MAC rxNotify
1733756336s496:NOTIFY
1733756336s496:MAC rxDone
1733756336s499:RXSLOT
1733756336s499:value of rxport: 201
###### D/L FRAME:0009 | PORT:201 | DR:2 | SLOT:C_MC | RSSI:-20 | SNR:9
1733756336s499:#####################FRAGDECODER PROCESS

.... FRAG_DECODER in Progress ....
EXPECTED   : 052 Fragments (02028 Bytes)
RECEIVED   : 010 Fragments
             00390 Bytes
LOST       : 000 Fragments

1733756336s504:RX_C on freq 869525000 Hz at DR 2
1733756336s505:#############OPENED CONTINUOUS RX C WINDOW
1733756342s521:MAC rxNotify
1733756342s521:NOTIFY
1733756342s521:MAC rxDone
1733756342s524:RXSLOT
1733756342s524:value of rxport: 201
###### D/L FRAME:0010 | PORT:201 | DR:2 | SLOT:C_MC | RSSI:-20 | SNR:9
1733756342s524:#####################FRAGDECODER PROCESS

.... FRAG_DECODER in Progress ....
EXPECTED   : 052 Fragments (02028 Bytes)
RECEIVED   : 011 Fragments
             00429 Bytes
LOST       : 000 Fragments

1733756342s528:RX_C on freq 869525000 Hz at DR 2
1733756342s529:#############OPENED CONTINUOUS RX C WINDOW
1733756348s548:MAC rxNotify
1733756348s548:NOTIFY
1733756348s548:MAC rxDone
1733756348s551:RXSLOT
1733756348s551:value of rxport: 201
###### D/L FRAME:0011 | PORT:201 | DR:2 | SLOT:C_MC | RSSI:-20 | SNR:9
1733756348s551:#####################FRAGDECODER PROCESS

.... FRAG_DECODER in Progress ....
EXPECTED   : 052 Fragments (02028 Bytes)
RECEIVED   : 012 Fragments
             00468 Bytes
LOST       : 000 Fragments

1733756348s556:RX_C on freq 869525000 Hz at DR 2
1733756348s557:#############OPENED CONTINUOUS RX C WINDOW
1733756355s585:MAC rxNotify
1733756355s585:NOTIFY
1733756355s585:MAC rxDone
1733756355s588:RXSLOT
1733756355s588:value of rxport: 201
###### D/L FRAME:0012 | PORT:201 | DR:2 | SLOT:C_MC | RSSI:-20 | SNR:9
1733756355s588:#####################FRAGDECODER PROCESS

.... FRAG_DECODER in Progress ....
EXPECTED   : 052 Fragments (02028 Bytes)
RECEIVED   : 013 Fragments
             00507 Bytes
LOST       : 000 Fragments

1733756355s593:RX_C on freq 869525000 Hz at DR 2
1733756355s594:#############OPENED CONTINUOUS RX C WINDOW
1733756361s608:MAC rxNotify
1733756361s608:NOTIFY
1733756361s608:MAC rxDone
1733756361s610:RXSLOT
1733756361s610:value of rxport: 201
###### D/L FRAME:0013 | PORT:201 | DR:2 | SLOT:C_MC | RSSI:-20 | SNR:9
1733756361s610:#####################FRAGDECODER PROCESS

.... FRAG_DECODER in Progress ....
EXPECTED   : 052 Fragments (02028 Bytes)
RECEIVED   : 014 Fragments
             00546 Bytes
LOST       : 000 Fragments

1733756361s615:RX_C on freq 869525000 Hz at DR 2
1733756361s616:#############OPENED CONTINUOUS RX C WINDOW
1733756367s663:MAC rxNotify
1733756367s663:NOTIFY
1733756367s663:MAC rxDone
1733756367s666:RXSLOT
1733756367s666:value of rxport: 201
###### D/L FRAME:0014 | PORT:201 | DR:2 | SLOT:C_MC | RSSI:-20 | SNR:9
1733756367s666:#####################FRAGDECODER PROCESS

.... FRAG_DECODER in Progress ....
EXPECTED   : 052 Fragments (02028 Bytes)
RECEIVED   : 015 Fragments
             00585 Bytes
LOST       : 000 Fragments

1733756367s670:RX_C on freq 869525000 Hz at DR 2
1733756367s672:#############OPENED CONTINUOUS RX C WINDOW
1733756373s734:MAC rxNotify
1733756373s734:NOTIFY
1733756373s734:MAC rxDone
1733756373s736:RXSLOT
1733756373s736:value of rxport: 201
###### D/L FRAME:0015 | PORT:201 | DR:2 | SLOT:C_MC | RSSI:-20 | SNR:9
1733756373s736:#####################FRAGDECODER PROCESS

.... FRAG_DECODER in Progress ....
EXPECTED   : 052 Fragments (02028 Bytes)
RECEIVED   : 016 Fragments
             00624 Bytes
LOST       : 000 Fragments

1733756373s741:RX_C on freq 869525000 Hz at DR 2
1733756373s742:#############OPENED CONTINUOUS RX C WINDOW
1733756380s777:MAC rxNotify
1733756380s778:NOTIFY
1733756380s778:MAC rxDone
1733756380s781:RXSLOT
1733756380s781:value of rxport: 201
###### D/L FRAME:0016 | PORT:201 | DR:2 | SLOT:C_MC | RSSI:-20 | SNR:9
1733756380s781:#####################FRAGDECODER PROCESS

.... FRAG_DECODER in Progress ....
EXPECTED   : 052 Fragments (02028 Bytes)
RECEIVED   : 017 Fragments
             00663 Bytes
LOST       : 000 Fragments

1733756380s786:RX_C on freq 869525000 Hz at DR 2
1733756380s787:#############OPENED CONTINUOUS RX C WINDOW
1733756386s792:MAC rxNotify
1733756386s792:NOTIFY
1733756386s792:MAC rxDone
1733756386s795:RXSLOT
1733756386s795:value of rxport: 201
###### D/L FRAME:0017 | PORT:201 | DR:2 | SLOT:C_MC | RSSI:-20 | SNR:9
1733756386s795:#####################FRAGDECODER PROCESS

.... FRAG_DECODER in Progress ....
EXPECTED   : 052 Fragments (02028 Bytes)
RECEIVED   : 018 Fragments
             00702 Bytes
LOST       : 000 Fragments

1733756386s800:RX_C on freq 869525000 Hz at DR 2
1733756386s801:#############OPENED CONTINUOUS RX C WINDOW
1733756392s817:MAC rxNotify
1733756392s817:NOTIFY
1733756392s818:MAC rxDone
1733756392s820:RXSLOT
1733756392s820:value of rxport: 201
###### D/L FRAME:0018 | PORT:201 | DR:2 | SLOT:C_MC | RSSI:-20 | SNR:9
1733756392s820:#####################FRAGDECODER PROCESS

.... FRAG_DECODER in Progress ....
EXPECTED   : 052 Fragments (02028 Bytes)
RECEIVED   : 019 Fragments
             00741 Bytes
LOST       : 000 Fragments

1733756392s825:RX_C on freq 869525000 Hz at DR 2
1733756392s826:#############OPENED CONTINUOUS RX C WINDOW
1733756398s843:MAC rxNotify
1733756398s843:NOTIFY
1733756398s843:MAC rxDone
1733756398s846:RXSLOT
1733756398s846:value of rxport: 201
###### D/L FRAME:0019 | PORT:201 | DR:2 | SLOT:C_MC | RSSI:-20 | SNR:9
1733756398s846:#####################FRAGDECODER PROCESS

.... FRAG_DECODER in Progress ....
EXPECTED   : 052 Fragments (02028 Bytes)
RECEIVED   : 020 Fragments
             00780 Bytes
LOST       : 000 Fragments

1733756398s851:RX_C on freq 869525000 Hz at DR 2
1733756398s852:#############OPENED CONTINUOUS RX C WINDOW
1733756405s869:MAC rxNotify
1733756405s869:NOTIFY
1733756405s869:MAC rxDone
1733756405s872:RXSLOT
1733756405s872:value of rxport: 201
###### D/L FRAME:0020 | PORT:201 | DR:2 | SLOT:C_MC | RSSI:-20 | SNR:9
1733756405s872:#####################FRAGDECODER PROCESS

.... FRAG_DECODER in Progress ....
EXPECTED   : 052 Fragments (02028 Bytes)
RECEIVED   : 021 Fragments
             00819 Bytes
LOST       : 000 Fragments

1733756405s877:RX_C on freq 869525000 Hz at DR 2
1733756405s878:#############OPENED CONTINUOUS RX C WINDOW
1733756411s895:MAC rxNotify
1733756411s895:NOTIFY
1733756411s895:MAC rxDone
1733756411s898:RXSLOT
1733756411s898:value of rxport: 201
###### D/L FRAME:0021 | PORT:201 | DR:2 | SLOT:C_MC | RSSI:-20 | SNR:9
1733756411s898:#####################FRAGDECODER PROCESS

.... FRAG_DECODER in Progress ....
EXPECTED   : 052 Fragments (02028 Bytes)
RECEIVED   : 022 Fragments
             00858 Bytes
LOST       : 000 Fragments

1733756411s902:RX_C on freq 869525000 Hz at DR 2
1733756411s903:#############OPENED CONTINUOUS RX C WINDOW
1733756417s917:MAC rxNotify
1733756417s917:NOTIFY
1733756417s917:MAC rxDone
1733756417s920:RXSLOT
1733756417s920:value of rxport: 201
###### D/L FRAME:0022 | PORT:201 | DR:2 | SLOT:C_MC | RSSI:-20 | SNR:9
1733756417s920:#####################FRAGDECODER PROCESS

.... FRAG_DECODER in Progress ....
EXPECTED   : 052 Fragments (02028 Bytes)
RECEIVED   : 023 Fragments
             00897 Bytes
LOST       : 000 Fragments

1733756417s924:RX_C on freq 869525000 Hz at DR 2
1733756417s926:#############OPENED CONTINUOUS RX C WINDOW
1733756423s943:MAC rxNotify
1733756423s943:NOTIFY
1733756423s943:MAC rxDone
1733756423s945:RXSLOT
1733756423s945:value of rxport: 201
###### D/L FRAME:0023 | PORT:201 | DR:2 | SLOT:C_MC | RSSI:-20 | SNR:9
1733756423s945:#####################FRAGDECODER PROCESS

.... FRAG_DECODER in Progress ....
EXPECTED   : 052 Fragments (02028 Bytes)
RECEIVED   : 024 Fragments
             00936 Bytes
LOST       : 000 Fragments

1733756423s950:RX_C on freq 869525000 Hz at DR 2
1733756423s951:#############OPENED CONTINUOUS RX C WINDOW
1733756430s971:MAC rxNotify
1733756430s971:NOTIFY
1733756430s972:MAC rxDone
1733756430s975:RXSLOT
1733756430s975:value of rxport: 201
###### D/L FRAME:0024 | PORT:201 | DR:2 | SLOT:C_MC | RSSI:-19 | SNR:9
1733756430s975:#####################FRAGDECODER PROCESS

.... FRAG_DECODER in Progress ....
EXPECTED   : 052 Fragments (02028 Bytes)
RECEIVED   : 025 Fragments
             00975 Bytes
LOST       : 000 Fragments

1733756430s980:RX_C on freq 869525000 Hz at DR 2
1733756430s981:#############OPENED CONTINUOUS RX C WINDOW
1733756436s991:MAC rxNotify
1733756436s991:NOTIFY
1733756436s991:MAC rxDone
1733756436s994:RXSLOT
1733756436s994:value of rxport: 201
###### D/L FRAME:0025 | PORT:201 | DR:2 | SLOT:C_MC | RSSI:-20 | SNR:9
1733756436s994:#####################FRAGDECODER PROCESS

.... FRAG_DECODER in Progress ....
EXPECTED   : 052 Fragments (02028 Bytes)
RECEIVED   : 026 Fragments
             01014 Bytes
LOST       : 000 Fragments

1733756436s999:RX_C on freq 869525000 Hz at DR 2
1733756437s000:#############OPENED CONTINUOUS RX C WINDOW
1733756443s018:MAC rxNotify
1733756443s018:NOTIFY
1733756443s018:MAC rxDone
1733756443s021:RXSLOT
1733756443s021:value of rxport: 201
###### D/L FRAME:0026 | PORT:201 | DR:2 | SLOT:C_MC | RSSI:-20 | SNR:9
1733756443s021:#####################FRAGDECODER PROCESS

.... FRAG_DECODER in Progress ....
EXPECTED   : 052 Fragments (02028 Bytes)
RECEIVED   : 027 Fragments
             01053 Bytes
LOST       : 000 Fragments

1733756443s025:RX_C on freq 869525000 Hz at DR 2
1733756443s027:#############OPENED CONTINUOUS RX C WINDOW
1733756449s056:MAC rxNotify
1733756449s056:NOTIFY
1733756449s056:MAC rxDone
1733756449s059:RXSLOT
1733756449s059:value of rxport: 201
###### D/L FRAME:0027 | PORT:201 | DR:2 | SLOT:C_MC | RSSI:-20 | SNR:9
1733756449s059:#####################FRAGDECODER PROCESS

.... FRAG_DECODER in Progress ....
EXPECTED   : 052 Fragments (02028 Bytes)
RECEIVED   : 028 Fragments
             01092 Bytes
LOST       : 000 Fragments

1733756449s064:RX_C on freq 869525000 Hz at DR 2
1733756449s065:#############OPENED CONTINUOUS RX C WINDOW
1733756456s151:MAC rxNotify
1733756456s151:NOTIFY
1733756456s151:MAC rxDone
1733756456s153:RXSLOT
1733756456s153:value of rxport: 201
###### D/L FRAME:0028 | PORT:201 | DR:2 | SLOT:C_MC | RSSI:-20 | SNR:9
1733756456s153:#####################FRAGDECODER PROCESS

.... FRAG_DECODER in Progress ....
EXPECTED   : 052 Fragments (02028 Bytes)
RECEIVED   : 029 Fragments
             01131 Bytes
LOST       : 000 Fragments

1733756456s158:RX_C on freq 869525000 Hz at DR 2
1733756456s159:#############OPENED CONTINUOUS RX C WINDOW
1733756462s207:MAC rxNotify
1733756462s207:NOTIFY
1733756462s207:MAC rxDone
1733756462s210:RXSLOT
1733756462s210:value of rxport: 201
###### D/L FRAME:0029 | PORT:201 | DR:2 | SLOT:C_MC | RSSI:-20 | SNR:10
1733756462s210:#####################FRAGDECODER PROCESS

.... FRAG_DECODER in Progress ....
EXPECTED   : 052 Fragments (02028 Bytes)
RECEIVED   : 030 Fragments
             01170 Bytes
LOST       : 000 Fragments

1733756462s215:RX_C on freq 869525000 Hz at DR 2
1733756462s216:#############OPENED CONTINUOUS RX C WINDOW
1733756468s233:MAC rxNotify
1733756468s233:NOTIFY
1733756468s233:MAC rxDone
1733756468s236:RXSLOT
1733756468s236:value of rxport: 201
###### D/L FRAME:0030 | PORT:201 | DR:2 | SLOT:C_MC | RSSI:-19 | SNR:9
1733756468s236:#####################FRAGDECODER PROCESS

.... FRAG_DECODER in Progress ....
EXPECTED   : 052 Fragments (02028 Bytes)
RECEIVED   : 031 Fragments
             01209 Bytes
LOST       : 000 Fragments

1733756468s241:RX_C on freq 869525000 Hz at DR 2
1733756468s242:#############OPENED CONTINUOUS RX C WINDOW
1733756474s252:MAC rxNotify
1733756474s252:NOTIFY
1733756474s252:MAC rxDone
1733756474s255:RXSLOT
1733756474s255:value of rxport: 201
###### D/L FRAME:0031 | PORT:201 | DR:2 | SLOT:C_MC | RSSI:-19 | SNR:9
1733756474s255:#####################FRAGDECODER PROCESS

.... FRAG_DECODER in Progress ....
EXPECTED   : 052 Fragments (02028 Bytes)
RECEIVED   : 032 Fragments
             01248 Bytes
LOST       : 000 Fragments

1733756474s260:RX_C on freq 869525000 Hz at DR 2
1733756474s261:#############OPENED CONTINUOUS RX C WINDOW
1733756481s282:MAC rxNotify
1733756481s282:NOTIFY
1733756481s282:MAC rxDone
1733756481s285:RXSLOT
1733756481s285:value of rxport: 201
###### D/L FRAME:0032 | PORT:201 | DR:2 | SLOT:C_MC | RSSI:-19 | SNR:9
1733756481s285:#####################FRAGDECODER PROCESS

.... FRAG_DECODER in Progress ....
EXPECTED   : 052 Fragments (02028 Bytes)
RECEIVED   : 033 Fragments
             01287 Bytes
LOST       : 000 Fragments

1733756481s290:RX_C on freq 869525000 Hz at DR 2
1733756481s291:#############OPENED CONTINUOUS RX C WINDOW
1733756487s313:MAC rxNotify
1733756487s313:NOTIFY
1733756487s313:MAC rxDone
1733756487s316:RXSLOT
1733756487s316:value of rxport: 201
###### D/L FRAME:0033 | PORT:201 | DR:2 | SLOT:C_MC | RSSI:-20 | SNR:9
1733756487s316:#####################FRAGDECODER PROCESS

.... FRAG_DECODER in Progress ....
EXPECTED   : 052 Fragments (02028 Bytes)
RECEIVED   : 034 Fragments
             01326 Bytes
LOST       : 000 Fragments

1733756487s319:RX_C on freq 869525000 Hz at DR 2
1733756487s321:#############OPENED CONTINUOUS RX C WINDOW
1733756493s321:MAC rxNotify
1733756493s321:NOTIFY
1733756493s321:MAC rxDone
1733756493s324:RXSLOT
1733756493s324:value of rxport: 201
###### D/L FRAME:0034 | PORT:201 | DR:2 | SLOT:C_MC | RSSI:-20 | SNR:10
1733756493s324:#####################FRAGDECODER PROCESS

.... FRAG_DECODER in Progress ....
EXPECTED   : 052 Fragments (02028 Bytes)
RECEIVED   : 035 Fragments
             01365 Bytes
LOST       : 000 Fragments

1733756493s329:RX_C on freq 869525000 Hz at DR 2
1733756493s330:#############OPENED CONTINUOUS RX C WINDOW
1733756499s347:MAC rxNotify
1733756499s347:NOTIFY
1733756499s347:MAC rxDone
1733756499s350:RXSLOT
1733756499s350:value of rxport: 201
###### D/L FRAME:0035 | PORT:201 | DR:2 | SLOT:C_MC | RSSI:-20 | SNR:9
1733756499s350:#####################FRAGDECODER PROCESS

.... FRAG_DECODER in Progress ....
EXPECTED   : 052 Fragments (02028 Bytes)
RECEIVED   : 036 Fragments
             01404 Bytes
LOST       : 000 Fragments

1733756499s355:RX_C on freq 869525000 Hz at DR 2
1733756499s356:#############OPENED CONTINUOUS RX C WINDOW
1733756506s366:MAC rxNotify
1733756506s366:NOTIFY
1733756506s366:MAC rxDone
1733756506s369:RXSLOT
1733756506s369:value of rxport: 201
###### D/L FRAME:0036 | PORT:201 | DR:2 | SLOT:C_MC | RSSI:-19 | SNR:9
1733756506s369:#####################FRAGDECODER PROCESS

.... FRAG_DECODER in Progress ....
EXPECTED   : 052 Fragments (02028 Bytes)
RECEIVED   : 037 Fragments
             01443 Bytes
LOST       : 000 Fragments

1733756506s374:RX_C on freq 869525000 Hz at DR 2
1733756506s375:#############OPENED CONTINUOUS RX C WINDOW
1733756512s392:MAC rxNotify
1733756512s392:NOTIFY
1733756512s392:MAC rxDone
1733756512s395:RXSLOT
1733756512s395:value of rxport: 201
###### D/L FRAME:0037 | PORT:201 | DR:2 | SLOT:C_MC | RSSI:-20 | SNR:10
1733756512s395:#####################FRAGDECODER PROCESS

.... FRAG_DECODER in Progress ....
EXPECTED   : 052 Fragments (02028 Bytes)
RECEIVED   : 038 Fragments
             01482 Bytes
LOST       : 000 Fragments

1733756512s400:RX_C on freq 869525000 Hz at DR 2
1733756512s401:#############OPENED CONTINUOUS RX C WINDOW
1733756518s415:MAC rxNotify
1733756518s415:NOTIFY
1733756518s415:MAC rxDone
1733756518s418:RXSLOT
1733756518s418:value of rxport: 201
###### D/L FRAME:0038 | PORT:201 | DR:2 | SLOT:C_MC | RSSI:-19 | SNR:9
1733756518s418:#####################FRAGDECODER PROCESS

.... FRAG_DECODER in Progress ....
EXPECTED   : 052 Fragments (02028 Bytes)
RECEIVED   : 039 Fragments
             01521 Bytes
LOST       : 000 Fragments

1733756518s423:RX_C on freq 869525000 Hz at DR 2
1733756518s424:#############OPENED CONTINUOUS RX C WINDOW
1733756524s444:MAC rxNotify
1733756524s444:NOTIFY
1733756524s444:MAC rxDone
1733756524s446:RXSLOT
1733756524s446:value of rxport: 201
###### D/L FRAME:0039 | PORT:201 | DR:2 | SLOT:C_MC | RSSI:-20 | SNR:9
1733756524s446:#####################FRAGDECODER PROCESS

.... FRAG_DECODER in Progress ....
EXPECTED   : 052 Fragments (02028 Bytes)
RECEIVED   : 040 Fragments
             01560 Bytes
LOST       : 000 Fragments

1733756524s451:RX_C on freq 869525000 Hz at DR 2
1733756524s452:#############OPENED CONTINUOUS RX C WINDOW
1733756531s479:MAC rxNotify
1733756531s479:NOTIFY
1733756531s479:MAC rxDone
1733756531s482:RXSLOT
1733756531s482:value of rxport: 201
###### D/L FRAME:0040 | PORT:201 | DR:2 | SLOT:C_MC | RSSI:-20 | SNR:9
1733756531s482:#####################FRAGDECODER PROCESS

.... FRAG_DECODER in Progress ....
EXPECTED   : 052 Fragments (02028 Bytes)
RECEIVED   : 041 Fragments
             01599 Bytes
LOST       : 000 Fragments

1733756531s486:RX_C on freq 869525000 Hz at DR 2
1733756531s487:#############OPENED CONTINUOUS RX C WINDOW
1733756537s511:MAC rxNotify
1733756537s511:NOTIFY
1733756537s511:MAC rxDone
1733756537s514:RXSLOT
1733756537s514:value of rxport: 201
###### D/L FRAME:0041 | PORT:201 | DR:2 | SLOT:C_MC | RSSI:-20 | SNR:9
1733756537s514:#####################FRAGDECODER PROCESS

.... FRAG_DECODER in Progress ....
EXPECTED   : 052 Fragments (02028 Bytes)
RECEIVED   : 042 Fragments
             01638 Bytes
LOST       : 000 Fragments

1733756537s519:RX_C on freq 869525000 Hz at DR 2
1733756537s520:#############OPENED CONTINUOUS RX C WINDOW
1733756543s581:MAC rxNotify
1733756543s582:NOTIFY
1733756543s582:MAC rxDone
1733756543s585:RXSLOT
1733756543s585:value of rxport: 201
###### D/L FRAME:0042 | PORT:201 | DR:2 | SLOT:C_MC | RSSI:-20 | SNR:9
1733756543s585:#####################FRAGDECODER PROCESS

.... FRAG_DECODER in Progress ....
EXPECTED   : 052 Fragments (02028 Bytes)
RECEIVED   : 043 Fragments
             01677 Bytes
LOST       : 000 Fragments

1733756543s590:RX_C on freq 869525000 Hz at DR 2
1733756543s591:#############OPENED CONTINUOUS RX C WINDOW
1733756549s649:MAC rxNotify
1733756549s649:NOTIFY
1733756549s649:MAC rxDone
1733756549s652:RXSLOT
1733756549s652:value of rxport: 201
###### D/L FRAME:0043 | PORT:201 | DR:2 | SLOT:C_MC | RSSI:-21 | SNR:9
1733756549s652:#####################FRAGDECODER PROCESS

.... FRAG_DECODER in Progress ....
EXPECTED   : 052 Fragments (02028 Bytes)
RECEIVED   : 044 Fragments
             01716 Bytes
LOST       : 000 Fragments

1733756549s656:RX_C on freq 869525000 Hz at DR 2
1733756549s657:#############OPENED CONTINUOUS RX C WINDOW
1733756556s688:MAC rxNotify
1733756556s688:NOTIFY
1733756556s688:MAC rxDone
1733756556s691:RXSLOT
1733756556s691:value of rxport: 201
###### D/L FRAME:0044 | PORT:201 | DR:2 | SLOT:C_MC | RSSI:-20 | SNR:9
1733756556s691:#####################FRAGDECODER PROCESS

.... FRAG_DECODER in Progress ....
EXPECTED   : 052 Fragments (02028 Bytes)
RECEIVED   : 045 Fragments
             01755 Bytes
LOST       : 000 Fragments

1733756556s695:RX_C on freq 869525000 Hz at DR 2
1733756556s696:#############OPENED CONTINUOUS RX C WINDOW
1733756562s714:MAC rxNotify
1733756562s714:NOTIFY
1733756562s714:MAC rxDone
1733756562s717:RXSLOT
1733756562s717:value of rxport: 201
###### D/L FRAME:0045 | PORT:201 | DR:2 | SLOT:C_MC | RSSI:-20 | SNR:9
1733756562s717:#####################FRAGDECODER PROCESS

.... FRAG_DECODER in Progress ....
EXPECTED   : 052 Fragments (02028 Bytes)
RECEIVED   : 046 Fragments
             01794 Bytes
LOST       : 000 Fragments

1733756562s722:RX_C on freq 869525000 Hz at DR 2
1733756562s723:#############OPENED CONTINUOUS RX C WINDOW
1733756568s741:MAC rxNotify
1733756568s741:NOTIFY
1733756568s742:MAC rxDone
1733756568s745:RXSLOT
1733756568s745:value of rxport: 201
###### D/L FRAME:0046 | PORT:201 | DR:2 | SLOT:C_MC | RSSI:-20 | SNR:9
1733756568s745:#####################FRAGDECODER PROCESS

.... FRAG_DECODER in Progress ....
EXPECTED   : 052 Fragments (02028 Bytes)
RECEIVED   : 047 Fragments
             01833 Bytes
LOST       : 000 Fragments

1733756568s750:RX_C on freq 869525000 Hz at DR 2
1733756568s751:#############OPENED CONTINUOUS RX C WINDOW
1733756574s768:MAC rxNotify
1733756574s768:NOTIFY
1733756574s768:MAC rxDone
1733756574s771:RXSLOT
1733756574s771:value of rxport: 201
###### D/L FRAME:0047 | PORT:201 | DR:2 | SLOT:C_MC | RSSI:-20 | SNR:10
1733756574s771:#####################FRAGDECODER PROCESS

.... FRAG_DECODER in Progress ....
EXPECTED   : 052 Fragments (02028 Bytes)
RECEIVED   : 048 Fragments
             01872 Bytes
LOST       : 000 Fragments

1733756574s776:RX_C on freq 869525000 Hz at DR 2
1733756574s777:#############OPENED CONTINUOUS RX C WINDOW
1733756581s795:MAC rxNotify
1733756581s795:NOTIFY
1733756581s795:MAC rxDone
1733756581s798:RXSLOT
1733756581s798:value of rxport: 201
###### D/L FRAME:0048 | PORT:201 | DR:2 | SLOT:C_MC | RSSI:-19 | SNR:9
1733756581s798:#####################FRAGDECODER PROCESS

.... FRAG_DECODER in Progress ....
EXPECTED   : 052 Fragments (02028 Bytes)
RECEIVED   : 049 Fragments
             01911 Bytes
LOST       : 000 Fragments

1733756581s803:RX_C on freq 869525000 Hz at DR 2
1733756581s804:#############OPENED CONTINUOUS RX C WINDOW
1733756587s821:MAC rxNotify
1733756587s821:NOTIFY
1733756587s821:MAC rxDone
1733756587s824:RXSLOT
1733756587s824:value of rxport: 201
###### D/L FRAME:0049 | PORT:201 | DR:2 | SLOT:C_MC | RSSI:-20 | SNR:10
1733756587s824:#####################FRAGDECODER PROCESS

.... FRAG_DECODER in Progress ....
EXPECTED   : 052 Fragments (02028 Bytes)
RECEIVED   : 050 Fragments
             01950 Bytes
LOST       : 000 Fragments

1733756587s829:RX_C on freq 869525000 Hz at DR 2
1733756587s830:#############OPENED CONTINUOUS RX C WINDOW
1733756593s846:MAC rxNotify
1733756593s847:NOTIFY
1733756593s847:MAC rxDone
1733756593s850:RXSLOT
1733756593s850:value of rxport: 201
###### D/L FRAME:0050 | PORT:201 | DR:2 | SLOT:C_MC | RSSI:-19 | SNR:9
1733756593s850:#####################FRAGDECODER PROCESS

.... FRAG_DECODER in Progress ....
EXPECTED   : 052 Fragments (02028 Bytes)
RECEIVED   : 051 Fragments
             01989 Bytes
LOST       : 000 Fragments

1733756593s855:RX_C on freq 869525000 Hz at DR 2
1733756593s856:#############OPENED CONTINUOUS RX C WINDOW
1733756599s871:MAC rxNotify
1733756599s871:NOTIFY
1733756599s871:MAC rxDone
1733756599s875:RXSLOT
1733756599s875:value of rxport: 201
###### D/L FRAME:0051 | PORT:201 | DR:2 | SLOT:C_MC | RSSI:-20 | SNR:9
1733756599s875:#####################FRAGDECODER PROCESS

.... FRAG_DECODER in Progress ....
EXPECTED   : 052 Fragments (02028 Bytes)
RECEIVED   : 052 Fragments
             02028 Bytes
LOST       : 000 Fragments


.... FRAG_DECODER Finished ....
STATUS     : 0
1733756599s876:ALL FRAGMENTS RECEIVED

= [SBOOT] System Security Check successfully passed. Starting...


======================================================================
=              (C) COPYRIGHT 2017 STMicroelectronics                 =
=                                                                    =
=              Secure Boot and Secure Firmware Update                =
======================================================================


= [SBOOT] SECURE ENGINE INITIALIZATION SUCCESSFUL
= [SBOOT] STATE: CHECK STATUS ON RESET
	  INFO: A Reboot has been triggered by a Software reset!
= [SBOOT] STATE: CHECK NEW FIRMWARE TO DOWNLOAD
= [SBOOT] STATE: CHECK KMS BLOB TO INSTALL
= [SBOOT] STATE: CHECK USER FW STATUS
	  A FW is detected in the slot SLOT_ACTIVE_1
= [SBOOT] STATE: VERIFY USER FW SIGNATURE
= [SBOOT] STATE: EXECUTE USER FIRMWAREAPPLICATION_VERSION: V1.3.0
MW_LORAWAN_VERSION:  V2.5.0
MW_RADIO_VERSION:    V1.3.0
L2_SPEC_VERSION:     V1.0.4
RP_SPEC_VERSION:     V2-1.0.1
###### AppKey:      2B:7E:15:16:28:AE:D2:A6:AB:F7:15:88:09:CF:4F:3C
###### NwkKey:      2B:7E:15:16:28:AE:D2:A6:AB:F7:15:88:09:CF:4F:3C
###### AppSKey:     92:54:37:76:9E:D2:38:95:B7:3D:56:5E:8A:D2:AB:E9
###### NwkSKey:     5C:74:50:C9:A4:ED:A6:0A:BE:47:F5:AD:C1:D6:3C:AF
###### DevEUI:      00:80:E1:15:05:AB:CF:19
###### AppEUI:      01:01:01:01:01:01:01:01
###### DevAddr:     05:AB:CF:19
###### KMS ENABLED