
= [SBOOT] System Security Check successfully passed. Starting...


======================================================================
=              (C) COPYRIGHT 2017 STMicroelectronics                 =
=                                                                    =
=              Secure Boot and Secure Firmware Update                =
======================================================================


= [SBOOT] SECURE ENGINE INITIALIZATION SUCCESSFUL
= [SBOOT] STATE: CHECK STATUS ON RESET
	  INFO: A Reboot has been triggered by a Hardware reset!
= [SBOOT] STATE: CHECK NEW FIRMWARE TO DOWNLOAD
= [SBOOT] STATE: CHECK KMS BLOB TO INSTALL
= [SBOOT] STATE: CHECK USER FW STATUS
	  A FW is detected in the slot SLOT_ACTIVE_1
= [SBOOT] STATE: VERIFY USER FW SIGNATURE
= [SBOOT] STATE: EXECUTE USER FIRMWAREAPPLICATION_VERSION: V1.3.0
MW_LORAWAN_VERSION:  V2.5.0
MW_RADIO_VERSION:    V1.3.0
L2_SPEC_VERSION:     V1.0.4
RP_SPEC_VERSION:     V2-1.0.1
###### AppKey:      2B:7E:15:16:28:AE:D2:A6:AB:F7:15:88:09:CF:4F:3C
###### NwkKey:      2B:7E:15:16:28:AE:D2:A6:AB:F7:15:88:09:CF:4F:3C
###### AppSKey:     9A:FB:2E:B2:52:3C:77:ED:0F:0D:AD:AF:A0:91:3F:5C
###### NwkSKey:     CC:B9:7D:DF:BC:93:86:0C:23:8E:AC:17:BD:CC:E6:F8
###### DevEUI:      00:80:E1:15:05:AB:CD:7C
###### AppEUI:      01:01:01:01:01:01:01:01
###### DevAddr:     05:AB:CD:7C
###### KMS ENABLED
###### = JOINED = OTAA =====================
[31mNetwork joined, choose app to execute:
BTN1: TxTimer send uplink every 10 sec
BTN2: Airtime test
[0m
###### U/L FRAME:JOIN | DR:2 | PWR:1
###### MCRootKey:   7D:F7:6B:0C:1A:B8:99:B3:3E:42:F0:47:B9:1B:54:6F
###### MCKEKey:     8C:B8:66:5E:0C:0E:0B:64:5B:2E:D9:E4:8A:19:27:7C
###### AppSKey:     51:7F:89:59:50:18:1B:F7:7A:72:52:E1:7F:93:C5:C8
###### NwkSKey:     CF:4B:1D:3F:99:2D:A8:30:E7:60:AC:C9:B7:D7:E5:64
###### DBIntKey:    7A:C4:7C:65:FE:25:9B:B6:54:BD:26:35:19:F8:9C:8E
###### DevEUI:      00:80:E1:15:05:AB:CD:7C
###### AppEUI:      01:01:01:01:01:01:01:01
###### DevAddr:     00:61:B5:59
[32mStart tx timer regular[0m

###### ========== MCPS-Confirm =============
###### U/L FRAME:0001 | PORT:24 | DR:2 | PWR:1 | MSG TYPE:UNCONFIRMED
1733748550s026:value of rxport: 0
###### D/L FRAME:0000 | PORT:0 | DR:2 | SLOT:1 | RSSI:-7 | SNR:8
1733748608s357:Airtime test started: 0
1733748608s357:MAC Tx start packet size: 21
1733748608s361:TX on freq 867700000 Hz at DR 2
1733748608s361:RADIO SEND WITH size 21
1733748608s363:SEND REQUEST
1733748608s734:NOTIFY
1733748608s734:MAC txDone
1733748609s728:RX_1 on freq 867700000 Hz at DR 2
1733748609s795:IRQ_RX_TX_TIMEOUT
1733748609s795:NOTIFY
1733748609s795:MAC rxTimeOut
1733748610s765:RX_2 on freq 869525000 Hz at DR 0
1733748610s963:IRQ_RX_TX_TIMEOUT
1733748610s963:NOTIFY
1733748610s963:MAC rxTimeOut

###### ========== MCPS-Confirm =============
###### U/L FRAME:0002 | PORT:24 | DR:2 | PWR:1 | MSG TYPE:UNCONFIRMED
1733748668s363:Airtime test started: 0
1733748668s363:MAC Tx start packet size: 18
1733748668s367:TX on freq 868500000 Hz at DR 2
1733748668s367:RADIO SEND WITH size 18
1733748668s369:SEND REQUEST
1733748668s699:NOTIFY
1733748668s699:MAC txDone
1733748669s693:RX_1 on freq 868500000 Hz at DR 2
1733748669s760:IRQ_RX_TX_TIMEOUT
1733748669s760:NOTIFY
1733748669s760:MAC rxTimeOut
1733748670s730:RX_2 on freq 869525000 Hz at DR 0
1733748670s928:IRQ_RX_TX_TIMEOUT
1733748670s928:NOTIFY
1733748670s928:MAC rxTimeOut

###### ========== MCPS-Confirm =============
###### U/L FRAME:0003 | PORT:24 | DR:2 | PWR:1 | MSG TYPE:UNCONFIRMED
1733748728s369:Airtime test started: 0
1733748728s369:MAC Tx start packet size: 18
1733748728s372:TX on freq 867100000 Hz at DR 2
1733748728s372:RADIO SEND WITH size 18
1733748728s374:SEND REQUEST
1733748728s704:NOTIFY
1733748728s704:MAC txDone
1733748729s699:RX_1 on freq 867100000 Hz at DR 2
1733748729s766:IRQ_RX_TX_TIMEOUT
1733748729s766:NOTIFY
1733748729s766:MAC rxTimeOut
1733748730s736:RX_2 on freq 869525000 Hz at DR 0
1733748730s934:IRQ_RX_TX_TIMEOUT
1733748730s934:NOTIFY
1733748730s934:MAC rxTimeOut

###### ========== MCPS-Confirm =============
###### U/L FRAME:0004 | PORT:24 | DR:2 | PWR:1 | MSG TYPE:UNCONFIRMED
1733748788s374:Airtime test started: 0
1733748788s374:MAC Tx start packet size: 18
1733748788s378:TX on freq 868100000 Hz at DR 2
1733748788s378:RADIO SEND WITH size 18
1733748788s380:SEND REQUEST
1733748788s710:NOTIFY
1733748788s710:MAC txDone
1733748789s704:RX_1 on freq 868100000 Hz at DR 2
1733748789s772:IRQ_RX_TX_TIMEOUT
1733748789s772:NOTIFY
1733748789s772:MAC rxTimeOut
1733748790s742:RX_2 on freq 869525000 Hz at DR 0
1733748790s940:IRQ_RX_TX_TIMEOUT
1733748790s940:NOTIFY
1733748790s940:MAC rxTimeOut

###### ========== MCPS-Confirm =============
###### U/L FRAME:0005 | PORT:24 | DR:2 | PWR:1 | MSG TYPE:UNCONFIRMED
1733748848s380:Airtime test started: 0
1733748848s380:MAC Tx start packet size: 18
1733748848s384:TX on freq 868300000 Hz at DR 2
1733748848s384:RADIO SEND WITH size 18
1733748848s386:SEND REQUEST
1733748848s716:NOTIFY
1733748848s716:MAC txDone
1733748849s710:RX_1 on freq 868300000 Hz at DR 2
1733748850s257:MAC rxNotify
1733748850s257:NOTIFY
1733748850s257:MAC rxDone

###### ========== MCPS-Confirm =============
###### U/L FRAME:0006 | PORT:24 | DR:2 | PWR:1 | MSG TYPE:UNCONFIRMED
1733748850s260:value of rxport: 200
1733748850s260:MULTICAST CLASS C SETUP 2
###### D/L FRAME:0001 | PORT:200 | DR:2 | SLOT:1 | RSSI:-7 | SNR:8
1733748850s270:MAC Tx start packet size: 15
1733748850s274:TX on freq 867700000 Hz at DR 2
1733748850s275:RADIO SEND WITH size 15
ID          : 0
McAddr      : 0038F3B0
McKey       : 91-7B-A1-8B-EF-C3-61-FB-4B-64-43-B6-A0-6F-9F-62
McFCountMin : 0
McFCountMax : 4294967295
SessionTime : 0
SessionTimeT: 1 s
Rx Freq     : 0
Rx DR       : DR_0
1733748850s606:NOTIFY
1733748850s606:MAC txDone
1733748851s600:RX_1 on freq 867700000 Hz at DR 2
1733748851s667:IRQ_RX_TX_TIMEOUT
1733748851s667:NOTIFY
1733748851s667:MAC rxTimeOut
1733748852s637:RX_2 on freq 869525000 Hz at DR 0
1733748852s835:IRQ_RX_TX_TIMEOUT
1733748852s835:NOTIFY
1733748852s835:MAC rxTimeOut

###### ========== MCPS-Confirm =============
###### U/L FRAME:0007 | PORT:200 | DR:2 | PWR:1 | MSG TYPE:UNCONFIRMED
1733748908s386:Airtime test started: 0
1733748908s386:MAC Tx start packet size: 18
1733748908s390:TX on freq 868100000 Hz at DR 2
1733748908s390:RADIO SEND WITH size 18
1733748908s392:SEND REQUEST
1733748908s722:NOTIFY
1733748908s722:MAC txDone
1733748909s716:RX_1 on freq 868100000 Hz at DR 2
1733748910s099:MAC rxNotify
1733748910s099:NOTIFY
1733748910s099:MAC rxDone

###### ========== MCPS-Confirm =============
###### U/L FRAME:0008 | PORT:24 | DR:2 | PWR:1 | MSG TYPE:UNCONFIRMED
1733748910s102:value of rxport: 201
###### D/L FRAME:0002 | PORT:201 | DR:2 | SLOT:1 | RSSI:-7 | SNR:8
1733748910s103:#####################FRAGDECODER INIT
1733748913s987:MAC Tx start packet size: 15
1733748913s991:TX on freq 867500000 Hz at DR 2
1733748913s991:RADIO SEND WITH size 15
1733748914s323:NOTIFY
1733748914s323:MAC txDone
1733748915s317:RX_1 on freq 867500000 Hz at DR 2
1733748915s384:IRQ_RX_TX_TIMEOUT
1733748915s384:NOTIFY
1733748915s384:MAC rxTimeOut
1733748916s354:RX_2 on freq 869525000 Hz at DR 0
1733748916s552:IRQ_RX_TX_TIMEOUT
1733748916s552:NOTIFY
1733748916s552:MAC rxTimeOut

###### ========== MCPS-Confirm =============
###### U/L FRAME:0009 | PORT:201 | DR:2 | PWR:1 | MSG TYPE:UNCONFIRMED
1733748968s392:Airtime test started: 0
1733748968s392:MAC Tx start packet size: 18
1733748968s396:TX on freq 867700000 Hz at DR 2
1733748968s396:RADIO SEND WITH size 18
1733748968s398:SEND REQUEST
1733748968s728:NOTIFY
1733748968s728:MAC txDone
1733748969s722:RX_1 on freq 867700000 Hz at DR 2
1733748970s105:MAC rxNotify
1733748970s105:NOTIFY
1733748970s105:MAC rxDone

###### ========== MCPS-Confirm =============
###### U/L FRAME:0010 | PORT:24 | DR:2 | PWR:1 | MSG TYPE:UNCONFIRMED
1733748970s108:value of rxport: 200
1733748970s109:MULTICAST CLASS C SETUP 4
###### D/L FRAME:0003 | PORT:200 | DR:2 | SLOT:1 | RSSI:-7 | SNR:8
Time2SessionStart: 254000 ms
1733748970s109:MAC Tx start packet size: 18
1733748970s113:TX on freq 868500000 Hz at DR 2
1733748970s114:RADIO SEND WITH size 18
ID          : 0
McAddr      : 0038F3B0
McKey       : 91-7B-A1-8B-EF-C3-61-FB-4B-64-43-B6-A0-6F-9F-62
McFCountMin : 0
McFCountMax : 4294967295
SessionTime : 1733749224
SessionTimeT: 2048 s
Rx Freq     : 869525000
Rx DR       : DR_0
1733748970s445:NOTIFY
1733748970s445:MAC txDone
1733748971s439:RX_1 on freq 868500000 Hz at DR 2
1733748971s506:IRQ_RX_TX_TIMEOUT
1733748971s506:NOTIFY
1733748971s506:MAC rxTimeOut
1733748972s476:RX_2 on freq 869525000 Hz at DR 0
1733748972s674:IRQ_RX_TX_TIMEOUT
1733748972s674:NOTIFY
1733748972s674:MAC rxTimeOut

###### ========== MCPS-Confirm =============
###### U/L FRAME:0011 | PORT:200 | DR:2 | PWR:1 | MSG TYPE:UNCONFIRMED
1733749224s109:[SWITCHCLASS class C]
1733749224s123:RX_C on freq 869525000 Hz at DR 0
1733749224s125:#############OPENED CONTINUOUS RX C WINDOW
Switch to Class C done
1733749228s965:MAC rxNotify
1733749228s965:NOTIFY
1733749228s965:MAC rxDone
1733749228s968:RXSLOT
1733749228s968:value of rxport: 201
###### D/L FRAME:0000 | PORT:201 | DR:0 | SLOT:C_MC | RSSI:-4 | SNR:5
1733749228s968:#####################FRAGDECODER PROCESS

.... FRAG_DECODER in Progress ....
EXPECTED   : 052 Fragments (02028 Bytes)
RECEIVED   : 001 Fragments
             00039 Bytes
LOST       : 000 Fragments

1733749228s973:RX_C on freq 869525000 Hz at DR 0
1733749228s974:#############OPENED CONTINUOUS RX C WINDOW
1733749243s630:MAC rxNotify
1733749243s630:NOTIFY
1733749243s630:MAC rxDone
1733749243s632:RXSLOT
1733749243s635:RX_C on freq 869525000 Hz at DR 0
1733749243s637:#############OPENED CONTINUOUS RX C WINDOW
1733749250s013:MAC rxNotify
1733749250s013:NOTIFY
1733749250s013:MAC rxDone
1733749250s016:RXSLOT
1733749250s016:value of rxport: 201
###### D/L FRAME:0001 | PORT:201 | DR:0 | SLOT:C_MC | RSSI:-5 | SNR:5
1733749250s016:#####################FRAGDECODER PROCESS

.... FRAG_DECODER in Progress ....
EXPECTED   : 052 Fragments (02028 Bytes)
RECEIVED   : 002 Fragments
             00078 Bytes
LOST       : 000 Fragments

1733749250s021:RX_C on freq 869525000 Hz at DR 0
1733749250s022:#############OPENED CONTINUOUS RX C WINDOW
1733749270s061:MAC rxNotify
1733749270s061:NOTIFY
1733749270s061:MAC rxDone
1733749270s064:RXSLOT
1733749270s064:value of rxport: 201
###### D/L FRAME:0002 | PORT:201 | DR:0 | SLOT:C_MC | RSSI:-4 | SNR:5
1733749270s064:#####################FRAGDECODER PROCESS

.... FRAG_DECODER in Progress ....
EXPECTED   : 052 Fragments (02028 Bytes)
RECEIVED   : 003 Fragments
             00117 Bytes
LOST       : 000 Fragments

1733749270s069:RX_C on freq 869525000 Hz at DR 0
1733749270s070:#############OPENED CONTINUOUS RX C WINDOW
1733749291s126:MAC rxNotify
1733749291s126:NOTIFY
1733749291s126:MAC rxDone
1733749291s129:RXSLOT
1733749291s129:value of rxport: 201
###### D/L FRAME:0003 | PORT:201 | DR:0 | SLOT:C_MC | RSSI:-5 | SNR:6
1733749291s129:#####################FRAGDECODER PROCESS

.... FRAG_DECODER in Progress ....
EXPECTED   : 052 Fragments (02028 Bytes)
RECEIVED   : 004 Fragments
             00156 Bytes
LOST       : 000 Fragments

1733749291s134:RX_C on freq 869525000 Hz at DR 0
1733749291s135:#############OPENED CONTINUOUS RX C WINDOW
1733749312s262:MAC rxNotify
1733749312s262:NOTIFY
1733749312s262:MAC rxDone
1733749312s265:RXSLOT
1733749312s265:value of rxport: 201
###### D/L FRAME:0004 | PORT:201 | DR:0 | SLOT:C_MC | RSSI:-4 | SNR:5
1733749312s265:#####################FRAGDECODER PROCESS

.... FRAG_DECODER in Progress ....
EXPECTED   : 052 Fragments (02028 Bytes)
RECEIVED   : 005 Fragments
             00195 Bytes
LOST       : 000 Fragments

1733749312s270:RX_C on freq 869525000 Hz at DR 0
1733749312s271:#############OPENED CONTINUOUS RX C WINDOW
1733749332s319:MAC rxNotify
1733749332s319:NOTIFY
1733749332s319:MAC rxDone
1733749332s322:RXSLOT
1733749332s322:value of rxport: 201
###### D/L FRAME:0005 | PORT:201 | DR:0 | SLOT:C_MC | RSSI:-5 | SNR:5
1733749332s322:#####################FRAGDECODER PROCESS

.... FRAG_DECODER in Progress ....
EXPECTED   : 052 Fragments (02028 Bytes)
RECEIVED   : 006 Fragments
             00234 Bytes
LOST       : 000 Fragments

1733749332s327:RX_C on freq 869525000 Hz at DR 0
1733749332s328:#############OPENED CONTINUOUS RX C WINDOW
1733749353s370:MAC rxNotify
1733749353s370:NOTIFY
1733749353s370:MAC rxDone
1733749353s373:RXSLOT
1733749353s373:value of rxport: 201
###### D/L FRAME:0006 | PORT:201 | DR:0 | SLOT:C_MC | RSSI:-6 | SNR:5
1733749353s373:#####################FRAGDECODER PROCESS

.... FRAG_DECODER in Progress ....
EXPECTED   : 052 Fragments (02028 Bytes)
RECEIVED   : 007 Fragments
             00273 Bytes
LOST       : 000 Fragments

1733749353s377:RX_C on freq 869525000 Hz at DR 0
1733749353s379:#############OPENED CONTINUOUS RX C WINDOW
1733749374s440:MAC rxNotify
1733749374s440:NOTIFY
1733749374s440:MAC rxDone
1733749374s443:RXSLOT
1733749374s443:value of rxport: 201
###### D/L FRAME:0007 | PORT:201 | DR:0 | SLOT:C_MC | RSSI:-6 | SNR:5
1733749374s443:#####################FRAGDECODER PROCESS

.... FRAG_DECODER in Progress ....
EXPECTED   : 052 Fragments (02028 Bytes)
RECEIVED   : 008 Fragments
             00312 Bytes
LOST       : 000 Fragments

1733749374s448:RX_C on freq 869525000 Hz at DR 0
1733749374s449:#############OPENED CONTINUOUS RX C WINDOW
1733749394s600:MAC rxNotify
1733749394s600:NOTIFY
1733749394s600:MAC rxDone
1733749394s603:RXSLOT
1733749394s603:value of rxport: 201
###### D/L FRAME:0008 | PORT:201 | DR:0 | SLOT:C_MC | RSSI:-4 | SNR:5
1733749394s603:#####################FRAGDECODER PROCESS

.... FRAG_DECODER in Progress ....
EXPECTED   : 052 Fragments (02028 Bytes)
RECEIVED   : 009 Fragments
             00351 Bytes
LOST       : 000 Fragments

1733749394s608:RX_C on freq 869525000 Hz at DR 0
1733749394s609:#############OPENED CONTINUOUS RX C WINDOW
1733749399s638:MAC rxNotify
1733749399s638:NOTIFY
1733749399s638:MAC rxDone
1733749399s640:RXSLOT
1733749399s643:RX_C on freq 869525000 Hz at DR 0
1733749399s645:#############OPENED CONTINUOUS RX C WINDOW
1733749415s654:MAC rxNotify
1733749415s654:NOTIFY
1733749415s654:MAC rxDone
1733749415s657:RXSLOT
1733749415s657:value of rxport: 201
###### D/L FRAME:0009 | PORT:201 | DR:0 | SLOT:C_MC | RSSI:-5 | SNR:6
1733749415s657:#####################FRAGDECODER PROCESS

.... FRAG_DECODER in Progress ....
EXPECTED   : 052 Fragments (02028 Bytes)
RECEIVED   : 010 Fragments
             00390 Bytes
LOST       : 000 Fragments

1733749415s662:RX_C on freq 869525000 Hz at DR 0
1733749415s662:#############OPENED CONTINUOUS RX C WINDOW
1733749436s714:MAC rxNotify
1733749436s714:NOTIFY
1733749436s714:MAC rxDone
1733749436s717:RXSLOT
1733749436s717:value of rxport: 201
###### D/L FRAME:0010 | PORT:201 | DR:0 | SLOT:C_MC | RSSI:-5 | SNR:6
1733749436s717:#####################FRAGDECODER PROCESS

.... FRAG_DECODER in Progress ....
EXPECTED   : 052 Fragments (02028 Bytes)
RECEIVED   : 011 Fragments
             00429 Bytes
LOST       : 000 Fragments

1733749436s722:RX_C on freq 869525000 Hz at DR 0
1733749436s723:#############OPENED CONTINUOUS RX C WINDOW
1733749456s777:MAC rxNotify
1733749456s777:NOTIFY
1733749456s777:MAC rxDone
1733749456s780:RXSLOT
1733749456s780:value of rxport: 201
###### D/L FRAME:0011 | PORT:201 | DR:0 | SLOT:C_MC | RSSI:-4 | SNR:5
1733749456s780:#####################FRAGDECODER PROCESS

.... FRAG_DECODER in Progress ....
EXPECTED   : 052 Fragments (02028 Bytes)
RECEIVED   : 012 Fragments
             00468 Bytes
LOST       : 000 Fragments

1733749456s785:RX_C on freq 869525000 Hz at DR 0
1733749456s786:#############OPENED CONTINUOUS RX C WINDOW
1733749477s930:MAC rxNotify
1733749477s931:NOTIFY
1733749477s931:MAC rxDone
1733749477s934:RXSLOT
1733749477s934:value of rxport: 201
###### D/L FRAME:0012 | PORT:201 | DR:0 | SLOT:C_MC | RSSI:-4 | SNR:5
1733749477s934:#####################FRAGDECODER PROCESS

.... FRAG_DECODER in Progress ....
EXPECTED   : 052 Fragments (02028 Bytes)
RECEIVED   : 013 Fragments
             00507 Bytes
LOST       : 000 Fragments

1733749477s939:RX_C on freq 869525000 Hz at DR 0
1733749477s940:#############OPENED CONTINUOUS RX C WINDOW
1733749498s006:MAC rxNotify
1733749498s006:NOTIFY
1733749498s006:MAC rxDone
1733749498s009:RXSLOT
1733749498s009:value of rxport: 201
###### D/L FRAME:0013 | PORT:201 | DR:0 | SLOT:C_MC | RSSI:-4 | SNR:5
1733749498s009:#####################FRAGDECODER PROCESS

.... FRAG_DECODER in Progress ....
EXPECTED   : 052 Fragments (02028 Bytes)
RECEIVED   : 014 Fragments
             00546 Bytes
LOST       : 000 Fragments

1733749498s014:RX_C on freq 869525000 Hz at DR 0
1733749498s015:#############OPENED CONTINUOUS RX C WINDOW
1733749519s055:MAC rxNotify
1733749519s055:NOTIFY
1733749519s055:MAC rxDone
1733749519s058:RXSLOT
1733749519s058:value of rxport: 201
###### D/L FRAME:0014 | PORT:201 | DR:0 | SLOT:C_MC | RSSI:-5 | SNR:5
1733749519s058:#####################FRAGDECODER PROCESS

.... FRAG_DECODER in Progress ....
EXPECTED   : 052 Fragments (02028 Bytes)
RECEIVED   : 015 Fragments
             00585 Bytes
LOST       : 000 Fragments

1733749519s063:RX_C on freq 869525000 Hz at DR 0
1733749519s064:#############OPENED CONTINUOUS RX C WINDOW
1733749540s121:MAC rxNotify
1733749540s121:NOTIFY
1733749540s121:MAC rxDone
1733749540s124:RXSLOT
1733749540s124:value of rxport: 201
###### D/L FRAME:0015 | PORT:201 | DR:0 | SLOT:C_MC | RSSI:-5 | SNR:5
1733749540s124:#####################FRAGDECODER PROCESS

.... FRAG_DECODER in Progress ....
EXPECTED   : 052 Fragments (02028 Bytes)
RECEIVED   : 016 Fragments
             00624 Bytes
LOST       : 000 Fragments

1733749540s129:RX_C on freq 869525000 Hz at DR 0
1733749540s130:#############OPENED CONTINUOUS RX C WINDOW
1733749560s265:MAC rxNotify
1733749560s265:NOTIFY
1733749560s265:MAC rxDone
1733749560s268:RXSLOT
1733749560s268:value of rxport: 201
###### D/L FRAME:0016 | PORT:201 | DR:0 | SLOT:C_MC | RSSI:-5 | SNR:5
1733749560s268:#####################FRAGDECODER PROCESS

.... FRAG_DECODER in Progress ....
EXPECTED   : 052 Fragments (02028 Bytes)
RECEIVED   : 017 Fragments
             00663 Bytes
LOST       : 000 Fragments

1733749560s273:RX_C on freq 869525000 Hz at DR 0
1733749560s274:#############OPENED CONTINUOUS RX C WINDOW
1733749581s363:MAC rxNotify
1733749581s363:NOTIFY
1733749581s363:MAC rxDone
1733749581s366:RXSLOT
1733749581s366:value of rxport: 201
###### D/L FRAME:0017 | PORT:201 | DR:0 | SLOT:C_MC | RSSI:-5 | SNR:5
1733749581s366:#####################FRAGDECODER PROCESS

.... FRAG_DECODER in Progress ....
EXPECTED   : 052 Fragments (02028 Bytes)
RECEIVED   : 018 Fragments
             00702 Bytes
LOST       : 000 Fragments

1733749581s370:RX_C on freq 869525000 Hz at DR 0
1733749581s371:#############OPENED CONTINUOUS RX C WINDOW
1733749602s412:MAC rxNotify
1733749602s412:NOTIFY
1733749602s412:MAC rxDone
1733749602s415:RXSLOT
1733749602s415:value of rxport: 201
###### D/L FRAME:0018 | PORT:201 | DR:0 | SLOT:C_MC | RSSI:-4 | SNR:5
1733749602s415:#####################FRAGDECODER PROCESS

.... FRAG_DECODER in Progress ....
EXPECTED   : 052 Fragments (02028 Bytes)
RECEIVED   : 019 Fragments
             00741 Bytes
LOST       : 000 Fragments

1733749602s420:RX_C on freq 869525000 Hz at DR 0
1733749602s421:#############OPENED CONTINUOUS RX C WINDOW
1733749622s464:MAC rxNotify
1733749622s464:NOTIFY
1733749622s464:MAC rxDone
1733749622s467:RXSLOT
1733749622s467:value of rxport: 201
###### D/L FRAME:0019 | PORT:201 | DR:0 | SLOT:C_MC | RSSI:-5 | SNR:5
1733749622s467:#####################FRAGDECODER PROCESS

.... FRAG_DECODER in Progress ....
EXPECTED   : 052 Fragments (02028 Bytes)
RECEIVED   : 020 Fragments
             00780 Bytes
LOST       : 000 Fragments

1733749622s472:RX_C on freq 869525000 Hz at DR 0
1733749622s473:#############OPENED CONTINUOUS RX C WINDOW
1733749643s536:MAC rxNotify
1733749643s536:NOTIFY
1733749643s536:MAC rxDone
1733749643s539:RXSLOT
1733749643s539:value of rxport: 201
###### D/L FRAME:0020 | PORT:201 | DR:0 | SLOT:C_MC | RSSI:-4 | SNR:5
1733749643s539:#####################FRAGDECODER PROCESS

.... FRAG_DECODER in Progress ....
EXPECTED   : 052 Fragments (02028 Bytes)
RECEIVED   : 021 Fragments
             00819 Bytes
LOST       : 000 Fragments

1733749643s544:RX_C on freq 869525000 Hz at DR 0
1733749643s545:#############OPENED CONTINUOUS RX C WINDOW
1733749663s674:MAC rxNotify
1733749663s674:NOTIFY
1733749663s674:MAC rxDone
1733749663s678:RXSLOT
1733749663s678:value of rxport: 201
###### D/L FRAME:0021 | PORT:201 | DR:0 | SLOT:C_MC | RSSI:-5 | SNR:6
1733749663s678:#####################FRAGDECODER PROCESS

.... FRAG_DECODER in Progress ....
EXPECTED   : 052 Fragments (02028 Bytes)
RECEIVED   : 022 Fragments
             00858 Bytes
LOST       : 000 Fragments

1733749663s683:RX_C on freq 869525000 Hz at DR 0
1733749663s684:#############OPENED CONTINUOUS RX C WINDOW
1733749684s739:MAC rxNotify
1733749684s739:NOTIFY
1733749684s739:MAC rxDone
1733749684s742:RXSLOT
1733749684s742:value of rxport: 201
###### D/L FRAME:0022 | PORT:201 | DR:0 | SLOT:C_MC | RSSI:-4 | SNR:5
1733749684s742:#####################FRAGDECODER PROCESS

.... FRAG_DECODER in Progress ....
EXPECTED   : 052 Fragments (02028 Bytes)
RECEIVED   : 023 Fragments
             00897 Bytes
LOST       : 000 Fragments

1733749684s746:RX_C on freq 869525000 Hz at DR 0
1733749684s747:#############OPENED CONTINUOUS RX C WINDOW
1733749689s119:MAC rxNotify
1733749689s119:NOTIFY
1733749689s119:MAC rxDone
1733749689s120:RXSLOT
1733749689s123:RX_C on freq 869525000 Hz at DR 0
1733749689s125:#############OPENED CONTINUOUS RX C WINDOW
1733749705s780:MAC rxNotify
1733749705s780:NOTIFY
1733749705s780:MAC rxDone
1733749705s784:RXSLOT
1733749705s784:value of rxport: 201
###### D/L FRAME:0023 | PORT:201 | DR:0 | SLOT:C_MC | RSSI:-5 | SNR:5
1733749705s784:#####################FRAGDECODER PROCESS

.... FRAG_DECODER in Progress ....
EXPECTED   : 052 Fragments (02028 Bytes)
RECEIVED   : 024 Fragments
             00936 Bytes
LOST       : 000 Fragments

1733749705s788:RX_C on freq 869525000 Hz at DR 0
1733749705s789:#############OPENED CONTINUOUS RX C WINDOW
1733749725s845:MAC rxNotify
1733749725s845:NOTIFY
1733749725s845:MAC rxDone
1733749725s848:RXSLOT
1733749725s848:value of rxport: 201
###### D/L FRAME:0024 | PORT:201 | DR:0 | SLOT:C_MC | RSSI:-6 | SNR:5
1733749725s848:#####################FRAGDECODER PROCESS

.... FRAG_DECODER in Progress ....
EXPECTED   : 052 Fragments (02028 Bytes)
RECEIVED   : 025 Fragments
             00975 Bytes
LOST       : 000 Fragments

1733749725s853:RX_C on freq 869525000 Hz at DR 0
1733749725s854:#############OPENED CONTINUOUS RX C WINDOW
1733749747s003:MAC rxNotify
1733749747s003:NOTIFY
1733749747s003:MAC rxDone
1733749747s006:RXSLOT
1733749747s006:value of rxport: 201
###### D/L FRAME:0025 | PORT:201 | DR:0 | SLOT:C_MC | RSSI:-5 | SNR:5
1733749747s006:#####################FRAGDECODER PROCESS

.... FRAG_DECODER in Progress ....
EXPECTED   : 052 Fragments (02028 Bytes)
RECEIVED   : 026 Fragments
             01014 Bytes
LOST       : 000 Fragments

1733749747s010:RX_C on freq 869525000 Hz at DR 0
1733749747s012:#############OPENED CONTINUOUS RX C WINDOW
1733749768s061:MAC rxNotify
1733749768s061:NOTIFY
1733749768s061:MAC rxDone
1733749768s064:RXSLOT
1733749768s064:value of rxport: 201
###### D/L FRAME:0026 | PORT:201 | DR:0 | SLOT:C_MC | RSSI:-4 | SNR:5
1733749768s064:#####################FRAGDECODER PROCESS

.... FRAG_DECODER in Progress ....
EXPECTED   : 052 Fragments (02028 Bytes)
RECEIVED   : 027 Fragments
             01053 Bytes
LOST       : 000 Fragments

1733749768s069:RX_C on freq 869525000 Hz at DR 0
1733749768s070:#############OPENED CONTINUOUS RX C WINDOW
1733749788s114:MAC rxNotify
1733749788s114:NOTIFY
1733749788s114:MAC rxDone
1733749788s118:RXSLOT
1733749788s118:value of rxport: 201
###### D/L FRAME:0027 | PORT:201 | DR:0 | SLOT:C_MC | RSSI:-6 | SNR:5
1733749788s118:#####################FRAGDECODER PROCESS

.... FRAG_DECODER in Progress ....
EXPECTED   : 052 Fragments (02028 Bytes)
RECEIVED   : 028 Fragments
             01092 Bytes
LOST       : 000 Fragments

1733749788s122:RX_C on freq 869525000 Hz at DR 0
1733749788s123:#############OPENED CONTINUOUS RX C WINDOW
1733749809s182:MAC rxNotify
1733749809s182:NOTIFY
1733749809s182:MAC rxDone
1733749809s185:RXSLOT
1733749809s185:value of rxport: 201
###### D/L FRAME:0028 | PORT:201 | DR:0 | SLOT:C_MC | RSSI:-5 | SNR:5
1733749809s185:#####################FRAGDECODER PROCESS

.... FRAG_DECODER in Progress ....
EXPECTED   : 052 Fragments (02028 Bytes)
RECEIVED   : 029 Fragments
             01131 Bytes
LOST       : 000 Fragments

1733749809s190:RX_C on freq 869525000 Hz at DR 0
1733749809s191:#############OPENED CONTINUOUS RX C WINDOW
1733749830s302:MAC rxNotify
1733749830s302:NOTIFY
1733749830s302:MAC rxDone
1733749830s305:RXSLOT
1733749830s305:value of rxport: 201
###### D/L FRAME:0029 | PORT:201 | DR:0 | SLOT:C_MC | RSSI:-5 | SNR:5
1733749830s305:#####################FRAGDECODER PROCESS

.... FRAG_DECODER in Progress ....
EXPECTED   : 052 Fragments (02028 Bytes)
RECEIVED   : 030 Fragments
             01170 Bytes
LOST       : 000 Fragments

1733749830s310:RX_C on freq 869525000 Hz at DR 0
1733749830s311:#############OPENED CONTINUOUS RX C WINDOW
1733749850s377:MAC rxNotify
1733749850s377:NOTIFY
1733749850s377:MAC rxDone
1733749850s380:RXSLOT
1733749850s380:value of rxport: 201
###### D/L FRAME:0030 | PORT:201 | DR:0 | SLOT:C_MC | RSSI:-5 | SNR:5
1733749850s380:#####################FRAGDECODER PROCESS

.... FRAG_DECODER in Progress ....
EXPECTED   : 052 Fragments (02028 Bytes)
RECEIVED   : 031 Fragments
             01209 Bytes
LOST       : 000 Fragments

1733749850s385:RX_C on freq 869525000 Hz at DR 0
1733749850s386:#############OPENED CONTINUOUS RX C WINDOW
1733749866s724:MAC rxNotify
1733749866s724:NOTIFY
1733749866s724:MAC rxDone
1733749866s726:RXSLOT
1733749866s729:RX_C on freq 869525000 Hz at DR 0
1733749866s731:#############OPENED CONTINUOUS RX C WINDOW
1733749871s440:MAC rxNotify
1733749871s440:NOTIFY
1733749871s440:MAC rxDone
1733749871s443:RXSLOT
1733749871s443:value of rxport: 201
###### D/L FRAME:0031 | PORT:201 | DR:0 | SLOT:C_MC | RSSI:-6 | SNR:6
1733749871s443:#####################FRAGDECODER PROCESS

.... FRAG_DECODER in Progress ....
EXPECTED   : 052 Fragments (02028 Bytes)
RECEIVED   : 032 Fragments
             01248 Bytes
LOST       : 000 Fragments

1733749871s448:RX_C on freq 869525000 Hz at DR 0
1733749871s449:#############OPENED CONTINUOUS RX C WINDOW
1733749892s502:MAC rxNotify
1733749892s502:NOTIFY
1733749892s502:MAC rxDone
1733749892s505:RXSLOT
1733749892s505:value of rxport: 201
###### D/L FRAME:0032 | PORT:201 | DR:0 | SLOT:C_MC | RSSI:-5 | SNR:6
1733749892s505:#####################FRAGDECODER PROCESS

.... FRAG_DECODER in Progress ....
EXPECTED   : 052 Fragments (02028 Bytes)
RECEIVED   : 033 Fragments
             01287 Bytes
LOST       : 000 Fragments

1733749892s510:RX_C on freq 869525000 Hz at DR 0
1733749892s511:#############OPENED CONTINUOUS RX C WINDOW
1733749912s618:MAC rxNotify
1733749912s618:NOTIFY
1733749912s618:MAC rxDone
1733749912s620:RXSLOT
1733749912s620:value of rxport: 201
###### D/L FRAME:0033 | PORT:201 | DR:0 | SLOT:C_MC | RSSI:-5 | SNR:6
1733749912s620:#####################FRAGDECODER PROCESS

.... FRAG_DECODER in Progress ....
EXPECTED   : 052 Fragments (02028 Bytes)
RECEIVED   : 034 Fragments
             01326 Bytes
LOST       : 000 Fragments

1733749912s625:RX_C on freq 869525000 Hz at DR 0
1733749912s626:#############OPENED CONTINUOUS RX C WINDOW
1733749933s716:MAC rxNotify
1733749933s717:NOTIFY
1733749933s717:MAC rxDone
1733749933s720:RXSLOT
1733749933s720:value of rxport: 201
###### D/L FRAME:0034 | PORT:201 | DR:0 | SLOT:C_MC | RSSI:-5 | SNR:5
1733749933s720:#####################FRAGDECODER PROCESS

.... FRAG_DECODER in Progress ....
EXPECTED   : 052 Fragments (02028 Bytes)
RECEIVED   : 035 Fragments
             01365 Bytes
LOST       : 000 Fragments

1733749933s725:RX_C on freq 869525000 Hz at DR 0
1733749933s726:#############OPENED CONTINUOUS RX C WINDOW
1733749953s769:MAC rxNotify
1733749953s769:NOTIFY
1733749953s769:MAC rxDone
1733749953s772:RXSLOT
1733749953s772:value of rxport: 201
###### D/L FRAME:0035 | PORT:201 | DR:0 | SLOT:C_MC | RSSI:-4 | SNR:5
1733749953s772:#####################FRAGDECODER PROCESS

.... FRAG_DECODER in Progress ....
EXPECTED   : 052 Fragments (02028 Bytes)
RECEIVED   : 036 Fragments
             01404 Bytes
LOST       : 000 Fragments

1733749953s777:RX_C on freq 869525000 Hz at DR 0
1733749953s778:#############OPENED CONTINUOUS RX C WINDOW
1733749974s834:MAC rxNotify
1733749974s834:NOTIFY
1733749974s834:MAC rxDone
1733749974s837:RXSLOT
1733749974s837:value of rxport: 201
###### D/L FRAME:0036 | PORT:201 | DR:0 | SLOT:C_MC | RSSI:-5 | SNR:5
1733749974s837:#####################FRAGDECODER PROCESS

.... FRAG_DECODER in Progress ....
EXPECTED   : 052 Fragments (02028 Bytes)
RECEIVED   : 037 Fragments
             01443 Bytes
LOST       : 000 Fragments

1733749974s842:RX_C on freq 869525000 Hz at DR 0
1733749974s843:#############OPENED CONTINUOUS RX C WINDOW
1733749995s921:MAC rxNotify
1733749995s921:NOTIFY
1733749995s921:MAC rxDone
1733749995s924:RXSLOT
1733749995s924:value of rxport: 201
###### D/L FRAME:0037 | PORT:201 | DR:0 | SLOT:C_MC | RSSI:-6 | SNR:5
1733749995s924:#####################FRAGDECODER PROCESS

.... FRAG_DECODER in Progress ....
EXPECTED   : 052 Fragments (02028 Bytes)
RECEIVED   : 038 Fragments
             01482 Bytes
LOST       : 000 Fragments

1733749995s929:RX_C on freq 869525000 Hz at DR 0
1733749995s930:#############OPENED CONTINUOUS RX C WINDOW
1733750016s049:MAC rxNotify
1733750016s049:NOTIFY
1733750016s049:MAC rxDone
1733750016s052:RXSLOT
1733750016s052:value of rxport: 201
###### D/L FRAME:0038 | PORT:201 | DR:0 | SLOT:C_MC | RSSI:-6 | SNR:6
1733750016s052:#####################FRAGDECODER PROCESS

.... FRAG_DECODER in Progress ....
EXPECTED   : 052 Fragments (02028 Bytes)
RECEIVED   : 039 Fragments
             01521 Bytes
LOST       : 000 Fragments

1733750016s057:RX_C on freq 869525000 Hz at DR 0
1733750016s058:#############OPENED CONTINUOUS RX C WINDOW
1733750037s124:MAC rxNotify
1733750037s124:NOTIFY
1733750037s124:MAC rxDone
1733750037s127:RXSLOT
1733750037s127:value of rxport: 201
###### D/L FRAME:0039 | PORT:201 | DR:0 | SLOT:C_MC | RSSI:-6 | SNR:5
1733750037s127:#####################FRAGDECODER PROCESS

.... FRAG_DECODER in Progress ....
EXPECTED   : 052 Fragments (02028 Bytes)
RECEIVED   : 040 Fragments
             01560 Bytes
LOST       : 000 Fragments

1733750037s132:RX_C on freq 869525000 Hz at DR 0
1733750037s133:#############OPENED CONTINUOUS RX C WINDOW
1733750058s178:MAC rxNotify
1733750058s178:NOTIFY
1733750058s178:MAC rxDone
1733750058s181:RXSLOT
1733750058s181:value of rxport: 201
###### D/L FRAME:0040 | PORT:201 | DR:0 | SLOT:C_MC | RSSI:-5 | SNR:6
1733750058s181:#####################FRAGDECODER PROCESS

.... FRAG_DECODER in Progress ....
EXPECTED   : 052 Fragments (02028 Bytes)
RECEIVED   : 041 Fragments
             01599 Bytes
LOST       : 000 Fragments

1733750058s186:RX_C on freq 869525000 Hz at DR 0
1733750058s187:#############OPENED CONTINUOUS RX C WINDOW
1733750078s244:MAC rxNotify
1733750078s244:NOTIFY
1733750078s244:MAC rxDone
1733750078s246:RXSLOT
1733750078s246:value of rxport: 201
###### D/L FRAME:0041 | PORT:201 | DR:0 | SLOT:C_MC | RSSI:-5 | SNR:5
1733750078s246:#####################FRAGDECODER PROCESS

.... FRAG_DECODER in Progress ....
EXPECTED   : 052 Fragments (02028 Bytes)
RECEIVED   : 042 Fragments
             01638 Bytes
LOST       : 000 Fragments

1733750078s251:RX_C on freq 869525000 Hz at DR 0
1733750078s252:#############OPENED CONTINUOUS RX C WINDOW
1733750099s328:MAC rxNotify
1733750099s328:NOTIFY
1733750099s328:MAC rxDone
1733750099s331:RXSLOT
1733750099s331:value of rxport: 201
###### D/L FRAME:0042 | PORT:201 | DR:0 | SLOT:C_MC | RSSI:-5 | SNR:6
1733750099s331:#####################FRAGDECODER PROCESS

.... FRAG_DECODER in Progress ....
EXPECTED   : 052 Fragments (02028 Bytes)
RECEIVED   : 043 Fragments
             01677 Bytes
LOST       : 000 Fragments

1733750099s336:RX_C on freq 869525000 Hz at DR 0
1733750099s337:#############OPENED CONTINUOUS RX C WINDOW
1733750119s422:MAC rxNotify
1733750119s423:NOTIFY
1733750119s423:MAC rxDone
1733750119s426:RXSLOT
1733750119s426:value of rxport: 201
###### D/L FRAME:0043 | PORT:201 | DR:0 | SLOT:C_MC | RSSI:-6 | SNR:6
1733750119s426:#####################FRAGDECODER PROCESS

.... FRAG_DECODER in Progress ....
EXPECTED   : 052 Fragments (02028 Bytes)
RECEIVED   : 044 Fragments
             01716 Bytes
LOST       : 000 Fragments

1733750119s431:RX_C on freq 869525000 Hz at DR 0
1733750119s432:#############OPENED CONTINUOUS RX C WINDOW
1733750136s072:MAC rxNotify
1733750136s072:NOTIFY
1733750136s072:MAC rxDone
1733750136s074:RXSLOT
1733750136s077:RX_C on freq 869525000 Hz at DR 0
1733750136s078:#############OPENED CONTINUOUS RX C WINDOW
1733750140s482:MAC rxNotify
1733750140s482:NOTIFY
1733750140s482:MAC rxDone
1733750140s485:RXSLOT
1733750140s485:value of rxport: 201
###### D/L FRAME:0044 | PORT:201 | DR:0 | SLOT:C_MC | RSSI:-5 | SNR:5
1733750140s485:#####################FRAGDECODER PROCESS

.... FRAG_DECODER in Progress ....
EXPECTED   : 052 Fragments (02028 Bytes)
RECEIVED   : 045 Fragments
             01755 Bytes
LOST       : 000 Fragments

1733750140s490:RX_C on freq 869525000 Hz at DR 0
1733750140s491:#############OPENED CONTINUOUS RX C WINDOW
1733750161s541:MAC rxNotify
1733750161s541:NOTIFY
1733750161s541:MAC rxDone
1733750161s544:RXSLOT
1733750161s544:value of rxport: 201
###### D/L FRAME:0045 | PORT:201 | DR:0 | SLOT:C_MC | RSSI:-6 | SNR:5
1733750161s544:#####################FRAGDECODER PROCESS

.... FRAG_DECODER in Progress ....
EXPECTED   : 052 Fragments (02028 Bytes)
RECEIVED   : 046 Fragments
             01794 Bytes
LOST       : 000 Fragments

1733750161s549:RX_C on freq 869525000 Hz at DR 0
1733750161s550:#############OPENED CONTINUOUS RX C WINDOW
1733750181s641:MAC rxNotify
1733750181s641:NOTIFY
1733750181s641:MAC rxDone
1733750181s644:RXSLOT
1733750181s644:value of rxport: 201
###### D/L FRAME:0046 | PORT:201 | DR:0 | SLOT:C_MC | RSSI:-5 | SNR:6
1733750181s644:#####################FRAGDECODER PROCESS

.... FRAG_DECODER in Progress ....
EXPECTED   : 052 Fragments (02028 Bytes)
RECEIVED   : 047 Fragments
             01833 Bytes
LOST       : 000 Fragments

1733750181s649:RX_C on freq 869525000 Hz at DR 0
1733750181s650:#############OPENED CONTINUOUS RX C WINDOW
1733750202s741:MAC rxNotify
1733750202s741:NOTIFY
1733750202s741:MAC rxDone
1733750202s744:RXSLOT
1733750202s744:value of rxport: 201
###### D/L FRAME:0047 | PORT:201 | DR:0 | SLOT:C_MC | RSSI:-4 | SNR:5
1733750202s744:#####################FRAGDECODER PROCESS

.... FRAG_DECODER in Progress ....
EXPECTED   : 052 Fragments (02028 Bytes)
RECEIVED   : 048 Fragments
             01872 Bytes
LOST       : 000 Fragments

1733750202s748:RX_C on freq 869525000 Hz at DR 0
1733750202s749:#############OPENED CONTINUOUS RX C WINDOW
1733750223s802:MAC rxNotify
1733750223s802:NOTIFY
1733750223s802:MAC rxDone
1733750223s805:RXSLOT
1733750223s805:value of rxport: 201
###### D/L FRAME:0048 | PORT:201 | DR:0 | SLOT:C_MC | RSSI:-4 | SNR:6
1733750223s805:#####################FRAGDECODER PROCESS

.... FRAG_DECODER in Progress ....
EXPECTED   : 052 Fragments (02028 Bytes)
RECEIVED   : 049 Fragments
             01911 Bytes
LOST       : 000 Fragments

1733750223s810:RX_C on freq 869525000 Hz at DR 0
1733750223s811:#############OPENED CONTINUOUS RX C WINDOW
1733750243s859:MAC rxNotify
1733750243s859:NOTIFY
1733750243s859:MAC rxDone
1733750243s862:RXSLOT
1733750243s862:value of rxport: 201
###### D/L FRAME:0049 | PORT:201 | DR:0 | SLOT:C_MC | RSSI:-4 | SNR:5
1733750243s862:#####################FRAGDECODER PROCESS

.... FRAG_DECODER in Progress ....
EXPECTED   : 052 Fragments (02028 Bytes)
RECEIVED   : 050 Fragments
             01950 Bytes
LOST       : 000 Fragments

1733750243s867:RX_C on freq 869525000 Hz at DR 0
1733750243s868:#############OPENED CONTINUOUS RX C WINDOW
1733750264s931:MAC rxNotify
1733750264s931:NOTIFY
1733750264s931:MAC rxDone
1733750264s934:RXSLOT
1733750264s934:value of rxport: 201
###### D/L FRAME:0050 | PORT:201 | DR:0 | SLOT:C_MC | RSSI:-6 | SNR:6
1733750264s934:#####################FRAGDECODER PROCESS

.... FRAG_DECODER in Progress ....
EXPECTED   : 052 Fragments (02028 Bytes)
RECEIVED   : 051 Fragments
             01989 Bytes
LOST       : 000 Fragments

1733750264s939:RX_C on freq 869525000 Hz at DR 0
1733750264s940:#############OPENED CONTINUOUS RX C WINDOW
1733750286s031:MAC rxNotify
1733750286s031:NOTIFY
1733750286s031:MAC rxDone
1733750286s034:RXSLOT
1733750286s034:value of rxport: 201
###### D/L FRAME:0051 | PORT:201 | DR:0 | SLOT:C_MC | RSSI:-5 | SNR:6
1733750286s034:#####################FRAGDECODER PROCESS

.... FRAG_DECODER in Progress ....
EXPECTED   : 052 Fragments (02028 Bytes)
RECEIVED   : 052 Fragments
             02028 Bytes
LOST       : 000 Fragments


.... FRAG_DECODER Finished ....
STATUS     : 0
1733750286s035:ALL FRAGMENTS RECEIVED

= [SBOOT] System Security Check successfully passed. Starting...


======================================================================
=              (C) COPYRIGHT 2017 STMicroelectronics                 =
=                                                                    =
=              Secure Boot and Secure Firmware Update                =
======================================================================


= [SBOOT] SECURE ENGINE INITIALIZATION SUCCESSFUL
= [SBOOT] STATE: CHECK STATUS ON RESET
	  INFO: A Reboot has been triggered by a Software reset!
= [SBOOT] STATE: CHECK NEW FIRMWARE TO DOWNLOAD
= [SBOOT] STATE: CHECK KMS BLOB TO INSTALL
= [SBOOT] STATE: CHECK USER FW STATUS
	  A FW is detected in the slot SLOT_ACTIVE_1
= [SBOOT] STATE: VERIFY USER FW SIGNATURE
= [SBOOT] STATE: EXECUTE USER FIRMWAREAPPLICATION_VERSION: V1.3.0
MW_LORAWAN_VERSION:  V2.5.0
MW_RADIO_VERSION:    V1.3.0
L2_SPEC_VERSION:     V1.0.4
RP_SPEC_VERSION:     V2-1.0.1
###### AppKey:      2B:7E:15:16:28:AE:D2:A6:AB:F7:15:88:09:CF:4F:3C
###### NwkKey:      2B:7E:15:16:28:AE:D2:A6:AB:F7:15:88:09:CF:4F:3C
###### AppSKey:     51:7F:89:59:50:18:1B:F7:7A:72:52:E1:7F:93:C5:C8
###### NwkSKey:     CF:4B:1D:3F:99:2D:A8:30:E7:60:AC:C9:B7:D7:E5:64
###### DevEUI:      00:80:E1:15:05:AB:CD:7C
###### AppEUI:      01:01:01:01:01:01:01:01
###### DevAddr:     05:AB:CD:7C
###### KMS ENABLED