
= [SBOOT] System Security Check successfully passed. Starting...


======================================================================
=              (C) COPYRIGHT 2017 STMicroelectronics                 =
=                                                                    =
=              Secure Boot and Secure Firmware Update                =
======================================================================


= [SBOOT] SECURE ENGINE INITIALIZATION SUCCESSFUL
= [SBOOT] STATE: CHECK STATUS ON RESET
	  INFO: A Reboot has been triggered by a Hardware reset!
= [SBOOT] STATE: CHECK NEW FIRMWARE TO DOWNLOAD
= [SBOOT] STATE: CHECK KMS BLOB TO INSTALL
= [SBOOT] STATE: CHECK USER FW STATUS
	  A FW is detected in the slot SLOT_ACTIVE_1
= [SBOOT] STATE: VERIFY USER FW SIGNATURE
= [SBOOT] STATE: EXECUTE USER FIRMWAREAPPLICATION_VERSION: V1.3.0
MW_LORAWAN_VERSION:  V2.5.0
MW_RADIO_VERSION:    V1.3.0
L2_SPEC_VERSION:     V1.0.4
RP_SPEC_VERSION:     V2-1.0.1
###### AppKey:      2B:7E:15:16:28:AE:D2:A6:AB:F7:15:88:09:CF:4F:3C
###### NwkKey:      2B:7E:15:16:28:AE:D2:A6:AB:F7:15:88:09:CF:4F:3C
###### AppSKey:     74:7C:01:35:EA:1C:29:58:78:31:79:22:4F:1C:16:86
###### NwkSKey:     7F:71:DC:D1:CB:7F:DA:44:C6:02:38:6A:57:6D:BD:EB
###### DevEUI:      00:80:E1:15:00:0A:D5:68
###### AppEUI:      01:01:01:01:01:01:01:01
###### DevAddr:     00:0A:D5:68
###### KMS ENABLED
###### = JOIN FAILED
###### U/L FRAME:JOIN | DR:4 | PWR:1

###### = JOINED = OTAA =====================
[31mNetwork joined, choose app to execute:
BTN1: TxTimer send uplink every 10 sec
BTN2: Airtime test
[0m
###### U/L FRAME:JOIN | DR:4 | PWR:1
###### MCRootKey:   7D:F7:6B:0C:1A:B8:99:B3:3E:42:F0:47:B9:1B:54:6F
###### MCKEKey:     8C:B8:66:5E:0C:0E:0B:64:5B:2E:D9:E4:8A:19:27:7C
###### AppSKey:     26:AC:EB:A3:C4:D5:CB:D1:24:CB:5D:F6:B9:EB:C4:17
###### NwkSKey:     FD:D0:07:FE:CD:9E:4D:F9:1F:70:96:B6:89:CA:82:8E
###### DBIntKey:    7A:C4:7C:65:FE:25:9B:B6:54:BD:26:35:19:F8:9C:8E
###### DevEUI:      00:80:E1:15:00:0A:D5:68
###### AppEUI:      01:01:01:01:01:01:01:01
###### DevAddr:     01:28:38:D7
[32mStart tx timer regular[0m
###### ========== MCPS-Confirm =============
###### U/L FRAME:0001 | PORT:24 | DR:4 | PWR:1 | MSG TYPE:UNCONFIRMED
1731767727s846:value of rxport: 0
###### D/L FRAME:0000 | PORT:0 | DR:4 | SLOT:1 | RSSI:-17 | SNR:13
1731767786s636:Airtime test started: 0
1731767786s636:MAC Tx start packet size: 21
1731767786s639:TX on freq 867500000 Hz at DR 4
1731767786s639:RADIO SEND WITH size 21
1731767786s641:SEND REQUEST
1731767786s744:NOTIFY
1731767786s745:MAC txDone
1731767787s726:RX_1 on freq 867500000 Hz at DR 4
1731767787s777:IRQ_RX_TX_TIMEOUT
1731767787s777:NOTIFY
1731767787s777:MAC rxTimeOut
1731767788s775:RX_2 on freq 869525000 Hz at DR 0
1731767788s973:IRQ_RX_TX_TIMEOUT
1731767788s973:NOTIFY
1731767788s973:MAC rxTimeOut

###### ========== MCPS-Confirm =============
###### U/L FRAME:0002 | PORT:24 | DR:4 | PWR:1 | MSG TYPE:UNCONFIRMED
1731767846s641:Airtime test started: 0
1731767846s641:MAC Tx start packet size: 18
1731767846s645:TX on freq 868500000 Hz at DR 4
1731767846s645:RADIO SEND WITH size 18
1731767846s647:SEND REQUEST
1731767846s740:NOTIFY
1731767846s740:MAC txDone
1731767847s723:RX_1 on freq 868500000 Hz at DR 4
1731767847s773:IRQ_RX_TX_TIMEOUT
1731767847s773:NOTIFY
1731767847s773:MAC rxTimeOut
1731767848s771:RX_2 on freq 869525000 Hz at DR 0
1731767848s970:IRQ_RX_TX_TIMEOUT
1731767848s970:NOTIFY
1731767848s970:MAC rxTimeOut

###### ========== MCPS-Confirm =============
###### U/L FRAME:0003 | PORT:24 | DR:4 | PWR:1 | MSG TYPE:UNCONFIRMED
1731767906s647:Airtime test started: 0
1731767906s647:MAC Tx start packet size: 18
1731767906s651:TX on freq 867100000 Hz at DR 4
1731767906s651:RADIO SEND WITH size 18
1731767906s653:SEND REQUEST
1731767906s746:NOTIFY
1731767906s746:MAC txDone
1731767907s728:RX_1 on freq 867100000 Hz at DR 4
1731767907s779:IRQ_RX_TX_TIMEOUT
1731767907s779:NOTIFY
1731767907s779:MAC rxTimeOut
1731767908s777:RX_2 on freq 869525000 Hz at DR 0
1731767908s975:IRQ_RX_TX_TIMEOUT
1731767908s975:NOTIFY
1731767908s975:MAC rxTimeOut

###### ========== MCPS-Confirm =============
###### U/L FRAME:0004 | PORT:24 | DR:4 | PWR:1 | MSG TYPE:UNCONFIRMED
1731767966s653:Airtime test started: 0
1731767966s653:MAC Tx start packet size: 18
1731767966s657:TX on freq 868100000 Hz at DR 4
1731767966s657:RADIO SEND WITH size 18
1731767966s659:SEND REQUEST
1731767966s752:NOTIFY
1731767966s752:MAC txDone
1731767967s734:RX_1 on freq 868100000 Hz at DR 4
1731767967s785:IRQ_RX_TX_TIMEOUT
1731767967s785:NOTIFY
1731767967s785:MAC rxTimeOut
1731767968s783:RX_2 on freq 869525000 Hz at DR 0
1731767968s981:IRQ_RX_TX_TIMEOUT
1731767968s981:NOTIFY
1731767968s981:MAC rxTimeOut

###### ========== MCPS-Confirm =============
###### U/L FRAME:0005 | PORT:24 | DR:4 | PWR:1 | MSG TYPE:UNCONFIRMED
1731768026s659:Airtime test started: 0
1731768026s659:MAC Tx start packet size: 18
1731768026s663:TX on freq 868500000 Hz at DR 4
1731768026s663:RADIO SEND WITH size 18
1731768026s665:SEND REQUEST
1731768026s758:NOTIFY
1731768026s758:MAC txDone
1731768027s740:RX_1 on freq 868500000 Hz at DR 4
1731768027s924:MAC rxNotify
1731768027s924:NOTIFY
1731768027s924:MAC rxDone

###### ========== MCPS-Confirm =============
###### U/L FRAME:0006 | PORT:24 | DR:4 | PWR:1 | MSG TYPE:UNCONFIRMED
1731768027s927:value of rxport: 200
1731768027s927:MULTICAST CLASS C SETUP 2
###### D/L FRAME:0001 | PORT:200 | DR:4 | SLOT:1 | RSSI:-17 | SNR:14
1731768027s935:MAC Tx start packet size: 15
1731768027s938:TX on freq 867700000 Hz at DR 4
1731768027s939:RADIO SEND WITH size 15
ID          : 0
McAddr      : FCB5D0EC
McKey       : 37-19-31-CA-75-B5-50-D4-4D-9C-78-18-B5-CA-9C-7F
McFCountMin : 0
McFCountMax : 4294967295
SessionTime : 0
SessionTimeT: 1 s
Rx Freq     : 0
Rx DR       : DR_0
1731768028s034:NOTIFY
1731768028s034:MAC txDone
1731768029s016:RX_1 on freq 867700000 Hz at DR 4
1731768029s067:IRQ_RX_TX_TIMEOUT
1731768029s067:NOTIFY
1731768029s067:MAC rxTimeOut
1731768030s065:RX_2 on freq 869525000 Hz at DR 0
1731768030s264:IRQ_RX_TX_TIMEOUT
1731768030s264:NOTIFY
1731768030s264:MAC rxTimeOut

###### ========== MCPS-Confirm =============
###### U/L FRAME:0007 | PORT:200 | DR:4 | PWR:1 | MSG TYPE:UNCONFIRMED
1731768086s665:Airtime test started: 0
1731768086s665:MAC Tx start packet size: 18
1731768086s669:TX on freq 868100000 Hz at DR 4
1731768086s669:RADIO SEND WITH size 18
1731768086s671:SEND REQUEST
1731768086s764:NOTIFY
1731768086s764:MAC txDone
1731768087s747:RX_1 on freq 868100000 Hz at DR 4
1731768087s878:MAC rxNotify
1731768087s878:NOTIFY
1731768087s879:MAC rxDone

###### ========== MCPS-Confirm =============
###### U/L FRAME:0008 | PORT:24 | DR:4 | PWR:1 | MSG TYPE:UNCONFIRMED
1731768087s881:value of rxport: 201
###### D/L FRAME:0002 | PORT:201 | DR:4 | SLOT:1 | RSSI:-17 | SNR:14
1731768087s882:#####################FRAGDECODER INIT
1731768091s763:MAC Tx start packet size: 15
1731768091s766:TX on freq 867300000 Hz at DR 4
1731768091s766:RADIO SEND WITH size 15
1731768091s861:NOTIFY
1731768091s861:MAC txDone
1731768092s844:RX_1 on freq 867300000 Hz at DR 4
1731768092s975:MAC rxNotify
1731768092s975:NOTIFY
1731768092s975:MAC rxDone

###### ========== MCPS-Confirm =============
###### U/L FRAME:0009 | PORT:201 | DR:4 | PWR:1 | MSG TYPE:UNCONFIRMED
1731768092s978:value of rxport: 200
1731768092s979:MULTICAST CLASS C SETUP 4
###### D/L FRAME:0003 | PORT:200 | DR:4 | SLOT:1 | RSSI:-17 | SNR:13
Time2SessionStart: 300000 ms
1731768092s979:MAC Tx start packet size: 18
1731768092s983:TX on freq 867500000 Hz at DR 4
1731768092s984:RADIO SEND WITH size 18
ID          : 0
McAddr      : FCB5D0EC
McKey       : 37-19-31-CA-75-B5-50-D4-4D-9C-78-18-B5-CA-9C-7F
McFCountMin : 0
McFCountMax : 4294967295
SessionTime : 1731768392
SessionTimeT: 4096 s
Rx Freq     : 869525000
Rx DR       : DR_2
1731768093s078:NOTIFY
1731768093s078:MAC txDone
1731768094s060:RX_1 on freq 867500000 Hz at DR 4
1731768094s111:IRQ_RX_TX_TIMEOUT
1731768094s111:NOTIFY
1731768094s111:MAC rxTimeOut
1731768095s109:RX_2 on freq 869525000 Hz at DR 0
1731768095s307:IRQ_RX_TX_TIMEOUT
1731768095s307:NOTIFY
1731768095s307:MAC rxTimeOut

###### ========== MCPS-Confirm =============
###### U/L FRAME:0010 | PORT:200 | DR:4 | PWR:1 | MSG TYPE:UNCONFIRMED
1731768392s979:[SWITCHCLASS class C]
1731768392s994:RX_C on freq 869525000 Hz at DR 2
1731768392s996:#############OPENED CONTINUOUS RX C WINDOW
Switch to Class C done
1731768394s324:MAC rxNotify
1731768394s324:NOTIFY
1731768394s324:MAC rxDone
1731768394s327:RXSLOT
1731768394s327:value of rxport: 201
###### D/L FRAME:0000 | PORT:201 | DR:2 | SLOT:C_MC | RSSI:-15 | SNR:8
1731768394s327:#####################FRAGDECODER PROCESS

.... FRAG_DECODER in Progress ....
EXPECTED   : 052 Fragments (02028 Bytes)
RECEIVED   : 001 Fragments
             00039 Bytes
LOST       : 000 Fragments

1731768394s331:RX_C on freq 869525000 Hz at DR 2
1731768394s333:#############OPENED CONTINUOUS RX C WINDOW
1731768400s349:MAC rxNotify
1731768400s349:NOTIFY
1731768400s349:MAC rxDone
1731768400s352:RXSLOT
1731768400s352:value of rxport: 201
###### D/L FRAME:0001 | PORT:201 | DR:2 | SLOT:C_MC | RSSI:-16 | SNR:9
1731768400s352:#####################FRAGDECODER PROCESS

.... FRAG_DECODER in Progress ....
EXPECTED   : 052 Fragments (02028 Bytes)
RECEIVED   : 002 Fragments
             00078 Bytes
LOST       : 000 Fragments

1731768400s356:RX_C on freq 869525000 Hz at DR 2
1731768400s358:#############OPENED CONTINUOUS RX C WINDOW
1731768407s380:MAC rxNotify
1731768407s380:NOTIFY
1731768407s380:MAC rxDone
1731768407s383:RXSLOT
1731768407s383:value of rxport: 201
###### D/L FRAME:0002 | PORT:201 | DR:2 | SLOT:C_MC | RSSI:-16 | SNR:8
1731768407s383:#####################FRAGDECODER PROCESS

.... FRAG_DECODER in Progress ....
EXPECTED   : 052 Fragments (02028 Bytes)
RECEIVED   : 003 Fragments
             00117 Bytes
LOST       : 000 Fragments

1731768407s387:RX_C on freq 869525000 Hz at DR 2
1731768407s389:#############OPENED CONTINUOUS RX C WINDOW
1731768413s405:MAC rxNotify
1731768413s405:NOTIFY
1731768413s405:MAC rxDone
1731768413s409:RXSLOT
1731768413s409:value of rxport: 201
###### D/L FRAME:0003 | PORT:201 | DR:2 | SLOT:C_MC | RSSI:-15 | SNR:8
1731768413s409:#####################FRAGDECODER PROCESS

.... FRAG_DECODER in Progress ....
EXPECTED   : 052 Fragments (02028 Bytes)
RECEIVED   : 004 Fragments
             00156 Bytes
LOST       : 000 Fragments

1731768413s413:RX_C on freq 869525000 Hz at DR 2
1731768413s415:#############OPENED CONTINUOUS RX C WINDOW
1731768419s432:MAC rxNotify
1731768419s432:NOTIFY
1731768419s432:MAC rxDone
1731768419s436:RXSLOT
1731768419s436:value of rxport: 201
###### D/L FRAME:0004 | PORT:201 | DR:2 | SLOT:C_MC | RSSI:-16 | SNR:9
1731768419s436:#####################FRAGDECODER PROCESS

.... FRAG_DECODER in Progress ....
EXPECTED   : 052 Fragments (02028 Bytes)
RECEIVED   : 005 Fragments
             00195 Bytes
LOST       : 000 Fragments

1731768419s440:RX_C on freq 869525000 Hz at DR 2
1731768419s442:#############OPENED CONTINUOUS RX C WINDOW
1731768425s461:MAC rxNotify
1731768425s461:NOTIFY
1731768425s461:MAC rxDone
1731768425s464:RXSLOT
1731768425s464:value of rxport: 201
###### D/L FRAME:0005 | PORT:201 | DR:2 | SLOT:C_MC | RSSI:-16 | SNR:9
1731768425s464:#####################FRAGDECODER PROCESS

.... FRAG_DECODER in Progress ....
EXPECTED   : 052 Fragments (02028 Bytes)
RECEIVED   : 006 Fragments
             00234 Bytes
LOST       : 000 Fragments

1731768425s468:RX_C on freq 869525000 Hz at DR 2
1731768425s470:#############OPENED CONTINUOUS RX C WINDOW
1731768432s494:MAC rxNotify
1731768432s494:NOTIFY
1731768432s494:MAC rxDone
1731768432s497:RXSLOT
1731768432s497:value of rxport: 201
###### D/L FRAME:0006 | PORT:201 | DR:2 | SLOT:C_MC | RSSI:-15 | SNR:8
1731768432s497:#####################FRAGDECODER PROCESS

.... FRAG_DECODER in Progress ....
EXPECTED   : 052 Fragments (02028 Bytes)
RECEIVED   : 007 Fragments
             00273 Bytes
LOST       : 000 Fragments

1731768432s501:RX_C on freq 869525000 Hz at DR 2
1731768432s503:#############OPENED CONTINUOUS RX C WINDOW
1731768438s520:MAC rxNotify
1731768438s520:NOTIFY
1731768438s520:MAC rxDone
1731768438s523:RXSLOT
1731768438s523:value of rxport: 201
###### D/L FRAME:0007 | PORT:201 | DR:2 | SLOT:C_MC | RSSI:-16 | SNR:9
1731768438s523:#####################FRAGDECODER PROCESS

.... FRAG_DECODER in Progress ....
EXPECTED   : 052 Fragments (02028 Bytes)
RECEIVED   : 008 Fragments
             00312 Bytes
LOST       : 000 Fragments

1731768438s527:RX_C on freq 869525000 Hz at DR 2
1731768438s529:#############OPENED CONTINUOUS RX C WINDOW
1731768444s550:MAC rxNotify
1731768444s550:NOTIFY
1731768444s550:MAC rxDone
1731768444s553:RXSLOT
1731768444s553:value of rxport: 201
###### D/L FRAME:0008 | PORT:201 | DR:2 | SLOT:C_MC | RSSI:-16 | SNR:8
1731768444s553:#####################FRAGDECODER PROCESS

.... FRAG_DECODER in Progress ....
EXPECTED   : 052 Fragments (02028 Bytes)
RECEIVED   : 009 Fragments
             00351 Bytes
LOST       : 000 Fragments

1731768444s556:RX_C on freq 869525000 Hz at DR 2
1731768444s558:#############OPENED CONTINUOUS RX C WINDOW
1731768450s579:MAC rxNotify
1731768450s579:NOTIFY
1731768450s579:MAC rxDone
1731768450s582:RXSLOT
1731768450s582:value of rxport: 201
###### D/L FRAME:0009 | PORT:201 | DR:2 | SLOT:C_MC | RSSI:-16 | SNR:8
1731768450s582:#####################FRAGDECODER PROCESS

.... FRAG_DECODER in Progress ....
EXPECTED   : 052 Fragments (02028 Bytes)
RECEIVED   : 010 Fragments
             00390 Bytes
LOST       : 000 Fragments

1731768450s586:RX_C on freq 869525000 Hz at DR 2
1731768450s588:#############OPENED CONTINUOUS RX C WINDOW
1731768457s611:MAC rxNotify
1731768457s611:NOTIFY
1731768457s611:MAC rxDone
1731768457s614:RXSLOT
1731768457s614:value of rxport: 201
###### D/L FRAME:0010 | PORT:201 | DR:2 | SLOT:C_MC | RSSI:-16 | SNR:9
1731768457s614:#####################FRAGDECODER PROCESS

.... FRAG_DECODER in Progress ....
EXPECTED   : 052 Fragments (02028 Bytes)
RECEIVED   : 011 Fragments
             00429 Bytes
LOST       : 000 Fragments

1731768457s618:RX_C on freq 869525000 Hz at DR 2
1731768457s620:#############OPENED CONTINUOUS RX C WINDOW
1731768463s639:MAC rxNotify
1731768463s639:NOTIFY
1731768463s639:MAC rxDone
1731768463s642:RXSLOT
1731768463s642:value of rxport: 201
###### D/L FRAME:0011 | PORT:201 | DR:2 | SLOT:C_MC | RSSI:-16 | SNR:9
1731768463s642:#####################FRAGDECODER PROCESS

.... FRAG_DECODER in Progress ....
EXPECTED   : 052 Fragments (02028 Bytes)
RECEIVED   : 012 Fragments
             00468 Bytes
LOST       : 000 Fragments

1731768463s646:RX_C on freq 869525000 Hz at DR 2
1731768463s648:#############OPENED CONTINUOUS RX C WINDOW
1731768469s671:MAC rxNotify
1731768469s671:NOTIFY
1731768469s671:MAC rxDone
1731768469s674:RXSLOT
1731768469s674:value of rxport: 201
###### D/L FRAME:0012 | PORT:201 | DR:2 | SLOT:C_MC | RSSI:-16 | SNR:9
1731768469s674:#####################FRAGDECODER PROCESS

.... FRAG_DECODER in Progress ....
EXPECTED   : 052 Fragments (02028 Bytes)
RECEIVED   : 013 Fragments
             00507 Bytes
LOST       : 000 Fragments

1731768469s678:RX_C on freq 869525000 Hz at DR 2
1731768469s680:#############OPENED CONTINUOUS RX C WINDOW
1731768475s698:MAC rxNotify
1731768475s698:NOTIFY
1731768475s699:MAC rxDone
1731768475s702:RXSLOT
1731768475s702:value of rxport: 201
###### D/L FRAME:0013 | PORT:201 | DR:2 | SLOT:C_MC | RSSI:-16 | SNR:8
1731768475s702:#####################FRAGDECODER PROCESS

.... FRAG_DECODER in Progress ....
EXPECTED   : 052 Fragments (02028 Bytes)
RECEIVED   : 014 Fragments
             00546 Bytes
LOST       : 000 Fragments

1731768475s706:RX_C on freq 869525000 Hz at DR 2
1731768475s708:#############OPENED CONTINUOUS RX C WINDOW
1731768482s726:MAC rxNotify
1731768482s726:NOTIFY
1731768482s726:MAC rxDone
1731768482s729:RXSLOT
1731768482s729:value of rxport: 201
###### D/L FRAME:0014 | PORT:201 | DR:2 | SLOT:C_MC | RSSI:-16 | SNR:9
1731768482s729:#####################FRAGDECODER PROCESS

.... FRAG_DECODER in Progress ....
EXPECTED   : 052 Fragments (02028 Bytes)
RECEIVED   : 015 Fragments
             00585 Bytes
LOST       : 000 Fragments

1731768482s733:RX_C on freq 869525000 Hz at DR 2
1731768482s735:#############OPENED CONTINUOUS RX C WINDOW
1731768488s751:MAC rxNotify
1731768488s751:NOTIFY
1731768488s751:MAC rxDone
1731768488s754:RXSLOT
1731768488s754:value of rxport: 201
###### D/L FRAME:0015 | PORT:201 | DR:2 | SLOT:C_MC | RSSI:-16 | SNR:9
1731768488s754:#####################FRAGDECODER PROCESS

.... FRAG_DECODER in Progress ....
EXPECTED   : 052 Fragments (02028 Bytes)
RECEIVED   : 016 Fragments
             00624 Bytes
LOST       : 000 Fragments

1731768488s758:RX_C on freq 869525000 Hz at DR 2
1731768488s760:#############OPENED CONTINUOUS RX C WINDOW
1731768494s776:MAC rxNotify
1731768494s776:NOTIFY
1731768494s776:MAC rxDone
1731768494s779:RXSLOT
1731768494s779:value of rxport: 201
###### D/L FRAME:0016 | PORT:201 | DR:2 | SLOT:C_MC | RSSI:-15 | SNR:9
1731768494s779:#####################FRAGDECODER PROCESS

.... FRAG_DECODER in Progress ....
EXPECTED   : 052 Fragments (02028 Bytes)
RECEIVED   : 017 Fragments
             00663 Bytes
LOST       : 000 Fragments

1731768494s783:RX_C on freq 869525000 Hz at DR 2
1731768494s785:#############OPENED CONTINUOUS RX C WINDOW
1731768500s806:MAC rxNotify
1731768500s806:NOTIFY
1731768500s806:MAC rxDone
1731768500s809:RXSLOT
1731768500s809:value of rxport: 201
###### D/L FRAME:0017 | PORT:201 | DR:2 | SLOT:C_MC | RSSI:-15 | SNR:9
1731768500s809:#####################FRAGDECODER PROCESS

.... FRAG_DECODER in Progress ....
EXPECTED   : 052 Fragments (02028 Bytes)
RECEIVED   : 018 Fragments
             00702 Bytes
LOST       : 000 Fragments

1731768500s813:RX_C on freq 869525000 Hz at DR 2
1731768500s815:#############OPENED CONTINUOUS RX C WINDOW
1731768507s836:MAC rxNotify
1731768507s836:NOTIFY
1731768507s836:MAC rxDone
1731768507s839:RXSLOT
1731768507s839:value of rxport: 201
###### D/L FRAME:0018 | PORT:201 | DR:2 | SLOT:C_MC | RSSI:-16 | SNR:8
1731768507s839:#####################FRAGDECODER PROCESS

.... FRAG_DECODER in Progress ....
EXPECTED   : 052 Fragments (02028 Bytes)
RECEIVED   : 019 Fragments
             00741 Bytes
LOST       : 000 Fragments

1731768507s843:RX_C on freq 869525000 Hz at DR 2
1731768507s845:#############OPENED CONTINUOUS RX C WINDOW
1731768513s855:MAC rxNotify
1731768513s855:NOTIFY
1731768513s855:MAC rxDone
1731768513s858:RXSLOT
1731768513s858:value of rxport: 201
###### D/L FRAME:0019 | PORT:201 | DR:2 | SLOT:C_MC | RSSI:-16 | SNR:8
1731768513s858:#####################FRAGDECODER PROCESS

.... FRAG_DECODER in Progress ....
EXPECTED   : 052 Fragments (02028 Bytes)
RECEIVED   : 020 Fragments
             00780 Bytes
LOST       : 000 Fragments

1731768513s862:RX_C on freq 869525000 Hz at DR 2
1731768513s864:#############OPENED CONTINUOUS RX C WINDOW
1731768519s882:MAC rxNotify
1731768519s882:NOTIFY
1731768519s882:MAC rxDone
1731768519s885:RXSLOT
1731768519s885:value of rxport: 201
###### D/L FRAME:0020 | PORT:201 | DR:2 | SLOT:C_MC | RSSI:-15 | SNR:9
1731768519s885:#####################FRAGDECODER PROCESS

.... FRAG_DECODER in Progress ....
EXPECTED   : 052 Fragments (02028 Bytes)
RECEIVED   : 021 Fragments
             00819 Bytes
LOST       : 000 Fragments

1731768519s889:RX_C on freq 869525000 Hz at DR 2
1731768519s890:#############OPENED CONTINUOUS RX C WINDOW
1731768525s913:MAC rxNotify
1731768525s913:NOTIFY
1731768525s913:MAC rxDone
1731768525s917:RXSLOT
1731768525s917:value of rxport: 201
###### D/L FRAME:0021 | PORT:201 | DR:2 | SLOT:C_MC | RSSI:-16 | SNR:8
1731768525s917:#####################FRAGDECODER PROCESS

.... FRAG_DECODER in Progress ....
EXPECTED   : 052 Fragments (02028 Bytes)
RECEIVED   : 022 Fragments
             00858 Bytes
LOST       : 000 Fragments

1731768525s921:RX_C on freq 869525000 Hz at DR 2
1731768525s923:#############OPENED CONTINUOUS RX C WINDOW
1731768532s944:MAC rxNotify
1731768532s944:NOTIFY
1731768532s945:MAC rxDone
1731768532s948:RXSLOT
1731768532s948:value of rxport: 201
###### D/L FRAME:0022 | PORT:201 | DR:2 | SLOT:C_MC | RSSI:-15 | SNR:8
1731768532s948:#####################FRAGDECODER PROCESS

.... FRAG_DECODER in Progress ....
EXPECTED   : 052 Fragments (02028 Bytes)
RECEIVED   : 023 Fragments
             00897 Bytes
LOST       : 000 Fragments

1731768532s952:RX_C on freq 869525000 Hz at DR 2
1731768532s954:#############OPENED CONTINUOUS RX C WINDOW
1731768538s971:MAC rxNotify
1731768538s971:NOTIFY
1731768538s971:MAC rxDone
1731768538s974:RXSLOT
1731768538s974:value of rxport: 201
###### D/L FRAME:0023 | PORT:201 | DR:2 | SLOT:C_MC | RSSI:-15 | SNR:8
1731768538s974:#####################FRAGDECODER PROCESS

.... FRAG_DECODER in Progress ....
EXPECTED   : 052 Fragments (02028 Bytes)
RECEIVED   : 024 Fragments
             00936 Bytes
LOST       : 000 Fragments

1731768538s978:RX_C on freq 869525000 Hz at DR 2
1731768538s980:#############OPENED CONTINUOUS RX C WINDOW
1731768545s002:MAC rxNotify
1731768545s002:NOTIFY
1731768545s002:MAC rxDone
1731768545s005:RXSLOT
1731768545s005:value of rxport: 201
###### D/L FRAME:0024 | PORT:201 | DR:2 | SLOT:C_MC | RSSI:-16 | SNR:9
1731768545s005:#####################FRAGDECODER PROCESS

.... FRAG_DECODER in Progress ....
EXPECTED   : 052 Fragments (02028 Bytes)
RECEIVED   : 025 Fragments
             00975 Bytes
LOST       : 000 Fragments

1731768545s009:RX_C on freq 869525000 Hz at DR 2
1731768545s011:#############OPENED CONTINUOUS RX C WINDOW
1731768551s030:MAC rxNotify
1731768551s030:NOTIFY
1731768551s030:MAC rxDone
1731768551s034:RXSLOT
1731768551s034:value of rxport: 201
###### D/L FRAME:0025 | PORT:201 | DR:2 | SLOT:C_MC | RSSI:-16 | SNR:9
1731768551s034:#####################FRAGDECODER PROCESS

.... FRAG_DECODER in Progress ....
EXPECTED   : 052 Fragments (02028 Bytes)
RECEIVED   : 026 Fragments
             01014 Bytes
LOST       : 000 Fragments

1731768551s038:RX_C on freq 869525000 Hz at DR 2
1731768551s040:#############OPENED CONTINUOUS RX C WINDOW
1731768558s061:MAC rxNotify
1731768558s061:NOTIFY
1731768558s061:MAC rxDone
1731768558s065:RXSLOT
1731768558s065:value of rxport: 201
###### D/L FRAME:0026 | PORT:201 | DR:2 | SLOT:C_MC | RSSI:-15 | SNR:9
1731768558s065:#####################FRAGDECODER PROCESS

.... FRAG_DECODER in Progress ....
EXPECTED   : 052 Fragments (02028 Bytes)
RECEIVED   : 027 Fragments
             01053 Bytes
LOST       : 000 Fragments

1731768558s069:RX_C on freq 869525000 Hz at DR 2
1731768558s071:#############OPENED CONTINUOUS RX C WINDOW
1731768564s089:MAC rxNotify
1731768564s089:NOTIFY
1731768564s089:MAC rxDone
1731768564s092:RXSLOT
1731768564s092:value of rxport: 201
###### D/L FRAME:0027 | PORT:201 | DR:2 | SLOT:C_MC | RSSI:-15 | SNR:9
1731768564s092:#####################FRAGDECODER PROCESS

.... FRAG_DECODER in Progress ....
EXPECTED   : 052 Fragments (02028 Bytes)
RECEIVED   : 028 Fragments
             01092 Bytes
LOST       : 000 Fragments

1731768564s096:RX_C on freq 869525000 Hz at DR 2
1731768564s098:#############OPENED CONTINUOUS RX C WINDOW
1731768570s105:MAC rxNotify
1731768570s105:NOTIFY
1731768570s105:MAC rxDone
1731768570s108:RXSLOT
1731768570s108:value of rxport: 201
###### D/L FRAME:0028 | PORT:201 | DR:2 | SLOT:C_MC | RSSI:-16 | SNR:9
1731768570s108:#####################FRAGDECODER PROCESS

.... FRAG_DECODER in Progress ....
EXPECTED   : 052 Fragments (02028 Bytes)
RECEIVED   : 029 Fragments
             01131 Bytes
LOST       : 000 Fragments

1731768570s112:RX_C on freq 869525000 Hz at DR 2
1731768570s114:#############OPENED CONTINUOUS RX C WINDOW
1731768576s135:MAC rxNotify
1731768576s135:NOTIFY
1731768576s135:MAC rxDone
1731768576s138:RXSLOT
1731768576s138:value of rxport: 201
###### D/L FRAME:0029 | PORT:201 | DR:2 | SLOT:C_MC | RSSI:-16 | SNR:8
1731768576s138:#####################FRAGDECODER PROCESS

.... FRAG_DECODER in Progress ....
EXPECTED   : 052 Fragments (02028 Bytes)
RECEIVED   : 030 Fragments
             01170 Bytes
LOST       : 000 Fragments

1731768576s141:RX_C on freq 869525000 Hz at DR 2
1731768576s143:#############OPENED CONTINUOUS RX C WINDOW
1731768583s164:MAC rxNotify
1731768583s164:NOTIFY
1731768583s164:MAC rxDone
1731768583s167:RXSLOT
1731768583s167:value of rxport: 201
###### D/L FRAME:0030 | PORT:201 | DR:2 | SLOT:C_MC | RSSI:-16 | SNR:9
1731768583s167:#####################FRAGDECODER PROCESS

.... FRAG_DECODER in Progress ....
EXPECTED   : 052 Fragments (02028 Bytes)
RECEIVED   : 031 Fragments
             01209 Bytes
LOST       : 000 Fragments

1731768583s171:RX_C on freq 869525000 Hz at DR 2
1731768583s173:#############OPENED CONTINUOUS RX C WINDOW
1731768589s193:MAC rxNotify
1731768589s193:NOTIFY
1731768589s193:MAC rxDone
1731768589s196:RXSLOT
1731768589s196:value of rxport: 201
###### D/L FRAME:0031 | PORT:201 | DR:2 | SLOT:C_MC | RSSI:-15 | SNR:9
1731768589s196:#####################FRAGDECODER PROCESS

.... FRAG_DECODER in Progress ....
EXPECTED   : 052 Fragments (02028 Bytes)
RECEIVED   : 032 Fragments
             01248 Bytes
LOST       : 000 Fragments

1731768589s200:RX_C on freq 869525000 Hz at DR 2
1731768589s202:#############OPENED CONTINUOUS RX C WINDOW
1731768595s219:MAC rxNotify
1731768595s219:NOTIFY
1731768595s219:MAC rxDone
1731768595s222:RXSLOT
1731768595s222:value of rxport: 201
###### D/L FRAME:0032 | PORT:201 | DR:2 | SLOT:C_MC | RSSI:-16 | SNR:8
1731768595s222:#####################FRAGDECODER PROCESS

.... FRAG_DECODER in Progress ....
EXPECTED   : 052 Fragments (02028 Bytes)
RECEIVED   : 033 Fragments
             01287 Bytes
LOST       : 000 Fragments

1731768595s225:RX_C on freq 869525000 Hz at DR 2
1731768595s227:#############OPENED CONTINUOUS RX C WINDOW
1731768602s248:MAC rxNotify
1731768602s248:NOTIFY
1731768602s248:MAC rxDone
1731768602s251:RXSLOT
1731768602s251:value of rxport: 201
###### D/L FRAME:0033 | PORT:201 | DR:2 | SLOT:C_MC | RSSI:-16 | SNR:8
1731768602s251:#####################FRAGDECODER PROCESS

.... FRAG_DECODER in Progress ....
EXPECTED   : 052 Fragments (02028 Bytes)
RECEIVED   : 034 Fragments
             01326 Bytes
LOST       : 000 Fragments

1731768602s255:RX_C on freq 869525000 Hz at DR 2
1731768602s257:#############OPENED CONTINUOUS RX C WINDOW
1731768608s275:MAC rxNotify
1731768608s275:NOTIFY
1731768608s275:MAC rxDone
1731768608s278:RXSLOT
1731768608s278:value of rxport: 201
###### D/L FRAME:0034 | PORT:201 | DR:2 | SLOT:C_MC | RSSI:-15 | SNR:8
1731768608s278:#####################FRAGDECODER PROCESS

.... FRAG_DECODER in Progress ....
EXPECTED   : 052 Fragments (02028 Bytes)
RECEIVED   : 035 Fragments
             01365 Bytes
LOST       : 000 Fragments

1731768608s282:RX_C on freq 869525000 Hz at DR 2
1731768608s284:#############OPENED CONTINUOUS RX C WINDOW
1731768614s300:MAC rxNotify
1731768614s300:NOTIFY
1731768614s300:MAC rxDone
1731768614s303:RXSLOT
1731768614s303:value of rxport: 201
###### D/L FRAME:0035 | PORT:201 | DR:2 | SLOT:C_MC | RSSI:-16 | SNR:8
1731768614s303:#####################FRAGDECODER PROCESS

.... FRAG_DECODER in Progress ....
EXPECTED   : 052 Fragments (02028 Bytes)
RECEIVED   : 036 Fragments
             01404 Bytes
LOST       : 000 Fragments

1731768614s306:RX_C on freq 869525000 Hz at DR 2
1731768614s308:#############OPENED CONTINUOUS RX C WINDOW
1731768620s324:MAC rxNotify
1731768620s324:NOTIFY
1731768620s324:MAC rxDone
1731768620s328:RXSLOT
1731768620s328:value of rxport: 201
###### D/L FRAME:0036 | PORT:201 | DR:2 | SLOT:C_MC | RSSI:-15 | SNR:8
1731768620s328:#####################FRAGDECODER PROCESS

.... FRAG_DECODER in Progress ....
EXPECTED   : 052 Fragments (02028 Bytes)
RECEIVED   : 037 Fragments
             01443 Bytes
LOST       : 000 Fragments

1731768620s332:RX_C on freq 869525000 Hz at DR 2
1731768620s334:#############OPENED CONTINUOUS RX C WINDOW
1731768627s350:MAC rxNotify
1731768627s350:NOTIFY
1731768627s350:MAC rxDone
1731768627s353:RXSLOT
1731768627s353:value of rxport: 201
###### D/L FRAME:0037 | PORT:201 | DR:2 | SLOT:C_MC | RSSI:-15 | SNR:8
1731768627s353:#####################FRAGDECODER PROCESS

.... FRAG_DECODER in Progress ....
EXPECTED   : 052 Fragments (02028 Bytes)
RECEIVED   : 038 Fragments
             01482 Bytes
LOST       : 000 Fragments

1731768627s357:RX_C on freq 869525000 Hz at DR 2
1731768627s359:#############OPENED CONTINUOUS RX C WINDOW
1731768633s376:MAC rxNotify
1731768633s376:NOTIFY
1731768633s376:MAC rxDone
1731768633s379:RXSLOT
1731768633s379:value of rxport: 201
###### D/L FRAME:0038 | PORT:201 | DR:2 | SLOT:C_MC | RSSI:-16 | SNR:8
1731768633s379:#####################FRAGDECODER PROCESS

.... FRAG_DECODER in Progress ....
EXPECTED   : 052 Fragments (02028 Bytes)
RECEIVED   : 039 Fragments
             01521 Bytes
LOST       : 000 Fragments

1731768633s383:RX_C on freq 869525000 Hz at DR 2
1731768633s385:#############OPENED CONTINUOUS RX C WINDOW
1731768639s401:MAC rxNotify
1731768639s401:NOTIFY
1731768639s401:MAC rxDone
1731768639s404:RXSLOT
1731768639s404:value of rxport: 201
###### D/L FRAME:0039 | PORT:201 | DR:2 | SLOT:C_MC | RSSI:-16 | SNR:9
1731768639s404:#####################FRAGDECODER PROCESS

.... FRAG_DECODER in Progress ....
EXPECTED   : 052 Fragments (02028 Bytes)
RECEIVED   : 040 Fragments
             01560 Bytes
LOST       : 000 Fragments

1731768639s408:RX_C on freq 869525000 Hz at DR 2
1731768639s410:#############OPENED CONTINUOUS RX C WINDOW
1731768645s425:MAC rxNotify
1731768645s425:NOTIFY
1731768645s425:MAC rxDone
1731768645s428:RXSLOT
1731768645s428:value of rxport: 201
###### D/L FRAME:0040 | PORT:201 | DR:2 | SLOT:C_MC | RSSI:-15 | SNR:9
1731768645s428:#####################FRAGDECODER PROCESS

.... FRAG_DECODER in Progress ....
EXPECTED   : 052 Fragments (02028 Bytes)
RECEIVED   : 041 Fragments
             01599 Bytes
LOST       : 000 Fragments

1731768645s431:RX_C on freq 869525000 Hz at DR 2
1731768645s433:#############OPENED CONTINUOUS RX C WINDOW
1731768652s453:MAC rxNotify
1731768652s453:NOTIFY
1731768652s453:MAC rxDone
1731768652s456:RXSLOT
1731768652s456:value of rxport: 201
###### D/L FRAME:0041 | PORT:201 | DR:2 | SLOT:C_MC | RSSI:-16 | SNR:9
1731768652s456:#####################FRAGDECODER PROCESS

.... FRAG_DECODER in Progress ....
EXPECTED   : 052 Fragments (02028 Bytes)
RECEIVED   : 042 Fragments
             01638 Bytes
LOST       : 000 Fragments

1731768652s460:RX_C on freq 869525000 Hz at DR 2
1731768652s462:#############OPENED CONTINUOUS RX C WINDOW
1731768658s478:MAC rxNotify
1731768658s478:NOTIFY
1731768658s478:MAC rxDone
1731768658s481:RXSLOT
1731768658s481:value of rxport: 201
###### D/L FRAME:0042 | PORT:201 | DR:2 | SLOT:C_MC | RSSI:-16 | SNR:9
1731768658s481:#####################FRAGDECODER PROCESS

.... FRAG_DECODER in Progress ....
EXPECTED   : 052 Fragments (02028 Bytes)
RECEIVED   : 043 Fragments
             01677 Bytes
LOST       : 000 Fragments

1731768658s485:RX_C on freq 869525000 Hz at DR 2
1731768658s487:#############OPENED CONTINUOUS RX C WINDOW
1731768664s503:MAC rxNotify
1731768664s503:NOTIFY
1731768664s503:MAC rxDone
1731768664s507:RXSLOT
1731768664s507:value of rxport: 201
###### D/L FRAME:0043 | PORT:201 | DR:2 | SLOT:C_MC | RSSI:-16 | SNR:9
1731768664s507:#####################FRAGDECODER PROCESS

.... FRAG_DECODER in Progress ....
EXPECTED   : 052 Fragments (02028 Bytes)
RECEIVED   : 044 Fragments
             01716 Bytes
LOST       : 000 Fragments

1731768664s511:RX_C on freq 869525000 Hz at DR 2
1731768664s513:#############OPENED CONTINUOUS RX C WINDOW
1731768670s530:MAC rxNotify
1731768670s530:NOTIFY
1731768670s530:MAC rxDone
1731768670s533:RXSLOT
1731768670s533:value of rxport: 201
###### D/L FRAME:0044 | PORT:201 | DR:2 | SLOT:C_MC | RSSI:-16 | SNR:9
1731768670s533:#####################FRAGDECODER PROCESS

.... FRAG_DECODER in Progress ....
EXPECTED   : 052 Fragments (02028 Bytes)
RECEIVED   : 045 Fragments
             01755 Bytes
LOST       : 000 Fragments

1731768670s537:RX_C on freq 869525000 Hz at DR 2
1731768670s539:#############OPENED CONTINUOUS RX C WINDOW
1731768677s558:MAC rxNotify
1731768677s558:NOTIFY
1731768677s558:MAC rxDone
1731768677s561:RXSLOT
1731768677s561:value of rxport: 201
###### D/L FRAME:0045 | PORT:201 | DR:2 | SLOT:C_MC | RSSI:-16 | SNR:9
1731768677s561:#####################FRAGDECODER PROCESS

.... FRAG_DECODER in Progress ....
EXPECTED   : 052 Fragments (02028 Bytes)
RECEIVED   : 046 Fragments
             01794 Bytes
LOST       : 000 Fragments

1731768677s565:RX_C on freq 869525000 Hz at DR 2
1731768677s567:#############OPENED CONTINUOUS RX C WINDOW
1731768683s584:MAC rxNotify
1731768683s584:NOTIFY
1731768683s584:MAC rxDone
1731768683s587:RXSLOT
1731768683s587:value of rxport: 201
###### D/L FRAME:0046 | PORT:201 | DR:2 | SLOT:C_MC | RSSI:-16 | SNR:9
1731768683s587:#####################FRAGDECODER PROCESS

.... FRAG_DECODER in Progress ....
EXPECTED   : 052 Fragments (02028 Bytes)
RECEIVED   : 047 Fragments
             01833 Bytes
LOST       : 000 Fragments

1731768683s591:RX_C on freq 869525000 Hz at DR 2
1731768683s593:#############OPENED CONTINUOUS RX C WINDOW
1731768689s615:MAC rxNotify
1731768689s615:NOTIFY
1731768689s616:MAC rxDone
1731768689s619:RXSLOT
1731768689s619:value of rxport: 201
###### D/L FRAME:0047 | PORT:201 | DR:2 | SLOT:C_MC | RSSI:-16 | SNR:9
1731768689s619:#####################FRAGDECODER PROCESS

.... FRAG_DECODER in Progress ....
EXPECTED   : 052 Fragments (02028 Bytes)
RECEIVED   : 048 Fragments
             01872 Bytes
LOST       : 000 Fragments

1731768689s623:RX_C on freq 869525000 Hz at DR 2
1731768689s625:#############OPENED CONTINUOUS RX C WINDOW
1731768695s645:MAC rxNotify
1731768695s645:NOTIFY
1731768695s645:MAC rxDone
1731768695s648:RXSLOT
1731768695s648:value of rxport: 201
###### D/L FRAME:0048 | PORT:201 | DR:2 | SLOT:C_MC | RSSI:-16 | SNR:9
1731768695s648:#####################FRAGDECODER PROCESS

.... FRAG_DECODER in Progress ....
EXPECTED   : 052 Fragments (02028 Bytes)
RECEIVED   : 049 Fragments
             01911 Bytes
LOST       : 000 Fragments

1731768695s652:RX_C on freq 869525000 Hz at DR 2
1731768695s654:#############OPENED CONTINUOUS RX C WINDOW
1731768702s678:MAC rxNotify
1731768702s678:NOTIFY
1731768702s678:MAC rxDone
1731768702s681:RXSLOT
1731768702s681:value of rxport: 201
###### D/L FRAME:0049 | PORT:201 | DR:2 | SLOT:C_MC | RSSI:-16 | SNR:9
1731768702s681:#####################FRAGDECODER PROCESS

.... FRAG_DECODER in Progress ....
EXPECTED   : 052 Fragments (02028 Bytes)
RECEIVED   : 050 Fragments
             01950 Bytes
LOST       : 000 Fragments

1731768702s684:RX_C on freq 869525000 Hz at DR 2
1731768702s686:#############OPENED CONTINUOUS RX C WINDOW
1731768708s702:MAC rxNotify
1731768708s702:NOTIFY
1731768708s702:MAC rxDone
1731768708s705:RXSLOT
1731768708s705:value of rxport: 201
###### D/L FRAME:0050 | PORT:201 | DR:2 | SLOT:C_MC | RSSI:-16 | SNR:9
1731768708s705:#####################FRAGDECODER PROCESS

.... FRAG_DECODER in Progress ....
EXPECTED   : 052 Fragments (02028 Bytes)
RECEIVED   : 051 Fragments
             01989 Bytes
LOST       : 000 Fragments

1731768708s709:RX_C on freq 869525000 Hz at DR 2
1731768708s711:#############OPENED CONTINUOUS RX C WINDOW
1731768714s732:MAC rxNotify
1731768714s732:NOTIFY
1731768714s732:MAC rxDone
1731768714s735:RXSLOT
1731768714s735:value of rxport: 201
###### D/L FRAME:0051 | PORT:201 | DR:2 | SLOT:C_MC | RSSI:-16 | SNR:9
1731768714s735:#####################FRAGDECODER PROCESS

.... FRAG_DECODER in Progress ....
EXPECTED   : 052 Fragments (02028 Bytes)
RECEIVED   : 052 Fragments
             02028 Bytes
LOST       : 000 Fragments


.... FRAG_DECODER Finished ....
STATUS     : 0
1731768714s736:ALL FRAGMENTS RECEIVED

= [SBOOT] System Security Check successfully passed. Starting...


======================================================================
=              (C) COPYRIGHT 2017 STMicroelectronics                 =
=                                                                    =
=              Secure Boot and Secure Firmware Update                =
======================================================================


= [SBOOT] SECURE ENGINE INITIALIZATION SUCCESSFUL
= [SBOOT] STATE: CHECK STATUS ON RESET
	  INFO: A Reboot has been triggered by a Software reset!
= [SBOOT] STATE: CHECK NEW FIRMWARE TO DOWNLOAD
= [SBOOT] STATE: CHECK KMS BLOB TO INSTALL
= [SBOOT] STATE: CHECK USER FW STATUS
	  A FW is detected in the slot SLOT_ACTIVE_1
= [SBOOT] STATE: VERIFY USER FW SIGNATURE
= [SBOOT] STATE: EXECUTE USER FIRMWAREAPPLICATION_VERSION: V1.3.0
MW_LORAWAN_VERSION:  V2.5.0
MW_RADIO_VERSION:    V1.3.0
L2_SPEC_VERSION:     V1.0.4
RP_SPEC_VERSION:     V2-1.0.1
###### AppKey:      2B:7E:15:16:28:AE:D2:A6:AB:F7:15:88:09:CF:4F:3C
###### NwkKey:      2B:7E:15:16:28:AE:D2:A6:AB:F7:15:88:09:CF:4F:3C
###### AppSKey:     26:AC:EB:A3:C4:D5:CB:D1:24:CB:5D:F6:B9:EB:C4:17
###### NwkSKey:     FD:D0:07:FE:CD:9E:4D:F9:1F:70:96:B6:89:CA:82:8E
###### DevEUI:      00:80:E1:15:00:0A:D5:68
###### AppEUI:      01:01:01:01:01:01:01:01
###### DevAddr:     00:0A:D5:68
###### KMS ENABLED