
###### ========== MCPS-Confirm =============
###### U/L FRAME:0025 | PORT:24 | DR:2 | PWR:1 | MSG TYPE:UNCONFIRMED

= [SBOOT] System Security Check successfully passed. Starting...


======================================================================
=              (C) COPYRIGHT 2017 STMicroelectronics                 =
=                                                                    =
=              Secure Boot and Secure Firmware Update                =
======================================================================


= [SBOOT] SECURE ENGINE INITIALIZATION SUCCESSFUL
= [SBOOT] STATE: CHECK STATUS ON RESET
	  INFO: A Reboot has been triggered by a Hardware reset!
= [SBOOT] STATE: CHECK NEW FIRMWARE TO DOWNLOAD
= [SBOOT] STATE: CHECK KMS BLOB TO INSTALL
= [SBOOT] STATE: CHECK USER FW STATUS
	  A FW is detected in the slot SLOT_ACTIVE_1
= [SBOOT] STATE: VERIFY USER FW SIGNATURE
= [SBOOT] STATE: EXECUTE USER FIRMWAREAPPLICATION_VERSION: V1.3.0
MW_LORAWAN_VERSION:  V2.5.0
MW_RADIO_VERSION:    V1.3.0
L2_SPEC_VERSION:     V1.0.4
RP_SPEC_VERSION:     V2-1.0.1
###### AppKey:      2B:7E:15:16:28:AE:D2:A6:AB:F7:15:88:09:CF:4F:3C
###### NwkKey:      2B:7E:15:16:28:AE:D2:A6:AB:F7:15:88:09:CF:4F:3C
###### AppSKey:     BA:A7:D3:D5:F1:F8:4D:61:FF:9D:1A:2D:07:79:1C:89
###### NwkSKey:     EB:86:62:51:60:69:46:64:9D:81:E2:A9:2E:A0:17:17
###### DevEUI:      00:80:E1:15:05:AB:CD:7C
###### AppEUI:      01:01:01:01:01:01:01:01
###### DevAddr:     05:AB:CD:7C
###### KMS ENABLED

###### = JOINED = OTAA =====================
[31mNetwork joined, choose app to execute:
BTN1: TxTimer send uplink every 10 sec
BTN2: Airtime test
[0m
###### U/L FRAME:JOIN | DR:2 | PWR:1
###### MCRootKey:   7D:F7:6B:0C:1A:B8:99:B3:3E:42:F0:47:B9:1B:54:6F
###### MCKEKey:     8C:B8:66:5E:0C:0E:0B:64:5B:2E:D9:E4:8A:19:27:7C
###### AppSKey:     AE:F4:CF:84:62:65:91:06:04:CF:7A:68:39:90:6C:83
###### NwkSKey:     4B:C9:DF:36:EB:63:75:82:40:D5:CA:50:CB:D3:D2:48
###### DBIntKey:    7A:C4:7C:65:FE:25:9B:B6:54:BD:26:35:19:F8:9C:8E
###### DevEUI:      00:80:E1:15:05:AB:CD:7C
###### AppEUI:      01:01:01:01:01:01:01:01
###### DevAddr:     01:7C:34:54

###### ========== MCPS-Confirm =============
###### U/L FRAME:0001 | PORT:24 | DR:2 | PWR:1 | MSG TYPE:UNCONFIRMED
1731781943s870:value of rxport: 0
###### D/L FRAME:0000 | PORT:0 | DR:2 | SLOT:1 | RSSI:-22 | SNR:9
1731782002s201:Airtime test started: 0
1731782002s201:MAC Tx start packet size: 21
1731782002s205:TX on freq 868100000 Hz at DR 2
1731782002s205:RADIO SEND WITH size 21
1731782002s207:SEND REQUEST
1731782002s578:NOTIFY
1731782002s578:MAC txDone
1731782003s572:RX_1 on freq 868100000 Hz at DR 2
1731782003s640:IRQ_RX_TX_TIMEOUT
1731782003s640:NOTIFY
1731782003s640:MAC rxTimeOut
1731782004s609:RX_2 on freq 869525000 Hz at DR 0
1731782004s808:IRQ_RX_TX_TIMEOUT
1731782004s808:NOTIFY
1731782004s808:MAC rxTimeOut

###### ========== MCPS-Confirm =============
###### U/L FRAME:0002 | PORT:24 | DR:2 | PWR:1 | MSG TYPE:UNCONFIRMED
1731782062s207:Airtime test started: 0
1731782062s207:MAC Tx start packet size: 18
1731782062s211:TX on freq 868300000 Hz at DR 2
1731782062s211:RADIO SEND WITH size 18
1731782062s213:SEND REQUEST
1731782062s543:NOTIFY
1731782062s543:MAC txDone
1731782063s537:RX_1 on freq 868300000 Hz at DR 2
1731782063s604:IRQ_RX_TX_TIMEOUT
1731782063s604:NOTIFY
1731782063s604:MAC rxTimeOut
1731782064s574:RX_2 on freq 869525000 Hz at DR 0
1731782064s772:IRQ_RX_TX_TIMEOUT
1731782064s772:NOTIFY
1731782064s772:MAC rxTimeOut

###### ========== MCPS-Confirm =============
###### U/L FRAME:0003 | PORT:24 | DR:2 | PWR:1 | MSG TYPE:UNCONFIRMED
1731782122s213:Airtime test started: 0
1731782122s213:MAC Tx start packet size: 18
1731782122s217:TX on freq 867900000 Hz at DR 2
1731782122s217:RADIO SEND WITH size 18
1731782122s219:SEND REQUEST
1731782122s549:NOTIFY
1731782122s549:MAC txDone
1731782123s543:RX_1 on freq 867900000 Hz at DR 2
1731782123s610:IRQ_RX_TX_TIMEOUT
1731782123s610:NOTIFY
1731782123s610:MAC rxTimeOut
1731782124s580:RX_2 on freq 869525000 Hz at DR 0
1731782124s778:IRQ_RX_TX_TIMEOUT
1731782124s778:NOTIFY
1731782124s778:MAC rxTimeOut

###### ========== MCPS-Confirm =============
###### U/L FRAME:0004 | PORT:24 | DR:2 | PWR:1 | MSG TYPE:UNCONFIRMED
1731782182s219:Airtime test started: 0
1731782182s219:MAC Tx start packet size: 18
1731782182s223:TX on freq 867900000 Hz at DR 2
1731782182s223:RADIO SEND WITH size 18
1731782182s225:SEND REQUEST
1731782182s555:NOTIFY
1731782182s555:MAC txDone
1731782183s549:RX_1 on freq 867900000 Hz at DR 2
1731782183s616:IRQ_RX_TX_TIMEOUT
1731782183s616:NOTIFY
1731782183s616:MAC rxTimeOut
1731782184s586:RX_2 on freq 869525000 Hz at DR 0
1731782184s784:IRQ_RX_TX_TIMEOUT
1731782184s784:NOTIFY
1731782184s784:MAC rxTimeOut

###### ========== MCPS-Confirm =============
###### U/L FRAME:0005 | PORT:24 | DR:2 | PWR:1 | MSG TYPE:UNCONFIRMED
1731782242s225:Airtime test started: 0
1731782242s225:MAC Tx start packet size: 18
1731782242s228:TX on freq 867300000 Hz at DR 2
1731782242s228:RADIO SEND WITH size 18
1731782242s230:SEND REQUEST
1731782242s560:NOTIFY
1731782242s560:MAC txDone
1731782243s555:RX_1 on freq 867300000 Hz at DR 2
1731782243s622:IRQ_RX_TX_TIMEOUT
1731782243s622:NOTIFY
1731782243s622:MAC rxTimeOut
1731782244s592:RX_2 on freq 869525000 Hz at DR 0
1731782244s790:IRQ_RX_TX_TIMEOUT
1731782244s790:NOTIFY
1731782244s790:MAC rxTimeOut

###### ========== MCPS-Confirm =============
###### U/L FRAME:0006 | PORT:24 | DR:2 | PWR:1 | MSG TYPE:UNCONFIRMED
1731782302s230:Airtime test started: 0
1731782302s230:MAC Tx start packet size: 18
1731782302s234:TX on freq 867500000 Hz at DR 2
1731782302s234:RADIO SEND WITH size 18
1731782302s236:SEND REQUEST
1731782302s566:NOTIFY
1731782302s566:MAC txDone
1731782303s560:RX_1 on freq 867500000 Hz at DR 2
1731782303s628:IRQ_RX_TX_TIMEOUT
1731782303s628:NOTIFY
1731782303s628:MAC rxTimeOut
1731782304s598:RX_2 on freq 869525000 Hz at DR 0
1731782304s796:IRQ_RX_TX_TIMEOUT
1731782304s796:NOTIFY
1731782304s796:MAC rxTimeOut

###### ========== MCPS-Confirm =============
###### U/L FRAME:0007 | PORT:24 | DR:2 | PWR:1 | MSG TYPE:UNCONFIRMED
1731782362s236:Airtime test started: 0
1731782362s236:MAC Tx start packet size: 18
1731782362s240:TX on freq 868500000 Hz at DR 2
1731782362s240:RADIO SEND WITH size 18
1731782362s242:SEND REQUEST
1731782362s572:NOTIFY
1731782362s572:MAC txDone
1731782363s566:RX_1 on freq 868500000 Hz at DR 2
1731782363s634:IRQ_RX_TX_TIMEOUT
1731782363s634:NOTIFY
1731782363s634:MAC rxTimeOut
1731782364s603:RX_2 on freq 869525000 Hz at DR 0
1731782364s802:IRQ_RX_TX_TIMEOUT
1731782364s802:NOTIFY
1731782364s802:MAC rxTimeOut

###### ========== MCPS-Confirm =============
###### U/L FRAME:0008 | PORT:24 | DR:2 | PWR:1 | MSG TYPE:UNCONFIRMED
1731782422s242:Airtime test started: 0
1731782422s242:MAC Tx start packet size: 18
1731782422s246:TX on freq 867300000 Hz at DR 2
1731782422s246:RADIO SEND WITH size 18
1731782422s248:SEND REQUEST
1731782422s578:NOTIFY
1731782422s578:MAC txDone
1731782423s572:RX_1 on freq 867300000 Hz at DR 2
1731782423s640:IRQ_RX_TX_TIMEOUT
1731782423s640:NOTIFY
1731782423s640:MAC rxTimeOut
1731782424s609:RX_2 on freq 869525000 Hz at DR 0
1731782424s808:IRQ_RX_TX_TIMEOUT
1731782424s808:NOTIFY
1731782424s808:MAC rxTimeOut

###### ========== MCPS-Confirm =============
###### U/L FRAME:0009 | PORT:24 | DR:2 | PWR:1 | MSG TYPE:UNCONFIRMED
1731782482s248:Airtime test started: 0
1731782482s248:MAC Tx start packet size: 18
1731782482s252:TX on freq 868100000 Hz at DR 2
1731782482s252:RADIO SEND WITH size 18
1731782482s254:SEND REQUEST
1731782482s584:NOTIFY
1731782482s584:MAC txDone
1731782483s578:RX_1 on freq 868100000 Hz at DR 2
1731782483s645:IRQ_RX_TX_TIMEOUT
1731782483s645:NOTIFY
1731782483s645:MAC rxTimeOut
1731782484s615:RX_2 on freq 869525000 Hz at DR 0
1731782484s813:IRQ_RX_TX_TIMEOUT
1731782484s813:NOTIFY
1731782484s813:MAC rxTimeOut

###### ========== MCPS-Confirm =============
###### U/L FRAME:0010 | PORT:24 | DR:2 | PWR:1 | MSG TYPE:UNCONFIRMED
1731782542s254:Airtime test started: 0
1731782542s254:MAC Tx start packet size: 18
1731782542s258:TX on freq 868300000 Hz at DR 2
1731782542s258:RADIO SEND WITH size 18
1731782542s260:SEND REQUEST
1731782542s590:NOTIFY
1731782542s590:MAC txDone
1731782543s584:RX_1 on freq 868300000 Hz at DR 2
1731782543s651:IRQ_RX_TX_TIMEOUT
1731782543s651:NOTIFY
1731782543s651:MAC rxTimeOut
1731782544s621:RX_2 on freq 869525000 Hz at DR 0
1731782544s819:IRQ_RX_TX_TIMEOUT
1731782544s819:NOTIFY
1731782544s819:MAC rxTimeOut

###### ========== MCPS-Confirm =============
###### U/L FRAME:0011 | PORT:24 | DR:2 | PWR:1 | MSG TYPE:UNCONFIRMED
1731782602s260:Airtime test started: 0
1731782602s260:MAC Tx start packet size: 18
1731782602s264:TX on freq 867700000 Hz at DR 2
1731782602s264:RADIO SEND WITH size 18
1731782602s266:SEND REQUEST
1731782602s596:NOTIFY
1731782602s596:MAC txDone
1731782603s590:RX_1 on freq 867700000 Hz at DR 2
1731782603s657:IRQ_RX_TX_TIMEOUT
1731782603s657:NOTIFY
1731782603s657:MAC rxTimeOut
1731782604s627:RX_2 on freq 869525000 Hz at DR 0
1731782604s825:IRQ_RX_TX_TIMEOUT
1731782604s825:NOTIFY
1731782604s825:MAC rxTimeOut

###### ========== MCPS-Confirm =============
###### U/L FRAME:0012 | PORT:24 | DR:2 | PWR:1 | MSG TYPE:UNCONFIRMED
1731782662s266:Airtime test started: 0
1731782662s266:MAC Tx start packet size: 18
1731782662s269:TX on freq 867900000 Hz at DR 2
1731782662s269:RADIO SEND WITH size 18
1731782662s271:SEND REQUEST
1731782662s602:NOTIFY
1731782662s602:MAC txDone
1731782663s597:RX_1 on freq 867900000 Hz at DR 2
1731782663s664:IRQ_RX_TX_TIMEOUT
1731782663s664:NOTIFY
1731782663s664:MAC rxTimeOut
1731782664s634:RX_2 on freq 869525000 Hz at DR 0
1731782664s832:IRQ_RX_TX_TIMEOUT
1731782664s832:NOTIFY
1731782664s832:MAC rxTimeOut

###### ========== MCPS-Confirm =============
###### U/L FRAME:0013 | PORT:24 | DR:2 | PWR:1 | MSG TYPE:UNCONFIRMED
1731782722s271:Airtime test started: 0
1731782722s271:MAC Tx start packet size: 18
1731782722s275:TX on freq 867300000 Hz at DR 2
1731782722s275:RADIO SEND WITH size 18
1731782722s277:SEND REQUEST
1731782722s607:NOTIFY
1731782722s607:MAC txDone
1731782723s602:RX_1 on freq 867300000 Hz at DR 2
1731782723s669:IRQ_RX_TX_TIMEOUT
1731782723s669:NOTIFY
1731782723s669:MAC rxTimeOut
1731782724s639:RX_2 on freq 869525000 Hz at DR 0
1731782724s837:IRQ_RX_TX_TIMEOUT
1731782724s837:NOTIFY
1731782724s837:MAC rxTimeOut

###### ========== MCPS-Confirm =============
###### U/L FRAME:0014 | PORT:24 | DR:2 | PWR:1 | MSG TYPE:UNCONFIRMED
1731782782s277:Airtime test started: 0
1731782782s277:MAC Tx start packet size: 18
1731782782s281:TX on freq 867500000 Hz at DR 2
1731782782s281:RADIO SEND WITH size 18
1731782782s283:SEND REQUEST
1731782782s613:NOTIFY
1731782782s613:MAC txDone
1731782783s607:RX_1 on freq 867500000 Hz at DR 2
1731782783s675:IRQ_RX_TX_TIMEOUT
1731782783s675:NOTIFY
1731782783s675:MAC rxTimeOut
1731782784s644:RX_2 on freq 869525000 Hz at DR 0
1731782784s843:IRQ_RX_TX_TIMEOUT
1731782784s843:NOTIFY
1731782784s843:MAC rxTimeOut

###### ========== MCPS-Confirm =============
###### U/L FRAME:0015 | PORT:24 | DR:2 | PWR:1 | MSG TYPE:UNCONFIRMED
1731782842s283:Airtime test started: 0
1731782842s283:MAC Tx start packet size: 18
1731782842s287:TX on freq 868500000 Hz at DR 2
1731782842s287:RADIO SEND WITH size 18
1731782842s289:SEND REQUEST
1731782842s619:NOTIFY
1731782842s619:MAC txDone
1731782843s613:RX_1 on freq 868500000 Hz at DR 2
1731782843s681:IRQ_RX_TX_TIMEOUT
1731782843s681:NOTIFY
1731782843s681:MAC rxTimeOut
1731782844s650:RX_2 on freq 869525000 Hz at DR 0
1731782844s849:IRQ_RX_TX_TIMEOUT
1731782844s849:NOTIFY
1731782844s849:MAC rxTimeOut

###### ========== MCPS-Confirm =============
###### U/L FRAME:0016 | PORT:24 | DR:2 | PWR:1 | MSG TYPE:UNCONFIRMED
1731782902s289:Airtime test started: 0
1731782902s289:MAC Tx start packet size: 18
1731782902s293:TX on freq 867100000 Hz at DR 2
1731782902s293:RADIO SEND WITH size 18
1731782902s295:SEND REQUEST
1731782902s625:NOTIFY
1731782902s625:MAC txDone
1731782903s619:RX_1 on freq 867100000 Hz at DR 2
1731782903s686:IRQ_RX_TX_TIMEOUT
1731782903s686:NOTIFY
1731782903s686:MAC rxTimeOut
1731782904s656:RX_2 on freq 869525000 Hz at DR 0
1731782904s854:IRQ_RX_TX_TIMEOUT
1731782904s854:NOTIFY
1731782904s854:MAC rxTimeOut

###### ========== MCPS-Confirm =============
###### U/L FRAME:0017 | PORT:24 | DR:2 | PWR:1 | MSG TYPE:UNCONFIRMED
1731782962s295:Airtime test started: 0
1731782962s295:MAC Tx start packet size: 18
1731782962s299:TX on freq 868300000 Hz at DR 2
1731782962s299:RADIO SEND WITH size 18
1731782962s301:SEND REQUEST
1731782962s631:NOTIFY
1731782962s631:MAC txDone
1731782963s625:RX_1 on freq 868300000 Hz at DR 2
1731782963s692:IRQ_RX_TX_TIMEOUT
1731782963s692:NOTIFY
1731782963s692:MAC rxTimeOut
1731782964s662:RX_2 on freq 869525000 Hz at DR 0
1731782964s860:IRQ_RX_TX_TIMEOUT
1731782964s860:NOTIFY
1731782964s860:MAC rxTimeOut

###### ========== MCPS-Confirm =============
###### U/L FRAME:0018 | PORT:24 | DR:2 | PWR:1 | MSG TYPE:UNCONFIRMED
1731783022s301:Airtime test started: 0
1731783022s301:MAC Tx start packet size: 18
1731783022s305:TX on freq 868300000 Hz at DR 2
1731783022s305:RADIO SEND WITH size 18
1731783022s307:SEND REQUEST
1731783022s637:NOTIFY
1731783022s637:MAC txDone
1731783023s631:RX_1 on freq 868300000 Hz at DR 2
1731783023s698:IRQ_RX_TX_TIMEOUT
1731783023s698:NOTIFY
1731783023s698:MAC rxTimeOut
1731783024s668:RX_2 on freq 869525000 Hz at DR 0
1731783024s866:IRQ_RX_TX_TIMEOUT
1731783024s866:NOTIFY
1731783024s866:MAC rxTimeOut

###### ========== MCPS-Confirm =============
###### U/L FRAME:0019 | PORT:24 | DR:2 | PWR:1 | MSG TYPE:UNCONFIRMED
1731783082s307:Airtime test started: 0
1731783082s307:MAC Tx start packet size: 18
1731783082s310:TX on freq 867900000 Hz at DR 2
1731783082s310:RADIO SEND WITH size 18
1731783082s312:SEND REQUEST
1731783082s643:NOTIFY
1731783082s643:MAC txDone
1731783083s638:RX_1 on freq 867900000 Hz at DR 2
1731783083s705:IRQ_RX_TX_TIMEOUT
1731783083s705:NOTIFY
1731783083s705:MAC rxTimeOut
1731783084s675:RX_2 on freq 869525000 Hz at DR 0
1731783084s873:IRQ_RX_TX_TIMEOUT
1731783084s873:NOTIFY
1731783084s873:MAC rxTimeOut

###### ========== MCPS-Confirm =============
###### U/L FRAME:0020 | PORT:24 | DR:2 | PWR:1 | MSG TYPE:UNCONFIRMED
1731783142s312:Airtime test started: 0
1731783142s312:MAC Tx start packet size: 18
1731783142s316:TX on freq 868100000 Hz at DR 2
1731783142s316:RADIO SEND WITH size 18
1731783142s318:SEND REQUEST
1731783142s648:NOTIFY
1731783142s648:MAC txDone
1731783143s643:RX_1 on freq 868100000 Hz at DR 2
1731783143s710:IRQ_RX_TX_TIMEOUT
1731783143s710:NOTIFY
1731783143s710:MAC rxTimeOut
1731783144s680:RX_2 on freq 869525000 Hz at DR 0
1731783144s878:IRQ_RX_TX_TIMEOUT
1731783144s878:NOTIFY
1731783144s878:MAC rxTimeOut

###### ========== MCPS-Confirm =============
###### U/L FRAME:0021 | PORT:24 | DR:2 | PWR:1 | MSG TYPE:UNCONFIRMED
1731783202s318:Airtime test started: 0
1731783202s318:MAC Tx start packet size: 18
1731783202s322:TX on freq 867300000 Hz at DR 2
1731783202s322:RADIO SEND WITH size 18
1731783202s324:SEND REQUEST
1731783202s654:NOTIFY
1731783202s654:MAC txDone
1731783203s648:RX_1 on freq 867300000 Hz at DR 2
1731783204s195:MAC rxNotify
1731783204s195:NOTIFY
1731783204s195:MAC rxDone

###### ========== MCPS-Confirm =============
###### U/L FRAME:0022 | PORT:24 | DR:2 | PWR:1 | MSG TYPE:UNCONFIRMED
1731783204s198:value of rxport: 200
1731783204s198:MULTICAST CLASS C SETUP 2
###### D/L FRAME:0001 | PORT:200 | DR:2 | SLOT:1 | RSSI:-23 | SNR:9
1731783204s208:MAC Tx start packet size: 15
1731783204s212:TX on freq 867700000 Hz at DR 2
1731783204s213:RADIO SEND WITH size 15
ID          : 0
McAddr      : DDA0C586
McKey       : 11-E1-43-F4-AF-1C-A7-81-1D-58-C6-89-7A-07-39-5F
McFCountMin : 0
McFCountMax : 4294967295
SessionTime : 0
SessionTimeT: 1 s
Rx Freq     : 0
Rx DR       : DR_0
1731783204s544:NOTIFY
1731783204s544:MAC txDone
1731783205s538:RX_1 on freq 867700000 Hz at DR 2
1731783205s922:MAC rxNotify
1731783205s922:NOTIFY
1731783205s922:MAC rxDone

###### ========== MCPS-Confirm =============
###### U/L FRAME:0023 | PORT:200 | DR:2 | PWR:1 | MSG TYPE:UNCONFIRMED
1731783205s924:value of rxport: 201
###### D/L FRAME:0002 | PORT:201 | DR:2 | SLOT:1 | RSSI:-22 | SNR:9
1731783205s925:#####################FRAGDECODER INIT
1731783209s810:MAC Tx start packet size: 15
1731783209s813:TX on freq 868500000 Hz at DR 2
1731783209s813:RADIO SEND WITH size 15
1731783210s145:NOTIFY
1731783210s145:MAC txDone
1731783211s140:RX_1 on freq 868500000 Hz at DR 2
1731783211s207:IRQ_RX_TX_TIMEOUT
1731783211s207:NOTIFY
1731783211s207:MAC rxTimeOut
1731783212s177:RX_2 on freq 869525000 Hz at DR 0
1731783212s375:IRQ_RX_TX_TIMEOUT
1731783212s375:NOTIFY
1731783212s375:MAC rxTimeOut

###### ========== MCPS-Confirm =============
###### U/L FRAME:0024 | PORT:201 | DR:2 | PWR:1 | MSG TYPE:UNCONFIRMED
1731783262s324:Airtime test started: 0
1731783262s324:MAC Tx start packet size: 18
1731783262s328:TX on freq 867300000 Hz at DR 2
1731783262s328:RADIO SEND WITH size 18
1731783262s330:SEND REQUEST
1731783262s660:NOTIFY
1731783262s660:MAC txDone
1731783263s654:RX_1 on freq 867300000 Hz at DR 2
1731783264s037:MAC rxNotify
1731783264s037:NOTIFY
1731783264s037:MAC rxDone

###### ========== MCPS-Confirm =============
###### U/L FRAME:0025 | PORT:24 | DR:2 | PWR:1 | MSG TYPE:UNCONFIRMED
1731783264s040:value of rxport: 200
1731783264s041:MULTICAST CLASS C SETUP 4
###### D/L FRAME:0003 | PORT:200 | DR:2 | SLOT:1 | RSSI:-22 | SNR:9
Time2SessionStart: 260000 ms
1731783264s041:MAC Tx start packet size: 18
1731783264s045:TX on freq 868100000 Hz at DR 2
1731783264s046:RADIO SEND WITH size 18
ID          : 0
McAddr      : DDA0C586
McKey       : 11-E1-43-F4-AF-1C-A7-81-1D-58-C6-89-7A-07-39-5F
McFCountMin : 0
McFCountMax : 4294967295
SessionTime : 1731783524
SessionTimeT: 4096 s
Rx Freq     : 869525000
Rx DR       : DR_2
1731783264s377:NOTIFY
1731783264s377:MAC txDone
1731783265s371:RX_1 on freq 868100000 Hz at DR 2
1731783265s438:IRQ_RX_TX_TIMEOUT
1731783265s438:NOTIFY
1731783265s438:MAC rxTimeOut
1731783266s408:RX_2 on freq 869525000 Hz at DR 0
1731783266s606:IRQ_RX_TX_TIMEOUT
1731783266s606:NOTIFY
1731783266s606:MAC rxTimeOut

###### ========== MCPS-Confirm =============
###### U/L FRAME:0026 | PORT:200 | DR:2 | PWR:1 | MSG TYPE:UNCONFIRMED
1731783524s041:[SWITCHCLASS class C]
1731783524s056:RX_C on freq 869525000 Hz at DR 2
1731783524s058:#############OPENED CONTINUOUS RX C WINDOW
Switch to Class C done
1731783526s692:MAC rxNotify
1731783526s692:NOTIFY
1731783526s692:MAC rxDone
1731783526s695:RXSLOT
1731783526s695:value of rxport: 201
###### D/L FRAME:0000 | PORT:201 | DR:2 | SLOT:C_MC | RSSI:-17 | SNR:9
1731783526s695:#####################FRAGDECODER PROCESS

.... FRAG_DECODER in Progress ....
EXPECTED   : 052 Fragments (02028 Bytes)
RECEIVED   : 001 Fragments
             00039 Bytes
LOST       : 000 Fragments

1731783526s700:RX_C on freq 869525000 Hz at DR 2
1731783526s701:#############OPENED CONTINUOUS RX C WINDOW
1731783533s719:MAC rxNotify
1731783533s719:NOTIFY
1731783533s719:MAC rxDone
1731783533s723:RXSLOT
1731783533s723:value of rxport: 201
###### D/L FRAME:0001 | PORT:201 | DR:2 | SLOT:C_MC | RSSI:-18 | SNR:9
1731783533s723:#####################FRAGDECODER PROCESS

.... FRAG_DECODER in Progress ....
EXPECTED   : 052 Fragments (02028 Bytes)
RECEIVED   : 002 Fragments
             00078 Bytes
LOST       : 000 Fragments

1731783533s727:RX_C on freq 869525000 Hz at DR 2
1731783533s728:#############OPENED CONTINUOUS RX C WINDOW
1731783539s742:MAC rxNotify
1731783539s742:NOTIFY
1731783539s742:MAC rxDone
1731783539s745:RXSLOT
1731783539s745:value of rxport: 201
###### D/L FRAME:0002 | PORT:201 | DR:2 | SLOT:C_MC | RSSI:-17 | SNR:9
1731783539s745:#####################FRAGDECODER PROCESS

.... FRAG_DECODER in Progress ....
EXPECTED   : 052 Fragments (02028 Bytes)
RECEIVED   : 003 Fragments
             00117 Bytes
LOST       : 000 Fragments

1731783539s749:RX_C on freq 869525000 Hz at DR 2
1731783539s751:#############OPENED CONTINUOUS RX C WINDOW
1731783545s768:MAC rxNotify
1731783545s768:NOTIFY
1731783545s768:MAC rxDone
1731783545s770:RXSLOT
1731783545s770:value of rxport: 201
###### D/L FRAME:0003 | PORT:201 | DR:2 | SLOT:C_MC | RSSI:-17 | SNR:9
1731783545s770:#####################FRAGDECODER PROCESS

.... FRAG_DECODER in Progress ....
EXPECTED   : 052 Fragments (02028 Bytes)
RECEIVED   : 004 Fragments
             00156 Bytes
LOST       : 000 Fragments

1731783545s775:RX_C on freq 869525000 Hz at DR 2
1731783545s776:#############OPENED CONTINUOUS RX C WINDOW
1731783551s787:MAC rxNotify
1731783551s788:NOTIFY
1731783551s788:MAC rxDone
1731783551s791:RXSLOT
1731783551s791:value of rxport: 201
###### D/L FRAME:0004 | PORT:201 | DR:2 | SLOT:C_MC | RSSI:-17 | SNR:9
1731783551s791:#####################FRAGDECODER PROCESS

.... FRAG_DECODER in Progress ....
EXPECTED   : 052 Fragments (02028 Bytes)
RECEIVED   : 005 Fragments
             00195 Bytes
LOST       : 000 Fragments

1731783551s796:RX_C on freq 869525000 Hz at DR 2
1731783551s797:#############OPENED CONTINUOUS RX C WINDOW
1731783558s807:MAC rxNotify
1731783558s808:NOTIFY
1731783558s808:MAC rxDone
1731783558s810:RXSLOT
1731783558s810:value of rxport: 201
###### D/L FRAME:0005 | PORT:201 | DR:2 | SLOT:C_MC | RSSI:-17 | SNR:9
1731783558s810:#####################FRAGDECODER PROCESS

.... FRAG_DECODER in Progress ....
EXPECTED   : 052 Fragments (02028 Bytes)
RECEIVED   : 006 Fragments
             00234 Bytes
LOST       : 000 Fragments

1731783558s815:RX_C on freq 869525000 Hz at DR 2
1731783558s816:#############OPENED CONTINUOUS RX C WINDOW
1731783564s836:MAC rxNotify
1731783564s836:NOTIFY
1731783564s836:MAC rxDone
1731783564s839:RXSLOT
1731783564s839:value of rxport: 201
###### D/L FRAME:0006 | PORT:201 | DR:2 | SLOT:C_MC | RSSI:-17 | SNR:9
1731783564s839:#####################FRAGDECODER PROCESS

.... FRAG_DECODER in Progress ....
EXPECTED   : 052 Fragments (02028 Bytes)
RECEIVED   : 007 Fragments
             00273 Bytes
LOST       : 000 Fragments

1731783564s844:RX_C on freq 869525000 Hz at DR 2
1731783564s845:#############OPENED CONTINUOUS RX C WINDOW
1731783570s866:MAC rxNotify
1731783570s866:NOTIFY
1731783570s866:MAC rxDone
1731783570s869:RXSLOT
1731783570s869:value of rxport: 201
###### D/L FRAME:0007 | PORT:201 | DR:2 | SLOT:C_MC | RSSI:-17 | SNR:9
1731783570s869:#####################FRAGDECODER PROCESS

.... FRAG_DECODER in Progress ....
EXPECTED   : 052 Fragments (02028 Bytes)
RECEIVED   : 008 Fragments
             00312 Bytes
LOST       : 000 Fragments

1731783570s874:RX_C on freq 869525000 Hz at DR 2
1731783570s875:#############OPENED CONTINUOUS RX C WINDOW
1731783576s900:MAC rxNotify
1731783576s900:NOTIFY
1731783576s900:MAC rxDone
1731783576s903:RXSLOT
1731783576s903:value of rxport: 201
###### D/L FRAME:0008 | PORT:201 | DR:2 | SLOT:C_MC | RSSI:-18 | SNR:9
1731783576s903:#####################FRAGDECODER PROCESS

.... FRAG_DECODER in Progress ....
EXPECTED   : 052 Fragments (02028 Bytes)
RECEIVED   : 009 Fragments
             00351 Bytes
LOST       : 000 Fragments

1731783576s908:RX_C on freq 869525000 Hz at DR 2
1731783576s909:#############OPENED CONTINUOUS RX C WINDOW
1731783583s922:MAC rxNotify
1731783583s922:NOTIFY
1731783583s922:MAC rxDone
1731783583s925:RXSLOT
1731783583s925:value of rxport: 201
###### D/L FRAME:0009 | PORT:201 | DR:2 | SLOT:C_MC | RSSI:-18 | SNR:8
1731783583s925:#####################FRAGDECODER PROCESS

.... FRAG_DECODER in Progress ....
EXPECTED   : 052 Fragments (02028 Bytes)
RECEIVED   : 010 Fragments
             00390 Bytes
LOST       : 000 Fragments

1731783583s929:RX_C on freq 869525000 Hz at DR 2
1731783583s931:#############OPENED CONTINUOUS RX C WINDOW
1731783589s950:MAC rxNotify
1731783589s950:NOTIFY
1731783589s950:MAC rxDone
1731783589s953:RXSLOT
1731783589s953:value of rxport: 201
###### D/L FRAME:0010 | PORT:201 | DR:2 | SLOT:C_MC | RSSI:-17 | SNR:9
1731783589s953:#####################FRAGDECODER PROCESS

.... FRAG_DECODER in Progress ....
EXPECTED   : 052 Fragments (02028 Bytes)
RECEIVED   : 011 Fragments
             00429 Bytes
LOST       : 000 Fragments

1731783589s958:RX_C on freq 869525000 Hz at DR 2
1731783589s959:#############OPENED CONTINUOUS RX C WINDOW
1731783595s977:MAC rxNotify
1731783595s977:NOTIFY
1731783595s977:MAC rxDone
1731783595s980:RXSLOT
1731783595s980:value of rxport: 201
###### D/L FRAME:0011 | PORT:201 | DR:2 | SLOT:C_MC | RSSI:-17 | SNR:9
1731783595s980:#####################FRAGDECODER PROCESS

.... FRAG_DECODER in Progress ....
EXPECTED   : 052 Fragments (02028 Bytes)
RECEIVED   : 012 Fragments
             00468 Bytes
LOST       : 000 Fragments

1731783595s985:RX_C on freq 869525000 Hz at DR 2
1731783595s986:#############OPENED CONTINUOUS RX C WINDOW
1731783602s001:MAC rxNotify
1731783602s001:NOTIFY
1731783602s001:MAC rxDone
1731783602s004:RXSLOT
1731783602s004:value of rxport: 201
###### D/L FRAME:0012 | PORT:201 | DR:2 | SLOT:C_MC | RSSI:-17 | SNR:9
1731783602s004:#####################FRAGDECODER PROCESS

.... FRAG_DECODER in Progress ....
EXPECTED   : 052 Fragments (02028 Bytes)
RECEIVED   : 013 Fragments
             00507 Bytes
LOST       : 000 Fragments

1731783602s008:RX_C on freq 869525000 Hz at DR 2
1731783602s010:#############OPENED CONTINUOUS RX C WINDOW
1731783609s030:MAC rxNotify
1731783609s030:NOTIFY
1731783609s030:MAC rxDone
1731783609s034:RXSLOT
1731783609s034:value of rxport: 201
###### D/L FRAME:0013 | PORT:201 | DR:2 | SLOT:C_MC | RSSI:-17 | SNR:9
1731783609s034:#####################FRAGDECODER PROCESS

.... FRAG_DECODER in Progress ....
EXPECTED   : 052 Fragments (02028 Bytes)
RECEIVED   : 014 Fragments
             00546 Bytes
LOST       : 000 Fragments

1731783609s039:RX_C on freq 869525000 Hz at DR 2
1731783609s040:#############OPENED CONTINUOUS RX C WINDOW
1731783615s057:MAC rxNotify
1731783615s057:NOTIFY
1731783615s057:MAC rxDone
1731783615s060:RXSLOT
1731783615s060:value of rxport: 201
###### D/L FRAME:0014 | PORT:201 | DR:2 | SLOT:C_MC | RSSI:-17 | SNR:9
1731783615s060:#####################FRAGDECODER PROCESS

.... FRAG_DECODER in Progress ....
EXPECTED   : 052 Fragments (02028 Bytes)
RECEIVED   : 015 Fragments
             00585 Bytes
LOST       : 000 Fragments

1731783615s064:RX_C on freq 869525000 Hz at DR 2
1731783615s065:#############OPENED CONTINUOUS RX C WINDOW
1731783621s088:MAC rxNotify
1731783621s088:NOTIFY
1731783621s089:MAC rxDone
1731783621s092:RXSLOT
1731783621s092:value of rxport: 201
###### D/L FRAME:0015 | PORT:201 | DR:2 | SLOT:C_MC | RSSI:-17 | SNR:9
1731783621s092:#####################FRAGDECODER PROCESS

.... FRAG_DECODER in Progress ....
EXPECTED   : 052 Fragments (02028 Bytes)
RECEIVED   : 016 Fragments
             00624 Bytes
LOST       : 000 Fragments

1731783621s097:RX_C on freq 869525000 Hz at DR 2
1731783621s098:#############OPENED CONTINUOUS RX C WINDOW
1731783628s103:MAC rxNotify
1731783628s103:NOTIFY
1731783628s103:MAC rxDone
1731783628s107:RXSLOT
1731783628s107:value of rxport: 201
###### D/L FRAME:0016 | PORT:201 | DR:2 | SLOT:C_MC | RSSI:-17 | SNR:9
1731783628s107:#####################FRAGDECODER PROCESS

.... FRAG_DECODER in Progress ....
EXPECTED   : 052 Fragments (02028 Bytes)
RECEIVED   : 017 Fragments
             00663 Bytes
LOST       : 000 Fragments

1731783628s112:RX_C on freq 869525000 Hz at DR 2
1731783628s113:#############OPENED CONTINUOUS RX C WINDOW
1731783634s132:MAC rxNotify
1731783634s132:NOTIFY
1731783634s132:MAC rxDone
1731783634s135:RXSLOT
1731783634s135:value of rxport: 201
###### D/L FRAME:0017 | PORT:201 | DR:2 | SLOT:C_MC | RSSI:-18 | SNR:9
1731783634s135:#####################FRAGDECODER PROCESS

.... FRAG_DECODER in Progress ....
EXPECTED   : 052 Fragments (02028 Bytes)
RECEIVED   : 018 Fragments
             00702 Bytes
LOST       : 000 Fragments

1731783634s140:RX_C on freq 869525000 Hz at DR 2
1731783634s141:#############OPENED CONTINUOUS RX C WINDOW
1731783640s146:MAC rxNotify
1731783640s146:NOTIFY
1731783640s146:MAC rxDone
1731783640s149:RXSLOT
1731783640s149:value of rxport: 201
###### D/L FRAME:0018 | PORT:201 | DR:2 | SLOT:C_MC | RSSI:-18 | SNR:9
1731783640s149:#####################FRAGDECODER PROCESS

.... FRAG_DECODER in Progress ....
EXPECTED   : 052 Fragments (02028 Bytes)
RECEIVED   : 019 Fragments
             00741 Bytes
LOST       : 000 Fragments

1731783640s154:RX_C on freq 869525000 Hz at DR 2
1731783640s155:#############OPENED CONTINUOUS RX C WINDOW
1731783646s169:MAC rxNotify
1731783646s169:NOTIFY
1731783646s169:MAC rxDone
1731783646s172:RXSLOT
1731783646s172:value of rxport: 201
###### D/L FRAME:0019 | PORT:201 | DR:2 | SLOT:C_MC | RSSI:-18 | SNR:8
1731783646s172:#####################FRAGDECODER PROCESS

.... FRAG_DECODER in Progress ....
EXPECTED   : 052 Fragments (02028 Bytes)
RECEIVED   : 020 Fragments
             00780 Bytes
LOST       : 000 Fragments

1731783646s177:RX_C on freq 869525000 Hz at DR 2
1731783646s178:#############OPENED CONTINUOUS RX C WINDOW
1731783653s197:MAC rxNotify
1731783653s197:NOTIFY
1731783653s197:MAC rxDone
1731783653s200:RXSLOT
1731783653s200:value of rxport: 201
###### D/L FRAME:0020 | PORT:201 | DR:2 | SLOT:C_MC | RSSI:-18 | SNR:8
1731783653s200:#####################FRAGDECODER PROCESS

.... FRAG_DECODER in Progress ....
EXPECTED   : 052 Fragments (02028 Bytes)
RECEIVED   : 021 Fragments
             00819 Bytes
LOST       : 000 Fragments

1731783653s204:RX_C on freq 869525000 Hz at DR 2
1731783653s206:#############OPENED CONTINUOUS RX C WINDOW
1731783659s222:MAC rxNotify
1731783659s222:NOTIFY
1731783659s222:MAC rxDone
1731783659s225:RXSLOT
1731783659s225:value of rxport: 201
###### D/L FRAME:0021 | PORT:201 | DR:2 | SLOT:C_MC | RSSI:-17 | SNR:9
1731783659s225:#####################FRAGDECODER PROCESS

.... FRAG_DECODER in Progress ....
EXPECTED   : 052 Fragments (02028 Bytes)
RECEIVED   : 022 Fragments
             00858 Bytes
LOST       : 000 Fragments

1731783659s229:RX_C on freq 869525000 Hz at DR 2
1731783659s230:#############OPENED CONTINUOUS RX C WINDOW
1731783665s245:MAC rxNotify
1731783665s245:NOTIFY
1731783665s245:MAC rxDone
1731783665s249:RXSLOT
1731783665s249:value of rxport: 201
###### D/L FRAME:0022 | PORT:201 | DR:2 | SLOT:C_MC | RSSI:-17 | SNR:9
1731783665s249:#####################FRAGDECODER PROCESS

.... FRAG_DECODER in Progress ....
EXPECTED   : 052 Fragments (02028 Bytes)
RECEIVED   : 023 Fragments
             00897 Bytes
LOST       : 000 Fragments

1731783665s254:RX_C on freq 869525000 Hz at DR 2
1731783665s255:#############OPENED CONTINUOUS RX C WINDOW
1731783671s274:MAC rxNotify
1731783671s274:NOTIFY
1731783671s274:MAC rxDone
1731783671s277:RXSLOT
1731783671s277:value of rxport: 201
###### D/L FRAME:0023 | PORT:201 | DR:2 | SLOT:C_MC | RSSI:-17 | SNR:9
1731783671s277:#####################FRAGDECODER PROCESS

.... FRAG_DECODER in Progress ....
EXPECTED   : 052 Fragments (02028 Bytes)
RECEIVED   : 024 Fragments
             00936 Bytes
LOST       : 000 Fragments

1731783671s282:RX_C on freq 869525000 Hz at DR 2
1731783671s283:#############OPENED CONTINUOUS RX C WINDOW
1731783678s304:MAC rxNotify
1731783678s304:NOTIFY
1731783678s304:MAC rxDone
1731783678s307:RXSLOT
1731783678s307:value of rxport: 201
###### D/L FRAME:0024 | PORT:201 | DR:2 | SLOT:C_MC | RSSI:-18 | SNR:9
1731783678s307:#####################FRAGDECODER PROCESS

.... FRAG_DECODER in Progress ....
EXPECTED   : 052 Fragments (02028 Bytes)
RECEIVED   : 025 Fragments
             00975 Bytes
LOST       : 000 Fragments

1731783678s311:RX_C on freq 869525000 Hz at DR 2
1731783678s312:#############OPENED CONTINUOUS RX C WINDOW
1731783684s329:MAC rxNotify
1731783684s329:NOTIFY
1731783684s329:MAC rxDone
1731783684s332:RXSLOT
1731783684s332:value of rxport: 201
###### D/L FRAME:0025 | PORT:201 | DR:2 | SLOT:C_MC | RSSI:-18 | SNR:9
1731783684s332:#####################FRAGDECODER PROCESS

.... FRAG_DECODER in Progress ....
EXPECTED   : 052 Fragments (02028 Bytes)
RECEIVED   : 026 Fragments
             01014 Bytes
LOST       : 000 Fragments

1731783684s337:RX_C on freq 869525000 Hz at DR 2
1731783684s338:#############OPENED CONTINUOUS RX C WINDOW
1731783690s358:MAC rxNotify
1731783690s358:NOTIFY
1731783690s358:MAC rxDone
1731783690s361:RXSLOT
1731783690s361:value of rxport: 201
###### D/L FRAME:0026 | PORT:201 | DR:2 | SLOT:C_MC | RSSI:-18 | SNR:9
1731783690s361:#####################FRAGDECODER PROCESS

.... FRAG_DECODER in Progress ....
EXPECTED   : 052 Fragments (02028 Bytes)
RECEIVED   : 027 Fragments
             01053 Bytes
LOST       : 000 Fragments

1731783690s366:RX_C on freq 869525000 Hz at DR 2
1731783690s367:#############OPENED CONTINUOUS RX C WINDOW
1731783696s389:MAC rxNotify
1731783696s389:NOTIFY
1731783696s389:MAC rxDone
1731783696s392:RXSLOT
1731783696s392:value of rxport: 201
###### D/L FRAME:0027 | PORT:201 | DR:2 | SLOT:C_MC | RSSI:-18 | SNR:9
1731783696s392:#####################FRAGDECODER PROCESS

.... FRAG_DECODER in Progress ....
EXPECTED   : 052 Fragments (02028 Bytes)
RECEIVED   : 028 Fragments
             01092 Bytes
LOST       : 000 Fragments

1731783696s396:RX_C on freq 869525000 Hz at DR 2
1731783696s397:#############OPENED CONTINUOUS RX C WINDOW
1731783703s419:MAC rxNotify
1731783703s419:NOTIFY
1731783703s419:MAC rxDone
1731783703s422:RXSLOT
1731783703s422:value of rxport: 201
###### D/L FRAME:0028 | PORT:201 | DR:2 | SLOT:C_MC | RSSI:-18 | SNR:9
1731783703s422:#####################FRAGDECODER PROCESS

.... FRAG_DECODER in Progress ....
EXPECTED   : 052 Fragments (02028 Bytes)
RECEIVED   : 029 Fragments
             01131 Bytes
LOST       : 000 Fragments

1731783703s427:RX_C on freq 869525000 Hz at DR 2
1731783703s428:#############OPENED CONTINUOUS RX C WINDOW
1731783709s435:MAC rxNotify
1731783709s435:NOTIFY
1731783709s435:MAC rxDone
1731783709s437:RXSLOT
1731783709s437:value of rxport: 201
###### D/L FRAME:0029 | PORT:201 | DR:2 | SLOT:C_MC | RSSI:-18 | SNR:9
1731783709s437:#####################FRAGDECODER PROCESS

.... FRAG_DECODER in Progress ....
EXPECTED   : 052 Fragments (02028 Bytes)
RECEIVED   : 030 Fragments
             01170 Bytes
LOST       : 000 Fragments

1731783709s442:RX_C on freq 869525000 Hz at DR 2
1731783709s443:#############OPENED CONTINUOUS RX C WINDOW
1731783715s459:MAC rxNotify
1731783715s459:NOTIFY
1731783715s459:MAC rxDone
1731783715s463:RXSLOT
1731783715s463:value of rxport: 201
###### D/L FRAME:0030 | PORT:201 | DR:2 | SLOT:C_MC | RSSI:-18 | SNR:9
1731783715s463:#####################FRAGDECODER PROCESS

.... FRAG_DECODER in Progress ....
EXPECTED   : 052 Fragments (02028 Bytes)
RECEIVED   : 031 Fragments
             01209 Bytes
LOST       : 000 Fragments

1731783715s467:RX_C on freq 869525000 Hz at DR 2
1731783715s469:#############OPENED CONTINUOUS RX C WINDOW
1731783721s485:MAC rxNotify
1731783721s485:NOTIFY
1731783721s485:MAC rxDone
1731783721s488:RXSLOT
1731783721s488:value of rxport: 201
###### D/L FRAME:0031 | PORT:201 | DR:2 | SLOT:C_MC | RSSI:-18 | SNR:9
1731783721s488:#####################FRAGDECODER PROCESS

.... FRAG_DECODER in Progress ....
EXPECTED   : 052 Fragments (02028 Bytes)
RECEIVED   : 032 Fragments
             01248 Bytes
LOST       : 000 Fragments

1731783721s493:RX_C on freq 869525000 Hz at DR 2
1731783721s494:#############OPENED CONTINUOUS RX C WINDOW
1731783728s514:MAC rxNotify
1731783728s514:NOTIFY
1731783728s514:MAC rxDone
1731783728s518:RXSLOT
1731783728s518:value of rxport: 201
###### D/L FRAME:0032 | PORT:201 | DR:2 | SLOT:C_MC | RSSI:-17 | SNR:9
1731783728s518:#####################FRAGDECODER PROCESS

.... FRAG_DECODER in Progress ....
EXPECTED   : 052 Fragments (02028 Bytes)
RECEIVED   : 033 Fragments
             01287 Bytes
LOST       : 000 Fragments

1731783728s522:RX_C on freq 869525000 Hz at DR 2
1731783728s523:#############OPENED CONTINUOUS RX C WINDOW
1731783734s544:MAC rxNotify
1731783734s544:NOTIFY
1731783734s545:MAC rxDone
1731783734s548:RXSLOT
1731783734s548:value of rxport: 201
###### D/L FRAME:0033 | PORT:201 | DR:2 | SLOT:C_MC | RSSI:-17 | SNR:9
1731783734s548:#####################FRAGDECODER PROCESS

.... FRAG_DECODER in Progress ....
EXPECTED   : 052 Fragments (02028 Bytes)
RECEIVED   : 034 Fragments
             01326 Bytes
LOST       : 000 Fragments

1731783734s553:RX_C on freq 869525000 Hz at DR 2
1731783734s554:#############OPENED CONTINUOUS RX C WINDOW
1731783740s571:MAC rxNotify
1731783740s571:NOTIFY
1731783740s571:MAC rxDone
1731783740s575:RXSLOT
1731783740s575:value of rxport: 201
###### D/L FRAME:0034 | PORT:201 | DR:2 | SLOT:C_MC | RSSI:-17 | SNR:8
1731783740s575:#####################FRAGDECODER PROCESS

.... FRAG_DECODER in Progress ....
EXPECTED   : 052 Fragments (02028 Bytes)
RECEIVED   : 035 Fragments
             01365 Bytes
LOST       : 000 Fragments

1731783740s580:RX_C on freq 869525000 Hz at DR 2
1731783740s581:#############OPENED CONTINUOUS RX C WINDOW
1731783746s598:MAC rxNotify
1731783746s598:NOTIFY
1731783746s598:MAC rxDone
1731783746s601:RXSLOT
1731783746s601:value of rxport: 201
###### D/L FRAME:0035 | PORT:201 | DR:2 | SLOT:C_MC | RSSI:-17 | SNR:9
1731783746s601:#####################FRAGDECODER PROCESS

.... FRAG_DECODER in Progress ....
EXPECTED   : 052 Fragments (02028 Bytes)
RECEIVED   : 036 Fragments
             01404 Bytes
LOST       : 000 Fragments

1731783746s605:RX_C on freq 869525000 Hz at DR 2
1731783746s606:#############OPENED CONTINUOUS RX C WINDOW
1731783753s624:MAC rxNotify
1731783753s624:NOTIFY
1731783753s624:MAC rxDone
1731783753s628:RXSLOT
1731783753s628:value of rxport: 201
###### D/L FRAME:0036 | PORT:201 | DR:2 | SLOT:C_MC | RSSI:-17 | SNR:9
1731783753s628:#####################FRAGDECODER PROCESS

.... FRAG_DECODER in Progress ....
EXPECTED   : 052 Fragments (02028 Bytes)
RECEIVED   : 037 Fragments
             01443 Bytes
LOST       : 000 Fragments

1731783753s633:RX_C on freq 869525000 Hz at DR 2
1731783753s634:#############OPENED CONTINUOUS RX C WINDOW
1731783759s648:MAC rxNotify
1731783759s648:NOTIFY
1731783759s648:MAC rxDone
1731783759s651:RXSLOT
1731783759s651:value of rxport: 201
###### D/L FRAME:0037 | PORT:201 | DR:2 | SLOT:C_MC | RSSI:-17 | SNR:9
1731783759s651:#####################FRAGDECODER PROCESS

.... FRAG_DECODER in Progress ....
EXPECTED   : 052 Fragments (02028 Bytes)
RECEIVED   : 038 Fragments
             01482 Bytes
LOST       : 000 Fragments

1731783759s656:RX_C on freq 869525000 Hz at DR 2
1731783759s657:#############OPENED CONTINUOUS RX C WINDOW
1731783765s665:MAC rxNotify
1731783765s665:NOTIFY
1731783765s665:MAC rxDone
1731783765s668:RXSLOT
1731783765s668:value of rxport: 201
###### D/L FRAME:0038 | PORT:201 | DR:2 | SLOT:C_MC | RSSI:-17 | SNR:9
1731783765s668:#####################FRAGDECODER PROCESS

.... FRAG_DECODER in Progress ....
EXPECTED   : 052 Fragments (02028 Bytes)
RECEIVED   : 039 Fragments
             01521 Bytes
LOST       : 000 Fragments

1731783765s673:RX_C on freq 869525000 Hz at DR 2
1731783765s674:#############OPENED CONTINUOUS RX C WINDOW
1731783771s690:MAC rxNotify
1731783771s690:NOTIFY
1731783771s690:MAC rxDone
1731783771s693:RXSLOT
1731783771s693:value of rxport: 201
###### D/L FRAME:0039 | PORT:201 | DR:2 | SLOT:C_MC | RSSI:-17 | SNR:9
1731783771s693:#####################FRAGDECODER PROCESS

.... FRAG_DECODER in Progress ....
EXPECTED   : 052 Fragments (02028 Bytes)
RECEIVED   : 040 Fragments
             01560 Bytes
LOST       : 000 Fragments

1731783771s698:RX_C on freq 869525000 Hz at DR 2
1731783771s699:#############OPENED CONTINUOUS RX C WINDOW
1731783778s722:MAC rxNotify
1731783778s722:NOTIFY
1731783778s722:MAC rxDone
1731783778s725:RXSLOT
1731783778s725:value of rxport: 201
###### D/L FRAME:0040 | PORT:201 | DR:2 | SLOT:C_MC | RSSI:-17 | SNR:9
1731783778s725:#####################FRAGDECODER PROCESS

.... FRAG_DECODER in Progress ....
EXPECTED   : 052 Fragments (02028 Bytes)
RECEIVED   : 041 Fragments
             01599 Bytes
LOST       : 000 Fragments

1731783778s729:RX_C on freq 869525000 Hz at DR 2
1731783778s730:#############OPENED CONTINUOUS RX C WINDOW
1731783784s748:MAC rxNotify
1731783784s748:NOTIFY
1731783784s749:MAC rxDone
1731783784s752:RXSLOT
1731783784s752:value of rxport: 201
###### D/L FRAME:0041 | PORT:201 | DR:2 | SLOT:C_MC | RSSI:-17 | SNR:9
1731783784s752:#####################FRAGDECODER PROCESS

.... FRAG_DECODER in Progress ....
EXPECTED   : 052 Fragments (02028 Bytes)
RECEIVED   : 042 Fragments
             01638 Bytes
LOST       : 000 Fragments

1731783784s757:RX_C on freq 869525000 Hz at DR 2
1731783784s758:#############OPENED CONTINUOUS RX C WINDOW
1731783790s778:MAC rxNotify
1731783790s778:NOTIFY
1731783790s779:MAC rxDone
1731783790s782:RXSLOT
1731783790s782:value of rxport: 201
###### D/L FRAME:0042 | PORT:201 | DR:2 | SLOT:C_MC | RSSI:-17 | SNR:9
1731783790s782:#####################FRAGDECODER PROCESS

.... FRAG_DECODER in Progress ....
EXPECTED   : 052 Fragments (02028 Bytes)
RECEIVED   : 043 Fragments
             01677 Bytes
LOST       : 000 Fragments

1731783790s787:RX_C on freq 869525000 Hz at DR 2
1731783790s788:#############OPENED CONTINUOUS RX C WINDOW
1731783797s809:MAC rxNotify
1731783797s809:NOTIFY
1731783797s809:MAC rxDone
1731783797s812:RXSLOT
1731783797s812:value of rxport: 201
###### D/L FRAME:0043 | PORT:201 | DR:2 | SLOT:C_MC | RSSI:-17 | SNR:9
1731783797s812:#####################FRAGDECODER PROCESS

.... FRAG_DECODER in Progress ....
EXPECTED   : 052 Fragments (02028 Bytes)
RECEIVED   : 044 Fragments
             01716 Bytes
LOST       : 000 Fragments

1731783797s817:RX_C on freq 869525000 Hz at DR 2
1731783797s818:#############OPENED CONTINUOUS RX C WINDOW
1731783803s839:MAC rxNotify
1731783803s839:NOTIFY
1731783803s839:MAC rxDone
1731783803s842:RXSLOT
1731783803s842:value of rxport: 201
###### D/L FRAME:0044 | PORT:201 | DR:2 | SLOT:C_MC | RSSI:-17 | SNR:9
1731783803s842:#####################FRAGDECODER PROCESS

.... FRAG_DECODER in Progress ....
EXPECTED   : 052 Fragments (02028 Bytes)
RECEIVED   : 045 Fragments
             01755 Bytes
LOST       : 000 Fragments

1731783803s847:RX_C on freq 869525000 Hz at DR 2
1731783803s848:#############OPENED CONTINUOUS RX C WINDOW
1731783809s865:MAC rxNotify
1731783809s865:NOTIFY
1731783809s865:MAC rxDone
1731783809s868:RXSLOT
1731783809s868:value of rxport: 201
###### D/L FRAME:0045 | PORT:201 | DR:2 | SLOT:C_MC | RSSI:-17 | SNR:9
1731783809s868:#####################FRAGDECODER PROCESS

.... FRAG_DECODER in Progress ....
EXPECTED   : 052 Fragments (02028 Bytes)
RECEIVED   : 046 Fragments
             01794 Bytes
LOST       : 000 Fragments

1731783809s873:RX_C on freq 869525000 Hz at DR 2
1731783809s874:#############OPENED CONTINUOUS RX C WINDOW
1731783815s893:MAC rxNotify
1731783815s893:NOTIFY
1731783815s893:MAC rxDone
1731783815s896:RXSLOT
1731783815s896:value of rxport: 201
###### D/L FRAME:0046 | PORT:201 | DR:2 | SLOT:C_MC | RSSI:-17 | SNR:9
1731783815s896:#####################FRAGDECODER PROCESS

.... FRAG_DECODER in Progress ....
EXPECTED   : 052 Fragments (02028 Bytes)
RECEIVED   : 047 Fragments
             01833 Bytes
LOST       : 000 Fragments

1731783815s901:RX_C on freq 869525000 Hz at DR 2
1731783815s902:#############OPENED CONTINUOUS RX C WINDOW
1731783822s922:MAC rxNotify
1731783822s922:NOTIFY
1731783822s922:MAC rxDone
1731783822s926:RXSLOT
1731783822s926:value of rxport: 201
###### D/L FRAME:0047 | PORT:201 | DR:2 | SLOT:C_MC | RSSI:-17 | SNR:9
1731783822s926:#####################FRAGDECODER PROCESS

.... FRAG_DECODER in Progress ....
EXPECTED   : 052 Fragments (02028 Bytes)
RECEIVED   : 048 Fragments
             01872 Bytes
LOST       : 000 Fragments

1731783822s931:RX_C on freq 869525000 Hz at DR 2
1731783822s932:#############OPENED CONTINUOUS RX C WINDOW
1731783828s947:MAC rxNotify
1731783828s947:NOTIFY
1731783828s947:MAC rxDone
1731783828s950:RXSLOT
1731783828s950:value of rxport: 201
###### D/L FRAME:0048 | PORT:201 | DR:2 | SLOT:C_MC | RSSI:-18 | SNR:9
1731783828s950:#####################FRAGDECODER PROCESS

.... FRAG_DECODER in Progress ....
EXPECTED   : 052 Fragments (02028 Bytes)
RECEIVED   : 049 Fragments
             01911 Bytes
LOST       : 000 Fragments

1731783828s955:RX_C on freq 869525000 Hz at DR 2
1731783828s956:#############OPENED CONTINUOUS RX C WINDOW
1731783834s973:MAC rxNotify
1731783834s973:NOTIFY
1731783834s973:MAC rxDone
1731783834s976:RXSLOT
1731783834s976:value of rxport: 201
###### D/L FRAME:0049 | PORT:201 | DR:2 | SLOT:C_MC | RSSI:-18 | SNR:8
1731783834s976:#####################FRAGDECODER PROCESS

.... FRAG_DECODER in Progress ....
EXPECTED   : 052 Fragments (02028 Bytes)
RECEIVED   : 050 Fragments
             01950 Bytes
LOST       : 000 Fragments

1731783834s980:RX_C on freq 869525000 Hz at DR 2
1731783834s981:#############OPENED CONTINUOUS RX C WINDOW
1731783841s002:MAC rxNotify
1731783841s002:NOTIFY
1731783841s002:MAC rxDone
1731783841s005:RXSLOT
1731783841s005:value of rxport: 201
###### D/L FRAME:0050 | PORT:201 | DR:2 | SLOT:C_MC | RSSI:-18 | SNR:8
1731783841s005:#####################FRAGDECODER PROCESS

.... FRAG_DECODER in Progress ....
EXPECTED   : 052 Fragments (02028 Bytes)
RECEIVED   : 051 Fragments
             01989 Bytes
LOST       : 000 Fragments

1731783841s010:RX_C on freq 869525000 Hz at DR 2
1731783841s011:#############OPENED CONTINUOUS RX C WINDOW
1731783848s023:MAC rxNotify
1731783848s023:NOTIFY
1731783848s023:MAC rxDone
1731783848s026:RXSLOT
1731783848s026:value of rxport: 201
###### D/L FRAME:0051 | PORT:201 | DR:2 | SLOT:C_MC | RSSI:-17 | SNR:9
1731783848s026:#####################FRAGDECODER PROCESS

.... FRAG_DECODER in Progress ....
EXPECTED   : 052 Fragments (02028 Bytes)
RECEIVED   : 052 Fragments
             02028 Bytes
LOST       : 000 Fragments


.... FRAG_DECODER Finished ....
STATUS     : 0
1731783848s027:ALL FRAGMENTS RECEIVED

= [SBOOT] System Security Check successfully passed. Starting...


======================================================================
=              (C) COPYRIGHT 2017 STMicroelectronics                 =
=                                                                    =
=              Secure Boot and Secure Firmware Update                =
======================================================================


= [SBOOT] SECURE ENGINE INITIALIZATION SUCCESSFUL
= [SBOOT] STATE: CHECK STATUS ON RESET
	  INFO: A Reboot has been triggered by a Software reset!
= [SBOOT] STATE: CHECK NEW FIRMWARE TO DOWNLOAD
= [SBOOT] STATE: CHECK KMS BLOB TO INSTALL
= [SBOOT] STATE: CHECK USER FW STATUS
	  A FW is detected in the slot SLOT_ACTIVE_1
= [SBOOT] STATE: VERIFY USER FW SIGNATURE
= [SBOOT] STATE: EXECUTE USER FIRMWAREAPPLICATION_VERSION: V1.3.0
MW_LORAWAN_VERSION:  V2.5.0
MW_RADIO_VERSION:    V1.3.0
L2_SPEC_VERSION:     V1.0.4
RP_SPEC_VERSION:     V2-1.0.1
###### AppKey:      2B:7E:15:16:28:AE:D2:A6:AB:F7:15:88:09:CF:4F:3C
###### NwkKey:      2B:7E:15:16:28:AE:D2:A6:AB:F7:15:88:09:CF:4F:3C
###### AppSKey:     AE:F4:CF:84:62:65:91:06:04:CF:7A:68:39:90:6C:83
###### NwkSKey:     4B:C9:DF:36:EB:63:75:82:40:D5:CA:50:CB:D3:D2:48
###### DevEUI:      00:80:E1:15:05:AB:CD:7C
###### AppEUI:      01:01:01:01:01:01:01:01
###### DevAddr:     05:AB:CD:7C
###### KMS ENABLED