
= [SBOOT] System Security Check successfully passed. Starting...


======================================================================
=              (C) COPYRIGHT 2017 STMicroelectronics                 =
=                                                                    =
=              Secure Boot and Secure Firmware Update                =
======================================================================


= [SBOOT] SECURE ENGINE INITIALIZATION SUCCESSFUL
= [SBOOT] STATE: CHECK STATUS ON RESET
	  INFO: A Reboot has been triggered by a Hardware reset!
= [SBOOT] STATE: CHECK NEW FIRMWARE TO DOWNLOAD
= [SBOOT] STATE: CHECK KMS BLOB TO INSTALL
= [SBOOT] STATE: CHECK USER FW STATUS
	  A FW is detected in the slot SLOT_ACTIVE_1
= [SBOOT] STATE: VERIFY USER FW SIGNATURE
= [SBOOT] STATE: EXECUTE USER FIRMWAREAPPLICATION_VERSION: V1.3.0
MW_LORAWAN_VERSION:  V2.5.0
MW_RADIO_VERSION:    V1.3.0
L2_SPEC_VERSION:     V1.0.4
RP_SPEC_VERSION:     V2-1.0.1
###### AppKey:      2B:7E:15:16:28:AE:D2:A6:AB:F7:15:88:09:CF:4F:3C
###### NwkKey:      2B:7E:15:16:28:AE:D2:A6:AB:F7:15:88:09:CF:4F:3C
###### AppSKey:     D8:B2:54:4A:1A:C3:28:D4:AF:F0:08:C5:A5:8E:40:43
###### NwkSKey:     D3:36:89:43:80:99:3B:26:FE:B7:02:A1:7A:FE:34:20
###### DevEUI:      00:80:E1:15:00:0A:D5:68
###### AppEUI:      01:01:01:01:01:01:01:01
###### DevAddr:     00:0A:D5:68
###### KMS ENABLED

###### = JOIN FAILED
###### U/L FRAME:JOIN | DR:4 | PWR:1
[32mStart tx timer regular[0m
###### = JOINED = OTAA =====================
[31mNetwork joined, choose app to execute:
BTN1: TxTimer send uplink every 10 sec
BTN2: Airtime test
[0m
###### U/L FRAME:JOIN | DR:4 | PWR:1
###### MCRootKey:   7D:F7:6B:0C:1A:B8:99:B3:3E:42:F0:47:B9:1B:54:6F
###### MCKEKey:     8C:B8:66:5E:0C:0E:0B:64:5B:2E:D9:E4:8A:19:27:7C
###### AppSKey:     3B:83:0F:F8:E7:93:AA:CD:EF:FF:34:F8:13:65:AC:59
###### NwkSKey:     45:5F:E4:A5:2D:AF:5A:3F:84:9F:18:25:48:21:EF:1C
###### DBIntKey:    7A:C4:7C:65:FE:25:9B:B6:54:BD:26:35:19:F8:9C:8E
###### DevEUI:      00:80:E1:15:00:0A:D5:68
###### AppEUI:      01:01:01:01:01:01:01:01
###### DevAddr:     01:AB:87:BD

###### ========== MCPS-Confirm =============
###### U/L FRAME:0001 | PORT:24 | DR:4 | PWR:1 | MSG TYPE:UNCONFIRMED
1731772926s399:value of rxport: 0
###### D/L FRAME:0000 | PORT:0 | DR:4 | SLOT:1 | RSSI:-15 | SNR:13
1731772985s190:Airtime test started: 0
1731772985s190:MAC Tx start packet size: 21
1731772985s193:TX on freq 867900000 Hz at DR 4
1731772985s193:RADIO SEND WITH size 21
1731772985s195:SEND REQUEST
1731772985s298:NOTIFY
1731772985s299:MAC txDone
1731772986s280:RX_1 on freq 867900000 Hz at DR 4
1731772986s331:IRQ_RX_TX_TIMEOUT
1731772986s331:NOTIFY
1731772986s331:MAC rxTimeOut
1731772987s329:RX_2 on freq 869525000 Hz at DR 0
1731772987s527:IRQ_RX_TX_TIMEOUT
1731772987s527:NOTIFY
1731772987s527:MAC rxTimeOut

###### ========== MCPS-Confirm =============
###### U/L FRAME:0002 | PORT:24 | DR:4 | PWR:1 | MSG TYPE:UNCONFIRMED
1731773045s195:Airtime test started: 0
1731773045s195:MAC Tx start packet size: 18
1731773045s199:TX on freq 868100000 Hz at DR 4
1731773045s199:RADIO SEND WITH size 18
1731773045s201:SEND REQUEST
1731773045s294:NOTIFY
1731773045s294:MAC txDone
1731773046s276:RX_1 on freq 868100000 Hz at DR 4
1731773046s327:IRQ_RX_TX_TIMEOUT
1731773046s327:NOTIFY
1731773046s327:MAC rxTimeOut
1731773047s325:RX_2 on freq 869525000 Hz at DR 0
1731773047s524:IRQ_RX_TX_TIMEOUT
1731773047s524:NOTIFY
1731773047s524:MAC rxTimeOut

###### ========== MCPS-Confirm =============
###### U/L FRAME:0003 | PORT:24 | DR:4 | PWR:1 | MSG TYPE:UNCONFIRMED
1731773105s201:Airtime test started: 0
1731773105s201:MAC Tx start packet size: 18
1731773105s205:TX on freq 867300000 Hz at DR 4
1731773105s205:RADIO SEND WITH size 18
1731773105s207:SEND REQUEST
1731773105s300:NOTIFY
1731773105s300:MAC txDone
1731773106s282:RX_1 on freq 867300000 Hz at DR 4
1731773106s333:IRQ_RX_TX_TIMEOUT
1731773106s333:NOTIFY
1731773106s333:MAC rxTimeOut
1731773107s331:RX_2 on freq 869525000 Hz at DR 0
1731773107s529:IRQ_RX_TX_TIMEOUT
1731773107s529:NOTIFY
1731773107s529:MAC rxTimeOut

###### ========== MCPS-Confirm =============
###### U/L FRAME:0004 | PORT:24 | DR:4 | PWR:1 | MSG TYPE:UNCONFIRMED
1731773165s207:Airtime test started: 0
1731773165s207:MAC Tx start packet size: 18
1731773165s211:TX on freq 867700000 Hz at DR 4
1731773165s211:RADIO SEND WITH size 18
1731773165s213:SEND REQUEST
1731773165s306:NOTIFY
1731773165s306:MAC txDone
1731773166s288:RX_1 on freq 867700000 Hz at DR 4
1731773166s339:IRQ_RX_TX_TIMEOUT
1731773166s339:NOTIFY
1731773166s339:MAC rxTimeOut
1731773167s337:RX_2 on freq 869525000 Hz at DR 0
1731773167s535:IRQ_RX_TX_TIMEOUT
1731773167s535:NOTIFY
1731773167s535:MAC rxTimeOut

###### ========== MCPS-Confirm =============
###### U/L FRAME:0005 | PORT:24 | DR:4 | PWR:1 | MSG TYPE:UNCONFIRMED
1731773225s213:Airtime test started: 0
1731773225s213:MAC Tx start packet size: 18
1731773225s217:TX on freq 868500000 Hz at DR 4
1731773225s217:RADIO SEND WITH size 18
1731773225s219:SEND REQUEST
1731773225s312:NOTIFY
1731773225s312:MAC txDone
1731773226s294:RX_1 on freq 868500000 Hz at DR 4
1731773226s345:IRQ_RX_TX_TIMEOUT
1731773226s345:NOTIFY
1731773226s345:MAC rxTimeOut
1731773227s343:RX_2 on freq 869525000 Hz at DR 0
1731773227s541:IRQ_RX_TX_TIMEOUT
1731773227s541:NOTIFY
1731773227s541:MAC rxTimeOut

###### ========== MCPS-Confirm =============
###### U/L FRAME:0006 | PORT:24 | DR:4 | PWR:1 | MSG TYPE:UNCONFIRMED
1731773285s219:Airtime test started: 0
1731773285s219:MAC Tx start packet size: 18
1731773285s223:TX on freq 867100000 Hz at DR 4
1731773285s223:RADIO SEND WITH size 18
1731773285s225:SEND REQUEST
1731773285s317:NOTIFY
1731773285s317:MAC txDone
1731773286s300:RX_1 on freq 867100000 Hz at DR 4
1731773286s351:IRQ_RX_TX_TIMEOUT
1731773286s351:NOTIFY
1731773286s351:MAC rxTimeOut
1731773287s349:RX_2 on freq 869525000 Hz at DR 0
1731773287s547:IRQ_RX_TX_TIMEOUT
1731773287s547:NOTIFY
1731773287s547:MAC rxTimeOut

###### ========== MCPS-Confirm =============
###### U/L FRAME:0007 | PORT:24 | DR:4 | PWR:1 | MSG TYPE:UNCONFIRMED
1731773345s225:Airtime test started: 0
1731773345s225:MAC Tx start packet size: 18
1731773345s229:TX on freq 868300000 Hz at DR 4
1731773345s229:RADIO SEND WITH size 18
1731773345s231:SEND REQUEST
1731773345s323:NOTIFY
1731773345s323:MAC txDone
1731773346s306:RX_1 on freq 868300000 Hz at DR 4
1731773346s357:IRQ_RX_TX_TIMEOUT
1731773346s357:NOTIFY
1731773346s357:MAC rxTimeOut
1731773347s355:RX_2 on freq 869525000 Hz at DR 0
1731773347s553:IRQ_RX_TX_TIMEOUT
1731773347s553:NOTIFY
1731773347s553:MAC rxTimeOut

###### ========== MCPS-Confirm =============
###### U/L FRAME:0008 | PORT:24 | DR:4 | PWR:1 | MSG TYPE:UNCONFIRMED
1731773405s231:Airtime test started: 0
1731773405s231:MAC Tx start packet size: 18
1731773405s234:TX on freq 868500000 Hz at DR 4
1731773405s234:RADIO SEND WITH size 18
1731773405s236:SEND REQUEST
1731773405s329:NOTIFY
1731773405s329:MAC txDone
1731773406s312:RX_1 on freq 868500000 Hz at DR 4
1731773406s362:IRQ_RX_TX_TIMEOUT
1731773406s362:NOTIFY
1731773406s362:MAC rxTimeOut
1731773407s360:RX_2 on freq 869525000 Hz at DR 0
1731773407s559:IRQ_RX_TX_TIMEOUT
1731773407s559:NOTIFY
1731773407s559:MAC rxTimeOut

###### ========== MCPS-Confirm =============
###### U/L FRAME:0009 | PORT:24 | DR:4 | PWR:1 | MSG TYPE:UNCONFIRMED
1731773465s236:Airtime test started: 0
1731773465s236:MAC Tx start packet size: 18
1731773465s240:TX on freq 867900000 Hz at DR 4
1731773465s240:RADIO SEND WITH size 18
1731773465s242:SEND REQUEST
1731773465s335:NOTIFY
1731773465s335:MAC txDone
1731773466s317:RX_1 on freq 867900000 Hz at DR 4
1731773466s368:IRQ_RX_TX_TIMEOUT
1731773466s368:NOTIFY
1731773466s368:MAC rxTimeOut
1731773467s366:RX_2 on freq 869525000 Hz at DR 0
1731773467s565:IRQ_RX_TX_TIMEOUT
1731773467s565:NOTIFY
1731773467s565:MAC rxTimeOut

###### ========== MCPS-Confirm =============
###### U/L FRAME:0010 | PORT:24 | DR:4 | PWR:1 | MSG TYPE:UNCONFIRMED
1731773525s242:Airtime test started: 0
1731773525s242:MAC Tx start packet size: 18
1731773525s246:TX on freq 868100000 Hz at DR 4
1731773525s246:RADIO SEND WITH size 18
1731773525s248:SEND REQUEST
1731773525s341:NOTIFY
1731773525s341:MAC txDone
1731773526s323:RX_1 on freq 868100000 Hz at DR 4
1731773526s374:IRQ_RX_TX_TIMEOUT
1731773526s374:NOTIFY
1731773526s374:MAC rxTimeOut
1731773527s372:RX_2 on freq 869525000 Hz at DR 0
1731773527s570:IRQ_RX_TX_TIMEOUT
1731773527s570:NOTIFY
1731773527s570:MAC rxTimeOut

###### ========== MCPS-Confirm =============
###### U/L FRAME:0011 | PORT:24 | DR:4 | PWR:1 | MSG TYPE:UNCONFIRMED
1731773585s248:Airtime test started: 0
1731773585s248:MAC Tx start packet size: 18
1731773585s252:TX on freq 867500000 Hz at DR 4
1731773585s252:RADIO SEND WITH size 18
1731773585s254:SEND REQUEST
1731773585s347:NOTIFY
1731773585s347:MAC txDone
1731773586s329:RX_1 on freq 867500000 Hz at DR 4
1731773586s380:IRQ_RX_TX_TIMEOUT
1731773586s380:NOTIFY
1731773586s380:MAC rxTimeOut
1731773587s378:RX_2 on freq 869525000 Hz at DR 0
1731773587s576:IRQ_RX_TX_TIMEOUT
1731773587s576:NOTIFY
1731773587s576:MAC rxTimeOut

###### ========== MCPS-Confirm =============
###### U/L FRAME:0012 | PORT:24 | DR:4 | PWR:1 | MSG TYPE:UNCONFIRMED
1731773645s254:Airtime test started: 0
1731773645s254:MAC Tx start packet size: 18
1731773645s258:TX on freq 867700000 Hz at DR 4
1731773645s258:RADIO SEND WITH size 18
1731773645s260:SEND REQUEST
1731773645s353:NOTIFY
1731773645s353:MAC txDone
1731773646s335:RX_1 on freq 867700000 Hz at DR 4
1731773646s386:IRQ_RX_TX_TIMEOUT
1731773646s386:NOTIFY
1731773646s386:MAC rxTimeOut
1731773647s384:RX_2 on freq 869525000 Hz at DR 0
1731773647s582:IRQ_RX_TX_TIMEOUT
1731773647s582:NOTIFY
1731773647s582:MAC rxTimeOut

###### ========== MCPS-Confirm =============
###### U/L FRAME:0013 | PORT:24 | DR:4 | PWR:1 | MSG TYPE:UNCONFIRMED
1731773705s260:Airtime test started: 0
1731773705s260:MAC Tx start packet size: 18
1731773705s264:TX on freq 868500000 Hz at DR 4
1731773705s264:RADIO SEND WITH size 18
1731773705s266:SEND REQUEST
1731773705s358:NOTIFY
1731773705s358:MAC txDone
1731773706s341:RX_1 on freq 868500000 Hz at DR 4
1731773706s392:IRQ_RX_TX_TIMEOUT
1731773706s392:NOTIFY
1731773706s392:MAC rxTimeOut
1731773707s390:RX_2 on freq 869525000 Hz at DR 0
1731773707s588:IRQ_RX_TX_TIMEOUT
1731773707s588:NOTIFY
1731773707s588:MAC rxTimeOut

###### ========== MCPS-Confirm =============
###### U/L FRAME:0014 | PORT:24 | DR:4 | PWR:1 | MSG TYPE:UNCONFIRMED
1731773765s266:Airtime test started: 0
1731773765s266:MAC Tx start packet size: 18
1731773765s270:TX on freq 867100000 Hz at DR 4
1731773765s270:RADIO SEND WITH size 18
1731773765s272:SEND REQUEST
1731773765s364:NOTIFY
1731773765s364:MAC txDone
1731773766s347:RX_1 on freq 867100000 Hz at DR 4
1731773766s398:IRQ_RX_TX_TIMEOUT
1731773766s398:NOTIFY
1731773766s398:MAC rxTimeOut
1731773767s396:RX_2 on freq 869525000 Hz at DR 0
1731773767s594:IRQ_RX_TX_TIMEOUT
1731773767s594:NOTIFY
1731773767s594:MAC rxTimeOut

###### ========== MCPS-Confirm =============
###### U/L FRAME:0015 | PORT:24 | DR:4 | PWR:1 | MSG TYPE:UNCONFIRMED
1731773825s272:Airtime test started: 0
1731773825s272:MAC Tx start packet size: 18
1731773825s275:TX on freq 868300000 Hz at DR 4
1731773825s275:RADIO SEND WITH size 18
1731773825s277:SEND REQUEST
1731773825s370:NOTIFY
1731773825s370:MAC txDone
1731773826s353:RX_1 on freq 868300000 Hz at DR 4
1731773826s403:IRQ_RX_TX_TIMEOUT
1731773826s403:NOTIFY
1731773826s403:MAC rxTimeOut
1731773827s401:RX_2 on freq 869525000 Hz at DR 0
1731773827s600:IRQ_RX_TX_TIMEOUT
1731773827s600:NOTIFY
1731773827s600:MAC rxTimeOut

###### ========== MCPS-Confirm =============
###### U/L FRAME:0016 | PORT:24 | DR:4 | PWR:1 | MSG TYPE:UNCONFIRMED
1731773885s277:Airtime test started: 0
1731773885s277:MAC Tx start packet size: 18
1731773885s281:TX on freq 868500000 Hz at DR 4
1731773885s281:RADIO SEND WITH size 18
1731773885s283:SEND REQUEST
1731773885s376:NOTIFY
1731773885s376:MAC txDone
1731773886s358:RX_1 on freq 868500000 Hz at DR 4
1731773886s409:IRQ_RX_TX_TIMEOUT
1731773886s409:NOTIFY
1731773886s409:MAC rxTimeOut
1731773887s407:RX_2 on freq 869525000 Hz at DR 0
1731773887s606:IRQ_RX_TX_TIMEOUT
1731773887s606:NOTIFY
1731773887s606:MAC rxTimeOut

###### ========== MCPS-Confirm =============
###### U/L FRAME:0017 | PORT:24 | DR:4 | PWR:1 | MSG TYPE:UNCONFIRMED
1731773945s283:Airtime test started: 0
1731773945s283:MAC Tx start packet size: 18
1731773945s287:TX on freq 867900000 Hz at DR 4
1731773945s287:RADIO SEND WITH size 18
1731773945s289:SEND REQUEST
1731773945s382:NOTIFY
1731773945s382:MAC txDone
1731773946s364:RX_1 on freq 867900000 Hz at DR 4
1731773946s415:IRQ_RX_TX_TIMEOUT
1731773946s415:NOTIFY
1731773946s415:MAC rxTimeOut
1731773947s413:RX_2 on freq 869525000 Hz at DR 0
1731773947s611:IRQ_RX_TX_TIMEOUT
1731773947s611:NOTIFY
1731773947s611:MAC rxTimeOut

###### ========== MCPS-Confirm =============
###### U/L FRAME:0018 | PORT:24 | DR:4 | PWR:1 | MSG TYPE:UNCONFIRMED
1731774005s289:Airtime test started: 0
1731774005s289:MAC Tx start packet size: 18
1731774005s293:TX on freq 867900000 Hz at DR 4
1731774005s293:RADIO SEND WITH size 18
1731774005s295:SEND REQUEST
1731774005s388:NOTIFY
1731774005s388:MAC txDone
1731774006s370:RX_1 on freq 867900000 Hz at DR 4
1731774006s554:MAC rxNotify
1731774006s554:NOTIFY
1731774006s554:MAC rxDone

###### ========== MCPS-Confirm =============
###### U/L FRAME:0019 | PORT:24 | DR:4 | PWR:1 | MSG TYPE:UNCONFIRMED
1731774006s557:value of rxport: 200
1731774006s557:MULTICAST CLASS C SETUP 2
###### D/L FRAME:0001 | PORT:200 | DR:4 | SLOT:1 | RSSI:-16 | SNR:15
1731774006s566:MAC Tx start packet size: 15
1731774006s570:TX on freq 867300000 Hz at DR 4
1731774006s571:RADIO SEND WITH size 15
ID          : 0
McAddr      : 394C3D90
McKey       : E7-BF-07-2B-C9-F0-ED-37-19-2C-8A-4D-E4-BF-D5-42
McFCountMin : 0
McFCountMax : 4294967295
SessionTime : 0
SessionTimeT: 1 s
Rx Freq     : 0
Rx DR       : DR_0
1731774006s665:NOTIFY
1731774006s665:MAC txDone
1731774007s648:RX_1 on freq 867300000 Hz at DR 4
1731774007s780:MAC rxNotify
1731774007s780:NOTIFY
1731774007s780:MAC rxDone

###### ========== MCPS-Confirm =============
###### U/L FRAME:0020 | PORT:200 | DR:4 | PWR:1 | MSG TYPE:UNCONFIRMED
1731774007s782:value of rxport: 201
###### D/L FRAME:0002 | PORT:201 | DR:4 | SLOT:1 | RSSI:-16 | SNR:16
1731774007s783:#####################FRAGDECODER INIT
1731774011s663:MAC Tx start packet size: 15
1731774011s667:TX on freq 867700000 Hz at DR 4
1731774011s667:RADIO SEND WITH size 15
1731774011s762:NOTIFY
1731774011s762:MAC txDone
1731774012s744:RX_1 on freq 867700000 Hz at DR 4
1731774012s876:MAC rxNotify
1731774012s876:NOTIFY
1731774012s876:MAC rxDone

###### ========== MCPS-Confirm =============
###### U/L FRAME:0021 | PORT:201 | DR:4 | PWR:1 | MSG TYPE:UNCONFIRMED
1731774012s879:value of rxport: 200
1731774012s880:MULTICAST CLASS C SETUP 4
###### D/L FRAME:0003 | PORT:200 | DR:4 | SLOT:1 | RSSI:-16 | SNR:15
Time2SessionStart: 300000 ms
1731774012s880:MAC Tx start packet size: 18
1731774012s884:TX on freq 867100000 Hz at DR 4
1731774012s885:RADIO SEND WITH size 18
ID          : 0
McAddr      : 394C3D90
McKey       : E7-BF-07-2B-C9-F0-ED-37-19-2C-8A-4D-E4-BF-D5-42
McFCountMin : 0
McFCountMax : 4294967295
SessionTime : 1731774312
SessionTimeT: 4096 s
Rx Freq     : 869525000
Rx DR       : DR_4
1731774012s979:NOTIFY
1731774012s979:MAC txDone
1731774013s961:RX_1 on freq 867100000 Hz at DR 4
1731774014s012:IRQ_RX_TX_TIMEOUT
1731774014s012:NOTIFY
1731774014s012:MAC rxTimeOut
1731774015s010:RX_2 on freq 869525000 Hz at DR 0
1731774015s208:IRQ_RX_TX_TIMEOUT
1731774015s208:NOTIFY
1731774015s208:MAC rxTimeOut

###### ========== MCPS-Confirm =============
###### U/L FRAME:0022 | PORT:200 | DR:4 | PWR:1 | MSG TYPE:UNCONFIRMED
1731774312s880:[SWITCHCLASS class C]
1731774312s895:RX_C on freq 869525000 Hz at DR 4
1731774312s897:#############OPENED CONTINUOUS RX C WINDOW
Switch to Class C done
1731774313s841:MAC rxNotify
1731774313s841:NOTIFY
1731774313s841:MAC rxDone
1731774313s848:RXSLOT
1731774313s848:value of rxport: 201
###### D/L FRAME:0000 | PORT:201 | DR:4 | SLOT:C_MC | RSSI:-13 | SNR:15
1731774313s849:#####################FRAGDECODER PROCESS

.... FRAG_DECODER in Progress ....
EXPECTED   : 010 Fragments (02190 Bytes)
RECEIVED   : 001 Fragments
             00219 Bytes
LOST       : 000 Fragments

1731774313s853:RX_C on freq 869525000 Hz at DR 4
1731774313s854:#############OPENED CONTINUOUS RX C WINDOW
1731774321s873:MAC rxNotify
1731774321s873:NOTIFY
1731774321s873:MAC rxDone
1731774321s881:RXSLOT
1731774321s881:value of rxport: 201
###### D/L FRAME:0001 | PORT:201 | DR:4 | SLOT:C_MC | RSSI:-13 | SNR:15
1731774321s882:#####################FRAGDECODER PROCESS

.... FRAG_DECODER in Progress ....
EXPECTED   : 010 Fragments (02190 Bytes)
RECEIVED   : 002 Fragments
             00438 Bytes
LOST       : 000 Fragments

1731774321s886:RX_C on freq 869525000 Hz at DR 4
1731774321s887:#############OPENED CONTINUOUS RX C WINDOW
1731774328s901:MAC rxNotify
1731774328s901:NOTIFY
1731774328s901:MAC rxDone
1731774328s908:RXSLOT
1731774328s908:value of rxport: 201
###### D/L FRAME:0002 | PORT:201 | DR:4 | SLOT:C_MC | RSSI:-13 | SNR:15
1731774328s909:#####################FRAGDECODER PROCESS

.... FRAG_DECODER in Progress ....
EXPECTED   : 010 Fragments (02190 Bytes)
RECEIVED   : 003 Fragments
             00657 Bytes
LOST       : 000 Fragments

1731774328s913:RX_C on freq 869525000 Hz at DR 4
1731774328s914:#############OPENED CONTINUOUS RX C WINDOW
1731774336s935:MAC rxNotify
1731774336s935:NOTIFY
1731774336s935:MAC rxDone
1731774336s941:RXSLOT
1731774336s941:value of rxport: 201
###### D/L FRAME:0003 | PORT:201 | DR:4 | SLOT:C_MC | RSSI:-13 | SNR:15
1731774336s942:#####################FRAGDECODER PROCESS

.... FRAG_DECODER in Progress ....
EXPECTED   : 010 Fragments (02190 Bytes)
RECEIVED   : 004 Fragments
             00876 Bytes
LOST       : 000 Fragments

1731774336s946:RX_C on freq 869525000 Hz at DR 4
1731774336s947:#############OPENED CONTINUOUS RX C WINDOW
1731774343s963:MAC rxNotify
1731774343s963:NOTIFY
1731774343s963:MAC rxDone
1731774343s971:RXSLOT
1731774343s971:value of rxport: 201
###### D/L FRAME:0004 | PORT:201 | DR:4 | SLOT:C_MC | RSSI:-13 | SNR:15
1731774343s972:#####################FRAGDECODER PROCESS

.... FRAG_DECODER in Progress ....
EXPECTED   : 010 Fragments (02190 Bytes)
RECEIVED   : 005 Fragments
             01095 Bytes
LOST       : 000 Fragments

1731774343s976:RX_C on freq 869525000 Hz at DR 4
1731774343s977:#############OPENED CONTINUOUS RX C WINDOW
1731774351s987:MAC rxNotify
1731774351s987:NOTIFY
1731774351s987:MAC rxDone
1731774351s994:RXSLOT
1731774351s994:value of rxport: 201
###### D/L FRAME:0005 | PORT:201 | DR:4 | SLOT:C_MC | RSSI:-13 | SNR:15
1731774351s995:#####################FRAGDECODER PROCESS

.... FRAG_DECODER in Progress ....
EXPECTED   : 010 Fragments (02190 Bytes)
RECEIVED   : 006 Fragments
             01314 Bytes
LOST       : 000 Fragments

1731774351s999:RX_C on freq 869525000 Hz at DR 4
1731774352s000:#############OPENED CONTINUOUS RX C WINDOW
1731774359s015:MAC rxNotify
1731774359s015:NOTIFY
1731774359s015:MAC rxDone
1731774359s022:RXSLOT
1731774359s022:value of rxport: 201
###### D/L FRAME:0006 | PORT:201 | DR:4 | SLOT:C_MC | RSSI:-13 | SNR:15
1731774359s023:#####################FRAGDECODER PROCESS

.... FRAG_DECODER in Progress ....
EXPECTED   : 010 Fragments (02190 Bytes)
RECEIVED   : 007 Fragments
             01533 Bytes
LOST       : 000 Fragments

1731774359s026:RX_C on freq 869525000 Hz at DR 4
1731774359s027:#############OPENED CONTINUOUS RX C WINDOW
1731774367s049:MAC rxNotify
1731774367s049:NOTIFY
1731774367s050:MAC rxDone
1731774367s057:RXSLOT
1731774367s057:value of rxport: 201
###### D/L FRAME:0007 | PORT:201 | DR:4 | SLOT:C_MC | RSSI:-13 | SNR:15
1731774367s058:#####################FRAGDECODER PROCESS

.... FRAG_DECODER in Progress ....
EXPECTED   : 010 Fragments (02190 Bytes)
RECEIVED   : 008 Fragments
             01752 Bytes
LOST       : 000 Fragments

1731774367s062:RX_C on freq 869525000 Hz at DR 4
1731774367s063:#############OPENED CONTINUOUS RX C WINDOW
1731774374s083:MAC rxNotify
1731774374s083:NOTIFY
1731774374s083:MAC rxDone
1731774374s090:RXSLOT
1731774374s090:value of rxport: 201
###### D/L FRAME:0008 | PORT:201 | DR:4 | SLOT:C_MC | RSSI:-13 | SNR:15
1731774374s091:#####################FRAGDECODER PROCESS

.... FRAG_DECODER in Progress ....
EXPECTED   : 010 Fragments (02190 Bytes)
RECEIVED   : 009 Fragments
             01971 Bytes
LOST       : 000 Fragments

1731774374s095:RX_C on freq 869525000 Hz at DR 4
1731774374s096:#############OPENED CONTINUOUS RX C WINDOW
1731774381s109:MAC rxNotify
1731774381s110:NOTIFY
1731774381s110:MAC rxDone
1731774381s117:RXSLOT
1731774381s117:value of rxport: 201
###### D/L FRAME:0009 | PORT:201 | DR:4 | SLOT:C_MC | RSSI:-13 | SNR:15
1731774381s118:#####################FRAGDECODER PROCESS

.... FRAG_DECODER in Progress ....
EXPECTED   : 010 Fragments (02190 Bytes)
RECEIVED   : 010 Fragments
             02190 Bytes
LOST       : 000 Fragments


.... FRAG_DECODER Finished ....
STATUS     : 0
1731774381s118:ALL FRAGMENTS RECEIVED

= [SBOOT] System Security Check successfully passed. Starting...


======================================================================
=              (C) COPYRIGHT 2017 STMicroelectronics                 =
=                                                                    =
=              Secure Boot and Secure Firmware Update                =
======================================================================


= [SBOOT] SECURE ENGINE INITIALIZATION SUCCESSFUL
= [SBOOT] STATE: CHECK STATUS ON RESET
	  INFO: A Reboot has been triggered by a Software reset!
= [SBOOT] STATE: CHECK NEW FIRMWARE TO DOWNLOAD
= [SBOOT] STATE: CHECK KMS BLOB TO INSTALL
= [SBOOT] STATE: CHECK USER FW STATUS
	  A FW is detected in the slot SLOT_ACTIVE_1
= [SBOOT] STATE: VERIFY USER FW SIGNATURE
= [SBOOT] STATE: EXECUTE USER FIRMWAREAPPLICATION_VERSION: V1.3.0
MW_LORAWAN_VERSION:  V2.5.0
MW_RADIO_VERSION:    V1.3.0
L2_SPEC_VERSION:     V1.0.4
RP_SPEC_VERSION:     V2-1.0.1
###### AppKey:      2B:7E:15:16:28:AE:D2:A6:AB:F7:15:88:09:CF:4F:3C
###### NwkKey:      2B:7E:15:16:28:AE:D2:A6:AB:F7:15:88:09:CF:4F:3C
###### AppSKey:     3B:83:0F:F8:E7:93:AA:CD:EF:FF:34:F8:13:65:AC:59
###### NwkSKey:     45:5F:E4:A5:2D:AF:5A:3F:84:9F:18:25:48:21:EF:1C
###### DevEUI:      00:80:E1:15:00:0A:D5:68
###### AppEUI:      01:01:01:01:01:01:01:01
###### DevAddr:     00:0A:D5:68
###### KMS ENABLED