
= [SBOOT] System Security Check successfully passed. Starting...


======================================================================
=              (C) COPYRIGHT 2017 STMicroelectronics                 =
=                                                                    =
=              Secure Boot and Secure Firmware Update                =
======================================================================


= [SBOOT] SECURE ENGINE INITIALIZATION SUCCESSFUL
= [SBOOT] STATE: CHECK STATUS ON RESET
	  INFO: A Reboot has been triggered by a Hardware reset!
= [SBOOT] STATE: CHECK NEW FIRMWARE TO DOWNLOAD
= [SBOOT] STATE: CHECK KMS BLOB TO INSTALL
= [SBOOT] STATE: CHECK USER FW STATUS
	  A FW is detected in the slot SLOT_ACTIVE_1
= [SBOOT] STATE: VERIFY USER FW SIGNATURE
= [SBOOT] STATE: EXECUTE USER FIRMWAREAPPLICATION_VERSION: V1.3.0
MW_LORAWAN_VERSION:  V2.5.0
MW_RADIO_VERSION:    V1.3.0
L2_SPEC_VERSION:     V1.0.4
RP_SPEC_VERSION:     V2-1.0.1
###### AppKey:      2B:7E:15:16:28:AE:D2:A6:AB:F7:15:88:09:CF:4F:3C
###### NwkKey:      2B:7E:15:16:28:AE:D2:A6:AB:F7:15:88:09:CF:4F:3C
###### AppSKey:     6A:0B:1C:74:0F:7E:36:56:8E:31:48:F5:EA:3A:53:9E
###### NwkSKey:     A6:74:F1:9F:B5:BD:18:A6:50:99:93:E6:5E:8B:CB:8B
###### DevEUI:      00:80:E1:15:00:0A:D5:68
###### AppEUI:      01:01:01:01:01:01:01:01
###### DevAddr:     00:0A:D5:68
###### KMS ENABLED

###### = JOINED = OTAA =====================
[31mNetwork joined, choose app to execute:
BTN1: TxTimer send uplink every 10 sec
BTN2: Airtime test
[0m
###### U/L FRAME:JOIN | DR:4 | PWR:1
###### MCRootKey:   7D:F7:6B:0C:1A:B8:99:B3:3E:42:F0:47:B9:1B:54:6F
###### MCKEKey:     8C:B8:66:5E:0C:0E:0B:64:5B:2E:D9:E4:8A:19:27:7C
###### AppSKey:     87:86:A8:56:01:1F:AB:D6:75:0D:41:CC:5A:71:FE:84
###### NwkSKey:     0E:D0:8F:51:B0:95:9A:6F:18:4F:1C:7C:1B:E2:7F:5E
###### DBIntKey:    7A:C4:7C:65:FE:25:9B:B6:54:BD:26:35:19:F8:9C:8E
###### DevEUI:      00:80:E1:15:00:0A:D5:68
###### AppEUI:      01:01:01:01:01:01:01:01
###### DevAddr:     01:CA:21:BA
[32mStart tx timer regular[0m
###### ========== MCPS-Confirm =============
###### U/L FRAME:0001 | PORT:24 | DR:4 | PWR:1 | MSG TYPE:UNCONFIRMED
1733748539s147:value of rxport: 0
###### D/L FRAME:0000 | PORT:0 | DR:4 | SLOT:1 | RSSI:-13 | SNR:16
1733748597s937:Airtime test started: 0
1733748597s937:MAC Tx start packet size: 21
1733748597s941:TX on freq 868100000 Hz at DR 4
1733748597s941:RADIO SEND WITH size 21
1733748597s943:SEND REQUEST
1733748598s045:NOTIFY
1733748598s046:MAC txDone
1733748599s028:RX_1 on freq 868100000 Hz at DR 4
1733748599s078:IRQ_RX_TX_TIMEOUT
1733748599s078:NOTIFY
1733748599s078:MAC rxTimeOut
1733748600s076:RX_2 on freq 869525000 Hz at DR 0
1733748600s275:IRQ_RX_TX_TIMEOUT
1733748600s275:NOTIFY
1733748600s275:MAC rxTimeOut

###### ========== MCPS-Confirm =============
###### U/L FRAME:0002 | PORT:24 | DR:4 | PWR:1 | MSG TYPE:UNCONFIRMED
1733748657s943:Airtime test started: 0
1733748657s943:MAC Tx start packet size: 18
1733748657s946:TX on freq 868300000 Hz at DR 4
1733748657s946:RADIO SEND WITH size 18
1733748657s948:SEND REQUEST
1733748658s041:NOTIFY
1733748658s041:MAC txDone
1733748659s024:RX_1 on freq 868300000 Hz at DR 4
1733748659s074:IRQ_RX_TX_TIMEOUT
1733748659s074:NOTIFY
1733748659s074:MAC rxTimeOut
1733748660s072:RX_2 on freq 869525000 Hz at DR 0
1733748660s271:IRQ_RX_TX_TIMEOUT
1733748660s271:NOTIFY
1733748660s271:MAC rxTimeOut

###### ========== MCPS-Confirm =============
###### U/L FRAME:0003 | PORT:24 | DR:4 | PWR:1 | MSG TYPE:UNCONFIRMED
1733748717s948:Airtime test started: 0
1733748717s948:MAC Tx start packet size: 18
1733748717s952:TX on freq 867900000 Hz at DR 4
1733748717s952:RADIO SEND WITH size 18
1733748717s954:SEND REQUEST
1733748718s047:NOTIFY
1733748718s047:MAC txDone
1733748719s029:RX_1 on freq 867900000 Hz at DR 4
1733748719s080:IRQ_RX_TX_TIMEOUT
1733748719s080:NOTIFY
1733748719s080:MAC rxTimeOut
1733748720s078:RX_2 on freq 869525000 Hz at DR 0
1733748720s277:IRQ_RX_TX_TIMEOUT
1733748720s277:NOTIFY
1733748720s277:MAC rxTimeOut

###### ========== MCPS-Confirm =============
###### U/L FRAME:0004 | PORT:24 | DR:4 | PWR:1 | MSG TYPE:UNCONFIRMED
1733748777s954:Airtime test started: 0
1733748777s954:MAC Tx start packet size: 18
1733748777s958:TX on freq 868100000 Hz at DR 4
1733748777s958:RADIO SEND WITH size 18
1733748777s960:SEND REQUEST
1733748778s053:NOTIFY
1733748778s053:MAC txDone
1733748779s035:RX_1 on freq 868100000 Hz at DR 4
1733748779s086:IRQ_RX_TX_TIMEOUT
1733748779s086:NOTIFY
1733748779s086:MAC rxTimeOut
1733748780s084:RX_2 on freq 869525000 Hz at DR 0
1733748780s282:IRQ_RX_TX_TIMEOUT
1733748780s282:NOTIFY
1733748780s282:MAC rxTimeOut

###### ========== MCPS-Confirm =============
###### U/L FRAME:0005 | PORT:24 | DR:4 | PWR:1 | MSG TYPE:UNCONFIRMED
1733748837s960:Airtime test started: 0
1733748837s960:MAC Tx start packet size: 18
1733748837s964:TX on freq 867500000 Hz at DR 4
1733748837s964:RADIO SEND WITH size 18
1733748837s966:SEND REQUEST
1733748838s059:NOTIFY
1733748838s059:MAC txDone
1733748839s041:RX_1 on freq 867500000 Hz at DR 4
1733748839s225:MAC rxNotify
1733748839s225:NOTIFY
1733748839s225:MAC rxDone

###### ========== MCPS-Confirm =============
###### U/L FRAME:0006 | PORT:24 | DR:4 | PWR:1 | MSG TYPE:UNCONFIRMED
1733748839s228:value of rxport: 200
1733748839s228:MULTICAST CLASS C SETUP 2
###### D/L FRAME:0001 | PORT:200 | DR:4 | SLOT:1 | RSSI:-14 | SNR:13
1733748839s237:MAC Tx start packet size: 15
1733748839s241:TX on freq 867500000 Hz at DR 4
1733748839s242:RADIO SEND WITH size 15
ID          : 0
McAddr      : 0038F3B0
McKey       : 91-7B-A1-8B-EF-C3-61-FB-4B-64-43-B6-A0-6F-9F-62
McFCountMin : 0
McFCountMax : 4294967295
SessionTime : 0
SessionTimeT: 1 s
Rx Freq     : 0
Rx DR       : DR_0
1733748839s336:NOTIFY
1733748839s336:MAC txDone
1733748840s319:RX_1 on freq 867500000 Hz at DR 4
1733748840s369:IRQ_RX_TX_TIMEOUT
1733748840s369:NOTIFY
1733748840s369:MAC rxTimeOut
1733748841s367:RX_2 on freq 869525000 Hz at DR 0
1733748841s566:IRQ_RX_TX_TIMEOUT
1733748841s566:NOTIFY
1733748841s566:MAC rxTimeOut

###### ========== MCPS-Confirm =============
###### U/L FRAME:0007 | PORT:200 | DR:4 | PWR:1 | MSG TYPE:UNCONFIRMED
1733748897s966:Airtime test started: 0
1733748897s966:MAC Tx start packet size: 18
1733748897s970:TX on freq 868500000 Hz at DR 4
1733748897s970:RADIO SEND WITH size 18
1733748897s972:SEND REQUEST
1733748898s065:NOTIFY
1733748898s065:MAC txDone
1733748899s047:RX_1 on freq 868500000 Hz at DR 4
1733748899s179:MAC rxNotify
1733748899s179:NOTIFY
1733748899s180:MAC rxDone

###### ========== MCPS-Confirm =============
###### U/L FRAME:0008 | PORT:24 | DR:4 | PWR:1 | MSG TYPE:UNCONFIRMED
1733748899s182:value of rxport: 201
###### D/L FRAME:0002 | PORT:201 | DR:4 | SLOT:1 | RSSI:-14 | SNR:13
1733748899s183:#####################FRAGDECODER INIT
1733748903s063:MAC Tx start packet size: 15
1733748903s067:TX on freq 867300000 Hz at DR 4
1733748903s067:RADIO SEND WITH size 15
1733748903s161:NOTIFY
1733748903s161:MAC txDone
1733748904s144:RX_1 on freq 867300000 Hz at DR 4
1733748904s195:IRQ_RX_TX_TIMEOUT
1733748904s195:NOTIFY
1733748904s195:MAC rxTimeOut
1733748905s193:RX_2 on freq 869525000 Hz at DR 0
1733748905s391:IRQ_RX_TX_TIMEOUT
1733748905s391:NOTIFY
1733748905s391:MAC rxTimeOut

###### ========== MCPS-Confirm =============
###### U/L FRAME:0009 | PORT:201 | DR:4 | PWR:1 | MSG TYPE:UNCONFIRMED
1733748957s972:Airtime test started: 0
1733748957s972:MAC Tx start packet size: 18
1733748957s976:TX on freq 868300000 Hz at DR 4
1733748957s976:RADIO SEND WITH size 18
1733748957s978:SEND REQUEST
1733748958s071:NOTIFY
1733748958s071:MAC txDone
1733748959s054:RX_1 on freq 868300000 Hz at DR 4
1733748959s185:MAC rxNotify
1733748959s185:NOTIFY
1733748959s186:MAC rxDone

###### ========== MCPS-Confirm =============
###### U/L FRAME:0010 | PORT:24 | DR:4 | PWR:1 | MSG TYPE:UNCONFIRMED
1733748959s188:value of rxport: 200
1733748959s189:MULTICAST CLASS C SETUP 4
###### D/L FRAME:0003 | PORT:200 | DR:4 | SLOT:1 | RSSI:-14 | SNR:13
Time2SessionStart: 265000 ms
1733748959s189:MAC Tx start packet size: 18
1733748959s193:TX on freq 868500000 Hz at DR 4
1733748959s194:RADIO SEND WITH size 18
ID          : 0
McAddr      : 0038F3B0
McKey       : 91-7B-A1-8B-EF-C3-61-FB-4B-64-43-B6-A0-6F-9F-62
McFCountMin : 0
McFCountMax : 4294967295
SessionTime : 1733749224
SessionTimeT: 2048 s
Rx Freq     : 869525000
Rx DR       : DR_0
1733748959s287:NOTIFY
1733748959s287:MAC txDone
1733748960s270:RX_1 on freq 868500000 Hz at DR 4
1733748960s321:IRQ_RX_TX_TIMEOUT
1733748960s321:NOTIFY
1733748960s321:MAC rxTimeOut
1733748961s319:RX_2 on freq 869525000 Hz at DR 0
1733748961s517:IRQ_RX_TX_TIMEOUT
1733748961s517:NOTIFY
1733748961s517:MAC rxTimeOut

###### ========== MCPS-Confirm =============
###### U/L FRAME:0011 | PORT:200 | DR:4 | PWR:1 | MSG TYPE:UNCONFIRMED
1733749224s189:[SWITCHCLASS class C]
1733749224s203:RX_C on freq 869525000 Hz at DR 0
1733749224s205:#############OPENED CONTINUOUS RX C WINDOW
Switch to Class C done
1733749228s855:MAC rxNotify
1733749228s855:NOTIFY
1733749228s855:MAC rxDone
1733749228s858:RXSLOT
1733749228s858:value of rxport: 201
###### D/L FRAME:0000 | PORT:201 | DR:0 | SLOT:C_MC | RSSI:-7 | SNR:6
1733749228s858:#####################FRAGDECODER PROCESS

.... FRAG_DECODER in Progress ....
EXPECTED   : 052 Fragments (02028 Bytes)
RECEIVED   : 001 Fragments
             00039 Bytes
LOST       : 000 Fragments

1733749228s862:RX_C on freq 869525000 Hz at DR 0
1733749228s863:#############OPENED CONTINUOUS RX C WINDOW
1733749243s520:MAC rxNotify
1733749243s520:NOTIFY
1733749243s520:MAC rxDone
1733749243s522:RXSLOT
1733749243s525:RX_C on freq 869525000 Hz at DR 0
1733749243s527:#############OPENED CONTINUOUS RX C WINDOW
1733749249s903:MAC rxNotify
1733749249s903:NOTIFY
1733749249s903:MAC rxDone
1733749249s905:RXSLOT
1733749249s905:value of rxport: 201
###### D/L FRAME:0001 | PORT:201 | DR:0 | SLOT:C_MC | RSSI:-8 | SNR:6
1733749249s905:#####################FRAGDECODER PROCESS

.... FRAG_DECODER in Progress ....
EXPECTED   : 052 Fragments (02028 Bytes)
RECEIVED   : 002 Fragments
             00078 Bytes
LOST       : 000 Fragments

1733749249s910:RX_C on freq 869525000 Hz at DR 0
1733749249s911:#############OPENED CONTINUOUS RX C WINDOW
1733749269s950:MAC rxNotify
1733749269s950:NOTIFY
1733749269s950:MAC rxDone
1733749269s953:RXSLOT
1733749269s953:value of rxport: 201
###### D/L FRAME:0002 | PORT:201 | DR:0 | SLOT:C_MC | RSSI:-7 | SNR:5
1733749269s953:#####################FRAGDECODER PROCESS

.... FRAG_DECODER in Progress ....
EXPECTED   : 052 Fragments (02028 Bytes)
RECEIVED   : 003 Fragments
             00117 Bytes
LOST       : 000 Fragments

1733749269s957:RX_C on freq 869525000 Hz at DR 0
1733749269s959:#############OPENED CONTINUOUS RX C WINDOW
1733749291s017:MAC rxNotify
1733749291s017:NOTIFY
1733749291s017:MAC rxDone
1733749291s020:RXSLOT
1733749291s020:value of rxport: 201
###### D/L FRAME:0003 | PORT:201 | DR:0 | SLOT:C_MC | RSSI:-9 | SNR:5
1733749291s020:#####################FRAGDECODER PROCESS

.... FRAG_DECODER in Progress ....
EXPECTED   : 052 Fragments (02028 Bytes)
RECEIVED   : 004 Fragments
             00156 Bytes
LOST       : 000 Fragments

1733749291s024:RX_C on freq 869525000 Hz at DR 0
1733749291s026:#############OPENED CONTINUOUS RX C WINDOW
1733749312s153:MAC rxNotify
1733749312s153:NOTIFY
1733749312s153:MAC rxDone
1733749312s155:RXSLOT
1733749312s155:value of rxport: 201
###### D/L FRAME:0004 | PORT:201 | DR:0 | SLOT:C_MC | RSSI:-8 | SNR:5
1733749312s155:#####################FRAGDECODER PROCESS

.... FRAG_DECODER in Progress ....
EXPECTED   : 052 Fragments (02028 Bytes)
RECEIVED   : 005 Fragments
             00195 Bytes
LOST       : 000 Fragments

1733749312s160:RX_C on freq 869525000 Hz at DR 0
1733749312s161:#############OPENED CONTINUOUS RX C WINDOW
1733749332s208:MAC rxNotify
1733749332s209:NOTIFY
1733749332s209:MAC rxDone
1733749332s212:RXSLOT
1733749332s212:value of rxport: 201
###### D/L FRAME:0005 | PORT:201 | DR:0 | SLOT:C_MC | RSSI:-9 | SNR:5
1733749332s212:#####################FRAGDECODER PROCESS

.... FRAG_DECODER in Progress ....
EXPECTED   : 052 Fragments (02028 Bytes)
RECEIVED   : 006 Fragments
             00234 Bytes
LOST       : 000 Fragments

1733749332s216:RX_C on freq 869525000 Hz at DR 0
1733749332s218:#############OPENED CONTINUOUS RX C WINDOW
1733749353s261:MAC rxNotify
1733749353s261:NOTIFY
1733749353s261:MAC rxDone
1733749353s264:RXSLOT
1733749353s264:value of rxport: 201
###### D/L FRAME:0006 | PORT:201 | DR:0 | SLOT:C_MC | RSSI:-9 | SNR:6
1733749353s264:#####################FRAGDECODER PROCESS

.... FRAG_DECODER in Progress ....
EXPECTED   : 052 Fragments (02028 Bytes)
RECEIVED   : 007 Fragments
             00273 Bytes
LOST       : 000 Fragments

1733749353s268:RX_C on freq 869525000 Hz at DR 0
1733749353s270:#############OPENED CONTINUOUS RX C WINDOW
1733749374s330:MAC rxNotify
1733749374s330:NOTIFY
1733749374s330:MAC rxDone
1733749374s333:RXSLOT
1733749374s333:value of rxport: 201
###### D/L FRAME:0007 | PORT:201 | DR:0 | SLOT:C_MC | RSSI:-9 | SNR:5
1733749374s333:#####################FRAGDECODER PROCESS

.... FRAG_DECODER in Progress ....
EXPECTED   : 052 Fragments (02028 Bytes)
RECEIVED   : 008 Fragments
             00312 Bytes
LOST       : 000 Fragments

1733749374s337:RX_C on freq 869525000 Hz at DR 0
1733749374s339:#############OPENED CONTINUOUS RX C WINDOW
1733749394s490:MAC rxNotify
1733749394s490:NOTIFY
1733749394s490:MAC rxDone
1733749394s493:RXSLOT
1733749394s493:value of rxport: 201
###### D/L FRAME:0008 | PORT:201 | DR:0 | SLOT:C_MC | RSSI:-7 | SNR:5
1733749394s493:#####################FRAGDECODER PROCESS

.... FRAG_DECODER in Progress ....
EXPECTED   : 052 Fragments (02028 Bytes)
RECEIVED   : 009 Fragments
             00351 Bytes
LOST       : 000 Fragments

1733749394s498:RX_C on freq 869525000 Hz at DR 0
1733749394s499:#############OPENED CONTINUOUS RX C WINDOW
1733749399s529:MAC rxNotify
1733749399s529:NOTIFY
1733749399s529:MAC rxDone
1733749399s530:RXSLOT
1733749399s533:RX_C on freq 869525000 Hz at DR 0
1733749399s535:#############OPENED CONTINUOUS RX C WINDOW
1733749415s545:MAC rxNotify
1733749415s545:NOTIFY
1733749415s545:MAC rxDone
1733749415s548:RXSLOT
1733749415s548:value of rxport: 201
###### D/L FRAME:0009 | PORT:201 | DR:0 | SLOT:C_MC | RSSI:-9 | SNR:5
1733749415s548:#####################FRAGDECODER PROCESS

.... FRAG_DECODER in Progress ....
EXPECTED   : 052 Fragments (02028 Bytes)
RECEIVED   : 010 Fragments
             00390 Bytes
LOST       : 000 Fragments

1733749415s552:RX_C on freq 869525000 Hz at DR 0
1733749415s554:#############OPENED CONTINUOUS RX C WINDOW
1733749436s605:MAC rxNotify
1733749436s606:NOTIFY
1733749436s606:MAC rxDone
1733749436s609:RXSLOT
1733749436s609:value of rxport: 201
###### D/L FRAME:0010 | PORT:201 | DR:0 | SLOT:C_MC | RSSI:-8 | SNR:5
1733749436s609:#####################FRAGDECODER PROCESS

.... FRAG_DECODER in Progress ....
EXPECTED   : 052 Fragments (02028 Bytes)
RECEIVED   : 011 Fragments
             00429 Bytes
LOST       : 000 Fragments

1733749436s612:RX_C on freq 869525000 Hz at DR 0
1733749436s614:#############OPENED CONTINUOUS RX C WINDOW
1733749456s668:MAC rxNotify
1733749456s668:NOTIFY
1733749456s668:MAC rxDone
1733749456s671:RXSLOT
1733749456s671:value of rxport: 201
###### D/L FRAME:0011 | PORT:201 | DR:0 | SLOT:C_MC | RSSI:-8 | SNR:5
1733749456s671:#####################FRAGDECODER PROCESS

.... FRAG_DECODER in Progress ....
EXPECTED   : 052 Fragments (02028 Bytes)
RECEIVED   : 012 Fragments
             00468 Bytes
LOST       : 000 Fragments

1733749456s676:RX_C on freq 869525000 Hz at DR 0
1733749456s677:#############OPENED CONTINUOUS RX C WINDOW
1733749477s821:MAC rxNotify
1733749477s821:NOTIFY
1733749477s821:MAC rxDone
1733749477s825:RXSLOT
1733749477s825:value of rxport: 201
###### D/L FRAME:0012 | PORT:201 | DR:0 | SLOT:C_MC | RSSI:-8 | SNR:5
1733749477s825:#####################FRAGDECODER PROCESS

.... FRAG_DECODER in Progress ....
EXPECTED   : 052 Fragments (02028 Bytes)
RECEIVED   : 013 Fragments
             00507 Bytes
LOST       : 000 Fragments

1733749477s829:RX_C on freq 869525000 Hz at DR 0
1733749477s831:#############OPENED CONTINUOUS RX C WINDOW
1733749497s898:MAC rxNotify
1733749497s898:NOTIFY
1733749497s898:MAC rxDone
1733749497s901:RXSLOT
1733749497s901:value of rxport: 201
###### D/L FRAME:0013 | PORT:201 | DR:0 | SLOT:C_MC | RSSI:-8 | SNR:5
1733749497s901:#####################FRAGDECODER PROCESS

.... FRAG_DECODER in Progress ....
EXPECTED   : 052 Fragments (02028 Bytes)
RECEIVED   : 014 Fragments
             00546 Bytes
LOST       : 000 Fragments

1733749497s905:RX_C on freq 869525000 Hz at DR 0
1733749497s906:#############OPENED CONTINUOUS RX C WINDOW
1733749518s946:MAC rxNotify
1733749518s946:NOTIFY
1733749518s946:MAC rxDone
1733749518s949:RXSLOT
1733749518s949:value of rxport: 201
###### D/L FRAME:0014 | PORT:201 | DR:0 | SLOT:C_MC | RSSI:-8 | SNR:5
1733749518s949:#####################FRAGDECODER PROCESS

.... FRAG_DECODER in Progress ....
EXPECTED   : 052 Fragments (02028 Bytes)
RECEIVED   : 015 Fragments
             00585 Bytes
LOST       : 000 Fragments

1733749518s954:RX_C on freq 869525000 Hz at DR 0
1733749518s955:#############OPENED CONTINUOUS RX C WINDOW
1733749540s013:MAC rxNotify
1733749540s013:NOTIFY
1733749540s013:MAC rxDone
1733749540s016:RXSLOT
1733749540s016:value of rxport: 201
###### D/L FRAME:0015 | PORT:201 | DR:0 | SLOT:C_MC | RSSI:-8 | SNR:6
1733749540s016:#####################FRAGDECODER PROCESS

.... FRAG_DECODER in Progress ....
EXPECTED   : 052 Fragments (02028 Bytes)
RECEIVED   : 016 Fragments
             00624 Bytes
LOST       : 000 Fragments

1733749540s020:RX_C on freq 869525000 Hz at DR 0
1733749540s022:#############OPENED CONTINUOUS RX C WINDOW
1733749560s156:MAC rxNotify
1733749560s157:NOTIFY
1733749560s157:MAC rxDone
1733749560s160:RXSLOT
1733749560s160:value of rxport: 201
###### D/L FRAME:0016 | PORT:201 | DR:0 | SLOT:C_MC | RSSI:-8 | SNR:6
1733749560s160:#####################FRAGDECODER PROCESS

.... FRAG_DECODER in Progress ....
EXPECTED   : 052 Fragments (02028 Bytes)
RECEIVED   : 017 Fragments
             00663 Bytes
LOST       : 000 Fragments

1733749560s164:RX_C on freq 869525000 Hz at DR 0
1733749560s166:#############OPENED CONTINUOUS RX C WINDOW
1733749581s255:MAC rxNotify
1733749581s255:NOTIFY
1733749581s255:MAC rxDone
1733749581s258:RXSLOT
1733749581s258:value of rxport: 201
###### D/L FRAME:0017 | PORT:201 | DR:0 | SLOT:C_MC | RSSI:-8 | SNR:6
1733749581s258:#####################FRAGDECODER PROCESS

.... FRAG_DECODER in Progress ....
EXPECTED   : 052 Fragments (02028 Bytes)
RECEIVED   : 018 Fragments
             00702 Bytes
LOST       : 000 Fragments

1733749581s263:RX_C on freq 869525000 Hz at DR 0
1733749581s264:#############OPENED CONTINUOUS RX C WINDOW
1733749602s305:MAC rxNotify
1733749602s305:NOTIFY
1733749602s305:MAC rxDone
1733749602s308:RXSLOT
1733749602s308:value of rxport: 201
###### D/L FRAME:0018 | PORT:201 | DR:0 | SLOT:C_MC | RSSI:-8 | SNR:6
1733749602s308:#####################FRAGDECODER PROCESS

.... FRAG_DECODER in Progress ....
EXPECTED   : 052 Fragments (02028 Bytes)
RECEIVED   : 019 Fragments
             00741 Bytes
LOST       : 000 Fragments

1733749602s313:RX_C on freq 869525000 Hz at DR 0
1733749602s314:#############OPENED CONTINUOUS RX C WINDOW
1733749622s357:MAC rxNotify
1733749622s357:NOTIFY
1733749622s357:MAC rxDone
1733749622s360:RXSLOT
1733749622s360:value of rxport: 201
###### D/L FRAME:0019 | PORT:201 | DR:0 | SLOT:C_MC | RSSI:-7 | SNR:6
1733749622s360:#####################FRAGDECODER PROCESS

.... FRAG_DECODER in Progress ....
EXPECTED   : 052 Fragments (02028 Bytes)
RECEIVED   : 020 Fragments
             00780 Bytes
LOST       : 000 Fragments

1733749622s364:RX_C on freq 869525000 Hz at DR 0
1733749622s365:#############OPENED CONTINUOUS RX C WINDOW
1733749643s428:MAC rxNotify
1733749643s428:NOTIFY
1733749643s429:MAC rxDone
1733749643s432:RXSLOT
1733749643s432:value of rxport: 201
###### D/L FRAME:0020 | PORT:201 | DR:0 | SLOT:C_MC | RSSI:-7 | SNR:5
1733749643s432:#####################FRAGDECODER PROCESS

.... FRAG_DECODER in Progress ....
EXPECTED   : 052 Fragments (02028 Bytes)
RECEIVED   : 021 Fragments
             00819 Bytes
LOST       : 000 Fragments

1733749643s437:RX_C on freq 869525000 Hz at DR 0
1733749643s438:#############OPENED CONTINUOUS RX C WINDOW
1733749663s568:MAC rxNotify
1733749663s568:NOTIFY
1733749663s568:MAC rxDone
1733749663s571:RXSLOT
1733749663s571:value of rxport: 201
###### D/L FRAME:0021 | PORT:201 | DR:0 | SLOT:C_MC | RSSI:-8 | SNR:6
1733749663s571:#####################FRAGDECODER PROCESS

.... FRAG_DECODER in Progress ....
EXPECTED   : 052 Fragments (02028 Bytes)
RECEIVED   : 022 Fragments
             00858 Bytes
LOST       : 000 Fragments

1733749663s574:RX_C on freq 869525000 Hz at DR 0
1733749663s576:#############OPENED CONTINUOUS RX C WINDOW
1733749684s631:MAC rxNotify
1733749684s631:NOTIFY
1733749684s631:MAC rxDone
1733749684s634:RXSLOT
1733749684s634:value of rxport: 201
###### D/L FRAME:0022 | PORT:201 | DR:0 | SLOT:C_MC | RSSI:-7 | SNR:6
1733749684s634:#####################FRAGDECODER PROCESS

.... FRAG_DECODER in Progress ....
EXPECTED   : 052 Fragments (02028 Bytes)
RECEIVED   : 023 Fragments
             00897 Bytes
LOST       : 000 Fragments

1733749684s639:RX_C on freq 869525000 Hz at DR 0
1733749684s640:#############OPENED CONTINUOUS RX C WINDOW
1733749689s011:MAC rxNotify
1733749689s011:NOTIFY
1733749689s011:MAC rxDone
1733749689s014:RXSLOT
1733749689s017:RX_C on freq 869525000 Hz at DR 0
1733749689s019:#############OPENED CONTINUOUS RX C WINDOW
1733749705s673:MAC rxNotify
1733749705s673:NOTIFY
1733749705s673:MAC rxDone
1733749705s676:RXSLOT
1733749705s676:value of rxport: 201
###### D/L FRAME:0023 | PORT:201 | DR:0 | SLOT:C_MC | RSSI:-8 | SNR:5
1733749705s676:#####################FRAGDECODER PROCESS

.... FRAG_DECODER in Progress ....
EXPECTED   : 052 Fragments (02028 Bytes)
RECEIVED   : 024 Fragments
             00936 Bytes
LOST       : 000 Fragments

1733749705s681:RX_C on freq 869525000 Hz at DR 0
1733749705s682:#############OPENED CONTINUOUS RX C WINDOW
1733749725s737:MAC rxNotify
1733749725s737:NOTIFY
1733749725s737:MAC rxDone
1733749725s740:RXSLOT
1733749725s740:value of rxport: 201
###### D/L FRAME:0024 | PORT:201 | DR:0 | SLOT:C_MC | RSSI:-10 | SNR:6
1733749725s740:#####################FRAGDECODER PROCESS

.... FRAG_DECODER in Progress ....
EXPECTED   : 052 Fragments (02028 Bytes)
RECEIVED   : 025 Fragments
             00975 Bytes
LOST       : 000 Fragments

1733749725s744:RX_C on freq 869525000 Hz at DR 0
1733749725s746:#############OPENED CONTINUOUS RX C WINDOW
1733749746s896:MAC rxNotify
1733749746s896:NOTIFY
1733749746s896:MAC rxDone
1733749746s900:RXSLOT
1733749746s900:value of rxport: 201
###### D/L FRAME:0025 | PORT:201 | DR:0 | SLOT:C_MC | RSSI:-7 | SNR:5
1733749746s900:#####################FRAGDECODER PROCESS

.... FRAG_DECODER in Progress ....
EXPECTED   : 052 Fragments (02028 Bytes)
RECEIVED   : 026 Fragments
             01014 Bytes
LOST       : 000 Fragments

1733749746s904:RX_C on freq 869525000 Hz at DR 0
1733749746s905:#############OPENED CONTINUOUS RX C WINDOW
1733749767s954:MAC rxNotify
1733749767s954:NOTIFY
1733749767s954:MAC rxDone
1733749767s957:RXSLOT
1733749767s957:value of rxport: 201
###### D/L FRAME:0026 | PORT:201 | DR:0 | SLOT:C_MC | RSSI:-8 | SNR:6
1733749767s957:#####################FRAGDECODER PROCESS

.... FRAG_DECODER in Progress ....
EXPECTED   : 052 Fragments (02028 Bytes)
RECEIVED   : 027 Fragments
             01053 Bytes
LOST       : 000 Fragments

1733749767s962:RX_C on freq 869525000 Hz at DR 0
1733749767s963:#############OPENED CONTINUOUS RX C WINDOW
1733749788s007:MAC rxNotify
1733749788s007:NOTIFY
1733749788s007:MAC rxDone
1733749788s011:RXSLOT
1733749788s011:value of rxport: 201
###### D/L FRAME:0027 | PORT:201 | DR:0 | SLOT:C_MC | RSSI:-9 | SNR:6
1733749788s011:#####################FRAGDECODER PROCESS

.... FRAG_DECODER in Progress ....
EXPECTED   : 052 Fragments (02028 Bytes)
RECEIVED   : 028 Fragments
             01092 Bytes
LOST       : 000 Fragments

1733749788s015:RX_C on freq 869525000 Hz at DR 0
1733749788s017:#############OPENED CONTINUOUS RX C WINDOW
1733749809s075:MAC rxNotify
1733749809s075:NOTIFY
1733749809s075:MAC rxDone
1733749809s078:RXSLOT
1733749809s078:value of rxport: 201
###### D/L FRAME:0028 | PORT:201 | DR:0 | SLOT:C_MC | RSSI:-8 | SNR:5
1733749809s078:#####################FRAGDECODER PROCESS

.... FRAG_DECODER in Progress ....
EXPECTED   : 052 Fragments (02028 Bytes)
RECEIVED   : 029 Fragments
             01131 Bytes
LOST       : 000 Fragments

1733749809s083:RX_C on freq 869525000 Hz at DR 0
1733749809s084:#############OPENED CONTINUOUS RX C WINDOW
1733749830s196:MAC rxNotify
1733749830s196:NOTIFY
1733749830s196:MAC rxDone
1733749830s199:RXSLOT
1733749830s199:value of rxport: 201
###### D/L FRAME:0029 | PORT:201 | DR:0 | SLOT:C_MC | RSSI:-8 | SNR:5
1733749830s199:#####################FRAGDECODER PROCESS

.... FRAG_DECODER in Progress ....
EXPECTED   : 052 Fragments (02028 Bytes)
RECEIVED   : 030 Fragments
             01170 Bytes
LOST       : 000 Fragments

1733749830s204:RX_C on freq 869525000 Hz at DR 0
1733749830s205:#############OPENED CONTINUOUS RX C WINDOW
1733749850s271:MAC rxNotify
1733749850s271:NOTIFY
1733749850s271:MAC rxDone
1733749850s274:RXSLOT
1733749850s274:value of rxport: 201
###### D/L FRAME:0030 | PORT:201 | DR:0 | SLOT:C_MC | RSSI:-8 | SNR:5
1733749850s274:#####################FRAGDECODER PROCESS

.... FRAG_DECODER in Progress ....
EXPECTED   : 052 Fragments (02028 Bytes)
RECEIVED   : 031 Fragments
             01209 Bytes
LOST       : 000 Fragments

1733749850s279:RX_C on freq 869525000 Hz at DR 0
1733749850s279:#############OPENED CONTINUOUS RX C WINDOW
1733749866s617:MAC rxNotify
1733749866s617:NOTIFY
1733749866s618:MAC rxDone
1733749866s620:RXSLOT
1733749866s623:RX_C on freq 869525000 Hz at DR 0
1733749866s625:#############OPENED CONTINUOUS RX C WINDOW
1733749871s334:MAC rxNotify
1733749871s334:NOTIFY
1733749871s334:MAC rxDone
1733749871s337:RXSLOT
1733749871s337:value of rxport: 201
###### D/L FRAME:0031 | PORT:201 | DR:0 | SLOT:C_MC | RSSI:-11 | SNR:5
1733749871s337:#####################FRAGDECODER PROCESS

.... FRAG_DECODER in Progress ....
EXPECTED   : 052 Fragments (02028 Bytes)
RECEIVED   : 032 Fragments
             01248 Bytes
LOST       : 000 Fragments

1733749871s342:RX_C on freq 869525000 Hz at DR 0
1733749871s343:#############OPENED CONTINUOUS RX C WINDOW
1733749892s397:MAC rxNotify
1733749892s397:NOTIFY
1733749892s397:MAC rxDone
1733749892s400:RXSLOT
1733749892s400:value of rxport: 201
###### D/L FRAME:0032 | PORT:201 | DR:0 | SLOT:C_MC | RSSI:-9 | SNR:5
1733749892s400:#####################FRAGDECODER PROCESS

.... FRAG_DECODER in Progress ....
EXPECTED   : 052 Fragments (02028 Bytes)
RECEIVED   : 033 Fragments
             01287 Bytes
LOST       : 000 Fragments

1733749892s404:RX_C on freq 869525000 Hz at DR 0
1733749892s405:#############OPENED CONTINUOUS RX C WINDOW
1733749912s512:MAC rxNotify
1733749912s512:NOTIFY
1733749912s512:MAC rxDone
1733749912s515:RXSLOT
1733749912s515:value of rxport: 201
###### D/L FRAME:0033 | PORT:201 | DR:0 | SLOT:C_MC | RSSI:-9 | SNR:5
1733749912s515:#####################FRAGDECODER PROCESS

.... FRAG_DECODER in Progress ....
EXPECTED   : 052 Fragments (02028 Bytes)
RECEIVED   : 034 Fragments
             01326 Bytes
LOST       : 000 Fragments

1733749912s520:RX_C on freq 869525000 Hz at DR 0
1733749912s521:#############OPENED CONTINUOUS RX C WINDOW
1733749933s612:MAC rxNotify
1733749933s612:NOTIFY
1733749933s612:MAC rxDone
1733749933s614:RXSLOT
1733749933s614:value of rxport: 201
###### D/L FRAME:0034 | PORT:201 | DR:0 | SLOT:C_MC | RSSI:-9 | SNR:5
1733749933s614:#####################FRAGDECODER PROCESS

.... FRAG_DECODER in Progress ....
EXPECTED   : 052 Fragments (02028 Bytes)
RECEIVED   : 035 Fragments
             01365 Bytes
LOST       : 000 Fragments

1733749933s618:RX_C on freq 869525000 Hz at DR 0
1733749933s620:#############OPENED CONTINUOUS RX C WINDOW
1733749953s663:MAC rxNotify
1733749953s663:NOTIFY
1733749953s663:MAC rxDone
1733749953s666:RXSLOT
1733749953s666:value of rxport: 201
###### D/L FRAME:0035 | PORT:201 | DR:0 | SLOT:C_MC | RSSI:-8 | SNR:5
1733749953s666:#####################FRAGDECODER PROCESS

.... FRAG_DECODER in Progress ....
EXPECTED   : 052 Fragments (02028 Bytes)
RECEIVED   : 036 Fragments
             01404 Bytes
LOST       : 000 Fragments

1733749953s671:RX_C on freq 869525000 Hz at DR 0
1733749953s672:#############OPENED CONTINUOUS RX C WINDOW
1733749974s729:MAC rxNotify
1733749974s729:NOTIFY
1733749974s729:MAC rxDone
1733749974s732:RXSLOT
1733749974s732:value of rxport: 201
###### D/L FRAME:0036 | PORT:201 | DR:0 | SLOT:C_MC | RSSI:-8 | SNR:5
1733749974s732:#####################FRAGDECODER PROCESS

.... FRAG_DECODER in Progress ....
EXPECTED   : 052 Fragments (02028 Bytes)
RECEIVED   : 037 Fragments
             01443 Bytes
LOST       : 000 Fragments

1733749974s737:RX_C on freq 869525000 Hz at DR 0
1733749974s737:#############OPENED CONTINUOUS RX C WINDOW
1733749995s816:MAC rxNotify
1733749995s816:NOTIFY
1733749995s816:MAC rxDone
1733749995s820:RXSLOT
1733749995s820:value of rxport: 201
###### D/L FRAME:0037 | PORT:201 | DR:0 | SLOT:C_MC | RSSI:-9 | SNR:5
1733749995s820:#####################FRAGDECODER PROCESS

.... FRAG_DECODER in Progress ....
EXPECTED   : 052 Fragments (02028 Bytes)
RECEIVED   : 038 Fragments
             01482 Bytes
LOST       : 000 Fragments

1733749995s823:RX_C on freq 869525000 Hz at DR 0
1733749995s825:#############OPENED CONTINUOUS RX C WINDOW
1733750015s944:MAC rxNotify
1733750015s944:NOTIFY
1733750015s944:MAC rxDone
1733750015s946:RXSLOT
1733750015s946:value of rxport: 201
###### D/L FRAME:0038 | PORT:201 | DR:0 | SLOT:C_MC | RSSI:-9 | SNR:5
1733750015s946:#####################FRAGDECODER PROCESS

.... FRAG_DECODER in Progress ....
EXPECTED   : 052 Fragments (02028 Bytes)
RECEIVED   : 039 Fragments
             01521 Bytes
LOST       : 000 Fragments

1733750015s950:RX_C on freq 869525000 Hz at DR 0
1733750015s952:#############OPENED CONTINUOUS RX C WINDOW
1733750037s019:MAC rxNotify
1733750037s019:NOTIFY
1733750037s019:MAC rxDone
1733750037s023:RXSLOT
1733750037s023:value of rxport: 201
###### D/L FRAME:0039 | PORT:201 | DR:0 | SLOT:C_MC | RSSI:-9 | SNR:5
1733750037s023:#####################FRAGDECODER PROCESS

.... FRAG_DECODER in Progress ....
EXPECTED   : 052 Fragments (02028 Bytes)
RECEIVED   : 040 Fragments
             01560 Bytes
LOST       : 000 Fragments

1733750037s027:RX_C on freq 869525000 Hz at DR 0
1733750037s029:#############OPENED CONTINUOUS RX C WINDOW
1733750058s073:MAC rxNotify
1733750058s073:NOTIFY
1733750058s073:MAC rxDone
1733750058s076:RXSLOT
1733750058s076:value of rxport: 201
###### D/L FRAME:0040 | PORT:201 | DR:0 | SLOT:C_MC | RSSI:-9 | SNR:5
1733750058s076:#####################FRAGDECODER PROCESS

.... FRAG_DECODER in Progress ....
EXPECTED   : 052 Fragments (02028 Bytes)
RECEIVED   : 041 Fragments
             01599 Bytes
LOST       : 000 Fragments

1733750058s081:RX_C on freq 869525000 Hz at DR 0
1733750058s082:#############OPENED CONTINUOUS RX C WINDOW
1733750078s139:MAC rxNotify
1733750078s139:NOTIFY
1733750078s139:MAC rxDone
1733750078s142:RXSLOT
1733750078s142:value of rxport: 201
###### D/L FRAME:0041 | PORT:201 | DR:0 | SLOT:C_MC | RSSI:-8 | SNR:5
1733750078s142:#####################FRAGDECODER PROCESS

.... FRAG_DECODER in Progress ....
EXPECTED   : 052 Fragments (02028 Bytes)
RECEIVED   : 042 Fragments
             01638 Bytes
LOST       : 000 Fragments

1733750078s147:RX_C on freq 869525000 Hz at DR 0
1733750078s148:#############OPENED CONTINUOUS RX C WINDOW
1733750099s224:MAC rxNotify
1733750099s224:NOTIFY
1733750099s224:MAC rxDone
1733750099s228:RXSLOT
1733750099s228:value of rxport: 201
###### D/L FRAME:0042 | PORT:201 | DR:0 | SLOT:C_MC | RSSI:-8 | SNR:5
1733750099s228:#####################FRAGDECODER PROCESS

.... FRAG_DECODER in Progress ....
EXPECTED   : 052 Fragments (02028 Bytes)
RECEIVED   : 043 Fragments
             01677 Bytes
LOST       : 000 Fragments

1733750099s232:RX_C on freq 869525000 Hz at DR 0
1733750099s234:#############OPENED CONTINUOUS RX C WINDOW
1733750119s319:MAC rxNotify
1733750119s319:NOTIFY
1733750119s319:MAC rxDone
1733750119s321:RXSLOT
1733750119s321:value of rxport: 201
###### D/L FRAME:0043 | PORT:201 | DR:0 | SLOT:C_MC | RSSI:-9 | SNR:5
1733750119s321:#####################FRAGDECODER PROCESS

.... FRAG_DECODER in Progress ....
EXPECTED   : 052 Fragments (02028 Bytes)
RECEIVED   : 044 Fragments
             01716 Bytes
LOST       : 000 Fragments

1733750119s326:RX_C on freq 869525000 Hz at DR 0
1733750119s327:#############OPENED CONTINUOUS RX C WINDOW
1733750135s967:MAC rxNotify
1733750135s967:NOTIFY
1733750135s967:MAC rxDone
1733750135s969:RXSLOT
1733750135s972:RX_C on freq 869525000 Hz at DR 0
1733750135s974:#############OPENED CONTINUOUS RX C WINDOW
1733750140s378:MAC rxNotify
1733750140s378:NOTIFY
1733750140s378:MAC rxDone
1733750140s381:RXSLOT
1733750140s381:value of rxport: 201
###### D/L FRAME:0044 | PORT:201 | DR:0 | SLOT:C_MC | RSSI:-8 | SNR:5
1733750140s381:#####################FRAGDECODER PROCESS

.... FRAG_DECODER in Progress ....
EXPECTED   : 052 Fragments (02028 Bytes)
RECEIVED   : 045 Fragments
             01755 Bytes
LOST       : 000 Fragments

1733750140s386:RX_C on freq 869525000 Hz at DR 0
1733750140s387:#############OPENED CONTINUOUS RX C WINDOW
1733750161s437:MAC rxNotify
1733750161s437:NOTIFY
1733750161s437:MAC rxDone
1733750161s440:RXSLOT
1733750161s440:value of rxport: 201
###### D/L FRAME:0045 | PORT:201 | DR:0 | SLOT:C_MC | RSSI:-9 | SNR:5
1733750161s440:#####################FRAGDECODER PROCESS

.... FRAG_DECODER in Progress ....
EXPECTED   : 052 Fragments (02028 Bytes)
RECEIVED   : 046 Fragments
             01794 Bytes
LOST       : 000 Fragments

1733750161s445:RX_C on freq 869525000 Hz at DR 0
1733750161s446:#############OPENED CONTINUOUS RX C WINDOW
1733750181s537:MAC rxNotify
1733750181s537:NOTIFY
1733750181s537:MAC rxDone
1733750181s540:RXSLOT
1733750181s540:value of rxport: 201
###### D/L FRAME:0046 | PORT:201 | DR:0 | SLOT:C_MC | RSSI:-8 | SNR:5
1733750181s540:#####################FRAGDECODER PROCESS

.... FRAG_DECODER in Progress ....
EXPECTED   : 052 Fragments (02028 Bytes)
RECEIVED   : 047 Fragments
             01833 Bytes
LOST       : 000 Fragments

1733750181s544:RX_C on freq 869525000 Hz at DR 0
1733750181s546:#############OPENED CONTINUOUS RX C WINDOW
1733750202s637:MAC rxNotify
1733750202s637:NOTIFY
1733750202s637:MAC rxDone
1733750202s640:RXSLOT
1733750202s640:value of rxport: 201
###### D/L FRAME:0047 | PORT:201 | DR:0 | SLOT:C_MC | RSSI:-9 | SNR:5
1733750202s640:#####################FRAGDECODER PROCESS

.... FRAG_DECODER in Progress ....
EXPECTED   : 052 Fragments (02028 Bytes)
RECEIVED   : 048 Fragments
             01872 Bytes
LOST       : 000 Fragments

1733750202s645:RX_C on freq 869525000 Hz at DR 0
1733750202s646:#############OPENED CONTINUOUS RX C WINDOW
1733750223s698:MAC rxNotify
1733750223s698:NOTIFY
1733750223s698:MAC rxDone
1733750223s702:RXSLOT
1733750223s702:value of rxport: 201
###### D/L FRAME:0048 | PORT:201 | DR:0 | SLOT:C_MC | RSSI:-8 | SNR:5
1733750223s702:#####################FRAGDECODER PROCESS

.... FRAG_DECODER in Progress ....
EXPECTED   : 052 Fragments (02028 Bytes)
RECEIVED   : 049 Fragments
             01911 Bytes
LOST       : 000 Fragments

1733750223s706:RX_C on freq 869525000 Hz at DR 0
1733750223s708:#############OPENED CONTINUOUS RX C WINDOW
1733750243s755:MAC rxNotify
1733750243s755:NOTIFY
1733750243s755:MAC rxDone
1733750243s758:RXSLOT
1733750243s758:value of rxport: 201
###### D/L FRAME:0049 | PORT:201 | DR:0 | SLOT:C_MC | RSSI:-7 | SNR:5
1733750243s758:#####################FRAGDECODER PROCESS

.... FRAG_DECODER in Progress ....
EXPECTED   : 052 Fragments (02028 Bytes)
RECEIVED   : 050 Fragments
             01950 Bytes
LOST       : 000 Fragments

1733750243s763:RX_C on freq 869525000 Hz at DR 0
1733750243s764:#############OPENED CONTINUOUS RX C WINDOW
1733750264s827:MAC rxNotify
1733750264s827:NOTIFY
1733750264s827:MAC rxDone
1733750264s830:RXSLOT
1733750264s830:value of rxport: 201
###### D/L FRAME:0050 | PORT:201 | DR:0 | SLOT:C_MC | RSSI:-10 | SNR:6
1733750264s830:#####################FRAGDECODER PROCESS

.... FRAG_DECODER in Progress ....
EXPECTED   : 052 Fragments (02028 Bytes)
RECEIVED   : 051 Fragments
             01989 Bytes
LOST       : 000 Fragments

1733750264s835:RX_C on freq 869525000 Hz at DR 0
1733750264s836:#############OPENED CONTINUOUS RX C WINDOW
1733750285s928:MAC rxNotify
1733750285s928:NOTIFY
1733750285s928:MAC rxDone
1733750285s931:RXSLOT
1733750285s931:value of rxport: 201
###### D/L FRAME:0051 | PORT:201 | DR:0 | SLOT:C_MC | RSSI:-8 | SNR:5
1733750285s931:#####################FRAGDECODER PROCESS

.... FRAG_DECODER in Progress ....
EXPECTED   : 052 Fragments (02028 Bytes)
RECEIVED   : 052 Fragments
             02028 Bytes
LOST       : 000 Fragments


.... FRAG_DECODER Finished ....
STATUS     : 0
1733750285s932:ALL FRAGMENTS RECEIVED

= [SBOOT] System Security Check successfully passed. Starting...


======================================================================
=              (C) COPYRIGHT 2017 STMicroelectronics                 =
=                                                                    =
=              Secure Boot and Secure Firmware Update                =
======================================================================


= [SBOOT] SECURE ENGINE INITIALIZATION SUCCESSFUL
= [SBOOT] STATE: CHECK STATUS ON RESET
	  INFO: A Reboot has been triggered by a Software reset!
= [SBOOT] STATE: CHECK NEW FIRMWARE TO DOWNLOAD
= [SBOOT] STATE: CHECK KMS BLOB TO INSTALL
= [SBOOT] STATE: CHECK USER FW STATUS
	  A FW is detected in the slot SLOT_ACTIVE_1
= [SBOOT] STATE: VERIFY USER FW SIGNATURE
= [SBOOT] STATE: EXECUTE USER FIRMWAREAPPLICATION_VERSION: V1.3.0
MW_LORAWAN_VERSION:  V2.5.0
MW_RADIO_VERSION:    V1.3.0
L2_SPEC_VERSION:     V1.0.4
RP_SPEC_VERSION:     V2-1.0.1
###### AppKey:      2B:7E:15:16:28:AE:D2:A6:AB:F7:15:88:09:CF:4F:3C
###### NwkKey:      2B:7E:15:16:28:AE:D2:A6:AB:F7:15:88:09:CF:4F:3C
###### AppSKey:     87:86:A8:56:01:1F:AB:D6:75:0D:41:CC:5A:71:FE:84
###### NwkSKey:     0E:D0:8F:51:B0:95:9A:6F:18:4F:1C:7C:1B:E2:7F:5E
###### DevEUI:      00:80:E1:15:00:0A:D5:68
###### AppEUI:      01:01:01:01:01:01:01:01
###### DevAddr:     00:0A:D5:68
###### KMS ENABLED