
###### ========== MCPS-Confirm =============
###### U/L FRAME:0007 | PORT:24 | DR:5 | PWR:1 | MSG TYPE:UNCONFIRMED

= [SBOOT] System Security Check successfully passed. Starting...


======================================================================
=              (C) COPYRIGHT 2017 STMicroelectronics                 =
=                                                                    =
=              Secure Boot and Secure Firmware Update                =
======================================================================


= [SBOOT] SECURE ENGINE INITIALIZATION SUCCESSFUL
= [SBOOT] STATE: CHECK STATUS ON RESET
	  INFO: A Reboot has been triggered by a Hardware reset!
= [SBOOT] STATE: CHECK NEW FIRMWARE TO DOWNLOAD
= [SBOOT] STATE: CHECK KMS BLOB TO INSTALL
= [SBOOT] STATE: CHECK USER FW STATUS
	  A FW is detected in the slot SLOT_ACTIVE_1
= [SBOOT] STATE: VERIFY USER FW SIGNATURE
= [SBOOT] STATE: EXECUTE USER FIRMWAREAPPLICATION_VERSION: V1.3.0
MW_LORAWAN_VERSION:  V2.5.0
MW_RADIO_VERSION:    V1.3.0
L2_SPEC_VERSION:     V1.0.4
RP_SPEC_VERSION:     V2-1.0.1
NVM DATA RESTORED
###### AppKey:      2B:7E:15:16:28:AE:D2:A6:AB:F7:15:88:09:CF:4F:3C
###### NwkKey:      2B:7E:15:16:28:AE:D2:A6:AB:F7:15:88:09:CF:4F:3C
###### AppSKey:     2B:57:19:50:75:82:13:3B:C2:72:0C:2D:30:A8:7E:FB
###### NwkSKey:     3F:79:32:81:77:04:76:14:27:7D:11:8B:5A:7A:5C:0F
###### DevEUI:      00:80:E1:15:05:AB:D0:6C
###### AppEUI:      01:01:01:01:01:01:01:01
###### DevAddr:     05:AB:D0:6C
###### KMS ENABLED

###### = JOINED = OTAA =====================
[31mNetwork joined, choose app to execute:
BTN1: TxTimer send uplink every 10 sec
BTN2: Airtime test
[0m
###### U/L FRAME:JOIN | DR:5 | PWR:1
###### MCRootKey:   7D:F7:6B:0C:1A:B8:99:B3:3E:42:F0:47:B9:1B:54:6F
###### MCKEKey:     8C:B8:66:5E:0C:0E:0B:64:5B:2E:D9:E4:8A:19:27:7C
###### AppSKey:     58:02:10:68:38:A5:73:09:8A:F3:A5:82:3E:2B:45:83
###### NwkSKey:     5B:92:2C:7E:AC:4D:78:F3:3A:4A:A6:41:F1:BA:D9:C5
###### DBIntKey:    7A:C4:7C:65:FE:25:9B:B6:54:BD:26:35:19:F8:9C:8E
###### DevEUI:      00:80:E1:15:05:AB:D0:6C
###### AppEUI:      01:01:01:01:01:01:01:01
###### DevAddr:     01:64:DE:5B
[32mStart tx timer regular[0m

###### ========== MCPS-Confirm =============
###### U/L FRAME:0001 | PORT:24 | DR:5 | PWR:1 | MSG TYPE:UNCONFIRMED
1733748560s629:value of rxport: 0
###### D/L FRAME:0000 | PORT:0 | DR:5 | SLOT:1 | RSSI:-7 | SNR:15
1733748619s522:Airtime test started: 0
1733748619s522:MAC Tx start packet size: 21
1733748619s526:TX on freq 868300000 Hz at DR 5
1733748619s526:RADIO SEND WITH size 21
1733748619s528:SEND REQUEST
1733748619s585:NOTIFY
1733748619s585:MAC txDone
1733748620s565:RX_1 on freq 868300000 Hz at DR 5
1733748620s612:IRQ_RX_TX_TIMEOUT
1733748620s612:NOTIFY
1733748620s612:MAC rxTimeOut
1733748621s616:RX_2 on freq 869525000 Hz at DR 0
1733748621s814:IRQ_RX_TX_TIMEOUT
1733748621s814:NOTIFY
1733748621s814:MAC rxTimeOut

###### ========== MCPS-Confirm =============
###### U/L FRAME:0002 | PORT:24 | DR:5 | PWR:1 | MSG TYPE:UNCONFIRMED
1733748679s528:Airtime test started: 0
1733748679s528:MAC Tx start packet size: 18
1733748679s532:TX on freq 867700000 Hz at DR 5
1733748679s532:RADIO SEND WITH size 18
1733748679s534:SEND REQUEST
1733748679s586:NOTIFY
1733748679s586:MAC txDone
1733748680s566:RX_1 on freq 867700000 Hz at DR 5
1733748680s613:IRQ_RX_TX_TIMEOUT
1733748680s613:NOTIFY
1733748680s613:MAC rxTimeOut
1733748681s617:RX_2 on freq 869525000 Hz at DR 0
1733748681s815:IRQ_RX_TX_TIMEOUT
1733748681s815:NOTIFY
1733748681s815:MAC rxTimeOut

###### ========== MCPS-Confirm =============
###### U/L FRAME:0003 | PORT:24 | DR:5 | PWR:1 | MSG TYPE:UNCONFIRMED
1733748739s534:Airtime test started: 0
1733748739s534:MAC Tx start packet size: 18
1733748739s538:TX on freq 868100000 Hz at DR 5
1733748739s538:RADIO SEND WITH size 18
1733748739s540:SEND REQUEST
1733748739s592:NOTIFY
1733748739s592:MAC txDone
1733748740s572:RX_1 on freq 868100000 Hz at DR 5
1733748740s619:IRQ_RX_TX_TIMEOUT
1733748740s619:NOTIFY
1733748740s619:MAC rxTimeOut
1733748741s623:RX_2 on freq 869525000 Hz at DR 0
1733748741s821:IRQ_RX_TX_TIMEOUT
1733748741s821:NOTIFY
1733748741s821:MAC rxTimeOut

###### ========== MCPS-Confirm =============
###### U/L FRAME:0004 | PORT:24 | DR:5 | PWR:1 | MSG TYPE:UNCONFIRMED
1733748799s540:Airtime test started: 0
1733748799s540:MAC Tx start packet size: 18
1733748799s544:TX on freq 867500000 Hz at DR 5
1733748799s544:RADIO SEND WITH size 18
1733748799s546:SEND REQUEST
1733748799s598:NOTIFY
1733748799s598:MAC txDone
1733748800s578:RX_1 on freq 867500000 Hz at DR 5
1733748800s625:IRQ_RX_TX_TIMEOUT
1733748800s625:NOTIFY
1733748800s625:MAC rxTimeOut
1733748801s629:RX_2 on freq 869525000 Hz at DR 0
1733748801s827:IRQ_RX_TX_TIMEOUT
1733748801s827:NOTIFY
1733748801s827:MAC rxTimeOut

###### ========== MCPS-Confirm =============
###### U/L FRAME:0005 | PORT:24 | DR:5 | PWR:1 | MSG TYPE:UNCONFIRMED
1733748859s546:Airtime test started: 0
1733748859s546:MAC Tx start packet size: 18
1733748859s550:TX on freq 867700000 Hz at DR 5
1733748859s550:RADIO SEND WITH size 18
1733748859s552:SEND REQUEST
1733748859s604:NOTIFY
1733748859s604:MAC txDone
1733748860s585:RX_1 on freq 867700000 Hz at DR 5
1733748860s691:MAC rxNotify
1733748860s691:NOTIFY
1733748860s691:MAC rxDone

###### ========== MCPS-Confirm =============
###### U/L FRAME:0006 | PORT:24 | DR:5 | PWR:1 | MSG TYPE:UNCONFIRMED
1733748860s694:value of rxport: 200
1733748860s694:MULTICAST CLASS C SETUP 2
###### D/L FRAME:0001 | PORT:200 | DR:5 | SLOT:1 | RSSI:-7 | SNR:16
1733748860s704:MAC Tx start packet size: 15
1733748860s708:TX on freq 868500000 Hz at DR 5
1733748860s709:RADIO SEND WITH size 15
ID          : 0
McAddr      : 0038F3B0
McKey       : 91-7B-A1-8B-EF-C3-61-FB-4B-64-43-B6-A0-6F-9F-62
McFCountMin : 0
McFCountMax : 4294967295
SessionTime : 0
SessionTimeT: 1 s
Rx Freq     : 0
Rx DR       : DR_0
1733748860s757:NOTIFY
1733748860s757:MAC txDone
1733748861s737:RX_1 on freq 868500000 Hz at DR 5
1733748861s784:IRQ_RX_TX_TIMEOUT
1733748861s784:NOTIFY
1733748861s784:MAC rxTimeOut
1733748862s788:RX_2 on freq 869525000 Hz at DR 0
1733748862s986:IRQ_RX_TX_TIMEOUT
1733748862s986:NOTIFY
1733748862s986:MAC rxTimeOut

###### ========== MCPS-Confirm =============
###### U/L FRAME:0007 | PORT:200 | DR:5 | PWR:1 | MSG TYPE:UNCONFIRMED
1733748919s552:Airtime test started: 0
1733748919s552:MAC Tx start packet size: 18
1733748919s556:TX on freq 867300000 Hz at DR 5
1733748919s556:RADIO SEND WITH size 18
1733748919s558:SEND REQUEST
1733748919s609:NOTIFY
1733748919s609:MAC txDone
1733748920s590:RX_1 on freq 867300000 Hz at DR 5
1733748920s672:MAC rxNotify
1733748920s672:NOTIFY
1733748920s672:MAC rxDone

###### ========== MCPS-Confirm =============
###### U/L FRAME:0008 | PORT:24 | DR:5 | PWR:1 | MSG TYPE:UNCONFIRMED
1733748920s674:value of rxport: 201
###### D/L FRAME:0002 | PORT:201 | DR:5 | SLOT:1 | RSSI:-7 | SNR:15
1733748920s675:#####################FRAGDECODER INIT
1733748924s557:MAC Tx start packet size: 15
1733748924s561:TX on freq 868300000 Hz at DR 5
1733748924s561:RADIO SEND WITH size 15
1733748924s608:NOTIFY
1733748924s609:MAC txDone
1733748925s589:RX_1 on freq 868300000 Hz at DR 5
1733748925s671:MAC rxNotify
1733748925s671:NOTIFY
1733748925s672:MAC rxDone

###### ========== MCPS-Confirm =============
###### U/L FRAME:0009 | PORT:201 | DR:5 | PWR:1 | MSG TYPE:UNCONFIRMED
1733748925s674:value of rxport: 200
1733748925s675:MULTICAST CLASS C SETUP 4
###### D/L FRAME:0003 | PORT:200 | DR:5 | SLOT:1 | RSSI:-7 | SNR:14
Time2SessionStart: 299000 ms
1733748925s675:MAC Tx start packet size: 18
1733748925s679:TX on freq 868500000 Hz at DR 5
1733748925s680:RADIO SEND WITH size 18
ID          : 0
McAddr      : 0038F3B0
McKey       : 91-7B-A1-8B-EF-C3-61-FB-4B-64-43-B6-A0-6F-9F-62
McFCountMin : 0
McFCountMax : 4294967295
SessionTime : 1733749224
SessionTimeT: 2048 s
Rx Freq     : 869525000
Rx DR       : DR_0
1733748925s732:NOTIFY
1733748925s732:MAC txDone
1733748926s713:RX_1 on freq 868500000 Hz at DR 5
1733748926s760:IRQ_RX_TX_TIMEOUT
1733748926s760:NOTIFY
1733748926s760:MAC rxTimeOut
1733748927s764:RX_2 on freq 869525000 Hz at DR 0
1733748927s962:IRQ_RX_TX_TIMEOUT
1733748927s962:NOTIFY
1733748927s962:MAC rxTimeOut

###### ========== MCPS-Confirm =============
###### U/L FRAME:0010 | PORT:200 | DR:5 | PWR:1 | MSG TYPE:UNCONFIRMED
1733749224s675:[SWITCHCLASS class C]
1733749224s689:RX_C on freq 869525000 Hz at DR 0
1733749224s691:#############OPENED CONTINUOUS RX C WINDOW
Switch to Class C done
1733749228s793:MAC rxNotify
1733749228s793:NOTIFY
1733749228s793:MAC rxDone
1733749228s796:RXSLOT
1733749228s796:value of rxport: 201
###### D/L FRAME:0000 | PORT:201 | DR:0 | SLOT:C_MC | RSSI:-8 | SNR:5
1733749228s796:#####################FRAGDECODER PROCESS

.... FRAG_DECODER in Progress ....
EXPECTED   : 052 Fragments (02028 Bytes)
RECEIVED   : 001 Fragments
             00039 Bytes
LOST       : 000 Fragments

1733749228s800:RX_C on freq 869525000 Hz at DR 0
1733749228s802:#############OPENED CONTINUOUS RX C WINDOW
1733749243s458:MAC rxNotify
1733749243s458:NOTIFY
1733749243s458:MAC rxDone
1733749243s460:RXSLOT
1733749243s463:RX_C on freq 869525000 Hz at DR 0
1733749243s465:#############OPENED CONTINUOUS RX C WINDOW
1733749249s841:MAC rxNotify
1733749249s841:NOTIFY
1733749249s841:MAC rxDone
1733749249s844:RXSLOT
1733749249s844:value of rxport: 201
###### D/L FRAME:0001 | PORT:201 | DR:0 | SLOT:C_MC | RSSI:-8 | SNR:5
1733749249s844:#####################FRAGDECODER PROCESS

.... FRAG_DECODER in Progress ....
EXPECTED   : 052 Fragments (02028 Bytes)
RECEIVED   : 002 Fragments
             00078 Bytes
LOST       : 000 Fragments

1733749249s849:RX_C on freq 869525000 Hz at DR 0
1733749249s850:#############OPENED CONTINUOUS RX C WINDOW
1733749269s889:MAC rxNotify
1733749269s889:NOTIFY
1733749269s889:MAC rxDone
1733749269s892:RXSLOT
1733749269s892:value of rxport: 201
###### D/L FRAME:0002 | PORT:201 | DR:0 | SLOT:C_MC | RSSI:-7 | SNR:5
1733749269s892:#####################FRAGDECODER PROCESS

.... FRAG_DECODER in Progress ....
EXPECTED   : 052 Fragments (02028 Bytes)
RECEIVED   : 003 Fragments
             00117 Bytes
LOST       : 000 Fragments

1733749269s896:RX_C on freq 869525000 Hz at DR 0
1733749269s897:#############OPENED CONTINUOUS RX C WINDOW
1733749290s954:MAC rxNotify
1733749290s954:NOTIFY
1733749290s954:MAC rxDone
1733749290s957:RXSLOT
1733749290s957:value of rxport: 201
###### D/L FRAME:0003 | PORT:201 | DR:0 | SLOT:C_MC | RSSI:-9 | SNR:5
1733749290s957:#####################FRAGDECODER PROCESS

.... FRAG_DECODER in Progress ....
EXPECTED   : 052 Fragments (02028 Bytes)
RECEIVED   : 004 Fragments
             00156 Bytes
LOST       : 000 Fragments

1733749290s962:RX_C on freq 869525000 Hz at DR 0
1733749290s963:#############OPENED CONTINUOUS RX C WINDOW
1733749312s090:MAC rxNotify
1733749312s090:NOTIFY
1733749312s090:MAC rxDone
1733749312s093:RXSLOT
1733749312s093:value of rxport: 201
###### D/L FRAME:0004 | PORT:201 | DR:0 | SLOT:C_MC | RSSI:-8 | SNR:5
1733749312s093:#####################FRAGDECODER PROCESS

.... FRAG_DECODER in Progress ....
EXPECTED   : 052 Fragments (02028 Bytes)
RECEIVED   : 005 Fragments
             00195 Bytes
LOST       : 000 Fragments

1733749312s098:RX_C on freq 869525000 Hz at DR 0
1733749312s099:#############OPENED CONTINUOUS RX C WINDOW
1733749332s145:MAC rxNotify
1733749332s145:NOTIFY
1733749332s145:MAC rxDone
1733749332s148:RXSLOT
1733749332s148:value of rxport: 201
###### D/L FRAME:0005 | PORT:201 | DR:0 | SLOT:C_MC | RSSI:-9 | SNR:5
1733749332s148:#####################FRAGDECODER PROCESS

.... FRAG_DECODER in Progress ....
EXPECTED   : 052 Fragments (02028 Bytes)
RECEIVED   : 006 Fragments
             00234 Bytes
LOST       : 000 Fragments

1733749332s153:RX_C on freq 869525000 Hz at DR 0
1733749332s154:#############OPENED CONTINUOUS RX C WINDOW
1733749353s197:MAC rxNotify
1733749353s198:NOTIFY
1733749353s198:MAC rxDone
1733749353s201:RXSLOT
1733749353s201:value of rxport: 201
###### D/L FRAME:0006 | PORT:201 | DR:0 | SLOT:C_MC | RSSI:-10 | SNR:5
1733749353s201:#####################FRAGDECODER PROCESS

.... FRAG_DECODER in Progress ....
EXPECTED   : 052 Fragments (02028 Bytes)
RECEIVED   : 007 Fragments
             00273 Bytes
LOST       : 000 Fragments

1733749353s206:RX_C on freq 869525000 Hz at DR 0
1733749353s207:#############OPENED CONTINUOUS RX C WINDOW
1733749374s267:MAC rxNotify
1733749374s267:NOTIFY
1733749374s267:MAC rxDone
1733749374s270:RXSLOT
1733749374s270:value of rxport: 201
###### D/L FRAME:0007 | PORT:201 | DR:0 | SLOT:C_MC | RSSI:-9 | SNR:5
1733749374s270:#####################FRAGDECODER PROCESS

.... FRAG_DECODER in Progress ....
EXPECTED   : 052 Fragments (02028 Bytes)
RECEIVED   : 008 Fragments
             00312 Bytes
LOST       : 000 Fragments

1733749374s274:RX_C on freq 869525000 Hz at DR 0
1733749374s275:#############OPENED CONTINUOUS RX C WINDOW
1733749394s426:MAC rxNotify
1733749394s427:NOTIFY
1733749394s427:MAC rxDone
1733749394s430:RXSLOT
1733749394s430:value of rxport: 201
###### D/L FRAME:0008 | PORT:201 | DR:0 | SLOT:C_MC | RSSI:-4 | SNR:6
1733749394s430:#####################FRAGDECODER PROCESS

.... FRAG_DECODER in Progress ....
EXPECTED   : 052 Fragments (02028 Bytes)
RECEIVED   : 009 Fragments
             00351 Bytes
LOST       : 000 Fragments

1733749394s435:RX_C on freq 869525000 Hz at DR 0
1733749394s436:#############OPENED CONTINUOUS RX C WINDOW
1733749399s465:MAC rxNotify
1733749399s465:NOTIFY
1733749399s465:MAC rxDone
1733749399s467:RXSLOT
1733749399s470:RX_C on freq 869525000 Hz at DR 0
1733749399s472:#############OPENED CONTINUOUS RX C WINDOW
1733749415s480:MAC rxNotify
1733749415s480:NOTIFY
1733749415s480:MAC rxDone
1733749415s483:RXSLOT
1733749415s483:value of rxport: 201
###### D/L FRAME:0009 | PORT:201 | DR:0 | SLOT:C_MC | RSSI:-6 | SNR:5
1733749415s483:#####################FRAGDECODER PROCESS

.... FRAG_DECODER in Progress ....
EXPECTED   : 052 Fragments (02028 Bytes)
RECEIVED   : 010 Fragments
             00390 Bytes
LOST       : 000 Fragments

1733749415s488:RX_C on freq 869525000 Hz at DR 0
1733749415s489:#############OPENED CONTINUOUS RX C WINDOW
1733749436s540:MAC rxNotify
1733749436s540:NOTIFY
1733749436s540:MAC rxDone
1733749436s543:RXSLOT
1733749436s543:value of rxport: 201
###### D/L FRAME:0010 | PORT:201 | DR:0 | SLOT:C_MC | RSSI:-5 | SNR:6
1733749436s543:#####################FRAGDECODER PROCESS

.... FRAG_DECODER in Progress ....
EXPECTED   : 052 Fragments (02028 Bytes)
RECEIVED   : 011 Fragments
             00429 Bytes
LOST       : 000 Fragments

1733749436s548:RX_C on freq 869525000 Hz at DR 0
1733749436s549:#############OPENED CONTINUOUS RX C WINDOW
1733749456s603:MAC rxNotify
1733749456s603:NOTIFY
1733749456s603:MAC rxDone
1733749456s605:RXSLOT
1733749456s605:value of rxport: 201
###### D/L FRAME:0011 | PORT:201 | DR:0 | SLOT:C_MC | RSSI:-5 | SNR:5
1733749456s605:#####################FRAGDECODER PROCESS

.... FRAG_DECODER in Progress ....
EXPECTED   : 052 Fragments (02028 Bytes)
RECEIVED   : 012 Fragments
             00468 Bytes
LOST       : 000 Fragments

1733749456s610:RX_C on freq 869525000 Hz at DR 0
1733749456s611:#############OPENED CONTINUOUS RX C WINDOW
1733749477s756:MAC rxNotify
1733749477s756:NOTIFY
1733749477s756:MAC rxDone
1733749477s759:RXSLOT
1733749477s759:value of rxport: 201
###### D/L FRAME:0012 | PORT:201 | DR:0 | SLOT:C_MC | RSSI:-5 | SNR:5
1733749477s759:#####################FRAGDECODER PROCESS

.... FRAG_DECODER in Progress ....
EXPECTED   : 052 Fragments (02028 Bytes)
RECEIVED   : 013 Fragments
             00507 Bytes
LOST       : 000 Fragments

1733749477s763:RX_C on freq 869525000 Hz at DR 0
1733749477s765:#############OPENED CONTINUOUS RX C WINDOW
1733749497s831:MAC rxNotify
1733749497s831:NOTIFY
1733749497s831:MAC rxDone
1733749497s835:RXSLOT
1733749497s835:value of rxport: 201
###### D/L FRAME:0013 | PORT:201 | DR:0 | SLOT:C_MC | RSSI:-4 | SNR:5
1733749497s835:#####################FRAGDECODER PROCESS

.... FRAG_DECODER in Progress ....
EXPECTED   : 052 Fragments (02028 Bytes)
RECEIVED   : 014 Fragments
             00546 Bytes
LOST       : 000 Fragments

1733749497s840:RX_C on freq 869525000 Hz at DR 0
1733749497s841:#############OPENED CONTINUOUS RX C WINDOW
1733749518s880:MAC rxNotify
1733749518s880:NOTIFY
1733749518s880:MAC rxDone
1733749518s883:RXSLOT
1733749518s883:value of rxport: 201
###### D/L FRAME:0014 | PORT:201 | DR:0 | SLOT:C_MC | RSSI:-5 | SNR:5
1733749518s883:#####################FRAGDECODER PROCESS

.... FRAG_DECODER in Progress ....
EXPECTED   : 052 Fragments (02028 Bytes)
RECEIVED   : 015 Fragments
             00585 Bytes
LOST       : 000 Fragments

1733749518s887:RX_C on freq 869525000 Hz at DR 0
1733749518s889:#############OPENED CONTINUOUS RX C WINDOW
1733749539s946:MAC rxNotify
1733749539s946:NOTIFY
1733749539s946:MAC rxDone
1733749539s949:RXSLOT
1733749539s949:value of rxport: 201
###### D/L FRAME:0015 | PORT:201 | DR:0 | SLOT:C_MC | RSSI:-5 | SNR:5
1733749539s949:#####################FRAGDECODER PROCESS

.... FRAG_DECODER in Progress ....
EXPECTED   : 052 Fragments (02028 Bytes)
RECEIVED   : 016 Fragments
             00624 Bytes
LOST       : 000 Fragments

1733749539s953:RX_C on freq 869525000 Hz at DR 0
1733749539s955:#############OPENED CONTINUOUS RX C WINDOW
1733749560s090:MAC rxNotify
1733749560s090:NOTIFY
1733749560s090:MAC rxDone
1733749560s093:RXSLOT
1733749560s093:value of rxport: 201
###### D/L FRAME:0016 | PORT:201 | DR:0 | SLOT:C_MC | RSSI:-6 | SNR:5
1733749560s093:#####################FRAGDECODER PROCESS

.... FRAG_DECODER in Progress ....
EXPECTED   : 052 Fragments (02028 Bytes)
RECEIVED   : 017 Fragments
             00663 Bytes
LOST       : 000 Fragments

1733749560s098:RX_C on freq 869525000 Hz at DR 0
1733749560s099:#############OPENED CONTINUOUS RX C WINDOW
1733749581s187:MAC rxNotify
1733749581s187:NOTIFY
1733749581s187:MAC rxDone
1733749581s190:RXSLOT
1733749581s190:value of rxport: 201
###### D/L FRAME:0017 | PORT:201 | DR:0 | SLOT:C_MC | RSSI:-5 | SNR:5
1733749581s190:#####################FRAGDECODER PROCESS

.... FRAG_DECODER in Progress ....
EXPECTED   : 052 Fragments (02028 Bytes)
RECEIVED   : 018 Fragments
             00702 Bytes
LOST       : 000 Fragments

1733749581s195:RX_C on freq 869525000 Hz at DR 0
1733749581s196:#############OPENED CONTINUOUS RX C WINDOW
1733749602s237:MAC rxNotify
1733749602s237:NOTIFY
1733749602s237:MAC rxDone
1733749602s240:RXSLOT
1733749602s240:value of rxport: 201
###### D/L FRAME:0018 | PORT:201 | DR:0 | SLOT:C_MC | RSSI:-5 | SNR:5
1733749602s240:#####################FRAGDECODER PROCESS

.... FRAG_DECODER in Progress ....
EXPECTED   : 052 Fragments (02028 Bytes)
RECEIVED   : 019 Fragments
             00741 Bytes
LOST       : 000 Fragments

1733749602s245:RX_C on freq 869525000 Hz at DR 0
1733749602s246:#############OPENED CONTINUOUS RX C WINDOW
1733749622s288:MAC rxNotify
1733749622s288:NOTIFY
1733749622s288:MAC rxDone
1733749622s291:RXSLOT
1733749622s291:value of rxport: 201
###### D/L FRAME:0019 | PORT:201 | DR:0 | SLOT:C_MC | RSSI:-4 | SNR:5
1733749622s291:#####################FRAGDECODER PROCESS

.... FRAG_DECODER in Progress ....
EXPECTED   : 052 Fragments (02028 Bytes)
RECEIVED   : 020 Fragments
             00780 Bytes
LOST       : 000 Fragments

1733749622s296:RX_C on freq 869525000 Hz at DR 0
1733749622s297:#############OPENED CONTINUOUS RX C WINDOW
1733749643s359:MAC rxNotify
1733749643s359:NOTIFY
1733749643s359:MAC rxDone
1733749643s362:RXSLOT
1733749643s362:value of rxport: 201
###### D/L FRAME:0020 | PORT:201 | DR:0 | SLOT:C_MC | RSSI:-4 | SNR:5
1733749643s362:#####################FRAGDECODER PROCESS

.... FRAG_DECODER in Progress ....
EXPECTED   : 052 Fragments (02028 Bytes)
RECEIVED   : 021 Fragments
             00819 Bytes
LOST       : 000 Fragments

1733749643s367:RX_C on freq 869525000 Hz at DR 0
1733749643s368:#############OPENED CONTINUOUS RX C WINDOW
1733749663s498:MAC rxNotify
1733749663s498:NOTIFY
1733749663s498:MAC rxDone
1733749663s501:RXSLOT
1733749663s501:value of rxport: 201
###### D/L FRAME:0021 | PORT:201 | DR:0 | SLOT:C_MC | RSSI:-5 | SNR:5
1733749663s501:#####################FRAGDECODER PROCESS

.... FRAG_DECODER in Progress ....
EXPECTED   : 052 Fragments (02028 Bytes)
RECEIVED   : 022 Fragments
             00858 Bytes
LOST       : 000 Fragments

1733749663s506:RX_C on freq 869525000 Hz at DR 0
1733749663s507:#############OPENED CONTINUOUS RX C WINDOW
1733749684s562:MAC rxNotify
1733749684s562:NOTIFY
1733749684s562:MAC rxDone
1733749684s564:RXSLOT
1733749684s564:value of rxport: 201
###### D/L FRAME:0022 | PORT:201 | DR:0 | SLOT:C_MC | RSSI:-5 | SNR:5
1733749684s564:#####################FRAGDECODER PROCESS

.... FRAG_DECODER in Progress ....
EXPECTED   : 052 Fragments (02028 Bytes)
RECEIVED   : 023 Fragments
             00897 Bytes
LOST       : 000 Fragments

1733749684s569:RX_C on freq 869525000 Hz at DR 0
1733749684s570:#############OPENED CONTINUOUS RX C WINDOW
1733749688s941:MAC rxNotify
1733749688s941:NOTIFY
1733749688s941:MAC rxDone
1733749688s943:RXSLOT
1733749688s946:RX_C on freq 869525000 Hz at DR 0
1733749688s948:#############OPENED CONTINUOUS RX C WINDOW
1733749705s603:MAC rxNotify
1733749705s604:NOTIFY
1733749705s604:MAC rxDone
1733749705s606:RXSLOT
1733749705s606:value of rxport: 201
###### D/L FRAME:0023 | PORT:201 | DR:0 | SLOT:C_MC | RSSI:-5 | SNR:5
1733749705s606:#####################FRAGDECODER PROCESS

.... FRAG_DECODER in Progress ....
EXPECTED   : 052 Fragments (02028 Bytes)
RECEIVED   : 024 Fragments
             00936 Bytes
LOST       : 000 Fragments

1733749705s611:RX_C on freq 869525000 Hz at DR 0
1733749705s612:#############OPENED CONTINUOUS RX C WINDOW
1733749725s667:MAC rxNotify
1733749725s668:NOTIFY
1733749725s668:MAC rxDone
1733749725s671:RXSLOT
1733749725s671:value of rxport: 201
###### D/L FRAME:0024 | PORT:201 | DR:0 | SLOT:C_MC | RSSI:-6 | SNR:6
1733749725s671:#####################FRAGDECODER PROCESS

.... FRAG_DECODER in Progress ....
EXPECTED   : 052 Fragments (02028 Bytes)
RECEIVED   : 025 Fragments
             00975 Bytes
LOST       : 000 Fragments

1733749725s676:RX_C on freq 869525000 Hz at DR 0
1733749725s677:#############OPENED CONTINUOUS RX C WINDOW
1733749746s825:MAC rxNotify
1733749746s825:NOTIFY
1733749746s825:MAC rxDone
1733749746s828:RXSLOT
1733749746s828:value of rxport: 201
###### D/L FRAME:0025 | PORT:201 | DR:0 | SLOT:C_MC | RSSI:-5 | SNR:5
1733749746s828:#####################FRAGDECODER PROCESS

.... FRAG_DECODER in Progress ....
EXPECTED   : 052 Fragments (02028 Bytes)
RECEIVED   : 026 Fragments
             01014 Bytes
LOST       : 000 Fragments

1733749746s833:RX_C on freq 869525000 Hz at DR 0
1733749746s834:#############OPENED CONTINUOUS RX C WINDOW
1733749767s883:MAC rxNotify
1733749767s883:NOTIFY
1733749767s883:MAC rxDone
1733749767s887:RXSLOT
1733749767s887:value of rxport: 201
###### D/L FRAME:0026 | PORT:201 | DR:0 | SLOT:C_MC | RSSI:-5 | SNR:5
1733749767s887:#####################FRAGDECODER PROCESS

.... FRAG_DECODER in Progress ....
EXPECTED   : 052 Fragments (02028 Bytes)
RECEIVED   : 027 Fragments
             01053 Bytes
LOST       : 000 Fragments

1733749767s892:RX_C on freq 869525000 Hz at DR 0
1733749767s893:#############OPENED CONTINUOUS RX C WINDOW
1733749787s936:MAC rxNotify
1733749787s936:NOTIFY
1733749787s937:MAC rxDone
1733749787s939:RXSLOT
1733749787s939:value of rxport: 201
###### D/L FRAME:0027 | PORT:201 | DR:0 | SLOT:C_MC | RSSI:-6 | SNR:5
1733749787s939:#####################FRAGDECODER PROCESS

.... FRAG_DECODER in Progress ....
EXPECTED   : 052 Fragments (02028 Bytes)
RECEIVED   : 028 Fragments
             01092 Bytes
LOST       : 000 Fragments

1733749787s944:RX_C on freq 869525000 Hz at DR 0
1733749787s945:#############OPENED CONTINUOUS RX C WINDOW
1733749809s004:MAC rxNotify
1733749809s004:NOTIFY
1733749809s004:MAC rxDone
1733749809s007:RXSLOT
1733749809s007:value of rxport: 201
###### D/L FRAME:0028 | PORT:201 | DR:0 | SLOT:C_MC | RSSI:-5 | SNR:6
1733749809s007:#####################FRAGDECODER PROCESS

.... FRAG_DECODER in Progress ....
EXPECTED   : 052 Fragments (02028 Bytes)
RECEIVED   : 029 Fragments
             01131 Bytes
LOST       : 000 Fragments

1733749809s012:RX_C on freq 869525000 Hz at DR 0
1733749809s013:#############OPENED CONTINUOUS RX C WINDOW
1733749830s124:MAC rxNotify
1733749830s124:NOTIFY
1733749830s124:MAC rxDone
1733749830s127:RXSLOT
1733749830s127:value of rxport: 201
###### D/L FRAME:0029 | PORT:201 | DR:0 | SLOT:C_MC | RSSI:-5 | SNR:5
1733749830s127:#####################FRAGDECODER PROCESS

.... FRAG_DECODER in Progress ....
EXPECTED   : 052 Fragments (02028 Bytes)
RECEIVED   : 030 Fragments
             01170 Bytes
LOST       : 000 Fragments

1733749830s131:RX_C on freq 869525000 Hz at DR 0
1733749830s133:#############OPENED CONTINUOUS RX C WINDOW
1733749850s198:MAC rxNotify
1733749850s198:NOTIFY
1733749850s198:MAC rxDone
1733749850s201:RXSLOT
1733749850s201:value of rxport: 201
###### D/L FRAME:0030 | PORT:201 | DR:0 | SLOT:C_MC | RSSI:-5 | SNR:5
1733749850s201:#####################FRAGDECODER PROCESS

.... FRAG_DECODER in Progress ....
EXPECTED   : 052 Fragments (02028 Bytes)
RECEIVED   : 031 Fragments
             01209 Bytes
LOST       : 000 Fragments

1733749850s206:RX_C on freq 869525000 Hz at DR 0
1733749850s207:#############OPENED CONTINUOUS RX C WINDOW
1733749866s545:MAC rxNotify
1733749866s545:NOTIFY
1733749866s545:MAC rxDone
1733749866s547:RXSLOT
1733749866s550:RX_C on freq 869525000 Hz at DR 0
1733749866s552:#############OPENED CONTINUOUS RX C WINDOW
1733749871s261:MAC rxNotify
1733749871s261:NOTIFY
1733749871s261:MAC rxDone
1733749871s264:RXSLOT
1733749871s264:value of rxport: 201
###### D/L FRAME:0031 | PORT:201 | DR:0 | SLOT:C_MC | RSSI:-7 | SNR:5
1733749871s264:#####################FRAGDECODER PROCESS

.... FRAG_DECODER in Progress ....
EXPECTED   : 052 Fragments (02028 Bytes)
RECEIVED   : 032 Fragments
             01248 Bytes
LOST       : 000 Fragments

1733749871s269:RX_C on freq 869525000 Hz at DR 0
1733749871s270:#############OPENED CONTINUOUS RX C WINDOW
1733749892s323:MAC rxNotify
1733749892s323:NOTIFY
1733749892s323:MAC rxDone
1733749892s326:RXSLOT
1733749892s326:value of rxport: 201
###### D/L FRAME:0032 | PORT:201 | DR:0 | SLOT:C_MC | RSSI:-5 | SNR:5
1733749892s326:#####################FRAGDECODER PROCESS

.... FRAG_DECODER in Progress ....
EXPECTED   : 052 Fragments (02028 Bytes)
RECEIVED   : 033 Fragments
             01287 Bytes
LOST       : 000 Fragments

1733749892s330:RX_C on freq 869525000 Hz at DR 0
1733749892s332:#############OPENED CONTINUOUS RX C WINDOW
1733749912s438:MAC rxNotify
1733749912s438:NOTIFY
1733749912s438:MAC rxDone
1733749912s441:RXSLOT
1733749912s441:value of rxport: 201
###### D/L FRAME:0033 | PORT:201 | DR:0 | SLOT:C_MC | RSSI:-5 | SNR:5
1733749912s441:#####################FRAGDECODER PROCESS

.... FRAG_DECODER in Progress ....
EXPECTED   : 052 Fragments (02028 Bytes)
RECEIVED   : 034 Fragments
             01326 Bytes
LOST       : 000 Fragments

1733749912s446:RX_C on freq 869525000 Hz at DR 0
1733749912s447:#############OPENED CONTINUOUS RX C WINDOW
1733749933s537:MAC rxNotify
1733749933s537:NOTIFY
1733749933s537:MAC rxDone
1733749933s540:RXSLOT
1733749933s540:value of rxport: 201
###### D/L FRAME:0034 | PORT:201 | DR:0 | SLOT:C_MC | RSSI:-5 | SNR:5
1733749933s540:#####################FRAGDECODER PROCESS

.... FRAG_DECODER in Progress ....
EXPECTED   : 052 Fragments (02028 Bytes)
RECEIVED   : 035 Fragments
             01365 Bytes
LOST       : 000 Fragments

1733749933s545:RX_C on freq 869525000 Hz at DR 0
1733749933s546:#############OPENED CONTINUOUS RX C WINDOW
1733749953s589:MAC rxNotify
1733749953s589:NOTIFY
1733749953s589:MAC rxDone
1733749953s592:RXSLOT
1733749953s592:value of rxport: 201
###### D/L FRAME:0035 | PORT:201 | DR:0 | SLOT:C_MC | RSSI:-5 | SNR:5
1733749953s592:#####################FRAGDECODER PROCESS

.... FRAG_DECODER in Progress ....
EXPECTED   : 052 Fragments (02028 Bytes)
RECEIVED   : 036 Fragments
             01404 Bytes
LOST       : 000 Fragments

1733749953s597:RX_C on freq 869525000 Hz at DR 0
1733749953s598:#############OPENED CONTINUOUS RX C WINDOW
1733749974s654:MAC rxNotify
1733749974s654:NOTIFY
1733749974s654:MAC rxDone
1733749974s657:RXSLOT
1733749974s657:value of rxport: 201
###### D/L FRAME:0036 | PORT:201 | DR:0 | SLOT:C_MC | RSSI:-5 | SNR:5
1733749974s657:#####################FRAGDECODER PROCESS

.... FRAG_DECODER in Progress ....
EXPECTED   : 052 Fragments (02028 Bytes)
RECEIVED   : 037 Fragments
             01443 Bytes
LOST       : 000 Fragments

1733749974s662:RX_C on freq 869525000 Hz at DR 0
1733749974s663:#############OPENED CONTINUOUS RX C WINDOW
1733749995s741:MAC rxNotify
1733749995s741:NOTIFY
1733749995s741:MAC rxDone
1733749995s744:RXSLOT
1733749995s744:value of rxport: 201
###### D/L FRAME:0037 | PORT:201 | DR:0 | SLOT:C_MC | RSSI:-6 | SNR:6
1733749995s744:#####################FRAGDECODER PROCESS

.... FRAG_DECODER in Progress ....
EXPECTED   : 052 Fragments (02028 Bytes)
RECEIVED   : 038 Fragments
             01482 Bytes
LOST       : 000 Fragments

1733749995s749:RX_C on freq 869525000 Hz at DR 0
1733749995s750:#############OPENED CONTINUOUS RX C WINDOW
1733750015s868:MAC rxNotify
1733750015s868:NOTIFY
1733750015s868:MAC rxDone
1733750015s871:RXSLOT
1733750015s871:value of rxport: 201
###### D/L FRAME:0038 | PORT:201 | DR:0 | SLOT:C_MC | RSSI:-7 | SNR:5
1733750015s871:#####################FRAGDECODER PROCESS

.... FRAG_DECODER in Progress ....
EXPECTED   : 052 Fragments (02028 Bytes)
RECEIVED   : 039 Fragments
             01521 Bytes
LOST       : 000 Fragments

1733750015s876:RX_C on freq 869525000 Hz at DR 0
1733750015s877:#############OPENED CONTINUOUS RX C WINDOW
1733750036s943:MAC rxNotify
1733750036s943:NOTIFY
1733750036s943:MAC rxDone
1733750036s946:RXSLOT
1733750036s946:value of rxport: 201
###### D/L FRAME:0039 | PORT:201 | DR:0 | SLOT:C_MC | RSSI:-6 | SNR:5
1733750036s946:#####################FRAGDECODER PROCESS

.... FRAG_DECODER in Progress ....
EXPECTED   : 052 Fragments (02028 Bytes)
RECEIVED   : 040 Fragments
             01560 Bytes
LOST       : 000 Fragments

1733750036s951:RX_C on freq 869525000 Hz at DR 0
1733750036s952:#############OPENED CONTINUOUS RX C WINDOW
1733750057s997:MAC rxNotify
1733750057s997:NOTIFY
1733750057s997:MAC rxDone
1733750058s000:RXSLOT
1733750058s000:value of rxport: 201
###### D/L FRAME:0040 | PORT:201 | DR:0 | SLOT:C_MC | RSSI:-6 | SNR:5
1733750058s000:#####################FRAGDECODER PROCESS

.... FRAG_DECODER in Progress ....
EXPECTED   : 052 Fragments (02028 Bytes)
RECEIVED   : 041 Fragments
             01599 Bytes
LOST       : 000 Fragments

1733750058s005:RX_C on freq 869525000 Hz at DR 0
1733750058s006:#############OPENED CONTINUOUS RX C WINDOW
1733750078s062:MAC rxNotify
1733750078s062:NOTIFY
1733750078s062:MAC rxDone
1733750078s065:RXSLOT
1733750078s065:value of rxport: 201
###### D/L FRAME:0041 | PORT:201 | DR:0 | SLOT:C_MC | RSSI:-6 | SNR:5
1733750078s065:#####################FRAGDECODER PROCESS

.... FRAG_DECODER in Progress ....
EXPECTED   : 052 Fragments (02028 Bytes)
RECEIVED   : 042 Fragments
             01638 Bytes
LOST       : 000 Fragments

1733750078s070:RX_C on freq 869525000 Hz at DR 0
1733750078s071:#############OPENED CONTINUOUS RX C WINDOW
1733750099s147:MAC rxNotify
1733750099s147:NOTIFY
1733750099s147:MAC rxDone
1733750099s150:RXSLOT
1733750099s150:value of rxport: 201
###### D/L FRAME:0042 | PORT:201 | DR:0 | SLOT:C_MC | RSSI:-6 | SNR:5
1733750099s150:#####################FRAGDECODER PROCESS

.... FRAG_DECODER in Progress ....
EXPECTED   : 052 Fragments (02028 Bytes)
RECEIVED   : 043 Fragments
             01677 Bytes
LOST       : 000 Fragments

1733750099s155:RX_C on freq 869525000 Hz at DR 0
1733750099s156:#############OPENED CONTINUOUS RX C WINDOW
1733750119s241:MAC rxNotify
1733750119s241:NOTIFY
1733750119s241:MAC rxDone
1733750119s244:RXSLOT
1733750119s244:value of rxport: 201
###### D/L FRAME:0043 | PORT:201 | DR:0 | SLOT:C_MC | RSSI:-6 | SNR:5
1733750119s244:#####################FRAGDECODER PROCESS

.... FRAG_DECODER in Progress ....
EXPECTED   : 052 Fragments (02028 Bytes)
RECEIVED   : 044 Fragments
             01716 Bytes
LOST       : 000 Fragments

1733750119s249:RX_C on freq 869525000 Hz at DR 0
1733750119s250:#############OPENED CONTINUOUS RX C WINDOW
1733750135s890:MAC rxNotify
1733750135s890:NOTIFY
1733750135s890:MAC rxDone
1733750135s892:RXSLOT
1733750135s895:RX_C on freq 869525000 Hz at DR 0
1733750135s896:#############OPENED CONTINUOUS RX C WINDOW
1733750140s300:MAC rxNotify
1733750140s300:NOTIFY
1733750140s300:MAC rxDone
1733750140s304:RXSLOT
1733750140s304:value of rxport: 201
###### D/L FRAME:0044 | PORT:201 | DR:0 | SLOT:C_MC | RSSI:-5 | SNR:5
1733750140s304:#####################FRAGDECODER PROCESS

.... FRAG_DECODER in Progress ....
EXPECTED   : 052 Fragments (02028 Bytes)
RECEIVED   : 045 Fragments
             01755 Bytes
LOST       : 000 Fragments

1733750140s308:RX_C on freq 869525000 Hz at DR 0
1733750140s310:#############OPENED CONTINUOUS RX C WINDOW
1733750161s358:MAC rxNotify
1733750161s358:NOTIFY
1733750161s358:MAC rxDone
1733750161s362:RXSLOT
1733750161s362:value of rxport: 201
###### D/L FRAME:0045 | PORT:201 | DR:0 | SLOT:C_MC | RSSI:-6 | SNR:5
1733750161s362:#####################FRAGDECODER PROCESS

.... FRAG_DECODER in Progress ....
EXPECTED   : 052 Fragments (02028 Bytes)
RECEIVED   : 046 Fragments
             01794 Bytes
LOST       : 000 Fragments

1733750161s367:RX_C on freq 869525000 Hz at DR 0
1733750161s368:#############OPENED CONTINUOUS RX C WINDOW
1733750181s459:MAC rxNotify
1733750181s459:NOTIFY
1733750181s459:MAC rxDone
1733750181s462:RXSLOT
1733750181s462:value of rxport: 201
###### D/L FRAME:0046 | PORT:201 | DR:0 | SLOT:C_MC | RSSI:-5 | SNR:5
1733750181s462:#####################FRAGDECODER PROCESS

.... FRAG_DECODER in Progress ....
EXPECTED   : 052 Fragments (02028 Bytes)
RECEIVED   : 047 Fragments
             01833 Bytes
LOST       : 000 Fragments

1733750181s467:RX_C on freq 869525000 Hz at DR 0
1733750181s468:#############OPENED CONTINUOUS RX C WINDOW
1733750202s558:MAC rxNotify
1733750202s558:NOTIFY
1733750202s558:MAC rxDone
1733750202s562:RXSLOT
1733750202s562:value of rxport: 201
###### D/L FRAME:0047 | PORT:201 | DR:0 | SLOT:C_MC | RSSI:-5 | SNR:5
1733750202s562:#####################FRAGDECODER PROCESS

.... FRAG_DECODER in Progress ....
EXPECTED   : 052 Fragments (02028 Bytes)
RECEIVED   : 048 Fragments
             01872 Bytes
LOST       : 000 Fragments

1733750202s566:RX_C on freq 869525000 Hz at DR 0
1733750202s567:#############OPENED CONTINUOUS RX C WINDOW
1733750223s619:MAC rxNotify
1733750223s619:NOTIFY
1733750223s619:MAC rxDone
1733750223s623:RXSLOT
1733750223s623:value of rxport: 201
###### D/L FRAME:0048 | PORT:201 | DR:0 | SLOT:C_MC | RSSI:-5 | SNR:5
1733750223s623:#####################FRAGDECODER PROCESS

.... FRAG_DECODER in Progress ....
EXPECTED   : 052 Fragments (02028 Bytes)
RECEIVED   : 049 Fragments
             01911 Bytes
LOST       : 000 Fragments

1733750223s628:RX_C on freq 869525000 Hz at DR 0
1733750223s629:#############OPENED CONTINUOUS RX C WINDOW
1733750243s675:MAC rxNotify
1733750243s675:NOTIFY
1733750243s675:MAC rxDone
1733750243s679:RXSLOT
1733750243s679:value of rxport: 201
###### D/L FRAME:0049 | PORT:201 | DR:0 | SLOT:C_MC | RSSI:-5 | SNR:5
1733750243s679:#####################FRAGDECODER PROCESS

.... FRAG_DECODER in Progress ....
EXPECTED   : 052 Fragments (02028 Bytes)
RECEIVED   : 050 Fragments
             01950 Bytes
LOST       : 000 Fragments

1733750243s684:RX_C on freq 869525000 Hz at DR 0
1733750243s685:#############OPENED CONTINUOUS RX C WINDOW
1733750264s747:MAC rxNotify
1733750264s747:NOTIFY
1733750264s747:MAC rxDone
1733750264s750:RXSLOT
1733750264s750:value of rxport: 201
###### D/L FRAME:0050 | PORT:201 | DR:0 | SLOT:C_MC | RSSI:-7 | SNR:5
1733750264s750:#####################FRAGDECODER PROCESS

.... FRAG_DECODER in Progress ....
EXPECTED   : 052 Fragments (02028 Bytes)
RECEIVED   : 051 Fragments
             01989 Bytes
LOST       : 000 Fragments

1733750264s755:RX_C on freq 869525000 Hz at DR 0
1733750264s756:#############OPENED CONTINUOUS RX C WINDOW
1733750285s847:MAC rxNotify
1733750285s847:NOTIFY
1733750285s847:MAC rxDone
1733750285s851:RXSLOT
1733750285s851:value of rxport: 201
###### D/L FRAME:0051 | PORT:201 | DR:0 | SLOT:C_MC | RSSI:-6 | SNR:5
1733750285s851:#####################FRAGDECODER PROCESS

.... FRAG_DECODER in Progress ....
EXPECTED   : 052 Fragments (02028 Bytes)
RECEIVED   : 052 Fragments
             02028 Bytes
LOST       : 000 Fragments


.... FRAG_DECODER Finished ....
STATUS     : 0
1733750285s852:ALL FRAGMENTS RECEIVED

= [SBOOT] System Security Check successfully passed. Starting...


======================================================================
=              (C) COPYRIGHT 2017 STMicroelectronics                 =
=                                                                    =
=              Secure Boot and Secure Firmware Update                =
======================================================================


= [SBOOT] SECURE ENGINE INITIALIZATION SUCCESSFUL
= [SBOOT] STATE: CHECK STATUS ON RESET
	  INFO: A Reboot has been triggered by a Software reset!
= [SBOOT] STATE: CHECK NEW FIRMWARE TO DOWNLOAD
= [SBOOT] STATE: CHECK KMS BLOB TO INSTALL
= [SBOOT] STATE: CHECK USER FW STATUS
	  A FW is detected in the slot SLOT_ACTIVE_1
= [SBOOT] STATE: VERIFY USER FW SIGNATURE
= [SBOOT] STATE: EXECUTE USER FIRMWAREAPPLICATION_VERSION: V1.3.0
MW_LORAWAN_VERSION:  V2.5.0
MW_RADIO_VERSION:    V1.3.0
L2_SPEC_VERSION:     V1.0.4
RP_SPEC_VERSION:     V2-1.0.1
NVM DATA RESTORED
###### AppKey:      2B:7E:15:16:28:AE:D2:A6:AB:F7:15:88:09:CF:4F:3C
###### NwkKey:      2B:7E:15:16:28:AE:D2:A6:AB:F7:15:88:09:CF:4F:3C
###### AppSKey:     58:02:10:68:38:A5:73:09:8A:F3:A5:82:3E:2B:45:83
###### NwkSKey:     5B:92:2C:7E:AC:4D:78:F3:3A:4A:A6:41:F1:BA:D9:C5
###### DevEUI:      00:80:E1:15:05:AB:D0:6C
###### AppEUI:      01:01:01:01:01:01:01:01
###### DevAddr:     05:AB:D0:6C
###### KMS ENABLED