
= [SBOOT] System Security Check successfully passed. Starting...


======================================================================
=              (C) COPYRIGHT 2017 STMicroelectronics                 =
=                                                                    =
=              Secure Boot and Secure Firmware Update                =
======================================================================


= [SBOOT] SECURE ENGINE INITIALIZATION SUCCESSFUL
= [SBOOT] STATE: CHECK STATUS ON RESET
	  INFO: A Reboot has been triggered by a Hardware reset!
= [SBOOT] STATE: CHECK NEW FIRMWARE TO DOWNLOAD
= [SBOOT] STATE: CHECK KMS BLOB TO INSTALL
= [SBOOT] STATE: CHECK USER FW STATUS
	  A FW is detected in the slot SLOT_ACTIVE_1
= [SBOOT] STATE: VERIFY USER FW SIGNATURE
= [SBOOT] STATE: EXECUTE USER FIRMWAREAPPLICATION_VERSION: V1.3.0
MW_LORAWAN_VERSION:  V2.5.0
MW_RADIO_VERSION:    V1.3.0
L2_SPEC_VERSION:     V1.0.4
RP_SPEC_VERSION:     V2-1.0.1
NVM DATA RESTORED
###### AppKey:      2B:7E:15:16:28:AE:D2:A6:AB:F7:15:88:09:CF:4F:3C
###### NwkKey:      2B:7E:15:16:28:AE:D2:A6:AB:F7:15:88:09:CF:4F:3C
###### AppSKey:     52:7C:1C:DB:C0:B2:59:08:A4:98:6F:0E:EF:6C:94:95
###### NwkSKey:     E7:21:11:33:86:EB:56:3D:94:18:B7:3E:6E:08:31:1D
###### DevEUI:      00:80:E1:15:05:AB:D0:6C
###### AppEUI:      01:01:01:01:01:01:01:01
###### DevAddr:     05:AB:D0:6C
###### KMS ENABLED

###### = JOINED = OTAA =====================
[31mNetwork joined, choose app to execute:
BTN1: TxTimer send uplink every 10 sec
BTN2: Airtime test
[0m
###### U/L FRAME:JOIN | DR:5 | PWR:1
###### MCRootKey:   7D:F7:6B:0C:1A:B8:99:B3:3E:42:F0:47:B9:1B:54:6F
###### MCKEKey:     8C:B8:66:5E:0C:0E:0B:64:5B:2E:D9:E4:8A:19:27:7C
###### AppSKey:     C5:BC:1B:E7:2E:6D:71:FF:2C:B8:7D:4C:7B:D0:D1:19
###### NwkSKey:     96:78:48:28:AC:01:50:65:34:66:FB:E8:DC:3C:5B:BE
###### DBIntKey:    7A:C4:7C:65:FE:25:9B:B6:54:BD:26:35:19:F8:9C:8E
###### DevEUI:      00:80:E1:15:05:AB:D0:6C
###### AppEUI:      01:01:01:01:01:01:01:01
###### DevAddr:     00:7D:85:7E
[32mStart tx timer regular[0m

###### ========== MCPS-Confirm =============
###### U/L FRAME:0001 | PORT:24 | DR:5 | PWR:1 | MSG TYPE:UNCONFIRMED
1733753744s474:value of rxport: 0
###### D/L FRAME:0000 | PORT:0 | DR:5 | SLOT:1 | RSSI:-7 | SNR:16
1733753803s369:Airtime test started: 0
1733753803s369:MAC Tx start packet size: 21
1733753803s373:TX on freq 868300000 Hz at DR 5
1733753803s373:RADIO SEND WITH size 21
1733753803s375:SEND REQUEST
1733753803s431:NOTIFY
1733753803s431:MAC txDone
1733753804s412:RX_1 on freq 868300000 Hz at DR 5
1733753804s459:IRQ_RX_TX_TIMEOUT
1733753804s459:NOTIFY
1733753804s459:MAC rxTimeOut
1733753805s463:RX_2 on freq 869525000 Hz at DR 0
1733753805s661:IRQ_RX_TX_TIMEOUT
1733753805s661:NOTIFY
1733753805s661:MAC rxTimeOut

###### ========== MCPS-Confirm =============
###### U/L FRAME:0002 | PORT:24 | DR:5 | PWR:1 | MSG TYPE:UNCONFIRMED
1733753863s375:Airtime test started: 0
1733753863s375:MAC Tx start packet size: 18
1733753863s379:TX on freq 867700000 Hz at DR 5
1733753863s379:RADIO SEND WITH size 18
1733753863s381:SEND REQUEST
1733753863s432:NOTIFY
1733753863s432:MAC txDone
1733753864s413:RX_1 on freq 867700000 Hz at DR 5
1733753864s460:IRQ_RX_TX_TIMEOUT
1733753864s460:NOTIFY
1733753864s460:MAC rxTimeOut
1733753865s464:RX_2 on freq 869525000 Hz at DR 0
1733753865s662:IRQ_RX_TX_TIMEOUT
1733753865s662:NOTIFY
1733753865s662:MAC rxTimeOut

###### ========== MCPS-Confirm =============
###### U/L FRAME:0003 | PORT:24 | DR:5 | PWR:1 | MSG TYPE:UNCONFIRMED
1733753923s381:Airtime test started: 0
1733753923s381:MAC Tx start packet size: 18
1733753923s385:TX on freq 868100000 Hz at DR 5
1733753923s385:RADIO SEND WITH size 18
1733753923s387:SEND REQUEST
1733753923s438:NOTIFY
1733753923s438:MAC txDone
1733753924s419:RX_1 on freq 868100000 Hz at DR 5
1733753924s466:IRQ_RX_TX_TIMEOUT
1733753924s466:NOTIFY
1733753924s466:MAC rxTimeOut
1733753925s470:RX_2 on freq 869525000 Hz at DR 0
1733753925s668:IRQ_RX_TX_TIMEOUT
1733753925s668:NOTIFY
1733753925s668:MAC rxTimeOut

###### ========== MCPS-Confirm =============
###### U/L FRAME:0004 | PORT:24 | DR:5 | PWR:1 | MSG TYPE:UNCONFIRMED
1733753983s387:Airtime test started: 0
1733753983s387:MAC Tx start packet size: 18
1733753983s390:TX on freq 867500000 Hz at DR 5
1733753983s390:RADIO SEND WITH size 18
1733753983s392:SEND REQUEST
1733753983s444:NOTIFY
1733753983s444:MAC txDone
1733753984s425:RX_1 on freq 867500000 Hz at DR 5
1733753984s471:IRQ_RX_TX_TIMEOUT
1733753984s471:NOTIFY
1733753984s471:MAC rxTimeOut
1733753985s475:RX_2 on freq 869525000 Hz at DR 0
1733753985s674:IRQ_RX_TX_TIMEOUT
1733753985s674:NOTIFY
1733753985s674:MAC rxTimeOut

###### ========== MCPS-Confirm =============
###### U/L FRAME:0005 | PORT:24 | DR:5 | PWR:1 | MSG TYPE:UNCONFIRMED
1733754043s392:Airtime test started: 0
1733754043s392:MAC Tx start packet size: 18
1733754043s396:TX on freq 867500000 Hz at DR 5
1733754043s396:RADIO SEND WITH size 18
1733754043s398:SEND REQUEST
1733754043s450:NOTIFY
1733754043s450:MAC txDone
1733754044s430:RX_1 on freq 867500000 Hz at DR 5
1733754044s538:MAC rxNotify
1733754044s538:NOTIFY
1733754044s538:MAC rxDone

###### ========== MCPS-Confirm =============
###### U/L FRAME:0006 | PORT:24 | DR:5 | PWR:1 | MSG TYPE:UNCONFIRMED
1733754044s541:value of rxport: 200
1733754044s541:MULTICAST CLASS C SETUP 2
###### D/L FRAME:0001 | PORT:200 | DR:5 | SLOT:1 | RSSI:-7 | SNR:15
1733754044s551:MAC Tx start packet size: 15
1733754044s554:TX on freq 868500000 Hz at DR 5
1733754044s555:RADIO SEND WITH size 15
ID          : 0
McAddr      : 000CB5DA
McKey       : 96-B6-44-C4-B7-D9-66-E9-14-C8-E7-A0-A8-E7-46-6A
McFCountMin : 0
McFCountMax : 4294967295
SessionTime : 0
SessionTimeT: 1 s
Rx Freq     : 0
Rx DR       : DR_0
1733754044s603:NOTIFY
1733754044s603:MAC txDone
1733754045s584:RX_1 on freq 868500000 Hz at DR 5
1733754045s666:MAC rxNotify
1733754045s666:NOTIFY
1733754045s666:MAC rxDone

###### ========== MCPS-Confirm =============
###### U/L FRAME:0007 | PORT:200 | DR:5 | PWR:1 | MSG TYPE:UNCONFIRMED
1733754045s668:value of rxport: 201
###### D/L FRAME:0002 | PORT:201 | DR:5 | SLOT:1 | RSSI:-7 | SNR:16
1733754045s669:#####################FRAGDECODER INIT
1733754049s551:MAC Tx start packet size: 15
1733754049s554:TX on freq 867100000 Hz at DR 5
1733754049s554:RADIO SEND WITH size 15
1733754049s602:NOTIFY
1733754049s602:MAC txDone
1733754050s583:RX_1 on freq 867100000 Hz at DR 5
1733754050s665:MAC rxNotify
1733754050s665:NOTIFY
1733754050s665:MAC rxDone

###### ========== MCPS-Confirm =============
###### U/L FRAME:0008 | PORT:201 | DR:5 | PWR:1 | MSG TYPE:UNCONFIRMED
1733754050s668:value of rxport: 200
1733754050s669:MULTICAST CLASS C SETUP 4
###### D/L FRAME:0003 | PORT:200 | DR:5 | SLOT:1 | RSSI:-7 | SNR:15
Time2SessionStart: 287000 ms
1733754050s669:MAC Tx start packet size: 18
1733754050s673:TX on freq 868100000 Hz at DR 5
1733754050s674:RADIO SEND WITH size 18
ID          : 0
McAddr      : 000CB5DA
McKey       : 96-B6-44-C4-B7-D9-66-E9-14-C8-E7-A0-A8-E7-46-6A
McFCountMin : 0
McFCountMax : 4294967295
SessionTime : 1733754337
SessionTimeT: 2048 s
Rx Freq     : 869525000
Rx DR       : DR_5
1733754050s726:NOTIFY
1733754050s726:MAC txDone
1733754051s707:RX_1 on freq 868100000 Hz at DR 5
1733754051s754:IRQ_RX_TX_TIMEOUT
1733754051s754:NOTIFY
1733754051s754:MAC rxTimeOut
1733754052s758:RX_2 on freq 869525000 Hz at DR 0
1733754052s956:IRQ_RX_TX_TIMEOUT
1733754052s956:NOTIFY
1733754052s956:MAC rxTimeOut

###### ========== MCPS-Confirm =============
###### U/L FRAME:0009 | PORT:200 | DR:5 | PWR:1 | MSG TYPE:UNCONFIRMED
1733754337s669:[SWITCHCLASS class C]
1733754337s683:RX_C on freq 869525000 Hz at DR 5
1733754337s685:#############OPENED CONTINUOUS RX C WINDOW
Switch to Class C done
1733754352s050:MAC rxNotify
1733754352s050:NOTIFY
1733754352s050:MAC rxDone
1733754352s057:RXSLOT
1733754352s057:value of rxport: 201
###### D/L FRAME:0000 | PORT:201 | DR:5 | SLOT:C_MC | RSSI:-5 | SNR:15
1733754352s057:#####################FRAGDECODER PROCESS

.... FRAG_DECODER in Progress ....
EXPECTED   : 009 Fragments (02070 Bytes)
RECEIVED   : 001 Fragments
             00230 Bytes
LOST       : 000 Fragments

1733754352s061:RX_C on freq 869525000 Hz at DR 5
1733754352s062:#############OPENED CONTINUOUS RX C WINDOW
1733754356s072:MAC rxNotify
1733754356s072:NOTIFY
1733754356s072:MAC rxDone
1733754356s080:RXSLOT
1733754356s080:value of rxport: 201
###### D/L FRAME:0001 | PORT:201 | DR:5 | SLOT:C_MC | RSSI:-5 | SNR:14
1733754356s080:#####################FRAGDECODER PROCESS

.... FRAG_DECODER in Progress ....
EXPECTED   : 009 Fragments (02070 Bytes)
RECEIVED   : 002 Fragments
             00460 Bytes
LOST       : 000 Fragments

1733754356s084:RX_C on freq 869525000 Hz at DR 5
1733754356s086:#############OPENED CONTINUOUS RX C WINDOW
1733754361s096:MAC rxNotify
1733754361s096:NOTIFY
1733754361s096:MAC rxDone
1733754361s103:RXSLOT
1733754361s103:value of rxport: 201
###### D/L FRAME:0002 | PORT:201 | DR:5 | SLOT:C_MC | RSSI:-5 | SNR:15
1733754361s103:#####################FRAGDECODER PROCESS

.... FRAG_DECODER in Progress ....
EXPECTED   : 009 Fragments (02070 Bytes)
RECEIVED   : 003 Fragments
             00690 Bytes
LOST       : 000 Fragments

1733754361s107:RX_C on freq 869525000 Hz at DR 5
1733754361s109:#############OPENED CONTINUOUS RX C WINDOW
1733754366s119:MAC rxNotify
1733754366s119:NOTIFY
1733754366s119:MAC rxDone
1733754366s127:RXSLOT
1733754366s127:value of rxport: 201
###### D/L FRAME:0003 | PORT:201 | DR:5 | SLOT:C_MC | RSSI:-5 | SNR:14
1733754366s127:#####################FRAGDECODER PROCESS

.... FRAG_DECODER in Progress ....
EXPECTED   : 009 Fragments (02070 Bytes)
RECEIVED   : 004 Fragments
             00920 Bytes
LOST       : 000 Fragments

1733754366s131:RX_C on freq 869525000 Hz at DR 5
1733754366s133:#############OPENED CONTINUOUS RX C WINDOW
1733754370s145:MAC rxNotify
1733754370s145:NOTIFY
1733754370s145:MAC rxDone
1733754370s153:RXSLOT
1733754370s153:value of rxport: 201
###### D/L FRAME:0004 | PORT:201 | DR:5 | SLOT:C_MC | RSSI:-5 | SNR:15
1733754370s153:#####################FRAGDECODER PROCESS

.... FRAG_DECODER in Progress ....
EXPECTED   : 009 Fragments (02070 Bytes)
RECEIVED   : 005 Fragments
             01150 Bytes
LOST       : 000 Fragments

1733754370s157:RX_C on freq 869525000 Hz at DR 5
1733754370s159:#############OPENED CONTINUOUS RX C WINDOW
1733754375s165:MAC rxNotify
1733754375s165:NOTIFY
1733754375s165:MAC rxDone
1733754375s173:RXSLOT
1733754375s173:value of rxport: 201
###### D/L FRAME:0005 | PORT:201 | DR:5 | SLOT:C_MC | RSSI:-5 | SNR:15
1733754375s173:#####################FRAGDECODER PROCESS

.... FRAG_DECODER in Progress ....
EXPECTED   : 009 Fragments (02070 Bytes)
RECEIVED   : 006 Fragments
             01380 Bytes
LOST       : 000 Fragments

1733754375s177:RX_C on freq 869525000 Hz at DR 5
1733754375s178:#############OPENED CONTINUOUS RX C WINDOW
1733754380s184:MAC rxNotify
1733754380s184:NOTIFY
1733754380s184:MAC rxDone
1733754380s192:RXSLOT
1733754380s192:value of rxport: 201
###### D/L FRAME:0006 | PORT:201 | DR:5 | SLOT:C_MC | RSSI:-5 | SNR:15
1733754380s192:#####################FRAGDECODER PROCESS

.... FRAG_DECODER in Progress ....
EXPECTED   : 009 Fragments (02070 Bytes)
RECEIVED   : 007 Fragments
             01610 Bytes
LOST       : 000 Fragments

1733754380s196:RX_C on freq 869525000 Hz at DR 5
1733754380s198:#############OPENED CONTINUOUS RX C WINDOW
1733754384s213:MAC rxNotify
1733754384s213:NOTIFY
1733754384s213:MAC rxDone
1733754384s221:RXSLOT
1733754384s221:value of rxport: 201
###### D/L FRAME:0007 | PORT:201 | DR:5 | SLOT:C_MC | RSSI:-5 | SNR:15
1733754384s221:#####################FRAGDECODER PROCESS

.... FRAG_DECODER in Progress ....
EXPECTED   : 009 Fragments (02070 Bytes)
RECEIVED   : 008 Fragments
             01840 Bytes
LOST       : 000 Fragments

1733754384s224:RX_C on freq 869525000 Hz at DR 5
1733754384s226:#############OPENED CONTINUOUS RX C WINDOW
1733754389s270:MAC rxNotify
1733754389s270:NOTIFY
1733754389s270:MAC rxDone
1733754389s278:RXSLOT
1733754389s278:value of rxport: 201
###### D/L FRAME:0008 | PORT:201 | DR:5 | SLOT:C_MC | RSSI:-5 | SNR:15
1733754389s278:#####################FRAGDECODER PROCESS

.... FRAG_DECODER in Progress ....
EXPECTED   : 009 Fragments (02070 Bytes)
RECEIVED   : 009 Fragments
             02070 Bytes
LOST       : 000 Fragments


.... FRAG_DECODER Finished ....
STATUS     : 0
1733754389s278:ALL FRAGMENTS RECEIVED

= [SBOOT] System Security Check successfully passed. Starting...


======================================================================
=              (C) COPYRIGHT 2017 STMicroelectronics                 =
=                                                                    =
=              Secure Boot and Secure Firmware Update                =
======================================================================


= [SBOOT] SECURE ENGINE INITIALIZATION SUCCESSFUL
= [SBOOT] STATE: CHECK STATUS ON RESET
	  INFO: A Reboot has been triggered by a Software reset!
= [SBOOT] STATE: CHECK NEW FIRMWARE TO DOWNLOAD
= [SBOOT] STATE: CHECK KMS BLOB TO INSTALL
= [SBOOT] STATE: CHECK USER FW STATUS
	  A FW is detected in the slot SLOT_ACTIVE_1
= [SBOOT] STATE: VERIFY USER FW SIGNATURE
= [SBOOT] STATE: EXECUTE USER FIRMWAREAPPLICATION_VERSION: V1.3.0
MW_LORAWAN_VERSION:  V2.5.0
MW_RADIO_VERSION:    V1.3.0
L2_SPEC_VERSION:     V1.0.4
RP_SPEC_VERSION:     V2-1.0.1
NVM DATA RESTORED
###### AppKey:      2B:7E:15:16:28:AE:D2:A6:AB:F7:15:88:09:CF:4F:3C
###### NwkKey:      2B:7E:15:16:28:AE:D2:A6:AB:F7:15:88:09:CF:4F:3C
###### AppSKey:     C5:BC:1B:E7:2E:6D:71:FF:2C:B8:7D:4C:7B:D0:D1:19
###### NwkSKey:     96:78:48:28:AC:01:50:65:34:66:FB:E8:DC:3C:5B:BE
###### DevEUI:      00:80:E1:15:05:AB:D0:6C
###### AppEUI:      01:01:01:01:01:01:01:01
###### DevAddr:     05:AB:D0:6C
###### KMS ENABLED