


======================================================================
=              (C) COPYRIGHT 2017 STMicroelectronics                 =
=                                                                    =
=              Secure Boot and Secure Firmware Update                =
======================================================================


= [SBOOT] SECURE ENGINE INITIALIZATION SUCCESSFUL
= [SBOOT] STATE: CHECK STATUS ON RESET
	  INFO: A Reboot has been triggered by a Hardware reset!
= [SBOOT] STATE: CHECK NEW FIRMWARE TO DOWNLOAD
= [SBOOT] STATE: CHECK KMS BLOB TO INSTALL
= [SBOOT] STATE: CHECK USER FW STATUS
	  A FW is detected in the slot SLOT_ACTIVE_1
= [SBOOT] STATE: VERIFY USER FW SIGNATURE
= [SBOOT] STATE: EXECUTE USER FIRMWAREAPPLICATION_VERSION: V1.3.0
MW_LORAWAN_VERSION:  V2.5.0
MW_RADIO_VERSION:    V1.3.0
L2_SPEC_VERSION:     V1.0.4
RP_SPEC_VERSION:     V2-1.0.1
###### AppKey:      2B:7E:15:16:28:AE:D2:A6:AB:F7:15:88:09:CF:4F:3C
###### NwkKey:      2B:7E:15:16:28:AE:D2:A6:AB:F7:15:88:09:CF:4F:3C
###### AppSKey:     E4:B6:21:87:0E:49:58:5E:9D:AD:FE:CE:99:45:16:0A
###### NwkSKey:     74:4C:B5:B2:58:A4:66:6F:CD:41:3F:E0:6C:0B:76:8E
###### DevEUI:      00:80:E1:15:05:AB:CD:7C
###### AppEUI:      01:01:01:01:01:01:01:01
###### DevAddr:     05:AB:CD:7C
###### KMS ENABLED

###### = JOINED = OTAA =====================
[31mNetwork joined, choose app to execute:
BTN1: TxTimer send uplink every 10 sec
BTN2: Airtime test
[0m
###### U/L FRAME:JOIN | DR:2 | PWR:1
###### MCRootKey:   7D:F7:6B:0C:1A:B8:99:B3:3E:42:F0:47:B9:1B:54:6F
###### MCKEKey:     8C:B8:66:5E:0C:0E:0B:64:5B:2E:D9:E4:8A:19:27:7C
###### AppSKey:     6B:7A:AF:17:9B:50:D8:6F:B6:71:0A:50:E5:A8:76:03
###### NwkSKey:     45:2F:EE:A9:0F:6A:38:D5:38:49:20:3F:9E:73:A9:B1
###### DBIntKey:    7A:C4:7C:65:FE:25:9B:B6:54:BD:26:35:19:F8:9C:8E
###### DevEUI:      00:80:E1:15:05:AB:CD:7C
###### AppEUI:      01:01:01:01:01:01:01:01
###### DevAddr:     00:D5:72:4C
[32mStart tx timer regular[0m

###### ========== MCPS-Confirm =============
###### U/L FRAME:0001 | PORT:24 | DR:2 | PWR:1 | MSG TYPE:UNCONFIRMED
1733753727s018:value of rxport: 0
###### D/L FRAME:0000 | PORT:0 | DR:2 | SLOT:1 | RSSI:-7 | SNR:9
1733753785s349:Airtime test started: 0
1733753785s349:MAC Tx start packet size: 21
1733753785s353:TX on freq 868100000 Hz at DR 2
1733753785s353:RADIO SEND WITH size 21
1733753785s355:SEND REQUEST
1733753785s726:NOTIFY
1733753785s726:MAC txDone
1733753786s720:RX_1 on freq 868100000 Hz at DR 2
1733753786s788:IRQ_RX_TX_TIMEOUT
1733753786s788:NOTIFY
1733753786s788:MAC rxTimeOut
1733753787s758:RX_2 on freq 869525000 Hz at DR 0
1733753787s956:IRQ_RX_TX_TIMEOUT
1733753787s956:NOTIFY
1733753787s956:MAC rxTimeOut

###### ========== MCPS-Confirm =============
###### U/L FRAME:0002 | PORT:24 | DR:2 | PWR:1 | MSG TYPE:UNCONFIRMED
1733753845s355:Airtime test started: 0
1733753845s355:MAC Tx start packet size: 18
1733753845s359:TX on freq 868500000 Hz at DR 2
1733753845s359:RADIO SEND WITH size 18
1733753845s361:SEND REQUEST
1733753845s691:NOTIFY
1733753845s691:MAC txDone
1733753846s685:RX_1 on freq 868500000 Hz at DR 2
1733753846s753:IRQ_RX_TX_TIMEOUT
1733753846s753:NOTIFY
1733753846s753:MAC rxTimeOut
1733753847s722:RX_2 on freq 869525000 Hz at DR 0
1733753847s921:IRQ_RX_TX_TIMEOUT
1733753847s921:NOTIFY
1733753847s921:MAC rxTimeOut

###### ========== MCPS-Confirm =============
###### U/L FRAME:0003 | PORT:24 | DR:2 | PWR:1 | MSG TYPE:UNCONFIRMED
1733753905s361:Airtime test started: 0
1733753905s361:MAC Tx start packet size: 18
1733753905s365:TX on freq 867900000 Hz at DR 2
1733753905s365:RADIO SEND WITH size 18
1733753905s367:SEND REQUEST
1733753905s697:NOTIFY
1733753905s697:MAC txDone
1733753906s691:RX_1 on freq 867900000 Hz at DR 2
1733753906s759:IRQ_RX_TX_TIMEOUT
1733753906s759:NOTIFY
1733753906s759:MAC rxTimeOut
1733753907s728:RX_2 on freq 869525000 Hz at DR 0
1733753907s927:IRQ_RX_TX_TIMEOUT
1733753907s927:NOTIFY
1733753907s927:MAC rxTimeOut

###### ========== MCPS-Confirm =============
###### U/L FRAME:0004 | PORT:24 | DR:2 | PWR:1 | MSG TYPE:UNCONFIRMED
1733753965s367:Airtime test started: 0
1733753965s367:MAC Tx start packet size: 18
1733753965s371:TX on freq 868100000 Hz at DR 2
1733753965s371:RADIO SEND WITH size 18
1733753965s373:SEND REQUEST
1733753965s703:NOTIFY
1733753965s703:MAC txDone
1733753966s697:RX_1 on freq 868100000 Hz at DR 2
1733753966s764:IRQ_RX_TX_TIMEOUT
1733753966s764:NOTIFY
1733753966s764:MAC rxTimeOut
1733753967s734:RX_2 on freq 869525000 Hz at DR 0
1733753967s932:IRQ_RX_TX_TIMEOUT
1733753967s932:NOTIFY
1733753967s932:MAC rxTimeOut

###### ========== MCPS-Confirm =============
###### U/L FRAME:0005 | PORT:24 | DR:2 | PWR:1 | MSG TYPE:UNCONFIRMED
1733754025s373:Airtime test started: 0
1733754025s373:MAC Tx start packet size: 18
1733754025s377:TX on freq 867500000 Hz at DR 2
1733754025s377:RADIO SEND WITH size 18
1733754025s379:SEND REQUEST
1733754025s709:NOTIFY
1733754025s709:MAC txDone
1733754026s703:RX_1 on freq 867500000 Hz at DR 2
1733754026s770:IRQ_RX_TX_TIMEOUT
1733754026s770:NOTIFY
1733754026s770:MAC rxTimeOut
1733754027s740:RX_2 on freq 869525000 Hz at DR 0
1733754027s938:IRQ_RX_TX_TIMEOUT
1733754027s938:NOTIFY
1733754027s938:MAC rxTimeOut

###### ========== MCPS-Confirm =============
###### U/L FRAME:0006 | PORT:24 | DR:2 | PWR:1 | MSG TYPE:UNCONFIRMED
1733754085s379:Airtime test started: 0
1733754085s379:MAC Tx start packet size: 18
1733754085s383:TX on freq 867700000 Hz at DR 2
1733754085s383:RADIO SEND WITH size 18
1733754085s385:SEND REQUEST
1733754085s715:NOTIFY
1733754085s715:MAC txDone
1733754086s709:RX_1 on freq 867700000 Hz at DR 2
1733754086s776:IRQ_RX_TX_TIMEOUT
1733754086s776:NOTIFY
1733754086s776:MAC rxTimeOut
1733754087s746:RX_2 on freq 869525000 Hz at DR 0
1733754087s944:IRQ_RX_TX_TIMEOUT
1733754087s944:NOTIFY
1733754087s944:MAC rxTimeOut

###### ========== MCPS-Confirm =============
###### U/L FRAME:0007 | PORT:24 | DR:2 | PWR:1 | MSG TYPE:UNCONFIRMED
1733754145s385:Airtime test started: 0
1733754145s385:MAC Tx start packet size: 18
1733754145s388:TX on freq 867100000 Hz at DR 2
1733754145s388:RADIO SEND WITH size 18
1733754145s390:SEND REQUEST
1733754145s720:NOTIFY
1733754145s720:MAC txDone
1733754146s715:RX_1 on freq 867100000 Hz at DR 2
1733754146s782:IRQ_RX_TX_TIMEOUT
1733754146s782:NOTIFY
1733754146s782:MAC rxTimeOut
1733754147s752:RX_2 on freq 869525000 Hz at DR 0
1733754147s950:IRQ_RX_TX_TIMEOUT
1733754147s950:NOTIFY
1733754147s950:MAC rxTimeOut

###### ========== MCPS-Confirm =============
###### U/L FRAME:0008 | PORT:24 | DR:2 | PWR:1 | MSG TYPE:UNCONFIRMED
1733754205s390:Airtime test started: 0
1733754205s390:MAC Tx start packet size: 18
1733754205s394:TX on freq 867100000 Hz at DR 2
1733754205s394:RADIO SEND WITH size 18
1733754205s396:SEND REQUEST
1733754205s726:NOTIFY
1733754205s726:MAC txDone
1733754206s720:RX_1 on freq 867100000 Hz at DR 2
1733754206s788:IRQ_RX_TX_TIMEOUT
1733754206s788:NOTIFY
1733754206s788:MAC rxTimeOut
1733754207s758:RX_2 on freq 869525000 Hz at DR 0
1733754207s956:IRQ_RX_TX_TIMEOUT
1733754207s956:NOTIFY
1733754207s956:MAC rxTimeOut

###### ========== MCPS-Confirm =============
###### U/L FRAME:0009 | PORT:24 | DR:2 | PWR:1 | MSG TYPE:UNCONFIRMED
1733754265s396:Airtime test started: 0
1733754265s396:MAC Tx start packet size: 18
1733754265s400:TX on freq 868100000 Hz at DR 2
1733754265s400:RADIO SEND WITH size 18
1733754265s402:SEND REQUEST
1733754265s732:NOTIFY
1733754265s732:MAC txDone
1733754266s726:RX_1 on freq 868100000 Hz at DR 2
1733754266s794:IRQ_RX_TX_TIMEOUT
1733754266s794:NOTIFY
1733754266s794:MAC rxTimeOut
1733754267s763:RX_2 on freq 869525000 Hz at DR 0
1733754267s962:IRQ_RX_TX_TIMEOUT
1733754267s962:NOTIFY
1733754267s962:MAC rxTimeOut

###### ========== MCPS-Confirm =============
###### U/L FRAME:0010 | PORT:24 | DR:2 | PWR:1 | MSG TYPE:UNCONFIRMED
1733754325s402:Airtime test started: 0
1733754325s402:MAC Tx start packet size: 18
1733754325s406:TX on freq 868300000 Hz at DR 2
1733754325s406:RADIO SEND WITH size 18
1733754325s408:SEND REQUEST
1733754325s738:NOTIFY
1733754325s738:MAC txDone
1733754326s732:RX_1 on freq 868300000 Hz at DR 2
1733754326s800:IRQ_RX_TX_TIMEOUT
1733754326s800:NOTIFY
1733754326s800:MAC rxTimeOut
1733754327s769:RX_2 on freq 869525000 Hz at DR 0
1733754327s968:IRQ_RX_TX_TIMEOUT
1733754327s968:NOTIFY
1733754327s968:MAC rxTimeOut

###### ========== MCPS-Confirm =============
###### U/L FRAME:0011 | PORT:24 | DR:2 | PWR:1 | MSG TYPE:UNCONFIRMED
1733754385s408:Airtime test started: 0
1733754385s408:MAC Tx start packet size: 18
1733754385s412:TX on freq 867700000 Hz at DR 2
1733754385s412:RADIO SEND WITH size 18
1733754385s414:SEND REQUEST
1733754385s744:NOTIFY
1733754385s744:MAC txDone
1733754386s738:RX_1 on freq 867700000 Hz at DR 2
1733754386s805:IRQ_RX_TX_TIMEOUT
1733754386s805:NOTIFY
1733754386s805:MAC rxTimeOut
1733754387s775:RX_2 on freq 869525000 Hz at DR 0
1733754387s973:IRQ_RX_TX_TIMEOUT
1733754387s973:NOTIFY
1733754387s973:MAC rxTimeOut

###### ========== MCPS-Confirm =============
###### U/L FRAME:0012 | PORT:24 | DR:2 | PWR:1 | MSG TYPE:UNCONFIRMED
1733754445s414:Airtime test started: 0
1733754445s414:MAC Tx start packet size: 18
1733754445s418:TX on freq 868100000 Hz at DR 2
1733754445s418:RADIO SEND WITH size 18
1733754445s420:SEND REQUEST
1733754445s750:NOTIFY
1733754445s750:MAC txDone
1733754446s744:RX_1 on freq 868100000 Hz at DR 2
1733754446s811:IRQ_RX_TX_TIMEOUT
1733754446s811:NOTIFY
1733754446s811:MAC rxTimeOut
1733754447s781:RX_2 on freq 869525000 Hz at DR 0
1733754447s979:IRQ_RX_TX_TIMEOUT
1733754447s979:NOTIFY
1733754447s979:MAC rxTimeOut

###### ========== MCPS-Confirm =============
###### U/L FRAME:0013 | PORT:24 | DR:2 | PWR:1 | MSG TYPE:UNCONFIRMED
1733754505s420:Airtime test started: 0
1733754505s420:MAC Tx start packet size: 18
1733754505s424:TX on freq 867300000 Hz at DR 2
1733754505s424:RADIO SEND WITH size 18
1733754505s426:SEND REQUEST
1733754505s756:NOTIFY
1733754505s756:MAC txDone
1733754506s750:RX_1 on freq 867300000 Hz at DR 2
1733754506s817:IRQ_RX_TX_TIMEOUT
1733754506s817:NOTIFY
1733754506s817:MAC rxTimeOut
1733754507s787:RX_2 on freq 869525000 Hz at DR 0
1733754507s985:IRQ_RX_TX_TIMEOUT
1733754507s985:NOTIFY
1733754507s985:MAC rxTimeOut

###### ========== MCPS-Confirm =============
###### U/L FRAME:0014 | PORT:24 | DR:2 | PWR:1 | MSG TYPE:UNCONFIRMED
1733754565s426:Airtime test started: 0
1733754565s426:MAC Tx start packet size: 18
1733754565s429:TX on freq 867700000 Hz at DR 2
1733754565s429:RADIO SEND WITH size 18
1733754565s431:SEND REQUEST
1733754565s762:NOTIFY
1733754565s762:MAC txDone
1733754566s757:RX_1 on freq 867700000 Hz at DR 2
1733754566s824:IRQ_RX_TX_TIMEOUT
1733754566s824:NOTIFY
1733754566s824:MAC rxTimeOut
1733754567s794:RX_2 on freq 869525000 Hz at DR 0
1733754567s992:IRQ_RX_TX_TIMEOUT
1733754567s992:NOTIFY
1733754567s992:MAC rxTimeOut

###### ========== MCPS-Confirm =============
###### U/L FRAME:0015 | PORT:24 | DR:2 | PWR:1 | MSG TYPE:UNCONFIRMED
1733754625s431:Airtime test started: 0
1733754625s431:MAC Tx start packet size: 18
1733754625s435:TX on freq 867100000 Hz at DR 2
1733754625s435:RADIO SEND WITH size 18
1733754625s437:SEND REQUEST
1733754625s767:NOTIFY
1733754625s767:MAC txDone
1733754626s762:RX_1 on freq 867100000 Hz at DR 2
1733754626s829:IRQ_RX_TX_TIMEOUT
1733754626s829:NOTIFY
1733754626s829:MAC rxTimeOut
1733754627s799:RX_2 on freq 869525000 Hz at DR 0
1733754627s997:IRQ_RX_TX_TIMEOUT
1733754627s997:NOTIFY
1733754627s997:MAC rxTimeOut

###### ========== MCPS-Confirm =============
###### U/L FRAME:0016 | PORT:24 | DR:2 | PWR:1 | MSG TYPE:UNCONFIRMED
1733754685s437:Airtime test started: 0
1733754685s437:MAC Tx start packet size: 18
1733754685s441:TX on freq 867100000 Hz at DR 2
1733754685s441:RADIO SEND WITH size 18
1733754685s443:SEND REQUEST
1733754685s773:NOTIFY
1733754685s773:MAC txDone
1733754686s767:RX_1 on freq 867100000 Hz at DR 2
1733754686s835:IRQ_RX_TX_TIMEOUT
1733754686s835:NOTIFY
1733754686s835:MAC rxTimeOut
1733754687s804:RX_2 on freq 869525000 Hz at DR 0
1733754688s003:IRQ_RX_TX_TIMEOUT
1733754688s003:NOTIFY
1733754688s003:MAC rxTimeOut

###### ========== MCPS-Confirm =============
###### U/L FRAME:0017 | PORT:24 | DR:2 | PWR:1 | MSG TYPE:UNCONFIRMED
1733754745s443:Airtime test started: 0
1733754745s443:MAC Tx start packet size: 18
1733754745s447:TX on freq 868100000 Hz at DR 2
1733754745s447:RADIO SEND WITH size 18
1733754745s449:SEND REQUEST
1733754745s779:NOTIFY
1733754745s779:MAC txDone
1733754746s773:RX_1 on freq 868100000 Hz at DR 2
1733754746s841:IRQ_RX_TX_TIMEOUT
1733754746s841:NOTIFY
1733754746s841:MAC rxTimeOut
1733754747s810:RX_2 on freq 869525000 Hz at DR 0
1733754748s009:IRQ_RX_TX_TIMEOUT
1733754748s009:NOTIFY
1733754748s009:MAC rxTimeOut

###### ========== MCPS-Confirm =============
###### U/L FRAME:0018 | PORT:24 | DR:2 | PWR:1 | MSG TYPE:UNCONFIRMED
1733754805s449:Airtime test started: 0
1733754805s449:MAC Tx start packet size: 18
1733754805s453:TX on freq 868500000 Hz at DR 2
1733754805s453:RADIO SEND WITH size 18
1733754805s455:SEND REQUEST
1733754805s785:NOTIFY
1733754805s785:MAC txDone
1733754806s779:RX_1 on freq 868500000 Hz at DR 2
1733754806s846:IRQ_RX_TX_TIMEOUT
1733754806s846:NOTIFY
1733754806s846:MAC rxTimeOut
1733754807s816:RX_2 on freq 869525000 Hz at DR 0
1733754808s014:IRQ_RX_TX_TIMEOUT
1733754808s014:NOTIFY
1733754808s014:MAC rxTimeOut

###### ========== MCPS-Confirm =============
###### U/L FRAME:0019 | PORT:24 | DR:2 | PWR:1 | MSG TYPE:UNCONFIRMED
1733754865s455:Airtime test started: 0
1733754865s455:MAC Tx start packet size: 18
1733754865s459:TX on freq 867900000 Hz at DR 2
1733754865s459:RADIO SEND WITH size 18
1733754865s461:SEND REQUEST
1733754865s791:NOTIFY
1733754865s791:MAC txDone
1733754866s785:RX_1 on freq 867900000 Hz at DR 2
1733754866s852:IRQ_RX_TX_TIMEOUT
1733754866s852:NOTIFY
1733754866s852:MAC rxTimeOut
1733754867s822:RX_2 on freq 869525000 Hz at DR 0
1733754868s020:IRQ_RX_TX_TIMEOUT
1733754868s020:NOTIFY
1733754868s020:MAC rxTimeOut

###### ========== MCPS-Confirm =============
###### U/L FRAME:0020 | PORT:24 | DR:2 | PWR:1 | MSG TYPE:UNCONFIRMED
1733754925s461:Airtime test started: 0
1733754925s461:MAC Tx start packet size: 18
1733754925s465:TX on freq 867900000 Hz at DR 2
1733754925s465:RADIO SEND WITH size 18
1733754925s467:SEND REQUEST
1733754925s797:NOTIFY
1733754925s797:MAC txDone
1733754926s791:RX_1 on freq 867900000 Hz at DR 2
1733754926s858:IRQ_RX_TX_TIMEOUT
1733754926s858:NOTIFY
1733754926s858:MAC rxTimeOut
1733754927s828:RX_2 on freq 869525000 Hz at DR 0
1733754928s026:IRQ_RX_TX_TIMEOUT
1733754928s026:NOTIFY
1733754928s026:MAC rxTimeOut

###### ========== MCPS-Confirm =============
###### U/L FRAME:0021 | PORT:24 | DR:2 | PWR:1 | MSG TYPE:UNCONFIRMED
1733754985s467:Airtime test started: 0
1733754985s467:MAC Tx start packet size: 18
1733754985s470:TX on freq 867500000 Hz at DR 2
1733754985s470:RADIO SEND WITH size 18
1733754985s472:SEND REQUEST
1733754985s803:NOTIFY
1733754985s803:MAC txDone
1733754986s798:RX_1 on freq 867500000 Hz at DR 2
1733754986s865:IRQ_RX_TX_TIMEOUT
1733754986s865:NOTIFY
1733754986s865:MAC rxTimeOut
1733754987s835:RX_2 on freq 869525000 Hz at DR 0
1733754988s033:IRQ_RX_TX_TIMEOUT
1733754988s033:NOTIFY
1733754988s033:MAC rxTimeOut

###### ========== MCPS-Confirm =============
###### U/L FRAME:0022 | PORT:24 | DR:2 | PWR:1 | MSG TYPE:UNCONFIRMED
1733755045s472:Airtime test started: 0
1733755045s472:MAC Tx start packet size: 18
1733755045s476:TX on freq 867500000 Hz at DR 2
1733755045s476:RADIO SEND WITH size 18
1733755045s478:SEND REQUEST
1733755045s808:NOTIFY
1733755045s808:MAC txDone
1733755046s803:RX_1 on freq 867500000 Hz at DR 2
1733755046s870:IRQ_RX_TX_TIMEOUT
1733755046s870:NOTIFY
1733755046s870:MAC rxTimeOut
1733755047s840:RX_2 on freq 869525000 Hz at DR 0
1733755048s038:IRQ_RX_TX_TIMEOUT
1733755048s038:NOTIFY
1733755048s038:MAC rxTimeOut

###### ========== MCPS-Confirm =============
###### U/L FRAME:0023 | PORT:24 | DR:2 | PWR:1 | MSG TYPE:UNCONFIRMED
1733755105s478:Airtime test started: 0
1733755105s478:MAC Tx start packet size: 18
1733755105s482:TX on freq 868500000 Hz at DR 2
1733755105s482:RADIO SEND WITH size 18
1733755105s484:SEND REQUEST
1733755105s814:NOTIFY
1733755105s814:MAC txDone
1733755106s808:RX_1 on freq 868500000 Hz at DR 2
1733755106s876:IRQ_RX_TX_TIMEOUT
1733755106s876:NOTIFY
1733755106s876:MAC rxTimeOut
1733755107s845:RX_2 on freq 869525000 Hz at DR 0
1733755108s044:IRQ_RX_TX_TIMEOUT
1733755108s044:NOTIFY
1733755108s044:MAC rxTimeOut

###### ========== MCPS-Confirm =============
###### U/L FRAME:0024 | PORT:24 | DR:2 | PWR:1 | MSG TYPE:UNCONFIRMED
1733755165s484:Airtime test started: 0
1733755165s484:MAC Tx start packet size: 18
1733755165s488:TX on freq 867100000 Hz at DR 2
1733755165s488:RADIO SEND WITH size 18
1733755165s490:SEND REQUEST
1733755165s820:NOTIFY
1733755165s820:MAC txDone
1733755166s814:RX_1 on freq 867100000 Hz at DR 2
1733755166s882:IRQ_RX_TX_TIMEOUT
1733755166s882:NOTIFY
1733755166s882:MAC rxTimeOut
1733755167s851:RX_2 on freq 869525000 Hz at DR 0
1733755168s050:IRQ_RX_TX_TIMEOUT
1733755168s050:NOTIFY
1733755168s050:MAC rxTimeOut

###### ========== MCPS-Confirm =============
###### U/L FRAME:0025 | PORT:24 | DR:2 | PWR:1 | MSG TYPE:UNCONFIRMED
1733755225s490:Airtime test started: 0
1733755225s490:MAC Tx start packet size: 18
1733755225s494:TX on freq 868100000 Hz at DR 2
1733755225s494:RADIO SEND WITH size 18
1733755225s496:SEND REQUEST
1733755225s826:NOTIFY
1733755225s826:MAC txDone
1733755226s820:RX_1 on freq 868100000 Hz at DR 2
1733755226s887:IRQ_RX_TX_TIMEOUT
1733755226s887:NOTIFY
1733755226s887:MAC rxTimeOut
1733755227s857:RX_2 on freq 869525000 Hz at DR 0
1733755228s055:IRQ_RX_TX_TIMEOUT
1733755228s055:NOTIFY
1733755228s055:MAC rxTimeOut

###### ========== MCPS-Confirm =============
###### U/L FRAME:0026 | PORT:24 | DR:2 | PWR:1 | MSG TYPE:UNCONFIRMED
1733755285s496:Airtime test started: 0
1733755285s496:MAC Tx start packet size: 18
1733755285s500:TX on freq 868500000 Hz at DR 2
1733755285s500:RADIO SEND WITH size 18
1733755285s502:SEND REQUEST
1733755285s832:NOTIFY
1733755285s832:MAC txDone
1733755286s826:RX_1 on freq 868500000 Hz at DR 2
1733755286s893:IRQ_RX_TX_TIMEOUT
1733755286s893:NOTIFY
1733755286s893:MAC rxTimeOut
1733755287s863:RX_2 on freq 869525000 Hz at DR 0
1733755288s061:IRQ_RX_TX_TIMEOUT
1733755288s061:NOTIFY
1733755288s061:MAC rxTimeOut

###### ========== MCPS-Confirm =============
###### U/L FRAME:0027 | PORT:24 | DR:2 | PWR:1 | MSG TYPE:UNCONFIRMED
1733755345s502:Airtime test started: 0
1733755345s502:MAC Tx start packet size: 18
1733755345s506:TX on freq 867700000 Hz at DR 2
1733755345s506:RADIO SEND WITH size 18
1733755345s508:SEND REQUEST
1733755345s838:NOTIFY
1733755345s838:MAC txDone
1733755346s832:RX_1 on freq 867700000 Hz at DR 2
1733755346s899:IRQ_RX_TX_TIMEOUT
1733755346s899:NOTIFY
1733755346s899:MAC rxTimeOut
1733755347s869:RX_2 on freq 869525000 Hz at DR 0
1733755348s067:IRQ_RX_TX_TIMEOUT
1733755348s067:NOTIFY
1733755348s067:MAC rxTimeOut

###### ========== MCPS-Confirm =============
###### U/L FRAME:0028 | PORT:24 | DR:2 | PWR:1 | MSG TYPE:UNCONFIRMED
1733755405s508:Airtime test started: 0
1733755405s508:MAC Tx start packet size: 18
1733755405s512:TX on freq 868100000 Hz at DR 2
1733755405s512:RADIO SEND WITH size 18
1733755405s513:SEND REQUEST
1733755405s844:NOTIFY
1733755405s844:MAC txDone
1733755406s839:RX_1 on freq 868100000 Hz at DR 2
1733755406s906:IRQ_RX_TX_TIMEOUT
1733755406s906:NOTIFY
1733755406s906:MAC rxTimeOut
1733755407s876:RX_2 on freq 869525000 Hz at DR 0
1733755408s074:IRQ_RX_TX_TIMEOUT
1733755408s074:NOTIFY
1733755408s074:MAC rxTimeOut

###### ========== MCPS-Confirm =============
###### U/L FRAME:0029 | PORT:24 | DR:2 | PWR:1 | MSG TYPE:UNCONFIRMED
1733755465s513:Airtime test started: 0
1733755465s513:MAC Tx start packet size: 18
1733755465s517:TX on freq 867500000 Hz at DR 2
1733755465s517:RADIO SEND WITH size 18
1733755465s519:SEND REQUEST
1733755465s849:NOTIFY
1733755465s849:MAC txDone
1733755466s844:RX_1 on freq 867500000 Hz at DR 2
1733755466s911:IRQ_RX_TX_TIMEOUT
1733755466s911:NOTIFY
1733755466s911:MAC rxTimeOut
1733755467s881:RX_2 on freq 869525000 Hz at DR 0
1733755468s079:IRQ_RX_TX_TIMEOUT
1733755468s079:NOTIFY
1733755468s079:MAC rxTimeOut

###### ========== MCPS-Confirm =============
###### U/L FRAME:0030 | PORT:24 | DR:2 | PWR:1 | MSG TYPE:UNCONFIRMED
1733755525s519:Airtime test started: 0
1733755525s519:MAC Tx start packet size: 18
1733755525s523:TX on freq 867500000 Hz at DR 2
1733755525s523:RADIO SEND WITH size 18
1733755525s525:SEND REQUEST
1733755525s855:NOTIFY
1733755525s855:MAC txDone
1733755526s849:RX_1 on freq 867500000 Hz at DR 2
1733755526s917:IRQ_RX_TX_TIMEOUT
1733755526s917:NOTIFY
1733755526s917:MAC rxTimeOut
1733755527s887:RX_2 on freq 869525000 Hz at DR 0
1733755528s085:IRQ_RX_TX_TIMEOUT
1733755528s085:NOTIFY
1733755528s085:MAC rxTimeOut

###### ========== MCPS-Confirm =============
###### U/L FRAME:0031 | PORT:24 | DR:2 | PWR:1 | MSG TYPE:UNCONFIRMED
1733755585s525:Airtime test started: 0
1733755585s525:MAC Tx start packet size: 18
1733755585s529:TX on freq 867100000 Hz at DR 2
1733755585s529:RADIO SEND WITH size 18
1733755585s531:SEND REQUEST
1733755585s861:NOTIFY
1733755585s861:MAC txDone
1733755586s855:RX_1 on freq 867100000 Hz at DR 2
1733755586s923:IRQ_RX_TX_TIMEOUT
1733755586s923:NOTIFY
1733755586s923:MAC rxTimeOut
1733755587s892:RX_2 on freq 869525000 Hz at DR 0
1733755588s091:IRQ_RX_TX_TIMEOUT
1733755588s091:NOTIFY
1733755588s091:MAC rxTimeOut

###### ========== MCPS-Confirm =============
###### U/L FRAME:0032 | PORT:24 | DR:2 | PWR:1 | MSG TYPE:UNCONFIRMED
1733755645s531:Airtime test started: 0
1733755645s531:MAC Tx start packet size: 18
1733755645s535:TX on freq 867100000 Hz at DR 2
1733755645s535:RADIO SEND WITH size 18
1733755645s537:SEND REQUEST
1733755645s867:NOTIFY
1733755645s867:MAC txDone
1733755646s861:RX_1 on freq 867100000 Hz at DR 2
1733755646s928:IRQ_RX_TX_TIMEOUT
1733755646s928:NOTIFY
1733755646s928:MAC rxTimeOut
1733755647s898:RX_2 on freq 869525000 Hz at DR 0
1733755648s096:IRQ_RX_TX_TIMEOUT
1733755648s096:NOTIFY
1733755648s096:MAC rxTimeOut

###### ========== MCPS-Confirm =============
###### U/L FRAME:0033 | PORT:24 | DR:2 | PWR:1 | MSG TYPE:UNCONFIRMED
1733755705s537:Airtime test started: 0
1733755705s537:MAC Tx start packet size: 18
1733755705s541:TX on freq 868100000 Hz at DR 2
1733755705s541:RADIO SEND WITH size 18
1733755705s543:SEND REQUEST
1733755705s873:NOTIFY
1733755705s873:MAC txDone
1733755706s867:RX_1 on freq 868100000 Hz at DR 2
1733755706s934:IRQ_RX_TX_TIMEOUT
1733755706s934:NOTIFY
1733755706s934:MAC rxTimeOut
1733755707s904:RX_2 on freq 869525000 Hz at DR 0
1733755708s102:IRQ_RX_TX_TIMEOUT
1733755708s102:NOTIFY
1733755708s102:MAC rxTimeOut

###### ========== MCPS-Confirm =============
###### U/L FRAME:0034 | PORT:24 | DR:2 | PWR:1 | MSG TYPE:UNCONFIRMED
1733755765s543:Airtime test started: 0
1733755765s543:MAC Tx start packet size: 18
1733755765s547:TX on freq 868500000 Hz at DR 2
1733755765s547:RADIO SEND WITH size 18
1733755765s549:SEND REQUEST
1733755765s879:NOTIFY
1733755765s879:MAC txDone
1733755766s873:RX_1 on freq 868500000 Hz at DR 2
1733755766s940:IRQ_RX_TX_TIMEOUT
1733755766s940:NOTIFY
1733755766s940:MAC rxTimeOut
1733755767s910:RX_2 on freq 869525000 Hz at DR 0
1733755768s108:IRQ_RX_TX_TIMEOUT
1733755768s108:NOTIFY
1733755768s108:MAC rxTimeOut

###### ========== MCPS-Confirm =============
###### U/L FRAME:0035 | PORT:24 | DR:2 | PWR:1 | MSG TYPE:UNCONFIRMED
1733755825s549:Airtime test started: 0
1733755825s549:MAC Tx start packet size: 18
1733755825s553:TX on freq 867700000 Hz at DR 2
1733755825s553:RADIO SEND WITH size 18
1733755825s554:SEND REQUEST
1733755825s885:NOTIFY
1733755825s885:MAC txDone
1733755826s879:RX_1 on freq 867700000 Hz at DR 2
1733755826s946:IRQ_RX_TX_TIMEOUT
1733755826s946:NOTIFY
1733755826s946:MAC rxTimeOut
1733755827s916:RX_2 on freq 869525000 Hz at DR 0
1733755828s114:IRQ_RX_TX_TIMEOUT
1733755828s114:NOTIFY
1733755828s114:MAC rxTimeOut

###### ========== MCPS-Confirm =============
###### U/L FRAME:0036 | PORT:24 | DR:2 | PWR:1 | MSG TYPE:UNCONFIRMED
1733755885s554:Airtime test started: 0
1733755885s554:MAC Tx start packet size: 18
1733755885s558:TX on freq 867900000 Hz at DR 2
1733755885s558:RADIO SEND WITH size 18
1733755885s560:SEND REQUEST
1733755885s890:NOTIFY
1733755885s890:MAC txDone
1733755886s885:RX_1 on freq 867900000 Hz at DR 2
1733755887s431:MAC rxNotify
1733755887s431:NOTIFY
1733755887s431:MAC rxDone

###### ========== MCPS-Confirm =============
###### U/L FRAME:0037 | PORT:24 | DR:2 | PWR:1 | MSG TYPE:UNCONFIRMED
1733755887s434:value of rxport: 200
1733755887s434:MULTICAST CLASS C SETUP 2
###### D/L FRAME:0001 | PORT:200 | DR:2 | SLOT:1 | RSSI:-9 | SNR:8
1733755887s444:MAC Tx start packet size: 15
1733755887s448:TX on freq 867300000 Hz at DR 2
1733755887s449:RADIO SEND WITH size 15
ID          : 0
McAddr      : 976868F3
McKey       : 56-13-C2-C6-B3-35-55-C3-81-8A-2A-A4-DF-94-00-C9
McFCountMin : 0
McFCountMax : 4294967295
SessionTime : 0
SessionTimeT: 1 s
Rx Freq     : 0
Rx DR       : DR_0
1733755887s780:NOTIFY
1733755887s780:MAC txDone
1733755888s774:RX_1 on freq 867300000 Hz at DR 2
1733755889s158:MAC rxNotify
1733755889s158:NOTIFY
1733755889s158:MAC rxDone

###### ========== MCPS-Confirm =============
###### U/L FRAME:0038 | PORT:200 | DR:2 | PWR:1 | MSG TYPE:UNCONFIRMED
1733755889s160:value of rxport: 201
###### D/L FRAME:0002 | PORT:201 | DR:2 | SLOT:1 | RSSI:-9 | SNR:8
1733755889s161:#####################FRAGDECODER INIT
1733755893s045:MAC Tx start packet size: 15
1733755893s049:TX on freq 867700000 Hz at DR 2
1733755893s049:RADIO SEND WITH size 15
1733755893s381:NOTIFY
1733755893s381:MAC txDone
1733755894s375:RX_1 on freq 867700000 Hz at DR 2
1733755894s442:IRQ_RX_TX_TIMEOUT
1733755894s442:NOTIFY
1733755894s442:MAC rxTimeOut
1733755895s412:RX_2 on freq 869525000 Hz at DR 0
1733755895s610:IRQ_RX_TX_TIMEOUT
1733755895s610:NOTIFY
1733755895s610:MAC rxTimeOut

###### ========== MCPS-Confirm =============
###### U/L FRAME:0039 | PORT:201 | DR:2 | PWR:1 | MSG TYPE:UNCONFIRMED
1733755945s560:Airtime test started: 0
1733755945s560:MAC Tx start packet size: 18
1733755945s564:TX on freq 867100000 Hz at DR 2
1733755945s564:RADIO SEND WITH size 18
1733755945s566:SEND REQUEST
1733755945s896:NOTIFY
1733755945s896:MAC txDone
1733755946s890:RX_1 on freq 867100000 Hz at DR 2
1733755947s273:MAC rxNotify
1733755947s273:NOTIFY
1733755947s273:MAC rxDone

###### ========== MCPS-Confirm =============
###### U/L FRAME:0040 | PORT:24 | DR:2 | PWR:1 | MSG TYPE:UNCONFIRMED
1733755947s276:value of rxport: 200
1733755947s277:MULTICAST CLASS C SETUP 4
###### D/L FRAME:0003 | PORT:200 | DR:2 | SLOT:1 | RSSI:-9 | SNR:8
Time2SessionStart: 284000 ms
1733755947s277:MAC Tx start packet size: 18
1733755947s281:TX on freq 867100000 Hz at DR 2
1733755947s282:RADIO SEND WITH size 18
ID          : 0
McAddr      : 976868F3
McKey       : 56-13-C2-C6-B3-35-55-C3-81-8A-2A-A4-DF-94-00-C9
McFCountMin : 0
McFCountMax : 4294967295
SessionTime : 1733756231
SessionTimeT: 2048 s
Rx Freq     : 869525000
Rx DR       : DR_2
1733755947s613:NOTIFY
1733755947s613:MAC txDone
1733755948s607:RX_1 on freq 867100000 Hz at DR 2
1733755948s675:IRQ_RX_TX_TIMEOUT
1733755948s675:NOTIFY
1733755948s675:MAC rxTimeOut
1733755949s644:RX_2 on freq 869525000 Hz at DR 0
1733755949s843:IRQ_RX_TX_TIMEOUT
1733755949s843:NOTIFY
1733755949s843:MAC rxTimeOut

###### ========== MCPS-Confirm =============
###### U/L FRAME:0041 | PORT:200 | DR:2 | PWR:1 | MSG TYPE:UNCONFIRMED
1733756231s277:[SWITCHCLASS class C]
1733756231s292:RX_C on freq 869525000 Hz at DR 2
1733756231s294:#############OPENED CONTINUOUS RX C WINDOW
Switch to Class C done
1733756237s192:MAC rxNotify
1733756237s192:NOTIFY
1733756237s192:MAC rxDone
1733756237s196:RXSLOT
1733756237s196:value of rxport: 201
###### D/L FRAME:0000 | PORT:201 | DR:2 | SLOT:C_MC | RSSI:-6 | SNR:9
1733756237s196:#####################FRAGDECODER PROCESS

.... FRAG_DECODER in Progress ....
EXPECTED   : 052 Fragments (02028 Bytes)
RECEIVED   : 001 Fragments
             00039 Bytes
LOST       : 000 Fragments

1733756237s201:RX_C on freq 869525000 Hz at DR 2
1733756237s202:#############OPENED CONTINUOUS RX C WINDOW
1733756243s275:MAC rxNotify
1733756243s275:NOTIFY
1733756243s275:MAC rxDone
1733756243s278:RXSLOT
1733756243s278:value of rxport: 201
###### D/L FRAME:0001 | PORT:201 | DR:2 | SLOT:C_MC | RSSI:-6 | SNR:8
1733756243s278:#####################FRAGDECODER PROCESS

.... FRAG_DECODER in Progress ....
EXPECTED   : 052 Fragments (02028 Bytes)
RECEIVED   : 002 Fragments
             00078 Bytes
LOST       : 000 Fragments

1733756243s283:RX_C on freq 869525000 Hz at DR 2
1733756243s284:#############OPENED CONTINUOUS RX C WINDOW
1733756249s314:MAC rxNotify
1733756249s314:NOTIFY
1733756249s314:MAC rxDone
1733756249s317:RXSLOT
1733756249s317:value of rxport: 201
###### D/L FRAME:0002 | PORT:201 | DR:2 | SLOT:C_MC | RSSI:-6 | SNR:8
1733756249s317:#####################FRAGDECODER PROCESS

.... FRAG_DECODER in Progress ....
EXPECTED   : 052 Fragments (02028 Bytes)
RECEIVED   : 003 Fragments
             00117 Bytes
LOST       : 000 Fragments

1733756249s322:RX_C on freq 869525000 Hz at DR 2
1733756249s323:#############OPENED CONTINUOUS RX C WINDOW
1733756255s331:MAC rxNotify
1733756255s331:NOTIFY
1733756255s331:MAC rxDone
1733756255s334:RXSLOT
1733756255s334:value of rxport: 201
###### D/L FRAME:0003 | PORT:201 | DR:2 | SLOT:C_MC | RSSI:-6 | SNR:9
1733756255s334:#####################FRAGDECODER PROCESS

.... FRAG_DECODER in Progress ....
EXPECTED   : 052 Fragments (02028 Bytes)
RECEIVED   : 004 Fragments
             00156 Bytes
LOST       : 000 Fragments

1733756255s339:RX_C on freq 869525000 Hz at DR 2
1733756255s340:#############OPENED CONTINUOUS RX C WINDOW
1733756262s358:MAC rxNotify
1733756262s358:NOTIFY
1733756262s358:MAC rxDone
1733756262s361:RXSLOT
1733756262s361:value of rxport: 201
###### D/L FRAME:0004 | PORT:201 | DR:2 | SLOT:C_MC | RSSI:-7 | SNR:9
1733756262s361:#####################FRAGDECODER PROCESS

.... FRAG_DECODER in Progress ....
EXPECTED   : 052 Fragments (02028 Bytes)
RECEIVED   : 005 Fragments
             00195 Bytes
LOST       : 000 Fragments

1733756262s365:RX_C on freq 869525000 Hz at DR 2
1733756262s367:#############OPENED CONTINUOUS RX C WINDOW
1733756268s387:MAC rxNotify
1733756268s387:NOTIFY
1733756268s387:MAC rxDone
1733756268s391:RXSLOT
1733756268s391:value of rxport: 201
###### D/L FRAME:0005 | PORT:201 | DR:2 | SLOT:C_MC | RSSI:-6 | SNR:8
1733756268s391:#####################FRAGDECODER PROCESS

.... FRAG_DECODER in Progress ....
EXPECTED   : 052 Fragments (02028 Bytes)
RECEIVED   : 006 Fragments
             00234 Bytes
LOST       : 000 Fragments

1733756268s396:RX_C on freq 869525000 Hz at DR 2
1733756268s397:#############OPENED CONTINUOUS RX C WINDOW
1733756274s397:MAC rxNotify
1733756274s397:NOTIFY
1733756274s397:MAC rxDone
1733756274s400:RXSLOT
1733756274s400:value of rxport: 201
###### D/L FRAME:0006 | PORT:201 | DR:2 | SLOT:C_MC | RSSI:-6 | SNR:8
1733756274s400:#####################FRAGDECODER PROCESS

.... FRAG_DECODER in Progress ....
EXPECTED   : 052 Fragments (02028 Bytes)
RECEIVED   : 007 Fragments
             00273 Bytes
LOST       : 000 Fragments

1733756274s405:RX_C on freq 869525000 Hz at DR 2
1733756274s406:#############OPENED CONTINUOUS RX C WINDOW
1733756280s423:MAC rxNotify
1733756280s424:NOTIFY
1733756280s424:MAC rxDone
1733756280s427:RXSLOT
1733756280s427:value of rxport: 201
###### D/L FRAME:0007 | PORT:201 | DR:2 | SLOT:C_MC | RSSI:-6 | SNR:9
1733756280s427:#####################FRAGDECODER PROCESS

.... FRAG_DECODER in Progress ....
EXPECTED   : 052 Fragments (02028 Bytes)
RECEIVED   : 008 Fragments
             00312 Bytes
LOST       : 000 Fragments

1733756280s431:RX_C on freq 869525000 Hz at DR 2
1733756280s432:#############OPENED CONTINUOUS RX C WINDOW
1733756287s451:MAC rxNotify
1733756287s451:NOTIFY
1733756287s451:MAC rxDone
1733756287s454:RXSLOT
1733756287s454:value of rxport: 201
###### D/L FRAME:0008 | PORT:201 | DR:2 | SLOT:C_MC | RSSI:-6 | SNR:8
1733756287s454:#####################FRAGDECODER PROCESS

.... FRAG_DECODER in Progress ....
EXPECTED   : 052 Fragments (02028 Bytes)
RECEIVED   : 009 Fragments
             00351 Bytes
LOST       : 000 Fragments

1733756287s459:RX_C on freq 869525000 Hz at DR 2
1733756287s460:#############OPENED CONTINUOUS RX C WINDOW
1733756293s480:MAC rxNotify
1733756293s480:NOTIFY
1733756293s480:MAC rxDone
1733756293s483:RXSLOT
1733756293s483:value of rxport: 201
###### D/L FRAME:0009 | PORT:201 | DR:2 | SLOT:C_MC | RSSI:-6 | SNR:9
1733756293s483:#####################FRAGDECODER PROCESS

.... FRAG_DECODER in Progress ....
EXPECTED   : 052 Fragments (02028 Bytes)
RECEIVED   : 010 Fragments
             00390 Bytes
LOST       : 000 Fragments

1733756293s488:RX_C on freq 869525000 Hz at DR 2
1733756293s489:#############OPENED CONTINUOUS RX C WINDOW
1733756299s505:MAC rxNotify
1733756299s505:NOTIFY
1733756299s505:MAC rxDone
1733756299s508:RXSLOT
1733756299s508:value of rxport: 201
###### D/L FRAME:0010 | PORT:201 | DR:2 | SLOT:C_MC | RSSI:-6 | SNR:9
1733756299s508:#####################FRAGDECODER PROCESS

.... FRAG_DECODER in Progress ....
EXPECTED   : 052 Fragments (02028 Bytes)
RECEIVED   : 011 Fragments
             00429 Bytes
LOST       : 000 Fragments

1733756299s512:RX_C on freq 869525000 Hz at DR 2
1733756299s513:#############OPENED CONTINUOUS RX C WINDOW
1733756305s532:MAC rxNotify
1733756305s532:NOTIFY
1733756305s532:MAC rxDone
1733756305s535:RXSLOT
1733756305s535:value of rxport: 201
###### D/L FRAME:0011 | PORT:201 | DR:2 | SLOT:C_MC | RSSI:-6 | SNR:9
1733756305s535:#####################FRAGDECODER PROCESS

.... FRAG_DECODER in Progress ....
EXPECTED   : 052 Fragments (02028 Bytes)
RECEIVED   : 012 Fragments
             00468 Bytes
LOST       : 000 Fragments

1733756305s540:RX_C on freq 869525000 Hz at DR 2
1733756305s541:#############OPENED CONTINUOUS RX C WINDOW
1733756312s569:MAC rxNotify
1733756312s569:NOTIFY
1733756312s569:MAC rxDone
1733756312s572:RXSLOT
1733756312s572:value of rxport: 201
###### D/L FRAME:0012 | PORT:201 | DR:2 | SLOT:C_MC | RSSI:-6 | SNR:8
1733756312s572:#####################FRAGDECODER PROCESS

.... FRAG_DECODER in Progress ....
EXPECTED   : 052 Fragments (02028 Bytes)
RECEIVED   : 013 Fragments
             00507 Bytes
LOST       : 000 Fragments

1733756312s576:RX_C on freq 869525000 Hz at DR 2
1733756312s578:#############OPENED CONTINUOUS RX C WINDOW
1733756318s592:MAC rxNotify
1733756318s592:NOTIFY
1733756318s592:MAC rxDone
1733756318s595:RXSLOT
1733756318s595:value of rxport: 201
###### D/L FRAME:0013 | PORT:201 | DR:2 | SLOT:C_MC | RSSI:-6 | SNR:9
1733756318s595:#####################FRAGDECODER PROCESS

.... FRAG_DECODER in Progress ....
EXPECTED   : 052 Fragments (02028 Bytes)
RECEIVED   : 014 Fragments
             00546 Bytes
LOST       : 000 Fragments

1733756318s599:RX_C on freq 869525000 Hz at DR 2
1733756318s600:#############OPENED CONTINUOUS RX C WINDOW
1733756324s647:MAC rxNotify
1733756324s647:NOTIFY
1733756324s647:MAC rxDone
1733756324s650:RXSLOT
1733756324s650:value of rxport: 201
###### D/L FRAME:0014 | PORT:201 | DR:2 | SLOT:C_MC | RSSI:-6 | SNR:9
1733756324s650:#####################FRAGDECODER PROCESS

.... FRAG_DECODER in Progress ....
EXPECTED   : 052 Fragments (02028 Bytes)
RECEIVED   : 015 Fragments
             00585 Bytes
LOST       : 000 Fragments

1733756324s655:RX_C on freq 869525000 Hz at DR 2
1733756324s656:#############OPENED CONTINUOUS RX C WINDOW
1733756330s718:MAC rxNotify
1733756330s718:NOTIFY
1733756330s718:MAC rxDone
1733756330s720:RXSLOT
1733756330s720:value of rxport: 201
###### D/L FRAME:0015 | PORT:201 | DR:2 | SLOT:C_MC | RSSI:-6 | SNR:8
1733756330s720:#####################FRAGDECODER PROCESS

.... FRAG_DECODER in Progress ....
EXPECTED   : 052 Fragments (02028 Bytes)
RECEIVED   : 016 Fragments
             00624 Bytes
LOST       : 000 Fragments

1733756330s725:RX_C on freq 869525000 Hz at DR 2
1733756330s726:#############OPENED CONTINUOUS RX C WINDOW
1733756337s762:MAC rxNotify
1733756337s762:NOTIFY
1733756337s762:MAC rxDone
1733756337s765:RXSLOT
1733756337s765:value of rxport: 201
###### D/L FRAME:0016 | PORT:201 | DR:2 | SLOT:C_MC | RSSI:-6 | SNR:9
1733756337s765:#####################FRAGDECODER PROCESS

.... FRAG_DECODER in Progress ....
EXPECTED   : 052 Fragments (02028 Bytes)
RECEIVED   : 017 Fragments
             00663 Bytes
LOST       : 000 Fragments

1733756337s770:RX_C on freq 869525000 Hz at DR 2
1733756337s771:#############OPENED CONTINUOUS RX C WINDOW
1733756343s776:MAC rxNotify
1733756343s776:NOTIFY
1733756343s776:MAC rxDone
1733756343s779:RXSLOT
1733756343s779:value of rxport: 201
###### D/L FRAME:0017 | PORT:201 | DR:2 | SLOT:C_MC | RSSI:-6 | SNR:9
1733756343s779:#####################FRAGDECODER PROCESS

.... FRAG_DECODER in Progress ....
EXPECTED   : 052 Fragments (02028 Bytes)
RECEIVED   : 018 Fragments
             00702 Bytes
LOST       : 000 Fragments

1733756343s784:RX_C on freq 869525000 Hz at DR 2
1733756343s785:#############OPENED CONTINUOUS RX C WINDOW
1733756349s801:MAC rxNotify
1733756349s801:NOTIFY
1733756349s801:MAC rxDone
1733756349s804:RXSLOT
1733756349s804:value of rxport: 201
###### D/L FRAME:0018 | PORT:201 | DR:2 | SLOT:C_MC | RSSI:-6 | SNR:9
1733756349s804:#####################FRAGDECODER PROCESS

.... FRAG_DECODER in Progress ....
EXPECTED   : 052 Fragments (02028 Bytes)
RECEIVED   : 019 Fragments
             00741 Bytes
LOST       : 000 Fragments

1733756349s809:RX_C on freq 869525000 Hz at DR 2
1733756349s810:#############OPENED CONTINUOUS RX C WINDOW
1733756355s827:MAC rxNotify
1733756355s827:NOTIFY
1733756355s827:MAC rxDone
1733756355s830:RXSLOT
1733756355s830:value of rxport: 201
###### D/L FRAME:0019 | PORT:201 | DR:2 | SLOT:C_MC | RSSI:-6 | SNR:9
1733756355s830:#####################FRAGDECODER PROCESS

.... FRAG_DECODER in Progress ....
EXPECTED   : 052 Fragments (02028 Bytes)
RECEIVED   : 020 Fragments
             00780 Bytes
LOST       : 000 Fragments

1733756355s835:RX_C on freq 869525000 Hz at DR 2
1733756355s836:#############OPENED CONTINUOUS RX C WINDOW
1733756362s853:MAC rxNotify
1733756362s853:NOTIFY
1733756362s853:MAC rxDone
1733756362s856:RXSLOT
1733756362s856:value of rxport: 201
###### D/L FRAME:0020 | PORT:201 | DR:2 | SLOT:C_MC | RSSI:-6 | SNR:8
1733756362s856:#####################FRAGDECODER PROCESS

.... FRAG_DECODER in Progress ....
EXPECTED   : 052 Fragments (02028 Bytes)
RECEIVED   : 021 Fragments
             00819 Bytes
LOST       : 000 Fragments

1733756362s861:RX_C on freq 869525000 Hz at DR 2
1733756362s862:#############OPENED CONTINUOUS RX C WINDOW
1733756368s879:MAC rxNotify
1733756368s879:NOTIFY
1733756368s879:MAC rxDone
1733756368s882:RXSLOT
1733756368s882:value of rxport: 201
###### D/L FRAME:0021 | PORT:201 | DR:2 | SLOT:C_MC | RSSI:-6 | SNR:8
1733756368s882:#####################FRAGDECODER PROCESS

.... FRAG_DECODER in Progress ....
EXPECTED   : 052 Fragments (02028 Bytes)
RECEIVED   : 022 Fragments
             00858 Bytes
LOST       : 000 Fragments

1733756368s887:RX_C on freq 869525000 Hz at DR 2
1733756368s887:#############OPENED CONTINUOUS RX C WINDOW
1733756374s901:MAC rxNotify
1733756374s901:NOTIFY
1733756374s901:MAC rxDone
1733756374s904:RXSLOT
1733756374s904:value of rxport: 201
###### D/L FRAME:0022 | PORT:201 | DR:2 | SLOT:C_MC | RSSI:-6 | SNR:9
1733756374s904:#####################FRAGDECODER PROCESS

.... FRAG_DECODER in Progress ....
EXPECTED   : 052 Fragments (02028 Bytes)
RECEIVED   : 023 Fragments
             00897 Bytes
LOST       : 000 Fragments

1733756374s909:RX_C on freq 869525000 Hz at DR 2
1733756374s910:#############OPENED CONTINUOUS RX C WINDOW
1733756380s927:MAC rxNotify
1733756380s927:NOTIFY
1733756380s927:MAC rxDone
1733756380s929:RXSLOT
1733756380s929:value of rxport: 201
###### D/L FRAME:0023 | PORT:201 | DR:2 | SLOT:C_MC | RSSI:-6 | SNR:8
1733756380s929:#####################FRAGDECODER PROCESS

.... FRAG_DECODER in Progress ....
EXPECTED   : 052 Fragments (02028 Bytes)
RECEIVED   : 024 Fragments
             00936 Bytes
LOST       : 000 Fragments

1733756380s934:RX_C on freq 869525000 Hz at DR 2
1733756380s935:#############OPENED CONTINUOUS RX C WINDOW
1733756387s955:MAC rxNotify
1733756387s955:NOTIFY
1733756387s955:MAC rxDone
1733756387s958:RXSLOT
1733756387s958:value of rxport: 201
###### D/L FRAME:0024 | PORT:201 | DR:2 | SLOT:C_MC | RSSI:-6 | SNR:9
1733756387s958:#####################FRAGDECODER PROCESS

.... FRAG_DECODER in Progress ....
EXPECTED   : 052 Fragments (02028 Bytes)
RECEIVED   : 025 Fragments
             00975 Bytes
LOST       : 000 Fragments

1733756387s963:RX_C on freq 869525000 Hz at DR 2
1733756387s964:#############OPENED CONTINUOUS RX C WINDOW
1733756393s975:MAC rxNotify
1733756393s975:NOTIFY
1733756393s975:MAC rxDone
1733756393s978:RXSLOT
1733756393s978:value of rxport: 201
###### D/L FRAME:0025 | PORT:201 | DR:2 | SLOT:C_MC | RSSI:-6 | SNR:9
1733756393s978:#####################FRAGDECODER PROCESS

.... FRAG_DECODER in Progress ....
EXPECTED   : 052 Fragments (02028 Bytes)
RECEIVED   : 026 Fragments
             01014 Bytes
LOST       : 000 Fragments

1733756393s983:RX_C on freq 869525000 Hz at DR 2
1733756393s984:#############OPENED CONTINUOUS RX C WINDOW
1733756400s002:MAC rxNotify
1733756400s002:NOTIFY
1733756400s002:MAC rxDone
1733756400s005:RXSLOT
1733756400s005:value of rxport: 201
###### D/L FRAME:0026 | PORT:201 | DR:2 | SLOT:C_MC | RSSI:-6 | SNR:8
1733756400s005:#####################FRAGDECODER PROCESS

.... FRAG_DECODER in Progress ....
EXPECTED   : 052 Fragments (02028 Bytes)
RECEIVED   : 027 Fragments
             01053 Bytes
LOST       : 000 Fragments

1733756400s010:RX_C on freq 869525000 Hz at DR 2
1733756400s011:#############OPENED CONTINUOUS RX C WINDOW
1733756406s040:MAC rxNotify
1733756406s040:NOTIFY
1733756406s040:MAC rxDone
1733756406s043:RXSLOT
1733756406s043:value of rxport: 201
###### D/L FRAME:0027 | PORT:201 | DR:2 | SLOT:C_MC | RSSI:-5 | SNR:9
1733756406s043:#####################FRAGDECODER PROCESS

.... FRAG_DECODER in Progress ....
EXPECTED   : 052 Fragments (02028 Bytes)
RECEIVED   : 028 Fragments
             01092 Bytes
LOST       : 000 Fragments

1733756406s048:RX_C on freq 869525000 Hz at DR 2
1733756406s049:#############OPENED CONTINUOUS RX C WINDOW
1733756413s134:MAC rxNotify
1733756413s134:NOTIFY
1733756413s134:MAC rxDone
1733756413s137:RXSLOT
1733756413s137:value of rxport: 201
###### D/L FRAME:0028 | PORT:201 | DR:2 | SLOT:C_MC | RSSI:-5 | SNR:9
1733756413s137:#####################FRAGDECODER PROCESS

.... FRAG_DECODER in Progress ....
EXPECTED   : 052 Fragments (02028 Bytes)
RECEIVED   : 029 Fragments
             01131 Bytes
LOST       : 000 Fragments

1733756413s141:RX_C on freq 869525000 Hz at DR 2
1733756413s142:#############OPENED CONTINUOUS RX C WINDOW
1733756419s190:MAC rxNotify
1733756419s190:NOTIFY
1733756419s190:MAC rxDone
1733756419s193:RXSLOT
1733756419s193:value of rxport: 201
###### D/L FRAME:0029 | PORT:201 | DR:2 | SLOT:C_MC | RSSI:-6 | SNR:9
1733756419s193:#####################FRAGDECODER PROCESS

.... FRAG_DECODER in Progress ....
EXPECTED   : 052 Fragments (02028 Bytes)
RECEIVED   : 030 Fragments
             01170 Bytes
LOST       : 000 Fragments

1733756419s198:RX_C on freq 869525000 Hz at DR 2
1733756419s199:#############OPENED CONTINUOUS RX C WINDOW
1733756425s217:MAC rxNotify
1733756425s217:NOTIFY
1733756425s217:MAC rxDone
1733756425s220:RXSLOT
1733756425s220:value of rxport: 201
###### D/L FRAME:0030 | PORT:201 | DR:2 | SLOT:C_MC | RSSI:-6 | SNR:9
1733756425s220:#####################FRAGDECODER PROCESS

.... FRAG_DECODER in Progress ....
EXPECTED   : 052 Fragments (02028 Bytes)
RECEIVED   : 031 Fragments
             01209 Bytes
LOST       : 000 Fragments

1733756425s224:RX_C on freq 869525000 Hz at DR 2
1733756425s225:#############OPENED CONTINUOUS RX C WINDOW
1733756431s235:MAC rxNotify
1733756431s235:NOTIFY
1733756431s235:MAC rxDone
1733756431s238:RXSLOT
1733756431s238:value of rxport: 201
###### D/L FRAME:0031 | PORT:201 | DR:2 | SLOT:C_MC | RSSI:-6 | SNR:8
1733756431s238:#####################FRAGDECODER PROCESS

.... FRAG_DECODER in Progress ....
EXPECTED   : 052 Fragments (02028 Bytes)
RECEIVED   : 032 Fragments
             01248 Bytes
LOST       : 000 Fragments

1733756431s243:RX_C on freq 869525000 Hz at DR 2
1733756431s244:#############OPENED CONTINUOUS RX C WINDOW
1733756438s265:MAC rxNotify
1733756438s265:NOTIFY
1733756438s265:MAC rxDone
1733756438s269:RXSLOT
1733756438s269:value of rxport: 201
###### D/L FRAME:0032 | PORT:201 | DR:2 | SLOT:C_MC | RSSI:-5 | SNR:9
1733756438s269:#####################FRAGDECODER PROCESS

.... FRAG_DECODER in Progress ....
EXPECTED   : 052 Fragments (02028 Bytes)
RECEIVED   : 033 Fragments
             01287 Bytes
LOST       : 000 Fragments

1733756438s274:RX_C on freq 869525000 Hz at DR 2
1733756438s275:#############OPENED CONTINUOUS RX C WINDOW
1733756444s297:MAC rxNotify
1733756444s297:NOTIFY
1733756444s297:MAC rxDone
1733756444s300:RXSLOT
1733756444s300:value of rxport: 201
###### D/L FRAME:0033 | PORT:201 | DR:2 | SLOT:C_MC | RSSI:-6 | SNR:9
1733756444s300:#####################FRAGDECODER PROCESS

.... FRAG_DECODER in Progress ....
EXPECTED   : 052 Fragments (02028 Bytes)
RECEIVED   : 034 Fragments
             01326 Bytes
LOST       : 000 Fragments

1733756444s304:RX_C on freq 869525000 Hz at DR 2
1733756444s305:#############OPENED CONTINUOUS RX C WINDOW
1733756450s304:MAC rxNotify
1733756450s305:NOTIFY
1733756450s305:MAC rxDone
1733756450s308:RXSLOT
1733756450s308:value of rxport: 201
###### D/L FRAME:0034 | PORT:201 | DR:2 | SLOT:C_MC | RSSI:-6 | SNR:8
1733756450s308:#####################FRAGDECODER PROCESS

.... FRAG_DECODER in Progress ....
EXPECTED   : 052 Fragments (02028 Bytes)
RECEIVED   : 035 Fragments
             01365 Bytes
LOST       : 000 Fragments

1733756450s313:RX_C on freq 869525000 Hz at DR 2
1733756450s314:#############OPENED CONTINUOUS RX C WINDOW
1733756456s330:MAC rxNotify
1733756456s331:NOTIFY
1733756456s331:MAC rxDone
1733756456s334:RXSLOT
1733756456s334:value of rxport: 201
###### D/L FRAME:0035 | PORT:201 | DR:2 | SLOT:C_MC | RSSI:-6 | SNR:9
1733756456s334:#####################FRAGDECODER PROCESS

.... FRAG_DECODER in Progress ....
EXPECTED   : 052 Fragments (02028 Bytes)
RECEIVED   : 036 Fragments
             01404 Bytes
LOST       : 000 Fragments

1733756456s339:RX_C on freq 869525000 Hz at DR 2
1733756456s340:#############OPENED CONTINUOUS RX C WINDOW
1733756463s349:MAC rxNotify
1733756463s349:NOTIFY
1733756463s349:MAC rxDone
1733756463s352:RXSLOT
1733756463s352:value of rxport: 201
###### D/L FRAME:0036 | PORT:201 | DR:2 | SLOT:C_MC | RSSI:-6 | SNR:8
1733756463s352:#####################FRAGDECODER PROCESS

.... FRAG_DECODER in Progress ....
EXPECTED   : 052 Fragments (02028 Bytes)
RECEIVED   : 037 Fragments
             01443 Bytes
LOST       : 000 Fragments

1733756463s357:RX_C on freq 869525000 Hz at DR 2
1733756463s358:#############OPENED CONTINUOUS RX C WINDOW
1733756469s375:MAC rxNotify
1733756469s375:NOTIFY
1733756469s375:MAC rxDone
1733756469s378:RXSLOT
1733756469s378:value of rxport: 201
###### D/L FRAME:0037 | PORT:201 | DR:2 | SLOT:C_MC | RSSI:-6 | SNR:9
1733756469s378:#####################FRAGDECODER PROCESS

.... FRAG_DECODER in Progress ....
EXPECTED   : 052 Fragments (02028 Bytes)
RECEIVED   : 038 Fragments
             01482 Bytes
LOST       : 000 Fragments

1733756469s383:RX_C on freq 869525000 Hz at DR 2
1733756469s384:#############OPENED CONTINUOUS RX C WINDOW
1733756475s398:MAC rxNotify
1733756475s398:NOTIFY
1733756475s398:MAC rxDone
1733756475s401:RXSLOT
1733756475s401:value of rxport: 201
###### D/L FRAME:0038 | PORT:201 | DR:2 | SLOT:C_MC | RSSI:-6 | SNR:8
1733756475s401:#####################FRAGDECODER PROCESS

.... FRAG_DECODER in Progress ....
EXPECTED   : 052 Fragments (02028 Bytes)
RECEIVED   : 039 Fragments
             01521 Bytes
LOST       : 000 Fragments

1733756475s406:RX_C on freq 869525000 Hz at DR 2
1733756475s407:#############OPENED CONTINUOUS RX C WINDOW
1733756481s427:MAC rxNotify
1733756481s427:NOTIFY
1733756481s427:MAC rxDone
1733756481s429:RXSLOT
1733756481s429:value of rxport: 201
###### D/L FRAME:0039 | PORT:201 | DR:2 | SLOT:C_MC | RSSI:-6 | SNR:9
1733756481s429:#####################FRAGDECODER PROCESS

.... FRAG_DECODER in Progress ....
EXPECTED   : 052 Fragments (02028 Bytes)
RECEIVED   : 040 Fragments
             01560 Bytes
LOST       : 000 Fragments

1733756481s434:RX_C on freq 869525000 Hz at DR 2
1733756481s435:#############OPENED CONTINUOUS RX C WINDOW
1733756488s462:MAC rxNotify
1733756488s462:NOTIFY
1733756488s462:MAC rxDone
1733756488s465:RXSLOT
1733756488s465:value of rxport: 201
###### D/L FRAME:0040 | PORT:201 | DR:2 | SLOT:C_MC | RSSI:-6 | SNR:9
1733756488s465:#####################FRAGDECODER PROCESS

.... FRAG_DECODER in Progress ....
EXPECTED   : 052 Fragments (02028 Bytes)
RECEIVED   : 041 Fragments
             01599 Bytes
LOST       : 000 Fragments

1733756488s470:RX_C on freq 869525000 Hz at DR 2
1733756488s470:#############OPENED CONTINUOUS RX C WINDOW
1733756494s494:MAC rxNotify
1733756494s494:NOTIFY
1733756494s494:MAC rxDone
1733756494s497:RXSLOT
1733756494s497:value of rxport: 201
###### D/L FRAME:0041 | PORT:201 | DR:2 | SLOT:C_MC | RSSI:-6 | SNR:9
1733756494s497:#####################FRAGDECODER PROCESS

.... FRAG_DECODER in Progress ....
EXPECTED   : 052 Fragments (02028 Bytes)
RECEIVED   : 042 Fragments
             01638 Bytes
LOST       : 000 Fragments

1733756494s502:RX_C on freq 869525000 Hz at DR 2
1733756494s503:#############OPENED CONTINUOUS RX C WINDOW
1733756500s564:MAC rxNotify
1733756500s565:NOTIFY
1733756500s565:MAC rxDone
1733756500s568:RXSLOT
1733756500s568:value of rxport: 201
###### D/L FRAME:0042 | PORT:201 | DR:2 | SLOT:C_MC | RSSI:-6 | SNR:8
1733756500s568:#####################FRAGDECODER PROCESS

.... FRAG_DECODER in Progress ....
EXPECTED   : 052 Fragments (02028 Bytes)
RECEIVED   : 043 Fragments
             01677 Bytes
LOST       : 000 Fragments

1733756500s573:RX_C on freq 869525000 Hz at DR 2
1733756500s574:#############OPENED CONTINUOUS RX C WINDOW
1733756506s632:MAC rxNotify
1733756506s632:NOTIFY
1733756506s632:MAC rxDone
1733756506s635:RXSLOT
1733756506s635:value of rxport: 201
###### D/L FRAME:0043 | PORT:201 | DR:2 | SLOT:C_MC | RSSI:-6 | SNR:9
1733756506s635:#####################FRAGDECODER PROCESS

.... FRAG_DECODER in Progress ....
EXPECTED   : 052 Fragments (02028 Bytes)
RECEIVED   : 044 Fragments
             01716 Bytes
LOST       : 000 Fragments

1733756506s639:RX_C on freq 869525000 Hz at DR 2
1733756506s640:#############OPENED CONTINUOUS RX C WINDOW
1733756513s671:MAC rxNotify
1733756513s671:NOTIFY
1733756513s671:MAC rxDone
1733756513s674:RXSLOT
1733756513s674:value of rxport: 201
###### D/L FRAME:0044 | PORT:201 | DR:2 | SLOT:C_MC | RSSI:-6 | SNR:8
1733756513s674:#####################FRAGDECODER PROCESS

.... FRAG_DECODER in Progress ....
EXPECTED   : 052 Fragments (02028 Bytes)
RECEIVED   : 045 Fragments
             01755 Bytes
LOST       : 000 Fragments

1733756513s678:RX_C on freq 869525000 Hz at DR 2
1733756513s679:#############OPENED CONTINUOUS RX C WINDOW
1733756519s697:MAC rxNotify
1733756519s697:NOTIFY
1733756519s697:MAC rxDone
1733756519s700:RXSLOT
1733756519s700:value of rxport: 201
###### D/L FRAME:0045 | PORT:201 | DR:2 | SLOT:C_MC | RSSI:-7 | SNR:8
1733756519s700:#####################FRAGDECODER PROCESS

.... FRAG_DECODER in Progress ....
EXPECTED   : 052 Fragments (02028 Bytes)
RECEIVED   : 046 Fragments
             01794 Bytes
LOST       : 000 Fragments

1733756519s705:RX_C on freq 869525000 Hz at DR 2
1733756519s706:#############OPENED CONTINUOUS RX C WINDOW
1733756525s724:MAC rxNotify
1733756525s724:NOTIFY
1733756525s724:MAC rxDone
1733756525s727:RXSLOT
1733756525s727:value of rxport: 201
###### D/L FRAME:0046 | PORT:201 | DR:2 | SLOT:C_MC | RSSI:-6 | SNR:8
1733756525s727:#####################FRAGDECODER PROCESS

.... FRAG_DECODER in Progress ....
EXPECTED   : 052 Fragments (02028 Bytes)
RECEIVED   : 047 Fragments
             01833 Bytes
LOST       : 000 Fragments

1733756525s732:RX_C on freq 869525000 Hz at DR 2
1733756525s733:#############OPENED CONTINUOUS RX C WINDOW
1733756531s751:MAC rxNotify
1733756531s751:NOTIFY
1733756531s751:MAC rxDone
1733756531s754:RXSLOT
1733756531s754:value of rxport: 201
###### D/L FRAME:0047 | PORT:201 | DR:2 | SLOT:C_MC | RSSI:-6 | SNR:9
1733756531s754:#####################FRAGDECODER PROCESS

.... FRAG_DECODER in Progress ....
EXPECTED   : 052 Fragments (02028 Bytes)
RECEIVED   : 048 Fragments
             01872 Bytes
LOST       : 000 Fragments

1733756531s759:RX_C on freq 869525000 Hz at DR 2
1733756531s760:#############OPENED CONTINUOUS RX C WINDOW
1733756538s778:MAC rxNotify
1733756538s778:NOTIFY
1733756538s778:MAC rxDone
1733756538s781:RXSLOT
1733756538s781:value of rxport: 201
###### D/L FRAME:0048 | PORT:201 | DR:2 | SLOT:C_MC | RSSI:-6 | SNR:9
1733756538s781:#####################FRAGDECODER PROCESS

.... FRAG_DECODER in Progress ....
EXPECTED   : 052 Fragments (02028 Bytes)
RECEIVED   : 049 Fragments
             01911 Bytes
LOST       : 000 Fragments

1733756538s786:RX_C on freq 869525000 Hz at DR 2
1733756538s787:#############OPENED CONTINUOUS RX C WINDOW
1733756544s804:MAC rxNotify
1733756544s804:NOTIFY
1733756544s804:MAC rxDone
1733756544s807:RXSLOT
1733756544s807:value of rxport: 201
###### D/L FRAME:0049 | PORT:201 | DR:2 | SLOT:C_MC | RSSI:-6 | SNR:8
1733756544s807:#####################FRAGDECODER PROCESS

.... FRAG_DECODER in Progress ....
EXPECTED   : 052 Fragments (02028 Bytes)
RECEIVED   : 050 Fragments
             01950 Bytes
LOST       : 000 Fragments

1733756544s812:RX_C on freq 869525000 Hz at DR 2
1733756544s813:#############OPENED CONTINUOUS RX C WINDOW
1733756550s829:MAC rxNotify
1733756550s829:NOTIFY
1733756550s829:MAC rxDone
1733756550s832:RXSLOT
1733756550s832:value of rxport: 201
###### D/L FRAME:0050 | PORT:201 | DR:2 | SLOT:C_MC | RSSI:-6 | SNR:9
1733756550s832:#####################FRAGDECODER PROCESS

.... FRAG_DECODER in Progress ....
EXPECTED   : 052 Fragments (02028 Bytes)
RECEIVED   : 051 Fragments
             01989 Bytes
LOST       : 000 Fragments

1733756550s837:RX_C on freq 869525000 Hz at DR 2
1733756550s838:#############OPENED CONTINUOUS RX C WINDOW
1733756556s854:MAC rxNotify
1733756556s854:NOTIFY
1733756556s854:MAC rxDone
1733756556s857:RXSLOT
1733756556s857:value of rxport: 201
###### D/L FRAME:0051 | PORT:201 | DR:2 | SLOT:C_MC | RSSI:-6 | SNR:9
1733756556s857:#####################FRAGDECODER PROCESS

.... FRAG_DECODER in Progress ....
EXPECTED   : 052 Fragments (02028 Bytes)
RECEIVED   : 052 Fragments
             02028 Bytes
LOST       : 000 Fragments


.... FRAG_DECODER Finished ....
STATUS     : 0
1733756556s858:ALL FRAGMENTS RECEIVED

= [SBOOT] System Security Check successfully passed. Starting...


======================================================================
=              (C) COPYRIGHT 2017 STMicroelectronics                 =
=                                                                    =
=              Secure Boot and Secure Firmware Update                =
======================================================================


= [SBOOT] SECURE ENGINE INITIALIZATION SUCCESSFUL
= [SBOOT] STATE: CHECK STATUS ON RESET
	  INFO: A Reboot has been triggered by a Software reset!
= [SBOOT] STATE: CHECK NEW FIRMWARE TO DOWNLOAD
= [SBOOT] STATE: CHECK KMS BLOB TO INSTALL
= [SBOOT] STATE: CHECK USER FW STATUS
	  A FW is detected in the slot SLOT_ACTIVE_1
= [SBOOT] STATE: VERIFY USER FW SIGNATURE
= [SBOOT] STATE: EXECUTE USER FIRMWAREAPPLICATION_VERSION: V1.3.0
MW_LORAWAN_VERSION:  V2.5.0
MW_RADIO_VERSION:    V1.3.0
L2_SPEC_VERSION:     V1.0.4
RP_SPEC_VERSION:     V2-1.0.1
###### AppKey:      2B:7E:15:16:28:AE:D2:A6:AB:F7:15:88:09:CF:4F:3C
###### NwkKey:      2B:7E:15:16:28:AE:D2:A6:AB:F7:15:88:09:CF:4F:3C
###### AppSKey:     6B:7A:AF:17:9B:50:D8:6F:B6:71:0A:50:E5:A8:76:03
###### NwkSKey:     45:2F:EE:A9:0F:6A:38:D5:38:49:20:3F:9E:73:A9:B1
###### DevEUI:      00:80:E1:15:05:AB:CD:7C
###### AppEUI:      01:01:01:01:01:01:01:01
###### DevAddr:     05:AB:CD:7C
###### KMS ENABLED