
= [SBOOT] System Security Check successfully passed. Starting...


======================================================================
=              (C) COPYRIGHT 2017 STMicroelectronics                 =
=                                                                    =
=              Secure Boot and Secure Firmware Update                =
======================================================================


= [SBOOT] SECURE ENGINE INITIALIZATION SUCCESSFUL
= [SBOOT] STATE: CHECK STATUS ON RESET
	  INFO: A Reboot has been triggered by a Hardware reset!
= [SBOOT] STATE: CHECK NEW FIRMWARE TO DOWNLOAD
= [SBOOT] STATE: CHECK KMS BLOB TO INSTALL
= [SBOOT] STATE: CHECK USER FW STATUS
	  A FW is detected in the slot SLOT_ACTIVE_1
= [SBOOT] STATE: VERIFY USER FW SIGNATURE
= [SBOOT] STATE: EXECUTE USER FIRMWAREAPPLICATION_VERSION: V1.3.0
MW_LORAWAN_VERSION:  V2.5.0
MW_RADIO_VERSION:    V1.3.0
L2_SPEC_VERSION:     V1.0.4
RP_SPEC_VERSION:     V2-1.0.1
###### AppKey:      2B:7E:15:16:28:AE:D2:A6:AB:F7:15:88:09:CF:4F:3C
###### NwkKey:      2B:7E:15:16:28:AE:D2:A6:AB:F7:15:88:09:CF:4F:3C
###### AppSKey:     11:44:55:C1:70:DA:54:1D:B0:2D:0C:3D:73:87:5C:F7
###### NwkSKey:     82:98:CE:4C:E0:02:35:AC:74:0D:16:A9:10:6F:DC:75
###### DevEUI:      00:80:E1:15:05:AB:CF:19
###### AppEUI:      01:01:01:01:01:01:01:01
###### DevAddr:     05:AB:CF:19
###### KMS ENABLED
###### = JOINED = OTAA =====================
[31mNetwork joined, choose app to execute:
BTN1: TxTimer send uplink every 10 sec
BTN2: Airtime test
[0m
###### U/L FRAME:JOIN | DR:3 | PWR:1
###### MCRootKey:   7D:F7:6B:0C:1A:B8:99:B3:3E:42:F0:47:B9:1B:54:6F
###### MCKEKey:     8C:B8:66:5E:0C:0E:0B:64:5B:2E:D9:E4:8A:19:27:7C
###### AppSKey:     2E:C0:4C:2D:7A:63:4E:C4:93:FB:B0:AE:76:99:A8:10
###### NwkSKey:     01:E6:12:B4:DC:CA:C2:88:79:6A:69:87:D8:96:67:30
###### DBIntKey:    7A:C4:7C:65:FE:25:9B:B6:54:BD:26:35:19:F8:9C:8E
###### DevEUI:      00:80:E1:15:05:AB:CF:19
###### AppEUI:      01:01:01:01:01:01:01:01
###### DevAddr:     01:46:66:73
[32mStart tx timer regular[0m

###### ========== MCPS-Confirm =============
###### U/L FRAME:0001 | PORT:24 | DR:3 | PWR:1 | MSG TYPE:UNCONFIRMED
1731772790s346:value of rxport: 0
###### D/L FRAME:0000 | PORT:0 | DR:3 | SLOT:1 | RSSI:-15 | SNR:11
1731772848s970:Airtime test started: 0
1731772848s970:MAC Tx start packet size: 21
1731772848s974:TX on freq 868500000 Hz at DR 3
1731772848s974:RADIO SEND WITH size 21
1731772848s976:SEND REQUEST
1731772849s162:NOTIFY
1731772849s162:MAC txDone
1731772850s148:RX_1 on freq 868500000 Hz at DR 3
1731772850s207:IRQ_RX_TX_TIMEOUT
1731772850s208:NOTIFY
1731772850s208:MAC rxTimeOut
1731772851s193:RX_2 on freq 869525000 Hz at DR 0
1731772851s391:IRQ_RX_TX_TIMEOUT
1731772851s391:NOTIFY
1731772851s391:MAC rxTimeOut

###### ========== MCPS-Confirm =============
###### U/L FRAME:0002 | PORT:24 | DR:3 | PWR:1 | MSG TYPE:UNCONFIRMED
1731772908s976:Airtime test started: 0
1731772908s976:MAC Tx start packet size: 18
1731772908s980:TX on freq 867700000 Hz at DR 3
1731772908s980:RADIO SEND WITH size 18
1731772908s982:SEND REQUEST
1731772909s167:NOTIFY
1731772909s167:MAC txDone
1731772910s154:RX_1 on freq 867700000 Hz at DR 3
1731772910s212:IRQ_RX_TX_TIMEOUT
1731772910s213:NOTIFY
1731772910s213:MAC rxTimeOut
1731772911s199:RX_2 on freq 869525000 Hz at DR 0
1731772911s397:IRQ_RX_TX_TIMEOUT
1731772911s397:NOTIFY
1731772911s397:MAC rxTimeOut

###### ========== MCPS-Confirm =============
###### U/L FRAME:0003 | PORT:24 | DR:3 | PWR:1 | MSG TYPE:UNCONFIRMED
1731772968s982:Airtime test started: 0
1731772968s982:MAC Tx start packet size: 18
1731772968s986:TX on freq 867900000 Hz at DR 3
1731772968s986:RADIO SEND WITH size 18
1731772968s988:SEND REQUEST
1731772969s173:NOTIFY
1731772969s173:MAC txDone
1731772970s160:RX_1 on freq 867900000 Hz at DR 3
1731772970s218:IRQ_RX_TX_TIMEOUT
1731772970s219:NOTIFY
1731772970s219:MAC rxTimeOut
1731772971s205:RX_2 on freq 869525000 Hz at DR 0
1731772971s403:IRQ_RX_TX_TIMEOUT
1731772971s403:NOTIFY
1731772971s403:MAC rxTimeOut

###### ========== MCPS-Confirm =============
###### U/L FRAME:0004 | PORT:24 | DR:3 | PWR:1 | MSG TYPE:UNCONFIRMED
1731773028s988:Airtime test started: 0
1731773028s988:MAC Tx start packet size: 18
1731773028s992:TX on freq 867300000 Hz at DR 3
1731773028s992:RADIO SEND WITH size 18
1731773028s994:SEND REQUEST
1731773029s179:NOTIFY
1731773029s179:MAC txDone
1731773030s166:RX_1 on freq 867300000 Hz at DR 3
1731773030s224:IRQ_RX_TX_TIMEOUT
1731773030s225:NOTIFY
1731773030s225:MAC rxTimeOut
1731773031s210:RX_2 on freq 869525000 Hz at DR 0
1731773031s409:IRQ_RX_TX_TIMEOUT
1731773031s409:NOTIFY
1731773031s409:MAC rxTimeOut

###### ========== MCPS-Confirm =============
###### U/L FRAME:0005 | PORT:24 | DR:3 | PWR:1 | MSG TYPE:UNCONFIRMED
1731773088s994:Airtime test started: 0
1731773088s994:MAC Tx start packet size: 18
1731773088s998:TX on freq 867700000 Hz at DR 3
1731773088s998:RADIO SEND WITH size 18
1731773088s999:SEND REQUEST
1731773089s185:NOTIFY
1731773089s185:MAC txDone
1731773090s171:RX_1 on freq 867700000 Hz at DR 3
1731773090s230:IRQ_RX_TX_TIMEOUT
1731773090s231:NOTIFY
1731773090s231:MAC rxTimeOut
1731773091s216:RX_2 on freq 869525000 Hz at DR 0
1731773091s415:IRQ_RX_TX_TIMEOUT
1731773091s415:NOTIFY
1731773091s415:MAC rxTimeOut

###### ========== MCPS-Confirm =============
###### U/L FRAME:0006 | PORT:24 | DR:3 | PWR:1 | MSG TYPE:UNCONFIRMED
1731773148s999:Airtime test started: 0
1731773148s999:MAC Tx start packet size: 18
1731773149s003:TX on freq 867100000 Hz at DR 3
1731773149s003:RADIO SEND WITH size 18
1731773149s005:SEND REQUEST
1731773149s191:NOTIFY
1731773149s191:MAC txDone
1731773150s177:RX_1 on freq 867100000 Hz at DR 3
1731773150s236:IRQ_RX_TX_TIMEOUT
1731773150s237:NOTIFY
1731773150s237:MAC rxTimeOut
1731773151s222:RX_2 on freq 869525000 Hz at DR 0
1731773151s420:IRQ_RX_TX_TIMEOUT
1731773151s420:NOTIFY
1731773151s420:MAC rxTimeOut

###### ========== MCPS-Confirm =============
###### U/L FRAME:0007 | PORT:24 | DR:3 | PWR:1 | MSG TYPE:UNCONFIRMED
1731773209s005:Airtime test started: 0
1731773209s005:MAC Tx start packet size: 18
1731773209s009:TX on freq 867100000 Hz at DR 3
1731773209s009:RADIO SEND WITH size 18
1731773209s011:SEND REQUEST
1731773209s197:NOTIFY
1731773209s197:MAC txDone
1731773210s183:RX_1 on freq 867100000 Hz at DR 3
1731773210s242:IRQ_RX_TX_TIMEOUT
1731773210s243:NOTIFY
1731773210s243:MAC rxTimeOut
1731773211s228:RX_2 on freq 869525000 Hz at DR 0
1731773211s426:IRQ_RX_TX_TIMEOUT
1731773211s426:NOTIFY
1731773211s426:MAC rxTimeOut

###### ========== MCPS-Confirm =============
###### U/L FRAME:0008 | PORT:24 | DR:3 | PWR:1 | MSG TYPE:UNCONFIRMED
1731773269s011:Airtime test started: 0
1731773269s011:MAC Tx start packet size: 18
1731773269s015:TX on freq 868300000 Hz at DR 3
1731773269s015:RADIO SEND WITH size 18
1731773269s017:SEND REQUEST
1731773269s203:NOTIFY
1731773269s203:MAC txDone
1731773270s189:RX_1 on freq 868300000 Hz at DR 3
1731773270s248:IRQ_RX_TX_TIMEOUT
1731773270s249:NOTIFY
1731773270s249:MAC rxTimeOut
1731773271s234:RX_2 on freq 869525000 Hz at DR 0
1731773271s432:IRQ_RX_TX_TIMEOUT
1731773271s432:NOTIFY
1731773271s432:MAC rxTimeOut

###### ========== MCPS-Confirm =============
###### U/L FRAME:0009 | PORT:24 | DR:3 | PWR:1 | MSG TYPE:UNCONFIRMED
1731773329s017:Airtime test started: 0
1731773329s017:MAC Tx start packet size: 18
1731773329s021:TX on freq 868500000 Hz at DR 3
1731773329s021:RADIO SEND WITH size 18
1731773329s023:SEND REQUEST
1731773329s208:NOTIFY
1731773329s208:MAC txDone
1731773330s195:RX_1 on freq 868500000 Hz at DR 3
1731773330s253:IRQ_RX_TX_TIMEOUT
1731773330s254:NOTIFY
1731773330s254:MAC rxTimeOut
1731773331s240:RX_2 on freq 869525000 Hz at DR 0
1731773331s438:IRQ_RX_TX_TIMEOUT
1731773331s438:NOTIFY
1731773331s438:MAC rxTimeOut

###### ========== MCPS-Confirm =============
###### U/L FRAME:0010 | PORT:24 | DR:3 | PWR:1 | MSG TYPE:UNCONFIRMED
1731773389s023:Airtime test started: 0
1731773389s023:MAC Tx start packet size: 18
1731773389s027:TX on freq 867700000 Hz at DR 3
1731773389s027:RADIO SEND WITH size 18
1731773389s029:SEND REQUEST
1731773389s214:NOTIFY
1731773389s214:MAC txDone
1731773390s201:RX_1 on freq 867700000 Hz at DR 3
1731773390s259:IRQ_RX_TX_TIMEOUT
1731773390s260:NOTIFY
1731773390s260:MAC rxTimeOut
1731773391s246:RX_2 on freq 869525000 Hz at DR 0
1731773391s444:IRQ_RX_TX_TIMEOUT
1731773391s444:NOTIFY
1731773391s444:MAC rxTimeOut

###### ========== MCPS-Confirm =============
###### U/L FRAME:0011 | PORT:24 | DR:3 | PWR:1 | MSG TYPE:UNCONFIRMED
1731773449s029:Airtime test started: 0
1731773449s029:MAC Tx start packet size: 18
1731773449s033:TX on freq 868100000 Hz at DR 3
1731773449s033:RADIO SEND WITH size 18
1731773449s035:SEND REQUEST
1731773449s220:NOTIFY
1731773449s220:MAC txDone
1731773450s207:RX_1 on freq 868100000 Hz at DR 3
1731773450s265:IRQ_RX_TX_TIMEOUT
1731773450s266:NOTIFY
1731773450s266:MAC rxTimeOut
1731773451s251:RX_2 on freq 869525000 Hz at DR 0
1731773451s450:IRQ_RX_TX_TIMEOUT
1731773451s450:NOTIFY
1731773451s450:MAC rxTimeOut

###### ========== MCPS-Confirm =============
###### U/L FRAME:0012 | PORT:24 | DR:3 | PWR:1 | MSG TYPE:UNCONFIRMED
1731773509s035:Airtime test started: 0
1731773509s035:MAC Tx start packet size: 18
1731773509s039:TX on freq 867500000 Hz at DR 3
1731773509s039:RADIO SEND WITH size 18
1731773509s041:SEND REQUEST
1731773509s226:NOTIFY
1731773509s226:MAC txDone
1731773510s212:RX_1 on freq 867500000 Hz at DR 3
1731773510s271:IRQ_RX_TX_TIMEOUT
1731773510s272:NOTIFY
1731773510s272:MAC rxTimeOut
1731773511s257:RX_2 on freq 869525000 Hz at DR 0
1731773511s456:IRQ_RX_TX_TIMEOUT
1731773511s456:NOTIFY
1731773511s456:MAC rxTimeOut

###### ========== MCPS-Confirm =============
###### U/L FRAME:0013 | PORT:24 | DR:3 | PWR:1 | MSG TYPE:UNCONFIRMED
1731773569s041:Airtime test started: 0
1731773569s041:MAC Tx start packet size: 18
1731773569s044:TX on freq 867500000 Hz at DR 3
1731773569s044:RADIO SEND WITH size 18
1731773569s046:SEND REQUEST
1731773569s232:NOTIFY
1731773569s232:MAC txDone
1731773570s218:RX_1 on freq 867500000 Hz at DR 3
1731773570s277:IRQ_RX_TX_TIMEOUT
1731773570s278:NOTIFY
1731773570s278:MAC rxTimeOut
1731773571s263:RX_2 on freq 869525000 Hz at DR 0
1731773571s461:IRQ_RX_TX_TIMEOUT
1731773571s461:NOTIFY
1731773571s461:MAC rxTimeOut

###### ========== MCPS-Confirm =============
###### U/L FRAME:0014 | PORT:24 | DR:3 | PWR:1 | MSG TYPE:UNCONFIRMED
1731773629s046:Airtime test started: 0
1731773629s046:MAC Tx start packet size: 18
1731773629s050:TX on freq 868500000 Hz at DR 3
1731773629s050:RADIO SEND WITH size 18
1731773629s052:SEND REQUEST
1731773629s238:NOTIFY
1731773629s238:MAC txDone
1731773630s224:RX_1 on freq 868500000 Hz at DR 3
1731773630s283:IRQ_RX_TX_TIMEOUT
1731773630s284:NOTIFY
1731773630s284:MAC rxTimeOut
1731773631s269:RX_2 on freq 869525000 Hz at DR 0
1731773631s467:IRQ_RX_TX_TIMEOUT
1731773631s467:NOTIFY
1731773631s467:MAC rxTimeOut

###### ========== MCPS-Confirm =============
###### U/L FRAME:0015 | PORT:24 | DR:3 | PWR:1 | MSG TYPE:UNCONFIRMED
1731773689s052:Airtime test started: 0
1731773689s052:MAC Tx start packet size: 18
1731773689s056:TX on freq 867300000 Hz at DR 3
1731773689s056:RADIO SEND WITH size 18
1731773689s058:SEND REQUEST
1731773689s244:NOTIFY
1731773689s244:MAC txDone
1731773690s230:RX_1 on freq 867300000 Hz at DR 3
1731773690s289:IRQ_RX_TX_TIMEOUT
1731773690s290:NOTIFY
1731773690s290:MAC rxTimeOut
1731773691s275:RX_2 on freq 869525000 Hz at DR 0
1731773691s473:IRQ_RX_TX_TIMEOUT
1731773691s473:NOTIFY
1731773691s473:MAC rxTimeOut

###### ========== MCPS-Confirm =============
###### U/L FRAME:0016 | PORT:24 | DR:3 | PWR:1 | MSG TYPE:UNCONFIRMED
1731773749s058:Airtime test started: 0
1731773749s058:MAC Tx start packet size: 18
1731773749s062:TX on freq 868300000 Hz at DR 3
1731773749s062:RADIO SEND WITH size 18
1731773749s064:SEND REQUEST
1731773749s249:NOTIFY
1731773749s249:MAC txDone
1731773750s236:RX_1 on freq 868300000 Hz at DR 3
1731773750s294:IRQ_RX_TX_TIMEOUT
1731773750s295:NOTIFY
1731773750s295:MAC rxTimeOut
1731773751s281:RX_2 on freq 869525000 Hz at DR 0
1731773751s479:IRQ_RX_TX_TIMEOUT
1731773751s479:NOTIFY
1731773751s479:MAC rxTimeOut

###### ========== MCPS-Confirm =============
###### U/L FRAME:0017 | PORT:24 | DR:3 | PWR:1 | MSG TYPE:UNCONFIRMED
1731773809s064:Airtime test started: 0
1731773809s064:MAC Tx start packet size: 18
1731773809s068:TX on freq 868300000 Hz at DR 3
1731773809s068:RADIO SEND WITH size 18
1731773809s070:SEND REQUEST
1731773809s255:NOTIFY
1731773809s255:MAC txDone
1731773810s242:RX_1 on freq 868300000 Hz at DR 3
1731773810s300:IRQ_RX_TX_TIMEOUT
1731773810s301:NOTIFY
1731773810s301:MAC rxTimeOut
1731773811s287:RX_2 on freq 869525000 Hz at DR 0
1731773811s485:IRQ_RX_TX_TIMEOUT
1731773811s485:NOTIFY
1731773811s485:MAC rxTimeOut

###### ========== MCPS-Confirm =============
###### U/L FRAME:0018 | PORT:24 | DR:3 | PWR:1 | MSG TYPE:UNCONFIRMED
1731773869s070:Airtime test started: 0
1731773869s070:MAC Tx start packet size: 18
1731773869s074:TX on freq 867900000 Hz at DR 3
1731773869s074:RADIO SEND WITH size 18
1731773869s076:SEND REQUEST
1731773869s261:NOTIFY
1731773869s261:MAC txDone
1731773870s248:RX_1 on freq 867900000 Hz at DR 3
1731773870s306:IRQ_RX_TX_TIMEOUT
1731773870s307:NOTIFY
1731773870s307:MAC rxTimeOut
1731773871s292:RX_2 on freq 869525000 Hz at DR 0
1731773871s491:IRQ_RX_TX_TIMEOUT
1731773871s491:NOTIFY
1731773871s491:MAC rxTimeOut

###### ========== MCPS-Confirm =============
###### U/L FRAME:0019 | PORT:24 | DR:3 | PWR:1 | MSG TYPE:UNCONFIRMED
1731773929s076:Airtime test started: 0
1731773929s076:MAC Tx start packet size: 18
1731773929s080:TX on freq 867900000 Hz at DR 3
1731773929s080:RADIO SEND WITH size 18
1731773929s082:SEND REQUEST
1731773929s267:NOTIFY
1731773929s267:MAC txDone
1731773930s253:RX_1 on freq 867900000 Hz at DR 3
1731773930s312:IRQ_RX_TX_TIMEOUT
1731773930s313:NOTIFY
1731773930s313:MAC rxTimeOut
1731773931s298:RX_2 on freq 869525000 Hz at DR 0
1731773931s497:IRQ_RX_TX_TIMEOUT
1731773931s497:NOTIFY
1731773931s497:MAC rxTimeOut

###### ========== MCPS-Confirm =============
###### U/L FRAME:0020 | PORT:24 | DR:3 | PWR:1 | MSG TYPE:UNCONFIRMED
1731773989s082:Airtime test started: 0
1731773989s082:MAC Tx start packet size: 18
1731773989s085:TX on freq 867500000 Hz at DR 3
1731773989s085:RADIO SEND WITH size 18
1731773989s087:SEND REQUEST
1731773989s273:NOTIFY
1731773989s273:MAC txDone
1731773990s259:RX_1 on freq 867500000 Hz at DR 3
1731773990s318:IRQ_RX_TX_TIMEOUT
1731773990s319:NOTIFY
1731773990s319:MAC rxTimeOut
1731773991s304:RX_2 on freq 869525000 Hz at DR 0
1731773991s502:IRQ_RX_TX_TIMEOUT
1731773991s502:NOTIFY
1731773991s502:MAC rxTimeOut

###### ========== MCPS-Confirm =============
###### U/L FRAME:0021 | PORT:24 | DR:3 | PWR:1 | MSG TYPE:UNCONFIRMED
1731774049s087:Airtime test started: 0
1731774049s087:MAC Tx start packet size: 18
1731774049s091:TX on freq 867700000 Hz at DR 3
1731774049s091:RADIO SEND WITH size 18
1731774049s093:SEND REQUEST
1731774049s279:NOTIFY
1731774049s279:MAC txDone
1731774050s265:RX_1 on freq 867700000 Hz at DR 3
1731774050s324:IRQ_RX_TX_TIMEOUT
1731774050s325:NOTIFY
1731774050s325:MAC rxTimeOut
1731774051s310:RX_2 on freq 869525000 Hz at DR 0
1731774051s508:IRQ_RX_TX_TIMEOUT
1731774051s508:NOTIFY
1731774051s508:MAC rxTimeOut

###### ========== MCPS-Confirm =============
###### U/L FRAME:0022 | PORT:24 | DR:3 | PWR:1 | MSG TYPE:UNCONFIRMED
1731774109s093:Airtime test started: 0
1731774109s093:MAC Tx start packet size: 18
1731774109s097:TX on freq 868500000 Hz at DR 3
1731774109s097:RADIO SEND WITH size 18
1731774109s099:SEND REQUEST
1731774109s285:NOTIFY
1731774109s285:MAC txDone
1731774110s271:RX_1 on freq 868500000 Hz at DR 3
1731774110s330:IRQ_RX_TX_TIMEOUT
1731774110s331:NOTIFY
1731774110s331:MAC rxTimeOut
1731774111s316:RX_2 on freq 869525000 Hz at DR 0
1731774111s514:IRQ_RX_TX_TIMEOUT
1731774111s514:NOTIFY
1731774111s514:MAC rxTimeOut

###### ========== MCPS-Confirm =============
###### U/L FRAME:0023 | PORT:24 | DR:3 | PWR:1 | MSG TYPE:UNCONFIRMED
1731774169s099:Airtime test started: 0
1731774169s099:MAC Tx start packet size: 18
1731774169s103:TX on freq 867300000 Hz at DR 3
1731774169s103:RADIO SEND WITH size 18
1731774169s105:SEND REQUEST
1731774169s291:NOTIFY
1731774169s291:MAC txDone
1731774170s278:RX_1 on freq 867300000 Hz at DR 3
1731774170s336:IRQ_RX_TX_TIMEOUT
1731774170s337:NOTIFY
1731774170s337:MAC rxTimeOut
1731774171s323:RX_2 on freq 869525000 Hz at DR 0
1731774171s521:IRQ_RX_TX_TIMEOUT
1731774171s521:NOTIFY
1731774171s521:MAC rxTimeOut

###### ========== MCPS-Confirm =============
###### U/L FRAME:0024 | PORT:24 | DR:3 | PWR:1 | MSG TYPE:UNCONFIRMED
1731774229s105:Airtime test started: 0
1731774229s105:MAC Tx start packet size: 18
1731774229s109:TX on freq 868100000 Hz at DR 3
1731774229s109:RADIO SEND WITH size 18
1731774229s111:SEND REQUEST
1731774229s296:NOTIFY
1731774229s296:MAC txDone
1731774230s283:RX_1 on freq 868100000 Hz at DR 3
1731774230s341:IRQ_RX_TX_TIMEOUT
1731774230s342:NOTIFY
1731774230s342:MAC rxTimeOut
1731774231s328:RX_2 on freq 869525000 Hz at DR 0
1731774231s526:IRQ_RX_TX_TIMEOUT
1731774231s526:NOTIFY
1731774231s526:MAC rxTimeOut

###### ========== MCPS-Confirm =============
###### U/L FRAME:0025 | PORT:24 | DR:3 | PWR:1 | MSG TYPE:UNCONFIRMED
1731774289s111:Airtime test started: 0
1731774289s111:MAC Tx start packet size: 18
1731774289s115:TX on freq 868300000 Hz at DR 3
1731774289s115:RADIO SEND WITH size 18
1731774289s117:SEND REQUEST
1731774289s302:NOTIFY
1731774289s302:MAC txDone
1731774290s289:RX_1 on freq 868300000 Hz at DR 3
1731774290s347:IRQ_RX_TX_TIMEOUT
1731774290s348:NOTIFY
1731774290s348:MAC rxTimeOut
1731774291s333:RX_2 on freq 869525000 Hz at DR 0
1731774291s532:IRQ_RX_TX_TIMEOUT
1731774291s532:NOTIFY
1731774291s532:MAC rxTimeOut

###### ========== MCPS-Confirm =============
###### U/L FRAME:0026 | PORT:24 | DR:3 | PWR:1 | MSG TYPE:UNCONFIRMED
1731774349s117:Airtime test started: 0
1731774349s117:MAC Tx start packet size: 18
1731774349s121:TX on freq 867900000 Hz at DR 3
1731774349s121:RADIO SEND WITH size 18
1731774349s123:SEND REQUEST
1731774349s308:NOTIFY
1731774349s308:MAC txDone
1731774350s294:RX_1 on freq 867900000 Hz at DR 3
1731774350s353:IRQ_RX_TX_TIMEOUT
1731774350s354:NOTIFY
1731774350s354:MAC rxTimeOut
1731774351s339:RX_2 on freq 869525000 Hz at DR 0
1731774351s538:IRQ_RX_TX_TIMEOUT
1731774351s538:NOTIFY
1731774351s538:MAC rxTimeOut

###### ========== MCPS-Confirm =============
###### U/L FRAME:0027 | PORT:24 | DR:3 | PWR:1 | MSG TYPE:UNCONFIRMED
1731774409s123:Airtime test started: 0
1731774409s123:MAC Tx start packet size: 18
1731774409s126:TX on freq 867900000 Hz at DR 3
1731774409s126:RADIO SEND WITH size 18
1731774409s128:SEND REQUEST
1731774409s314:NOTIFY
1731774409s314:MAC txDone
1731774410s300:RX_1 on freq 867900000 Hz at DR 3
1731774410s359:IRQ_RX_TX_TIMEOUT
1731774410s360:NOTIFY
1731774410s360:MAC rxTimeOut
1731774411s345:RX_2 on freq 869525000 Hz at DR 0
1731774411s543:IRQ_RX_TX_TIMEOUT
1731774411s543:NOTIFY
1731774411s543:MAC rxTimeOut

###### ========== MCPS-Confirm =============
###### U/L FRAME:0028 | PORT:24 | DR:3 | PWR:1 | MSG TYPE:UNCONFIRMED
1731774469s128:Airtime test started: 0
1731774469s128:MAC Tx start packet size: 18
1731774469s132:TX on freq 867300000 Hz at DR 3
1731774469s132:RADIO SEND WITH size 18
1731774469s134:SEND REQUEST
1731774469s320:NOTIFY
1731774469s320:MAC txDone
1731774470s306:RX_1 on freq 867300000 Hz at DR 3
1731774470s365:IRQ_RX_TX_TIMEOUT
1731774470s366:NOTIFY
1731774470s366:MAC rxTimeOut
1731774471s351:RX_2 on freq 869525000 Hz at DR 0
1731774471s549:IRQ_RX_TX_TIMEOUT
1731774471s549:NOTIFY
1731774471s549:MAC rxTimeOut

###### ========== MCPS-Confirm =============
###### U/L FRAME:0029 | PORT:24 | DR:3 | PWR:1 | MSG TYPE:UNCONFIRMED
1731774529s134:Airtime test started: 0
1731774529s134:MAC Tx start packet size: 18
1731774529s138:TX on freq 867700000 Hz at DR 3
1731774529s138:RADIO SEND WITH size 18
1731774529s140:SEND REQUEST
1731774529s326:NOTIFY
1731774529s326:MAC txDone
1731774530s312:RX_1 on freq 867700000 Hz at DR 3
1731774530s371:IRQ_RX_TX_TIMEOUT
1731774530s372:NOTIFY
1731774530s372:MAC rxTimeOut
1731774531s357:RX_2 on freq 869525000 Hz at DR 0
1731774531s555:IRQ_RX_TX_TIMEOUT
1731774531s555:NOTIFY
1731774531s555:MAC rxTimeOut

###### ========== MCPS-Confirm =============
###### U/L FRAME:0030 | PORT:24 | DR:3 | PWR:1 | MSG TYPE:UNCONFIRMED
1731774589s140:Airtime test started: 0
1731774589s140:MAC Tx start packet size: 18
1731774589s144:TX on freq 868500000 Hz at DR 3
1731774589s144:RADIO SEND WITH size 18
1731774589s146:SEND REQUEST
1731774589s332:NOTIFY
1731774589s332:MAC txDone
1731774590s319:RX_1 on freq 868500000 Hz at DR 3
1731774590s377:IRQ_RX_TX_TIMEOUT
1731774590s378:NOTIFY
1731774590s378:MAC rxTimeOut
1731774591s364:RX_2 on freq 869525000 Hz at DR 0
1731774591s562:IRQ_RX_TX_TIMEOUT
1731774591s562:NOTIFY
1731774591s562:MAC rxTimeOut

###### ========== MCPS-Confirm =============
###### U/L FRAME:0031 | PORT:24 | DR:3 | PWR:1 | MSG TYPE:UNCONFIRMED
1731774649s146:Airtime test started: 0
1731774649s146:MAC Tx start packet size: 18
1731774649s150:TX on freq 867100000 Hz at DR 3
1731774649s150:RADIO SEND WITH size 18
1731774649s152:SEND REQUEST
1731774649s337:NOTIFY
1731774649s337:MAC txDone
1731774650s324:RX_1 on freq 867100000 Hz at DR 3
1731774650s382:IRQ_RX_TX_TIMEOUT
1731774650s383:NOTIFY
1731774650s383:MAC rxTimeOut
1731774651s369:RX_2 on freq 869525000 Hz at DR 0
1731774651s567:IRQ_RX_TX_TIMEOUT
1731774651s567:NOTIFY
1731774651s567:MAC rxTimeOut

###### ========== MCPS-Confirm =============
###### U/L FRAME:0032 | PORT:24 | DR:3 | PWR:1 | MSG TYPE:UNCONFIRMED
1731774709s152:Airtime test started: 0
1731774709s152:MAC Tx start packet size: 18
1731774709s156:TX on freq 868300000 Hz at DR 3
1731774709s156:RADIO SEND WITH size 18
1731774709s158:SEND REQUEST
1731774709s343:NOTIFY
1731774709s343:MAC txDone
1731774710s330:RX_1 on freq 868300000 Hz at DR 3
1731774710s388:IRQ_RX_TX_TIMEOUT
1731774710s389:NOTIFY
1731774710s389:MAC rxTimeOut
1731774711s374:RX_2 on freq 869525000 Hz at DR 0
1731774711s573:IRQ_RX_TX_TIMEOUT
1731774711s573:NOTIFY
1731774711s573:MAC rxTimeOut

###### ========== MCPS-Confirm =============
###### U/L FRAME:0033 | PORT:24 | DR:3 | PWR:1 | MSG TYPE:UNCONFIRMED
1731774769s158:Airtime test started: 0
1731774769s158:MAC Tx start packet size: 18
1731774769s162:TX on freq 868500000 Hz at DR 3
1731774769s162:RADIO SEND WITH size 18
1731774769s164:SEND REQUEST
1731774769s349:NOTIFY
1731774769s349:MAC txDone
1731774770s335:RX_1 on freq 868500000 Hz at DR 3
1731774770s394:IRQ_RX_TX_TIMEOUT
1731774770s395:NOTIFY
1731774770s395:MAC rxTimeOut
1731774771s380:RX_2 on freq 869525000 Hz at DR 0
1731774771s579:IRQ_RX_TX_TIMEOUT
1731774771s579:NOTIFY
1731774771s579:MAC rxTimeOut

###### ========== MCPS-Confirm =============
###### U/L FRAME:0034 | PORT:24 | DR:3 | PWR:1 | MSG TYPE:UNCONFIRMED
1731774829s164:Airtime test started: 0
1731774829s164:MAC Tx start packet size: 18
1731774829s167:TX on freq 867700000 Hz at DR 3
1731774829s167:RADIO SEND WITH size 18
1731774829s169:SEND REQUEST
1731774829s355:NOTIFY
1731774829s355:MAC txDone
1731774830s341:RX_1 on freq 867700000 Hz at DR 3
1731774830s400:IRQ_RX_TX_TIMEOUT
1731774830s401:NOTIFY
1731774830s401:MAC rxTimeOut
1731774831s386:RX_2 on freq 869525000 Hz at DR 0
1731774831s584:IRQ_RX_TX_TIMEOUT
1731774831s584:NOTIFY
1731774831s584:MAC rxTimeOut

###### ========== MCPS-Confirm =============
###### U/L FRAME:0035 | PORT:24 | DR:3 | PWR:1 | MSG TYPE:UNCONFIRMED
1731774889s169:Airtime test started: 0
1731774889s169:MAC Tx start packet size: 18
1731774889s173:TX on freq 868100000 Hz at DR 3
1731774889s173:RADIO SEND WITH size 18
1731774889s175:SEND REQUEST
1731774889s361:NOTIFY
1731774889s361:MAC txDone
1731774890s347:RX_1 on freq 868100000 Hz at DR 3
1731774890s406:IRQ_RX_TX_TIMEOUT
1731774890s407:NOTIFY
1731774890s407:MAC rxTimeOut
1731774891s392:RX_2 on freq 869525000 Hz at DR 0
1731774891s590:IRQ_RX_TX_TIMEOUT
1731774891s590:NOTIFY
1731774891s590:MAC rxTimeOut

###### ========== MCPS-Confirm =============
###### U/L FRAME:0036 | PORT:24 | DR:3 | PWR:1 | MSG TYPE:UNCONFIRMED
1731774949s175:Airtime test started: 0
1731774949s175:MAC Tx start packet size: 18
1731774949s179:TX on freq 867500000 Hz at DR 3
1731774949s179:RADIO SEND WITH size 18
1731774949s181:SEND REQUEST
1731774949s367:NOTIFY
1731774949s367:MAC txDone
1731774950s353:RX_1 on freq 867500000 Hz at DR 3
1731774950s658:MAC rxNotify
1731774950s658:NOTIFY
1731774950s658:MAC rxDone

###### ========== MCPS-Confirm =============
###### U/L FRAME:0037 | PORT:24 | DR:3 | PWR:1 | MSG TYPE:UNCONFIRMED
1731774950s661:value of rxport: 200
1731774950s661:MULTICAST CLASS C SETUP 2
###### D/L FRAME:0001 | PORT:200 | DR:3 | SLOT:1 | RSSI:-15 | SNR:12
1731774950s670:MAC Tx start packet size: 15
1731774950s674:TX on freq 867700000 Hz at DR 3
1731774950s675:RADIO SEND WITH size 15
ID          : 0
McAddr      : 46B399E2
McKey       : 52-6D-98-BE-0C-BC-CB-10-68-42-B2-4F-CB-0A-07-AF
McFCountMin : 0
McFCountMax : 4294967295
SessionTime : 0
SessionTimeT: 1 s
Rx Freq     : 0
Rx DR       : DR_0
1731774950s841:NOTIFY
1731774950s841:MAC txDone
1731774951s828:RX_1 on freq 867700000 Hz at DR 3
1731774952s050:MAC rxNotify
1731774952s050:NOTIFY
1731774952s050:MAC rxDone

###### ========== MCPS-Confirm =============
###### U/L FRAME:0038 | PORT:200 | DR:3 | PWR:1 | MSG TYPE:UNCONFIRMED
1731774952s052:value of rxport: 201
###### D/L FRAME:0002 | PORT:201 | DR:3 | SLOT:1 | RSSI:-15 | SNR:11
1731774952s053:#####################FRAGDECODER INIT
1731774955s936:MAC Tx start packet size: 15
1731774955s940:TX on freq 868500000 Hz at DR 3
1731774955s940:RADIO SEND WITH size 15
1731774956s107:NOTIFY
1731774956s107:MAC txDone
1731774957s093:RX_1 on freq 868500000 Hz at DR 3
1731774957s316:MAC rxNotify
1731774957s316:NOTIFY
1731774957s316:MAC rxDone

###### ========== MCPS-Confirm =============
###### U/L FRAME:0039 | PORT:201 | DR:3 | PWR:1 | MSG TYPE:UNCONFIRMED
1731774957s318:value of rxport: 200
1731774957s319:MULTICAST CLASS C SETUP 4
###### D/L FRAME:0003 | PORT:200 | DR:3 | SLOT:1 | RSSI:-15 | SNR:11
Time2SessionStart: 299000 ms
1731774957s319:MAC Tx start packet size: 18
1731774957s323:TX on freq 867100000 Hz at DR 3
1731774957s324:RADIO SEND WITH size 18
ID          : 0
McAddr      : 46B399E2
McKey       : 52-6D-98-BE-0C-BC-CB-10-68-42-B2-4F-CB-0A-07-AF
McFCountMin : 0
McFCountMax : 4294967295
SessionTime : 1731775256
SessionTimeT: 4096 s
Rx Freq     : 869525000
Rx DR       : DR_3
1731774957s510:NOTIFY
1731774957s510:MAC txDone
1731774958s497:RX_1 on freq 867100000 Hz at DR 3
1731774958s555:IRQ_RX_TX_TIMEOUT
1731774958s556:NOTIFY
1731774958s556:MAC rxTimeOut
1731774959s541:RX_2 on freq 869525000 Hz at DR 0
1731774959s740:IRQ_RX_TX_TIMEOUT
1731774959s740:NOTIFY
1731774959s740:MAC rxTimeOut

###### ========== MCPS-Confirm =============
###### U/L FRAME:0040 | PORT:200 | DR:3 | PWR:1 | MSG TYPE:UNCONFIRMED
1731775256s319:[SWITCHCLASS class C]
1731775256s333:RX_C on freq 869525000 Hz at DR 3
1731775256s335:#############OPENED CONTINUOUS RX C WINDOW
Switch to Class C done
1731775258s450:MAC rxNotify
1731775258s450:NOTIFY
1731775258s450:MAC rxDone
1731775258s456:RXSLOT
1731775258s456:value of rxport: 201
###### D/L FRAME:0000 | PORT:201 | DR:3 | SLOT:C_MC | RSSI:-13 | SNR:11
1731775258s456:#####################FRAGDECODER PROCESS

.... FRAG_DECODER in Progress ....
EXPECTED   : 019 Fragments (02090 Bytes)
RECEIVED   : 001 Fragments
             00110 Bytes
LOST       : 000 Fragments

1731775258s459:RX_C on freq 869525000 Hz at DR 3
1731775258s461:#############OPENED CONTINUOUS RX C WINDOW
1731775265s479:MAC rxNotify
1731775265s479:NOTIFY
1731775265s479:MAC rxDone
1731775265s484:RXSLOT
1731775265s484:value of rxport: 201
###### D/L FRAME:0001 | PORT:201 | DR:3 | SLOT:C_MC | RSSI:-13 | SNR:11
1731775265s484:#####################FRAGDECODER PROCESS

.... FRAG_DECODER in Progress ....
EXPECTED   : 019 Fragments (02090 Bytes)
RECEIVED   : 002 Fragments
             00220 Bytes
LOST       : 000 Fragments

1731775265s488:RX_C on freq 869525000 Hz at DR 3
1731775265s490:#############OPENED CONTINUOUS RX C WINDOW
1731775273s516:MAC rxNotify
1731775273s516:NOTIFY
1731775273s516:MAC rxDone
1731775273s521:RXSLOT
1731775273s521:value of rxport: 201
###### D/L FRAME:0002 | PORT:201 | DR:3 | SLOT:C_MC | RSSI:-12 | SNR:12
1731775273s521:#####################FRAGDECODER PROCESS

.... FRAG_DECODER in Progress ....
EXPECTED   : 019 Fragments (02090 Bytes)
RECEIVED   : 003 Fragments
             00330 Bytes
LOST       : 000 Fragments

1731775273s525:RX_C on freq 869525000 Hz at DR 3
1731775273s527:#############OPENED CONTINUOUS RX C WINDOW
1731775280s541:MAC rxNotify
1731775280s541:NOTIFY
1731775280s541:MAC rxDone
1731775280s546:RXSLOT
1731775280s546:value of rxport: 201
###### D/L FRAME:0003 | PORT:201 | DR:3 | SLOT:C_MC | RSSI:-13 | SNR:11
1731775280s546:#####################FRAGDECODER PROCESS

.... FRAG_DECODER in Progress ....
EXPECTED   : 019 Fragments (02090 Bytes)
RECEIVED   : 004 Fragments
             00440 Bytes
LOST       : 000 Fragments

1731775280s550:RX_C on freq 869525000 Hz at DR 3
1731775280s552:#############OPENED CONTINUOUS RX C WINDOW
1731775287s569:MAC rxNotify
1731775287s569:NOTIFY
1731775287s569:MAC rxDone
1731775287s574:RXSLOT
1731775287s574:value of rxport: 201
###### D/L FRAME:0004 | PORT:201 | DR:3 | SLOT:C_MC | RSSI:-13 | SNR:11
1731775287s574:#####################FRAGDECODER PROCESS

.... FRAG_DECODER in Progress ....
EXPECTED   : 019 Fragments (02090 Bytes)
RECEIVED   : 005 Fragments
             00550 Bytes
LOST       : 000 Fragments

1731775287s578:RX_C on freq 869525000 Hz at DR 3
1731775287s580:#############OPENED CONTINUOUS RX C WINDOW
1731775292s879:MAC rxNotify
1731775292s879:NOTIFY
1731775292s879:MAC rxDone
1731775292s881:RXSLOT
1731775292s884:RX_C on freq 869525000 Hz at DR 3
1731775292s886:#############OPENED CONTINUOUS RX C WINDOW
1731775294s600:MAC rxNotify
1731775294s600:NOTIFY
1731775294s600:MAC rxDone
1731775294s606:RXSLOT
1731775294s606:value of rxport: 201
###### D/L FRAME:0005 | PORT:201 | DR:3 | SLOT:C_MC | RSSI:-13 | SNR:11
1731775294s606:#####################FRAGDECODER PROCESS

.... FRAG_DECODER in Progress ....
EXPECTED   : 019 Fragments (02090 Bytes)
RECEIVED   : 006 Fragments
             00660 Bytes
LOST       : 000 Fragments

1731775294s610:RX_C on freq 869525000 Hz at DR 3
1731775294s612:#############OPENED CONTINUOUS RX C WINDOW
1731775299s088:MAC rxNotify
1731775299s088:NOTIFY
1731775299s088:MAC rxDone
1731775299s090:RXSLOT
1731775299s093:RX_C on freq 869525000 Hz at DR 3
1731775299s095:#############OPENED CONTINUOUS RX C WINDOW
1731775301s636:MAC rxNotify
1731775301s636:NOTIFY
1731775301s636:MAC rxDone
1731775301s641:RXSLOT
1731775301s641:value of rxport: 201
###### D/L FRAME:0006 | PORT:201 | DR:3 | SLOT:C_MC | RSSI:-12 | SNR:11
1731775301s641:#####################FRAGDECODER PROCESS

.... FRAG_DECODER in Progress ....
EXPECTED   : 019 Fragments (02090 Bytes)
RECEIVED   : 007 Fragments
             00770 Bytes
LOST       : 000 Fragments

1731775301s645:RX_C on freq 869525000 Hz at DR 3
1731775301s647:#############OPENED CONTINUOUS RX C WINDOW
1731775308s666:MAC rxNotify
1731775308s666:NOTIFY
1731775308s666:MAC rxDone
1731775308s670:RXSLOT
1731775308s670:value of rxport: 201
###### D/L FRAME:0007 | PORT:201 | DR:3 | SLOT:C_MC | RSSI:-12 | SNR:11
1731775308s670:#####################FRAGDECODER PROCESS

.... FRAG_DECODER in Progress ....
EXPECTED   : 019 Fragments (02090 Bytes)
RECEIVED   : 008 Fragments
             00880 Bytes
LOST       : 000 Fragments

1731775308s674:RX_C on freq 869525000 Hz at DR 3
1731775308s676:#############OPENED CONTINUOUS RX C WINDOW
1731775313s772:MAC rxNotify
1731775313s772:NOTIFY
1731775313s772:MAC rxDone
1731775313s774:RXSLOT
1731775313s777:RX_C on freq 869525000 Hz at DR 3
1731775313s779:#############OPENED CONTINUOUS RX C WINDOW
1731775316s702:MAC rxNotify
1731775316s702:NOTIFY
1731775316s702:MAC rxDone
1731775316s707:RXSLOT
1731775316s707:value of rxport: 201
###### D/L FRAME:0008 | PORT:201 | DR:3 | SLOT:C_MC | RSSI:-13 | SNR:11
1731775316s707:#####################FRAGDECODER PROCESS

.... FRAG_DECODER in Progress ....
EXPECTED   : 019 Fragments (02090 Bytes)
RECEIVED   : 009 Fragments
             00990 Bytes
LOST       : 000 Fragments

1731775316s710:RX_C on freq 869525000 Hz at DR 3
1731775316s712:#############OPENED CONTINUOUS RX C WINDOW
1731775323s033:MAC rxNotify
1731775323s033:NOTIFY
1731775323s034:MAC rxDone
1731775323s036:RXSLOT
1731775323s039:RX_C on freq 869525000 Hz at DR 3
1731775323s041:#############OPENED CONTINUOUS RX C WINDOW
1731775323s733:MAC rxNotify
1731775323s733:NOTIFY
1731775323s733:MAC rxDone
1731775323s738:RXSLOT
1731775323s738:value of rxport: 201
###### D/L FRAME:0009 | PORT:201 | DR:3 | SLOT:C_MC | RSSI:-13 | SNR:12
1731775323s738:#####################FRAGDECODER PROCESS

.... FRAG_DECODER in Progress ....
EXPECTED   : 019 Fragments (02090 Bytes)
RECEIVED   : 010 Fragments
             01100 Bytes
LOST       : 000 Fragments

1731775323s742:RX_C on freq 869525000 Hz at DR 3
1731775323s744:#############OPENED CONTINUOUS RX C WINDOW
1731775330s764:MAC rxNotify
1731775330s765:NOTIFY
1731775330s765:MAC rxDone
1731775330s770:RXSLOT
1731775330s770:value of rxport: 201
###### D/L FRAME:0010 | PORT:201 | DR:3 | SLOT:C_MC | RSSI:-13 | SNR:11
1731775330s770:#####################FRAGDECODER PROCESS

.... FRAG_DECODER in Progress ....
EXPECTED   : 019 Fragments (02090 Bytes)
RECEIVED   : 011 Fragments
             01210 Bytes
LOST       : 000 Fragments

1731775330s774:RX_C on freq 869525000 Hz at DR 3
1731775330s776:#############OPENED CONTINUOUS RX C WINDOW
1731775337s795:MAC rxNotify
1731775337s795:NOTIFY
1731775337s795:MAC rxDone
1731775337s800:RXSLOT
1731775337s800:value of rxport: 201
###### D/L FRAME:0011 | PORT:201 | DR:3 | SLOT:C_MC | RSSI:-13 | SNR:11
1731775337s800:#####################FRAGDECODER PROCESS

.... FRAG_DECODER in Progress ....
EXPECTED   : 019 Fragments (02090 Bytes)
RECEIVED   : 012 Fragments
             01320 Bytes
LOST       : 000 Fragments

1731775337s804:RX_C on freq 869525000 Hz at DR 3
1731775337s806:#############OPENED CONTINUOUS RX C WINDOW
1731775342s048:MAC rxNotify
1731775342s048:NOTIFY
1731775342s048:MAC rxDone
1731775342s050:RXSLOT
1731775342s053:RX_C on freq 869525000 Hz at DR 3
1731775342s055:#############OPENED CONTINUOUS RX C WINDOW
1731775344s829:MAC rxNotify
1731775344s829:NOTIFY
1731775344s829:MAC rxDone
1731775344s833:RXSLOT
1731775344s833:value of rxport: 201
###### D/L FRAME:0012 | PORT:201 | DR:3 | SLOT:C_MC | RSSI:-13 | SNR:12
1731775344s833:#####################FRAGDECODER PROCESS

.... FRAG_DECODER in Progress ....
EXPECTED   : 019 Fragments (02090 Bytes)
RECEIVED   : 013 Fragments
             01430 Bytes
LOST       : 000 Fragments

1731775344s837:RX_C on freq 869525000 Hz at DR 3
1731775344s839:#############OPENED CONTINUOUS RX C WINDOW
1731775351s860:MAC rxNotify
1731775351s860:NOTIFY
1731775351s860:MAC rxDone
1731775351s865:RXSLOT
1731775351s865:value of rxport: 201
###### D/L FRAME:0013 | PORT:201 | DR:3 | SLOT:C_MC | RSSI:-13 | SNR:12
1731775351s865:#####################FRAGDECODER PROCESS

.... FRAG_DECODER in Progress ....
EXPECTED   : 019 Fragments (02090 Bytes)
RECEIVED   : 014 Fragments
             01540 Bytes
LOST       : 000 Fragments

1731775351s869:RX_C on freq 869525000 Hz at DR 3
1731775351s871:#############OPENED CONTINUOUS RX C WINDOW
1731775359s895:MAC rxNotify
1731775359s895:NOTIFY
1731775359s895:MAC rxDone
1731775359s900:RXSLOT
1731775359s900:value of rxport: 201
###### D/L FRAME:0014 | PORT:201 | DR:3 | SLOT:C_MC | RSSI:-13 | SNR:11
1731775359s900:#####################FRAGDECODER PROCESS

.... FRAG_DECODER in Progress ....
EXPECTED   : 019 Fragments (02090 Bytes)
RECEIVED   : 015 Fragments
             01650 Bytes
LOST       : 000 Fragments

1731775359s904:RX_C on freq 869525000 Hz at DR 3
1731775359s906:#############OPENED CONTINUOUS RX C WINDOW
1731775366s929:MAC rxNotify
1731775366s929:NOTIFY
1731775366s929:MAC rxDone
1731775366s934:RXSLOT
1731775366s934:value of rxport: 201
###### D/L FRAME:0015 | PORT:201 | DR:3 | SLOT:C_MC | RSSI:-12 | SNR:11
1731775366s934:#####################FRAGDECODER PROCESS

.... FRAG_DECODER in Progress ....
EXPECTED   : 019 Fragments (02090 Bytes)
RECEIVED   : 016 Fragments
             01760 Bytes
LOST       : 000 Fragments

1731775366s938:RX_C on freq 869525000 Hz at DR 3
1731775366s940:#############OPENED CONTINUOUS RX C WINDOW
1731775367s726:MAC rxNotify
1731775367s726:NOTIFY
1731775367s726:MAC rxDone
1731775367s728:RXSLOT
1731775367s731:RX_C on freq 869525000 Hz at DR 3
1731775367s733:#############OPENED CONTINUOUS RX C WINDOW
1731775373s952:MAC rxNotify
1731775373s952:NOTIFY
1731775373s952:MAC rxDone
1731775373s957:RXSLOT
1731775373s957:value of rxport: 201
###### D/L FRAME:0016 | PORT:201 | DR:3 | SLOT:C_MC | RSSI:-13 | SNR:12
1731775373s957:#####################FRAGDECODER PROCESS

.... FRAG_DECODER in Progress ....
EXPECTED   : 019 Fragments (02090 Bytes)
RECEIVED   : 017 Fragments
             01870 Bytes
LOST       : 000 Fragments

1731775373s960:RX_C on freq 869525000 Hz at DR 3
1731775373s962:#############OPENED CONTINUOUS RX C WINDOW
1731775380s989:MAC rxNotify
1731775380s989:NOTIFY
1731775380s989:MAC rxDone
1731775380s994:RXSLOT
1731775380s994:value of rxport: 201
###### D/L FRAME:0017 | PORT:201 | DR:3 | SLOT:C_MC | RSSI:-13 | SNR:12
1731775380s994:#####################FRAGDECODER PROCESS

.... FRAG_DECODER in Progress ....
EXPECTED   : 019 Fragments (02090 Bytes)
RECEIVED   : 018 Fragments
             01980 Bytes
LOST       : 000 Fragments

1731775380s998:RX_C on freq 869525000 Hz at DR 3
1731775380s999:#############OPENED CONTINUOUS RX C WINDOW
1731775388s017:MAC rxNotify
1731775388s017:NOTIFY
1731775388s017:MAC rxDone
1731775388s022:RXSLOT
1731775388s022:value of rxport: 201
###### D/L FRAME:0018 | PORT:201 | DR:3 | SLOT:C_MC | RSSI:-13 | SNR:12
1731775388s022:#####################FRAGDECODER PROCESS

.... FRAG_DECODER in Progress ....
EXPECTED   : 019 Fragments (02090 Bytes)
RECEIVED   : 019 Fragments
             02090 Bytes
LOST       : 000 Fragments


.... FRAG_DECODER Finished ....
STATUS     : 0
1731775388s023:ALL FRAGMENTS RECEIVED

= [SBOOT] System Security Check successfully passed. Starting...


======================================================================
=              (C) COPYRIGHT 2017 STMicroelectronics                 =
=                                                                    =
=              Secure Boot and Secure Firmware Update                =
======================================================================


= [SBOOT] SECURE ENGINE INITIALIZATION SUCCESSFUL
= [SBOOT] STATE: CHECK STATUS ON RESET
	  INFO: A Reboot has been triggered by a Software reset!
= [SBOOT] STATE: CHECK NEW FIRMWARE TO DOWNLOAD
= [SBOOT] STATE: CHECK KMS BLOB TO INSTALL
= [SBOOT] STATE: CHECK USER FW STATUS
	  A FW is detected in the slot SLOT_ACTIVE_1
= [SBOOT] STATE: VERIFY USER FW SIGNATURE
= [SBOOT] STATE: EXECUTE USER FIRMWAREAPPLICATION_VERSION: V1.3.0
MW_LORAWAN_VERSION:  V2.5.0
MW_RADIO_VERSION:    V1.3.0
L2_SPEC_VERSION:     V1.0.4
RP_SPEC_VERSION:     V2-1.0.1
###### AppKey:      2B:7E:15:16:28:AE:D2:A6:AB:F7:15:88:09:CF:4F:3C
###### NwkKey:      2B:7E:15:16:28:AE:D2:A6:AB:F7:15:88:09:CF:4F:3C
###### AppSKey:     2E:C0:4C:2D:7A:63:4E:C4:93:FB:B0:AE:76:99:A8:10
###### NwkSKey:     01:E6:12:B4:DC:CA:C2:88:79:6A:69:87:D8:96:67:30
###### DevEUI:      00:80:E1:15:05:AB:CF:19
###### AppEUI:      01:01:01:01:01:01:01:01
###### DevAddr:     05:AB:CF:19
###### KMS ENABLED