
= [SBOOT] STATE: EXECUTE USER FIRMWAREAPPLICATION_VERSION: V1.3.0
MW_LORAWAN_VERSION:  V2.5.0
MW_RADIO_VERSION:    V1.3.0
L2_SPEC_VERSION:     V1.0.4
RP_SPEC_VERSION:     V2-1.0.1
###### AppKey:      2B:7E:15:16:28:AE:D2:A6:AB:F7:15:88:09:CF:4F:3C
###### NwkKey:      2B:7E:15:16:28:AE:D2:A6:AB:F7:15:88:09:CF:4F:3C
###### AppSKey:     2B:7E:15:16:28:AE:D2:A6:AB:F7:15:88:09:CF:4F:3C
###### NwkSKey:     2B:7E:15:16:28:AE:D2:A6:AB:F7:15:88:09:CF:4F:3C
###### DevEUI:      00:80:E1:15:05:AB:CD:7C
###### AppEUI:      01:01:01:01:01:01:01:01
###### DevAddr:     05:AB:CD:7C
###### KMS ENABLED
###### = JOINED = OTAA =====================
[31mNetwork joined, choose app to execute:
BTN1: TxTimer send uplink every 10 sec
BTN2: Airtime test
[0m
###### U/L FRAME:JOIN | DR:2 | PWR:1
###### MCRootKey:   7D:F7:6B:0C:1A:B8:99:B3:3E:42:F0:47:B9:1B:54:6F
###### MCKEKey:     8C:B8:66:5E:0C:0E:0B:64:5B:2E:D9:E4:8A:19:27:7C
###### AppSKey:     F3:93:28:2F:32:E7:5D:65:BB:6C:F0:A0:AD:55:09:2B
###### NwkSKey:     13:46:5F:17:2F:E2:A9:94:69:FB:B5:FA:0E:4C:B3:EA
###### DBIntKey:    7A:C4:7C:65:FE:25:9B:B6:54:BD:26:35:19:F8:9C:8E
###### DevEUI:      00:80:E1:15:05:AB:CD:7C
###### AppEUI:      01:01:01:01:01:01:01:01
###### DevAddr:     01:E4:AD:9F

###### ========== MCPS-Confirm =============
###### U/L FRAME:0001 | PORT:24 | DR:2 | PWR:1 | MSG TYPE:UNCONFIRMED
1731767704s842:value of rxport: 0
###### D/L FRAME:0000 | PORT:0 | DR:2 | SLOT:1 | RSSI:-17 | SNR:8
1731767763s173:Airtime test started: 0
1731767763s173:MAC Tx start packet size: 21
1731767763s177:TX on freq 867300000 Hz at DR 2
1731767763s177:RADIO SEND WITH size 21
1731767763s179:SEND REQUEST
1731767763s550:NOTIFY
1731767763s550:MAC txDone
1731767764s544:RX_1 on freq 867300000 Hz at DR 2
1731767764s612:IRQ_RX_TX_TIMEOUT
1731767764s612:NOTIFY
1731767764s612:MAC rxTimeOut
1731767765s581:RX_2 on freq 869525000 Hz at DR 0
1731767765s780:IRQ_RX_TX_TIMEOUT
1731767765s780:NOTIFY
1731767765s780:MAC rxTimeOut

###### ========== MCPS-Confirm =============
###### U/L FRAME:0002 | PORT:24 | DR:2 | PWR:1 | MSG TYPE:UNCONFIRMED
1731767823s179:Airtime test started: 0
1731767823s179:MAC Tx start packet size: 18
1731767823s183:TX on freq 867500000 Hz at DR 2
1731767823s183:RADIO SEND WITH size 18
1731767823s185:SEND REQUEST
1731767823s515:NOTIFY
1731767823s515:MAC txDone
1731767824s509:RX_1 on freq 867500000 Hz at DR 2
1731767824s577:IRQ_RX_TX_TIMEOUT
1731767824s577:NOTIFY
1731767824s577:MAC rxTimeOut
1731767825s546:RX_2 on freq 869525000 Hz at DR 0
1731767825s744:IRQ_RX_TX_TIMEOUT
1731767825s744:NOTIFY
1731767825s744:MAC rxTimeOut

###### ========== MCPS-Confirm =============
###### U/L FRAME:0003 | PORT:24 | DR:2 | PWR:1 | MSG TYPE:UNCONFIRMED
1731767883s185:Airtime test started: 0
1731767883s185:MAC Tx start packet size: 18
1731767883s189:TX on freq 868500000 Hz at DR 2
1731767883s189:RADIO SEND WITH size 18
1731767883s191:SEND REQUEST
1731767883s521:NOTIFY
1731767883s521:MAC txDone
1731767884s515:RX_1 on freq 868500000 Hz at DR 2
1731767884s582:IRQ_RX_TX_TIMEOUT
1731767884s582:NOTIFY
1731767884s582:MAC rxTimeOut
1731767885s552:RX_2 on freq 869525000 Hz at DR 0
1731767885s750:IRQ_RX_TX_TIMEOUT
1731767885s750:NOTIFY
1731767885s750:MAC rxTimeOut

###### ========== MCPS-Confirm =============
###### U/L FRAME:0004 | PORT:24 | DR:2 | PWR:1 | MSG TYPE:UNCONFIRMED
1731767943s191:Airtime test started: 0
1731767943s191:MAC Tx start packet size: 18
1731767943s195:TX on freq 867300000 Hz at DR 2
1731767943s195:RADIO SEND WITH size 18
1731767943s197:SEND REQUEST
1731767943s527:NOTIFY
1731767943s527:MAC txDone
1731767944s521:RX_1 on freq 867300000 Hz at DR 2
1731767944s588:IRQ_RX_TX_TIMEOUT
1731767944s588:NOTIFY
1731767944s588:MAC rxTimeOut
1731767945s558:RX_2 on freq 869525000 Hz at DR 0
1731767945s756:IRQ_RX_TX_TIMEOUT
1731767945s756:NOTIFY
1731767945s756:MAC rxTimeOut

###### ========== MCPS-Confirm =============
###### U/L FRAME:0005 | PORT:24 | DR:2 | PWR:1 | MSG TYPE:UNCONFIRMED
1731768003s197:Airtime test started: 0
1731768003s197:MAC Tx start packet size: 18
1731768003s201:TX on freq 868100000 Hz at DR 2
1731768003s201:RADIO SEND WITH size 18
1731768003s203:SEND REQUEST
1731768003s533:NOTIFY
1731768003s533:MAC txDone
1731768004s527:RX_1 on freq 868100000 Hz at DR 2
1731768005s074:MAC rxNotify
1731768005s074:NOTIFY
1731768005s074:MAC rxDone

###### ========== MCPS-Confirm =============
###### U/L FRAME:0006 | PORT:24 | DR:2 | PWR:1 | MSG TYPE:UNCONFIRMED
1731768005s077:value of rxport: 200
1731768005s077:MULTICAST CLASS C SETUP 2
###### D/L FRAME:0001 | PORT:200 | DR:2 | SLOT:1 | RSSI:-18 | SNR:8
1731768005s085:MAC Tx start packet size: 15
1731768005s088:TX on freq 868300000 Hz at DR 2
1731768005s089:RADIO SEND WITH size 15
ID          : 0
McAddr      : FCB5D0EC
McKey       : 37-19-31-CA-75-B5-50-D4-4D-9C-78-18-B5-CA-9C-7F
McFCountMin : 0
McFCountMax : 4294967295
SessionTime : 0
SessionTimeT: 1 s
Rx Freq     : 0
Rx DR       : DR_0
1731768005s420:NOTIFY
1731768005s420:MAC txDone
1731768006s414:RX_1 on freq 868300000 Hz at DR 2
1731768006s482:IRQ_RX_TX_TIMEOUT
1731768006s482:NOTIFY
1731768006s482:MAC rxTimeOut
1731768007s452:RX_2 on freq 869525000 Hz at DR 0
1731768007s650:IRQ_RX_TX_TIMEOUT
1731768007s650:NOTIFY
1731768007s650:MAC rxTimeOut

###### ========== MCPS-Confirm =============
###### U/L FRAME:0007 | PORT:200 | DR:2 | PWR:1 | MSG TYPE:UNCONFIRMED
1731768063s203:Airtime test started: 0
1731768063s203:MAC Tx start packet size: 18
1731768063s206:TX on freq 867900000 Hz at DR 2
1731768063s206:RADIO SEND WITH size 18
1731768063s208:SEND REQUEST
1731768063s538:NOTIFY
1731768063s538:MAC txDone
1731768064s533:RX_1 on freq 867900000 Hz at DR 2
1731768064s915:MAC rxNotify
1731768064s915:NOTIFY
1731768064s915:MAC rxDone

###### ========== MCPS-Confirm =============
###### U/L FRAME:0008 | PORT:24 | DR:2 | PWR:1 | MSG TYPE:UNCONFIRMED
1731768064s918:value of rxport: 201
###### D/L FRAME:0002 | PORT:201 | DR:2 | SLOT:1 | RSSI:-18 | SNR:8
1731768064s919:#####################FRAGDECODER INIT
1731768068s804:MAC Tx start packet size: 15
1731768068s808:TX on freq 867900000 Hz at DR 2
1731768068s808:RADIO SEND WITH size 15
1731768069s140:NOTIFY
1731768069s140:MAC txDone
1731768070s134:RX_1 on freq 867900000 Hz at DR 2
1731768070s202:IRQ_RX_TX_TIMEOUT
1731768070s202:NOTIFY
1731768070s202:MAC rxTimeOut
1731768071s171:RX_2 on freq 869525000 Hz at DR 0
1731768071s369:IRQ_RX_TX_TIMEOUT
1731768071s369:NOTIFY
1731768071s369:MAC rxTimeOut

###### ========== MCPS-Confirm =============
###### U/L FRAME:0009 | PORT:201 | DR:2 | PWR:1 | MSG TYPE:UNCONFIRMED
1731768123s208:Airtime test started: 0
1731768123s208:MAC Tx start packet size: 18
1731768123s212:TX on freq 867300000 Hz at DR 2
1731768123s212:RADIO SEND WITH size 18
1731768123s214:SEND REQUEST
1731768123s544:NOTIFY
1731768123s544:MAC txDone
1731768124s538:RX_1 on freq 867300000 Hz at DR 2
1731768124s921:MAC rxNotify
1731768124s921:NOTIFY
1731768124s921:MAC rxDone

###### ========== MCPS-Confirm =============
###### U/L FRAME:0010 | PORT:24 | DR:2 | PWR:1 | MSG TYPE:UNCONFIRMED
1731768124s924:value of rxport: 200
1731768124s925:MULTICAST CLASS C SETUP 4
###### D/L FRAME:0003 | PORT:200 | DR:2 | SLOT:1 | RSSI:-18 | SNR:8
Time2SessionStart: 268000 ms
1731768124s925:MAC Tx start packet size: 18
1731768124s929:TX on freq 867500000 Hz at DR 2
1731768124s930:RADIO SEND WITH size 18
ID          : 0
McAddr      : FCB5D0EC
McKey       : 37-19-31-CA-75-B5-50-D4-4D-9C-78-18-B5-CA-9C-7F
McFCountMin : 0
McFCountMax : 4294967295
SessionTime : 1731768392
SessionTimeT: 4096 s
Rx Freq     : 869525000
Rx DR       : DR_2
1731768125s261:NOTIFY
1731768125s261:MAC txDone
1731768126s255:RX_1 on freq 867500000 Hz at DR 2
1731768126s323:IRQ_RX_TX_TIMEOUT
1731768126s323:NOTIFY
1731768126s323:MAC rxTimeOut
1731768127s292:RX_2 on freq 869525000 Hz at DR 0
1731768127s491:IRQ_RX_TX_TIMEOUT
1731768127s491:NOTIFY
1731768127s491:MAC rxTimeOut

###### ========== MCPS-Confirm =============
###### U/L FRAME:0011 | PORT:200 | DR:2 | PWR:1 | MSG TYPE:UNCONFIRMED
1731768392s925:[SWITCHCLASS class C]
1731768392s940:RX_C on freq 869525000 Hz at DR 2
1731768392s942:#############OPENED CONTINUOUS RX C WINDOW
Switch to Class C done
1731768394s316:MAC rxNotify
1731768394s316:NOTIFY
1731768394s316:MAC rxDone
1731768394s319:RXSLOT
1731768394s319:value of rxport: 201
###### D/L FRAME:0000 | PORT:201 | DR:2 | SLOT:C_MC | RSSI:-16 | SNR:9
1731768394s319:#####################FRAGDECODER PROCESS

.... FRAG_DECODER in Progress ....
EXPECTED   : 052 Fragments (02028 Bytes)
RECEIVED   : 001 Fragments
             00039 Bytes
LOST       : 000 Fragments

1731768394s324:RX_C on freq 869525000 Hz at DR 2
1731768394s325:#############OPENED CONTINUOUS RX C WINDOW
1731768400s340:MAC rxNotify
1731768400s340:NOTIFY
1731768400s340:MAC rxDone
1731768400s344:RXSLOT
1731768400s344:value of rxport: 201
###### D/L FRAME:0001 | PORT:201 | DR:2 | SLOT:C_MC | RSSI:-16 | SNR:9
1731768400s344:#####################FRAGDECODER PROCESS

.... FRAG_DECODER in Progress ....
EXPECTED   : 052 Fragments (02028 Bytes)
RECEIVED   : 002 Fragments
             00078 Bytes
LOST       : 000 Fragments

1731768400s348:RX_C on freq 869525000 Hz at DR 2
1731768400s350:#############OPENED CONTINUOUS RX C WINDOW
1731768407s370:MAC rxNotify
1731768407s370:NOTIFY
1731768407s370:MAC rxDone
1731768407s373:RXSLOT
1731768407s373:value of rxport: 201
###### D/L FRAME:0002 | PORT:201 | DR:2 | SLOT:C_MC | RSSI:-16 | SNR:9
1731768407s373:#####################FRAGDECODER PROCESS

.... FRAG_DECODER in Progress ....
EXPECTED   : 052 Fragments (02028 Bytes)
RECEIVED   : 003 Fragments
             00117 Bytes
LOST       : 000 Fragments

1731768407s378:RX_C on freq 869525000 Hz at DR 2
1731768407s379:#############OPENED CONTINUOUS RX C WINDOW
1731768413s397:MAC rxNotify
1731768413s397:NOTIFY
1731768413s397:MAC rxDone
1731768413s400:RXSLOT
1731768413s400:value of rxport: 201
###### D/L FRAME:0003 | PORT:201 | DR:2 | SLOT:C_MC | RSSI:-16 | SNR:9
1731768413s400:#####################FRAGDECODER PROCESS

.... FRAG_DECODER in Progress ....
EXPECTED   : 052 Fragments (02028 Bytes)
RECEIVED   : 004 Fragments
             00156 Bytes
LOST       : 000 Fragments

1731768413s404:RX_C on freq 869525000 Hz at DR 2
1731768413s406:#############OPENED CONTINUOUS RX C WINDOW
1731768419s424:MAC rxNotify
1731768419s424:NOTIFY
1731768419s424:MAC rxDone
1731768419s427:RXSLOT
1731768419s427:value of rxport: 201
###### D/L FRAME:0004 | PORT:201 | DR:2 | SLOT:C_MC | RSSI:-16 | SNR:9
1731768419s427:#####################FRAGDECODER PROCESS

.... FRAG_DECODER in Progress ....
EXPECTED   : 052 Fragments (02028 Bytes)
RECEIVED   : 005 Fragments
             00195 Bytes
LOST       : 000 Fragments

1731768419s432:RX_C on freq 869525000 Hz at DR 2
1731768419s433:#############OPENED CONTINUOUS RX C WINDOW
1731768425s452:MAC rxNotify
1731768425s452:NOTIFY
1731768425s452:MAC rxDone
1731768425s454:RXSLOT
1731768425s454:value of rxport: 201
###### D/L FRAME:0005 | PORT:201 | DR:2 | SLOT:C_MC | RSSI:-16 | SNR:9
1731768425s454:#####################FRAGDECODER PROCESS

.... FRAG_DECODER in Progress ....
EXPECTED   : 052 Fragments (02028 Bytes)
RECEIVED   : 006 Fragments
             00234 Bytes
LOST       : 000 Fragments

1731768425s459:RX_C on freq 869525000 Hz at DR 2
1731768425s460:#############OPENED CONTINUOUS RX C WINDOW
1731768432s485:MAC rxNotify
1731768432s485:NOTIFY
1731768432s485:MAC rxDone
1731768432s488:RXSLOT
1731768432s488:value of rxport: 201
###### D/L FRAME:0006 | PORT:201 | DR:2 | SLOT:C_MC | RSSI:-16 | SNR:9
1731768432s488:#####################FRAGDECODER PROCESS

.... FRAG_DECODER in Progress ....
EXPECTED   : 052 Fragments (02028 Bytes)
RECEIVED   : 007 Fragments
             00273 Bytes
LOST       : 000 Fragments

1731768432s492:RX_C on freq 869525000 Hz at DR 2
1731768432s494:#############OPENED CONTINUOUS RX C WINDOW
1731768438s511:MAC rxNotify
1731768438s511:NOTIFY
1731768438s511:MAC rxDone
1731768438s514:RXSLOT
1731768438s514:value of rxport: 201
###### D/L FRAME:0007 | PORT:201 | DR:2 | SLOT:C_MC | RSSI:-16 | SNR:9
1731768438s514:#####################FRAGDECODER PROCESS

.... FRAG_DECODER in Progress ....
EXPECTED   : 052 Fragments (02028 Bytes)
RECEIVED   : 008 Fragments
             00312 Bytes
LOST       : 000 Fragments

1731768438s519:RX_C on freq 869525000 Hz at DR 2
1731768438s520:#############OPENED CONTINUOUS RX C WINDOW
1731768444s540:MAC rxNotify
1731768444s540:NOTIFY
1731768444s540:MAC rxDone
1731768444s543:RXSLOT
1731768444s543:value of rxport: 201
###### D/L FRAME:0008 | PORT:201 | DR:2 | SLOT:C_MC | RSSI:-16 | SNR:8
1731768444s543:#####################FRAGDECODER PROCESS

.... FRAG_DECODER in Progress ....
EXPECTED   : 052 Fragments (02028 Bytes)
RECEIVED   : 009 Fragments
             00351 Bytes
LOST       : 000 Fragments

1731768444s548:RX_C on freq 869525000 Hz at DR 2
1731768444s549:#############OPENED CONTINUOUS RX C WINDOW
1731768450s570:MAC rxNotify
1731768450s570:NOTIFY
1731768450s570:MAC rxDone
1731768450s573:RXSLOT
1731768450s573:value of rxport: 201
###### D/L FRAME:0009 | PORT:201 | DR:2 | SLOT:C_MC | RSSI:-16 | SNR:9
1731768450s573:#####################FRAGDECODER PROCESS

.... FRAG_DECODER in Progress ....
EXPECTED   : 052 Fragments (02028 Bytes)
RECEIVED   : 010 Fragments
             00390 Bytes
LOST       : 000 Fragments

1731768450s578:RX_C on freq 869525000 Hz at DR 2
1731768450s578:#############OPENED CONTINUOUS RX C WINDOW
1731768457s602:MAC rxNotify
1731768457s602:NOTIFY
1731768457s602:MAC rxDone
1731768457s605:RXSLOT
1731768457s605:value of rxport: 201
###### D/L FRAME:0010 | PORT:201 | DR:2 | SLOT:C_MC | RSSI:-16 | SNR:8
1731768457s605:#####################FRAGDECODER PROCESS

.... FRAG_DECODER in Progress ....
EXPECTED   : 052 Fragments (02028 Bytes)
RECEIVED   : 011 Fragments
             00429 Bytes
LOST       : 000 Fragments

1731768457s610:RX_C on freq 869525000 Hz at DR 2
1731768457s611:#############OPENED CONTINUOUS RX C WINDOW
1731768463s630:MAC rxNotify
1731768463s630:NOTIFY
1731768463s630:MAC rxDone
1731768463s633:RXSLOT
1731768463s633:value of rxport: 201
###### D/L FRAME:0011 | PORT:201 | DR:2 | SLOT:C_MC | RSSI:-16 | SNR:8
1731768463s633:#####################FRAGDECODER PROCESS

.... FRAG_DECODER in Progress ....
EXPECTED   : 052 Fragments (02028 Bytes)
RECEIVED   : 012 Fragments
             00468 Bytes
LOST       : 000 Fragments

1731768463s638:RX_C on freq 869525000 Hz at DR 2
1731768463s639:#############OPENED CONTINUOUS RX C WINDOW
1731768469s661:MAC rxNotify
1731768469s661:NOTIFY
1731768469s661:MAC rxDone
1731768469s664:RXSLOT
1731768469s664:value of rxport: 201
###### D/L FRAME:0012 | PORT:201 | DR:2 | SLOT:C_MC | RSSI:-16 | SNR:8
1731768469s664:#####################FRAGDECODER PROCESS

.... FRAG_DECODER in Progress ....
EXPECTED   : 052 Fragments (02028 Bytes)
RECEIVED   : 013 Fragments
             00507 Bytes
LOST       : 000 Fragments

1731768469s669:RX_C on freq 869525000 Hz at DR 2
1731768469s670:#############OPENED CONTINUOUS RX C WINDOW
1731768475s689:MAC rxNotify
1731768475s689:NOTIFY
1731768475s689:MAC rxDone
1731768475s692:RXSLOT
1731768475s692:value of rxport: 201
###### D/L FRAME:0013 | PORT:201 | DR:2 | SLOT:C_MC | RSSI:-16 | SNR:9
1731768475s692:#####################FRAGDECODER PROCESS

.... FRAG_DECODER in Progress ....
EXPECTED   : 052 Fragments (02028 Bytes)
RECEIVED   : 014 Fragments
             00546 Bytes
LOST       : 000 Fragments

1731768475s696:RX_C on freq 869525000 Hz at DR 2
1731768475s698:#############OPENED CONTINUOUS RX C WINDOW
1731768482s717:MAC rxNotify
1731768482s717:NOTIFY
1731768482s717:MAC rxDone
1731768482s720:RXSLOT
1731768482s720:value of rxport: 201
###### D/L FRAME:0014 | PORT:201 | DR:2 | SLOT:C_MC | RSSI:-16 | SNR:9
1731768482s720:#####################FRAGDECODER PROCESS

.... FRAG_DECODER in Progress ....
EXPECTED   : 052 Fragments (02028 Bytes)
RECEIVED   : 015 Fragments
             00585 Bytes
LOST       : 000 Fragments

1731768482s724:RX_C on freq 869525000 Hz at DR 2
1731768482s726:#############OPENED CONTINUOUS RX C WINDOW
1731768488s742:MAC rxNotify
1731768488s742:NOTIFY
1731768488s742:MAC rxDone
1731768488s744:RXSLOT
1731768488s744:value of rxport: 201
###### D/L FRAME:0015 | PORT:201 | DR:2 | SLOT:C_MC | RSSI:-16 | SNR:9
1731768488s744:#####################FRAGDECODER PROCESS

.... FRAG_DECODER in Progress ....
EXPECTED   : 052 Fragments (02028 Bytes)
RECEIVED   : 016 Fragments
             00624 Bytes
LOST       : 000 Fragments

1731768488s749:RX_C on freq 869525000 Hz at DR 2
1731768488s750:#############OPENED CONTINUOUS RX C WINDOW
1731768494s766:MAC rxNotify
1731768494s766:NOTIFY
1731768494s766:MAC rxDone
1731768494s769:RXSLOT
1731768494s769:value of rxport: 201
###### D/L FRAME:0016 | PORT:201 | DR:2 | SLOT:C_MC | RSSI:-16 | SNR:9
1731768494s769:#####################FRAGDECODER PROCESS

.... FRAG_DECODER in Progress ....
EXPECTED   : 052 Fragments (02028 Bytes)
RECEIVED   : 017 Fragments
             00663 Bytes
LOST       : 000 Fragments

1731768494s773:RX_C on freq 869525000 Hz at DR 2
1731768494s775:#############OPENED CONTINUOUS RX C WINDOW
1731768500s796:MAC rxNotify
1731768500s796:NOTIFY
1731768500s796:MAC rxDone
1731768500s799:RXSLOT
1731768500s799:value of rxport: 201
###### D/L FRAME:0017 | PORT:201 | DR:2 | SLOT:C_MC | RSSI:-16 | SNR:9
1731768500s799:#####################FRAGDECODER PROCESS

.... FRAG_DECODER in Progress ....
EXPECTED   : 052 Fragments (02028 Bytes)
RECEIVED   : 018 Fragments
             00702 Bytes
LOST       : 000 Fragments

1731768500s803:RX_C on freq 869525000 Hz at DR 2
1731768500s805:#############OPENED CONTINUOUS RX C WINDOW
1731768507s826:MAC rxNotify
1731768507s827:NOTIFY
1731768507s827:MAC rxDone
1731768507s829:RXSLOT
1731768507s829:value of rxport: 201
###### D/L FRAME:0018 | PORT:201 | DR:2 | SLOT:C_MC | RSSI:-16 | SNR:8
1731768507s829:#####################FRAGDECODER PROCESS

.... FRAG_DECODER in Progress ....
EXPECTED   : 052 Fragments (02028 Bytes)
RECEIVED   : 019 Fragments
             00741 Bytes
LOST       : 000 Fragments

1731768507s834:RX_C on freq 869525000 Hz at DR 2
1731768507s835:#############OPENED CONTINUOUS RX C WINDOW
1731768513s846:MAC rxNotify
1731768513s846:NOTIFY
1731768513s846:MAC rxDone
1731768513s849:RXSLOT
1731768513s849:value of rxport: 201
###### D/L FRAME:0019 | PORT:201 | DR:2 | SLOT:C_MC | RSSI:-16 | SNR:9
1731768513s849:#####################FRAGDECODER PROCESS

.... FRAG_DECODER in Progress ....
EXPECTED   : 052 Fragments (02028 Bytes)
RECEIVED   : 020 Fragments
             00780 Bytes
LOST       : 000 Fragments

1731768513s854:RX_C on freq 869525000 Hz at DR 2
1731768513s855:#############OPENED CONTINUOUS RX C WINDOW
1731768519s872:MAC rxNotify
1731768519s872:NOTIFY
1731768519s872:MAC rxDone
1731768519s875:RXSLOT
1731768519s875:value of rxport: 201
###### D/L FRAME:0020 | PORT:201 | DR:2 | SLOT:C_MC | RSSI:-16 | SNR:9
1731768519s875:#####################FRAGDECODER PROCESS

.... FRAG_DECODER in Progress ....
EXPECTED   : 052 Fragments (02028 Bytes)
RECEIVED   : 021 Fragments
             00819 Bytes
LOST       : 000 Fragments

1731768519s880:RX_C on freq 869525000 Hz at DR 2
1731768519s881:#############OPENED CONTINUOUS RX C WINDOW
1731768525s904:MAC rxNotify
1731768525s904:NOTIFY
1731768525s904:MAC rxDone
1731768525s907:RXSLOT
1731768525s907:value of rxport: 201
###### D/L FRAME:0021 | PORT:201 | DR:2 | SLOT:C_MC | RSSI:-16 | SNR:9
1731768525s907:#####################FRAGDECODER PROCESS

.... FRAG_DECODER in Progress ....
EXPECTED   : 052 Fragments (02028 Bytes)
RECEIVED   : 022 Fragments
             00858 Bytes
LOST       : 000 Fragments

1731768525s911:RX_C on freq 869525000 Hz at DR 2
1731768525s912:#############OPENED CONTINUOUS RX C WINDOW
1731768532s935:MAC rxNotify
1731768532s935:NOTIFY
1731768532s935:MAC rxDone
1731768532s938:RXSLOT
1731768532s938:value of rxport: 201
###### D/L FRAME:0022 | PORT:201 | DR:2 | SLOT:C_MC | RSSI:-16 | SNR:8
1731768532s938:#####################FRAGDECODER PROCESS

.... FRAG_DECODER in Progress ....
EXPECTED   : 052 Fragments (02028 Bytes)
RECEIVED   : 023 Fragments
             00897 Bytes
LOST       : 000 Fragments

1731768532s943:RX_C on freq 869525000 Hz at DR 2
1731768532s944:#############OPENED CONTINUOUS RX C WINDOW
1731768538s961:MAC rxNotify
1731768538s961:NOTIFY
1731768538s961:MAC rxDone
1731768538s964:RXSLOT
1731768538s964:value of rxport: 201
###### D/L FRAME:0023 | PORT:201 | DR:2 | SLOT:C_MC | RSSI:-16 | SNR:9
1731768538s964:#####################FRAGDECODER PROCESS

.... FRAG_DECODER in Progress ....
EXPECTED   : 052 Fragments (02028 Bytes)
RECEIVED   : 024 Fragments
             00936 Bytes
LOST       : 000 Fragments

1731768538s969:RX_C on freq 869525000 Hz at DR 2
1731768538s970:#############OPENED CONTINUOUS RX C WINDOW
1731768544s992:MAC rxNotify
1731768544s992:NOTIFY
1731768544s992:MAC rxDone
1731768544s994:RXSLOT
1731768544s994:value of rxport: 201
###### D/L FRAME:0024 | PORT:201 | DR:2 | SLOT:C_MC | RSSI:-16 | SNR:9
1731768544s994:#####################FRAGDECODER PROCESS

.... FRAG_DECODER in Progress ....
EXPECTED   : 052 Fragments (02028 Bytes)
RECEIVED   : 025 Fragments
             00975 Bytes
LOST       : 000 Fragments

1731768544s999:RX_C on freq 869525000 Hz at DR 2
1731768545s000:#############OPENED CONTINUOUS RX C WINDOW
1731768551s021:MAC rxNotify
1731768551s021:NOTIFY
1731768551s021:MAC rxDone
1731768551s024:RXSLOT
1731768551s024:value of rxport: 201
###### D/L FRAME:0025 | PORT:201 | DR:2 | SLOT:C_MC | RSSI:-16 | SNR:8
1731768551s024:#####################FRAGDECODER PROCESS

.... FRAG_DECODER in Progress ....
EXPECTED   : 052 Fragments (02028 Bytes)
RECEIVED   : 026 Fragments
             01014 Bytes
LOST       : 000 Fragments

1731768551s029:RX_C on freq 869525000 Hz at DR 2
1731768551s030:#############OPENED CONTINUOUS RX C WINDOW
1731768558s052:MAC rxNotify
1731768558s052:NOTIFY
1731768558s052:MAC rxDone
1731768558s055:RXSLOT
1731768558s055:value of rxport: 201
###### D/L FRAME:0026 | PORT:201 | DR:2 | SLOT:C_MC | RSSI:-16 | SNR:9
1731768558s055:#####################FRAGDECODER PROCESS

.... FRAG_DECODER in Progress ....
EXPECTED   : 052 Fragments (02028 Bytes)
RECEIVED   : 027 Fragments
             01053 Bytes
LOST       : 000 Fragments

1731768558s060:RX_C on freq 869525000 Hz at DR 2
1731768558s061:#############OPENED CONTINUOUS RX C WINDOW
1731768564s078:MAC rxNotify
1731768564s078:NOTIFY
1731768564s078:MAC rxDone
1731768564s081:RXSLOT
1731768564s081:value of rxport: 201
###### D/L FRAME:0027 | PORT:201 | DR:2 | SLOT:C_MC | RSSI:-16 | SNR:9
1731768564s081:#####################FRAGDECODER PROCESS

.... FRAG_DECODER in Progress ....
EXPECTED   : 052 Fragments (02028 Bytes)
RECEIVED   : 028 Fragments
             01092 Bytes
LOST       : 000 Fragments

1731768564s085:RX_C on freq 869525000 Hz at DR 2
1731768564s087:#############OPENED CONTINUOUS RX C WINDOW
1731768570s095:MAC rxNotify
1731768570s095:NOTIFY
1731768570s095:MAC rxDone
1731768570s098:RXSLOT
1731768570s098:value of rxport: 201
###### D/L FRAME:0028 | PORT:201 | DR:2 | SLOT:C_MC | RSSI:-16 | SNR:8
1731768570s098:#####################FRAGDECODER PROCESS

.... FRAG_DECODER in Progress ....
EXPECTED   : 052 Fragments (02028 Bytes)
RECEIVED   : 029 Fragments
             01131 Bytes
LOST       : 000 Fragments

1731768570s103:RX_C on freq 869525000 Hz at DR 2
1731768570s104:#############OPENED CONTINUOUS RX C WINDOW
1731768576s124:MAC rxNotify
1731768576s124:NOTIFY
1731768576s124:MAC rxDone
1731768576s127:RXSLOT
1731768576s127:value of rxport: 201
###### D/L FRAME:0029 | PORT:201 | DR:2 | SLOT:C_MC | RSSI:-16 | SNR:8
1731768576s127:#####################FRAGDECODER PROCESS

.... FRAG_DECODER in Progress ....
EXPECTED   : 052 Fragments (02028 Bytes)
RECEIVED   : 030 Fragments
             01170 Bytes
LOST       : 000 Fragments

1731768576s132:RX_C on freq 869525000 Hz at DR 2
1731768576s133:#############OPENED CONTINUOUS RX C WINDOW
1731768583s154:MAC rxNotify
1731768583s154:NOTIFY
1731768583s154:MAC rxDone
1731768583s157:RXSLOT
1731768583s157:value of rxport: 201
###### D/L FRAME:0030 | PORT:201 | DR:2 | SLOT:C_MC | RSSI:-16 | SNR:9
1731768583s157:#####################FRAGDECODER PROCESS

.... FRAG_DECODER in Progress ....
EXPECTED   : 052 Fragments (02028 Bytes)
RECEIVED   : 031 Fragments
             01209 Bytes
LOST       : 000 Fragments

1731768583s161:RX_C on freq 869525000 Hz at DR 2
1731768583s162:#############OPENED CONTINUOUS RX C WINDOW
1731768589s183:MAC rxNotify
1731768589s183:NOTIFY
1731768589s183:MAC rxDone
1731768589s186:RXSLOT
1731768589s186:value of rxport: 201
###### D/L FRAME:0031 | PORT:201 | DR:2 | SLOT:C_MC | RSSI:-16 | SNR:9
1731768589s186:#####################FRAGDECODER PROCESS

.... FRAG_DECODER in Progress ....
EXPECTED   : 052 Fragments (02028 Bytes)
RECEIVED   : 032 Fragments
             01248 Bytes
LOST       : 000 Fragments

1731768589s191:RX_C on freq 869525000 Hz at DR 2
1731768589s192:#############OPENED CONTINUOUS RX C WINDOW
1731768595s208:MAC rxNotify
1731768595s208:NOTIFY
1731768595s208:MAC rxDone
1731768595s211:RXSLOT
1731768595s211:value of rxport: 201
###### D/L FRAME:0032 | PORT:201 | DR:2 | SLOT:C_MC | RSSI:-16 | SNR:9
1731768595s211:#####################FRAGDECODER PROCESS

.... FRAG_DECODER in Progress ....
EXPECTED   : 052 Fragments (02028 Bytes)
RECEIVED   : 033 Fragments
             01287 Bytes
LOST       : 000 Fragments

1731768595s216:RX_C on freq 869525000 Hz at DR 2
1731768595s217:#############OPENED CONTINUOUS RX C WINDOW
1731768602s238:MAC rxNotify
1731768602s238:NOTIFY
1731768602s238:MAC rxDone
1731768602s241:RXSLOT
1731768602s241:value of rxport: 201
###### D/L FRAME:0033 | PORT:201 | DR:2 | SLOT:C_MC | RSSI:-16 | SNR:8
1731768602s241:#####################FRAGDECODER PROCESS

.... FRAG_DECODER in Progress ....
EXPECTED   : 052 Fragments (02028 Bytes)
RECEIVED   : 034 Fragments
             01326 Bytes
LOST       : 000 Fragments

1731768602s245:RX_C on freq 869525000 Hz at DR 2
1731768602s246:#############OPENED CONTINUOUS RX C WINDOW
1731768608s265:MAC rxNotify
1731768608s265:NOTIFY
1731768608s265:MAC rxDone
1731768608s268:RXSLOT
1731768608s268:value of rxport: 201
###### D/L FRAME:0034 | PORT:201 | DR:2 | SLOT:C_MC | RSSI:-16 | SNR:9
1731768608s268:#####################FRAGDECODER PROCESS

.... FRAG_DECODER in Progress ....
EXPECTED   : 052 Fragments (02028 Bytes)
RECEIVED   : 035 Fragments
             01365 Bytes
LOST       : 000 Fragments

1731768608s273:RX_C on freq 869525000 Hz at DR 2
1731768608s274:#############OPENED CONTINUOUS RX C WINDOW
1731768614s289:MAC rxNotify
1731768614s289:NOTIFY
1731768614s289:MAC rxDone
1731768614s292:RXSLOT
1731768614s292:value of rxport: 201
###### D/L FRAME:0035 | PORT:201 | DR:2 | SLOT:C_MC | RSSI:-15 | SNR:9
1731768614s292:#####################FRAGDECODER PROCESS

.... FRAG_DECODER in Progress ....
EXPECTED   : 052 Fragments (02028 Bytes)
RECEIVED   : 036 Fragments
             01404 Bytes
LOST       : 000 Fragments

1731768614s297:RX_C on freq 869525000 Hz at DR 2
1731768614s298:#############OPENED CONTINUOUS RX C WINDOW
1731768620s314:MAC rxNotify
1731768620s314:NOTIFY
1731768620s314:MAC rxDone
1731768620s317:RXSLOT
1731768620s317:value of rxport: 201
###### D/L FRAME:0036 | PORT:201 | DR:2 | SLOT:C_MC | RSSI:-16 | SNR:9
1731768620s317:#####################FRAGDECODER PROCESS

.... FRAG_DECODER in Progress ....
EXPECTED   : 052 Fragments (02028 Bytes)
RECEIVED   : 037 Fragments
             01443 Bytes
LOST       : 000 Fragments

1731768620s322:RX_C on freq 869525000 Hz at DR 2
1731768620s323:#############OPENED CONTINUOUS RX C WINDOW
1731768627s339:MAC rxNotify
1731768627s339:NOTIFY
1731768627s340:MAC rxDone
1731768627s343:RXSLOT
1731768627s343:value of rxport: 201
###### D/L FRAME:0037 | PORT:201 | DR:2 | SLOT:C_MC | RSSI:-16 | SNR:9
1731768627s343:#####################FRAGDECODER PROCESS

.... FRAG_DECODER in Progress ....
EXPECTED   : 052 Fragments (02028 Bytes)
RECEIVED   : 038 Fragments
             01482 Bytes
LOST       : 000 Fragments

1731768627s348:RX_C on freq 869525000 Hz at DR 2
1731768627s349:#############OPENED CONTINUOUS RX C WINDOW
1731768633s365:MAC rxNotify
1731768633s365:NOTIFY
1731768633s365:MAC rxDone
1731768633s368:RXSLOT
1731768633s368:value of rxport: 201
###### D/L FRAME:0038 | PORT:201 | DR:2 | SLOT:C_MC | RSSI:-16 | SNR:9
1731768633s368:#####################FRAGDECODER PROCESS

.... FRAG_DECODER in Progress ....
EXPECTED   : 052 Fragments (02028 Bytes)
RECEIVED   : 039 Fragments
             01521 Bytes
LOST       : 000 Fragments

1731768633s372:RX_C on freq 869525000 Hz at DR 2
1731768633s373:#############OPENED CONTINUOUS RX C WINDOW
1731768639s390:MAC rxNotify
1731768639s391:NOTIFY
1731768639s391:MAC rxDone
1731768639s394:RXSLOT
1731768639s394:value of rxport: 201
###### D/L FRAME:0039 | PORT:201 | DR:2 | SLOT:C_MC | RSSI:-16 | SNR:9
1731768639s394:#####################FRAGDECODER PROCESS

.... FRAG_DECODER in Progress ....
EXPECTED   : 052 Fragments (02028 Bytes)
RECEIVED   : 040 Fragments
             01560 Bytes
LOST       : 000 Fragments

1731768639s399:RX_C on freq 869525000 Hz at DR 2
1731768639s400:#############OPENED CONTINUOUS RX C WINDOW
1731768645s414:MAC rxNotify
1731768645s414:NOTIFY
1731768645s414:MAC rxDone
1731768645s417:RXSLOT
1731768645s417:value of rxport: 201
###### D/L FRAME:0040 | PORT:201 | DR:2 | SLOT:C_MC | RSSI:-16 | SNR:9
1731768645s417:#####################FRAGDECODER PROCESS

.... FRAG_DECODER in Progress ....
EXPECTED   : 052 Fragments (02028 Bytes)
RECEIVED   : 041 Fragments
             01599 Bytes
LOST       : 000 Fragments

1731768645s422:RX_C on freq 869525000 Hz at DR 2
1731768645s423:#############OPENED CONTINUOUS RX C WINDOW
1731768652s442:MAC rxNotify
1731768652s442:NOTIFY
1731768652s442:MAC rxDone
1731768652s445:RXSLOT
1731768652s445:value of rxport: 201
###### D/L FRAME:0041 | PORT:201 | DR:2 | SLOT:C_MC | RSSI:-16 | SNR:8
1731768652s445:#####################FRAGDECODER PROCESS

.... FRAG_DECODER in Progress ....
EXPECTED   : 052 Fragments (02028 Bytes)
RECEIVED   : 042 Fragments
             01638 Bytes
LOST       : 000 Fragments

1731768652s450:RX_C on freq 869525000 Hz at DR 2
1731768652s451:#############OPENED CONTINUOUS RX C WINDOW
1731768658s468:MAC rxNotify
1731768658s468:NOTIFY
1731768658s468:MAC rxDone
1731768658s471:RXSLOT
1731768658s471:value of rxport: 201
###### D/L FRAME:0042 | PORT:201 | DR:2 | SLOT:C_MC | RSSI:-15 | SNR:9
1731768658s471:#####################FRAGDECODER PROCESS

.... FRAG_DECODER in Progress ....
EXPECTED   : 052 Fragments (02028 Bytes)
RECEIVED   : 043 Fragments
             01677 Bytes
LOST       : 000 Fragments

1731768658s476:RX_C on freq 869525000 Hz at DR 2
1731768658s477:#############OPENED CONTINUOUS RX C WINDOW
1731768664s493:MAC rxNotify
1731768664s493:NOTIFY
1731768664s493:MAC rxDone
1731768664s495:RXSLOT
1731768664s495:value of rxport: 201
###### D/L FRAME:0043 | PORT:201 | DR:2 | SLOT:C_MC | RSSI:-16 | SNR:9
1731768664s495:#####################FRAGDECODER PROCESS

.... FRAG_DECODER in Progress ....
EXPECTED   : 052 Fragments (02028 Bytes)
RECEIVED   : 044 Fragments
             01716 Bytes
LOST       : 000 Fragments

1731768664s500:RX_C on freq 869525000 Hz at DR 2
1731768664s501:#############OPENED CONTINUOUS RX C WINDOW
1731768670s520:MAC rxNotify
1731768670s520:NOTIFY
1731768670s520:MAC rxDone
1731768670s523:RXSLOT
1731768670s523:value of rxport: 201
###### D/L FRAME:0044 | PORT:201 | DR:2 | SLOT:C_MC | RSSI:-16 | SNR:9
1731768670s523:#####################FRAGDECODER PROCESS

.... FRAG_DECODER in Progress ....
EXPECTED   : 052 Fragments (02028 Bytes)
RECEIVED   : 045 Fragments
             01755 Bytes
LOST       : 000 Fragments

1731768670s527:RX_C on freq 869525000 Hz at DR 2
1731768670s529:#############OPENED CONTINUOUS RX C WINDOW
1731768677s547:MAC rxNotify
1731768677s547:NOTIFY
1731768677s547:MAC rxDone
1731768677s550:RXSLOT
1731768677s550:value of rxport: 201
###### D/L FRAME:0045 | PORT:201 | DR:2 | SLOT:C_MC | RSSI:-16 | SNR:9
1731768677s550:#####################FRAGDECODER PROCESS

.... FRAG_DECODER in Progress ....
EXPECTED   : 052 Fragments (02028 Bytes)
RECEIVED   : 046 Fragments
             01794 Bytes
LOST       : 000 Fragments

1731768677s555:RX_C on freq 869525000 Hz at DR 2
1731768677s556:#############OPENED CONTINUOUS RX C WINDOW
1731768683s573:MAC rxNotify
1731768683s573:NOTIFY
1731768683s573:MAC rxDone
1731768683s576:RXSLOT
1731768683s576:value of rxport: 201
###### D/L FRAME:0046 | PORT:201 | DR:2 | SLOT:C_MC | RSSI:-16 | SNR:9
1731768683s576:#####################FRAGDECODER PROCESS

.... FRAG_DECODER in Progress ....
EXPECTED   : 052 Fragments (02028 Bytes)
RECEIVED   : 047 Fragments
             01833 Bytes
LOST       : 000 Fragments

1731768683s580:RX_C on freq 869525000 Hz at DR 2
1731768683s581:#############OPENED CONTINUOUS RX C WINDOW
1731768689s605:MAC rxNotify
1731768689s605:NOTIFY
1731768689s605:MAC rxDone
1731768689s608:RXSLOT
1731768689s608:value of rxport: 201
###### D/L FRAME:0047 | PORT:201 | DR:2 | SLOT:C_MC | RSSI:-16 | SNR:9
1731768689s608:#####################FRAGDECODER PROCESS

.... FRAG_DECODER in Progress ....
EXPECTED   : 052 Fragments (02028 Bytes)
RECEIVED   : 048 Fragments
             01872 Bytes
LOST       : 000 Fragments

1731768689s613:RX_C on freq 869525000 Hz at DR 2
1731768689s614:#############OPENED CONTINUOUS RX C WINDOW
1731768695s634:MAC rxNotify
1731768695s634:NOTIFY
1731768695s634:MAC rxDone
1731768695s637:RXSLOT
1731768695s637:value of rxport: 201
###### D/L FRAME:0048 | PORT:201 | DR:2 | SLOT:C_MC | RSSI:-16 | SNR:8
1731768695s637:#####################FRAGDECODER PROCESS

.... FRAG_DECODER in Progress ....
EXPECTED   : 052 Fragments (02028 Bytes)
RECEIVED   : 049 Fragments
             01911 Bytes
LOST       : 000 Fragments

1731768695s642:RX_C on freq 869525000 Hz at DR 2
1731768695s643:#############OPENED CONTINUOUS RX C WINDOW
1731768702s666:MAC rxNotify
1731768702s666:NOTIFY
1731768702s666:MAC rxDone
1731768702s669:RXSLOT
1731768702s669:value of rxport: 201
###### D/L FRAME:0049 | PORT:201 | DR:2 | SLOT:C_MC | RSSI:-16 | SNR:10
1731768702s669:#####################FRAGDECODER PROCESS

.... FRAG_DECODER in Progress ....
EXPECTED   : 052 Fragments (02028 Bytes)
RECEIVED   : 050 Fragments
             01950 Bytes
LOST       : 000 Fragments

1731768702s674:RX_C on freq 869525000 Hz at DR 2
1731768702s675:#############OPENED CONTINUOUS RX C WINDOW
1731768708s691:MAC rxNotify
1731768708s691:NOTIFY
1731768708s691:MAC rxDone
1731768708s694:RXSLOT
1731768708s694:value of rxport: 201
###### D/L FRAME:0050 | PORT:201 | DR:2 | SLOT:C_MC | RSSI:-16 | SNR:9
1731768708s694:#####################FRAGDECODER PROCESS

.... FRAG_DECODER in Progress ....
EXPECTED   : 052 Fragments (02028 Bytes)
RECEIVED   : 051 Fragments
             01989 Bytes
LOST       : 000 Fragments

1731768708s699:RX_C on freq 869525000 Hz at DR 2
1731768708s700:#############OPENED CONTINUOUS RX C WINDOW
1731768714s721:MAC rxNotify
1731768714s721:NOTIFY
1731768714s721:MAC rxDone
1731768714s724:RXSLOT
1731768714s724:value of rxport: 201
###### D/L FRAME:0051 | PORT:201 | DR:2 | SLOT:C_MC | RSSI:-16 | SNR:9
1731768714s724:#####################FRAGDECODER PROCESS

.... FRAG_DECODER in Progress ....
EXPECTED   : 052 Fragments (02028 Bytes)
RECEIVED   : 052 Fragments
             02028 Bytes
LOST       : 000 Fragments


.... FRAG_DECODER Finished ....
STATUS     : 0
1731768714s725:ALL FRAGMENTS RECEIVED

= [SBOOT] System Security Check successfully passed. Starting...


======================================================================
=              (C) COPYRIGHT 2017 STMicroelectronics                 =
=                                                                    =
=              Secure Boot and Secure Firmware Update                =
======================================================================


= [SBOOT] SECURE ENGINE INITIALIZATION SUCCESSFUL
= [SBOOT] STATE: CHECK STATUS ON RESET
	  INFO: A Reboot has been triggered by a Software reset!
= [SBOOT] STATE: CHECK NEW FIRMWARE TO DOWNLOAD
= [SBOOT] STATE: CHECK KMS BLOB TO INSTALL
= [SBOOT] STATE: CHECK USER FW STATUS
	  A FW is detected in the slot SLOT_ACTIVE_1
= [SBOOT] STATE: VERIFY USER FW SIGNATURE
= [SBOOT] STATE: EXECUTE USER FIRMWAREAPPLICATION_VERSION: V1.3.0
MW_LORAWAN_VERSION:  V2.5.0
MW_RADIO_VERSION:    V1.3.0
L2_SPEC_VERSION:     V1.0.4
RP_SPEC_VERSION:     V2-1.0.1
###### AppKey:      2B:7E:15:16:28:AE:D2:A6:AB:F7:15:88:09:CF:4F:3C
###### NwkKey:      2B:7E:15:16:28:AE:D2:A6:AB:F7:15:88:09:CF:4F:3C
###### AppSKey:     F3:93:28:2F:32:E7:5D:65:BB:6C:F0:A0:AD:55:09:2B
###### NwkSKey:     13:46:5F:17:2F:E2:A9:94:69:FB:B5:FA:0E:4C:B3:EA
###### DevEUI:      00:80:E1:15:05:AB:CD:7C
###### AppEUI:      01:01:01:01:01:01:01:01
###### DevAddr:     05:AB:CD:7C
###### KMS ENABLED