

###### ========== MCPS-Confirm =============
###### U/L FRAME:0025 | PORT:24 | DR:3 | PWR:1 | MSG TYPE:UNCONFIRMED

= [SBOOT] System Security Check successfully passed. Starting...


======================================================================
=              (C) COPYRIGHT 2017 STMicroelectronics                 =
=                                                                    =
=              Secure Boot and Secure Firmware Update                =
======================================================================


= [SBOOT] SECURE ENGINE INITIALIZATION SUCCESSFUL
= [SBOOT] STATE: CHECK STATUS ON RESET
	  INFO: A Reboot has been triggered by a Hardware reset!
= [SBOOT] STATE: CHECK NEW FIRMWARE TO DOWNLOAD
= [SBOOT] STATE: CHECK KMS BLOB TO INSTALL
= [SBOOT] STATE: CHECK USER FW STATUS
	  A FW is detected in the slot SLOT_ACTIVE_1
= [SBOOT] STATE: VERIFY USER FW SIGNATURE
= [SBOOT] STATE: EXECUTE USER FIRMWAREAPPLICATION_VERSION: V1.3.0
MW_LORAWAN_VERSION:  V2.5.0
MW_RADIO_VERSION:    V1.3.0
L2_SPEC_VERSION:     V1.0.4
RP_SPEC_VERSION:     V2-1.0.1
###### AppKey:      2B:7E:15:16:28:AE:D2:A6:AB:F7:15:88:09:CF:4F:3C
###### NwkKey:      2B:7E:15:16:28:AE:D2:A6:AB:F7:15:88:09:CF:4F:3C
###### AppSKey:     7E:E4:40:96:E9:A5:DD:28:3F:64:58:85:33:5D:CC:00
###### NwkSKey:     C7:65:B1:2D:88:5A:B7:BA:B1:06:EE:3B:01:0E:60:5E
###### DevEUI:      00:80:E1:15:05:AB:CF:19
###### AppEUI:      01:01:01:01:01:01:01:01
###### DevAddr:     05:AB:CF:19
###### KMS ENABLED

###### = JOINED = OTAA =====================
[31mNetwork joined, choose app to execute:
BTN1: TxTimer send uplink every 10 sec
BTN2: Airtime test
[0m
###### U/L FRAME:JOIN | DR:3 | PWR:1
###### MCRootKey:   7D:F7:6B:0C:1A:B8:99:B3:3E:42:F0:47:B9:1B:54:6F
###### MCKEKey:     8C:B8:66:5E:0C:0E:0B:64:5B:2E:D9:E4:8A:19:27:7C
###### AppSKey:     5F:EA:16:83:E7:CD:7A:EA:69:1C:E3:00:3F:52:2A:39
###### NwkSKey:     8D:19:85:B0:A1:0B:20:B2:D3:5D:4D:61:5B:C4:49:ED
###### DBIntKey:    7A:C4:7C:65:FE:25:9B:B6:54:BD:26:35:19:F8:9C:8E
###### DevEUI:      00:80:E1:15:05:AB:CF:19
###### AppEUI:      01:01:01:01:01:01:01:01
###### DevAddr:     01:82:1C:77
[32mStart tx timer regular[0m

###### ========== MCPS-Confirm =============
###### U/L FRAME:0001 | PORT:24 | DR:3 | PWR:1 | MSG TYPE:UNCONFIRMED
1731781952s697:value of rxport: 0
###### D/L FRAME:0000 | PORT:0 | DR:3 | SLOT:1 | RSSI:-17 | SNR:11
1731782011s321:Airtime test started: 0
1731782011s321:MAC Tx start packet size: 21
1731782011s325:TX on freq 868100000 Hz at DR 3
1731782011s325:RADIO SEND WITH size 21
1731782011s327:SEND REQUEST
1731782011s513:NOTIFY
1731782011s513:MAC txDone
1731782012s500:RX_1 on freq 868100000 Hz at DR 3
1731782012s558:IRQ_RX_TX_TIMEOUT
1731782012s559:NOTIFY
1731782012s559:MAC rxTimeOut
1731782013s545:RX_2 on freq 869525000 Hz at DR 0
1731782013s743:IRQ_RX_TX_TIMEOUT
1731782013s743:NOTIFY
1731782013s743:MAC rxTimeOut

###### ========== MCPS-Confirm =============
###### U/L FRAME:0002 | PORT:24 | DR:3 | PWR:1 | MSG TYPE:UNCONFIRMED
1731782071s327:Airtime test started: 0
1731782071s327:MAC Tx start packet size: 18
1731782071s331:TX on freq 868500000 Hz at DR 3
1731782071s331:RADIO SEND WITH size 18
1731782071s333:SEND REQUEST
1731782071s518:NOTIFY
1731782071s518:MAC txDone
1731782072s505:RX_1 on freq 868500000 Hz at DR 3
1731782072s563:IRQ_RX_TX_TIMEOUT
1731782072s564:NOTIFY
1731782072s564:MAC rxTimeOut
1731782073s550:RX_2 on freq 869525000 Hz at DR 0
1731782073s748:IRQ_RX_TX_TIMEOUT
1731782073s748:NOTIFY
1731782073s748:MAC rxTimeOut

###### ========== MCPS-Confirm =============
###### U/L FRAME:0003 | PORT:24 | DR:3 | PWR:1 | MSG TYPE:UNCONFIRMED
1731782131s333:Airtime test started: 0
1731782131s333:MAC Tx start packet size: 18
1731782131s337:TX on freq 867700000 Hz at DR 3
1731782131s337:RADIO SEND WITH size 18
1731782131s339:SEND REQUEST
1731782131s524:NOTIFY
1731782131s524:MAC txDone
1731782132s511:RX_1 on freq 867700000 Hz at DR 3
1731782132s569:IRQ_RX_TX_TIMEOUT
1731782132s570:NOTIFY
1731782132s570:MAC rxTimeOut
1731782133s556:RX_2 on freq 869525000 Hz at DR 0
1731782133s754:IRQ_RX_TX_TIMEOUT
1731782133s754:NOTIFY
1731782133s754:MAC rxTimeOut

###### ========== MCPS-Confirm =============
###### U/L FRAME:0004 | PORT:24 | DR:3 | PWR:1 | MSG TYPE:UNCONFIRMED
1731782191s339:Airtime test started: 0
1731782191s339:MAC Tx start packet size: 18
1731782191s343:TX on freq 868100000 Hz at DR 3
1731782191s343:RADIO SEND WITH size 18
1731782191s345:SEND REQUEST
1731782191s530:NOTIFY
1731782191s530:MAC txDone
1731782192s516:RX_1 on freq 868100000 Hz at DR 3
1731782192s575:IRQ_RX_TX_TIMEOUT
1731782192s576:NOTIFY
1731782192s576:MAC rxTimeOut
1731782193s561:RX_2 on freq 869525000 Hz at DR 0
1731782193s760:IRQ_RX_TX_TIMEOUT
1731782193s760:NOTIFY
1731782193s760:MAC rxTimeOut

###### ========== MCPS-Confirm =============
###### U/L FRAME:0005 | PORT:24 | DR:3 | PWR:1 | MSG TYPE:UNCONFIRMED
1731782251s345:Airtime test started: 0
1731782251s345:MAC Tx start packet size: 18
1731782251s348:TX on freq 867300000 Hz at DR 3
1731782251s348:RADIO SEND WITH size 18
1731782251s350:SEND REQUEST
1731782251s536:NOTIFY
1731782251s536:MAC txDone
1731782252s522:RX_1 on freq 867300000 Hz at DR 3
1731782252s581:IRQ_RX_TX_TIMEOUT
1731782252s582:NOTIFY
1731782252s582:MAC rxTimeOut
1731782253s567:RX_2 on freq 869525000 Hz at DR 0
1731782253s765:IRQ_RX_TX_TIMEOUT
1731782253s765:NOTIFY
1731782253s765:MAC rxTimeOut

###### ========== MCPS-Confirm =============
###### U/L FRAME:0006 | PORT:24 | DR:3 | PWR:1 | MSG TYPE:UNCONFIRMED
1731782311s350:Airtime test started: 0
1731782311s350:MAC Tx start packet size: 18
1731782311s354:TX on freq 867500000 Hz at DR 3
1731782311s354:RADIO SEND WITH size 18
1731782311s356:SEND REQUEST
1731782311s542:NOTIFY
1731782311s542:MAC txDone
1731782312s528:RX_1 on freq 867500000 Hz at DR 3
1731782312s587:IRQ_RX_TX_TIMEOUT
1731782312s588:NOTIFY
1731782312s588:MAC rxTimeOut
1731782313s573:RX_2 on freq 869525000 Hz at DR 0
1731782313s771:IRQ_RX_TX_TIMEOUT
1731782313s771:NOTIFY
1731782313s771:MAC rxTimeOut

###### ========== MCPS-Confirm =============
###### U/L FRAME:0007 | PORT:24 | DR:3 | PWR:1 | MSG TYPE:UNCONFIRMED
1731782371s356:Airtime test started: 0
1731782371s356:MAC Tx start packet size: 18
1731782371s360:TX on freq 867100000 Hz at DR 3
1731782371s360:RADIO SEND WITH size 18
1731782371s362:SEND REQUEST
1731782371s548:NOTIFY
1731782371s548:MAC txDone
1731782372s534:RX_1 on freq 867100000 Hz at DR 3
1731782372s593:IRQ_RX_TX_TIMEOUT
1731782372s594:NOTIFY
1731782372s594:MAC rxTimeOut
1731782373s579:RX_2 on freq 869525000 Hz at DR 0
1731782373s777:IRQ_RX_TX_TIMEOUT
1731782373s777:NOTIFY
1731782373s777:MAC rxTimeOut

###### ========== MCPS-Confirm =============
###### U/L FRAME:0008 | PORT:24 | DR:3 | PWR:1 | MSG TYPE:UNCONFIRMED
1731782431s362:Airtime test started: 0
1731782431s362:MAC Tx start packet size: 18
1731782431s366:TX on freq 867100000 Hz at DR 3
1731782431s366:RADIO SEND WITH size 18
1731782431s368:SEND REQUEST
1731782431s554:NOTIFY
1731782431s554:MAC txDone
1731782432s540:RX_1 on freq 867100000 Hz at DR 3
1731782432s598:IRQ_RX_TX_TIMEOUT
1731782432s599:NOTIFY
1731782432s599:MAC rxTimeOut
1731782433s585:RX_2 on freq 869525000 Hz at DR 0
1731782433s783:IRQ_RX_TX_TIMEOUT
1731782433s783:NOTIFY
1731782433s783:MAC rxTimeOut

###### ========== MCPS-Confirm =============
###### U/L FRAME:0009 | PORT:24 | DR:3 | PWR:1 | MSG TYPE:UNCONFIRMED
1731782491s368:Airtime test started: 0
1731782491s368:MAC Tx start packet size: 18
1731782491s372:TX on freq 868100000 Hz at DR 3
1731782491s372:RADIO SEND WITH size 18
1731782491s374:SEND REQUEST
1731782491s559:NOTIFY
1731782491s559:MAC txDone
1731782492s546:RX_1 on freq 868100000 Hz at DR 3
1731782492s604:IRQ_RX_TX_TIMEOUT
1731782492s605:NOTIFY
1731782492s605:MAC rxTimeOut
1731782493s591:RX_2 on freq 869525000 Hz at DR 0
1731782493s789:IRQ_RX_TX_TIMEOUT
1731782493s789:NOTIFY
1731782493s789:MAC rxTimeOut

###### ========== MCPS-Confirm =============
###### U/L FRAME:0010 | PORT:24 | DR:3 | PWR:1 | MSG TYPE:UNCONFIRMED
1731782551s374:Airtime test started: 0
1731782551s374:MAC Tx start packet size: 18
1731782551s378:TX on freq 868300000 Hz at DR 3
1731782551s378:RADIO SEND WITH size 18
1731782551s380:SEND REQUEST
1731782551s565:NOTIFY
1731782551s565:MAC txDone
1731782552s552:RX_1 on freq 868300000 Hz at DR 3
1731782552s610:IRQ_RX_TX_TIMEOUT
1731782552s611:NOTIFY
1731782552s611:MAC rxTimeOut
1731782553s597:RX_2 on freq 869525000 Hz at DR 0
1731782553s795:IRQ_RX_TX_TIMEOUT
1731782553s795:NOTIFY
1731782553s795:MAC rxTimeOut

###### ========== MCPS-Confirm =============
###### U/L FRAME:0011 | PORT:24 | DR:3 | PWR:1 | MSG TYPE:UNCONFIRMED
1731782611s380:Airtime test started: 0
1731782611s380:MAC Tx start packet size: 18
1731782611s384:TX on freq 867900000 Hz at DR 3
1731782611s384:RADIO SEND WITH size 18
1731782611s386:SEND REQUEST
1731782611s571:NOTIFY
1731782611s571:MAC txDone
1731782612s557:RX_1 on freq 867900000 Hz at DR 3
1731782612s616:IRQ_RX_TX_TIMEOUT
1731782612s617:NOTIFY
1731782612s617:MAC rxTimeOut
1731782613s602:RX_2 on freq 869525000 Hz at DR 0
1731782613s801:IRQ_RX_TX_TIMEOUT
1731782613s801:NOTIFY
1731782613s801:MAC rxTimeOut

###### ========== MCPS-Confirm =============
###### U/L FRAME:0012 | PORT:24 | DR:3 | PWR:1 | MSG TYPE:UNCONFIRMED
1731782671s386:Airtime test started: 0
1731782671s386:MAC Tx start packet size: 18
1731782671s389:TX on freq 867900000 Hz at DR 3
1731782671s389:RADIO SEND WITH size 18
1731782671s391:SEND REQUEST
1731782671s577:NOTIFY
1731782671s577:MAC txDone
1731782672s563:RX_1 on freq 867900000 Hz at DR 3
1731782672s622:IRQ_RX_TX_TIMEOUT
1731782672s623:NOTIFY
1731782672s623:MAC rxTimeOut
1731782673s608:RX_2 on freq 869525000 Hz at DR 0
1731782673s806:IRQ_RX_TX_TIMEOUT
1731782673s806:NOTIFY
1731782673s806:MAC rxTimeOut

###### ========== MCPS-Confirm =============
###### U/L FRAME:0013 | PORT:24 | DR:3 | PWR:1 | MSG TYPE:UNCONFIRMED
1731782731s391:Airtime test started: 0
1731782731s391:MAC Tx start packet size: 18
1731782731s395:TX on freq 867500000 Hz at DR 3
1731782731s395:RADIO SEND WITH size 18
1731782731s397:SEND REQUEST
1731782731s583:NOTIFY
1731782731s583:MAC txDone
1731782732s569:RX_1 on freq 867500000 Hz at DR 3
1731782732s628:IRQ_RX_TX_TIMEOUT
1731782732s629:NOTIFY
1731782732s629:MAC rxTimeOut
1731782733s614:RX_2 on freq 869525000 Hz at DR 0
1731782733s812:IRQ_RX_TX_TIMEOUT
1731782733s812:NOTIFY
1731782733s812:MAC rxTimeOut

###### ========== MCPS-Confirm =============
###### U/L FRAME:0014 | PORT:24 | DR:3 | PWR:1 | MSG TYPE:UNCONFIRMED
1731782791s397:Airtime test started: 0
1731782791s397:MAC Tx start packet size: 18
1731782791s401:TX on freq 867500000 Hz at DR 3
1731782791s401:RADIO SEND WITH size 18
1731782791s403:SEND REQUEST
1731782791s589:NOTIFY
1731782791s589:MAC txDone
1731782792s575:RX_1 on freq 867500000 Hz at DR 3
1731782792s634:IRQ_RX_TX_TIMEOUT
1731782792s635:NOTIFY
1731782792s635:MAC rxTimeOut
1731782793s620:RX_2 on freq 869525000 Hz at DR 0
1731782793s818:IRQ_RX_TX_TIMEOUT
1731782793s818:NOTIFY
1731782793s818:MAC rxTimeOut

###### ========== MCPS-Confirm =============
###### U/L FRAME:0015 | PORT:24 | DR:3 | PWR:1 | MSG TYPE:UNCONFIRMED
1731782851s403:Airtime test started: 0
1731782851s403:MAC Tx start packet size: 18
1731782851s407:TX on freq 867100000 Hz at DR 3
1731782851s407:RADIO SEND WITH size 18
1731782851s409:SEND REQUEST
1731782851s595:NOTIFY
1731782851s595:MAC txDone
1731782852s581:RX_1 on freq 867100000 Hz at DR 3
1731782852s639:IRQ_RX_TX_TIMEOUT
1731782852s640:NOTIFY
1731782852s640:MAC rxTimeOut
1731782853s626:RX_2 on freq 869525000 Hz at DR 0
1731782853s824:IRQ_RX_TX_TIMEOUT
1731782853s824:NOTIFY
1731782853s824:MAC rxTimeOut

###### ========== MCPS-Confirm =============
###### U/L FRAME:0016 | PORT:24 | DR:3 | PWR:1 | MSG TYPE:UNCONFIRMED
1731782911s409:Airtime test started: 0
1731782911s409:MAC Tx start packet size: 18
1731782911s413:TX on freq 867100000 Hz at DR 3
1731782911s413:RADIO SEND WITH size 18
1731782911s415:SEND REQUEST
1731782911s600:NOTIFY
1731782911s600:MAC txDone
1731782912s587:RX_1 on freq 867100000 Hz at DR 3
1731782912s645:IRQ_RX_TX_TIMEOUT
1731782912s646:NOTIFY
1731782912s646:MAC rxTimeOut
1731782913s632:RX_2 on freq 869525000 Hz at DR 0
1731782913s830:IRQ_RX_TX_TIMEOUT
1731782913s830:NOTIFY
1731782913s830:MAC rxTimeOut

###### ========== MCPS-Confirm =============
###### U/L FRAME:0017 | PORT:24 | DR:3 | PWR:1 | MSG TYPE:UNCONFIRMED
1731782971s415:Airtime test started: 0
1731782971s415:MAC Tx start packet size: 18
1731782971s419:TX on freq 868100000 Hz at DR 3
1731782971s419:RADIO SEND WITH size 18
1731782971s421:SEND REQUEST
1731782971s606:NOTIFY
1731782971s606:MAC txDone
1731782972s593:RX_1 on freq 868100000 Hz at DR 3
1731782972s651:IRQ_RX_TX_TIMEOUT
1731782972s652:NOTIFY
1731782972s652:MAC rxTimeOut
1731782973s638:RX_2 on freq 869525000 Hz at DR 0
1731782973s836:IRQ_RX_TX_TIMEOUT
1731782973s836:NOTIFY
1731782973s836:MAC rxTimeOut

###### ========== MCPS-Confirm =============
###### U/L FRAME:0018 | PORT:24 | DR:3 | PWR:1 | MSG TYPE:UNCONFIRMED
1731783031s421:Airtime test started: 0
1731783031s421:MAC Tx start packet size: 18
1731783031s425:TX on freq 868300000 Hz at DR 3
1731783031s425:RADIO SEND WITH size 18
1731783031s427:SEND REQUEST
1731783031s612:NOTIFY
1731783031s612:MAC txDone
1731783032s598:RX_1 on freq 868300000 Hz at DR 3
1731783032s657:IRQ_RX_TX_TIMEOUT
1731783032s658:NOTIFY
1731783032s658:MAC rxTimeOut
1731783033s643:RX_2 on freq 869525000 Hz at DR 0
1731783033s842:IRQ_RX_TX_TIMEOUT
1731783033s842:NOTIFY
1731783033s842:MAC rxTimeOut

###### ========== MCPS-Confirm =============
###### U/L FRAME:0019 | PORT:24 | DR:3 | PWR:1 | MSG TYPE:UNCONFIRMED
1731783091s427:Airtime test started: 0
1731783091s427:MAC Tx start packet size: 18
1731783091s431:TX on freq 867700000 Hz at DR 3
1731783091s431:RADIO SEND WITH size 18
1731783091s432:SEND REQUEST
1731783091s618:NOTIFY
1731783091s618:MAC txDone
1731783092s604:RX_1 on freq 867700000 Hz at DR 3
1731783092s663:IRQ_RX_TX_TIMEOUT
1731783092s664:NOTIFY
1731783092s664:MAC rxTimeOut
1731783093s649:RX_2 on freq 869525000 Hz at DR 0
1731783093s848:IRQ_RX_TX_TIMEOUT
1731783093s848:NOTIFY
1731783093s848:MAC rxTimeOut

###### ========== MCPS-Confirm =============
###### U/L FRAME:0020 | PORT:24 | DR:3 | PWR:1 | MSG TYPE:UNCONFIRMED
1731783151s432:Airtime test started: 0
1731783151s432:MAC Tx start packet size: 18
1731783151s436:TX on freq 868100000 Hz at DR 3
1731783151s436:RADIO SEND WITH size 18
1731783151s438:SEND REQUEST
1731783151s624:NOTIFY
1731783151s624:MAC txDone
1731783152s610:RX_1 on freq 868100000 Hz at DR 3
1731783152s915:MAC rxNotify
1731783152s915:NOTIFY
1731783152s915:MAC rxDone

###### ========== MCPS-Confirm =============
###### U/L FRAME:0021 | PORT:24 | DR:3 | PWR:1 | MSG TYPE:UNCONFIRMED
1731783152s918:value of rxport: 200
1731783152s918:MULTICAST CLASS C SETUP 2
###### D/L FRAME:0001 | PORT:200 | DR:3 | SLOT:1 | RSSI:-16 | SNR:11
1731783152s928:MAC Tx start packet size: 15
1731783152s931:TX on freq 867500000 Hz at DR 3
1731783152s932:RADIO SEND WITH size 15
ID          : 0
McAddr      : DDA0C586
McKey       : 11-E1-43-F4-AF-1C-A7-81-1D-58-C6-89-7A-07-39-5F
McFCountMin : 0
McFCountMax : 4294967295
SessionTime : 0
SessionTimeT: 1 s
Rx Freq     : 0
Rx DR       : DR_0
1731783153s098:NOTIFY
1731783153s098:MAC txDone
1731783154s085:RX_1 on freq 867500000 Hz at DR 3
1731783154s143:IRQ_RX_TX_TIMEOUT
1731783154s144:NOTIFY
1731783154s144:MAC rxTimeOut
1731783155s130:RX_2 on freq 869525000 Hz at DR 0
1731783155s328:IRQ_RX_TX_TIMEOUT
1731783155s328:NOTIFY
1731783155s328:MAC rxTimeOut

###### ========== MCPS-Confirm =============
###### U/L FRAME:0022 | PORT:200 | DR:3 | PWR:1 | MSG TYPE:UNCONFIRMED
1731783211s438:Airtime test started: 0
1731783211s438:MAC Tx start packet size: 18
1731783211s442:TX on freq 867700000 Hz at DR 3
1731783211s442:RADIO SEND WITH size 18
1731783211s444:SEND REQUEST
1731783211s630:NOTIFY
1731783211s630:MAC txDone
1731783212s616:RX_1 on freq 867700000 Hz at DR 3
1731783212s839:MAC rxNotify
1731783212s839:NOTIFY
1731783212s839:MAC rxDone

###### ========== MCPS-Confirm =============
###### U/L FRAME:0023 | PORT:24 | DR:3 | PWR:1 | MSG TYPE:UNCONFIRMED
1731783212s841:value of rxport: 201
###### D/L FRAME:0002 | PORT:201 | DR:3 | SLOT:1 | RSSI:-16 | SNR:11
1731783212s842:#####################FRAGDECODER INIT
1731783216s723:MAC Tx start packet size: 15
1731783216s727:TX on freq 868500000 Hz at DR 3
1731783216s727:RADIO SEND WITH size 15
1731783216s894:NOTIFY
1731783216s894:MAC txDone
1731783217s881:RX_1 on freq 868500000 Hz at DR 3
1731783217s939:IRQ_RX_TX_TIMEOUT
1731783217s940:NOTIFY
1731783217s940:MAC rxTimeOut
1731783218s926:RX_2 on freq 869525000 Hz at DR 0
1731783219s124:IRQ_RX_TX_TIMEOUT
1731783219s124:NOTIFY
1731783219s124:MAC rxTimeOut

###### ========== MCPS-Confirm =============
###### U/L FRAME:0024 | PORT:201 | DR:3 | PWR:1 | MSG TYPE:UNCONFIRMED
1731783271s444:Airtime test started: 0
1731783271s444:MAC Tx start packet size: 18
1731783271s448:TX on freq 867100000 Hz at DR 3
1731783271s448:RADIO SEND WITH size 18
1731783271s450:SEND REQUEST
1731783271s636:NOTIFY
1731783271s636:MAC txDone
1731783272s622:RX_1 on freq 867100000 Hz at DR 3
1731783272s845:MAC rxNotify
1731783272s845:NOTIFY
1731783272s845:MAC rxDone

###### ========== MCPS-Confirm =============
###### U/L FRAME:0025 | PORT:24 | DR:3 | PWR:1 | MSG TYPE:UNCONFIRMED
1731783272s847:value of rxport: 200
1731783272s848:MULTICAST CLASS C SETUP 4
###### D/L FRAME:0003 | PORT:200 | DR:3 | SLOT:1 | RSSI:-16 | SNR:11
Time2SessionStart: 252000 ms
1731783272s848:MAC Tx start packet size: 18
1731783272s851:TX on freq 868100000 Hz at DR 3
1731783272s852:RADIO SEND WITH size 18
ID          : 0
McAddr      : DDA0C586
McKey       : 11-E1-43-F4-AF-1C-A7-81-1D-58-C6-89-7A-07-39-5F
McFCountMin : 0
McFCountMax : 4294967295
SessionTime : 1731783524
SessionTimeT: 4096 s
Rx Freq     : 869525000
Rx DR       : DR_2
1731783273s039:NOTIFY
1731783273s039:MAC txDone
1731783274s025:RX_1 on freq 868100000 Hz at DR 3
1731783274s084:IRQ_RX_TX_TIMEOUT
1731783274s085:NOTIFY
1731783274s085:MAC rxTimeOut
1731783275s070:RX_2 on freq 869525000 Hz at DR 0
1731783275s268:IRQ_RX_TX_TIMEOUT
1731783275s268:NOTIFY
1731783275s268:MAC rxTimeOut

###### ========== MCPS-Confirm =============
###### U/L FRAME:0026 | PORT:200 | DR:3 | PWR:1 | MSG TYPE:UNCONFIRMED
1731783524s848:[SWITCHCLASS class C]
1731783524s862:RX_C on freq 869525000 Hz at DR 2
1731783524s864:#############OPENED CONTINUOUS RX C WINDOW
Switch to Class C done
1731783526s704:MAC rxNotify
1731783526s704:NOTIFY
1731783526s704:MAC rxDone
1731783526s707:RXSLOT
1731783526s707:value of rxport: 201
###### D/L FRAME:0000 | PORT:201 | DR:2 | SLOT:C_MC | RSSI:-11 | SNR:9
1731783526s707:#####################FRAGDECODER PROCESS

.... FRAG_DECODER in Progress ....
EXPECTED   : 052 Fragments (02028 Bytes)
RECEIVED   : 001 Fragments
             00039 Bytes
LOST       : 000 Fragments

1731783526s712:RX_C on freq 869525000 Hz at DR 2
1731783526s713:#############OPENED CONTINUOUS RX C WINDOW
1731783533s730:MAC rxNotify
1731783533s731:NOTIFY
1731783533s731:MAC rxDone
1731783533s734:RXSLOT
1731783533s734:value of rxport: 201
###### D/L FRAME:0001 | PORT:201 | DR:2 | SLOT:C_MC | RSSI:-11 | SNR:9
1731783533s734:#####################FRAGDECODER PROCESS

.... FRAG_DECODER in Progress ....
EXPECTED   : 052 Fragments (02028 Bytes)
RECEIVED   : 002 Fragments
             00078 Bytes
LOST       : 000 Fragments

1731783533s739:RX_C on freq 869525000 Hz at DR 2
1731783533s740:#############OPENED CONTINUOUS RX C WINDOW
1731783539s754:MAC rxNotify
1731783539s754:NOTIFY
1731783539s754:MAC rxDone
1731783539s758:RXSLOT
1731783539s758:value of rxport: 201
###### D/L FRAME:0002 | PORT:201 | DR:2 | SLOT:C_MC | RSSI:-11 | SNR:9
1731783539s758:#####################FRAGDECODER PROCESS

.... FRAG_DECODER in Progress ....
EXPECTED   : 052 Fragments (02028 Bytes)
RECEIVED   : 003 Fragments
             00117 Bytes
LOST       : 000 Fragments

1731783539s763:RX_C on freq 869525000 Hz at DR 2
1731783539s764:#############OPENED CONTINUOUS RX C WINDOW
1731783545s779:MAC rxNotify
1731783545s779:NOTIFY
1731783545s779:MAC rxDone
1731783545s783:RXSLOT
1731783545s783:value of rxport: 201
###### D/L FRAME:0003 | PORT:201 | DR:2 | SLOT:C_MC | RSSI:-11 | SNR:9
1731783545s783:#####################FRAGDECODER PROCESS

.... FRAG_DECODER in Progress ....
EXPECTED   : 052 Fragments (02028 Bytes)
RECEIVED   : 004 Fragments
             00156 Bytes
LOST       : 000 Fragments

1731783545s788:RX_C on freq 869525000 Hz at DR 2
1731783545s789:#############OPENED CONTINUOUS RX C WINDOW
1731783551s800:MAC rxNotify
1731783551s800:NOTIFY
1731783551s800:MAC rxDone
1731783551s803:RXSLOT
1731783551s803:value of rxport: 201
###### D/L FRAME:0004 | PORT:201 | DR:2 | SLOT:C_MC | RSSI:-12 | SNR:9
1731783551s803:#####################FRAGDECODER PROCESS

.... FRAG_DECODER in Progress ....
EXPECTED   : 052 Fragments (02028 Bytes)
RECEIVED   : 005 Fragments
             00195 Bytes
LOST       : 000 Fragments

1731783551s807:RX_C on freq 869525000 Hz at DR 2
1731783551s808:#############OPENED CONTINUOUS RX C WINDOW
1731783558s819:MAC rxNotify
1731783558s819:NOTIFY
1731783558s819:MAC rxDone
1731783558s822:RXSLOT
1731783558s822:value of rxport: 201
###### D/L FRAME:0005 | PORT:201 | DR:2 | SLOT:C_MC | RSSI:-12 | SNR:9
1731783558s822:#####################FRAGDECODER PROCESS

.... FRAG_DECODER in Progress ....
EXPECTED   : 052 Fragments (02028 Bytes)
RECEIVED   : 006 Fragments
             00234 Bytes
LOST       : 000 Fragments

1731783558s827:RX_C on freq 869525000 Hz at DR 2
1731783558s828:#############OPENED CONTINUOUS RX C WINDOW
1731783564s848:MAC rxNotify
1731783564s848:NOTIFY
1731783564s848:MAC rxDone
1731783564s850:RXSLOT
1731783564s850:value of rxport: 201
###### D/L FRAME:0006 | PORT:201 | DR:2 | SLOT:C_MC | RSSI:-12 | SNR:9
1731783564s850:#####################FRAGDECODER PROCESS

.... FRAG_DECODER in Progress ....
EXPECTED   : 052 Fragments (02028 Bytes)
RECEIVED   : 007 Fragments
             00273 Bytes
LOST       : 000 Fragments

1731783564s855:RX_C on freq 869525000 Hz at DR 2
1731783564s856:#############OPENED CONTINUOUS RX C WINDOW
1731783570s878:MAC rxNotify
1731783570s878:NOTIFY
1731783570s878:MAC rxDone
1731783570s881:RXSLOT
1731783570s881:value of rxport: 201
###### D/L FRAME:0007 | PORT:201 | DR:2 | SLOT:C_MC | RSSI:-12 | SNR:9
1731783570s881:#####################FRAGDECODER PROCESS

.... FRAG_DECODER in Progress ....
EXPECTED   : 052 Fragments (02028 Bytes)
RECEIVED   : 008 Fragments
             00312 Bytes
LOST       : 000 Fragments

1731783570s886:RX_C on freq 869525000 Hz at DR 2
1731783570s887:#############OPENED CONTINUOUS RX C WINDOW
1731783576s912:MAC rxNotify
1731783576s912:NOTIFY
1731783576s912:MAC rxDone
1731783576s915:RXSLOT
1731783576s915:value of rxport: 201
###### D/L FRAME:0008 | PORT:201 | DR:2 | SLOT:C_MC | RSSI:-11 | SNR:9
1731783576s915:#####################FRAGDECODER PROCESS

.... FRAG_DECODER in Progress ....
EXPECTED   : 052 Fragments (02028 Bytes)
RECEIVED   : 009 Fragments
             00351 Bytes
LOST       : 000 Fragments

1731783576s920:RX_C on freq 869525000 Hz at DR 2
1731783576s921:#############OPENED CONTINUOUS RX C WINDOW
1731783583s933:MAC rxNotify
1731783583s933:NOTIFY
1731783583s933:MAC rxDone
1731783583s936:RXSLOT
1731783583s936:value of rxport: 201
###### D/L FRAME:0009 | PORT:201 | DR:2 | SLOT:C_MC | RSSI:-11 | SNR:9
1731783583s936:#####################FRAGDECODER PROCESS

.... FRAG_DECODER in Progress ....
EXPECTED   : 052 Fragments (02028 Bytes)
RECEIVED   : 010 Fragments
             00390 Bytes
LOST       : 000 Fragments

1731783583s940:RX_C on freq 869525000 Hz at DR 2
1731783583s942:#############OPENED CONTINUOUS RX C WINDOW
1731783589s963:MAC rxNotify
1731783589s963:NOTIFY
1731783589s963:MAC rxDone
1731783589s966:RXSLOT
1731783589s966:value of rxport: 201
###### D/L FRAME:0010 | PORT:201 | DR:2 | SLOT:C_MC | RSSI:-12 | SNR:9
1731783589s966:#####################FRAGDECODER PROCESS

.... FRAG_DECODER in Progress ....
EXPECTED   : 052 Fragments (02028 Bytes)
RECEIVED   : 011 Fragments
             00429 Bytes
LOST       : 000 Fragments

1731783589s971:RX_C on freq 869525000 Hz at DR 2
1731783589s972:#############OPENED CONTINUOUS RX C WINDOW
1731783595s989:MAC rxNotify
1731783595s989:NOTIFY
1731783595s989:MAC rxDone
1731783595s993:RXSLOT
1731783595s993:value of rxport: 201
###### D/L FRAME:0011 | PORT:201 | DR:2 | SLOT:C_MC | RSSI:-11 | SNR:9
1731783595s993:#####################FRAGDECODER PROCESS

.... FRAG_DECODER in Progress ....
EXPECTED   : 052 Fragments (02028 Bytes)
RECEIVED   : 012 Fragments
             00468 Bytes
LOST       : 000 Fragments

1731783595s998:RX_C on freq 869525000 Hz at DR 2
1731783595s999:#############OPENED CONTINUOUS RX C WINDOW
1731783602s014:MAC rxNotify
1731783602s014:NOTIFY
1731783602s014:MAC rxDone
1731783602s016:RXSLOT
1731783602s016:value of rxport: 201
###### D/L FRAME:0012 | PORT:201 | DR:2 | SLOT:C_MC | RSSI:-11 | SNR:9
1731783602s016:#####################FRAGDECODER PROCESS

.... FRAG_DECODER in Progress ....
EXPECTED   : 052 Fragments (02028 Bytes)
RECEIVED   : 013 Fragments
             00507 Bytes
LOST       : 000 Fragments

1731783602s021:RX_C on freq 869525000 Hz at DR 2
1731783602s022:#############OPENED CONTINUOUS RX C WINDOW
1731783609s043:MAC rxNotify
1731783609s043:NOTIFY
1731783609s043:MAC rxDone
1731783609s046:RXSLOT
1731783609s046:value of rxport: 201
###### D/L FRAME:0013 | PORT:201 | DR:2 | SLOT:C_MC | RSSI:-11 | SNR:9
1731783609s046:#####################FRAGDECODER PROCESS

.... FRAG_DECODER in Progress ....
EXPECTED   : 052 Fragments (02028 Bytes)
RECEIVED   : 014 Fragments
             00546 Bytes
LOST       : 000 Fragments

1731783609s051:RX_C on freq 869525000 Hz at DR 2
1731783609s052:#############OPENED CONTINUOUS RX C WINDOW
1731783615s069:MAC rxNotify
1731783615s069:NOTIFY
1731783615s069:MAC rxDone
1731783615s072:RXSLOT
1731783615s072:value of rxport: 201
###### D/L FRAME:0014 | PORT:201 | DR:2 | SLOT:C_MC | RSSI:-11 | SNR:9
1731783615s072:#####################FRAGDECODER PROCESS

.... FRAG_DECODER in Progress ....
EXPECTED   : 052 Fragments (02028 Bytes)
RECEIVED   : 015 Fragments
             00585 Bytes
LOST       : 000 Fragments

1731783615s077:RX_C on freq 869525000 Hz at DR 2
1731783615s078:#############OPENED CONTINUOUS RX C WINDOW
1731783621s100:MAC rxNotify
1731783621s100:NOTIFY
1731783621s100:MAC rxDone
1731783621s103:RXSLOT
1731783621s103:value of rxport: 201
###### D/L FRAME:0015 | PORT:201 | DR:2 | SLOT:C_MC | RSSI:-11 | SNR:9
1731783621s103:#####################FRAGDECODER PROCESS

.... FRAG_DECODER in Progress ....
EXPECTED   : 052 Fragments (02028 Bytes)
RECEIVED   : 016 Fragments
             00624 Bytes
LOST       : 000 Fragments

1731783621s108:RX_C on freq 869525000 Hz at DR 2
1731783621s109:#############OPENED CONTINUOUS RX C WINDOW
1731783628s116:MAC rxNotify
1731783628s116:NOTIFY
1731783628s116:MAC rxDone
1731783628s119:RXSLOT
1731783628s119:value of rxport: 201
###### D/L FRAME:0016 | PORT:201 | DR:2 | SLOT:C_MC | RSSI:-11 | SNR:9
1731783628s119:#####################FRAGDECODER PROCESS

.... FRAG_DECODER in Progress ....
EXPECTED   : 052 Fragments (02028 Bytes)
RECEIVED   : 017 Fragments
             00663 Bytes
LOST       : 000 Fragments

1731783628s124:RX_C on freq 869525000 Hz at DR 2
1731783628s125:#############OPENED CONTINUOUS RX C WINDOW
1731783634s144:MAC rxNotify
1731783634s144:NOTIFY
1731783634s144:MAC rxDone
1731783634s147:RXSLOT
1731783634s147:value of rxport: 201
###### D/L FRAME:0017 | PORT:201 | DR:2 | SLOT:C_MC | RSSI:-11 | SNR:9
1731783634s147:#####################FRAGDECODER PROCESS

.... FRAG_DECODER in Progress ....
EXPECTED   : 052 Fragments (02028 Bytes)
RECEIVED   : 018 Fragments
             00702 Bytes
LOST       : 000 Fragments

1731783634s152:RX_C on freq 869525000 Hz at DR 2
1731783634s153:#############OPENED CONTINUOUS RX C WINDOW
1731783640s159:MAC rxNotify
1731783640s159:NOTIFY
1731783640s159:MAC rxDone
1731783640s162:RXSLOT
1731783640s162:value of rxport: 201
###### D/L FRAME:0018 | PORT:201 | DR:2 | SLOT:C_MC | RSSI:-11 | SNR:9
1731783640s162:#####################FRAGDECODER PROCESS

.... FRAG_DECODER in Progress ....
EXPECTED   : 052 Fragments (02028 Bytes)
RECEIVED   : 019 Fragments
             00741 Bytes
LOST       : 000 Fragments

1731783640s167:RX_C on freq 869525000 Hz at DR 2
1731783640s168:#############OPENED CONTINUOUS RX C WINDOW
1731783646s181:MAC rxNotify
1731783646s181:NOTIFY
1731783646s181:MAC rxDone
1731783646s184:RXSLOT
1731783646s184:value of rxport: 201
###### D/L FRAME:0019 | PORT:201 | DR:2 | SLOT:C_MC | RSSI:-11 | SNR:9
1731783646s184:#####################FRAGDECODER PROCESS

.... FRAG_DECODER in Progress ....
EXPECTED   : 052 Fragments (02028 Bytes)
RECEIVED   : 020 Fragments
             00780 Bytes
LOST       : 000 Fragments

1731783646s188:RX_C on freq 869525000 Hz at DR 2
1731783646s190:#############OPENED CONTINUOUS RX C WINDOW
1731783653s210:MAC rxNotify
1731783653s210:NOTIFY
1731783653s210:MAC rxDone
1731783653s213:RXSLOT
1731783653s213:value of rxport: 201
###### D/L FRAME:0020 | PORT:201 | DR:2 | SLOT:C_MC | RSSI:-11 | SNR:9
1731783653s213:#####################FRAGDECODER PROCESS

.... FRAG_DECODER in Progress ....
EXPECTED   : 052 Fragments (02028 Bytes)
RECEIVED   : 021 Fragments
             00819 Bytes
LOST       : 000 Fragments

1731783653s218:RX_C on freq 869525000 Hz at DR 2
1731783653s219:#############OPENED CONTINUOUS RX C WINDOW
1731783659s234:MAC rxNotify
1731783659s234:NOTIFY
1731783659s234:MAC rxDone
1731783659s237:RXSLOT
1731783659s237:value of rxport: 201
###### D/L FRAME:0021 | PORT:201 | DR:2 | SLOT:C_MC | RSSI:-11 | SNR:9
1731783659s237:#####################FRAGDECODER PROCESS

.... FRAG_DECODER in Progress ....
EXPECTED   : 052 Fragments (02028 Bytes)
RECEIVED   : 022 Fragments
             00858 Bytes
LOST       : 000 Fragments

1731783659s242:RX_C on freq 869525000 Hz at DR 2
1731783659s243:#############OPENED CONTINUOUS RX C WINDOW
1731783665s258:MAC rxNotify
1731783665s258:NOTIFY
1731783665s258:MAC rxDone
1731783665s261:RXSLOT
1731783665s261:value of rxport: 201
###### D/L FRAME:0022 | PORT:201 | DR:2 | SLOT:C_MC | RSSI:-11 | SNR:9
1731783665s261:#####################FRAGDECODER PROCESS

.... FRAG_DECODER in Progress ....
EXPECTED   : 052 Fragments (02028 Bytes)
RECEIVED   : 023 Fragments
             00897 Bytes
LOST       : 000 Fragments

1731783665s265:RX_C on freq 869525000 Hz at DR 2
1731783665s266:#############OPENED CONTINUOUS RX C WINDOW
1731783671s287:MAC rxNotify
1731783671s287:NOTIFY
1731783671s287:MAC rxDone
1731783671s290:RXSLOT
1731783671s290:value of rxport: 201
###### D/L FRAME:0023 | PORT:201 | DR:2 | SLOT:C_MC | RSSI:-11 | SNR:9
1731783671s290:#####################FRAGDECODER PROCESS

.... FRAG_DECODER in Progress ....
EXPECTED   : 052 Fragments (02028 Bytes)
RECEIVED   : 024 Fragments
             00936 Bytes
LOST       : 000 Fragments

1731783671s295:RX_C on freq 869525000 Hz at DR 2
1731783671s296:#############OPENED CONTINUOUS RX C WINDOW
1731783678s316:MAC rxNotify
1731783678s316:NOTIFY
1731783678s316:MAC rxDone
1731783678s319:RXSLOT
1731783678s319:value of rxport: 201
###### D/L FRAME:0024 | PORT:201 | DR:2 | SLOT:C_MC | RSSI:-11 | SNR:9
1731783678s319:#####################FRAGDECODER PROCESS

.... FRAG_DECODER in Progress ....
EXPECTED   : 052 Fragments (02028 Bytes)
RECEIVED   : 025 Fragments
             00975 Bytes
LOST       : 000 Fragments

1731783678s324:RX_C on freq 869525000 Hz at DR 2
1731783678s325:#############OPENED CONTINUOUS RX C WINDOW
1731783684s342:MAC rxNotify
1731783684s342:NOTIFY
1731783684s342:MAC rxDone
1731783684s345:RXSLOT
1731783684s345:value of rxport: 201
###### D/L FRAME:0025 | PORT:201 | DR:2 | SLOT:C_MC | RSSI:-11 | SNR:9
1731783684s345:#####################FRAGDECODER PROCESS

.... FRAG_DECODER in Progress ....
EXPECTED   : 052 Fragments (02028 Bytes)
RECEIVED   : 026 Fragments
             01014 Bytes
LOST       : 000 Fragments

1731783684s349:RX_C on freq 869525000 Hz at DR 2
1731783684s350:#############OPENED CONTINUOUS RX C WINDOW
1731783690s371:MAC rxNotify
1731783690s371:NOTIFY
1731783690s371:MAC rxDone
1731783690s374:RXSLOT
1731783690s374:value of rxport: 201
###### D/L FRAME:0026 | PORT:201 | DR:2 | SLOT:C_MC | RSSI:-12 | SNR:9
1731783690s374:#####################FRAGDECODER PROCESS

.... FRAG_DECODER in Progress ....
EXPECTED   : 052 Fragments (02028 Bytes)
RECEIVED   : 027 Fragments
             01053 Bytes
LOST       : 000 Fragments

1731783690s379:RX_C on freq 869525000 Hz at DR 2
1731783690s380:#############OPENED CONTINUOUS RX C WINDOW
1731783696s401:MAC rxNotify
1731783696s401:NOTIFY
1731783696s401:MAC rxDone
1731783696s404:RXSLOT
1731783696s404:value of rxport: 201
###### D/L FRAME:0027 | PORT:201 | DR:2 | SLOT:C_MC | RSSI:-11 | SNR:9
1731783696s404:#####################FRAGDECODER PROCESS

.... FRAG_DECODER in Progress ....
EXPECTED   : 052 Fragments (02028 Bytes)
RECEIVED   : 028 Fragments
             01092 Bytes
LOST       : 000 Fragments

1731783696s409:RX_C on freq 869525000 Hz at DR 2
1731783696s410:#############OPENED CONTINUOUS RX C WINDOW
1731783703s431:MAC rxNotify
1731783703s431:NOTIFY
1731783703s431:MAC rxDone
1731783703s434:RXSLOT
1731783703s434:value of rxport: 201
###### D/L FRAME:0028 | PORT:201 | DR:2 | SLOT:C_MC | RSSI:-11 | SNR:9
1731783703s434:#####################FRAGDECODER PROCESS

.... FRAG_DECODER in Progress ....
EXPECTED   : 052 Fragments (02028 Bytes)
RECEIVED   : 029 Fragments
             01131 Bytes
LOST       : 000 Fragments

1731783703s439:RX_C on freq 869525000 Hz at DR 2
1731783703s440:#############OPENED CONTINUOUS RX C WINDOW
1731783709s447:MAC rxNotify
1731783709s447:NOTIFY
1731783709s448:MAC rxDone
1731783709s451:RXSLOT
1731783709s451:value of rxport: 201
###### D/L FRAME:0029 | PORT:201 | DR:2 | SLOT:C_MC | RSSI:-11 | SNR:9
1731783709s451:#####################FRAGDECODER PROCESS

.... FRAG_DECODER in Progress ....
EXPECTED   : 052 Fragments (02028 Bytes)
RECEIVED   : 030 Fragments
             01170 Bytes
LOST       : 000 Fragments

1731783709s456:RX_C on freq 869525000 Hz at DR 2
1731783709s457:#############OPENED CONTINUOUS RX C WINDOW
1731783715s473:MAC rxNotify
1731783715s473:NOTIFY
1731783715s473:MAC rxDone
1731783715s475:RXSLOT
1731783715s475:value of rxport: 201
###### D/L FRAME:0030 | PORT:201 | DR:2 | SLOT:C_MC | RSSI:-11 | SNR:9
1731783715s475:#####################FRAGDECODER PROCESS

.... FRAG_DECODER in Progress ....
EXPECTED   : 052 Fragments (02028 Bytes)
RECEIVED   : 031 Fragments
             01209 Bytes
LOST       : 000 Fragments

1731783715s480:RX_C on freq 869525000 Hz at DR 2
1731783715s481:#############OPENED CONTINUOUS RX C WINDOW
1731783721s498:MAC rxNotify
1731783721s498:NOTIFY
1731783721s498:MAC rxDone
1731783721s501:RXSLOT
1731783721s501:value of rxport: 201
###### D/L FRAME:0031 | PORT:201 | DR:2 | SLOT:C_MC | RSSI:-11 | SNR:9
1731783721s501:#####################FRAGDECODER PROCESS

.... FRAG_DECODER in Progress ....
EXPECTED   : 052 Fragments (02028 Bytes)
RECEIVED   : 032 Fragments
             01248 Bytes
LOST       : 000 Fragments

1731783721s506:RX_C on freq 869525000 Hz at DR 2
1731783721s507:#############OPENED CONTINUOUS RX C WINDOW
1731783728s527:MAC rxNotify
1731783728s527:NOTIFY
1731783728s527:MAC rxDone
1731783728s530:RXSLOT
1731783728s530:value of rxport: 201
###### D/L FRAME:0032 | PORT:201 | DR:2 | SLOT:C_MC | RSSI:-11 | SNR:9
1731783728s530:#####################FRAGDECODER PROCESS

.... FRAG_DECODER in Progress ....
EXPECTED   : 052 Fragments (02028 Bytes)
RECEIVED   : 033 Fragments
             01287 Bytes
LOST       : 000 Fragments

1731783728s535:RX_C on freq 869525000 Hz at DR 2
1731783728s536:#############OPENED CONTINUOUS RX C WINDOW
1731783734s557:MAC rxNotify
1731783734s557:NOTIFY
1731783734s557:MAC rxDone
1731783734s560:RXSLOT
1731783734s560:value of rxport: 201
###### D/L FRAME:0033 | PORT:201 | DR:2 | SLOT:C_MC | RSSI:-11 | SNR:9
1731783734s560:#####################FRAGDECODER PROCESS

.... FRAG_DECODER in Progress ....
EXPECTED   : 052 Fragments (02028 Bytes)
RECEIVED   : 034 Fragments
             01326 Bytes
LOST       : 000 Fragments

1731783734s565:RX_C on freq 869525000 Hz at DR 2
1731783734s566:#############OPENED CONTINUOUS RX C WINDOW
1731783740s585:MAC rxNotify
1731783740s585:NOTIFY
1731783740s585:MAC rxDone
1731783740s588:RXSLOT
1731783740s588:value of rxport: 201
###### D/L FRAME:0034 | PORT:201 | DR:2 | SLOT:C_MC | RSSI:-11 | SNR:9
1731783740s588:#####################FRAGDECODER PROCESS

.... FRAG_DECODER in Progress ....
EXPECTED   : 052 Fragments (02028 Bytes)
RECEIVED   : 035 Fragments
             01365 Bytes
LOST       : 000 Fragments

1731783740s593:RX_C on freq 869525000 Hz at DR 2
1731783740s594:#############OPENED CONTINUOUS RX C WINDOW
1731783746s611:MAC rxNotify
1731783746s611:NOTIFY
1731783746s611:MAC rxDone
1731783746s614:RXSLOT
1731783746s614:value of rxport: 201
###### D/L FRAME:0035 | PORT:201 | DR:2 | SLOT:C_MC | RSSI:-11 | SNR:9
1731783746s614:#####################FRAGDECODER PROCESS

.... FRAG_DECODER in Progress ....
EXPECTED   : 052 Fragments (02028 Bytes)
RECEIVED   : 036 Fragments
             01404 Bytes
LOST       : 000 Fragments

1731783746s619:RX_C on freq 869525000 Hz at DR 2
1731783746s620:#############OPENED CONTINUOUS RX C WINDOW
1731783753s638:MAC rxNotify
1731783753s638:NOTIFY
1731783753s638:MAC rxDone
1731783753s640:RXSLOT
1731783753s640:value of rxport: 201
###### D/L FRAME:0036 | PORT:201 | DR:2 | SLOT:C_MC | RSSI:-12 | SNR:9
1731783753s640:#####################FRAGDECODER PROCESS

.... FRAG_DECODER in Progress ....
EXPECTED   : 052 Fragments (02028 Bytes)
RECEIVED   : 037 Fragments
             01443 Bytes
LOST       : 000 Fragments

1731783753s645:RX_C on freq 869525000 Hz at DR 2
1731783753s646:#############OPENED CONTINUOUS RX C WINDOW
1731783759s662:MAC rxNotify
1731783759s662:NOTIFY
1731783759s662:MAC rxDone
1731783759s665:RXSLOT
1731783759s665:value of rxport: 201
###### D/L FRAME:0037 | PORT:201 | DR:2 | SLOT:C_MC | RSSI:-11 | SNR:9
1731783759s665:#####################FRAGDECODER PROCESS

.... FRAG_DECODER in Progress ....
EXPECTED   : 052 Fragments (02028 Bytes)
RECEIVED   : 038 Fragments
             01482 Bytes
LOST       : 000 Fragments

1731783759s670:RX_C on freq 869525000 Hz at DR 2
1731783759s671:#############OPENED CONTINUOUS RX C WINDOW
1731783765s679:MAC rxNotify
1731783765s679:NOTIFY
1731783765s679:MAC rxDone
1731783765s681:RXSLOT
1731783765s681:value of rxport: 201
###### D/L FRAME:0038 | PORT:201 | DR:2 | SLOT:C_MC | RSSI:-12 | SNR:9
1731783765s681:#####################FRAGDECODER PROCESS

.... FRAG_DECODER in Progress ....
EXPECTED   : 052 Fragments (02028 Bytes)
RECEIVED   : 039 Fragments
             01521 Bytes
LOST       : 000 Fragments

1731783765s685:RX_C on freq 869525000 Hz at DR 2
1731783765s687:#############OPENED CONTINUOUS RX C WINDOW
1731783771s704:MAC rxNotify
1731783771s704:NOTIFY
1731783771s704:MAC rxDone
1731783771s707:RXSLOT
1731783771s707:value of rxport: 201
###### D/L FRAME:0039 | PORT:201 | DR:2 | SLOT:C_MC | RSSI:-12 | SNR:9
1731783771s707:#####################FRAGDECODER PROCESS

.... FRAG_DECODER in Progress ....
EXPECTED   : 052 Fragments (02028 Bytes)
RECEIVED   : 040 Fragments
             01560 Bytes
LOST       : 000 Fragments

1731783771s712:RX_C on freq 869525000 Hz at DR 2
1731783771s713:#############OPENED CONTINUOUS RX C WINDOW
1731783778s734:MAC rxNotify
1731783778s734:NOTIFY
1731783778s735:MAC rxDone
1731783778s738:RXSLOT
1731783778s738:value of rxport: 201
###### D/L FRAME:0040 | PORT:201 | DR:2 | SLOT:C_MC | RSSI:-12 | SNR:8
1731783778s738:#####################FRAGDECODER PROCESS

.... FRAG_DECODER in Progress ....
EXPECTED   : 052 Fragments (02028 Bytes)
RECEIVED   : 041 Fragments
             01599 Bytes
LOST       : 000 Fragments

1731783778s743:RX_C on freq 869525000 Hz at DR 2
1731783778s744:#############OPENED CONTINUOUS RX C WINDOW
1731783784s762:MAC rxNotify
1731783784s762:NOTIFY
1731783784s762:MAC rxDone
1731783784s764:RXSLOT
1731783784s764:value of rxport: 201
###### D/L FRAME:0041 | PORT:201 | DR:2 | SLOT:C_MC | RSSI:-12 | SNR:9
1731783784s764:#####################FRAGDECODER PROCESS

.... FRAG_DECODER in Progress ....
EXPECTED   : 052 Fragments (02028 Bytes)
RECEIVED   : 042 Fragments
             01638 Bytes
LOST       : 000 Fragments

1731783784s769:RX_C on freq 869525000 Hz at DR 2
1731783784s770:#############OPENED CONTINUOUS RX C WINDOW
1731783790s792:MAC rxNotify
1731783790s792:NOTIFY
1731783790s792:MAC rxDone
1731783790s795:RXSLOT
1731783790s795:value of rxport: 201
###### D/L FRAME:0042 | PORT:201 | DR:2 | SLOT:C_MC | RSSI:-12 | SNR:9
1731783790s795:#####################FRAGDECODER PROCESS

.... FRAG_DECODER in Progress ....
EXPECTED   : 052 Fragments (02028 Bytes)
RECEIVED   : 043 Fragments
             01677 Bytes
LOST       : 000 Fragments

1731783790s800:RX_C on freq 869525000 Hz at DR 2
1731783790s801:#############OPENED CONTINUOUS RX C WINDOW
1731783797s822:MAC rxNotify
1731783797s822:NOTIFY
1731783797s822:MAC rxDone
1731783797s825:RXSLOT
1731783797s825:value of rxport: 201
###### D/L FRAME:0043 | PORT:201 | DR:2 | SLOT:C_MC | RSSI:-12 | SNR:8
1731783797s825:#####################FRAGDECODER PROCESS

.... FRAG_DECODER in Progress ....
EXPECTED   : 052 Fragments (02028 Bytes)
RECEIVED   : 044 Fragments
             01716 Bytes
LOST       : 000 Fragments

1731783797s830:RX_C on freq 869525000 Hz at DR 2
1731783797s831:#############OPENED CONTINUOUS RX C WINDOW
1731783803s852:MAC rxNotify
1731783803s852:NOTIFY
1731783803s852:MAC rxDone
1731783803s855:RXSLOT
1731783803s855:value of rxport: 201
###### D/L FRAME:0044 | PORT:201 | DR:2 | SLOT:C_MC | RSSI:-12 | SNR:9
1731783803s855:#####################FRAGDECODER PROCESS

.... FRAG_DECODER in Progress ....
EXPECTED   : 052 Fragments (02028 Bytes)
RECEIVED   : 045 Fragments
             01755 Bytes
LOST       : 000 Fragments

1731783803s860:RX_C on freq 869525000 Hz at DR 2
1731783803s861:#############OPENED CONTINUOUS RX C WINDOW
1731783809s879:MAC rxNotify
1731783809s879:NOTIFY
1731783809s879:MAC rxDone
1731783809s882:RXSLOT
1731783809s882:value of rxport: 201
###### D/L FRAME:0045 | PORT:201 | DR:2 | SLOT:C_MC | RSSI:-12 | SNR:9
1731783809s882:#####################FRAGDECODER PROCESS

.... FRAG_DECODER in Progress ....
EXPECTED   : 052 Fragments (02028 Bytes)
RECEIVED   : 046 Fragments
             01794 Bytes
LOST       : 000 Fragments

1731783809s887:RX_C on freq 869525000 Hz at DR 2
1731783809s888:#############OPENED CONTINUOUS RX C WINDOW
1731783815s907:MAC rxNotify
1731783815s907:NOTIFY
1731783815s907:MAC rxDone
1731783815s910:RXSLOT
1731783815s910:value of rxport: 201
###### D/L FRAME:0046 | PORT:201 | DR:2 | SLOT:C_MC | RSSI:-12 | SNR:9
1731783815s910:#####################FRAGDECODER PROCESS

.... FRAG_DECODER in Progress ....
EXPECTED   : 052 Fragments (02028 Bytes)
RECEIVED   : 047 Fragments
             01833 Bytes
LOST       : 000 Fragments

1731783815s915:RX_C on freq 869525000 Hz at DR 2
1731783815s916:#############OPENED CONTINUOUS RX C WINDOW
1731783822s935:MAC rxNotify
1731783822s935:NOTIFY
1731783822s935:MAC rxDone
1731783822s938:RXSLOT
1731783822s938:value of rxport: 201
###### D/L FRAME:0047 | PORT:201 | DR:2 | SLOT:C_MC | RSSI:-12 | SNR:9
1731783822s938:#####################FRAGDECODER PROCESS

.... FRAG_DECODER in Progress ....
EXPECTED   : 052 Fragments (02028 Bytes)
RECEIVED   : 048 Fragments
             01872 Bytes
LOST       : 000 Fragments

1731783822s943:RX_C on freq 869525000 Hz at DR 2
1731783822s944:#############OPENED CONTINUOUS RX C WINDOW
1731783828s961:MAC rxNotify
1731783828s961:NOTIFY
1731783828s961:MAC rxDone
1731783828s964:RXSLOT
1731783828s964:value of rxport: 201
###### D/L FRAME:0048 | PORT:201 | DR:2 | SLOT:C_MC | RSSI:-12 | SNR:9
1731783828s964:#####################FRAGDECODER PROCESS

.... FRAG_DECODER in Progress ....
EXPECTED   : 052 Fragments (02028 Bytes)
RECEIVED   : 049 Fragments
             01911 Bytes
LOST       : 000 Fragments

1731783828s969:RX_C on freq 869525000 Hz at DR 2
1731783828s970:#############OPENED CONTINUOUS RX C WINDOW
1731783834s986:MAC rxNotify
1731783834s986:NOTIFY
1731783834s986:MAC rxDone
1731783834s989:RXSLOT
1731783834s989:value of rxport: 201
###### D/L FRAME:0049 | PORT:201 | DR:2 | SLOT:C_MC | RSSI:-11 | SNR:9
1731783834s989:#####################FRAGDECODER PROCESS

.... FRAG_DECODER in Progress ....
EXPECTED   : 052 Fragments (02028 Bytes)
RECEIVED   : 050 Fragments
             01950 Bytes
LOST       : 000 Fragments

1731783834s994:RX_C on freq 869525000 Hz at DR 2
1731783834s995:#############OPENED CONTINUOUS RX C WINDOW
1731783841s015:MAC rxNotify
1731783841s015:NOTIFY
1731783841s015:MAC rxDone
1731783841s018:RXSLOT
1731783841s018:value of rxport: 201
###### D/L FRAME:0050 | PORT:201 | DR:2 | SLOT:C_MC | RSSI:-11 | SNR:9
1731783841s018:#####################FRAGDECODER PROCESS

.... FRAG_DECODER in Progress ....
EXPECTED   : 052 Fragments (02028 Bytes)
RECEIVED   : 051 Fragments
             01989 Bytes
LOST       : 000 Fragments

1731783841s023:RX_C on freq 869525000 Hz at DR 2
1731783841s024:#############OPENED CONTINUOUS RX C WINDOW
1731783848s037:MAC rxNotify
1731783848s037:NOTIFY
1731783848s037:MAC rxDone
1731783848s040:RXSLOT
1731783848s040:value of rxport: 201
###### D/L FRAME:0051 | PORT:201 | DR:2 | SLOT:C_MC | RSSI:-11 | SNR:9
1731783848s040:#####################FRAGDECODER PROCESS

.... FRAG_DECODER in Progress ....
EXPECTED   : 052 Fragments (02028 Bytes)
RECEIVED   : 052 Fragments
             02028 Bytes
LOST       : 000 Fragments


.... FRAG_DECODER Finished ....
STATUS     : 0
1731783848s041:ALL FRAGMENTS RECEIVED

= [SBOOT] System Security Check successfully passed. Starting...


======================================================================
=              (C) COPYRIGHT 2017 STMicroelectronics                 =
=                                                                    =
=              Secure Boot and Secure Firmware Update                =
======================================================================


= [SBOOT] SECURE ENGINE INITIALIZATION SUCCESSFUL
= [SBOOT] STATE: CHECK STATUS ON RESET
	  INFO: A Reboot has been triggered by a Software reset!
= [SBOOT] STATE: CHECK NEW FIRMWARE TO DOWNLOAD
= [SBOOT] STATE: CHECK KMS BLOB TO INSTALL
= [SBOOT] STATE: CHECK USER FW STATUS
	  A FW is detected in the slot SLOT_ACTIVE_1
= [SBOOT] STATE: VERIFY USER FW SIGNATURE
= [SBOOT] STATE: EXECUTE USER FIRMWAREAPPLICATION_VERSION: V1.3.0
MW_LORAWAN_VERSION:  V2.5.0
MW_RADIO_VERSION:    V1.3.0
L2_SPEC_VERSION:     V1.0.4
RP_SPEC_VERSION:     V2-1.0.1
###### AppKey:      2B:7E:15:16:28:AE:D2:A6:AB:F7:15:88:09:CF:4F:3C
###### NwkKey:      2B:7E:15:16:28:AE:D2:A6:AB:F7:15:88:09:CF:4F:3C
###### AppSKey:     5F:EA:16:83:E7:CD:7A:EA:69:1C:E3:00:3F:52:2A:39
###### NwkSKey:     8D:19:85:B0:A1:0B:20:B2:D3:5D:4D:61:5B:C4:49:ED
###### DevEUI:      00:80:E1:15:05:AB:CF:19
###### AppEUI:      01:01:01:01:01:01:01:01
###### DevAddr:     05:AB:CF:19
###### KMS ENABLED