
= [SBOOT] System Security Check successfully passed. Starting...


======================================================================
=              (C) COPYRIGHT 2017 STMicroelectronics                 =
=                                                                    =
=              Secure Boot and Secure Firmware Update                =
======================================================================


= [SBOOT] SECURE ENGINE INITIALIZATION SUCCESSFUL
= [SBOOT] STATE: CHECK STATUS ON RESET
	  INFO: A Reboot has been triggered by a Hardware reset!
= [SBOOT] STATE: CHECK NEW FIRMWARE TO DOWNLOAD
= [SBOOT] STATE: CHECK KMS BLOB TO INSTALL
= [SBOOT] STATE: CHECK USER FW STATUS
	  A FW is detected in the slot SLOT_ACTIVE_1
= [SBOOT] STATE: VERIFY USER FW SIGNATURE
= [SBOOT] STATE: EXECUTE USER FIRMWAREAPPLICATION_VERSION: V1.3.0
MW_LORAWAN_VERSION:  V2.5.0
MW_RADIO_VERSION:    V1.3.0
L2_SPEC_VERSION:     V1.0.4
RP_SPEC_VERSION:     V2-1.0.1
###### AppKey:      2B:7E:15:16:28:AE:D2:A6:AB:F7:15:88:09:CF:4F:3C
###### NwkKey:      2B:7E:15:16:28:AE:D2:A6:AB:F7:15:88:09:CF:4F:3C
###### AppSKey:     83:1E:F1:D9:66:4A:E6:3E:4B:12:C4:B9:C1:FB:FF:12
###### NwkSKey:     6C:96:B0:14:BE:81:AF:E6:53:DE:4B:4C:74:6F:4F:63
###### DevEUI:      00:80:E1:15:05:AB:CF:19
###### AppEUI:      01:01:01:01:01:01:01:01
###### DevAddr:     05:AB:CF:19
###### KMS ENABLED

###### = JOIN FAILED
###### U/L FRAME:JOIN | DR:3 | PWR:1

###### = JOINED = OTAA =====================
[31mNetwork joined, choose app to execute:
BTN1: TxTimer send uplink every 10 sec
BTN2: Airtime test
[0m
###### U/L FRAME:JOIN | DR:3 | PWR:1
###### MCRootKey:   7D:F7:6B:0C:1A:B8:99:B3:3E:42:F0:47:B9:1B:54:6F
###### MCKEKey:     8C:B8:66:5E:0C:0E:0B:64:5B:2E:D9:E4:8A:19:27:7C
###### AppSKey:     2C:CC:56:85:33:FD:AB:19:C3:1B:93:C3:0F:D5:9B:57
###### NwkSKey:     E9:E7:69:CD:1A:FA:0B:AB:20:20:6D:1D:EE:A1:FE:10
###### DBIntKey:    7A:C4:7C:65:FE:25:9B:B6:54:BD:26:35:19:F8:9C:8E
###### DevEUI:      00:80:E1:15:05:AB:CF:19
###### AppEUI:      01:01:01:01:01:01:01:01
###### DevAddr:     01:B8:5F:24
[32mStart tx timer regular[0m

###### ========== MCPS-Confirm =============
###### U/L FRAME:0001 | PORT:24 | DR:3 | PWR:1 | MSG TYPE:UNCONFIRMED
1733748528s697:value of rxport: 0
###### D/L FRAME:0000 | PORT:0 | DR:3 | SLOT:1 | RSSI:-17 | SNR:12
1733748587s321:Airtime test started: 0
1733748587s321:MAC Tx start packet size: 21
1733748587s325:TX on freq 867900000 Hz at DR 3
1733748587s325:RADIO SEND WITH size 21
1733748587s327:SEND REQUEST
1733748587s513:NOTIFY
1733748587s513:MAC txDone
1733748588s499:RX_1 on freq 867900000 Hz at DR 3
1733748588s558:IRQ_RX_TX_TIMEOUT
1733748588s559:NOTIFY
1733748588s559:MAC rxTimeOut
1733748589s544:RX_2 on freq 869525000 Hz at DR 0
1733748589s742:IRQ_RX_TX_TIMEOUT
1733748589s742:NOTIFY
1733748589s742:MAC rxTimeOut

###### ========== MCPS-Confirm =============
###### U/L FRAME:0002 | PORT:24 | DR:3 | PWR:1 | MSG TYPE:UNCONFIRMED
1733748647s327:Airtime test started: 0
1733748647s327:MAC Tx start packet size: 18
1733748647s331:TX on freq 867900000 Hz at DR 3
1733748647s331:RADIO SEND WITH size 18
1733748647s333:SEND REQUEST
1733748647s519:NOTIFY
1733748647s519:MAC txDone
1733748648s506:RX_1 on freq 867900000 Hz at DR 3
1733748648s564:IRQ_RX_TX_TIMEOUT
1733748648s565:NOTIFY
1733748648s565:MAC rxTimeOut
1733748649s551:RX_2 on freq 869525000 Hz at DR 0
1733748649s749:IRQ_RX_TX_TIMEOUT
1733748649s749:NOTIFY
1733748649s749:MAC rxTimeOut

###### ========== MCPS-Confirm =============
###### U/L FRAME:0003 | PORT:24 | DR:3 | PWR:1 | MSG TYPE:UNCONFIRMED
1733748707s333:Airtime test started: 0
1733748707s333:MAC Tx start packet size: 18
1733748707s337:TX on freq 867300000 Hz at DR 3
1733748707s337:RADIO SEND WITH size 18
1733748707s339:SEND REQUEST
1733748707s524:NOTIFY
1733748707s524:MAC txDone
1733748708s511:RX_1 on freq 867300000 Hz at DR 3
1733748708s569:IRQ_RX_TX_TIMEOUT
1733748708s570:NOTIFY
1733748708s570:MAC rxTimeOut
1733748709s556:RX_2 on freq 869525000 Hz at DR 0
1733748709s754:IRQ_RX_TX_TIMEOUT
1733748709s754:NOTIFY
1733748709s754:MAC rxTimeOut

###### ========== MCPS-Confirm =============
###### U/L FRAME:0004 | PORT:24 | DR:3 | PWR:1 | MSG TYPE:UNCONFIRMED
1733748767s339:Airtime test started: 0
1733748767s339:MAC Tx start packet size: 18
1733748767s343:TX on freq 867700000 Hz at DR 3
1733748767s343:RADIO SEND WITH size 18
1733748767s345:SEND REQUEST
1733748767s530:NOTIFY
1733748767s530:MAC txDone
1733748768s517:RX_1 on freq 867700000 Hz at DR 3
1733748768s575:IRQ_RX_TX_TIMEOUT
1733748768s576:NOTIFY
1733748768s576:MAC rxTimeOut
1733748769s561:RX_2 on freq 869525000 Hz at DR 0
1733748769s760:IRQ_RX_TX_TIMEOUT
1733748769s760:NOTIFY
1733748769s760:MAC rxTimeOut

###### ========== MCPS-Confirm =============
###### U/L FRAME:0005 | PORT:24 | DR:3 | PWR:1 | MSG TYPE:UNCONFIRMED
1733748827s345:Airtime test started: 0
1733748827s345:MAC Tx start packet size: 18
1733748827s349:TX on freq 868500000 Hz at DR 3
1733748827s349:RADIO SEND WITH size 18
1733748827s351:SEND REQUEST
1733748827s536:NOTIFY
1733748827s536:MAC txDone
1733748828s522:RX_1 on freq 868500000 Hz at DR 3
1733748828s581:IRQ_RX_TX_TIMEOUT
1733748828s582:NOTIFY
1733748828s582:MAC rxTimeOut
1733748829s567:RX_2 on freq 869525000 Hz at DR 0
1733748829s766:IRQ_RX_TX_TIMEOUT
1733748829s766:NOTIFY
1733748829s766:MAC rxTimeOut

###### ========== MCPS-Confirm =============
###### U/L FRAME:0006 | PORT:24 | DR:3 | PWR:1 | MSG TYPE:UNCONFIRMED
1733748887s351:Airtime test started: 0
1733748887s351:MAC Tx start packet size: 18
1733748887s354:TX on freq 867100000 Hz at DR 3
1733748887s354:RADIO SEND WITH size 18
1733748887s356:SEND REQUEST
1733748887s542:NOTIFY
1733748887s542:MAC txDone
1733748888s528:RX_1 on freq 867100000 Hz at DR 3
1733748888s833:MAC rxNotify
1733748888s833:NOTIFY
1733748888s833:MAC rxDone

###### ========== MCPS-Confirm =============
###### U/L FRAME:0007 | PORT:24 | DR:3 | PWR:1 | MSG TYPE:UNCONFIRMED
1733748888s836:value of rxport: 200
1733748888s836:MULTICAST CLASS C SETUP 2
###### D/L FRAME:0001 | PORT:200 | DR:3 | SLOT:1 | RSSI:-17 | SNR:11
1733748888s846:MAC Tx start packet size: 15
1733748888s850:TX on freq 868100000 Hz at DR 3
1733748888s851:RADIO SEND WITH size 15
ID          : 0
McAddr      : 0038F3B0
McKey       : 91-7B-A1-8B-EF-C3-61-FB-4B-64-43-B6-A0-6F-9F-62
McFCountMin : 0
McFCountMax : 4294967295
SessionTime : 0
SessionTimeT: 1 s
Rx Freq     : 0
Rx DR       : DR_0
1733748889s017:NOTIFY
1733748889s017:MAC txDone
1733748890s003:RX_1 on freq 868100000 Hz at DR 3
1733748890s226:MAC rxNotify
1733748890s226:NOTIFY
1733748890s226:MAC rxDone

###### ========== MCPS-Confirm =============
###### U/L FRAME:0008 | PORT:200 | DR:3 | PWR:1 | MSG TYPE:UNCONFIRMED
1733748890s228:value of rxport: 201
###### D/L FRAME:0002 | PORT:201 | DR:3 | SLOT:1 | RSSI:-17 | SNR:12
1733748890s228:#####################FRAGDECODER INIT
1733748894s111:MAC Tx start packet size: 15
1733748894s115:TX on freq 868500000 Hz at DR 3
1733748894s115:RADIO SEND WITH size 15
1733748894s282:NOTIFY
1733748894s282:MAC txDone
1733748895s269:RX_1 on freq 868500000 Hz at DR 3
1733748895s327:IRQ_RX_TX_TIMEOUT
1733748895s328:NOTIFY
1733748895s328:MAC rxTimeOut
1733748896s313:RX_2 on freq 869525000 Hz at DR 0
1733748896s512:IRQ_RX_TX_TIMEOUT
1733748896s512:NOTIFY
1733748896s512:MAC rxTimeOut

###### ========== MCPS-Confirm =============
###### U/L FRAME:0009 | PORT:201 | DR:3 | PWR:1 | MSG TYPE:UNCONFIRMED
1733748947s356:Airtime test started: 0
1733748947s356:MAC Tx start packet size: 18
1733748947s360:TX on freq 867700000 Hz at DR 3
1733748947s360:RADIO SEND WITH size 18
1733748947s362:SEND REQUEST
1733748947s548:NOTIFY
1733748947s548:MAC txDone
1733748948s534:RX_1 on freq 867700000 Hz at DR 3
1733748948s757:MAC rxNotify
1733748948s757:NOTIFY
1733748948s757:MAC rxDone

###### ========== MCPS-Confirm =============
###### U/L FRAME:0010 | PORT:24 | DR:3 | PWR:1 | MSG TYPE:UNCONFIRMED
1733748948s759:value of rxport: 200
1733748948s760:MULTICAST CLASS C SETUP 4
###### D/L FRAME:0003 | PORT:200 | DR:3 | SLOT:1 | RSSI:-17 | SNR:11
Time2SessionStart: 276000 ms
1733748948s760:MAC Tx start packet size: 18
1733748948s764:TX on freq 867900000 Hz at DR 3
1733748948s765:RADIO SEND WITH size 18
ID          : 0
McAddr      : 0038F3B0
McKey       : 91-7B-A1-8B-EF-C3-61-FB-4B-64-43-B6-A0-6F-9F-62
McFCountMin : 0
McFCountMax : 4294967295
SessionTime : 1733749224
SessionTimeT: 2048 s
Rx Freq     : 869525000
Rx DR       : DR_0
1733748948s951:NOTIFY
1733748948s951:MAC txDone
1733748949s937:RX_1 on freq 867900000 Hz at DR 3
1733748949s996:IRQ_RX_TX_TIMEOUT
1733748949s997:NOTIFY
1733748949s997:MAC rxTimeOut
1733748950s982:RX_2 on freq 869525000 Hz at DR 0
1733748951s181:IRQ_RX_TX_TIMEOUT
1733748951s181:NOTIFY
1733748951s181:MAC rxTimeOut

###### ========== MCPS-Confirm =============
###### U/L FRAME:0011 | PORT:200 | DR:3 | PWR:1 | MSG TYPE:UNCONFIRMED
1733749224s760:[SWITCHCLASS class C]
1733749224s774:RX_C on freq 869525000 Hz at DR 0
1733749224s776:#############OPENED CONTINUOUS RX C WINDOW
Switch to Class C done
1733749228s807:MAC rxNotify
1733749228s807:NOTIFY
1733749228s807:MAC rxDone
1733749228s810:RXSLOT
1733749228s810:value of rxport: 201
###### D/L FRAME:0000 | PORT:201 | DR:0 | SLOT:C_MC | RSSI:-20 | SNR:5
1733749228s810:#####################FRAGDECODER PROCESS

.... FRAG_DECODER in Progress ....
EXPECTED   : 052 Fragments (02028 Bytes)
RECEIVED   : 001 Fragments
             00039 Bytes
LOST       : 000 Fragments

1733749228s814:RX_C on freq 869525000 Hz at DR 0
1733749228s815:#############OPENED CONTINUOUS RX C WINDOW
1733749243s472:MAC rxNotify
1733749243s472:NOTIFY
1733749243s472:MAC rxDone
1733749243s475:RXSLOT
1733749243s478:RX_C on freq 869525000 Hz at DR 0
1733749243s479:#############OPENED CONTINUOUS RX C WINDOW
1733749249s854:MAC rxNotify
1733749249s854:NOTIFY
1733749249s855:MAC rxDone
1733749249s858:RXSLOT
1733749249s858:value of rxport: 201
###### D/L FRAME:0001 | PORT:201 | DR:0 | SLOT:C_MC | RSSI:-20 | SNR:5
1733749249s858:#####################FRAGDECODER PROCESS

.... FRAG_DECODER in Progress ....
EXPECTED   : 052 Fragments (02028 Bytes)
RECEIVED   : 002 Fragments
             00078 Bytes
LOST       : 000 Fragments

1733749249s863:RX_C on freq 869525000 Hz at DR 0
1733749249s864:#############OPENED CONTINUOUS RX C WINDOW
1733749269s902:MAC rxNotify
1733749269s902:NOTIFY
1733749269s902:MAC rxDone
1733749269s906:RXSLOT
1733749269s906:value of rxport: 201
###### D/L FRAME:0002 | PORT:201 | DR:0 | SLOT:C_MC | RSSI:-19 | SNR:5
1733749269s906:#####################FRAGDECODER PROCESS

.... FRAG_DECODER in Progress ....
EXPECTED   : 052 Fragments (02028 Bytes)
RECEIVED   : 003 Fragments
             00117 Bytes
LOST       : 000 Fragments

1733749269s911:RX_C on freq 869525000 Hz at DR 0
1733749269s912:#############OPENED CONTINUOUS RX C WINDOW
1733749290s969:MAC rxNotify
1733749290s969:NOTIFY
1733749290s969:MAC rxDone
1733749290s972:RXSLOT
1733749290s972:value of rxport: 201
###### D/L FRAME:0003 | PORT:201 | DR:0 | SLOT:C_MC | RSSI:-21 | SNR:5
1733749290s972:#####################FRAGDECODER PROCESS

.... FRAG_DECODER in Progress ....
EXPECTED   : 052 Fragments (02028 Bytes)
RECEIVED   : 004 Fragments
             00156 Bytes
LOST       : 000 Fragments

1733749290s977:RX_C on freq 869525000 Hz at DR 0
1733749290s978:#############OPENED CONTINUOUS RX C WINDOW
1733749312s104:MAC rxNotify
1733749312s104:NOTIFY
1733749312s104:MAC rxDone
1733749312s107:RXSLOT
1733749312s107:value of rxport: 201
###### D/L FRAME:0004 | PORT:201 | DR:0 | SLOT:C_MC | RSSI:-20 | SNR:5
1733749312s107:#####################FRAGDECODER PROCESS

.... FRAG_DECODER in Progress ....
EXPECTED   : 052 Fragments (02028 Bytes)
RECEIVED   : 005 Fragments
             00195 Bytes
LOST       : 000 Fragments

1733749312s112:RX_C on freq 869525000 Hz at DR 0
1733749312s113:#############OPENED CONTINUOUS RX C WINDOW
1733749332s161:MAC rxNotify
1733749332s161:NOTIFY
1733749332s161:MAC rxDone
1733749332s164:RXSLOT
1733749332s164:value of rxport: 201
###### D/L FRAME:0005 | PORT:201 | DR:0 | SLOT:C_MC | RSSI:-21 | SNR:5
1733749332s164:#####################FRAGDECODER PROCESS

.... FRAG_DECODER in Progress ....
EXPECTED   : 052 Fragments (02028 Bytes)
RECEIVED   : 006 Fragments
             00234 Bytes
LOST       : 000 Fragments

1733749332s169:RX_C on freq 869525000 Hz at DR 0
1733749332s170:#############OPENED CONTINUOUS RX C WINDOW
1733749353s214:MAC rxNotify
1733749353s214:NOTIFY
1733749353s214:MAC rxDone
1733749353s217:RXSLOT
1733749353s217:value of rxport: 201
###### D/L FRAME:0006 | PORT:201 | DR:0 | SLOT:C_MC | RSSI:-22 | SNR:5
1733749353s217:#####################FRAGDECODER PROCESS

.... FRAG_DECODER in Progress ....
EXPECTED   : 052 Fragments (02028 Bytes)
RECEIVED   : 007 Fragments
             00273 Bytes
LOST       : 000 Fragments

1733749353s222:RX_C on freq 869525000 Hz at DR 0
1733749353s223:#############OPENED CONTINUOUS RX C WINDOW
1733749374s282:MAC rxNotify
1733749374s282:NOTIFY
1733749374s282:MAC rxDone
1733749374s285:RXSLOT
1733749374s285:value of rxport: 201
###### D/L FRAME:0007 | PORT:201 | DR:0 | SLOT:C_MC | RSSI:-22 | SNR:5
1733749374s285:#####################FRAGDECODER PROCESS

.... FRAG_DECODER in Progress ....
EXPECTED   : 052 Fragments (02028 Bytes)
RECEIVED   : 008 Fragments
             00312 Bytes
LOST       : 000 Fragments

1733749374s290:RX_C on freq 869525000 Hz at DR 0
1733749374s291:#############OPENED CONTINUOUS RX C WINDOW
1733749394s442:MAC rxNotify
1733749394s442:NOTIFY
1733749394s442:MAC rxDone
1733749394s445:RXSLOT
1733749394s445:value of rxport: 201
###### D/L FRAME:0008 | PORT:201 | DR:0 | SLOT:C_MC | RSSI:-16 | SNR:5
1733749394s445:#####################FRAGDECODER PROCESS

.... FRAG_DECODER in Progress ....
EXPECTED   : 052 Fragments (02028 Bytes)
RECEIVED   : 009 Fragments
             00351 Bytes
LOST       : 000 Fragments

1733749394s449:RX_C on freq 869525000 Hz at DR 0
1733749394s451:#############OPENED CONTINUOUS RX C WINDOW
1733749399s480:MAC rxNotify
1733749399s481:NOTIFY
1733749399s481:MAC rxDone
1733749399s483:RXSLOT
1733749399s486:RX_C on freq 869525000 Hz at DR 0
1733749399s488:#############OPENED CONTINUOUS RX C WINDOW
1733749415s497:MAC rxNotify
1733749415s497:NOTIFY
1733749415s497:MAC rxDone
1733749415s500:RXSLOT
1733749415s500:value of rxport: 201
###### D/L FRAME:0009 | PORT:201 | DR:0 | SLOT:C_MC | RSSI:-17 | SNR:5
1733749415s500:#####################FRAGDECODER PROCESS

.... FRAG_DECODER in Progress ....
EXPECTED   : 052 Fragments (02028 Bytes)
RECEIVED   : 010 Fragments
             00390 Bytes
LOST       : 000 Fragments

1733749415s505:RX_C on freq 869525000 Hz at DR 0
1733749415s506:#############OPENED CONTINUOUS RX C WINDOW
1733749436s558:MAC rxNotify
1733749436s558:NOTIFY
1733749436s558:MAC rxDone
1733749436s561:RXSLOT
1733749436s561:value of rxport: 201
###### D/L FRAME:0010 | PORT:201 | DR:0 | SLOT:C_MC | RSSI:-16 | SNR:5
1733749436s561:#####################FRAGDECODER PROCESS

.... FRAG_DECODER in Progress ....
EXPECTED   : 052 Fragments (02028 Bytes)
RECEIVED   : 011 Fragments
             00429 Bytes
LOST       : 000 Fragments

1733749436s565:RX_C on freq 869525000 Hz at DR 0
1733749436s566:#############OPENED CONTINUOUS RX C WINDOW
1733749456s620:MAC rxNotify
1733749456s620:NOTIFY
1733749456s620:MAC rxDone
1733749456s623:RXSLOT
1733749456s623:value of rxport: 201
###### D/L FRAME:0011 | PORT:201 | DR:0 | SLOT:C_MC | RSSI:-16 | SNR:5
1733749456s623:#####################FRAGDECODER PROCESS

.... FRAG_DECODER in Progress ....
EXPECTED   : 052 Fragments (02028 Bytes)
RECEIVED   : 012 Fragments
             00468 Bytes
LOST       : 000 Fragments

1733749456s628:RX_C on freq 869525000 Hz at DR 0
1733749456s629:#############OPENED CONTINUOUS RX C WINDOW
1733749477s773:MAC rxNotify
1733749477s774:NOTIFY
1733749477s774:MAC rxDone
1733749477s777:RXSLOT
1733749477s777:value of rxport: 201
###### D/L FRAME:0012 | PORT:201 | DR:0 | SLOT:C_MC | RSSI:-16 | SNR:6
1733749477s777:#####################FRAGDECODER PROCESS

.... FRAG_DECODER in Progress ....
EXPECTED   : 052 Fragments (02028 Bytes)
RECEIVED   : 013 Fragments
             00507 Bytes
LOST       : 000 Fragments

1733749477s782:RX_C on freq 869525000 Hz at DR 0
1733749477s783:#############OPENED CONTINUOUS RX C WINDOW
1733749497s850:MAC rxNotify
1733749497s850:NOTIFY
1733749497s850:MAC rxDone
1733749497s853:RXSLOT
1733749497s853:value of rxport: 201
###### D/L FRAME:0013 | PORT:201 | DR:0 | SLOT:C_MC | RSSI:-15 | SNR:5
1733749497s853:#####################FRAGDECODER PROCESS

.... FRAG_DECODER in Progress ....
EXPECTED   : 052 Fragments (02028 Bytes)
RECEIVED   : 014 Fragments
             00546 Bytes
LOST       : 000 Fragments

1733749497s857:RX_C on freq 869525000 Hz at DR 0
1733749497s858:#############OPENED CONTINUOUS RX C WINDOW
1733749518s898:MAC rxNotify
1733749518s898:NOTIFY
1733749518s898:MAC rxDone
1733749518s901:RXSLOT
1733749518s901:value of rxport: 201
###### D/L FRAME:0014 | PORT:201 | DR:0 | SLOT:C_MC | RSSI:-16 | SNR:5
1733749518s901:#####################FRAGDECODER PROCESS

.... FRAG_DECODER in Progress ....
EXPECTED   : 052 Fragments (02028 Bytes)
RECEIVED   : 015 Fragments
             00585 Bytes
LOST       : 000 Fragments

1733749518s905:RX_C on freq 869525000 Hz at DR 0
1733749518s907:#############OPENED CONTINUOUS RX C WINDOW
1733749539s965:MAC rxNotify
1733749539s965:NOTIFY
1733749539s965:MAC rxDone
1733749539s968:RXSLOT
1733749539s968:value of rxport: 201
###### D/L FRAME:0015 | PORT:201 | DR:0 | SLOT:C_MC | RSSI:-16 | SNR:5
1733749539s968:#####################FRAGDECODER PROCESS

.... FRAG_DECODER in Progress ....
EXPECTED   : 052 Fragments (02028 Bytes)
RECEIVED   : 016 Fragments
             00624 Bytes
LOST       : 000 Fragments

1733749539s973:RX_C on freq 869525000 Hz at DR 0
1733749539s974:#############OPENED CONTINUOUS RX C WINDOW
1733749560s108:MAC rxNotify
1733749560s109:NOTIFY
1733749560s109:MAC rxDone
1733749560s112:RXSLOT
1733749560s112:value of rxport: 201
###### D/L FRAME:0016 | PORT:201 | DR:0 | SLOT:C_MC | RSSI:-17 | SNR:6
1733749560s112:#####################FRAGDECODER PROCESS

.... FRAG_DECODER in Progress ....
EXPECTED   : 052 Fragments (02028 Bytes)
RECEIVED   : 017 Fragments
             00663 Bytes
LOST       : 000 Fragments

1733749560s117:RX_C on freq 869525000 Hz at DR 0
1733749560s118:#############OPENED CONTINUOUS RX C WINDOW
1733749581s207:MAC rxNotify
1733749581s207:NOTIFY
1733749581s207:MAC rxDone
1733749581s210:RXSLOT
1733749581s210:value of rxport: 201
###### D/L FRAME:0017 | PORT:201 | DR:0 | SLOT:C_MC | RSSI:-17 | SNR:5
1733749581s210:#####################FRAGDECODER PROCESS

.... FRAG_DECODER in Progress ....
EXPECTED   : 052 Fragments (02028 Bytes)
RECEIVED   : 018 Fragments
             00702 Bytes
LOST       : 000 Fragments

1733749581s215:RX_C on freq 869525000 Hz at DR 0
1733749581s216:#############OPENED CONTINUOUS RX C WINDOW
1733749602s257:MAC rxNotify
1733749602s257:NOTIFY
1733749602s257:MAC rxDone
1733749602s260:RXSLOT
1733749602s260:value of rxport: 201
###### D/L FRAME:0018 | PORT:201 | DR:0 | SLOT:C_MC | RSSI:-16 | SNR:6
1733749602s260:#####################FRAGDECODER PROCESS

.... FRAG_DECODER in Progress ....
EXPECTED   : 052 Fragments (02028 Bytes)
RECEIVED   : 019 Fragments
             00741 Bytes
LOST       : 000 Fragments

1733749602s265:RX_C on freq 869525000 Hz at DR 0
1733749602s266:#############OPENED CONTINUOUS RX C WINDOW
1733749622s309:MAC rxNotify
1733749622s309:NOTIFY
1733749622s309:MAC rxDone
1733749622s311:RXSLOT
1733749622s311:value of rxport: 201
###### D/L FRAME:0019 | PORT:201 | DR:0 | SLOT:C_MC | RSSI:-16 | SNR:5
1733749622s311:#####################FRAGDECODER PROCESS

.... FRAG_DECODER in Progress ....
EXPECTED   : 052 Fragments (02028 Bytes)
RECEIVED   : 020 Fragments
             00780 Bytes
LOST       : 000 Fragments

1733749622s316:RX_C on freq 869525000 Hz at DR 0
1733749622s317:#############OPENED CONTINUOUS RX C WINDOW
1733749632s028:MAC rxNotify
1733749632s028:NOTIFY
1733749632s028:MAC rxDone
1733749632s030:RXSLOT
1733749632s033:RX_C on freq 869525000 Hz at DR 0
1733749632s035:#############OPENED CONTINUOUS RX C WINDOW
1733749643s380:MAC rxNotify
1733749643s380:NOTIFY
1733749643s380:MAC rxDone
1733749643s384:RXSLOT
1733749643s384:value of rxport: 201
###### D/L FRAME:0020 | PORT:201 | DR:0 | SLOT:C_MC | RSSI:-16 | SNR:5
1733749643s384:#####################FRAGDECODER PROCESS

.... FRAG_DECODER in Progress ....
EXPECTED   : 052 Fragments (02028 Bytes)
RECEIVED   : 021 Fragments
             00819 Bytes
LOST       : 000 Fragments

1733749643s389:RX_C on freq 869525000 Hz at DR 0
1733749643s390:#############OPENED CONTINUOUS RX C WINDOW
1733749663s519:MAC rxNotify
1733749663s520:NOTIFY
1733749663s520:MAC rxDone
1733749663s522:RXSLOT
1733749663s522:value of rxport: 201
###### D/L FRAME:0021 | PORT:201 | DR:0 | SLOT:C_MC | RSSI:-17 | SNR:6
1733749663s522:#####################FRAGDECODER PROCESS

.... FRAG_DECODER in Progress ....
EXPECTED   : 052 Fragments (02028 Bytes)
RECEIVED   : 022 Fragments
             00858 Bytes
LOST       : 000 Fragments

1733749663s527:RX_C on freq 869525000 Hz at DR 0
1733749663s528:#############OPENED CONTINUOUS RX C WINDOW
1733749684s583:MAC rxNotify
1733749684s583:NOTIFY
1733749684s583:MAC rxDone
1733749684s586:RXSLOT
1733749684s586:value of rxport: 201
###### D/L FRAME:0022 | PORT:201 | DR:0 | SLOT:C_MC | RSSI:-16 | SNR:5
1733749684s586:#####################FRAGDECODER PROCESS

.... FRAG_DECODER in Progress ....
EXPECTED   : 052 Fragments (02028 Bytes)
RECEIVED   : 023 Fragments
             00897 Bytes
LOST       : 000 Fragments

1733749684s591:RX_C on freq 869525000 Hz at DR 0
1733749684s592:#############OPENED CONTINUOUS RX C WINDOW
1733749688s963:MAC rxNotify
1733749688s963:NOTIFY
1733749688s963:MAC rxDone
1733749688s965:RXSLOT
1733749688s968:RX_C on freq 869525000 Hz at DR 0
1733749688s970:#############OPENED CONTINUOUS RX C WINDOW
1733749705s625:MAC rxNotify
1733749705s625:NOTIFY
1733749705s625:MAC rxDone
1733749705s628:RXSLOT
1733749705s628:value of rxport: 201
###### D/L FRAME:0023 | PORT:201 | DR:0 | SLOT:C_MC | RSSI:-16 | SNR:5
1733749705s628:#####################FRAGDECODER PROCESS

.... FRAG_DECODER in Progress ....
EXPECTED   : 052 Fragments (02028 Bytes)
RECEIVED   : 024 Fragments
             00936 Bytes
LOST       : 000 Fragments

1733749705s633:RX_C on freq 869525000 Hz at DR 0
1733749705s634:#############OPENED CONTINUOUS RX C WINDOW
1733749725s689:MAC rxNotify
1733749725s689:NOTIFY
1733749725s689:MAC rxDone
1733749725s692:RXSLOT
1733749725s692:value of rxport: 201
###### D/L FRAME:0024 | PORT:201 | DR:0 | SLOT:C_MC | RSSI:-18 | SNR:5
1733749725s692:#####################FRAGDECODER PROCESS

.... FRAG_DECODER in Progress ....
EXPECTED   : 052 Fragments (02028 Bytes)
RECEIVED   : 025 Fragments
             00975 Bytes
LOST       : 000 Fragments

1733749725s697:RX_C on freq 869525000 Hz at DR 0
1733749725s698:#############OPENED CONTINUOUS RX C WINDOW
1733749746s848:MAC rxNotify
1733749746s848:NOTIFY
1733749746s848:MAC rxDone
1733749746s851:RXSLOT
1733749746s851:value of rxport: 201
###### D/L FRAME:0025 | PORT:201 | DR:0 | SLOT:C_MC | RSSI:-16 | SNR:5
1733749746s851:#####################FRAGDECODER PROCESS

.... FRAG_DECODER in Progress ....
EXPECTED   : 052 Fragments (02028 Bytes)
RECEIVED   : 026 Fragments
             01014 Bytes
LOST       : 000 Fragments

1733749746s855:RX_C on freq 869525000 Hz at DR 0
1733749746s856:#############OPENED CONTINUOUS RX C WINDOW
1733749767s906:MAC rxNotify
1733749767s906:NOTIFY
1733749767s906:MAC rxDone
1733749767s909:RXSLOT
1733749767s909:value of rxport: 201
###### D/L FRAME:0026 | PORT:201 | DR:0 | SLOT:C_MC | RSSI:-16 | SNR:5
1733749767s909:#####################FRAGDECODER PROCESS

.... FRAG_DECODER in Progress ....
EXPECTED   : 052 Fragments (02028 Bytes)
RECEIVED   : 027 Fragments
             01053 Bytes
LOST       : 000 Fragments

1733749767s914:RX_C on freq 869525000 Hz at DR 0
1733749767s915:#############OPENED CONTINUOUS RX C WINDOW
1733749787s959:MAC rxNotify
1733749787s959:NOTIFY
1733749787s959:MAC rxDone
1733749787s962:RXSLOT
1733749787s962:value of rxport: 201
###### D/L FRAME:0027 | PORT:201 | DR:0 | SLOT:C_MC | RSSI:-18 | SNR:5
1733749787s962:#####################FRAGDECODER PROCESS

.... FRAG_DECODER in Progress ....
EXPECTED   : 052 Fragments (02028 Bytes)
RECEIVED   : 028 Fragments
             01092 Bytes
LOST       : 000 Fragments

1733749787s967:RX_C on freq 869525000 Hz at DR 0
1733749787s968:#############OPENED CONTINUOUS RX C WINDOW
1733749809s027:MAC rxNotify
1733749809s027:NOTIFY
1733749809s027:MAC rxDone
1733749809s030:RXSLOT
1733749809s030:value of rxport: 201
###### D/L FRAME:0028 | PORT:201 | DR:0 | SLOT:C_MC | RSSI:-17 | SNR:6
1733749809s030:#####################FRAGDECODER PROCESS

.... FRAG_DECODER in Progress ....
EXPECTED   : 052 Fragments (02028 Bytes)
RECEIVED   : 029 Fragments
             01131 Bytes
LOST       : 000 Fragments

1733749809s035:RX_C on freq 869525000 Hz at DR 0
1733749809s036:#############OPENED CONTINUOUS RX C WINDOW
1733749830s147:MAC rxNotify
1733749830s147:NOTIFY
1733749830s147:MAC rxDone
1733749830s151:RXSLOT
1733749830s151:value of rxport: 201
###### D/L FRAME:0029 | PORT:201 | DR:0 | SLOT:C_MC | RSSI:-16 | SNR:5
1733749830s151:#####################FRAGDECODER PROCESS

.... FRAG_DECODER in Progress ....
EXPECTED   : 052 Fragments (02028 Bytes)
RECEIVED   : 030 Fragments
             01170 Bytes
LOST       : 000 Fragments

1733749830s155:RX_C on freq 869525000 Hz at DR 0
1733749830s157:#############OPENED CONTINUOUS RX C WINDOW
1733749850s223:MAC rxNotify
1733749850s223:NOTIFY
1733749850s223:MAC rxDone
1733749850s226:RXSLOT
1733749850s226:value of rxport: 201
###### D/L FRAME:0030 | PORT:201 | DR:0 | SLOT:C_MC | RSSI:-16 | SNR:5
1733749850s226:#####################FRAGDECODER PROCESS

.... FRAG_DECODER in Progress ....
EXPECTED   : 052 Fragments (02028 Bytes)
RECEIVED   : 031 Fragments
             01209 Bytes
LOST       : 000 Fragments

1733749850s230:RX_C on freq 869525000 Hz at DR 0
1733749850s231:#############OPENED CONTINUOUS RX C WINDOW
1733749866s569:MAC rxNotify
1733749866s569:NOTIFY
1733749866s569:MAC rxDone
1733749866s571:RXSLOT
1733749866s574:RX_C on freq 869525000 Hz at DR 0
1733749866s576:#############OPENED CONTINUOUS RX C WINDOW
1733749871s285:MAC rxNotify
1733749871s285:NOTIFY
1733749871s285:MAC rxDone
1733749871s288:RXSLOT
1733749871s288:value of rxport: 201
###### D/L FRAME:0031 | PORT:201 | DR:0 | SLOT:C_MC | RSSI:-18 | SNR:5
1733749871s288:#####################FRAGDECODER PROCESS

.... FRAG_DECODER in Progress ....
EXPECTED   : 052 Fragments (02028 Bytes)
RECEIVED   : 032 Fragments
             01248 Bytes
LOST       : 000 Fragments

1733749871s293:RX_C on freq 869525000 Hz at DR 0
1733749871s294:#############OPENED CONTINUOUS RX C WINDOW
1733749892s348:MAC rxNotify
1733749892s348:NOTIFY
1733749892s348:MAC rxDone
1733749892s351:RXSLOT
1733749892s351:value of rxport: 201
###### D/L FRAME:0032 | PORT:201 | DR:0 | SLOT:C_MC | RSSI:-16 | SNR:5
1733749892s351:#####################FRAGDECODER PROCESS

.... FRAG_DECODER in Progress ....
EXPECTED   : 052 Fragments (02028 Bytes)
RECEIVED   : 033 Fragments
             01287 Bytes
LOST       : 000 Fragments

1733749892s355:RX_C on freq 869525000 Hz at DR 0
1733749892s356:#############OPENED CONTINUOUS RX C WINDOW
1733749912s464:MAC rxNotify
1733749912s464:NOTIFY
1733749912s464:MAC rxDone
1733749912s467:RXSLOT
1733749912s467:value of rxport: 201
###### D/L FRAME:0033 | PORT:201 | DR:0 | SLOT:C_MC | RSSI:-16 | SNR:5
1733749912s467:#####################FRAGDECODER PROCESS

.... FRAG_DECODER in Progress ....
EXPECTED   : 052 Fragments (02028 Bytes)
RECEIVED   : 034 Fragments
             01326 Bytes
LOST       : 000 Fragments

1733749912s472:RX_C on freq 869525000 Hz at DR 0
1733749912s473:#############OPENED CONTINUOUS RX C WINDOW
1733749933s562:MAC rxNotify
1733749933s562:NOTIFY
1733749933s562:MAC rxDone
1733749933s565:RXSLOT
1733749933s565:value of rxport: 201
###### D/L FRAME:0034 | PORT:201 | DR:0 | SLOT:C_MC | RSSI:-16 | SNR:6
1733749933s565:#####################FRAGDECODER PROCESS

.... FRAG_DECODER in Progress ....
EXPECTED   : 052 Fragments (02028 Bytes)
RECEIVED   : 035 Fragments
             01365 Bytes
LOST       : 000 Fragments

1733749933s570:RX_C on freq 869525000 Hz at DR 0
1733749933s571:#############OPENED CONTINUOUS RX C WINDOW
1733749953s614:MAC rxNotify
1733749953s615:NOTIFY
1733749953s615:MAC rxDone
1733749953s618:RXSLOT
1733749953s618:value of rxport: 201
###### D/L FRAME:0035 | PORT:201 | DR:0 | SLOT:C_MC | RSSI:-16 | SNR:5
1733749953s618:#####################FRAGDECODER PROCESS

.... FRAG_DECODER in Progress ....
EXPECTED   : 052 Fragments (02028 Bytes)
RECEIVED   : 036 Fragments
             01404 Bytes
LOST       : 000 Fragments

1733749953s623:RX_C on freq 869525000 Hz at DR 0
1733749953s624:#############OPENED CONTINUOUS RX C WINDOW
1733749974s681:MAC rxNotify
1733749974s681:NOTIFY
1733749974s681:MAC rxDone
1733749974s684:RXSLOT
1733749974s684:value of rxport: 201
###### D/L FRAME:0036 | PORT:201 | DR:0 | SLOT:C_MC | RSSI:-16 | SNR:5
1733749974s684:#####################FRAGDECODER PROCESS

.... FRAG_DECODER in Progress ....
EXPECTED   : 052 Fragments (02028 Bytes)
RECEIVED   : 037 Fragments
             01443 Bytes
LOST       : 000 Fragments

1733749974s687:RX_C on freq 869525000 Hz at DR 0
1733749974s689:#############OPENED CONTINUOUS RX C WINDOW
1733749995s768:MAC rxNotify
1733749995s768:NOTIFY
1733749995s768:MAC rxDone
1733749995s770:RXSLOT
1733749995s770:value of rxport: 201
###### D/L FRAME:0037 | PORT:201 | DR:0 | SLOT:C_MC | RSSI:-17 | SNR:6
1733749995s770:#####################FRAGDECODER PROCESS

.... FRAG_DECODER in Progress ....
EXPECTED   : 052 Fragments (02028 Bytes)
RECEIVED   : 038 Fragments
             01482 Bytes
LOST       : 000 Fragments

1733749995s775:RX_C on freq 869525000 Hz at DR 0
1733749995s776:#############OPENED CONTINUOUS RX C WINDOW
1733750015s895:MAC rxNotify
1733750015s895:NOTIFY
1733750015s895:MAC rxDone
1733750015s898:RXSLOT
1733750015s898:value of rxport: 201
###### D/L FRAME:0038 | PORT:201 | DR:0 | SLOT:C_MC | RSSI:-18 | SNR:5
1733750015s898:#####################FRAGDECODER PROCESS

.... FRAG_DECODER in Progress ....
EXPECTED   : 052 Fragments (02028 Bytes)
RECEIVED   : 039 Fragments
             01521 Bytes
LOST       : 000 Fragments

1733750015s903:RX_C on freq 869525000 Hz at DR 0
1733750015s904:#############OPENED CONTINUOUS RX C WINDOW
1733750036s971:MAC rxNotify
1733750036s971:NOTIFY
1733750036s971:MAC rxDone
1733750036s974:RXSLOT
1733750036s974:value of rxport: 201
###### D/L FRAME:0039 | PORT:201 | DR:0 | SLOT:C_MC | RSSI:-18 | SNR:5
1733750036s974:#####################FRAGDECODER PROCESS

.... FRAG_DECODER in Progress ....
EXPECTED   : 052 Fragments (02028 Bytes)
RECEIVED   : 040 Fragments
             01560 Bytes
LOST       : 000 Fragments

1733750036s978:RX_C on freq 869525000 Hz at DR 0
1733750036s979:#############OPENED CONTINUOUS RX C WINDOW
1733750058s024:MAC rxNotify
1733750058s024:NOTIFY
1733750058s024:MAC rxDone
1733750058s027:RXSLOT
1733750058s027:value of rxport: 201
###### D/L FRAME:0040 | PORT:201 | DR:0 | SLOT:C_MC | RSSI:-17 | SNR:5
1733750058s027:#####################FRAGDECODER PROCESS

.... FRAG_DECODER in Progress ....
EXPECTED   : 052 Fragments (02028 Bytes)
RECEIVED   : 041 Fragments
             01599 Bytes
LOST       : 000 Fragments

1733750058s032:RX_C on freq 869525000 Hz at DR 0
1733750058s033:#############OPENED CONTINUOUS RX C WINDOW
1733750078s090:MAC rxNotify
1733750078s090:NOTIFY
1733750078s090:MAC rxDone
1733750078s093:RXSLOT
1733750078s093:value of rxport: 201
###### D/L FRAME:0041 | PORT:201 | DR:0 | SLOT:C_MC | RSSI:-16 | SNR:5
1733750078s093:#####################FRAGDECODER PROCESS

.... FRAG_DECODER in Progress ....
EXPECTED   : 052 Fragments (02028 Bytes)
RECEIVED   : 042 Fragments
             01638 Bytes
LOST       : 000 Fragments

1733750078s098:RX_C on freq 869525000 Hz at DR 0
1733750078s099:#############OPENED CONTINUOUS RX C WINDOW
1733750099s176:MAC rxNotify
1733750099s176:NOTIFY
1733750099s176:MAC rxDone
1733750099s179:RXSLOT
1733750099s179:value of rxport: 201
###### D/L FRAME:0042 | PORT:201 | DR:0 | SLOT:C_MC | RSSI:-17 | SNR:6
1733750099s179:#####################FRAGDECODER PROCESS

.... FRAG_DECODER in Progress ....
EXPECTED   : 052 Fragments (02028 Bytes)
RECEIVED   : 043 Fragments
             01677 Bytes
LOST       : 000 Fragments

1733750099s184:RX_C on freq 869525000 Hz at DR 0
1733750099s185:#############OPENED CONTINUOUS RX C WINDOW
1733750119s270:MAC rxNotify
1733750119s270:NOTIFY
1733750119s270:MAC rxDone
1733750119s272:RXSLOT
1733750119s272:value of rxport: 201
###### D/L FRAME:0043 | PORT:201 | DR:0 | SLOT:C_MC | RSSI:-18 | SNR:6
1733750119s272:#####################FRAGDECODER PROCESS

.... FRAG_DECODER in Progress ....
EXPECTED   : 052 Fragments (02028 Bytes)
RECEIVED   : 044 Fragments
             01716 Bytes
LOST       : 000 Fragments

1733750119s277:RX_C on freq 869525000 Hz at DR 0
1733750119s278:#############OPENED CONTINUOUS RX C WINDOW
1733750135s919:MAC rxNotify
1733750135s919:NOTIFY
1733750135s919:MAC rxDone
1733750135s921:RXSLOT
1733750135s924:RX_C on freq 869525000 Hz at DR 0
1733750135s926:#############OPENED CONTINUOUS RX C WINDOW
1733750140s329:MAC rxNotify
1733750140s329:NOTIFY
1733750140s329:MAC rxDone
1733750140s332:RXSLOT
1733750140s332:value of rxport: 201
###### D/L FRAME:0044 | PORT:201 | DR:0 | SLOT:C_MC | RSSI:-17 | SNR:6
1733750140s332:#####################FRAGDECODER PROCESS

.... FRAG_DECODER in Progress ....
EXPECTED   : 052 Fragments (02028 Bytes)
RECEIVED   : 045 Fragments
             01755 Bytes
LOST       : 000 Fragments

1733750140s337:RX_C on freq 869525000 Hz at DR 0
1733750140s338:#############OPENED CONTINUOUS RX C WINDOW
1733750161s388:MAC rxNotify
1733750161s389:NOTIFY
1733750161s389:MAC rxDone
1733750161s392:RXSLOT
1733750161s392:value of rxport: 201
###### D/L FRAME:0045 | PORT:201 | DR:0 | SLOT:C_MC | RSSI:-17 | SNR:6
1733750161s392:#####################FRAGDECODER PROCESS

.... FRAG_DECODER in Progress ....
EXPECTED   : 052 Fragments (02028 Bytes)
RECEIVED   : 046 Fragments
             01794 Bytes
LOST       : 000 Fragments

1733750161s396:RX_C on freq 869525000 Hz at DR 0
1733750161s397:#############OPENED CONTINUOUS RX C WINDOW
1733750181s488:MAC rxNotify
1733750181s488:NOTIFY
1733750181s488:MAC rxDone
1733750181s492:RXSLOT
1733750181s492:value of rxport: 201
###### D/L FRAME:0046 | PORT:201 | DR:0 | SLOT:C_MC | RSSI:-17 | SNR:6
1733750181s492:#####################FRAGDECODER PROCESS

.... FRAG_DECODER in Progress ....
EXPECTED   : 052 Fragments (02028 Bytes)
RECEIVED   : 047 Fragments
             01833 Bytes
LOST       : 000 Fragments

1733750181s497:RX_C on freq 869525000 Hz at DR 0
1733750181s498:#############OPENED CONTINUOUS RX C WINDOW
1733750202s588:MAC rxNotify
1733750202s588:NOTIFY
1733750202s588:MAC rxDone
1733750202s591:RXSLOT
1733750202s591:value of rxport: 201
###### D/L FRAME:0047 | PORT:201 | DR:0 | SLOT:C_MC | RSSI:-17 | SNR:5
1733750202s591:#####################FRAGDECODER PROCESS

.... FRAG_DECODER in Progress ....
EXPECTED   : 052 Fragments (02028 Bytes)
RECEIVED   : 048 Fragments
             01872 Bytes
LOST       : 000 Fragments

1733750202s596:RX_C on freq 869525000 Hz at DR 0
1733750202s597:#############OPENED CONTINUOUS RX C WINDOW
1733750223s650:MAC rxNotify
1733750223s650:NOTIFY
1733750223s650:MAC rxDone
1733750223s653:RXSLOT
1733750223s653:value of rxport: 201
###### D/L FRAME:0048 | PORT:201 | DR:0 | SLOT:C_MC | RSSI:-17 | SNR:5
1733750223s653:#####################FRAGDECODER PROCESS

.... FRAG_DECODER in Progress ....
EXPECTED   : 052 Fragments (02028 Bytes)
RECEIVED   : 049 Fragments
             01911 Bytes
LOST       : 000 Fragments

1733750223s658:RX_C on freq 869525000 Hz at DR 0
1733750223s659:#############OPENED CONTINUOUS RX C WINDOW
1733750243s706:MAC rxNotify
1733750243s706:NOTIFY
1733750243s706:MAC rxDone
1733750243s709:RXSLOT
1733750243s709:value of rxport: 201
###### D/L FRAME:0049 | PORT:201 | DR:0 | SLOT:C_MC | RSSI:-17 | SNR:5
1733750243s709:#####################FRAGDECODER PROCESS

.... FRAG_DECODER in Progress ....
EXPECTED   : 052 Fragments (02028 Bytes)
RECEIVED   : 050 Fragments
             01950 Bytes
LOST       : 000 Fragments

1733750243s714:RX_C on freq 869525000 Hz at DR 0
1733750243s715:#############OPENED CONTINUOUS RX C WINDOW
1733750264s778:MAC rxNotify
1733750264s778:NOTIFY
1733750264s778:MAC rxDone
1733750264s781:RXSLOT
1733750264s781:value of rxport: 201
###### D/L FRAME:0050 | PORT:201 | DR:0 | SLOT:C_MC | RSSI:-19 | SNR:5
1733750264s781:#####################FRAGDECODER PROCESS

.... FRAG_DECODER in Progress ....
EXPECTED   : 052 Fragments (02028 Bytes)
RECEIVED   : 051 Fragments
             01989 Bytes
LOST       : 000 Fragments

1733750264s785:RX_C on freq 869525000 Hz at DR 0
1733750264s787:#############OPENED CONTINUOUS RX C WINDOW
1733750285s879:MAC rxNotify
1733750285s879:NOTIFY
1733750285s879:MAC rxDone
1733750285s882:RXSLOT
1733750285s882:value of rxport: 201
###### D/L FRAME:0051 | PORT:201 | DR:0 | SLOT:C_MC | RSSI:-18 | SNR:5
1733750285s882:#####################FRAGDECODER PROCESS

.... FRAG_DECODER in Progress ....
EXPECTED   : 052 Fragments (02028 Bytes)
RECEIVED   : 052 Fragments
             02028 Bytes
LOST       : 000 Fragments


.... FRAG_DECODER Finished ....
STATUS     : 0
1733750285s883:ALL FRAGMENTS RECEIVED

= [SBOOT] System Security Check successfully passed. Starting...


======================================================================
=              (C) COPYRIGHT 2017 STMicroelectronics                 =
=                                                                    =
=              Secure Boot and Secure Firmware Update                =
======================================================================


= [SBOOT] SECURE ENGINE INITIALIZATION SUCCESSFUL
= [SBOOT] STATE: CHECK STATUS ON RESET
	  INFO: A Reboot has been triggered by a Software reset!
= [SBOOT] STATE: CHECK NEW FIRMWARE TO DOWNLOAD
= [SBOOT] STATE: CHECK KMS BLOB TO INSTALL
= [SBOOT] STATE: CHECK USER FW STATUS
	  A FW is detected in the slot SLOT_ACTIVE_1
= [SBOOT] STATE: VERIFY USER FW SIGNATURE
= [SBOOT] STATE: EXECUTE USER FIRMWAREAPPLICATION_VERSION: V1.3.0
MW_LORAWAN_VERSION:  V2.5.0
MW_RADIO_VERSION:    V1.3.0
L2_SPEC_VERSION:     V1.0.4
RP_SPEC_VERSION:     V2-1.0.1
###### AppKey:      2B:7E:15:16:28:AE:D2:A6:AB:F7:15:88:09:CF:4F:3C
###### NwkKey:      2B:7E:15:16:28:AE:D2:A6:AB:F7:15:88:09:CF:4F:3C
###### AppSKey:     2C:CC:56:85:33:FD:AB:19:C3:1B:93:C3:0F:D5:9B:57
###### NwkSKey:     E9:E7:69:CD:1A:FA:0B:AB:20:20:6D:1D:EE:A1:FE:10
###### DevEUI:      00:80:E1:15:05:AB:CF:19
###### AppEUI:      01:01:01:01:01:01:01:01
###### DevAddr:     05:AB:CF:19
###### KMS ENABLED