
= [SBOOT] System Security Check successfully passed. Starting...


======================================================================
=              (C) COPYRIGHT 2017 STMicroelectronics                 =
=                                                                    =
=              Secure Boot and Secure Firmware Update                =
======================================================================


= [SBOOT] SECURE ENGINE INITIALIZATION SUCCESSFUL
= [SBOOT] STATE: CHECK STATUS ON RESET
	  INFO: A Reboot has been triggered by a Hardware reset!
= [SBOOT] STATE: CHECK NEW FIRMWARE TO DOWNLOAD
= [SBOOT] STATE: CHECK KMS BLOB TO INSTALL
= [SBOOT] STATE: CHECK USER FW STATUS
	  A FW is detected in the slot SLOT_ACTIVE_1
= [SBOOT] STATE: VERIFY USER FW SIGNATURE
= [SBOOT] STATE: EXECUTE USER FIRMWAREAPPLICATION_VERSION: V1.3.0
MW_LORAWAN_VERSION:  V2.5.0
MW_RADIO_VERSION:    V1.3.0
L2_SPEC_VERSION:     V1.0.4
RP_SPEC_VERSION:     V2-1.0.1
###### AppKey:      2B:7E:15:16:28:AE:D2:A6:AB:F7:15:88:09:CF:4F:3C
###### NwkKey:      2B:7E:15:16:28:AE:D2:A6:AB:F7:15:88:09:CF:4F:3C
###### AppSKey:     B7:51:64:B5:AF:43:34:A5:3A:E1:56:12:B5:48:64:76
###### NwkSKey:     55:54:65:44:3E:F3:39:49:EB:F3:97:A5:69:BF:17:27
###### DevEUI:      00:80:E1:15:05:AB:CD:7C
###### AppEUI:      01:01:01:01:01:01:01:01
###### DevAddr:     05:AB:CD:7C
###### KMS ENABLED
###### = JOINED = OTAA =====================
[31mNetwork joined, choose app to execute:
BTN1: TxTimer send uplink every 10 sec
BTN2: Airtime test
[0m
###### U/L FRAME:JOIN | DR:2 | PWR:1
###### MCRootKey:   7D:F7:6B:0C:1A:B8:99:B3:3E:42:F0:47:B9:1B:54:6F
###### MCKEKey:     8C:B8:66:5E:0C:0E:0B:64:5B:2E:D9:E4:8A:19:27:7C
###### AppSKey:     69:29:07:0C:6C:9F:15:BE:2F:1F:DB:94:66:D6:C7:10
###### NwkSKey:     05:68:C1:96:82:55:43:D1:36:68:C8:88:1D:25:5F:10
###### DBIntKey:    7A:C4:7C:65:FE:25:9B:B6:54:BD:26:35:19:F8:9C:8E
###### DevEUI:      00:80:E1:15:05:AB:CD:7C
###### AppEUI:      01:01:01:01:01:01:01:01
###### DevAddr:     01:44:20:05
###### ========== MCPS-Confirm =============
###### U/L FRAME:0001 | PORT:24 | DR:2 | PWR:1 | MSG TYPE:UNCONFIRMED
1731772782s139:value of rxport: 0
###### D/L FRAME:0000 | PORT:0 | DR:2 | SLOT:1 | RSSI:-21 | SNR:9
1731772840s470:Airtime test started: 0
1731772840s470:MAC Tx start packet size: 21
1731772840s473:TX on freq 868500000 Hz at DR 2
1731772840s473:RADIO SEND WITH size 21
1731772840s475:SEND REQUEST
1731772840s847:NOTIFY
1731772840s847:MAC txDone
1731772841s842:RX_1 on freq 868500000 Hz at DR 2
1731772841s909:IRQ_RX_TX_TIMEOUT
1731772841s909:NOTIFY
1731772841s909:MAC rxTimeOut
1731772842s879:RX_2 on freq 869525000 Hz at DR 0
1731772843s077:IRQ_RX_TX_TIMEOUT
1731772843s077:NOTIFY
1731772843s077:MAC rxTimeOut

###### ========== MCPS-Confirm =============
###### U/L FRAME:0002 | PORT:24 | DR:2 | PWR:1 | MSG TYPE:UNCONFIRMED
1731772900s475:Airtime test started: 0
1731772900s475:MAC Tx start packet size: 18
1731772900s479:TX on freq 867900000 Hz at DR 2
1731772900s479:RADIO SEND WITH size 18
1731772900s481:SEND REQUEST
1731772900s811:NOTIFY
1731772900s811:MAC txDone
1731772901s805:RX_1 on freq 867900000 Hz at DR 2
1731772901s873:IRQ_RX_TX_TIMEOUT
1731772901s873:NOTIFY
1731772901s873:MAC rxTimeOut
1731772902s843:RX_2 on freq 869525000 Hz at DR 0
1731772903s041:IRQ_RX_TX_TIMEOUT
1731772903s041:NOTIFY
1731772903s041:MAC rxTimeOut

###### ========== MCPS-Confirm =============
###### U/L FRAME:0003 | PORT:24 | DR:2 | PWR:1 | MSG TYPE:UNCONFIRMED
1731772960s481:Airtime test started: 0
1731772960s481:MAC Tx start packet size: 18
1731772960s485:TX on freq 868100000 Hz at DR 2
1731772960s485:RADIO SEND WITH size 18
1731772960s487:SEND REQUEST
1731772960s817:NOTIFY
1731772960s817:MAC txDone
1731772961s811:RX_1 on freq 868100000 Hz at DR 2
1731772961s879:IRQ_RX_TX_TIMEOUT
1731772961s879:NOTIFY
1731772961s879:MAC rxTimeOut
1731772962s848:RX_2 on freq 869525000 Hz at DR 0
1731772963s047:IRQ_RX_TX_TIMEOUT
1731772963s047:NOTIFY
1731772963s047:MAC rxTimeOut

###### ========== MCPS-Confirm =============
###### U/L FRAME:0004 | PORT:24 | DR:2 | PWR:1 | MSG TYPE:UNCONFIRMED
1731773020s487:Airtime test started: 0
1731773020s487:MAC Tx start packet size: 18
1731773020s491:TX on freq 867300000 Hz at DR 2
1731773020s491:RADIO SEND WITH size 18
1731773020s493:SEND REQUEST
1731773020s823:NOTIFY
1731773020s823:MAC txDone
1731773021s817:RX_1 on freq 867300000 Hz at DR 2
1731773021s885:IRQ_RX_TX_TIMEOUT
1731773021s885:NOTIFY
1731773021s885:MAC rxTimeOut
1731773022s854:RX_2 on freq 869525000 Hz at DR 0
1731773023s053:IRQ_RX_TX_TIMEOUT
1731773023s053:NOTIFY
1731773023s053:MAC rxTimeOut

###### ========== MCPS-Confirm =============
###### U/L FRAME:0005 | PORT:24 | DR:2 | PWR:1 | MSG TYPE:UNCONFIRMED
1731773080s493:Airtime test started: 0
1731773080s493:MAC Tx start packet size: 18
1731773080s497:TX on freq 867700000 Hz at DR 2
1731773080s497:RADIO SEND WITH size 18
1731773080s499:SEND REQUEST
1731773080s829:NOTIFY
1731773080s829:MAC txDone
1731773081s823:RX_1 on freq 867700000 Hz at DR 2
1731773081s890:IRQ_RX_TX_TIMEOUT
1731773081s890:NOTIFY
1731773081s890:MAC rxTimeOut
1731773082s860:RX_2 on freq 869525000 Hz at DR 0
1731773083s058:IRQ_RX_TX_TIMEOUT
1731773083s058:NOTIFY
1731773083s058:MAC rxTimeOut

###### ========== MCPS-Confirm =============
###### U/L FRAME:0006 | PORT:24 | DR:2 | PWR:1 | MSG TYPE:UNCONFIRMED
1731773140s499:Airtime test started: 0
1731773140s499:MAC Tx start packet size: 18
1731773140s503:TX on freq 867100000 Hz at DR 2
1731773140s503:RADIO SEND WITH size 18
1731773140s505:SEND REQUEST
1731773140s835:NOTIFY
1731773140s835:MAC txDone
1731773141s829:RX_1 on freq 867100000 Hz at DR 2
1731773141s896:IRQ_RX_TX_TIMEOUT
1731773141s896:NOTIFY
1731773141s896:MAC rxTimeOut
1731773142s866:RX_2 on freq 869525000 Hz at DR 0
1731773143s064:IRQ_RX_TX_TIMEOUT
1731773143s064:NOTIFY
1731773143s064:MAC rxTimeOut

###### ========== MCPS-Confirm =============
###### U/L FRAME:0007 | PORT:24 | DR:2 | PWR:1 | MSG TYPE:UNCONFIRMED
1731773200s505:Airtime test started: 0
1731773200s505:MAC Tx start packet size: 18
1731773200s509:TX on freq 867300000 Hz at DR 2
1731773200s509:RADIO SEND WITH size 18
1731773200s511:SEND REQUEST
1731773200s841:NOTIFY
1731773200s841:MAC txDone
1731773201s835:RX_1 on freq 867300000 Hz at DR 2
1731773201s902:IRQ_RX_TX_TIMEOUT
1731773201s902:NOTIFY
1731773201s902:MAC rxTimeOut
1731773202s872:RX_2 on freq 869525000 Hz at DR 0
1731773203s070:IRQ_RX_TX_TIMEOUT
1731773203s070:NOTIFY
1731773203s070:MAC rxTimeOut

###### ========== MCPS-Confirm =============
###### U/L FRAME:0008 | PORT:24 | DR:2 | PWR:1 | MSG TYPE:UNCONFIRMED
1731773260s511:Airtime test started: 0
1731773260s511:MAC Tx start packet size: 18
1731773260s514:TX on freq 868300000 Hz at DR 2
1731773260s514:RADIO SEND WITH size 18
1731773260s516:SEND REQUEST
1731773260s847:NOTIFY
1731773260s847:MAC txDone
1731773261s842:RX_1 on freq 868300000 Hz at DR 2
1731773261s909:IRQ_RX_TX_TIMEOUT
1731773261s909:NOTIFY
1731773261s909:MAC rxTimeOut
1731773262s879:RX_2 on freq 869525000 Hz at DR 0
1731773263s077:IRQ_RX_TX_TIMEOUT
1731773263s077:NOTIFY
1731773263s077:MAC rxTimeOut

###### ========== MCPS-Confirm =============
###### U/L FRAME:0009 | PORT:24 | DR:2 | PWR:1 | MSG TYPE:UNCONFIRMED
1731773320s516:Airtime test started: 0
1731773320s516:MAC Tx start packet size: 18
1731773320s520:TX on freq 868500000 Hz at DR 2
1731773320s520:RADIO SEND WITH size 18
1731773320s522:SEND REQUEST
1731773320s852:NOTIFY
1731773320s852:MAC txDone
1731773321s847:RX_1 on freq 868500000 Hz at DR 2
1731773321s914:IRQ_RX_TX_TIMEOUT
1731773321s914:NOTIFY
1731773321s914:MAC rxTimeOut
1731773322s884:RX_2 on freq 869525000 Hz at DR 0
1731773323s082:IRQ_RX_TX_TIMEOUT
1731773323s082:NOTIFY
1731773323s082:MAC rxTimeOut

###### ========== MCPS-Confirm =============
###### U/L FRAME:0010 | PORT:24 | DR:2 | PWR:1 | MSG TYPE:UNCONFIRMED
1731773380s522:Airtime test started: 0
1731773380s522:MAC Tx start packet size: 18
1731773380s526:TX on freq 867700000 Hz at DR 2
1731773380s526:RADIO SEND WITH size 18
1731773380s528:SEND REQUEST
1731773380s858:NOTIFY
1731773380s858:MAC txDone
1731773381s852:RX_1 on freq 867700000 Hz at DR 2
1731773381s920:IRQ_RX_TX_TIMEOUT
1731773381s920:NOTIFY
1731773381s920:MAC rxTimeOut
1731773382s889:RX_2 on freq 869525000 Hz at DR 0
1731773383s088:IRQ_RX_TX_TIMEOUT
1731773383s088:NOTIFY
1731773383s088:MAC rxTimeOut

###### ========== MCPS-Confirm =============
###### U/L FRAME:0011 | PORT:24 | DR:2 | PWR:1 | MSG TYPE:UNCONFIRMED
1731773440s528:Airtime test started: 0
1731773440s528:MAC Tx start packet size: 18
1731773440s532:TX on freq 868100000 Hz at DR 2
1731773440s532:RADIO SEND WITH size 18
1731773440s534:SEND REQUEST
1731773440s864:NOTIFY
1731773440s864:MAC txDone
1731773441s858:RX_1 on freq 868100000 Hz at DR 2
1731773441s926:IRQ_RX_TX_TIMEOUT
1731773441s926:NOTIFY
1731773441s926:MAC rxTimeOut
1731773442s895:RX_2 on freq 869525000 Hz at DR 0
1731773443s094:IRQ_RX_TX_TIMEOUT
1731773443s094:NOTIFY
1731773443s094:MAC rxTimeOut

###### ========== MCPS-Confirm =============
###### U/L FRAME:0012 | PORT:24 | DR:2 | PWR:1 | MSG TYPE:UNCONFIRMED
1731773500s534:Airtime test started: 0
1731773500s534:MAC Tx start packet size: 18
1731773500s538:TX on freq 867300000 Hz at DR 2
1731773500s538:RADIO SEND WITH size 18
1731773500s540:SEND REQUEST
1731773500s870:NOTIFY
1731773500s870:MAC txDone
1731773501s864:RX_1 on freq 867300000 Hz at DR 2
1731773501s931:IRQ_RX_TX_TIMEOUT
1731773501s931:NOTIFY
1731773501s931:MAC rxTimeOut
1731773502s901:RX_2 on freq 869525000 Hz at DR 0
1731773503s099:IRQ_RX_TX_TIMEOUT
1731773503s099:NOTIFY
1731773503s099:MAC rxTimeOut

###### ========== MCPS-Confirm =============
###### U/L FRAME:0013 | PORT:24 | DR:2 | PWR:1 | MSG TYPE:UNCONFIRMED
1731773560s540:Airtime test started: 0
1731773560s540:MAC Tx start packet size: 18
1731773560s544:TX on freq 867700000 Hz at DR 2
1731773560s544:RADIO SEND WITH size 18
1731773560s546:SEND REQUEST
1731773560s876:NOTIFY
1731773560s876:MAC txDone
1731773561s870:RX_1 on freq 867700000 Hz at DR 2
1731773561s937:IRQ_RX_TX_TIMEOUT
1731773561s937:NOTIFY
1731773561s937:MAC rxTimeOut
1731773562s907:RX_2 on freq 869525000 Hz at DR 0
1731773563s105:IRQ_RX_TX_TIMEOUT
1731773563s105:NOTIFY
1731773563s105:MAC rxTimeOut

###### ========== MCPS-Confirm =============
###### U/L FRAME:0014 | PORT:24 | DR:2 | PWR:1 | MSG TYPE:UNCONFIRMED
1731773620s546:Airtime test started: 0
1731773620s546:MAC Tx start packet size: 18
1731773620s550:TX on freq 867100000 Hz at DR 2
1731773620s550:RADIO SEND WITH size 18
1731773620s552:SEND REQUEST
1731773620s882:NOTIFY
1731773620s882:MAC txDone
1731773621s876:RX_1 on freq 867100000 Hz at DR 2
1731773621s943:IRQ_RX_TX_TIMEOUT
1731773621s943:NOTIFY
1731773621s943:MAC rxTimeOut
1731773622s913:RX_2 on freq 869525000 Hz at DR 0
1731773623s111:IRQ_RX_TX_TIMEOUT
1731773623s111:NOTIFY
1731773623s111:MAC rxTimeOut

###### ========== MCPS-Confirm =============
###### U/L FRAME:0015 | PORT:24 | DR:2 | PWR:1 | MSG TYPE:UNCONFIRMED
1731773680s552:Airtime test started: 0
1731773680s552:MAC Tx start packet size: 18
1731773680s555:TX on freq 867100000 Hz at DR 2
1731773680s555:RADIO SEND WITH size 18
1731773680s557:SEND REQUEST
1731773680s888:NOTIFY
1731773680s888:MAC txDone
1731773681s883:RX_1 on freq 867100000 Hz at DR 2
1731773681s950:IRQ_RX_TX_TIMEOUT
1731773681s950:NOTIFY
1731773681s950:MAC rxTimeOut
1731773682s920:RX_2 on freq 869525000 Hz at DR 0
1731773683s118:IRQ_RX_TX_TIMEOUT
1731773683s118:NOTIFY
1731773683s118:MAC rxTimeOut

###### ========== MCPS-Confirm =============
###### U/L FRAME:0016 | PORT:24 | DR:2 | PWR:1 | MSG TYPE:UNCONFIRMED
1731773740s557:Airtime test started: 0
1731773740s557:MAC Tx start packet size: 18
1731773740s561:TX on freq 868300000 Hz at DR 2
1731773740s561:RADIO SEND WITH size 18
1731773740s563:SEND REQUEST
1731773740s893:NOTIFY
1731773740s893:MAC txDone
1731773741s888:RX_1 on freq 868300000 Hz at DR 2
1731773741s955:IRQ_RX_TX_TIMEOUT
1731773741s955:NOTIFY
1731773741s955:MAC rxTimeOut
1731773742s925:RX_2 on freq 869525000 Hz at DR 0
1731773743s123:IRQ_RX_TX_TIMEOUT
1731773743s123:NOTIFY
1731773743s123:MAC rxTimeOut

###### ========== MCPS-Confirm =============
###### U/L FRAME:0017 | PORT:24 | DR:2 | PWR:1 | MSG TYPE:UNCONFIRMED
1731773800s563:Airtime test started: 0
1731773800s563:MAC Tx start packet size: 18
1731773800s567:TX on freq 868300000 Hz at DR 2
1731773800s567:RADIO SEND WITH size 18
1731773800s569:SEND REQUEST
1731773800s899:NOTIFY
1731773800s899:MAC txDone
1731773801s893:RX_1 on freq 868300000 Hz at DR 2
1731773801s961:IRQ_RX_TX_TIMEOUT
1731773801s961:NOTIFY
1731773801s961:MAC rxTimeOut
1731773802s930:RX_2 on freq 869525000 Hz at DR 0
1731773803s129:IRQ_RX_TX_TIMEOUT
1731773803s129:NOTIFY
1731773803s129:MAC rxTimeOut

###### ========== MCPS-Confirm =============
###### U/L FRAME:0018 | PORT:24 | DR:2 | PWR:1 | MSG TYPE:UNCONFIRMED
1731773860s569:Airtime test started: 0
1731773860s569:MAC Tx start packet size: 18
1731773860s573:TX on freq 867700000 Hz at DR 2
1731773860s573:RADIO SEND WITH size 18
1731773860s575:SEND REQUEST
1731773860s905:NOTIFY
1731773860s905:MAC txDone
1731773861s899:RX_1 on freq 867700000 Hz at DR 2
1731773861s967:IRQ_RX_TX_TIMEOUT
1731773861s967:NOTIFY
1731773861s967:MAC rxTimeOut
1731773862s936:RX_2 on freq 869525000 Hz at DR 0
1731773863s135:IRQ_RX_TX_TIMEOUT
1731773863s135:NOTIFY
1731773863s135:MAC rxTimeOut

###### ========== MCPS-Confirm =============
###### U/L FRAME:0019 | PORT:24 | DR:2 | PWR:1 | MSG TYPE:UNCONFIRMED
1731773920s575:Airtime test started: 0
1731773920s575:MAC Tx start packet size: 18
1731773920s579:TX on freq 867900000 Hz at DR 2
1731773920s579:RADIO SEND WITH size 18
1731773920s581:SEND REQUEST
1731773920s911:NOTIFY
1731773920s911:MAC txDone
1731773921s905:RX_1 on freq 867900000 Hz at DR 2
1731773921s972:IRQ_RX_TX_TIMEOUT
1731773921s972:NOTIFY
1731773921s972:MAC rxTimeOut
1731773922s942:RX_2 on freq 869525000 Hz at DR 0
1731773923s140:IRQ_RX_TX_TIMEOUT
1731773923s140:NOTIFY
1731773923s140:MAC rxTimeOut

###### ========== MCPS-Confirm =============
###### U/L FRAME:0020 | PORT:24 | DR:2 | PWR:1 | MSG TYPE:UNCONFIRMED
1731773980s581:Airtime test started: 0
1731773980s581:MAC Tx start packet size: 18
1731773980s585:TX on freq 867300000 Hz at DR 2
1731773980s585:RADIO SEND WITH size 18
1731773980s587:SEND REQUEST
1731773980s917:NOTIFY
1731773980s917:MAC txDone
1731773981s911:RX_1 on freq 867300000 Hz at DR 2
1731773981s978:IRQ_RX_TX_TIMEOUT
1731773981s978:NOTIFY
1731773981s978:MAC rxTimeOut
1731773982s948:RX_2 on freq 869525000 Hz at DR 0
1731773983s146:IRQ_RX_TX_TIMEOUT
1731773983s146:NOTIFY
1731773983s146:MAC rxTimeOut

###### ========== MCPS-Confirm =============
###### U/L FRAME:0021 | PORT:24 | DR:2 | PWR:1 | MSG TYPE:UNCONFIRMED
1731774040s587:Airtime test started: 0
1731774040s587:MAC Tx start packet size: 18
1731774040s591:TX on freq 867500000 Hz at DR 2
1731774040s591:RADIO SEND WITH size 18
1731774040s593:SEND REQUEST
1731774040s923:NOTIFY
1731774040s923:MAC txDone
1731774041s917:RX_1 on freq 867500000 Hz at DR 2
1731774041s984:IRQ_RX_TX_TIMEOUT
1731774041s984:NOTIFY
1731774041s984:MAC rxTimeOut
1731774042s954:RX_2 on freq 869525000 Hz at DR 0
1731774043s152:IRQ_RX_TX_TIMEOUT
1731774043s152:NOTIFY
1731774043s152:MAC rxTimeOut

###### ========== MCPS-Confirm =============
###### U/L FRAME:0022 | PORT:24 | DR:2 | PWR:1 | MSG TYPE:UNCONFIRMED
1731774100s593:Airtime test started: 0
1731774100s593:MAC Tx start packet size: 18
1731774100s597:TX on freq 868500000 Hz at DR 2
1731774100s597:RADIO SEND WITH size 18
1731774100s598:SEND REQUEST
1731774100s929:NOTIFY
1731774100s929:MAC txDone
1731774101s924:RX_1 on freq 868500000 Hz at DR 2
1731774101s991:IRQ_RX_TX_TIMEOUT
1731774101s991:NOTIFY
1731774101s991:MAC rxTimeOut
1731774102s961:RX_2 on freq 869525000 Hz at DR 0
1731774103s159:IRQ_RX_TX_TIMEOUT
1731774103s159:NOTIFY
1731774103s159:MAC rxTimeOut

###### ========== MCPS-Confirm =============
###### U/L FRAME:0023 | PORT:24 | DR:2 | PWR:1 | MSG TYPE:UNCONFIRMED
1731774160s598:Airtime test started: 0
1731774160s598:MAC Tx start packet size: 18
1731774160s602:TX on freq 867100000 Hz at DR 2
1731774160s602:RADIO SEND WITH size 18
1731774160s604:SEND REQUEST
1731774160s934:NOTIFY
1731774160s934:MAC txDone
1731774161s929:RX_1 on freq 867100000 Hz at DR 2
1731774161s996:IRQ_RX_TX_TIMEOUT
1731774161s996:NOTIFY
1731774161s996:MAC rxTimeOut
1731774162s966:RX_2 on freq 869525000 Hz at DR 0
1731774163s164:IRQ_RX_TX_TIMEOUT
1731774163s164:NOTIFY
1731774163s164:MAC rxTimeOut

###### ========== MCPS-Confirm =============
###### U/L FRAME:0024 | PORT:24 | DR:2 | PWR:1 | MSG TYPE:UNCONFIRMED
1731774220s604:Airtime test started: 0
1731774220s604:MAC Tx start packet size: 18
1731774220s608:TX on freq 868100000 Hz at DR 2
1731774220s608:RADIO SEND WITH size 18
1731774220s610:SEND REQUEST
1731774220s940:NOTIFY
1731774220s940:MAC txDone
1731774221s934:RX_1 on freq 868100000 Hz at DR 2
1731774222s002:IRQ_RX_TX_TIMEOUT
1731774222s002:NOTIFY
1731774222s002:MAC rxTimeOut
1731774222s972:RX_2 on freq 869525000 Hz at DR 0
1731774223s170:IRQ_RX_TX_TIMEOUT
1731774223s170:NOTIFY
1731774223s170:MAC rxTimeOut

###### ========== MCPS-Confirm =============
###### U/L FRAME:0025 | PORT:24 | DR:2 | PWR:1 | MSG TYPE:UNCONFIRMED
1731774280s610:Airtime test started: 0
1731774280s610:MAC Tx start packet size: 18
1731774280s614:TX on freq 868300000 Hz at DR 2
1731774280s614:RADIO SEND WITH size 18
1731774280s616:SEND REQUEST
1731774280s946:NOTIFY
1731774280s946:MAC txDone
1731774281s940:RX_1 on freq 868300000 Hz at DR 2
1731774282s008:IRQ_RX_TX_TIMEOUT
1731774282s008:NOTIFY
1731774282s008:MAC rxTimeOut
1731774282s977:RX_2 on freq 869525000 Hz at DR 0
1731774283s176:IRQ_RX_TX_TIMEOUT
1731774283s176:NOTIFY
1731774283s176:MAC rxTimeOut

###### ========== MCPS-Confirm =============
###### U/L FRAME:0026 | PORT:24 | DR:2 | PWR:1 | MSG TYPE:UNCONFIRMED
1731774340s616:Airtime test started: 0
1731774340s616:MAC Tx start packet size: 18
1731774340s620:TX on freq 867700000 Hz at DR 2
1731774340s620:RADIO SEND WITH size 18
1731774340s622:SEND REQUEST
1731774340s952:NOTIFY
1731774340s952:MAC txDone
1731774341s946:RX_1 on freq 867700000 Hz at DR 2
1731774342s014:IRQ_RX_TX_TIMEOUT
1731774342s014:NOTIFY
1731774342s014:MAC rxTimeOut
1731774342s983:RX_2 on freq 869525000 Hz at DR 0
1731774343s181:IRQ_RX_TX_TIMEOUT
1731774343s181:NOTIFY
1731774343s181:MAC rxTimeOut

###### ========== MCPS-Confirm =============
###### U/L FRAME:0027 | PORT:24 | DR:2 | PWR:1 | MSG TYPE:UNCONFIRMED
1731774400s622:Airtime test started: 0
1731774400s622:MAC Tx start packet size: 18
1731774400s626:TX on freq 867900000 Hz at DR 2
1731774400s626:RADIO SEND WITH size 18
1731774400s628:SEND REQUEST
1731774400s958:NOTIFY
1731774400s958:MAC txDone
1731774401s952:RX_1 on freq 867900000 Hz at DR 2
1731774402s019:IRQ_RX_TX_TIMEOUT
1731774402s019:NOTIFY
1731774402s019:MAC rxTimeOut
1731774402s989:RX_2 on freq 869525000 Hz at DR 0
1731774403s187:IRQ_RX_TX_TIMEOUT
1731774403s187:NOTIFY
1731774403s187:MAC rxTimeOut

###### ========== MCPS-Confirm =============
###### U/L FRAME:0028 | PORT:24 | DR:2 | PWR:1 | MSG TYPE:UNCONFIRMED
1731774460s628:Airtime test started: 0
1731774460s628:MAC Tx start packet size: 18
1731774460s632:TX on freq 867300000 Hz at DR 2
1731774460s632:RADIO SEND WITH size 18
1731774460s634:SEND REQUEST
1731774460s964:NOTIFY
1731774460s964:MAC txDone
1731774461s958:RX_1 on freq 867300000 Hz at DR 2
1731774462s025:IRQ_RX_TX_TIMEOUT
1731774462s025:NOTIFY
1731774462s025:MAC rxTimeOut
1731774462s995:RX_2 on freq 869525000 Hz at DR 0
1731774463s193:IRQ_RX_TX_TIMEOUT
1731774463s193:NOTIFY
1731774463s193:MAC rxTimeOut

###### ========== MCPS-Confirm =============
###### U/L FRAME:0029 | PORT:24 | DR:2 | PWR:1 | MSG TYPE:UNCONFIRMED
1731774520s634:Airtime test started: 0
1731774520s634:MAC Tx start packet size: 18
1731774520s638:TX on freq 867700000 Hz at DR 2
1731774520s638:RADIO SEND WITH size 18
1731774520s639:SEND REQUEST
1731774520s970:NOTIFY
1731774520s970:MAC txDone
1731774521s964:RX_1 on freq 867700000 Hz at DR 2
1731774522s031:IRQ_RX_TX_TIMEOUT
1731774522s031:NOTIFY
1731774522s031:MAC rxTimeOut
1731774523s001:RX_2 on freq 869525000 Hz at DR 0
1731774523s199:IRQ_RX_TX_TIMEOUT
1731774523s199:NOTIFY
1731774523s199:MAC rxTimeOut

###### ========== MCPS-Confirm =============
###### U/L FRAME:0030 | PORT:24 | DR:2 | PWR:1 | MSG TYPE:UNCONFIRMED
1731774580s639:Airtime test started: 0
1731774580s639:MAC Tx start packet size: 18
1731774580s643:TX on freq 867100000 Hz at DR 2
1731774580s643:RADIO SEND WITH size 18
1731774580s645:SEND REQUEST
1731774580s975:NOTIFY
1731774580s975:MAC txDone
1731774581s970:RX_1 on freq 867100000 Hz at DR 2
1731774582s037:IRQ_RX_TX_TIMEOUT
1731774582s037:NOTIFY
1731774582s037:MAC rxTimeOut
1731774583s007:RX_2 on freq 869525000 Hz at DR 0
1731774583s205:IRQ_RX_TX_TIMEOUT
1731774583s205:NOTIFY
1731774583s205:MAC rxTimeOut

###### ========== MCPS-Confirm =============
###### U/L FRAME:0031 | PORT:24 | DR:2 | PWR:1 | MSG TYPE:UNCONFIRMED
1731774640s645:Airtime test started: 0
1731774640s645:MAC Tx start packet size: 18
1731774640s649:TX on freq 867300000 Hz at DR 2
1731774640s649:RADIO SEND WITH size 18
1731774640s651:SEND REQUEST
1731774640s981:NOTIFY
1731774640s981:MAC txDone
1731774641s975:RX_1 on freq 867300000 Hz at DR 2
1731774642s043:IRQ_RX_TX_TIMEOUT
1731774642s043:NOTIFY
1731774642s043:MAC rxTimeOut
1731774643s013:RX_2 on freq 869525000 Hz at DR 0
1731774643s211:IRQ_RX_TX_TIMEOUT
1731774643s211:NOTIFY
1731774643s211:MAC rxTimeOut

###### ========== MCPS-Confirm =============
###### U/L FRAME:0032 | PORT:24 | DR:2 | PWR:1 | MSG TYPE:UNCONFIRMED
1731774700s651:Airtime test started: 0
1731774700s651:MAC Tx start packet size: 18
1731774700s655:TX on freq 868300000 Hz at DR 2
1731774700s655:RADIO SEND WITH size 18
1731774700s657:SEND REQUEST
1731774700s987:NOTIFY
1731774700s987:MAC txDone
1731774701s981:RX_1 on freq 868300000 Hz at DR 2
1731774702s049:IRQ_RX_TX_TIMEOUT
1731774702s049:NOTIFY
1731774702s049:MAC rxTimeOut
1731774703s018:RX_2 on freq 869525000 Hz at DR 0
1731774703s217:IRQ_RX_TX_TIMEOUT
1731774703s217:NOTIFY
1731774703s217:MAC rxTimeOut

###### ========== MCPS-Confirm =============
###### U/L FRAME:0033 | PORT:24 | DR:2 | PWR:1 | MSG TYPE:UNCONFIRMED
1731774760s657:Airtime test started: 0
1731774760s657:MAC Tx start packet size: 18
1731774760s661:TX on freq 868300000 Hz at DR 2
1731774760s661:RADIO SEND WITH size 18
1731774760s663:SEND REQUEST
1731774760s993:NOTIFY
1731774760s993:MAC txDone
1731774761s987:RX_1 on freq 868300000 Hz at DR 2
1731774762s055:IRQ_RX_TX_TIMEOUT
1731774762s055:NOTIFY
1731774762s055:MAC rxTimeOut
1731774763s024:RX_2 on freq 869525000 Hz at DR 0
1731774763s222:IRQ_RX_TX_TIMEOUT
1731774763s222:NOTIFY
1731774763s222:MAC rxTimeOut

###### ========== MCPS-Confirm =============
###### U/L FRAME:0034 | PORT:24 | DR:2 | PWR:1 | MSG TYPE:UNCONFIRMED
1731774820s663:Airtime test started: 0
1731774820s663:MAC Tx start packet size: 18
1731774820s667:TX on freq 867700000 Hz at DR 2
1731774820s667:RADIO SEND WITH size 18
1731774820s669:SEND REQUEST
1731774820s999:NOTIFY
1731774820s999:MAC txDone
1731774821s993:RX_1 on freq 867700000 Hz at DR 2
1731774822s060:IRQ_RX_TX_TIMEOUT
1731774822s060:NOTIFY
1731774822s060:MAC rxTimeOut
1731774823s030:RX_2 on freq 869525000 Hz at DR 0
1731774823s228:IRQ_RX_TX_TIMEOUT
1731774823s228:NOTIFY
1731774823s228:MAC rxTimeOut

###### ========== MCPS-Confirm =============
###### U/L FRAME:0035 | PORT:24 | DR:2 | PWR:1 | MSG TYPE:UNCONFIRMED
1731774880s669:Airtime test started: 0
1731774880s669:MAC Tx start packet size: 18
1731774880s673:TX on freq 867900000 Hz at DR 2
1731774880s673:RADIO SEND WITH size 18
1731774880s675:SEND REQUEST
1731774881s005:NOTIFY
1731774881s005:MAC txDone
1731774881s999:RX_1 on freq 867900000 Hz at DR 2
1731774882s066:IRQ_RX_TX_TIMEOUT
1731774882s066:NOTIFY
1731774882s066:MAC rxTimeOut
1731774883s036:RX_2 on freq 869525000 Hz at DR 0
1731774883s234:IRQ_RX_TX_TIMEOUT
1731774883s234:NOTIFY
1731774883s234:MAC rxTimeOut

###### ========== MCPS-Confirm =============
###### U/L FRAME:0036 | PORT:24 | DR:2 | PWR:1 | MSG TYPE:UNCONFIRMED
1731774940s675:Airtime test started: 0
1731774940s675:MAC Tx start packet size: 18
1731774940s679:TX on freq 867300000 Hz at DR 2
1731774940s679:RADIO SEND WITH size 18
1731774940s680:SEND REQUEST
1731774941s011:NOTIFY
1731774941s011:MAC txDone
1731774942s005:RX_1 on freq 867300000 Hz at DR 2
1731774942s072:IRQ_RX_TX_TIMEOUT
1731774942s072:NOTIFY
1731774942s072:MAC rxTimeOut
1731774943s042:RX_2 on freq 869525000 Hz at DR 0
1731774943s240:IRQ_RX_TX_TIMEOUT
1731774943s240:NOTIFY
1731774943s240:MAC rxTimeOut

###### ========== MCPS-Confirm =============
###### U/L FRAME:0037 | PORT:24 | DR:2 | PWR:1 | MSG TYPE:UNCONFIRMED
1731775000s680:Airtime test started: 0
1731775000s680:MAC Tx start packet size: 18
1731775000s684:TX on freq 867700000 Hz at DR 2
1731775000s684:RADIO SEND WITH size 18
1731775000s686:SEND REQUEST
1731775001s016:NOTIFY
1731775001s016:MAC txDone
1731775002s011:RX_1 on freq 867700000 Hz at DR 2
1731775002s078:IRQ_RX_TX_TIMEOUT
1731775002s078:NOTIFY
1731775002s078:MAC rxTimeOut
1731775003s048:RX_2 on freq 869525000 Hz at DR 0
1731775003s246:IRQ_RX_TX_TIMEOUT
1731775003s246:NOTIFY
1731775003s246:MAC rxTimeOut

###### ========== MCPS-Confirm =============
###### U/L FRAME:0038 | PORT:24 | DR:2 | PWR:1 | MSG TYPE:UNCONFIRMED
1731775060s686:Airtime test started: 0
1731775060s686:MAC Tx start packet size: 18
1731775060s690:TX on freq 868500000 Hz at DR 2
1731775060s690:RADIO SEND WITH size 18
1731775060s692:SEND REQUEST
1731775061s022:NOTIFY
1731775061s022:MAC txDone
1731775062s016:RX_1 on freq 868500000 Hz at DR 2
1731775062s084:IRQ_RX_TX_TIMEOUT
1731775062s084:NOTIFY
1731775062s084:MAC rxTimeOut
1731775063s054:RX_2 on freq 869525000 Hz at DR 0
1731775063s252:IRQ_RX_TX_TIMEOUT
1731775063s252:NOTIFY
1731775063s252:MAC rxTimeOut

###### ========== MCPS-Confirm =============
###### U/L FRAME:0039 | PORT:24 | DR:2 | PWR:1 | MSG TYPE:UNCONFIRMED
1731775120s692:Airtime test started: 0
1731775120s692:MAC Tx start packet size: 18
1731775120s696:TX on freq 867100000 Hz at DR 2
1731775120s696:RADIO SEND WITH size 18
1731775120s698:SEND REQUEST
1731775121s028:NOTIFY
1731775121s028:MAC txDone
1731775122s022:RX_1 on freq 867100000 Hz at DR 2
1731775122s090:IRQ_RX_TX_TIMEOUT
1731775122s090:NOTIFY
1731775122s090:MAC rxTimeOut
1731775123s059:RX_2 on freq 869525000 Hz at DR 0
1731775123s258:IRQ_RX_TX_TIMEOUT
1731775123s258:NOTIFY
1731775123s258:MAC rxTimeOut

###### ========== MCPS-Confirm =============
###### U/L FRAME:0040 | PORT:24 | DR:2 | PWR:1 | MSG TYPE:UNCONFIRMED
1731775180s698:Airtime test started: 0
1731775180s698:MAC Tx start packet size: 18
1731775180s702:TX on freq 868100000 Hz at DR 2
1731775180s702:RADIO SEND WITH size 18
1731775180s704:SEND REQUEST
1731775181s034:NOTIFY
1731775181s034:MAC txDone
1731775182s028:RX_1 on freq 868100000 Hz at DR 2
1731775182s096:IRQ_RX_TX_TIMEOUT
1731775182s096:NOTIFY
1731775182s096:MAC rxTimeOut
1731775183s065:RX_2 on freq 869525000 Hz at DR 0
1731775183s264:IRQ_RX_TX_TIMEOUT
1731775183s264:NOTIFY
1731775183s264:MAC rxTimeOut

###### ========== MCPS-Confirm =============
###### U/L FRAME:0041 | PORT:24 | DR:2 | PWR:1 | MSG TYPE:UNCONFIRMED
1731775240s704:Airtime test started: 0
1731775240s704:MAC Tx start packet size: 18
1731775240s708:TX on freq 868500000 Hz at DR 2
1731775240s708:RADIO SEND WITH size 18
1731775240s710:SEND REQUEST
1731775241s040:NOTIFY
1731775241s040:MAC txDone
1731775242s034:RX_1 on freq 868500000 Hz at DR 2
1731775242s101:IRQ_RX_TX_TIMEOUT
1731775242s101:NOTIFY
1731775242s101:MAC rxTimeOut
1731775243s071:RX_2 on freq 869525000 Hz at DR 0
1731775243s269:IRQ_RX_TX_TIMEOUT
1731775243s269:NOTIFY
1731775243s269:MAC rxTimeOut

###### ========== MCPS-Confirm =============
###### U/L FRAME:0042 | PORT:24 | DR:2 | PWR:1 | MSG TYPE:UNCONFIRMED
1731775300s710:Airtime test started: 0
1731775300s710:MAC Tx start packet size: 18
1731775300s714:TX on freq 867700000 Hz at DR 2
1731775300s714:RADIO SEND WITH size 18
1731775300s716:SEND REQUEST
1731775301s046:NOTIFY
1731775301s046:MAC txDone
1731775302s040:RX_1 on freq 867700000 Hz at DR 2
1731775302s107:IRQ_RX_TX_TIMEOUT
1731775302s107:NOTIFY
1731775302s107:MAC rxTimeOut
1731775303s077:RX_2 on freq 869525000 Hz at DR 0
1731775303s275:IRQ_RX_TX_TIMEOUT
1731775303s275:NOTIFY
1731775303s275:MAC rxTimeOut

###### ========== MCPS-Confirm =============
###### U/L FRAME:0043 | PORT:24 | DR:2 | PWR:1 | MSG TYPE:UNCONFIRMED
1731775360s716:Airtime test started: 0
1731775360s716:MAC Tx start packet size: 18
1731775360s720:TX on freq 867900000 Hz at DR 2
1731775360s720:RADIO SEND WITH size 18
1731775360s722:SEND REQUEST
1731775361s052:NOTIFY
1731775361s052:MAC txDone
1731775362s046:RX_1 on freq 867900000 Hz at DR 2
1731775362s113:IRQ_RX_TX_TIMEOUT
1731775362s113:NOTIFY
1731775362s113:MAC rxTimeOut
1731775363s083:RX_2 on freq 869525000 Hz at DR 0
1731775363s281:IRQ_RX_TX_TIMEOUT
1731775363s281:NOTIFY
1731775363s281:MAC rxTimeOut

###### ========== MCPS-Confirm =============
###### U/L FRAME:0044 | PORT:24 | DR:2 | PWR:1 | MSG TYPE:UNCONFIRMED
1731775420s722:Airtime test started: 0
1731775420s722:MAC Tx start packet size: 18
1731775420s725:TX on freq 867300000 Hz at DR 2
1731775420s725:RADIO SEND WITH size 18
1731775420s727:SEND REQUEST
1731775421s057:NOTIFY
1731775421s057:MAC txDone
1731775422s052:RX_1 on freq 867300000 Hz at DR 2
1731775422s119:IRQ_RX_TX_TIMEOUT
1731775422s119:NOTIFY
1731775422s119:MAC rxTimeOut
1731775423s089:RX_2 on freq 869525000 Hz at DR 0
1731775423s287:IRQ_RX_TX_TIMEOUT
1731775423s287:NOTIFY
1731775423s287:MAC rxTimeOut

###### ========== MCPS-Confirm =============
###### U/L FRAME:0045 | PORT:24 | DR:2 | PWR:1 | MSG TYPE:UNCONFIRMED
1731775480s727:Airtime test started: 0
1731775480s727:MAC Tx start packet size: 18
1731775480s731:TX on freq 867700000 Hz at DR 2
1731775480s731:RADIO SEND WITH size 18
1731775480s733:SEND REQUEST
1731775481s063:NOTIFY
1731775481s063:MAC txDone
1731775482s057:RX_1 on freq 867700000 Hz at DR 2
1731775482s125:IRQ_RX_TX_TIMEOUT
1731775482s125:NOTIFY
1731775482s125:MAC rxTimeOut
1731775483s095:RX_2 on freq 869525000 Hz at DR 0
1731775483s293:IRQ_RX_TX_TIMEOUT
1731775483s293:NOTIFY
1731775483s293:MAC rxTimeOut

###### ========== MCPS-Confirm =============
###### U/L FRAME:0046 | PORT:24 | DR:2 | PWR:1 | MSG TYPE:UNCONFIRMED
1731775540s733:Airtime test started: 0
1731775540s733:MAC Tx start packet size: 18
1731775540s737:TX on freq 868500000 Hz at DR 2
1731775540s737:RADIO SEND WITH size 18
1731775540s739:SEND REQUEST
1731775541s069:NOTIFY
1731775541s069:MAC txDone
1731775542s063:RX_1 on freq 868500000 Hz at DR 2
1731775542s131:IRQ_RX_TX_TIMEOUT
1731775542s131:NOTIFY
1731775542s131:MAC rxTimeOut
1731775543s100:RX_2 on freq 869525000 Hz at DR 0
1731775543s299:IRQ_RX_TX_TIMEOUT
1731775543s299:NOTIFY
1731775543s299:MAC rxTimeOut

###### ========== MCPS-Confirm =============
###### U/L FRAME:0047 | PORT:24 | DR:2 | PWR:1 | MSG TYPE:UNCONFIRMED
1731775600s739:Airtime test started: 0
1731775600s739:MAC Tx start packet size: 18
1731775600s743:TX on freq 867300000 Hz at DR 2
1731775600s743:RADIO SEND WITH size 18
1731775600s745:SEND REQUEST
1731775601s075:NOTIFY
1731775601s075:MAC txDone
1731775602s069:RX_1 on freq 867300000 Hz at DR 2
1731775602s137:IRQ_RX_TX_TIMEOUT
1731775602s137:NOTIFY
1731775602s137:MAC rxTimeOut
1731775603s106:RX_2 on freq 869525000 Hz at DR 0
1731775603s305:IRQ_RX_TX_TIMEOUT
1731775603s305:NOTIFY
1731775603s305:MAC rxTimeOut

###### ========== MCPS-Confirm =============
###### U/L FRAME:0048 | PORT:24 | DR:2 | PWR:1 | MSG TYPE:UNCONFIRMED
1731775660s745:Airtime test started: 0
1731775660s745:MAC Tx start packet size: 18
1731775660s749:TX on freq 868300000 Hz at DR 2
1731775660s749:RADIO SEND WITH size 18
1731775660s751:SEND REQUEST
1731775661s081:NOTIFY
1731775661s081:MAC txDone
1731775662s075:RX_1 on freq 868300000 Hz at DR 2
1731775662s142:IRQ_RX_TX_TIMEOUT
1731775662s142:NOTIFY
1731775662s142:MAC rxTimeOut
1731775663s112:RX_2 on freq 869525000 Hz at DR 0
1731775663s310:IRQ_RX_TX_TIMEOUT
1731775663s310:NOTIFY
1731775663s310:MAC rxTimeOut

###### ========== MCPS-Confirm =============
###### U/L FRAME:0049 | PORT:24 | DR:2 | PWR:1 | MSG TYPE:UNCONFIRMED
1731775720s751:Airtime test started: 0
1731775720s751:MAC Tx start packet size: 18
1731775720s755:TX on freq 868500000 Hz at DR 2
1731775720s755:RADIO SEND WITH size 18
1731775720s757:SEND REQUEST
1731775721s087:NOTIFY
1731775721s087:MAC txDone
1731775722s081:RX_1 on freq 868500000 Hz at DR 2
1731775722s148:IRQ_RX_TX_TIMEOUT
1731775722s148:NOTIFY
1731775722s148:MAC rxTimeOut
1731775723s118:RX_2 on freq 869525000 Hz at DR 0
1731775723s316:IRQ_RX_TX_TIMEOUT
1731775723s316:NOTIFY
1731775723s316:MAC rxTimeOut

###### ========== MCPS-Confirm =============
###### U/L FRAME:0050 | PORT:24 | DR:2 | PWR:1 | MSG TYPE:UNCONFIRMED
1731775780s757:Airtime test started: 0
1731775780s757:MAC Tx start packet size: 18
1731775780s761:TX on freq 867700000 Hz at DR 2
1731775780s761:RADIO SEND WITH size 18
1731775780s763:SEND REQUEST
1731775781s093:NOTIFY
1731775781s093:MAC txDone
1731775782s087:RX_1 on freq 867700000 Hz at DR 2
1731775782s154:IRQ_RX_TX_TIMEOUT
1731775782s154:NOTIFY
1731775782s154:MAC rxTimeOut
1731775783s124:RX_2 on freq 869525000 Hz at DR 0
1731775783s322:IRQ_RX_TX_TIMEOUT
1731775783s322:NOTIFY
1731775783s322:MAC rxTimeOut

###### ========== MCPS-Confirm =============
###### U/L FRAME:0051 | PORT:24 | DR:2 | PWR:1 | MSG TYPE:UNCONFIRMED
1731775840s763:Airtime test started: 0
1731775840s763:MAC Tx start packet size: 18
1731775840s766:TX on freq 867900000 Hz at DR 2
1731775840s766:RADIO SEND WITH size 18
1731775840s768:SEND REQUEST
1731775841s098:NOTIFY
1731775841s098:MAC txDone
1731775842s093:RX_1 on freq 867900000 Hz at DR 2
1731775842s160:IRQ_RX_TX_TIMEOUT
1731775842s160:NOTIFY
1731775842s160:MAC rxTimeOut
1731775843s130:RX_2 on freq 869525000 Hz at DR 0
1731775843s328:IRQ_RX_TX_TIMEOUT
1731775843s328:NOTIFY
1731775843s328:MAC rxTimeOut

###### ========== MCPS-Confirm =============
###### U/L FRAME:0052 | PORT:24 | DR:2 | PWR:1 | MSG TYPE:UNCONFIRMED
1731775900s768:Airtime test started: 0
1731775900s768:MAC Tx start packet size: 18
1731775900s772:TX on freq 867300000 Hz at DR 2
1731775900s772:RADIO SEND WITH size 18
1731775900s774:SEND REQUEST
1731775901s104:NOTIFY
1731775901s104:MAC txDone
1731775902s098:RX_1 on freq 867300000 Hz at DR 2
1731775902s645:MAC rxNotify
1731775902s645:NOTIFY
1731775902s645:MAC rxDone

###### ========== MCPS-Confirm =============
###### U/L FRAME:0053 | PORT:24 | DR:2 | PWR:1 | MSG TYPE:UNCONFIRMED
1731775902s648:value of rxport: 200
1731775902s648:MULTICAST CLASS C SETUP 2
###### D/L FRAME:0001 | PORT:200 | DR:2 | SLOT:1 | RSSI:-21 | SNR:8
1731775902s658:MAC Tx start packet size: 15
1731775902s662:TX on freq 867500000 Hz at DR 2
1731775902s663:RADIO SEND WITH size 15
ID          : 0
McAddr      : 6A044316
McKey       : 58-90-76-20-44-82-CB-62-08-D1-08-CD-C0-DB-DB-E2
McFCountMin : 0
McFCountMax : 4294967295
SessionTime : 0
SessionTimeT: 1 s
Rx Freq     : 0
Rx DR       : DR_0
1731775902s994:NOTIFY
1731775902s994:MAC txDone
1731775903s988:RX_1 on freq 867500000 Hz at DR 2
1731775904s372:MAC rxNotify
1731775904s372:NOTIFY
1731775904s372:MAC rxDone

###### ========== MCPS-Confirm =============
###### U/L FRAME:0054 | PORT:200 | DR:2 | PWR:1 | MSG TYPE:UNCONFIRMED
1731775904s374:value of rxport: 201
###### D/L FRAME:0002 | PORT:201 | DR:2 | SLOT:1 | RSSI:-21 | SNR:8
1731775904s375:#####################FRAGDECODER INIT
1731775908s260:MAC Tx start packet size: 15
1731775908s264:TX on freq 868500000 Hz at DR 2
1731775908s264:RADIO SEND WITH size 15
1731775908s596:NOTIFY
1731775908s596:MAC txDone
1731775909s591:RX_1 on freq 868500000 Hz at DR 2
1731775909s972:MAC rxNotify
1731775909s972:NOTIFY
1731775909s972:MAC rxDone

###### ========== MCPS-Confirm =============
###### U/L FRAME:0055 | PORT:201 | DR:2 | PWR:1 | MSG TYPE:UNCONFIRMED
1731775909s974:value of rxport: 200
1731775909s975:MULTICAST CLASS C SETUP 4
###### D/L FRAME:0003 | PORT:200 | DR:2 | SLOT:1 | RSSI:-20 | SNR:9
Time2SessionStart: 299000 ms
1731775909s975:MAC Tx start packet size: 18
1731775909s979:TX on freq 867100000 Hz at DR 2
1731775909s980:RADIO SEND WITH size 18
ID          : 0
McAddr      : 6A044316
McKey       : 58-90-76-20-44-82-CB-62-08-D1-08-CD-C0-DB-DB-E2
McFCountMin : 0
McFCountMax : 4294967295
SessionTime : 1731776208
SessionTimeT: 4096 s
Rx Freq     : 869525000
Rx DR       : DR_2
1731775910s311:NOTIFY
1731775910s311:MAC txDone
1731775911s305:RX_1 on freq 867100000 Hz at DR 2
1731775911s373:IRQ_RX_TX_TIMEOUT
1731775911s373:NOTIFY
1731775911s373:MAC rxTimeOut
1731775912s343:RX_2 on freq 869525000 Hz at DR 0
1731775912s541:IRQ_RX_TX_TIMEOUT
1731775912s541:NOTIFY
1731775912s541:MAC rxTimeOut

###### ========== MCPS-Confirm =============
###### U/L FRAME:0056 | PORT:200 | DR:2 | PWR:1 | MSG TYPE:UNCONFIRMED
1731776208s975:[SWITCHCLASS class C]
1731776208s990:RX_C on freq 869525000 Hz at DR 2
1731776208s992:#############OPENED CONTINUOUS RX C WINDOW
Switch to Class C done
1731776211s265:MAC rxNotify
1731776211s265:NOTIFY
1731776211s265:MAC rxDone
1731776211s268:RXSLOT
1731776211s268:value of rxport: 201
###### D/L FRAME:0000 | PORT:201 | DR:2 | SLOT:C_MC | RSSI:-18 | SNR:9
1731776211s268:#####################FRAGDECODER PROCESS

.... FRAG_DECODER in Progress ....
EXPECTED   : 052 Fragments (02028 Bytes)
RECEIVED   : 001 Fragments
             00039 Bytes
LOST       : 000 Fragments

1731776211s273:RX_C on freq 869525000 Hz at DR 2
1731776211s274:#############OPENED CONTINUOUS RX C WINDOW
1731776217s293:MAC rxNotify
1731776217s293:NOTIFY
1731776217s293:MAC rxDone
1731776217s296:RXSLOT
1731776217s296:value of rxport: 201
###### D/L FRAME:0001 | PORT:201 | DR:2 | SLOT:C_MC | RSSI:-18 | SNR:9
1731776217s296:#####################FRAGDECODER PROCESS

.... FRAG_DECODER in Progress ....
EXPECTED   : 052 Fragments (02028 Bytes)
RECEIVED   : 002 Fragments
             00078 Bytes
LOST       : 000 Fragments

1731776217s301:RX_C on freq 869525000 Hz at DR 2
1731776217s302:#############OPENED CONTINUOUS RX C WINDOW
1731776223s322:MAC rxNotify
1731776223s322:NOTIFY
1731776223s322:MAC rxDone
1731776223s325:RXSLOT
1731776223s325:value of rxport: 201
###### D/L FRAME:0002 | PORT:201 | DR:2 | SLOT:C_MC | RSSI:-18 | SNR:9
1731776223s325:#####################FRAGDECODER PROCESS

.... FRAG_DECODER in Progress ....
EXPECTED   : 052 Fragments (02028 Bytes)
RECEIVED   : 003 Fragments
             00117 Bytes
LOST       : 000 Fragments

1731776223s330:RX_C on freq 869525000 Hz at DR 2
1731776223s331:#############OPENED CONTINUOUS RX C WINDOW
1731776230s350:MAC rxNotify
1731776230s350:NOTIFY
1731776230s350:MAC rxDone
1731776230s353:RXSLOT
1731776230s353:value of rxport: 201
###### D/L FRAME:0003 | PORT:201 | DR:2 | SLOT:C_MC | RSSI:-18 | SNR:9
1731776230s353:#####################FRAGDECODER PROCESS

.... FRAG_DECODER in Progress ....
EXPECTED   : 052 Fragments (02028 Bytes)
RECEIVED   : 004 Fragments
             00156 Bytes
LOST       : 000 Fragments

1731776230s358:RX_C on freq 869525000 Hz at DR 2
1731776230s359:#############OPENED CONTINUOUS RX C WINDOW
1731776236s384:MAC rxNotify
1731776236s384:NOTIFY
1731776236s384:MAC rxDone
1731776236s388:RXSLOT
1731776236s388:value of rxport: 201
###### D/L FRAME:0004 | PORT:201 | DR:2 | SLOT:C_MC | RSSI:-18 | SNR:9
1731776236s388:#####################FRAGDECODER PROCESS

.... FRAG_DECODER in Progress ....
EXPECTED   : 052 Fragments (02028 Bytes)
RECEIVED   : 005 Fragments
             00195 Bytes
LOST       : 000 Fragments

1731776236s392:RX_C on freq 869525000 Hz at DR 2
1731776236s393:#############OPENED CONTINUOUS RX C WINDOW
1731776242s400:MAC rxNotify
1731776242s400:NOTIFY
1731776242s400:MAC rxDone
1731776242s403:RXSLOT
1731776242s403:value of rxport: 201
###### D/L FRAME:0005 | PORT:201 | DR:2 | SLOT:C_MC | RSSI:-18 | SNR:9
1731776242s403:#####################FRAGDECODER PROCESS

.... FRAG_DECODER in Progress ....
EXPECTED   : 052 Fragments (02028 Bytes)
RECEIVED   : 006 Fragments
             00234 Bytes
LOST       : 000 Fragments

1731776242s408:RX_C on freq 869525000 Hz at DR 2
1731776242s409:#############OPENED CONTINUOUS RX C WINDOW
1731776248s419:MAC rxNotify
1731776248s419:NOTIFY
1731776248s419:MAC rxDone
1731776248s422:RXSLOT
1731776248s422:value of rxport: 201
###### D/L FRAME:0006 | PORT:201 | DR:2 | SLOT:C_MC | RSSI:-18 | SNR:9
1731776248s422:#####################FRAGDECODER PROCESS

.... FRAG_DECODER in Progress ....
EXPECTED   : 052 Fragments (02028 Bytes)
RECEIVED   : 007 Fragments
             00273 Bytes
LOST       : 000 Fragments

1731776248s427:RX_C on freq 869525000 Hz at DR 2
1731776248s428:#############OPENED CONTINUOUS RX C WINDOW
1731776255s450:MAC rxNotify
1731776255s450:NOTIFY
1731776255s450:MAC rxDone
1731776255s453:RXSLOT
1731776255s453:value of rxport: 201
###### D/L FRAME:0007 | PORT:201 | DR:2 | SLOT:C_MC | RSSI:-18 | SNR:9
1731776255s453:#####################FRAGDECODER PROCESS

.... FRAG_DECODER in Progress ....
EXPECTED   : 052 Fragments (02028 Bytes)
RECEIVED   : 008 Fragments
             00312 Bytes
LOST       : 000 Fragments

1731776255s458:RX_C on freq 869525000 Hz at DR 2
1731776255s459:#############OPENED CONTINUOUS RX C WINDOW
1731776261s479:MAC rxNotify
1731776261s479:NOTIFY
1731776261s479:MAC rxDone
1731776261s482:RXSLOT
1731776261s482:value of rxport: 201
###### D/L FRAME:0008 | PORT:201 | DR:2 | SLOT:C_MC | RSSI:-18 | SNR:8
1731776261s482:#####################FRAGDECODER PROCESS

.... FRAG_DECODER in Progress ....
EXPECTED   : 052 Fragments (02028 Bytes)
RECEIVED   : 009 Fragments
             00351 Bytes
LOST       : 000 Fragments

1731776261s487:RX_C on freq 869525000 Hz at DR 2
1731776261s488:#############OPENED CONTINUOUS RX C WINDOW
1731776267s514:MAC rxNotify
1731776267s514:NOTIFY
1731776267s514:MAC rxDone
1731776267s517:RXSLOT
1731776267s517:value of rxport: 201
###### D/L FRAME:0009 | PORT:201 | DR:2 | SLOT:C_MC | RSSI:-18 | SNR:9
1731776267s517:#####################FRAGDECODER PROCESS

.... FRAG_DECODER in Progress ....
EXPECTED   : 052 Fragments (02028 Bytes)
RECEIVED   : 010 Fragments
             00390 Bytes
LOST       : 000 Fragments

1731776267s522:RX_C on freq 869525000 Hz at DR 2
1731776267s523:#############OPENED CONTINUOUS RX C WINDOW
1731776273s536:MAC rxNotify
1731776273s536:NOTIFY
1731776273s536:MAC rxDone
1731776273s539:RXSLOT
1731776273s539:value of rxport: 201
###### D/L FRAME:0010 | PORT:201 | DR:2 | SLOT:C_MC | RSSI:-17 | SNR:9
1731776273s539:#####################FRAGDECODER PROCESS

.... FRAG_DECODER in Progress ....
EXPECTED   : 052 Fragments (02028 Bytes)
RECEIVED   : 011 Fragments
             00429 Bytes
LOST       : 000 Fragments

1731776273s544:RX_C on freq 869525000 Hz at DR 2
1731776273s545:#############OPENED CONTINUOUS RX C WINDOW
1731776280s557:MAC rxNotify
1731776280s557:NOTIFY
1731776280s558:MAC rxDone
1731776280s561:RXSLOT
1731776280s561:value of rxport: 201
###### D/L FRAME:0011 | PORT:201 | DR:2 | SLOT:C_MC | RSSI:-18 | SNR:9
1731776280s561:#####################FRAGDECODER PROCESS

.... FRAG_DECODER in Progress ....
EXPECTED   : 052 Fragments (02028 Bytes)
RECEIVED   : 012 Fragments
             00468 Bytes
LOST       : 000 Fragments

1731776280s566:RX_C on freq 869525000 Hz at DR 2
1731776280s567:#############OPENED CONTINUOUS RX C WINDOW
1731776286s584:MAC rxNotify
1731776286s584:NOTIFY
1731776286s584:MAC rxDone
1731776286s587:RXSLOT
1731776286s587:value of rxport: 201
###### D/L FRAME:0012 | PORT:201 | DR:2 | SLOT:C_MC | RSSI:-18 | SNR:9
1731776286s587:#####################FRAGDECODER PROCESS

.... FRAG_DECODER in Progress ....
EXPECTED   : 052 Fragments (02028 Bytes)
RECEIVED   : 013 Fragments
             00507 Bytes
LOST       : 000 Fragments

1731776286s592:RX_C on freq 869525000 Hz at DR 2
1731776286s593:#############OPENED CONTINUOUS RX C WINDOW
1731776292s609:MAC rxNotify
1731776292s609:NOTIFY
1731776292s609:MAC rxDone
1731776292s612:RXSLOT
1731776292s612:value of rxport: 201
###### D/L FRAME:0013 | PORT:201 | DR:2 | SLOT:C_MC | RSSI:-18 | SNR:9
1731776292s612:#####################FRAGDECODER PROCESS

.... FRAG_DECODER in Progress ....
EXPECTED   : 052 Fragments (02028 Bytes)
RECEIVED   : 014 Fragments
             00546 Bytes
LOST       : 000 Fragments

1731776292s617:RX_C on freq 869525000 Hz at DR 2
1731776292s618:#############OPENED CONTINUOUS RX C WINDOW
1731776298s638:MAC rxNotify
1731776298s638:NOTIFY
1731776298s638:MAC rxDone
1731776298s640:RXSLOT
1731776298s640:value of rxport: 201
###### D/L FRAME:0014 | PORT:201 | DR:2 | SLOT:C_MC | RSSI:-17 | SNR:9
1731776298s640:#####################FRAGDECODER PROCESS

.... FRAG_DECODER in Progress ....
EXPECTED   : 052 Fragments (02028 Bytes)
RECEIVED   : 015 Fragments
             00585 Bytes
LOST       : 000 Fragments

1731776298s645:RX_C on freq 869525000 Hz at DR 2
1731776298s646:#############OPENED CONTINUOUS RX C WINDOW
1731776305s668:MAC rxNotify
1731776305s668:NOTIFY
1731776305s668:MAC rxDone
1731776305s671:RXSLOT
1731776305s671:value of rxport: 201
###### D/L FRAME:0015 | PORT:201 | DR:2 | SLOT:C_MC | RSSI:-18 | SNR:9
1731776305s671:#####################FRAGDECODER PROCESS

.... FRAG_DECODER in Progress ....
EXPECTED   : 052 Fragments (02028 Bytes)
RECEIVED   : 016 Fragments
             00624 Bytes
LOST       : 000 Fragments

1731776305s676:RX_C on freq 869525000 Hz at DR 2
1731776305s677:#############OPENED CONTINUOUS RX C WINDOW
1731776311s691:MAC rxNotify
1731776311s691:NOTIFY
1731776311s691:MAC rxDone
1731776311s695:RXSLOT
1731776311s695:value of rxport: 201
###### D/L FRAME:0016 | PORT:201 | DR:2 | SLOT:C_MC | RSSI:-18 | SNR:9
1731776311s695:#####################FRAGDECODER PROCESS

.... FRAG_DECODER in Progress ....
EXPECTED   : 052 Fragments (02028 Bytes)
RECEIVED   : 017 Fragments
             00663 Bytes
LOST       : 000 Fragments

1731776311s700:RX_C on freq 869525000 Hz at DR 2
1731776311s701:#############OPENED CONTINUOUS RX C WINDOW
1731776317s712:MAC rxNotify
1731776317s712:NOTIFY
1731776317s712:MAC rxDone
1731776317s715:RXSLOT
1731776317s715:value of rxport: 201
###### D/L FRAME:0017 | PORT:201 | DR:2 | SLOT:C_MC | RSSI:-18 | SNR:9
1731776317s715:#####################FRAGDECODER PROCESS

.... FRAG_DECODER in Progress ....
EXPECTED   : 052 Fragments (02028 Bytes)
RECEIVED   : 018 Fragments
             00702 Bytes
LOST       : 000 Fragments

1731776317s720:RX_C on freq 869525000 Hz at DR 2
1731776317s721:#############OPENED CONTINUOUS RX C WINDOW
1731776323s737:MAC rxNotify
1731776323s737:NOTIFY
1731776323s737:MAC rxDone
1731776323s740:RXSLOT
1731776323s740:value of rxport: 201
###### D/L FRAME:0018 | PORT:201 | DR:2 | SLOT:C_MC | RSSI:-17 | SNR:9
1731776323s740:#####################FRAGDECODER PROCESS

.... FRAG_DECODER in Progress ....
EXPECTED   : 052 Fragments (02028 Bytes)
RECEIVED   : 019 Fragments
             00741 Bytes
LOST       : 000 Fragments

1731776323s745:RX_C on freq 869525000 Hz at DR 2
1731776323s746:#############OPENED CONTINUOUS RX C WINDOW
1731776330s766:MAC rxNotify
1731776330s766:NOTIFY
1731776330s766:MAC rxDone
1731776330s769:RXSLOT
1731776330s769:value of rxport: 201
###### D/L FRAME:0019 | PORT:201 | DR:2 | SLOT:C_MC | RSSI:-17 | SNR:9
1731776330s769:#####################FRAGDECODER PROCESS

.... FRAG_DECODER in Progress ....
EXPECTED   : 052 Fragments (02028 Bytes)
RECEIVED   : 020 Fragments
             00780 Bytes
LOST       : 000 Fragments

1731776330s774:RX_C on freq 869525000 Hz at DR 2
1731776330s775:#############OPENED CONTINUOUS RX C WINDOW
1731776336s788:MAC rxNotify
1731776336s789:NOTIFY
1731776336s789:MAC rxDone
1731776336s792:RXSLOT
1731776336s792:value of rxport: 201
###### D/L FRAME:0020 | PORT:201 | DR:2 | SLOT:C_MC | RSSI:-18 | SNR:9
1731776336s792:#####################FRAGDECODER PROCESS

.... FRAG_DECODER in Progress ....
EXPECTED   : 052 Fragments (02028 Bytes)
RECEIVED   : 021 Fragments
             00819 Bytes
LOST       : 000 Fragments

1731776336s797:RX_C on freq 869525000 Hz at DR 2
1731776336s798:#############OPENED CONTINUOUS RX C WINDOW
1731776342s820:MAC rxNotify
1731776342s820:NOTIFY
1731776342s820:MAC rxDone
1731776342s823:RXSLOT
1731776342s823:value of rxport: 201
###### D/L FRAME:0021 | PORT:201 | DR:2 | SLOT:C_MC | RSSI:-18 | SNR:9
1731776342s823:#####################FRAGDECODER PROCESS

.... FRAG_DECODER in Progress ....
EXPECTED   : 052 Fragments (02028 Bytes)
RECEIVED   : 022 Fragments
             00858 Bytes
LOST       : 000 Fragments

1731776342s828:RX_C on freq 869525000 Hz at DR 2
1731776342s829:#############OPENED CONTINUOUS RX C WINDOW
1731776349s843:MAC rxNotify
1731776349s843:NOTIFY
1731776349s843:MAC rxDone
1731776349s847:RXSLOT
1731776349s847:value of rxport: 201
###### D/L FRAME:0022 | PORT:201 | DR:2 | SLOT:C_MC | RSSI:-18 | SNR:9
1731776349s847:#####################FRAGDECODER PROCESS

.... FRAG_DECODER in Progress ....
EXPECTED   : 052 Fragments (02028 Bytes)
RECEIVED   : 023 Fragments
             00897 Bytes
LOST       : 000 Fragments

1731776349s851:RX_C on freq 869525000 Hz at DR 2
1731776349s852:#############OPENED CONTINUOUS RX C WINDOW
1731776355s872:MAC rxNotify
1731776355s872:NOTIFY
1731776355s872:MAC rxDone
1731776355s875:RXSLOT
1731776355s875:value of rxport: 201
###### D/L FRAME:0023 | PORT:201 | DR:2 | SLOT:C_MC | RSSI:-18 | SNR:9
1731776355s875:#####################FRAGDECODER PROCESS

.... FRAG_DECODER in Progress ....
EXPECTED   : 052 Fragments (02028 Bytes)
RECEIVED   : 024 Fragments
             00936 Bytes
LOST       : 000 Fragments

1731776355s880:RX_C on freq 869525000 Hz at DR 2
1731776355s881:#############OPENED CONTINUOUS RX C WINDOW
1731776361s897:MAC rxNotify
1731776361s897:NOTIFY
1731776361s897:MAC rxDone
1731776361s900:RXSLOT
1731776361s900:value of rxport: 201
###### D/L FRAME:0024 | PORT:201 | DR:2 | SLOT:C_MC | RSSI:-18 | SNR:9
1731776361s900:#####################FRAGDECODER PROCESS

.... FRAG_DECODER in Progress ....
EXPECTED   : 052 Fragments (02028 Bytes)
RECEIVED   : 025 Fragments
             00975 Bytes
LOST       : 000 Fragments

1731776361s905:RX_C on freq 869525000 Hz at DR 2
1731776361s906:#############OPENED CONTINUOUS RX C WINDOW
1731776367s924:MAC rxNotify
1731776367s924:NOTIFY
1731776367s924:MAC rxDone
1731776367s927:RXSLOT
1731776367s927:value of rxport: 201
###### D/L FRAME:0025 | PORT:201 | DR:2 | SLOT:C_MC | RSSI:-17 | SNR:9
1731776367s927:#####################FRAGDECODER PROCESS

.... FRAG_DECODER in Progress ....
EXPECTED   : 052 Fragments (02028 Bytes)
RECEIVED   : 026 Fragments
             01014 Bytes
LOST       : 000 Fragments

1731776367s931:RX_C on freq 869525000 Hz at DR 2
1731776367s932:#############OPENED CONTINUOUS RX C WINDOW
1731776374s958:MAC rxNotify
1731776374s958:NOTIFY
1731776374s958:MAC rxDone
1731776374s961:RXSLOT
1731776374s961:value of rxport: 201
###### D/L FRAME:0026 | PORT:201 | DR:2 | SLOT:C_MC | RSSI:-18 | SNR:9
1731776374s961:#####################FRAGDECODER PROCESS

.... FRAG_DECODER in Progress ....
EXPECTED   : 052 Fragments (02028 Bytes)
RECEIVED   : 027 Fragments
             01053 Bytes
LOST       : 000 Fragments

1731776374s966:RX_C on freq 869525000 Hz at DR 2
1731776374s967:#############OPENED CONTINUOUS RX C WINDOW
1731776380s978:MAC rxNotify
1731776380s978:NOTIFY
1731776380s978:MAC rxDone
1731776380s981:RXSLOT
1731776380s981:value of rxport: 201
###### D/L FRAME:0027 | PORT:201 | DR:2 | SLOT:C_MC | RSSI:-18 | SNR:9
1731776380s981:#####################FRAGDECODER PROCESS

.... FRAG_DECODER in Progress ....
EXPECTED   : 052 Fragments (02028 Bytes)
RECEIVED   : 028 Fragments
             01092 Bytes
LOST       : 000 Fragments

1731776380s986:RX_C on freq 869525000 Hz at DR 2
1731776380s987:#############OPENED CONTINUOUS RX C WINDOW
1731776386s998:MAC rxNotify
1731776386s998:NOTIFY
1731776386s998:MAC rxDone
1731776387s001:RXSLOT
1731776387s001:value of rxport: 201
###### D/L FRAME:0028 | PORT:201 | DR:2 | SLOT:C_MC | RSSI:-18 | SNR:9
1731776387s001:#####################FRAGDECODER PROCESS

.... FRAG_DECODER in Progress ....
EXPECTED   : 052 Fragments (02028 Bytes)
RECEIVED   : 029 Fragments
             01131 Bytes
LOST       : 000 Fragments

1731776387s006:RX_C on freq 869525000 Hz at DR 2
1731776387s007:#############OPENED CONTINUOUS RX C WINDOW
1731776393s027:MAC rxNotify
1731776393s027:NOTIFY
1731776393s027:MAC rxDone
1731776393s030:RXSLOT
1731776393s030:value of rxport: 201
###### D/L FRAME:0029 | PORT:201 | DR:2 | SLOT:C_MC | RSSI:-18 | SNR:8
1731776393s030:#####################FRAGDECODER PROCESS

.... FRAG_DECODER in Progress ....
EXPECTED   : 052 Fragments (02028 Bytes)
RECEIVED   : 030 Fragments
             01170 Bytes
LOST       : 000 Fragments

1731776393s035:RX_C on freq 869525000 Hz at DR 2
1731776393s036:#############OPENED CONTINUOUS RX C WINDOW
1731776400s059:MAC rxNotify
1731776400s059:NOTIFY
1731776400s059:MAC rxDone
1731776400s062:RXSLOT
1731776400s062:value of rxport: 201
###### D/L FRAME:0030 | PORT:201 | DR:2 | SLOT:C_MC | RSSI:-18 | SNR:9
1731776400s062:#####################FRAGDECODER PROCESS

.... FRAG_DECODER in Progress ....
EXPECTED   : 052 Fragments (02028 Bytes)
RECEIVED   : 031 Fragments
             01209 Bytes
LOST       : 000 Fragments

1731776400s067:RX_C on freq 869525000 Hz at DR 2
1731776400s068:#############OPENED CONTINUOUS RX C WINDOW
1731776406s083:MAC rxNotify
1731776406s083:NOTIFY
1731776406s083:MAC rxDone
1731776406s086:RXSLOT
1731776406s086:value of rxport: 201
###### D/L FRAME:0031 | PORT:201 | DR:2 | SLOT:C_MC | RSSI:-18 | SNR:9
1731776406s086:#####################FRAGDECODER PROCESS

.... FRAG_DECODER in Progress ....
EXPECTED   : 052 Fragments (02028 Bytes)
RECEIVED   : 032 Fragments
             01248 Bytes
LOST       : 000 Fragments

1731776406s091:RX_C on freq 869525000 Hz at DR 2
1731776406s092:#############OPENED CONTINUOUS RX C WINDOW
1731776412s097:MAC rxNotify
1731776412s097:NOTIFY
1731776412s097:MAC rxDone
1731776412s100:RXSLOT
1731776412s100:value of rxport: 201
###### D/L FRAME:0032 | PORT:201 | DR:2 | SLOT:C_MC | RSSI:-18 | SNR:8
1731776412s100:#####################FRAGDECODER PROCESS

.... FRAG_DECODER in Progress ....
EXPECTED   : 052 Fragments (02028 Bytes)
RECEIVED   : 033 Fragments
             01287 Bytes
LOST       : 000 Fragments

1731776412s105:RX_C on freq 869525000 Hz at DR 2
1731776412s106:#############OPENED CONTINUOUS RX C WINDOW
1731776418s127:MAC rxNotify
1731776418s127:NOTIFY
1731776418s127:MAC rxDone
1731776418s130:RXSLOT
1731776418s130:value of rxport: 201
###### D/L FRAME:0033 | PORT:201 | DR:2 | SLOT:C_MC | RSSI:-18 | SNR:9
1731776418s130:#####################FRAGDECODER PROCESS

.... FRAG_DECODER in Progress ....
EXPECTED   : 052 Fragments (02028 Bytes)
RECEIVED   : 034 Fragments
             01326 Bytes
LOST       : 000 Fragments

1731776418s135:RX_C on freq 869525000 Hz at DR 2
1731776418s136:#############OPENED CONTINUOUS RX C WINDOW
1731776425s157:MAC rxNotify
1731776425s157:NOTIFY
1731776425s157:MAC rxDone
1731776425s160:RXSLOT
1731776425s160:value of rxport: 201
###### D/L FRAME:0034 | PORT:201 | DR:2 | SLOT:C_MC | RSSI:-18 | SNR:9
1731776425s160:#####################FRAGDECODER PROCESS

.... FRAG_DECODER in Progress ....
EXPECTED   : 052 Fragments (02028 Bytes)
RECEIVED   : 035 Fragments
             01365 Bytes
LOST       : 000 Fragments

1731776425s165:RX_C on freq 869525000 Hz at DR 2
1731776425s166:#############OPENED CONTINUOUS RX C WINDOW
1731776431s190:MAC rxNotify
1731776431s190:NOTIFY
1731776431s190:MAC rxDone
1731776431s193:RXSLOT
1731776431s193:value of rxport: 201
###### D/L FRAME:0035 | PORT:201 | DR:2 | SLOT:C_MC | RSSI:-18 | SNR:9
1731776431s193:#####################FRAGDECODER PROCESS

.... FRAG_DECODER in Progress ....
EXPECTED   : 052 Fragments (02028 Bytes)
RECEIVED   : 036 Fragments
             01404 Bytes
LOST       : 000 Fragments

1731776431s198:RX_C on freq 869525000 Hz at DR 2
1731776431s199:#############OPENED CONTINUOUS RX C WINDOW
1731776437s218:MAC rxNotify
1731776437s218:NOTIFY
1731776437s218:MAC rxDone
1731776437s221:RXSLOT
1731776437s221:value of rxport: 201
###### D/L FRAME:0036 | PORT:201 | DR:2 | SLOT:C_MC | RSSI:-18 | SNR:9
1731776437s221:#####################FRAGDECODER PROCESS

.... FRAG_DECODER in Progress ....
EXPECTED   : 052 Fragments (02028 Bytes)
RECEIVED   : 037 Fragments
             01443 Bytes
LOST       : 000 Fragments

1731776437s225:RX_C on freq 869525000 Hz at DR 2
1731776437s226:#############OPENED CONTINUOUS RX C WINDOW
1731776443s245:MAC rxNotify
1731776443s245:NOTIFY
1731776443s245:MAC rxDone
1731776443s248:RXSLOT
1731776443s248:value of rxport: 201
###### D/L FRAME:0037 | PORT:201 | DR:2 | SLOT:C_MC | RSSI:-18 | SNR:9
1731776443s248:#####################FRAGDECODER PROCESS

.... FRAG_DECODER in Progress ....
EXPECTED   : 052 Fragments (02028 Bytes)
RECEIVED   : 038 Fragments
             01482 Bytes
LOST       : 000 Fragments

1731776443s253:RX_C on freq 869525000 Hz at DR 2
1731776443s254:#############OPENED CONTINUOUS RX C WINDOW
1731776450s275:MAC rxNotify
1731776450s275:NOTIFY
1731776450s275:MAC rxDone
1731776450s278:RXSLOT
1731776450s278:value of rxport: 201
###### D/L FRAME:0038 | PORT:201 | DR:2 | SLOT:C_MC | RSSI:-18 | SNR:9
1731776450s278:#####################FRAGDECODER PROCESS

.... FRAG_DECODER in Progress ....
EXPECTED   : 052 Fragments (02028 Bytes)
RECEIVED   : 039 Fragments
             01521 Bytes
LOST       : 000 Fragments

1731776450s283:RX_C on freq 869525000 Hz at DR 2
1731776450s284:#############OPENED CONTINUOUS RX C WINDOW
1731776456s305:MAC rxNotify
1731776456s305:NOTIFY
1731776456s305:MAC rxDone
1731776456s307:RXSLOT
1731776456s307:value of rxport: 201
###### D/L FRAME:0039 | PORT:201 | DR:2 | SLOT:C_MC | RSSI:-18 | SNR:9
1731776456s307:#####################FRAGDECODER PROCESS

.... FRAG_DECODER in Progress ....
EXPECTED   : 052 Fragments (02028 Bytes)
RECEIVED   : 040 Fragments
             01560 Bytes
LOST       : 000 Fragments

1731776456s312:RX_C on freq 869525000 Hz at DR 2
1731776456s313:#############OPENED CONTINUOUS RX C WINDOW
1731776462s335:MAC rxNotify
1731776462s335:NOTIFY
1731776462s335:MAC rxDone
1731776462s338:RXSLOT
1731776462s338:value of rxport: 201
###### D/L FRAME:0040 | PORT:201 | DR:2 | SLOT:C_MC | RSSI:-18 | SNR:9
1731776462s338:#####################FRAGDECODER PROCESS

.... FRAG_DECODER in Progress ....
EXPECTED   : 052 Fragments (02028 Bytes)
RECEIVED   : 041 Fragments
             01599 Bytes
LOST       : 000 Fragments

1731776462s343:RX_C on freq 869525000 Hz at DR 2
1731776462s344:#############OPENED CONTINUOUS RX C WINDOW
1731776468s359:MAC rxNotify
1731776468s359:NOTIFY
1731776468s359:MAC rxDone
1731776468s362:RXSLOT
1731776468s362:value of rxport: 201
###### D/L FRAME:0041 | PORT:201 | DR:2 | SLOT:C_MC | RSSI:-18 | SNR:9
1731776468s362:#####################FRAGDECODER PROCESS

.... FRAG_DECODER in Progress ....
EXPECTED   : 052 Fragments (02028 Bytes)
RECEIVED   : 042 Fragments
             01638 Bytes
LOST       : 000 Fragments

1731776468s367:RX_C on freq 869525000 Hz at DR 2
1731776468s368:#############OPENED CONTINUOUS RX C WINDOW
1731776475s390:MAC rxNotify
1731776475s390:NOTIFY
1731776475s390:MAC rxDone
1731776475s393:RXSLOT
1731776475s393:value of rxport: 201
###### D/L FRAME:0042 | PORT:201 | DR:2 | SLOT:C_MC | RSSI:-18 | SNR:9
1731776475s393:#####################FRAGDECODER PROCESS

.... FRAG_DECODER in Progress ....
EXPECTED   : 052 Fragments (02028 Bytes)
RECEIVED   : 043 Fragments
             01677 Bytes
LOST       : 000 Fragments

1731776475s398:RX_C on freq 869525000 Hz at DR 2
1731776475s399:#############OPENED CONTINUOUS RX C WINDOW
1731776481s408:MAC rxNotify
1731776481s408:NOTIFY
1731776481s408:MAC rxDone
1731776481s411:RXSLOT
1731776481s411:value of rxport: 201
###### D/L FRAME:0043 | PORT:201 | DR:2 | SLOT:C_MC | RSSI:-18 | SNR:9
1731776481s411:#####################FRAGDECODER PROCESS

.... FRAG_DECODER in Progress ....
EXPECTED   : 052 Fragments (02028 Bytes)
RECEIVED   : 044 Fragments
             01716 Bytes
LOST       : 000 Fragments

1731776481s416:RX_C on freq 869525000 Hz at DR 2
1731776481s417:#############OPENED CONTINUOUS RX C WINDOW
1731776487s439:MAC rxNotify
1731776487s439:NOTIFY
1731776487s439:MAC rxDone
1731776487s442:RXSLOT
1731776487s442:value of rxport: 201
###### D/L FRAME:0044 | PORT:201 | DR:2 | SLOT:C_MC | RSSI:-18 | SNR:9
1731776487s442:#####################FRAGDECODER PROCESS

.... FRAG_DECODER in Progress ....
EXPECTED   : 052 Fragments (02028 Bytes)
RECEIVED   : 045 Fragments
             01755 Bytes
LOST       : 000 Fragments

1731776487s447:RX_C on freq 869525000 Hz at DR 2
1731776487s448:#############OPENED CONTINUOUS RX C WINDOW
1731776493s472:MAC rxNotify
1731776493s472:NOTIFY
1731776493s473:MAC rxDone
1731776493s476:RXSLOT
1731776493s476:value of rxport: 201
###### D/L FRAME:0045 | PORT:201 | DR:2 | SLOT:C_MC | RSSI:-18 | SNR:9
1731776493s476:#####################FRAGDECODER PROCESS

.... FRAG_DECODER in Progress ....
EXPECTED   : 052 Fragments (02028 Bytes)
RECEIVED   : 046 Fragments
             01794 Bytes
LOST       : 000 Fragments

1731776493s481:RX_C on freq 869525000 Hz at DR 2
1731776493s482:#############OPENED CONTINUOUS RX C WINDOW
1731776500s496:MAC rxNotify
1731776500s496:NOTIFY
1731776500s496:MAC rxDone
1731776500s499:RXSLOT
1731776500s499:value of rxport: 201
###### D/L FRAME:0046 | PORT:201 | DR:2 | SLOT:C_MC | RSSI:-18 | SNR:9
1731776500s499:#####################FRAGDECODER PROCESS

.... FRAG_DECODER in Progress ....
EXPECTED   : 052 Fragments (02028 Bytes)
RECEIVED   : 047 Fragments
             01833 Bytes
LOST       : 000 Fragments

1731776500s504:RX_C on freq 869525000 Hz at DR 2
1731776500s505:#############OPENED CONTINUOUS RX C WINDOW
1731776506s525:MAC rxNotify
1731776506s525:NOTIFY
1731776506s525:MAC rxDone
1731776506s528:RXSLOT
1731776506s528:value of rxport: 201
###### D/L FRAME:0047 | PORT:201 | DR:2 | SLOT:C_MC | RSSI:-18 | SNR:8
1731776506s528:#####################FRAGDECODER PROCESS

.... FRAG_DECODER in Progress ....
EXPECTED   : 052 Fragments (02028 Bytes)
RECEIVED   : 048 Fragments
             01872 Bytes
LOST       : 000 Fragments

1731776506s533:RX_C on freq 869525000 Hz at DR 2
1731776506s534:#############OPENED CONTINUOUS RX C WINDOW
1731776512s551:MAC rxNotify
1731776512s551:NOTIFY
1731776512s551:MAC rxDone
1731776512s554:RXSLOT
1731776512s554:value of rxport: 201
###### D/L FRAME:0048 | PORT:201 | DR:2 | SLOT:C_MC | RSSI:-18 | SNR:8
1731776512s554:#####################FRAGDECODER PROCESS

.... FRAG_DECODER in Progress ....
EXPECTED   : 052 Fragments (02028 Bytes)
RECEIVED   : 049 Fragments
             01911 Bytes
LOST       : 000 Fragments

1731776512s558:RX_C on freq 869525000 Hz at DR 2
1731776512s559:#############OPENED CONTINUOUS RX C WINDOW
1731776518s585:MAC rxNotify
1731776518s585:NOTIFY
1731776518s586:MAC rxDone
1731776518s589:RXSLOT
1731776518s589:value of rxport: 201
###### D/L FRAME:0049 | PORT:201 | DR:2 | SLOT:C_MC | RSSI:-18 | SNR:9
1731776518s589:#####################FRAGDECODER PROCESS

.... FRAG_DECODER in Progress ....
EXPECTED   : 052 Fragments (02028 Bytes)
RECEIVED   : 050 Fragments
             01950 Bytes
LOST       : 000 Fragments

1731776518s594:RX_C on freq 869525000 Hz at DR 2
1731776518s595:#############OPENED CONTINUOUS RX C WINDOW
1731776525s611:MAC rxNotify
1731776525s611:NOTIFY
1731776525s611:MAC rxDone
1731776525s614:RXSLOT
1731776525s614:value of rxport: 201
###### D/L FRAME:0050 | PORT:201 | DR:2 | SLOT:C_MC | RSSI:-18 | SNR:9
1731776525s614:#####################FRAGDECODER PROCESS

.... FRAG_DECODER in Progress ....
EXPECTED   : 052 Fragments (02028 Bytes)
RECEIVED   : 051 Fragments
             01989 Bytes
LOST       : 000 Fragments

1731776525s619:RX_C on freq 869525000 Hz at DR 2
1731776525s620:#############OPENED CONTINUOUS RX C WINDOW
1731776531s633:MAC rxNotify
1731776531s633:NOTIFY
1731776531s633:MAC rxDone
1731776531s636:RXSLOT
1731776531s636:value of rxport: 201
###### D/L FRAME:0051 | PORT:201 | DR:2 | SLOT:C_MC | RSSI:-18 | SNR:9
1731776531s636:#####################FRAGDECODER PROCESS

.... FRAG_DECODER in Progress ....
EXPECTED   : 052 Fragments (02028 Bytes)
RECEIVED   : 052 Fragments
             02028 Bytes
LOST       : 000 Fragments


.... FRAG_DECODER Finished ....
STATUS     : 0
1731776531s637:ALL FRAGMENTS RECEIVED

= [SBOOT] System Security Check successfully passed. Starting...


======================================================================
=              (C) COPYRIGHT 2017 STMicroelectronics                 =
=                                                                    =
=              Secure Boot and Secure Firmware Update                =
======================================================================


= [SBOOT] SECURE ENGINE INITIALIZATION SUCCESSFUL
= [SBOOT] STATE: CHECK STATUS ON RESET
	  INFO: A Reboot has been triggered by a Software reset!
= [SBOOT] STATE: CHECK NEW FIRMWARE TO DOWNLOAD
= [SBOOT] STATE: CHECK KMS BLOB TO INSTALL
= [SBOOT] STATE: CHECK USER FW STATUS
	  A FW is detected in the slot SLOT_ACTIVE_1
= [SBOOT] STATE: VERIFY USER FW SIGNATURE
= [SBOOT] STATE: EXECUTE USER FIRMWAREAPPLICATION_VERSION: V1.3.0
MW_LORAWAN_VERSION:  V2.5.0
MW_RADIO_VERSION:    V1.3.0
L2_SPEC_VERSION:     V1.0.4
RP_SPEC_VERSION:     V2-1.0.1
###### AppKey:      2B:7E:15:16:28:AE:D2:A6:AB:F7:15:88:09:CF:4F:3C
###### NwkKey:      2B:7E:15:16:28:AE:D2:A6:AB:F7:15:88:09:CF:4F:3C
###### AppSKey:     69:29:07:0C:6C:9F:15:BE:2F:1F:DB:94:66:D6:C7:10
###### NwkSKey:     05:68:C1:96:82:55:43:D1:36:68:C8:88:1D:25:5F:10
###### DevEUI:      00:80:E1:15:05:AB:CD:7C
###### AppEUI:      01:01:01:01:01:01:01:01
###### DevAddr:     05:AB:CD:7C
###### KMS ENABLED