
= [SBOOT] System Security Check successfully passed. Starting...


======================================================================
=              (C) COPYRIGHT 2017 STMicroelectronics                 =
=                                                                    =
=              Secure Boot and Secure Firmware Update                =
======================================================================


= [SBOOT] SECURE ENGINE INITIALIZATION SUCCESSFUL
= [SBOOT] STATE: CHECK STATUS ON RESET
	  INFO: A Reboot has been triggered by a Hardware reset!
= [SBOOT] STATE: CHECK NEW FIRMWARE TO DOWNLOAD
= [SBOOT] STATE: CHECK KMS BLOB TO INSTALL
= [SBOOT] STATE: CHECK USER FW STATUS
	  A FW is detected in the slot SLOT_ACTIVE_1
= [SBOOT] STATE: VERIFY USER FW SIGNATURE
= [SBOOT] STATE: EXECUTE USER FIRMWAREAPPLICATION_VERSION: V1.3.0
MW_LORAWAN_VERSION:  V2.5.0
MW_RADIO_VERSION:    V1.3.0
L2_SPEC_VERSION:     V1.0.4
RP_SPEC_VERSION:     V2-1.0.1
###### AppKey:      2B:7E:15:16:28:AE:D2:A6:AB:F7:15:88:09:CF:4F:3C
###### NwkKey:      2B:7E:15:16:28:AE:D2:A6:AB:F7:15:88:09:CF:4F:3C
###### AppSKey:     D7:A2:0D:C4:A7:1F:FC:83:02:78:9A:7B:97:0E:4F:BA
###### NwkSKey:     2B:04:24:02:E2:5E:90:FE:59:0D:79:FE:26:FA:5E:AB
###### DevEUI:      00:80:E1:15:00:0A:D5:68
###### AppEUI:      01:01:01:01:01:01:01:01
###### DevAddr:     00:0A:D5:68
###### KMS ENABLED

###### = JOINED = OTAA =====================
[31mNetwork joined, choose app to execute:
BTN1: TxTimer send uplink every 10 sec
BTN2: Airtime test
[0m
###### U/L FRAME:JOIN | DR:4 | PWR:1
###### MCRootKey:   7D:F7:6B:0C:1A:B8:99:B3:3E:42:F0:47:B9:1B:54:6F
###### MCKEKey:     8C:B8:66:5E:0C:0E:0B:64:5B:2E:D9:E4:8A:19:27:7C
###### AppSKey:     65:E0:37:55:90:4B:3A:1E:E4:B5:81:9F:03:25:F2:63
###### NwkSKey:     F6:96:2D:6A:BA:2A:89:FA:4D:8E:36:00:C7:31:FC:12
###### DBIntKey:    7A:C4:7C:65:FE:25:9B:B6:54:BD:26:35:19:F8:9C:8E
###### DevEUI:      00:80:E1:15:00:0A:D5:68
###### AppEUI:      01:01:01:01:01:01:01:01
###### DevAddr:     01:22:F9:19
[32mStart tx timer regular[0m

###### ========== MCPS-Confirm =============
###### U/L FRAME:0001 | PORT:24 | DR:4 | PWR:1 | MSG TYPE:UNCONFIRMED
1731781960s364:value of rxport: 0
###### D/L FRAME:0000 | PORT:0 | DR:4 | SLOT:1 | RSSI:-15 | SNR:13
1731782019s155:Airtime test started: 0
1731782019s155:MAC Tx start packet size: 21
1731782019s158:TX on freq 868500000 Hz at DR 4
1731782019s158:RADIO SEND WITH size 21
1731782019s160:SEND REQUEST
1731782019s263:NOTIFY
1731782019s264:MAC txDone
1731782020s245:RX_1 on freq 868500000 Hz at DR 4
1731782020s296:IRQ_RX_TX_TIMEOUT
1731782020s296:NOTIFY
1731782020s296:MAC rxTimeOut
1731782021s294:RX_2 on freq 869525000 Hz at DR 0
1731782021s492:IRQ_RX_TX_TIMEOUT
1731782021s492:NOTIFY
1731782021s492:MAC rxTimeOut

###### ========== MCPS-Confirm =============
###### U/L FRAME:0002 | PORT:24 | DR:4 | PWR:1 | MSG TYPE:UNCONFIRMED
1731782079s160:Airtime test started: 0
1731782079s160:MAC Tx start packet size: 18
1731782079s164:TX on freq 867300000 Hz at DR 4
1731782079s164:RADIO SEND WITH size 18
1731782079s166:SEND REQUEST
1731782079s259:NOTIFY
1731782079s259:MAC txDone
1731782080s241:RX_1 on freq 867300000 Hz at DR 4
1731782080s292:IRQ_RX_TX_TIMEOUT
1731782080s292:NOTIFY
1731782080s292:MAC rxTimeOut
1731782081s290:RX_2 on freq 869525000 Hz at DR 0
1731782081s489:IRQ_RX_TX_TIMEOUT
1731782081s489:NOTIFY
1731782081s489:MAC rxTimeOut

###### ========== MCPS-Confirm =============
###### U/L FRAME:0003 | PORT:24 | DR:4 | PWR:1 | MSG TYPE:UNCONFIRMED
1731782139s166:Airtime test started: 0
1731782139s166:MAC Tx start packet size: 18
1731782139s170:TX on freq 868300000 Hz at DR 4
1731782139s170:RADIO SEND WITH size 18
1731782139s172:SEND REQUEST
1731782139s265:NOTIFY
1731782139s265:MAC txDone
1731782140s247:RX_1 on freq 868300000 Hz at DR 4
1731782140s298:IRQ_RX_TX_TIMEOUT
1731782140s298:NOTIFY
1731782140s298:MAC rxTimeOut
1731782141s296:RX_2 on freq 869525000 Hz at DR 0
1731782141s494:IRQ_RX_TX_TIMEOUT
1731782141s494:NOTIFY
1731782141s494:MAC rxTimeOut

###### ========== MCPS-Confirm =============
###### U/L FRAME:0004 | PORT:24 | DR:4 | PWR:1 | MSG TYPE:UNCONFIRMED
1731782199s172:Airtime test started: 0
1731782199s172:MAC Tx start packet size: 18
1731782199s176:TX on freq 868300000 Hz at DR 4
1731782199s176:RADIO SEND WITH size 18
1731782199s178:SEND REQUEST
1731782199s271:NOTIFY
1731782199s271:MAC txDone
1731782200s253:RX_1 on freq 868300000 Hz at DR 4
1731782200s304:IRQ_RX_TX_TIMEOUT
1731782200s304:NOTIFY
1731782200s304:MAC rxTimeOut
1731782201s302:RX_2 on freq 869525000 Hz at DR 0
1731782201s500:IRQ_RX_TX_TIMEOUT
1731782201s500:NOTIFY
1731782201s500:MAC rxTimeOut

###### ========== MCPS-Confirm =============
###### U/L FRAME:0005 | PORT:24 | DR:4 | PWR:1 | MSG TYPE:UNCONFIRMED
1731782259s178:Airtime test started: 0
1731782259s178:MAC Tx start packet size: 18
1731782259s182:TX on freq 867900000 Hz at DR 4
1731782259s182:RADIO SEND WITH size 18
1731782259s184:SEND REQUEST
1731782259s277:NOTIFY
1731782259s277:MAC txDone
1731782260s259:RX_1 on freq 867900000 Hz at DR 4
1731782260s310:IRQ_RX_TX_TIMEOUT
1731782260s310:NOTIFY
1731782260s310:MAC rxTimeOut
1731782261s308:RX_2 on freq 869525000 Hz at DR 0
1731782261s506:IRQ_RX_TX_TIMEOUT
1731782261s506:NOTIFY
1731782261s506:MAC rxTimeOut

###### ========== MCPS-Confirm =============
###### U/L FRAME:0006 | PORT:24 | DR:4 | PWR:1 | MSG TYPE:UNCONFIRMED
1731782319s184:Airtime test started: 0
1731782319s184:MAC Tx start packet size: 18
1731782319s188:TX on freq 868100000 Hz at DR 4
1731782319s188:RADIO SEND WITH size 18
1731782319s190:SEND REQUEST
1731782319s282:NOTIFY
1731782319s282:MAC txDone
1731782320s265:RX_1 on freq 868100000 Hz at DR 4
1731782320s316:IRQ_RX_TX_TIMEOUT
1731782320s316:NOTIFY
1731782320s316:MAC rxTimeOut
1731782321s314:RX_2 on freq 869525000 Hz at DR 0
1731782321s512:IRQ_RX_TX_TIMEOUT
1731782321s512:NOTIFY
1731782321s512:MAC rxTimeOut

###### ========== MCPS-Confirm =============
###### U/L FRAME:0007 | PORT:24 | DR:4 | PWR:1 | MSG TYPE:UNCONFIRMED
1731782379s190:Airtime test started: 0
1731782379s190:MAC Tx start packet size: 18
1731782379s194:TX on freq 867500000 Hz at DR 4
1731782379s194:RADIO SEND WITH size 18
1731782379s196:SEND REQUEST
1731782379s288:NOTIFY
1731782379s288:MAC txDone
1731782380s271:RX_1 on freq 867500000 Hz at DR 4
1731782380s322:IRQ_RX_TX_TIMEOUT
1731782380s322:NOTIFY
1731782380s322:MAC rxTimeOut
1731782381s320:RX_2 on freq 869525000 Hz at DR 0
1731782381s518:IRQ_RX_TX_TIMEOUT
1731782381s518:NOTIFY
1731782381s518:MAC rxTimeOut

###### ========== MCPS-Confirm =============
###### U/L FRAME:0008 | PORT:24 | DR:4 | PWR:1 | MSG TYPE:UNCONFIRMED
1731782439s196:Airtime test started: 0
1731782439s196:MAC Tx start packet size: 18
1731782439s199:TX on freq 867500000 Hz at DR 4
1731782439s199:RADIO SEND WITH size 18
1731782439s201:SEND REQUEST
1731782439s294:NOTIFY
1731782439s294:MAC txDone
1731782440s277:RX_1 on freq 867500000 Hz at DR 4
1731782440s327:IRQ_RX_TX_TIMEOUT
1731782440s327:NOTIFY
1731782440s327:MAC rxTimeOut
1731782441s325:RX_2 on freq 869525000 Hz at DR 0
1731782441s524:IRQ_RX_TX_TIMEOUT
1731782441s524:NOTIFY
1731782441s524:MAC rxTimeOut

###### ========== MCPS-Confirm =============
###### U/L FRAME:0009 | PORT:24 | DR:4 | PWR:1 | MSG TYPE:UNCONFIRMED
1731782499s201:Airtime test started: 0
1731782499s201:MAC Tx start packet size: 18
1731782499s205:TX on freq 867100000 Hz at DR 4
1731782499s205:RADIO SEND WITH size 18
1731782499s207:SEND REQUEST
1731782499s300:NOTIFY
1731782499s300:MAC txDone
1731782500s282:RX_1 on freq 867100000 Hz at DR 4
1731782500s333:IRQ_RX_TX_TIMEOUT
1731782500s333:NOTIFY
1731782500s333:MAC rxTimeOut
1731782501s331:RX_2 on freq 869525000 Hz at DR 0
1731782501s530:IRQ_RX_TX_TIMEOUT
1731782501s530:NOTIFY
1731782501s530:MAC rxTimeOut

###### ========== MCPS-Confirm =============
###### U/L FRAME:0010 | PORT:24 | DR:4 | PWR:1 | MSG TYPE:UNCONFIRMED
1731782559s207:Airtime test started: 0
1731782559s207:MAC Tx start packet size: 18
1731782559s211:TX on freq 867300000 Hz at DR 4
1731782559s211:RADIO SEND WITH size 18
1731782559s213:SEND REQUEST
1731782559s306:NOTIFY
1731782559s306:MAC txDone
1731782560s288:RX_1 on freq 867300000 Hz at DR 4
1731782560s339:IRQ_RX_TX_TIMEOUT
1731782560s339:NOTIFY
1731782560s339:MAC rxTimeOut
1731782561s337:RX_2 on freq 869525000 Hz at DR 0
1731782561s535:IRQ_RX_TX_TIMEOUT
1731782561s535:NOTIFY
1731782561s535:MAC rxTimeOut

###### ========== MCPS-Confirm =============
###### U/L FRAME:0011 | PORT:24 | DR:4 | PWR:1 | MSG TYPE:UNCONFIRMED
1731782619s213:Airtime test started: 0
1731782619s213:MAC Tx start packet size: 18
1731782619s217:TX on freq 868300000 Hz at DR 4
1731782619s217:RADIO SEND WITH size 18
1731782619s219:SEND REQUEST
1731782619s312:NOTIFY
1731782619s312:MAC txDone
1731782620s294:RX_1 on freq 868300000 Hz at DR 4
1731782620s345:IRQ_RX_TX_TIMEOUT
1731782620s345:NOTIFY
1731782620s345:MAC rxTimeOut
1731782621s343:RX_2 on freq 869525000 Hz at DR 0
1731782621s541:IRQ_RX_TX_TIMEOUT
1731782621s541:NOTIFY
1731782621s541:MAC rxTimeOut

###### ========== MCPS-Confirm =============
###### U/L FRAME:0012 | PORT:24 | DR:4 | PWR:1 | MSG TYPE:UNCONFIRMED
1731782679s219:Airtime test started: 0
1731782679s219:MAC Tx start packet size: 18
1731782679s223:TX on freq 868500000 Hz at DR 4
1731782679s223:RADIO SEND WITH size 18
1731782679s225:SEND REQUEST
1731782679s318:NOTIFY
1731782679s318:MAC txDone
1731782680s300:RX_1 on freq 868500000 Hz at DR 4
1731782680s351:IRQ_RX_TX_TIMEOUT
1731782680s351:NOTIFY
1731782680s351:MAC rxTimeOut
1731782681s349:RX_2 on freq 869525000 Hz at DR 0
1731782681s547:IRQ_RX_TX_TIMEOUT
1731782681s547:NOTIFY
1731782681s547:MAC rxTimeOut

###### ========== MCPS-Confirm =============
###### U/L FRAME:0013 | PORT:24 | DR:4 | PWR:1 | MSG TYPE:UNCONFIRMED
1731782739s225:Airtime test started: 0
1731782739s225:MAC Tx start packet size: 18
1731782739s229:TX on freq 867700000 Hz at DR 4
1731782739s229:RADIO SEND WITH size 18
1731782739s231:SEND REQUEST
1731782739s323:NOTIFY
1731782739s323:MAC txDone
1731782740s306:RX_1 on freq 867700000 Hz at DR 4
1731782740s357:IRQ_RX_TX_TIMEOUT
1731782740s357:NOTIFY
1731782740s357:MAC rxTimeOut
1731782741s355:RX_2 on freq 869525000 Hz at DR 0
1731782741s553:IRQ_RX_TX_TIMEOUT
1731782741s553:NOTIFY
1731782741s553:MAC rxTimeOut

###### ========== MCPS-Confirm =============
###### U/L FRAME:0014 | PORT:24 | DR:4 | PWR:1 | MSG TYPE:UNCONFIRMED
1731782799s231:Airtime test started: 0
1731782799s231:MAC Tx start packet size: 18
1731782799s235:TX on freq 868100000 Hz at DR 4
1731782799s235:RADIO SEND WITH size 18
1731782799s237:SEND REQUEST
1731782799s329:NOTIFY
1731782799s329:MAC txDone
1731782800s312:RX_1 on freq 868100000 Hz at DR 4
1731782800s363:IRQ_RX_TX_TIMEOUT
1731782800s363:NOTIFY
1731782800s363:MAC rxTimeOut
1731782801s361:RX_2 on freq 869525000 Hz at DR 0
1731782801s559:IRQ_RX_TX_TIMEOUT
1731782801s559:NOTIFY
1731782801s559:MAC rxTimeOut

###### ========== MCPS-Confirm =============
###### U/L FRAME:0015 | PORT:24 | DR:4 | PWR:1 | MSG TYPE:UNCONFIRMED
1731782859s237:Airtime test started: 0
1731782859s237:MAC Tx start packet size: 18
1731782859s240:TX on freq 867300000 Hz at DR 4
1731782859s240:RADIO SEND WITH size 18
1731782859s242:SEND REQUEST
1731782859s335:NOTIFY
1731782859s335:MAC txDone
1731782860s318:RX_1 on freq 867300000 Hz at DR 4
1731782860s368:IRQ_RX_TX_TIMEOUT
1731782860s368:NOTIFY
1731782860s368:MAC rxTimeOut
1731782861s366:RX_2 on freq 869525000 Hz at DR 0
1731782861s565:IRQ_RX_TX_TIMEOUT
1731782861s565:NOTIFY
1731782861s565:MAC rxTimeOut

###### ========== MCPS-Confirm =============
###### U/L FRAME:0016 | PORT:24 | DR:4 | PWR:1 | MSG TYPE:UNCONFIRMED
1731782919s242:Airtime test started: 0
1731782919s242:MAC Tx start packet size: 18
1731782919s246:TX on freq 867700000 Hz at DR 4
1731782919s246:RADIO SEND WITH size 18
1731782919s248:SEND REQUEST
1731782919s341:NOTIFY
1731782919s341:MAC txDone
1731782920s323:RX_1 on freq 867700000 Hz at DR 4
1731782920s374:IRQ_RX_TX_TIMEOUT
1731782920s374:NOTIFY
1731782920s374:MAC rxTimeOut
1731782921s372:RX_2 on freq 869525000 Hz at DR 0
1731782921s571:IRQ_RX_TX_TIMEOUT
1731782921s571:NOTIFY
1731782921s571:MAC rxTimeOut

###### ========== MCPS-Confirm =============
###### U/L FRAME:0017 | PORT:24 | DR:4 | PWR:1 | MSG TYPE:UNCONFIRMED
1731782979s248:Airtime test started: 0
1731782979s248:MAC Tx start packet size: 18
1731782979s252:TX on freq 867100000 Hz at DR 4
1731782979s252:RADIO SEND WITH size 18
1731782979s254:SEND REQUEST
1731782979s347:NOTIFY
1731782979s347:MAC txDone
1731782980s329:RX_1 on freq 867100000 Hz at DR 4
1731782980s380:IRQ_RX_TX_TIMEOUT
1731782980s380:NOTIFY
1731782980s380:MAC rxTimeOut
1731782981s378:RX_2 on freq 869525000 Hz at DR 0
1731782981s576:IRQ_RX_TX_TIMEOUT
1731782981s576:NOTIFY
1731782981s576:MAC rxTimeOut

###### ========== MCPS-Confirm =============
###### U/L FRAME:0018 | PORT:24 | DR:4 | PWR:1 | MSG TYPE:UNCONFIRMED
1731783039s254:Airtime test started: 0
1731783039s254:MAC Tx start packet size: 18
1731783039s258:TX on freq 867100000 Hz at DR 4
1731783039s258:RADIO SEND WITH size 18
1731783039s260:SEND REQUEST
1731783039s353:NOTIFY
1731783039s353:MAC txDone
1731783040s335:RX_1 on freq 867100000 Hz at DR 4
1731783040s386:IRQ_RX_TX_TIMEOUT
1731783040s386:NOTIFY
1731783040s386:MAC rxTimeOut
1731783041s384:RX_2 on freq 869525000 Hz at DR 0
1731783041s582:IRQ_RX_TX_TIMEOUT
1731783041s582:NOTIFY
1731783041s582:MAC rxTimeOut

###### ========== MCPS-Confirm =============
###### U/L FRAME:0019 | PORT:24 | DR:4 | PWR:1 | MSG TYPE:UNCONFIRMED
1731783099s260:Airtime test started: 0
1731783099s260:MAC Tx start packet size: 18
1731783099s264:TX on freq 868100000 Hz at DR 4
1731783099s264:RADIO SEND WITH size 18
1731783099s266:SEND REQUEST
1731783099s359:NOTIFY
1731783099s359:MAC txDone
1731783100s341:RX_1 on freq 868100000 Hz at DR 4
1731783100s392:IRQ_RX_TX_TIMEOUT
1731783100s392:NOTIFY
1731783100s392:MAC rxTimeOut
1731783101s390:RX_2 on freq 869525000 Hz at DR 0
1731783101s588:IRQ_RX_TX_TIMEOUT
1731783101s588:NOTIFY
1731783101s588:MAC rxTimeOut

###### ========== MCPS-Confirm =============
###### U/L FRAME:0020 | PORT:24 | DR:4 | PWR:1 | MSG TYPE:UNCONFIRMED
1731783159s266:Airtime test started: 0
1731783159s266:MAC Tx start packet size: 18
1731783159s270:TX on freq 868300000 Hz at DR 4
1731783159s270:RADIO SEND WITH size 18
1731783159s272:SEND REQUEST
1731783159s364:NOTIFY
1731783159s364:MAC txDone
1731783160s347:RX_1 on freq 868300000 Hz at DR 4
1731783160s531:MAC rxNotify
1731783160s531:NOTIFY
1731783160s531:MAC rxDone

###### ========== MCPS-Confirm =============
###### U/L FRAME:0021 | PORT:24 | DR:4 | PWR:1 | MSG TYPE:UNCONFIRMED
1731783160s533:value of rxport: 200
1731783160s533:MULTICAST CLASS C SETUP 2
###### D/L FRAME:0001 | PORT:200 | DR:4 | SLOT:1 | RSSI:-16 | SNR:15
1731783160s543:MAC Tx start packet size: 15
1731783160s547:TX on freq 867900000 Hz at DR 4
1731783160s548:RADIO SEND WITH size 15
ID          : 0
McAddr      : DDA0C586
McKey       : 11-E1-43-F4-AF-1C-A7-81-1D-58-C6-89-7A-07-39-5F
McFCountMin : 0
McFCountMax : 4294967295
SessionTime : 0
SessionTimeT: 1 s
Rx Freq     : 0
Rx DR       : DR_0
1731783160s642:NOTIFY
1731783160s642:MAC txDone
1731783161s624:RX_1 on freq 867900000 Hz at DR 4
1731783161s675:IRQ_RX_TX_TIMEOUT
1731783161s675:NOTIFY
1731783161s675:MAC rxTimeOut
1731783162s673:RX_2 on freq 869525000 Hz at DR 0
1731783162s871:IRQ_RX_TX_TIMEOUT
1731783162s871:NOTIFY
1731783162s871:MAC rxTimeOut

###### ========== MCPS-Confirm =============
###### U/L FRAME:0022 | PORT:200 | DR:4 | PWR:1 | MSG TYPE:UNCONFIRMED
1731783219s272:Airtime test started: 0
1731783219s272:MAC Tx start packet size: 18
1731783219s276:TX on freq 867900000 Hz at DR 4
1731783219s276:RADIO SEND WITH size 18
1731783219s278:SEND REQUEST
1731783219s370:NOTIFY
1731783219s370:MAC txDone
1731783220s353:RX_1 on freq 867900000 Hz at DR 4
1731783220s485:MAC rxNotify
1731783220s485:NOTIFY
1731783220s486:MAC rxDone

###### ========== MCPS-Confirm =============
###### U/L FRAME:0023 | PORT:24 | DR:4 | PWR:1 | MSG TYPE:UNCONFIRMED
1731783220s488:value of rxport: 201
###### D/L FRAME:0002 | PORT:201 | DR:4 | SLOT:1 | RSSI:-16 | SNR:14
1731783220s489:#####################FRAGDECODER INIT
1731783224s369:MAC Tx start packet size: 15
1731783224s373:TX on freq 867500000 Hz at DR 4
1731783224s373:RADIO SEND WITH size 15
1731783224s468:NOTIFY
1731783224s468:MAC txDone
1731783225s450:RX_1 on freq 867500000 Hz at DR 4
1731783225s582:MAC rxNotify
1731783225s582:NOTIFY
1731783225s582:MAC rxDone

###### ========== MCPS-Confirm =============
###### U/L FRAME:0024 | PORT:201 | DR:4 | PWR:1 | MSG TYPE:UNCONFIRMED
1731783225s585:value of rxport: 200
1731783225s586:MULTICAST CLASS C SETUP 4
###### D/L FRAME:0003 | PORT:200 | DR:4 | SLOT:1 | RSSI:-16 | SNR:15
Time2SessionStart: 299000 ms
1731783225s586:MAC Tx start packet size: 18
1731783225s590:TX on freq 867500000 Hz at DR 4
1731783225s591:RADIO SEND WITH size 18
ID          : 0
McAddr      : DDA0C586
McKey       : 11-E1-43-F4-AF-1C-A7-81-1D-58-C6-89-7A-07-39-5F
McFCountMin : 0
McFCountMax : 4294967295
SessionTime : 1731783524
SessionTimeT: 4096 s
Rx Freq     : 869525000
Rx DR       : DR_2
1731783225s685:NOTIFY
1731783225s685:MAC txDone
1731783226s667:RX_1 on freq 867500000 Hz at DR 4
1731783226s718:IRQ_RX_TX_TIMEOUT
1731783226s718:NOTIFY
1731783226s718:MAC rxTimeOut
1731783227s716:RX_2 on freq 869525000 Hz at DR 0
1731783227s914:IRQ_RX_TX_TIMEOUT
1731783227s914:NOTIFY
1731783227s914:MAC rxTimeOut

###### ========== MCPS-Confirm =============
###### U/L FRAME:0025 | PORT:200 | DR:4 | PWR:1 | MSG TYPE:UNCONFIRMED
1731783524s586:[SWITCHCLASS class C]
1731783524s601:RX_C on freq 869525000 Hz at DR 2
1731783524s603:#############OPENED CONTINUOUS RX C WINDOW
Switch to Class C done
1731783526s707:MAC rxNotify
1731783526s707:NOTIFY
1731783526s707:MAC rxDone
1731783526s711:RXSLOT
1731783526s711:value of rxport: 201
###### D/L FRAME:0000 | PORT:201 | DR:2 | SLOT:C_MC | RSSI:-13 | SNR:8
1731783526s711:#####################FRAGDECODER PROCESS

.... FRAG_DECODER in Progress ....
EXPECTED   : 052 Fragments (02028 Bytes)
RECEIVED   : 001 Fragments
             00039 Bytes
LOST       : 000 Fragments

1731783526s715:RX_C on freq 869525000 Hz at DR 2
1731783526s717:#############OPENED CONTINUOUS RX C WINDOW
1731783533s735:MAC rxNotify
1731783533s735:NOTIFY
1731783533s735:MAC rxDone
1731783533s738:RXSLOT
1731783533s738:value of rxport: 201
###### D/L FRAME:0001 | PORT:201 | DR:2 | SLOT:C_MC | RSSI:-13 | SNR:10
1731783533s738:#####################FRAGDECODER PROCESS

.... FRAG_DECODER in Progress ....
EXPECTED   : 052 Fragments (02028 Bytes)
RECEIVED   : 002 Fragments
             00078 Bytes
LOST       : 000 Fragments

1731783533s741:RX_C on freq 869525000 Hz at DR 2
1731783533s743:#############OPENED CONTINUOUS RX C WINDOW
1731783539s758:MAC rxNotify
1731783539s758:NOTIFY
1731783539s758:MAC rxDone
1731783539s761:RXSLOT
1731783539s761:value of rxport: 201
###### D/L FRAME:0002 | PORT:201 | DR:2 | SLOT:C_MC | RSSI:-14 | SNR:9
1731783539s761:#####################FRAGDECODER PROCESS

.... FRAG_DECODER in Progress ....
EXPECTED   : 052 Fragments (02028 Bytes)
RECEIVED   : 003 Fragments
             00117 Bytes
LOST       : 000 Fragments

1731783539s765:RX_C on freq 869525000 Hz at DR 2
1731783539s767:#############OPENED CONTINUOUS RX C WINDOW
1731783545s783:MAC rxNotify
1731783545s783:NOTIFY
1731783545s783:MAC rxDone
1731783545s786:RXSLOT
1731783545s786:value of rxport: 201
###### D/L FRAME:0003 | PORT:201 | DR:2 | SLOT:C_MC | RSSI:-14 | SNR:10
1731783545s786:#####################FRAGDECODER PROCESS

.... FRAG_DECODER in Progress ....
EXPECTED   : 052 Fragments (02028 Bytes)
RECEIVED   : 004 Fragments
             00156 Bytes
LOST       : 000 Fragments

1731783545s790:RX_C on freq 869525000 Hz at DR 2
1731783545s792:#############OPENED CONTINUOUS RX C WINDOW
1731783551s803:MAC rxNotify
1731783551s803:NOTIFY
1731783551s803:MAC rxDone
1731783551s806:RXSLOT
1731783551s806:value of rxport: 201
###### D/L FRAME:0004 | PORT:201 | DR:2 | SLOT:C_MC | RSSI:-14 | SNR:9
1731783551s806:#####################FRAGDECODER PROCESS

.... FRAG_DECODER in Progress ....
EXPECTED   : 052 Fragments (02028 Bytes)
RECEIVED   : 005 Fragments
             00195 Bytes
LOST       : 000 Fragments

1731783551s810:RX_C on freq 869525000 Hz at DR 2
1731783551s812:#############OPENED CONTINUOUS RX C WINDOW
1731783558s823:MAC rxNotify
1731783558s823:NOTIFY
1731783558s823:MAC rxDone
1731783558s825:RXSLOT
1731783558s825:value of rxport: 201
###### D/L FRAME:0005 | PORT:201 | DR:2 | SLOT:C_MC | RSSI:-14 | SNR:10
1731783558s825:#####################FRAGDECODER PROCESS

.... FRAG_DECODER in Progress ....
EXPECTED   : 052 Fragments (02028 Bytes)
RECEIVED   : 006 Fragments
             00234 Bytes
LOST       : 000 Fragments

1731783558s829:RX_C on freq 869525000 Hz at DR 2
1731783558s831:#############OPENED CONTINUOUS RX C WINDOW
1731783564s851:MAC rxNotify
1731783564s851:NOTIFY
1731783564s851:MAC rxDone
1731783564s854:RXSLOT
1731783564s854:value of rxport: 201
###### D/L FRAME:0006 | PORT:201 | DR:2 | SLOT:C_MC | RSSI:-14 | SNR:9
1731783564s854:#####################FRAGDECODER PROCESS

.... FRAG_DECODER in Progress ....
EXPECTED   : 052 Fragments (02028 Bytes)
RECEIVED   : 007 Fragments
             00273 Bytes
LOST       : 000 Fragments

1731783564s858:RX_C on freq 869525000 Hz at DR 2
1731783564s860:#############OPENED CONTINUOUS RX C WINDOW
1731783570s881:MAC rxNotify
1731783570s881:NOTIFY
1731783570s881:MAC rxDone
1731783570s885:RXSLOT
1731783570s885:value of rxport: 201
###### D/L FRAME:0007 | PORT:201 | DR:2 | SLOT:C_MC | RSSI:-14 | SNR:9
1731783570s885:#####################FRAGDECODER PROCESS

.... FRAG_DECODER in Progress ....
EXPECTED   : 052 Fragments (02028 Bytes)
RECEIVED   : 008 Fragments
             00312 Bytes
LOST       : 000 Fragments

1731783570s889:RX_C on freq 869525000 Hz at DR 2
1731783570s891:#############OPENED CONTINUOUS RX C WINDOW
1731783576s916:MAC rxNotify
1731783576s916:NOTIFY
1731783576s916:MAC rxDone
1731783576s919:RXSLOT
1731783576s919:value of rxport: 201
###### D/L FRAME:0008 | PORT:201 | DR:2 | SLOT:C_MC | RSSI:-13 | SNR:10
1731783576s919:#####################FRAGDECODER PROCESS

.... FRAG_DECODER in Progress ....
EXPECTED   : 052 Fragments (02028 Bytes)
RECEIVED   : 009 Fragments
             00351 Bytes
LOST       : 000 Fragments

1731783576s923:RX_C on freq 869525000 Hz at DR 2
1731783576s925:#############OPENED CONTINUOUS RX C WINDOW
1731783583s938:MAC rxNotify
1731783583s938:NOTIFY
1731783583s938:MAC rxDone
1731783583s941:RXSLOT
1731783583s941:value of rxport: 201
###### D/L FRAME:0009 | PORT:201 | DR:2 | SLOT:C_MC | RSSI:-13 | SNR:9
1731783583s941:#####################FRAGDECODER PROCESS

.... FRAG_DECODER in Progress ....
EXPECTED   : 052 Fragments (02028 Bytes)
RECEIVED   : 010 Fragments
             00390 Bytes
LOST       : 000 Fragments

1731783583s945:RX_C on freq 869525000 Hz at DR 2
1731783583s947:#############OPENED CONTINUOUS RX C WINDOW
1731783589s966:MAC rxNotify
1731783589s966:NOTIFY
1731783589s966:MAC rxDone
1731783589s969:RXSLOT
1731783589s969:value of rxport: 201
###### D/L FRAME:0010 | PORT:201 | DR:2 | SLOT:C_MC | RSSI:-14 | SNR:9
1731783589s969:#####################FRAGDECODER PROCESS

.... FRAG_DECODER in Progress ....
EXPECTED   : 052 Fragments (02028 Bytes)
RECEIVED   : 011 Fragments
             00429 Bytes
LOST       : 000 Fragments

1731783589s973:RX_C on freq 869525000 Hz at DR 2
1731783589s975:#############OPENED CONTINUOUS RX C WINDOW
1731783595s993:MAC rxNotify
1731783595s993:NOTIFY
1731783595s993:MAC rxDone
1731783595s996:RXSLOT
1731783595s996:value of rxport: 201
###### D/L FRAME:0011 | PORT:201 | DR:2 | SLOT:C_MC | RSSI:-14 | SNR:9
1731783595s996:#####################FRAGDECODER PROCESS

.... FRAG_DECODER in Progress ....
EXPECTED   : 052 Fragments (02028 Bytes)
RECEIVED   : 012 Fragments
             00468 Bytes
LOST       : 000 Fragments

1731783596s000:RX_C on freq 869525000 Hz at DR 2
1731783596s002:#############OPENED CONTINUOUS RX C WINDOW
1731783602s017:MAC rxNotify
1731783602s017:NOTIFY
1731783602s017:MAC rxDone
1731783602s020:RXSLOT
1731783602s020:value of rxport: 201
###### D/L FRAME:0012 | PORT:201 | DR:2 | SLOT:C_MC | RSSI:-14 | SNR:10
1731783602s020:#####################FRAGDECODER PROCESS

.... FRAG_DECODER in Progress ....
EXPECTED   : 052 Fragments (02028 Bytes)
RECEIVED   : 013 Fragments
             00507 Bytes
LOST       : 000 Fragments

1731783602s024:RX_C on freq 869525000 Hz at DR 2
1731783602s026:#############OPENED CONTINUOUS RX C WINDOW
1731783609s046:MAC rxNotify
1731783609s046:NOTIFY
1731783609s046:MAC rxDone
1731783609s049:RXSLOT
1731783609s049:value of rxport: 201
###### D/L FRAME:0013 | PORT:201 | DR:2 | SLOT:C_MC | RSSI:-13 | SNR:9
1731783609s049:#####################FRAGDECODER PROCESS

.... FRAG_DECODER in Progress ....
EXPECTED   : 052 Fragments (02028 Bytes)
RECEIVED   : 014 Fragments
             00546 Bytes
LOST       : 000 Fragments

1731783609s053:RX_C on freq 869525000 Hz at DR 2
1731783609s055:#############OPENED CONTINUOUS RX C WINDOW
1731783615s073:MAC rxNotify
1731783615s073:NOTIFY
1731783615s073:MAC rxDone
1731783615s075:RXSLOT
1731783615s075:value of rxport: 201
###### D/L FRAME:0014 | PORT:201 | DR:2 | SLOT:C_MC | RSSI:-13 | SNR:10
1731783615s075:#####################FRAGDECODER PROCESS

.... FRAG_DECODER in Progress ....
EXPECTED   : 052 Fragments (02028 Bytes)
RECEIVED   : 015 Fragments
             00585 Bytes
LOST       : 000 Fragments

1731783615s080:RX_C on freq 869525000 Hz at DR 2
1731783615s081:#############OPENED CONTINUOUS RX C WINDOW
1731783621s104:MAC rxNotify
1731783621s104:NOTIFY
1731783621s105:MAC rxDone
1731783621s108:RXSLOT
1731783621s108:value of rxport: 201
###### D/L FRAME:0015 | PORT:201 | DR:2 | SLOT:C_MC | RSSI:-14 | SNR:9
1731783621s108:#####################FRAGDECODER PROCESS

.... FRAG_DECODER in Progress ....
EXPECTED   : 052 Fragments (02028 Bytes)
RECEIVED   : 016 Fragments
             00624 Bytes
LOST       : 000 Fragments

1731783621s112:RX_C on freq 869525000 Hz at DR 2
1731783621s114:#############OPENED CONTINUOUS RX C WINDOW
1731783628s119:MAC rxNotify
1731783628s119:NOTIFY
1731783628s120:MAC rxDone
1731783628s123:RXSLOT
1731783628s123:value of rxport: 201
###### D/L FRAME:0016 | PORT:201 | DR:2 | SLOT:C_MC | RSSI:-14 | SNR:10
1731783628s123:#####################FRAGDECODER PROCESS

.... FRAG_DECODER in Progress ....
EXPECTED   : 052 Fragments (02028 Bytes)
RECEIVED   : 017 Fragments
             00663 Bytes
LOST       : 000 Fragments

1731783628s127:RX_C on freq 869525000 Hz at DR 2
1731783628s129:#############OPENED CONTINUOUS RX C WINDOW
1731783634s148:MAC rxNotify
1731783634s148:NOTIFY
1731783634s148:MAC rxDone
1731783634s151:RXSLOT
1731783634s151:value of rxport: 201
###### D/L FRAME:0017 | PORT:201 | DR:2 | SLOT:C_MC | RSSI:-14 | SNR:9
1731783634s151:#####################FRAGDECODER PROCESS

.... FRAG_DECODER in Progress ....
EXPECTED   : 052 Fragments (02028 Bytes)
RECEIVED   : 018 Fragments
             00702 Bytes
LOST       : 000 Fragments

1731783634s155:RX_C on freq 869525000 Hz at DR 2
1731783634s156:#############OPENED CONTINUOUS RX C WINDOW
1731783640s162:MAC rxNotify
1731783640s162:NOTIFY
1731783640s162:MAC rxDone
1731783640s165:RXSLOT
1731783640s165:value of rxport: 201
###### D/L FRAME:0018 | PORT:201 | DR:2 | SLOT:C_MC | RSSI:-13 | SNR:9
1731783640s165:#####################FRAGDECODER PROCESS

.... FRAG_DECODER in Progress ....
EXPECTED   : 052 Fragments (02028 Bytes)
RECEIVED   : 019 Fragments
             00741 Bytes
LOST       : 000 Fragments

1731783640s169:RX_C on freq 869525000 Hz at DR 2
1731783640s171:#############OPENED CONTINUOUS RX C WINDOW
1731783646s185:MAC rxNotify
1731783646s185:NOTIFY
1731783646s185:MAC rxDone
1731783646s188:RXSLOT
1731783646s188:value of rxport: 201
###### D/L FRAME:0019 | PORT:201 | DR:2 | SLOT:C_MC | RSSI:-13 | SNR:9
1731783646s188:#####################FRAGDECODER PROCESS

.... FRAG_DECODER in Progress ....
EXPECTED   : 052 Fragments (02028 Bytes)
RECEIVED   : 020 Fragments
             00780 Bytes
LOST       : 000 Fragments

1731783646s192:RX_C on freq 869525000 Hz at DR 2
1731783646s194:#############OPENED CONTINUOUS RX C WINDOW
1731783653s213:MAC rxNotify
1731783653s214:NOTIFY
1731783653s214:MAC rxDone
1731783653s217:RXSLOT
1731783653s217:value of rxport: 201
###### D/L FRAME:0020 | PORT:201 | DR:2 | SLOT:C_MC | RSSI:-14 | SNR:9
1731783653s217:#####################FRAGDECODER PROCESS

.... FRAG_DECODER in Progress ....
EXPECTED   : 052 Fragments (02028 Bytes)
RECEIVED   : 021 Fragments
             00819 Bytes
LOST       : 000 Fragments

1731783653s221:RX_C on freq 869525000 Hz at DR 2
1731783653s223:#############OPENED CONTINUOUS RX C WINDOW
1731783659s238:MAC rxNotify
1731783659s238:NOTIFY
1731783659s238:MAC rxDone
1731783659s241:RXSLOT
1731783659s241:value of rxport: 201
###### D/L FRAME:0021 | PORT:201 | DR:2 | SLOT:C_MC | RSSI:-14 | SNR:9
1731783659s241:#####################FRAGDECODER PROCESS

.... FRAG_DECODER in Progress ....
EXPECTED   : 052 Fragments (02028 Bytes)
RECEIVED   : 022 Fragments
             00858 Bytes
LOST       : 000 Fragments

1731783659s245:RX_C on freq 869525000 Hz at DR 2
1731783659s247:#############OPENED CONTINUOUS RX C WINDOW
1731783665s262:MAC rxNotify
1731783665s262:NOTIFY
1731783665s262:MAC rxDone
1731783665s265:RXSLOT
1731783665s265:value of rxport: 201
###### D/L FRAME:0022 | PORT:201 | DR:2 | SLOT:C_MC | RSSI:-13 | SNR:9
1731783665s265:#####################FRAGDECODER PROCESS

.... FRAG_DECODER in Progress ....
EXPECTED   : 052 Fragments (02028 Bytes)
RECEIVED   : 023 Fragments
             00897 Bytes
LOST       : 000 Fragments

1731783665s269:RX_C on freq 869525000 Hz at DR 2
1731783665s271:#############OPENED CONTINUOUS RX C WINDOW
1731783671s290:MAC rxNotify
1731783671s290:NOTIFY
1731783671s290:MAC rxDone
1731783671s293:RXSLOT
1731783671s293:value of rxport: 201
###### D/L FRAME:0023 | PORT:201 | DR:2 | SLOT:C_MC | RSSI:-13 | SNR:9
1731783671s293:#####################FRAGDECODER PROCESS

.... FRAG_DECODER in Progress ....
EXPECTED   : 052 Fragments (02028 Bytes)
RECEIVED   : 024 Fragments
             00936 Bytes
LOST       : 000 Fragments

1731783671s297:RX_C on freq 869525000 Hz at DR 2
1731783671s299:#############OPENED CONTINUOUS RX C WINDOW
1731783678s321:MAC rxNotify
1731783678s321:NOTIFY
1731783678s321:MAC rxDone
1731783678s323:RXSLOT
1731783678s323:value of rxport: 201
###### D/L FRAME:0024 | PORT:201 | DR:2 | SLOT:C_MC | RSSI:-13 | SNR:9
1731783678s323:#####################FRAGDECODER PROCESS

.... FRAG_DECODER in Progress ....
EXPECTED   : 052 Fragments (02028 Bytes)
RECEIVED   : 025 Fragments
             00975 Bytes
LOST       : 000 Fragments

1731783678s327:RX_C on freq 869525000 Hz at DR 2
1731783678s329:#############OPENED CONTINUOUS RX C WINDOW
1731783684s345:MAC rxNotify
1731783684s345:NOTIFY
1731783684s345:MAC rxDone
1731783684s348:RXSLOT
1731783684s348:value of rxport: 201
###### D/L FRAME:0025 | PORT:201 | DR:2 | SLOT:C_MC | RSSI:-14 | SNR:10
1731783684s348:#####################FRAGDECODER PROCESS

.... FRAG_DECODER in Progress ....
EXPECTED   : 052 Fragments (02028 Bytes)
RECEIVED   : 026 Fragments
             01014 Bytes
LOST       : 000 Fragments

1731783684s353:RX_C on freq 869525000 Hz at DR 2
1731783684s354:#############OPENED CONTINUOUS RX C WINDOW
1731783690s374:MAC rxNotify
1731783690s374:NOTIFY
1731783690s374:MAC rxDone
1731783690s377:RXSLOT
1731783690s377:value of rxport: 201
###### D/L FRAME:0026 | PORT:201 | DR:2 | SLOT:C_MC | RSSI:-14 | SNR:9
1731783690s377:#####################FRAGDECODER PROCESS

.... FRAG_DECODER in Progress ....
EXPECTED   : 052 Fragments (02028 Bytes)
RECEIVED   : 027 Fragments
             01053 Bytes
LOST       : 000 Fragments

1731783690s381:RX_C on freq 869525000 Hz at DR 2
1731783690s383:#############OPENED CONTINUOUS RX C WINDOW
1731783696s405:MAC rxNotify
1731783696s406:NOTIFY
1731783696s406:MAC rxDone
1731783696s408:RXSLOT
1731783696s408:value of rxport: 201
###### D/L FRAME:0027 | PORT:201 | DR:2 | SLOT:C_MC | RSSI:-14 | SNR:9
1731783696s408:#####################FRAGDECODER PROCESS

.... FRAG_DECODER in Progress ....
EXPECTED   : 052 Fragments (02028 Bytes)
RECEIVED   : 028 Fragments
             01092 Bytes
LOST       : 000 Fragments

1731783696s412:RX_C on freq 869525000 Hz at DR 2
1731783696s414:#############OPENED CONTINUOUS RX C WINDOW
1731783703s436:MAC rxNotify
1731783703s436:NOTIFY
1731783703s436:MAC rxDone
1731783703s439:RXSLOT
1731783703s439:value of rxport: 201
###### D/L FRAME:0028 | PORT:201 | DR:2 | SLOT:C_MC | RSSI:-14 | SNR:9
1731783703s439:#####################FRAGDECODER PROCESS

.... FRAG_DECODER in Progress ....
EXPECTED   : 052 Fragments (02028 Bytes)
RECEIVED   : 029 Fragments
             01131 Bytes
LOST       : 000 Fragments

1731783703s443:RX_C on freq 869525000 Hz at DR 2
1731783703s445:#############OPENED CONTINUOUS RX C WINDOW
1731783709s451:MAC rxNotify
1731783709s451:NOTIFY
1731783709s451:MAC rxDone
1731783709s454:RXSLOT
1731783709s454:value of rxport: 201
###### D/L FRAME:0029 | PORT:201 | DR:2 | SLOT:C_MC | RSSI:-14 | SNR:9
1731783709s454:#####################FRAGDECODER PROCESS

.... FRAG_DECODER in Progress ....
EXPECTED   : 052 Fragments (02028 Bytes)
RECEIVED   : 030 Fragments
             01170 Bytes
LOST       : 000 Fragments

1731783709s459:RX_C on freq 869525000 Hz at DR 2
1731783709s460:#############OPENED CONTINUOUS RX C WINDOW
1731783715s476:MAC rxNotify
1731783715s476:NOTIFY
1731783715s476:MAC rxDone
1731783715s479:RXSLOT
1731783715s479:value of rxport: 201
###### D/L FRAME:0030 | PORT:201 | DR:2 | SLOT:C_MC | RSSI:-14 | SNR:10
1731783715s479:#####################FRAGDECODER PROCESS

.... FRAG_DECODER in Progress ....
EXPECTED   : 052 Fragments (02028 Bytes)
RECEIVED   : 031 Fragments
             01209 Bytes
LOST       : 000 Fragments

1731783715s484:RX_C on freq 869525000 Hz at DR 2
1731783715s485:#############OPENED CONTINUOUS RX C WINDOW
1731783721s502:MAC rxNotify
1731783721s502:NOTIFY
1731783721s502:MAC rxDone
1731783721s505:RXSLOT
1731783721s505:value of rxport: 201
###### D/L FRAME:0031 | PORT:201 | DR:2 | SLOT:C_MC | RSSI:-13 | SNR:9
1731783721s505:#####################FRAGDECODER PROCESS

.... FRAG_DECODER in Progress ....
EXPECTED   : 052 Fragments (02028 Bytes)
RECEIVED   : 032 Fragments
             01248 Bytes
LOST       : 000 Fragments

1731783721s509:RX_C on freq 869525000 Hz at DR 2
1731783721s511:#############OPENED CONTINUOUS RX C WINDOW
1731783728s531:MAC rxNotify
1731783728s531:NOTIFY
1731783728s531:MAC rxDone
1731783728s533:RXSLOT
1731783728s533:value of rxport: 201
###### D/L FRAME:0032 | PORT:201 | DR:2 | SLOT:C_MC | RSSI:-13 | SNR:10
1731783728s533:#####################FRAGDECODER PROCESS

.... FRAG_DECODER in Progress ....
EXPECTED   : 052 Fragments (02028 Bytes)
RECEIVED   : 033 Fragments
             01287 Bytes
LOST       : 000 Fragments

1731783728s538:RX_C on freq 869525000 Hz at DR 2
1731783728s539:#############OPENED CONTINUOUS RX C WINDOW
1731783734s561:MAC rxNotify
1731783734s561:NOTIFY
1731783734s561:MAC rxDone
1731783734s564:RXSLOT
1731783734s564:value of rxport: 201
###### D/L FRAME:0033 | PORT:201 | DR:2 | SLOT:C_MC | RSSI:-14 | SNR:9
1731783734s564:#####################FRAGDECODER PROCESS

.... FRAG_DECODER in Progress ....
EXPECTED   : 052 Fragments (02028 Bytes)
RECEIVED   : 034 Fragments
             01326 Bytes
LOST       : 000 Fragments

1731783734s568:RX_C on freq 869525000 Hz at DR 2
1731783734s570:#############OPENED CONTINUOUS RX C WINDOW
1731783740s588:MAC rxNotify
1731783740s588:NOTIFY
1731783740s588:MAC rxDone
1731783740s591:RXSLOT
1731783740s591:value of rxport: 201
###### D/L FRAME:0034 | PORT:201 | DR:2 | SLOT:C_MC | RSSI:-14 | SNR:10
1731783740s591:#####################FRAGDECODER PROCESS

.... FRAG_DECODER in Progress ....
EXPECTED   : 052 Fragments (02028 Bytes)
RECEIVED   : 035 Fragments
             01365 Bytes
LOST       : 000 Fragments

1731783740s596:RX_C on freq 869525000 Hz at DR 2
1731783740s597:#############OPENED CONTINUOUS RX C WINDOW
1731783746s614:MAC rxNotify
1731783746s614:NOTIFY
1731783746s614:MAC rxDone
1731783746s617:RXSLOT
1731783746s617:value of rxport: 201
###### D/L FRAME:0035 | PORT:201 | DR:2 | SLOT:C_MC | RSSI:-14 | SNR:9
1731783746s617:#####################FRAGDECODER PROCESS

.... FRAG_DECODER in Progress ....
EXPECTED   : 052 Fragments (02028 Bytes)
RECEIVED   : 036 Fragments
             01404 Bytes
LOST       : 000 Fragments

1731783746s622:RX_C on freq 869525000 Hz at DR 2
1731783746s623:#############OPENED CONTINUOUS RX C WINDOW
1731783753s641:MAC rxNotify
1731783753s641:NOTIFY
1731783753s641:MAC rxDone
1731783753s645:RXSLOT
1731783753s645:value of rxport: 201
###### D/L FRAME:0036 | PORT:201 | DR:2 | SLOT:C_MC | RSSI:-14 | SNR:9
1731783753s645:#####################FRAGDECODER PROCESS

.... FRAG_DECODER in Progress ....
EXPECTED   : 052 Fragments (02028 Bytes)
RECEIVED   : 037 Fragments
             01443 Bytes
LOST       : 000 Fragments

1731783753s649:RX_C on freq 869525000 Hz at DR 2
1731783753s651:#############OPENED CONTINUOUS RX C WINDOW
1731783759s665:MAC rxNotify
1731783759s665:NOTIFY
1731783759s665:MAC rxDone
1731783759s668:RXSLOT
1731783759s668:value of rxport: 201
###### D/L FRAME:0037 | PORT:201 | DR:2 | SLOT:C_MC | RSSI:-14 | SNR:9
1731783759s668:#####################FRAGDECODER PROCESS

.... FRAG_DECODER in Progress ....
EXPECTED   : 052 Fragments (02028 Bytes)
RECEIVED   : 038 Fragments
             01482 Bytes
LOST       : 000 Fragments

1731783759s672:RX_C on freq 869525000 Hz at DR 2
1731783759s674:#############OPENED CONTINUOUS RX C WINDOW
1731783765s682:MAC rxNotify
1731783765s682:NOTIFY
1731783765s682:MAC rxDone
1731783765s685:RXSLOT
1731783765s685:value of rxport: 201
###### D/L FRAME:0038 | PORT:201 | DR:2 | SLOT:C_MC | RSSI:-14 | SNR:9
1731783765s685:#####################FRAGDECODER PROCESS

.... FRAG_DECODER in Progress ....
EXPECTED   : 052 Fragments (02028 Bytes)
RECEIVED   : 039 Fragments
             01521 Bytes
LOST       : 000 Fragments

1731783765s689:RX_C on freq 869525000 Hz at DR 2
1731783765s691:#############OPENED CONTINUOUS RX C WINDOW
1731783771s707:MAC rxNotify
1731783771s707:NOTIFY
1731783771s707:MAC rxDone
1731783771s710:RXSLOT
1731783771s710:value of rxport: 201
###### D/L FRAME:0039 | PORT:201 | DR:2 | SLOT:C_MC | RSSI:-14 | SNR:9
1731783771s710:#####################FRAGDECODER PROCESS

.... FRAG_DECODER in Progress ....
EXPECTED   : 052 Fragments (02028 Bytes)
RECEIVED   : 040 Fragments
             01560 Bytes
LOST       : 000 Fragments

1731783771s714:RX_C on freq 869525000 Hz at DR 2
1731783771s716:#############OPENED CONTINUOUS RX C WINDOW
1731783778s739:MAC rxNotify
1731783778s739:NOTIFY
1731783778s739:MAC rxDone
1731783778s741:RXSLOT
1731783778s741:value of rxport: 201
###### D/L FRAME:0040 | PORT:201 | DR:2 | SLOT:C_MC | RSSI:-14 | SNR:9
1731783778s741:#####################FRAGDECODER PROCESS

.... FRAG_DECODER in Progress ....
EXPECTED   : 052 Fragments (02028 Bytes)
RECEIVED   : 041 Fragments
             01599 Bytes
LOST       : 000 Fragments

1731783778s745:RX_C on freq 869525000 Hz at DR 2
1731783778s747:#############OPENED CONTINUOUS RX C WINDOW
1731783784s766:MAC rxNotify
1731783784s766:NOTIFY
1731783784s766:MAC rxDone
1731783784s769:RXSLOT
1731783784s769:value of rxport: 201
###### D/L FRAME:0041 | PORT:201 | DR:2 | SLOT:C_MC | RSSI:-14 | SNR:9
1731783784s769:#####################FRAGDECODER PROCESS

.... FRAG_DECODER in Progress ....
EXPECTED   : 052 Fragments (02028 Bytes)
RECEIVED   : 042 Fragments
             01638 Bytes
LOST       : 000 Fragments

1731783784s773:RX_C on freq 869525000 Hz at DR 2
1731783784s775:#############OPENED CONTINUOUS RX C WINDOW
1731783790s796:MAC rxNotify
1731783790s796:NOTIFY
1731783790s796:MAC rxDone
1731783790s799:RXSLOT
1731783790s799:value of rxport: 201
###### D/L FRAME:0042 | PORT:201 | DR:2 | SLOT:C_MC | RSSI:-14 | SNR:9
1731783790s799:#####################FRAGDECODER PROCESS

.... FRAG_DECODER in Progress ....
EXPECTED   : 052 Fragments (02028 Bytes)
RECEIVED   : 043 Fragments
             01677 Bytes
LOST       : 000 Fragments

1731783790s803:RX_C on freq 869525000 Hz at DR 2
1731783790s805:#############OPENED CONTINUOUS RX C WINDOW
1731783797s826:MAC rxNotify
1731783797s826:NOTIFY
1731783797s826:MAC rxDone
1731783797s829:RXSLOT
1731783797s829:value of rxport: 201
###### D/L FRAME:0043 | PORT:201 | DR:2 | SLOT:C_MC | RSSI:-14 | SNR:9
1731783797s829:#####################FRAGDECODER PROCESS

.... FRAG_DECODER in Progress ....
EXPECTED   : 052 Fragments (02028 Bytes)
RECEIVED   : 044 Fragments
             01716 Bytes
LOST       : 000 Fragments

1731783797s833:RX_C on freq 869525000 Hz at DR 2
1731783797s835:#############OPENED CONTINUOUS RX C WINDOW
1731783803s856:MAC rxNotify
1731783803s856:NOTIFY
1731783803s856:MAC rxDone
1731783803s860:RXSLOT
1731783803s860:value of rxport: 201
###### D/L FRAME:0044 | PORT:201 | DR:2 | SLOT:C_MC | RSSI:-14 | SNR:9
1731783803s860:#####################FRAGDECODER PROCESS

.... FRAG_DECODER in Progress ....
EXPECTED   : 052 Fragments (02028 Bytes)
RECEIVED   : 045 Fragments
             01755 Bytes
LOST       : 000 Fragments

1731783803s864:RX_C on freq 869525000 Hz at DR 2
1731783803s865:#############OPENED CONTINUOUS RX C WINDOW
1731783809s882:MAC rxNotify
1731783809s882:NOTIFY
1731783809s882:MAC rxDone
1731783809s885:RXSLOT
1731783809s885:value of rxport: 201
###### D/L FRAME:0045 | PORT:201 | DR:2 | SLOT:C_MC | RSSI:-14 | SNR:9
1731783809s885:#####################FRAGDECODER PROCESS

.... FRAG_DECODER in Progress ....
EXPECTED   : 052 Fragments (02028 Bytes)
RECEIVED   : 046 Fragments
             01794 Bytes
LOST       : 000 Fragments

1731783809s889:RX_C on freq 869525000 Hz at DR 2
1731783809s891:#############OPENED CONTINUOUS RX C WINDOW
1731783815s911:MAC rxNotify
1731783815s911:NOTIFY
1731783815s911:MAC rxDone
1731783815s914:RXSLOT
1731783815s914:value of rxport: 201
###### D/L FRAME:0046 | PORT:201 | DR:2 | SLOT:C_MC | RSSI:-14 | SNR:9
1731783815s914:#####################FRAGDECODER PROCESS

.... FRAG_DECODER in Progress ....
EXPECTED   : 052 Fragments (02028 Bytes)
RECEIVED   : 047 Fragments
             01833 Bytes
LOST       : 000 Fragments

1731783815s918:RX_C on freq 869525000 Hz at DR 2
1731783815s920:#############OPENED CONTINUOUS RX C WINDOW
1731783822s940:MAC rxNotify
1731783822s940:NOTIFY
1731783822s940:MAC rxDone
1731783822s943:RXSLOT
1731783822s943:value of rxport: 201
###### D/L FRAME:0047 | PORT:201 | DR:2 | SLOT:C_MC | RSSI:-14 | SNR:9
1731783822s943:#####################FRAGDECODER PROCESS

.... FRAG_DECODER in Progress ....
EXPECTED   : 052 Fragments (02028 Bytes)
RECEIVED   : 048 Fragments
             01872 Bytes
LOST       : 000 Fragments

1731783822s947:RX_C on freq 869525000 Hz at DR 2
1731783822s948:#############OPENED CONTINUOUS RX C WINDOW
1731783828s964:MAC rxNotify
1731783828s964:NOTIFY
1731783828s965:MAC rxDone
1731783828s968:RXSLOT
1731783828s968:value of rxport: 201
###### D/L FRAME:0048 | PORT:201 | DR:2 | SLOT:C_MC | RSSI:-14 | SNR:9
1731783828s968:#####################FRAGDECODER PROCESS

.... FRAG_DECODER in Progress ....
EXPECTED   : 052 Fragments (02028 Bytes)
RECEIVED   : 049 Fragments
             01911 Bytes
LOST       : 000 Fragments

1731783828s972:RX_C on freq 869525000 Hz at DR 2
1731783828s974:#############OPENED CONTINUOUS RX C WINDOW
1731783834s990:MAC rxNotify
1731783834s990:NOTIFY
1731783834s990:MAC rxDone
1731783834s993:RXSLOT
1731783834s993:value of rxport: 201
###### D/L FRAME:0049 | PORT:201 | DR:2 | SLOT:C_MC | RSSI:-14 | SNR:9
1731783834s993:#####################FRAGDECODER PROCESS

.... FRAG_DECODER in Progress ....
EXPECTED   : 052 Fragments (02028 Bytes)
RECEIVED   : 050 Fragments
             01950 Bytes
LOST       : 000 Fragments

1731783834s997:RX_C on freq 869525000 Hz at DR 2
1731783834s999:#############OPENED CONTINUOUS RX C WINDOW
1731783841s020:MAC rxNotify
1731783841s020:NOTIFY
1731783841s020:MAC rxDone
1731783841s023:RXSLOT
1731783841s023:value of rxport: 201
###### D/L FRAME:0050 | PORT:201 | DR:2 | SLOT:C_MC | RSSI:-14 | SNR:9
1731783841s023:#####################FRAGDECODER PROCESS

.... FRAG_DECODER in Progress ....
EXPECTED   : 052 Fragments (02028 Bytes)
RECEIVED   : 051 Fragments
             01989 Bytes
LOST       : 000 Fragments

1731783841s027:RX_C on freq 869525000 Hz at DR 2
1731783841s029:#############OPENED CONTINUOUS RX C WINDOW
1731783848s041:MAC rxNotify
1731783848s041:NOTIFY
1731783848s041:MAC rxDone
1731783848s044:RXSLOT
1731783848s044:value of rxport: 201
###### D/L FRAME:0051 | PORT:201 | DR:2 | SLOT:C_MC | RSSI:-14 | SNR:9
1731783848s044:#####################FRAGDECODER PROCESS

.... FRAG_DECODER in Progress ....
EXPECTED   : 052 Fragments (02028 Bytes)
RECEIVED   : 052 Fragments
             02028 Bytes
LOST       : 000 Fragments


.... FRAG_DECODER Finished ....
STATUS     : 0
1731783848s045:ALL FRAGMENTS RECEIVED

= [SBOOT] System Security Check successfully passed. Starting...


======================================================================
=              (C) COPYRIGHT 2017 STMicroelectronics                 =
=                                                                    =
=              Secure Boot and Secure Firmware Update                =
======================================================================


= [SBOOT] SECURE ENGINE INITIALIZATION SUCCESSFUL
= [SBOOT] STATE: CHECK STATUS ON RESET
	  INFO: A Reboot has been triggered by a Software reset!
= [SBOOT] STATE: CHECK NEW FIRMWARE TO DOWNLOAD
= [SBOOT] STATE: CHECK KMS BLOB TO INSTALL
= [SBOOT] STATE: CHECK USER FW STATUS
	  A FW is detected in the slot SLOT_ACTIVE_1
= [SBOOT] STATE: VERIFY USER FW SIGNATURE
= [SBOOT] STATE: EXECUTE USER FIRMWAREAPPLICATION_VERSION: V1.3.0
MW_LORAWAN_VERSION:  V2.5.0
MW_RADIO_VERSION:    V1.3.0
L2_SPEC_VERSION:     V1.0.4
RP_SPEC_VERSION:     V2-1.0.1
###### AppKey:      2B:7E:15:16:28:AE:D2:A6:AB:F7:15:88:09:CF:4F:3C
###### NwkKey:      2B:7E:15:16:28:AE:D2:A6:AB:F7:15:88:09:CF:4F:3C
###### AppSKey:     65:E0:37:55:90:4B:3A:1E:E4:B5:81:9F:03:25:F2:63
###### NwkSKey:     F6:96:2D:6A:BA:2A:89:FA:4D:8E:36:00:C7:31:FC:12
###### DevEUI:      00:80:E1:15:00:0A:D5:68
###### AppEUI:      01:01:01:01:01:01:01:01
###### DevAddr:     00:0A:D5:68
###### KMS ENABLED