
= [SBOOT] System Security Check successfully passed. Starting...


======================================================================
=              (C) COPYRIGHT 2017 STMicroelectronics                 =
=                                                                    =
=              Secure Boot and Secure Firmware Update                =
======================================================================


= [SBOOT] SECURE ENGINE INITIALIZATION SUCCESSFUL
= [SBOOT] STATE: CHECK STATUS ON RESET
	  INFO: A Reboot has been triggered by a Hardware reset!
= [SBOOT] STATE: CHECK NEW FIRMWARE TO DOWNLOAD
= [SBOOT] STATE: CHECK KMS BLOB TO INSTALL
= [SBOOT] STATE: CHECK USER FW STATUS
	  A FW is detected in the slot SLOT_ACTIVE_1
= [SBOOT] STATE: VERIFY USER FW SIGNATURE
= [SBOOT] STATE: EXECUTE USER FIRMWAREAPPLICATION_VERSION: V1.3.0
MW_LORAWAN_VERSION:  V2.5.0
MW_RADIO_VERSION:    V1.3.0
L2_SPEC_VERSION:     V1.0.4
RP_SPEC_VERSION:     V2-1.0.1
NVM DATA RESTORED
###### AppKey:      2B:7E:15:16:28:AE:D2:A6:AB:F7:15:88:09:CF:4F:3C
###### NwkKey:      2B:7E:15:16:28:AE:D2:A6:AB:F7:15:88:09:CF:4F:3C
###### AppSKey:     B5:03:E7:46:49:CF:83:81:10:A8:47:F8:A1:10:27:7E
###### NwkSKey:     64:9E:89:A6:74:03:26:A6:4D:10:61:8A:BE:B2:58:E4
###### DevEUI:      00:80:E1:15:05:AB:D0:6C
###### AppEUI:      01:01:01:01:01:01:01:01
###### DevAddr:     05:AB:D0:6C
###### KMS ENABLED

###### = JOINED = OTAA =====================
[31mNetwork joined, choose app to execute:
BTN1: TxTimer send uplink every 10 sec
BTN2: Airtime test
[0m
###### U/L FRAME:JOIN | DR:5 | PWR:1
###### MCRootKey:   7D:F7:6B:0C:1A:B8:99:B3:3E:42:F0:47:B9:1B:54:6F
###### MCKEKey:     8C:B8:66:5E:0C:0E:0B:64:5B:2E:D9:E4:8A:19:27:7C
###### AppSKey:     A5:50:16:51:03:61:50:87:50:68:40:27:AE:60:C6:A6
###### NwkSKey:     E0:34:D9:B3:13:8D:1E:E0:BF:B3:88:7B:25:9C:21:EC
###### DBIntKey:    7A:C4:7C:65:FE:25:9B:B6:54:BD:26:35:19:F8:9C:8E
###### DevEUI:      00:80:E1:15:05:AB:D0:6C
###### AppEUI:      01:01:01:01:01:01:01:01
###### DevAddr:     01:B9:A4:B5
###### ========== MCPS-Confirm =============
###### U/L FRAME:0001 | PORT:24 | DR:5 | PWR:1 | MSG TYPE:UNCONFIRMED
1731781933s387:value of rxport: 0
###### D/L FRAME:0000 | PORT:0 | DR:5 | SLOT:1 | RSSI:-12 | SNR:14
1731781992s280:Airtime test started: 0
1731781992s280:MAC Tx start packet size: 21
1731781992s284:TX on freq 868300000 Hz at DR 5
1731781992s284:RADIO SEND WITH size 21
1731781992s286:SEND REQUEST
1731781992s343:NOTIFY
1731781992s343:MAC txDone
1731781993s323:RX_1 on freq 868300000 Hz at DR 5
1731781993s370:IRQ_RX_TX_TIMEOUT
1731781993s370:NOTIFY
1731781993s370:MAC rxTimeOut
1731781994s374:RX_2 on freq 869525000 Hz at DR 0
1731781994s572:IRQ_RX_TX_TIMEOUT
1731781994s572:NOTIFY
1731781994s572:MAC rxTimeOut

###### ========== MCPS-Confirm =============
###### U/L FRAME:0002 | PORT:24 | DR:5 | PWR:1 | MSG TYPE:UNCONFIRMED
1731782052s286:Airtime test started: 0
1731782052s286:MAC Tx start packet size: 18
1731782052s290:TX on freq 868300000 Hz at DR 5
1731782052s290:RADIO SEND WITH size 18
1731782052s292:SEND REQUEST
1731782052s344:NOTIFY
1731782052s344:MAC txDone
1731782053s324:RX_1 on freq 868300000 Hz at DR 5
1731782053s371:IRQ_RX_TX_TIMEOUT
1731782053s371:NOTIFY
1731782053s371:MAC rxTimeOut
1731782054s375:RX_2 on freq 869525000 Hz at DR 0
1731782054s573:IRQ_RX_TX_TIMEOUT
1731782054s573:NOTIFY
1731782054s573:MAC rxTimeOut

###### ========== MCPS-Confirm =============
###### U/L FRAME:0003 | PORT:24 | DR:5 | PWR:1 | MSG TYPE:UNCONFIRMED
1731782112s292:Airtime test started: 0
1731782112s292:MAC Tx start packet size: 18
1731782112s296:TX on freq 867700000 Hz at DR 5
1731782112s296:RADIO SEND WITH size 18
1731782112s298:SEND REQUEST
1731782112s349:NOTIFY
1731782112s349:MAC txDone
1731782113s330:RX_1 on freq 867700000 Hz at DR 5
1731782113s377:IRQ_RX_TX_TIMEOUT
1731782113s377:NOTIFY
1731782113s377:MAC rxTimeOut
1731782114s381:RX_2 on freq 869525000 Hz at DR 0
1731782114s579:IRQ_RX_TX_TIMEOUT
1731782114s579:NOTIFY
1731782114s579:MAC rxTimeOut

###### ========== MCPS-Confirm =============
###### U/L FRAME:0004 | PORT:24 | DR:5 | PWR:1 | MSG TYPE:UNCONFIRMED
1731782172s298:Airtime test started: 0
1731782172s298:MAC Tx start packet size: 18
1731782172s302:TX on freq 867900000 Hz at DR 5
1731782172s302:RADIO SEND WITH size 18
1731782172s304:SEND REQUEST
1731782172s355:NOTIFY
1731782172s355:MAC txDone
1731782173s336:RX_1 on freq 867900000 Hz at DR 5
1731782173s383:IRQ_RX_TX_TIMEOUT
1731782173s383:NOTIFY
1731782173s383:MAC rxTimeOut
1731782174s387:RX_2 on freq 869525000 Hz at DR 0
1731782174s585:IRQ_RX_TX_TIMEOUT
1731782174s585:NOTIFY
1731782174s585:MAC rxTimeOut

###### ========== MCPS-Confirm =============
###### U/L FRAME:0005 | PORT:24 | DR:5 | PWR:1 | MSG TYPE:UNCONFIRMED
1731782232s304:Airtime test started: 0
1731782232s304:MAC Tx start packet size: 18
1731782232s307:TX on freq 867500000 Hz at DR 5
1731782232s307:RADIO SEND WITH size 18
1731782232s309:SEND REQUEST
1731782232s361:NOTIFY
1731782232s361:MAC txDone
1731782233s342:RX_1 on freq 867500000 Hz at DR 5
1731782233s388:IRQ_RX_TX_TIMEOUT
1731782233s388:NOTIFY
1731782233s388:MAC rxTimeOut
1731782234s392:RX_2 on freq 869525000 Hz at DR 0
1731782234s591:IRQ_RX_TX_TIMEOUT
1731782234s591:NOTIFY
1731782234s591:MAC rxTimeOut

###### ========== MCPS-Confirm =============
###### U/L FRAME:0006 | PORT:24 | DR:5 | PWR:1 | MSG TYPE:UNCONFIRMED
1731782292s309:Airtime test started: 0
1731782292s309:MAC Tx start packet size: 18
1731782292s313:TX on freq 867700000 Hz at DR 5
1731782292s313:RADIO SEND WITH size 18
1731782292s315:SEND REQUEST
1731782292s367:NOTIFY
1731782292s367:MAC txDone
1731782293s347:RX_1 on freq 867700000 Hz at DR 5
1731782293s455:MAC rxNotify
1731782293s455:NOTIFY
1731782293s455:MAC rxDone

###### ========== MCPS-Confirm =============
###### U/L FRAME:0007 | PORT:24 | DR:5 | PWR:1 | MSG TYPE:UNCONFIRMED
1731782293s458:value of rxport: 200
1731782293s458:MULTICAST CLASS C SETUP 2
###### D/L FRAME:0001 | PORT:200 | DR:5 | SLOT:1 | RSSI:-11 | SNR:14
1731782293s468:MAC Tx start packet size: 15
1731782293s471:TX on freq 868500000 Hz at DR 5
1731782293s472:RADIO SEND WITH size 15
ID          : 0
McAddr      : BF0944D2
McKey       : 19-ED-F0-F2-CC-B5-98-B1-82-FB-A9-C1-C8-9B-56-9C
McFCountMin : 0
McFCountMax : 4294967295
SessionTime : 0
SessionTimeT: 1 s
Rx Freq     : 0
Rx DR       : DR_0
1731782293s520:NOTIFY
1731782293s520:MAC txDone
1731782294s501:RX_1 on freq 868500000 Hz at DR 5
1731782294s583:MAC rxNotify
1731782294s583:NOTIFY
1731782294s583:MAC rxDone

###### ========== MCPS-Confirm =============
###### U/L FRAME:0008 | PORT:200 | DR:5 | PWR:1 | MSG TYPE:UNCONFIRMED
1731782294s585:value of rxport: 201
###### D/L FRAME:0002 | PORT:201 | DR:5 | SLOT:1 | RSSI:-11 | SNR:14
1731782294s586:#####################FRAGDECODER INIT
1731782298s468:MAC Tx start packet size: 15
1731782298s471:TX on freq 867300000 Hz at DR 5
1731782298s471:RADIO SEND WITH size 15
1731782298s519:NOTIFY
1731782298s519:MAC txDone
1731782299s500:RX_1 on freq 867300000 Hz at DR 5
1731782299s582:MAC rxNotify
1731782299s582:NOTIFY
1731782299s583:MAC rxDone

###### ========== MCPS-Confirm =============
###### U/L FRAME:0009 | PORT:201 | DR:5 | PWR:1 | MSG TYPE:UNCONFIRMED
1731782299s585:value of rxport: 200
1731782299s586:MULTICAST CLASS C SETUP 4
###### D/L FRAME:0003 | PORT:200 | DR:5 | SLOT:1 | RSSI:-11 | SNR:14
Time2SessionStart: 299000 ms
1731782299s586:MAC Tx start packet size: 18
1731782299s590:TX on freq 868300000 Hz at DR 5
1731782299s591:RADIO SEND WITH size 18
ID          : 0
McAddr      : BF0944D2
McKey       : 19-ED-F0-F2-CC-B5-98-B1-82-FB-A9-C1-C8-9B-56-9C
McFCountMin : 0
McFCountMax : 4294967295
SessionTime : 1731782598
SessionTimeT: 4096 s
Rx Freq     : 869525000
Rx DR       : DR_5
1731782299s643:NOTIFY
1731782299s643:MAC txDone
1731782300s624:RX_1 on freq 868300000 Hz at DR 5
1731782300s671:IRQ_RX_TX_TIMEOUT
1731782300s671:NOTIFY
1731782300s671:MAC rxTimeOut
1731782301s675:RX_2 on freq 869525000 Hz at DR 0
1731782301s873:IRQ_RX_TX_TIMEOUT
1731782301s873:NOTIFY
1731782301s873:MAC rxTimeOut

###### ========== MCPS-Confirm =============
###### U/L FRAME:0010 | PORT:200 | DR:5 | PWR:1 | MSG TYPE:UNCONFIRMED
1731782598s586:[SWITCHCLASS class C]
1731782598s600:RX_C on freq 869525000 Hz at DR 5
1731782598s602:#############OPENED CONTINUOUS RX C WINDOW
Switch to Class C done
1731782601s138:MAC rxNotify
1731782601s138:NOTIFY
1731782601s138:MAC rxDone
1731782601s145:RXSLOT
1731782601s145:value of rxport: 201
###### D/L FRAME:0000 | PORT:201 | DR:5 | SLOT:C_MC | RSSI:-8 | SNR:14
1731782601s145:#####################FRAGDECODER PROCESS

.... FRAG_DECODER in Progress ....
EXPECTED   : 009 Fragments (02070 Bytes)
RECEIVED   : 001 Fragments
             00230 Bytes
LOST       : 000 Fragments

1731782601s149:RX_C on freq 869525000 Hz at DR 5
1731782601s151:#############OPENED CONTINUOUS RX C WINDOW
1731782605s167:MAC rxNotify
1731782605s167:NOTIFY
1731782605s167:MAC rxDone
1731782605s175:RXSLOT
1731782605s175:value of rxport: 201
###### D/L FRAME:0001 | PORT:201 | DR:5 | SLOT:C_MC | RSSI:-8 | SNR:14
1731782605s175:#####################FRAGDECODER PROCESS

.... FRAG_DECODER in Progress ....
EXPECTED   : 009 Fragments (02070 Bytes)
RECEIVED   : 002 Fragments
             00460 Bytes
LOST       : 000 Fragments

1731782605s179:RX_C on freq 869525000 Hz at DR 5
1731782605s180:#############OPENED CONTINUOUS RX C WINDOW
1731782610s185:MAC rxNotify
1731782610s185:NOTIFY
1731782610s185:MAC rxDone
1731782610s193:RXSLOT
1731782610s193:value of rxport: 201
###### D/L FRAME:0002 | PORT:201 | DR:5 | SLOT:C_MC | RSSI:-8 | SNR:14
1731782610s193:#####################FRAGDECODER PROCESS

.... FRAG_DECODER in Progress ....
EXPECTED   : 009 Fragments (02070 Bytes)
RECEIVED   : 003 Fragments
             00690 Bytes
LOST       : 000 Fragments

1731782610s197:RX_C on freq 869525000 Hz at DR 5
1731782610s199:#############OPENED CONTINUOUS RX C WINDOW
1731782614s208:MAC rxNotify
1731782614s208:NOTIFY
1731782614s208:MAC rxDone
1731782614s216:RXSLOT
1731782614s216:value of rxport: 201
###### D/L FRAME:0003 | PORT:201 | DR:5 | SLOT:C_MC | RSSI:-8 | SNR:14
1731782614s216:#####################FRAGDECODER PROCESS

.... FRAG_DECODER in Progress ....
EXPECTED   : 009 Fragments (02070 Bytes)
RECEIVED   : 004 Fragments
             00920 Bytes
LOST       : 000 Fragments

1731782614s220:RX_C on freq 869525000 Hz at DR 5
1731782614s221:#############OPENED CONTINUOUS RX C WINDOW
1731782619s232:MAC rxNotify
1731782619s232:NOTIFY
1731782619s232:MAC rxDone
1731782619s240:RXSLOT
1731782619s240:value of rxport: 201
###### D/L FRAME:0004 | PORT:201 | DR:5 | SLOT:C_MC | RSSI:-8 | SNR:14
1731782619s240:#####################FRAGDECODER PROCESS

.... FRAG_DECODER in Progress ....
EXPECTED   : 009 Fragments (02070 Bytes)
RECEIVED   : 005 Fragments
             01150 Bytes
LOST       : 000 Fragments

1731782619s244:RX_C on freq 869525000 Hz at DR 5
1731782619s246:#############OPENED CONTINUOUS RX C WINDOW
1731782624s254:MAC rxNotify
1731782624s254:NOTIFY
1731782624s254:MAC rxDone
1731782624s262:RXSLOT
1731782624s262:value of rxport: 201
###### D/L FRAME:0005 | PORT:201 | DR:5 | SLOT:C_MC | RSSI:-9 | SNR:14
1731782624s262:#####################FRAGDECODER PROCESS

.... FRAG_DECODER in Progress ....
EXPECTED   : 009 Fragments (02070 Bytes)
RECEIVED   : 006 Fragments
             01380 Bytes
LOST       : 000 Fragments

1731782624s265:RX_C on freq 869525000 Hz at DR 5
1731782624s267:#############OPENED CONTINUOUS RX C WINDOW
1731782628s276:MAC rxNotify
1731782628s276:NOTIFY
1731782628s276:MAC rxDone
1731782628s285:RXSLOT
1731782628s285:value of rxport: 201
###### D/L FRAME:0006 | PORT:201 | DR:5 | SLOT:C_MC | RSSI:-8 | SNR:14
1731782628s285:#####################FRAGDECODER PROCESS

.... FRAG_DECODER in Progress ....
EXPECTED   : 009 Fragments (02070 Bytes)
RECEIVED   : 007 Fragments
             01610 Bytes
LOST       : 000 Fragments

1731782628s289:RX_C on freq 869525000 Hz at DR 5
1731782628s291:#############OPENED CONTINUOUS RX C WINDOW
1731782633s305:MAC rxNotify
1731782633s305:NOTIFY
1731782633s305:MAC rxDone
1731782633s313:RXSLOT
1731782633s313:value of rxport: 201
###### D/L FRAME:0007 | PORT:201 | DR:5 | SLOT:C_MC | RSSI:-8 | SNR:14
1731782633s313:#####################FRAGDECODER PROCESS

.... FRAG_DECODER in Progress ....
EXPECTED   : 009 Fragments (02070 Bytes)
RECEIVED   : 008 Fragments
             01840 Bytes
LOST       : 000 Fragments

1731782633s317:RX_C on freq 869525000 Hz at DR 5
1731782633s319:#############OPENED CONTINUOUS RX C WINDOW
1731782638s328:MAC rxNotify
1731782638s328:NOTIFY
1731782638s328:MAC rxDone
1731782638s336:RXSLOT
1731782638s336:value of rxport: 201
###### D/L FRAME:0008 | PORT:201 | DR:5 | SLOT:C_MC | RSSI:-8 | SNR:14
1731782638s336:#####################FRAGDECODER PROCESS

.... FRAG_DECODER in Progress ....
EXPECTED   : 009 Fragments (02070 Bytes)
RECEIVED   : 009 Fragments
             02070 Bytes
LOST       : 000 Fragments


.... FRAG_DECODER Finished ....
STATUS     : 0
1731782638s336:ALL FRAGMENTS RECEIVED

= [SBOOT] System Security Check successfully passed. Starting...


======================================================================
=              (C) COPYRIGHT 2017 STMicroelectronics                 =
=                                                                    =
=              Secure Boot and Secure Firmware Update                =
======================================================================


= [SBOOT] SECURE ENGINE INITIALIZATION SUCCESSFUL
= [SBOOT] STATE: CHECK STATUS ON RESET
	  INFO: A Reboot has been triggered by a Software reset!
= [SBOOT] STATE: CHECK NEW FIRMWARE TO DOWNLOAD
= [SBOOT] STATE: CHECK KMS BLOB TO INSTALL
= [SBOOT] STATE: CHECK USER FW STATUS
	  A FW is detected in the slot SLOT_ACTIVE_1
= [SBOOT] STATE: VERIFY USER FW SIGNATURE
= [SBOOT] STATE: EXECUTE USER FIRMWAREAPPLICATION_VERSION: V1.3.0
MW_LORAWAN_VERSION:  V2.5.0
MW_RADIO_VERSION:    V1.3.0
L2_SPEC_VERSION:     V1.0.4
RP_SPEC_VERSION:     V2-1.0.1
NVM DATA RESTORED
###### AppKey:      2B:7E:15:16:28:AE:D2:A6:AB:F7:15:88:09:CF:4F:3C
###### NwkKey:      2B:7E:15:16:28:AE:D2:A6:AB:F7:15:88:09:CF:4F:3C
###### AppSKey:     A5:50:16:51:03:61:50:87:50:68:40:27:AE:60:C6:A6
###### NwkSKey:     E0:34:D9:B3:13:8D:1E:E0:BF:B3:88:7B:25:9C:21:EC
###### DevEUI:      00:80:E1:15:05:AB:D0:6C
###### AppEUI:      01:01:01:01:01:01:01:01
###### DevAddr:     05:AB:D0:6C
###### KMS ENABLED