
= [SBOO
= [SBOOT] System Security Check successfully passed. Starting...


======================================================================
=              (C) COPYRIGHT 2017 STMicroelectronics                 =
=                                                                    =
=              Secure Boot and Secure Firmware Update                =
======================================================================


= [SBOOT] SECURE ENGINE INITIALIZATION SUCCESSFUL
= [SBOOT] STATE: CHECK STATUS ON RESET
	  INFO: A Reboot has been triggered by a Hardware reset!
= [SBOOT] STATE: CHECK NEW FIRMWARE TO DOWNLOAD
= [SBOOT] STATE: CHECK KMS BLOB TO INSTALL
= [SBOOT] STATE: CHECK USER FW STATUS
	  A FW is detected in the slot SLOT_ACTIVE_1
= [SBOOT] STATE: VERIFY USER FW SIGNATURE
= [SBOOT] STATE: EXECUTE USER FIRMWAREAPPLICATION_VERSION: V1.3.0
MW_LORAWAN_VERSION:  V2.5.0
MW_RADIO_VERSION:    V1.3.0
L2_SPEC_VERSION:     V1.0.4
RP_SPEC_VERSION:     V2-1.0.1
NVM DATA RESTORED
###### AppKey:      2B:7E:15:16:28:AE:D2:A6:AB:F7:15:88:09:CF:4F:3C
###### NwkKey:      2B:7E:15:16:28:AE:D2:A6:AB:F7:15:88:09:CF:4F:3C
###### AppSKey:     CB:95:53:2F:4C:E5:8D:40:2A:7B:19:FF:2C:8C:FF:61
###### NwkSKey:     11:14:6C:35:00:6F:1A:7E:AD:05:0C:2A:19:0C:C1:B2
###### DevEUI:      00:80:E1:15:05:AB:D0:6C
###### AppEUI:      01:01:01:01:01:01:01:01
###### DevAddr:     05:AB:D0:6C
###### KMS ENABLED
===============
[31mNetwork joined, choose app to execute:
BTN1: TxTimer send uplink every 10 sec
BTN2: Airtime test
[0m
###### U/L FRAME:JOIN | DR:2 | PWR:1
###### MCRootKey:   7D:F7:6B:0C:1A:B8:99:B3:3E:42:F0:47:B9:1B:54:6F
###### MCKEKey:     8C:B8:66:5E:0C:0E:0B:64:5B:2E:D9:E4:8A:19:27:7C
###### AppSKey:     BC:D1:FA:BB:29:5C:1C:F1:0C:32:DC:F5:AB:F2:63:BB
###### NwkSKey:     4C:4D:26:89:D9:59:3A:8B:DA:59:D5:B8:52:36:00:30
###### DBIntKey:    7A:C4:7C:65:FE:25:9B:B6:54:BD:26:35:19:F8:9C:8E
###### DevEUI:      00:80:E1:15:05:AB:D0:6C
###### AppEUI:      01:01:01:01:01:01:01:01
###### DevAddr:     00:B3:E0:82
[32mStart tx timer regular[0m

###### ========== MCPS-Confirm =============
###### U/L FRAME:0001 | PORT:24 | DR:2 | PWR:1 | MSG TYPE:UNCONFIRMED
1731944057s674:value of rxport: 0
###### D/L FRAME:0000 | PORT:0 | DR:2 | SLOT:1 | RSSI:-1 | SNR:9
1731944086s005:Airtime test started: 0
1731944086s005:MAC Tx start packet size: 21
1731944086s009:TX on freq 868100000 Hz at DR 2
1731944086s009:RADIO SEND WITH size 21
1731944086s011:SEND REQUEST
1731944086s382:NOTIFY
1731944086s382:MAC txDone
1731944087s376:RX_1 on freq 868100000 Hz at DR 2
1731944087s444:IRQ_RX_TX_TIMEOUT
1731944087s444:NOTIFY
1731944087s444:MAC rxTimeOut
1731944088s414:RX_2 on freq 869525000 Hz at DR 0
1731944088s612:IRQ_RX_TX_TIMEOUT
1731944088s612:NOTIFY
1731944088s612:MAC rxTimeOut

###### ========== MCPS-Confirm =============
###### U/L FRAME:0002 | PORT:24 | DR:2 | PWR:1 | MSG TYPE:UNCONFIRMED
1731944116s011:Airtime test started: 0
1731944116s011:MAC Tx start packet size: 18
1731944116s015:TX on freq 868300000 Hz at DR 2
1731944116s015:RADIO SEND WITH size 18
1731944116s017:SEND REQUEST
1731944116s347:NOTIFY
1731944116s347:MAC txDone
1731944117s341:RX_1 on freq 868300000 Hz at DR 2
1731944117s409:IRQ_RX_TX_TIMEOUT
1731944117s409:NOTIFY
1731944117s409:MAC rxTimeOut
1731944118s378:RX_2 on freq 869525000 Hz at DR 0
1731944118s577:IRQ_RX_TX_TIMEOUT
1731944118s577:NOTIFY
1731944118s577:MAC rxTimeOut

###### ========== MCPS-Confirm =============
###### U/L FRAME:0003 | PORT:24 | DR:2 | PWR:1 | MSG TYPE:UNCONFIRMED
1731944146s017:Airtime test started: 0
1731944146s017:MAC Tx start packet size: 18
1731944146s021:TX on freq 867700000 Hz at DR 2
1731944146s021:RADIO SEND WITH size 18
1731944146s023:SEND REQUEST
1731944146s353:NOTIFY
1731944146s353:MAC txDone
1731944147s347:RX_1 on freq 867700000 Hz at DR 2
1731944147s415:IRQ_RX_TX_TIMEOUT
1731944147s415:NOTIFY
1731944147s415:MAC rxTimeOut
1731944148s384:RX_2 on freq 869525000 Hz at DR 0
1731944148s583:IRQ_RX_TX_TIMEOUT
1731944148s583:NOTIFY
1731944148s583:MAC rxTimeOut

###### ========== MCPS-Confirm =============
###### U/L FRAME:0004 | PORT:24 | DR:2 | PWR:1 | MSG TYPE:UNCONFIRMED
1731944176s023:Airtime test started: 0
1731944176s023:MAC Tx start packet size: 18
1731944176s027:TX on freq 867900000 Hz at DR 2
1731944176s027:RADIO SEND WITH size 18
1731944176s029:SEND REQUEST
1731944176s359:NOTIFY
1731944176s359:MAC txDone
1731944177s353:RX_1 on freq 867900000 Hz at DR 2
1731944177s420:IRQ_RX_TX_TIMEOUT
1731944177s420:NOTIFY
1731944177s420:MAC rxTimeOut
1731944178s390:RX_2 on freq 869525000 Hz at DR 0
1731944178s588:IRQ_RX_TX_TIMEOUT
1731944178s588:NOTIFY
1731944178s588:MAC rxTimeOut

###### ========== MCPS-Confirm =============
###### U/L FRAME:0005 | PORT:24 | DR:2 | PWR:1 | MSG TYPE:UNCONFIRMED
1731944206s029:Airtime test started: 0
1731944206s029:MAC Tx start packet size: 18
1731944206s033:TX on freq 867500000 Hz at DR 2
1731944206s033:RADIO SEND WITH size 18
1731944206s035:SEND REQUEST
1731944206s365:NOTIFY
1731944206s365:MAC txDone
1731944207s359:RX_1 on freq 867500000 Hz at DR 2
1731944207s426:IRQ_RX_TX_TIMEOUT
1731944207s426:NOTIFY
1731944207s426:MAC rxTimeOut
1731944208s396:RX_2 on freq 869525000 Hz at DR 0
1731944208s594:IRQ_RX_TX_TIMEOUT
1731944208s594:NOTIFY
1731944208s594:MAC rxTimeOut

###### ========== MCPS-Confirm =============
###### U/L FRAME:0006 | PORT:24 | DR:2 | PWR:1 | MSG TYPE:UNCONFIRMED
1731944236s035:Airtime test started: 0
1731944236s035:MAC Tx start packet size: 18
1731944236s039:TX on freq 867700000 Hz at DR 2
1731944236s039:RADIO SEND WITH size 18
1731944236s041:SEND REQUEST
1731944236s371:NOTIFY
1731944236s371:MAC txDone
1731944237s365:RX_1 on freq 867700000 Hz at DR 2
1731944237s432:IRQ_RX_TX_TIMEOUT
1731944237s432:NOTIFY
1731944237s432:MAC rxTimeOut
1731944238s402:RX_2 on freq 869525000 Hz at DR 0
1731944238s600:IRQ_RX_TX_TIMEOUT
1731944238s600:NOTIFY
1731944238s600:MAC rxTimeOut

###### ========== MCPS-Confirm =============
###### U/L FRAME:0007 | PORT:24 | DR:2 | PWR:1 | MSG TYPE:UNCONFIRMED
1731944266s041:Airtime test started: 0
1731944266s041:MAC Tx start packet size: 18
1731944266s044:TX on freq 867100000 Hz at DR 2
1731944266s044:RADIO SEND WITH size 18
1731944266s046:SEND REQUEST
1731944266s376:NOTIFY
1731944266s376:MAC txDone
1731944267s371:RX_1 on freq 867100000 Hz at DR 2
1731944267s438:IRQ_RX_TX_TIMEOUT
1731944267s438:NOTIFY
1731944267s438:MAC rxTimeOut
1731944268s408:RX_2 on freq 869525000 Hz at DR 0
1731944268s606:IRQ_RX_TX_TIMEOUT
1731944268s606:NOTIFY
1731944268s606:MAC rxTimeOut

###### ========== MCPS-Confirm =============
###### U/L FRAME:0008 | PORT:24 | DR:2 | PWR:1 | MSG TYPE:UNCONFIRMED
1731944296s046:Airtime test started: 0
1731944296s046:MAC Tx start packet size: 18
1731944296s050:TX on freq 867100000 Hz at DR 2
1731944296s050:RADIO SEND WITH size 18
1731944296s052:SEND REQUEST
1731944296s382:NOTIFY
1731944296s382:MAC txDone
1731944297s376:RX_1 on freq 867100000 Hz at DR 2
1731944297s444:IRQ_RX_TX_TIMEOUT
1731944297s444:NOTIFY
1731944297s444:MAC rxTimeOut
1731944298s414:RX_2 on freq 869525000 Hz at DR 0
1731944298s612:IRQ_RX_TX_TIMEOUT
1731944298s612:NOTIFY
1731944298s612:MAC rxTimeOut

###### ========== MCPS-Confirm =============
###### U/L FRAME:0009 | PORT:24 | DR:2 | PWR:1 | MSG TYPE:UNCONFIRMED
1731944326s052:Airtime test started: 0
1731944326s052:MAC Tx start packet size: 18
1731944326s056:TX on freq 868300000 Hz at DR 2
1731944326s056:RADIO SEND WITH size 18
1731944326s058:SEND REQUEST
1731944326s388:NOTIFY
1731944326s388:MAC txDone
1731944327s382:RX_1 on freq 868300000 Hz at DR 2
1731944327s450:IRQ_RX_TX_TIMEOUT
1731944327s450:NOTIFY
1731944327s450:MAC rxTimeOut
1731944328s419:RX_2 on freq 869525000 Hz at DR 0
1731944328s618:IRQ_RX_TX_TIMEOUT
1731944328s618:NOTIFY
1731944328s618:MAC rxTimeOut

###### ========== MCPS-Confirm =============
###### U/L FRAME:0010 | PORT:24 | DR:2 | PWR:1 | MSG TYPE:UNCONFIRMED
1731944356s058:Airtime test started: 0
1731944356s058:MAC Tx start packet size: 18
1731944356s062:TX on freq 868300000 Hz at DR 2
1731944356s062:RADIO SEND WITH size 18
1731944356s064:SEND REQUEST
1731944356s394:NOTIFY
1731944356s394:MAC txDone
1731944357s388:RX_1 on freq 868300000 Hz at DR 2
1731944357s456:IRQ_RX_TX_TIMEOUT
1731944357s456:NOTIFY
1731944357s456:MAC rxTimeOut
1731944358s425:RX_2 on freq 869525000 Hz at DR 0
1731944358s624:IRQ_RX_TX_TIMEOUT
1731944358s624:NOTIFY
1731944358s624:MAC rxTimeOut

###### ========== MCPS-Confirm =============
###### U/L FRAME:0011 | PORT:24 | DR:2 | PWR:1 | MSG TYPE:UNCONFIRMED
1731944386s064:Airtime test started: 0
1731944386s064:MAC Tx start packet size: 18
1731944386s068:TX on freq 867700000 Hz at DR 2
1731944386s068:RADIO SEND WITH size 18
1731944386s070:SEND REQUEST
1731944386s400:NOTIFY
1731944386s400:MAC txDone
1731944387s394:RX_1 on freq 867700000 Hz at DR 2
1731944387s941:MAC rxNotify
1731944387s941:NOTIFY
1731944387s941:MAC rxDone

###### ========== MCPS-Confirm =============
###### U/L FRAME:0012 | PORT:24 | DR:2 | PWR:1 | MSG TYPE:UNCONFIRMED
1731944387s944:value of rxport: 200
1731944387s944:MULTICAST CLASS C SETUP 2
###### D/L FRAME:0001 | PORT:200 | DR:2 | SLOT:1 | RSSI:-1 | SNR:9
1731944387s954:MAC Tx start packet size: 15
1731944387s958:TX on freq 867900000 Hz at DR 2
1731944387s958:RADIO SEND WITH size 15
ID          : 0
McAddr      : 4764844B
McKey       : 64-66-43-14-08-9D-D4-42-2A-3E-B8-07-E8-A6-67-AF
McFCountMin : 0
McFCountMax : 4294967295
SessionTime : 0
SessionTimeT: 1 s
Rx Freq     : 0
Rx DR       : DR_0
1731944388s290:NOTIFY
1731944388s290:MAC txDone
1731944389s284:RX_1 on freq 867900000 Hz at DR 2
1731944389s667:MAC rxNotify
1731944389s667:NOTIFY
1731944389s667:MAC rxDone

###### ========== MCPS-Confirm =============
###### U/L FRAME:0013 | PORT:200 | DR:2 | PWR:1 | MSG TYPE:UNCONFIRMED
1731944389s669:value of rxport: 201
###### D/L FRAME:0002 | PORT:201 | DR:2 | SLOT:1 | RSSI:-1 | SNR:9
1731944389s670:#####################FRAGDECODER INIT
1731944393s552:MAC Tx start packet size: 15
1731944393s556:TX on freq 867500000 Hz at DR 2
1731944393s556:RADIO SEND WITH size 15
1731944393s888:NOTIFY
1731944393s888:MAC txDone
1731944394s882:RX_1 on freq 867500000 Hz at DR 2
1731944395s265:MAC rxNotify
1731944395s265:NOTIFY
1731944395s265:MAC rxDone

###### ========== MCPS-Confirm =============
###### U/L FRAME:0014 | PORT:201 | DR:2 | PWR:1 | MSG TYPE:UNCONFIRMED
1731944395s267:value of rxport: 200
1731944395s268:MULTICAST CLASS C SETUP 4
###### D/L FRAME:0003 | PORT:200 | DR:2 | SLOT:1 | RSSI:-2 | SNR:8
Time2SessionStart: 298000 ms
1731944395s268:MAC Tx start packet size: 18
1731944395s272:TX on freq 867500000 Hz at DR 2
1731944395s273:RADIO SEND WITH size 18
ID          : 0
McAddr      : 4764844B
McKey       : 64-66-43-14-08-9D-D4-42-2A-3E-B8-07-E8-A6-67-AF
McFCountMin : 0
McFCountMax : 4294967295
SessionTime : 1731944693
SessionTimeT: 4096 s
Rx Freq     : 869525000
Rx DR       : DR_2
1731944395s604:NOTIFY
1731944395s604:MAC txDone
1731944396s598:RX_1 on freq 867500000 Hz at DR 2
1731944396s666:IRQ_RX_TX_TIMEOUT
1731944396s666:NOTIFY
1731944396s666:MAC rxTimeOut
1731944397s635:RX_2 on freq 869525000 Hz at DR 0
1731944397s833:IRQ_RX_TX_TIMEOUT
1731944397s833:NOTIFY
1731944397s833:MAC rxTimeOut

###### ========== MCPS-Confirm =============
###### U/L FRAME:0015 | PORT:200 | DR:2 | PWR:1 | MSG TYPE:UNCONFIRMED
1731944693s268:[SWITCHCLASS class C]
1731944693s283:RX_C on freq 869525000 Hz at DR 2
1731944693s285:#############OPENED CONTINUOUS RX C WINDOW
Switch to Class C done
1731944696s192:MAC rxNotify
1731944696s192:NOTIFY
1731944696s192:MAC rxDone
1731944696s195:RXSLOT
1731944696s195:value of rxport: 201
###### D/L FRAME:0000 | PORT:201 | DR:2 | SLOT:C_MC | RSSI:0 | SNR:9
1731944696s195:#####################FRAGDECODER PROCESS

.... FRAG_DECODER in Progress ....
EXPECTED   : 052 Fragments (02028 Bytes)
RECEIVED   : 001 Fragments
             00039 Bytes
LOST       : 000 Fragments

1731944696s200:RX_C on freq 869525000 Hz at DR 2
1731944696s201:#############OPENED CONTINUOUS RX C WINDOW
1731944702s205:MAC rxNotify
1731944702s205:NOTIFY
1731944702s205:MAC rxDone
1731944702s208:RXSLOT
1731944702s208:value of rxport: 201
###### D/L FRAME:0001 | PORT:201 | DR:2 | SLOT:C_MC | RSSI:0 | SNR:9
1731944702s208:#####################FRAGDECODER PROCESS

.... FRAG_DECODER in Progress ....
EXPECTED   : 052 Fragments (02028 Bytes)
RECEIVED   : 002 Fragments
             00078 Bytes
LOST       : 000 Fragments

1731944702s212:RX_C on freq 869525000 Hz at DR 2
1731944702s213:#############OPENED CONTINUOUS RX C WINDOW
1731944709s231:MAC rxNotify
1731944709s231:NOTIFY
1731944709s232:MAC rxDone
1731944709s235:RXSLOT
1731944709s235:value of rxport: 201
###### D/L FRAME:0002 | PORT:201 | DR:2 | SLOT:C_MC | RSSI:0 | SNR:9
1731944709s235:#####################FRAGDECODER PROCESS

.... FRAG_DECODER in Progress ....
EXPECTED   : 052 Fragments (02028 Bytes)
RECEIVED   : 003 Fragments
             00117 Bytes
LOST       : 000 Fragments

1731944709s240:RX_C on freq 869525000 Hz at DR 2
1731944709s241:#############OPENED CONTINUOUS RX C WINDOW
1731944715s247:MAC rxNotify
1731944715s247:NOTIFY
1731944715s247:MAC rxDone
1731944715s250:RXSLOT
1731944715s250:value of rxport: 201
###### D/L FRAME:0003 | PORT:201 | DR:2 | SLOT:C_MC | RSSI:0 | SNR:9
1731944715s250:#####################FRAGDECODER PROCESS

.... FRAG_DECODER in Progress ....
EXPECTED   : 052 Fragments (02028 Bytes)
RECEIVED   : 004 Fragments
             00156 Bytes
LOST       : 000 Fragments

1731944715s254:RX_C on freq 869525000 Hz at DR 2
1731944715s255:#############OPENED CONTINUOUS RX C WINDOW
1731944721s270:MAC rxNotify
1731944721s270:NOTIFY
1731944721s270:MAC rxDone
1731944721s273:RXSLOT
1731944721s273:value of rxport: 201
###### D/L FRAME:0004 | PORT:201 | DR:2 | SLOT:C_MC | RSSI:0 | SNR:9
1731944721s273:#####################FRAGDECODER PROCESS

.... FRAG_DECODER in Progress ....
EXPECTED   : 052 Fragments (02028 Bytes)
RECEIVED   : 005 Fragments
             00195 Bytes
LOST       : 000 Fragments

1731944721s278:RX_C on freq 869525000 Hz at DR 2
1731944721s279:#############OPENED CONTINUOUS RX C WINDOW
1731944727s292:MAC rxNotify
1731944727s292:NOTIFY
1731944727s292:MAC rxDone
1731944727s296:RXSLOT
1731944727s296:value of rxport: 201
###### D/L FRAME:0005 | PORT:201 | DR:2 | SLOT:C_MC | RSSI:0 | SNR:9
1731944727s296:#####################FRAGDECODER PROCESS

.... FRAG_DECODER in Progress ....
EXPECTED   : 052 Fragments (02028 Bytes)
RECEIVED   : 006 Fragments
             00234 Bytes
LOST       : 000 Fragments

1731944727s301:RX_C on freq 869525000 Hz at DR 2
1731944727s302:#############OPENED CONTINUOUS RX C WINDOW
1731944734s318:MAC rxNotify
1731944734s318:NOTIFY
1731944734s318:MAC rxDone
1731944734s321:RXSLOT
1731944734s321:value of rxport: 201
###### D/L FRAME:0006 | PORT:201 | DR:2 | SLOT:C_MC | RSSI:0 | SNR:9
1731944734s321:#####################FRAGDECODER PROCESS

.... FRAG_DECODER in Progress ....
EXPECTED   : 052 Fragments (02028 Bytes)
RECEIVED   : 007 Fragments
             00273 Bytes
LOST       : 000 Fragments

1731944734s326:RX_C on freq 869525000 Hz at DR 2
1731944734s327:#############OPENED CONTINUOUS RX C WINDOW
1731944740s341:MAC rxNotify
1731944740s341:NOTIFY
1731944740s341:MAC rxDone
1731944740s344:RXSLOT
1731944740s344:value of rxport: 201
###### D/L FRAME:0007 | PORT:201 | DR:2 | SLOT:C_MC | RSSI:0 | SNR:9
1731944740s344:#####################FRAGDECODER PROCESS

.... FRAG_DECODER in Progress ....
EXPECTED   : 052 Fragments (02028 Bytes)
RECEIVED   : 008 Fragments
             00312 Bytes
LOST       : 000 Fragments

1731944740s349:RX_C on freq 869525000 Hz at DR 2
1731944740s350:#############OPENED CONTINUOUS RX C WINDOW
1731944746s366:MAC rxNotify
1731944746s366:NOTIFY
1731944746s366:MAC rxDone
1731944746s369:RXSLOT
1731944746s369:value of rxport: 201
###### D/L FRAME:0008 | PORT:201 | DR:2 | SLOT:C_MC | RSSI:0 | SNR:9
1731944746s369:#####################FRAGDECODER PROCESS

.... FRAG_DECODER in Progress ....
EXPECTED   : 052 Fragments (02028 Bytes)
RECEIVED   : 009 Fragments
             00351 Bytes
LOST       : 000 Fragments

1731944746s374:RX_C on freq 869525000 Hz at DR 2
1731944746s375:#############OPENED CONTINUOUS RX C WINDOW
1731944753s380:MAC rxNotify
1731944753s380:NOTIFY
1731944753s380:MAC rxDone
1731944753s383:RXSLOT
1731944753s383:value of rxport: 201
###### D/L FRAME:0009 | PORT:201 | DR:2 | SLOT:C_MC | RSSI:0 | SNR:9
1731944753s383:#####################FRAGDECODER PROCESS

.... FRAG_DECODER in Progress ....
EXPECTED   : 052 Fragments (02028 Bytes)
RECEIVED   : 010 Fragments
             00390 Bytes
LOST       : 000 Fragments

1731944753s388:RX_C on freq 869525000 Hz at DR 2
1731944753s389:#############OPENED CONTINUOUS RX C WINDOW
1731944759s405:MAC rxNotify
1731944759s405:NOTIFY
1731944759s405:MAC rxDone
1731944759s408:RXSLOT
1731944759s408:value of rxport: 201
###### D/L FRAME:0010 | PORT:201 | DR:2 | SLOT:C_MC | RSSI:0 | SNR:9
1731944759s408:#####################FRAGDECODER PROCESS

.... FRAG_DECODER in Progress ....
EXPECTED   : 052 Fragments (02028 Bytes)
RECEIVED   : 011 Fragments
             00429 Bytes
LOST       : 000 Fragments

1731944759s413:RX_C on freq 869525000 Hz at DR 2
1731944759s414:#############OPENED CONTINUOUS RX C WINDOW
1731944765s428:MAC rxNotify
1731944765s428:NOTIFY
1731944765s428:MAC rxDone
1731944765s431:RXSLOT
1731944765s431:value of rxport: 201
###### D/L FRAME:0011 | PORT:201 | DR:2 | SLOT:C_MC | RSSI:0 | SNR:9
1731944765s431:#####################FRAGDECODER PROCESS

.... FRAG_DECODER in Progress ....
EXPECTED   : 052 Fragments (02028 Bytes)
RECEIVED   : 012 Fragments
             00468 Bytes
LOST       : 000 Fragments

1731944765s436:RX_C on freq 869525000 Hz at DR 2
1731944765s437:#############OPENED CONTINUOUS RX C WINDOW
1731944771s453:MAC rxNotify
1731944771s453:NOTIFY
1731944771s453:MAC rxDone
1731944771s456:RXSLOT
1731944771s456:value of rxport: 201
###### D/L FRAME:0012 | PORT:201 | DR:2 | SLOT:C_MC | RSSI:0 | SNR:9
1731944771s456:#####################FRAGDECODER PROCESS

.... FRAG_DECODER in Progress ....
EXPECTED   : 052 Fragments (02028 Bytes)
RECEIVED   : 013 Fragments
             00507 Bytes
LOST       : 000 Fragments

1731944771s460:RX_C on freq 869525000 Hz at DR 2
1731944771s461:#############OPENED CONTINUOUS RX C WINDOW
1731944778s478:MAC rxNotify
1731944778s478:NOTIFY
1731944778s478:MAC rxDone
1731944778s481:RXSLOT
1731944778s481:value of rxport: 201
###### D/L FRAME:0013 | PORT:201 | DR:2 | SLOT:C_MC | RSSI:0 | SNR:9
1731944778s481:#####################FRAGDECODER PROCESS

.... FRAG_DECODER in Progress ....
EXPECTED   : 052 Fragments (02028 Bytes)
RECEIVED   : 014 Fragments
             00546 Bytes
LOST       : 000 Fragments

1731944778s486:RX_C on freq 869525000 Hz at DR 2
1731944778s487:#############OPENED CONTINUOUS RX C WINDOW
1731944784s495:MAC rxNotify
1731944784s495:NOTIFY
1731944784s495:MAC rxDone
1731944784s498:RXSLOT
1731944784s498:value of rxport: 201
###### D/L FRAME:0014 | PORT:201 | DR:2 | SLOT:C_MC | RSSI:0 | SNR:9
1731944784s498:#####################FRAGDECODER PROCESS

.... FRAG_DECODER in Progress ....
EXPECTED   : 052 Fragments (02028 Bytes)
RECEIVED   : 015 Fragments
             00585 Bytes
LOST       : 000 Fragments

1731944784s502:RX_C on freq 869525000 Hz at DR 2
1731944784s503:#############OPENED CONTINUOUS RX C WINDOW
1731944790s517:MAC rxNotify
1731944790s517:NOTIFY
1731944790s517:MAC rxDone
1731944790s520:RXSLOT
1731944790s520:value of rxport: 201
###### D/L FRAME:0015 | PORT:201 | DR:2 | SLOT:C_MC | RSSI:0 | SNR:9
1731944790s520:#####################FRAGDECODER PROCESS

.... FRAG_DECODER in Progress ....
EXPECTED   : 052 Fragments (02028 Bytes)
RECEIVED   : 016 Fragments
             00624 Bytes
LOST       : 000 Fragments

1731944790s525:RX_C on freq 869525000 Hz at DR 2
1731944790s526:#############OPENED CONTINUOUS RX C WINDOW
1731944796s541:MAC rxNotify
1731944796s542:NOTIFY
1731944796s542:MAC rxDone
1731944796s544:RXSLOT
1731944796s544:value of rxport: 201
###### D/L FRAME:0016 | PORT:201 | DR:2 | SLOT:C_MC | RSSI:0 | SNR:9
1731944796s544:#####################FRAGDECODER PROCESS

.... FRAG_DECODER in Progress ....
EXPECTED   : 052 Fragments (02028 Bytes)
RECEIVED   : 017 Fragments
             00663 Bytes
LOST       : 000 Fragments

1731944796s549:RX_C on freq 869525000 Hz at DR 2
1731944796s550:#############OPENED CONTINUOUS RX C WINDOW
1731944803s567:MAC rxNotify
1731944803s567:NOTIFY
1731944803s567:MAC rxDone
1731944803s570:RXSLOT
1731944803s570:value of rxport: 201
###### D/L FRAME:0017 | PORT:201 | DR:2 | SLOT:C_MC | RSSI:0 | SNR:9
1731944803s570:#####################FRAGDECODER PROCESS

.... FRAG_DECODER in Progress ....
EXPECTED   : 052 Fragments (02028 Bytes)
RECEIVED   : 018 Fragments
             00702 Bytes
LOST       : 000 Fragments

1731944803s575:RX_C on freq 869525000 Hz at DR 2
1731944803s576:#############OPENED CONTINUOUS RX C WINDOW
1731944809s590:MAC rxNotify
1731944809s590:NOTIFY
1731944809s590:MAC rxDone
1731944809s593:RXSLOT
1731944809s593:value of rxport: 201
###### D/L FRAME:0018 | PORT:201 | DR:2 | SLOT:C_MC | RSSI:0 | SNR:9
1731944809s593:#####################FRAGDECODER PROCESS

.... FRAG_DECODER in Progress ....
EXPECTED   : 052 Fragments (02028 Bytes)
RECEIVED   : 019 Fragments
             00741 Bytes
LOST       : 000 Fragments

1731944809s598:RX_C on freq 869525000 Hz at DR 2
1731944809s599:#############OPENED CONTINUOUS RX C WINDOW
1731944815s616:MAC rxNotify
1731944815s616:NOTIFY
1731944815s616:MAC rxDone
1731944815s619:RXSLOT
1731944815s619:value of rxport: 201
###### D/L FRAME:0019 | PORT:201 | DR:2 | SLOT:C_MC | RSSI:0 | SNR:9
1731944815s619:#####################FRAGDECODER PROCESS

.... FRAG_DECODER in Progress ....
EXPECTED   : 052 Fragments (02028 Bytes)
RECEIVED   : 020 Fragments
             00780 Bytes
LOST       : 000 Fragments

1731944815s624:RX_C on freq 869525000 Hz at DR 2
1731944815s625:#############OPENED CONTINUOUS RX C WINDOW
1731944821s639:MAC rxNotify
1731944821s639:NOTIFY
1731944821s639:MAC rxDone
1731944821s642:RXSLOT
1731944821s642:value of rxport: 201
###### D/L FRAME:0020 | PORT:201 | DR:2 | SLOT:C_MC | RSSI:0 | SNR:9
1731944821s642:#####################FRAGDECODER PROCESS

.... FRAG_DECODER in Progress ....
EXPECTED   : 052 Fragments (02028 Bytes)
RECEIVED   : 021 Fragments
             00819 Bytes
LOST       : 000 Fragments

1731944821s647:RX_C on freq 869525000 Hz at DR 2
1731944821s648:#############OPENED CONTINUOUS RX C WINDOW
1731944828s665:MAC rxNotify
1731944828s665:NOTIFY
1731944828s665:MAC rxDone
1731944828s667:RXSLOT
1731944828s667:value of rxport: 201
###### D/L FRAME:0021 | PORT:201 | DR:2 | SLOT:C_MC | RSSI:0 | SNR:9
1731944828s667:#####################FRAGDECODER PROCESS

.... FRAG_DECODER in Progress ....
EXPECTED   : 052 Fragments (02028 Bytes)
RECEIVED   : 022 Fragments
             00858 Bytes
LOST       : 000 Fragments

1731944828s672:RX_C on freq 869525000 Hz at DR 2
1731944828s673:#############OPENED CONTINUOUS RX C WINDOW
1731944834s688:MAC rxNotify
1731944834s688:NOTIFY
1731944834s688:MAC rxDone
1731944834s691:RXSLOT
1731944834s691:value of rxport: 201
###### D/L FRAME:0022 | PORT:201 | DR:2 | SLOT:C_MC | RSSI:0 | SNR:9
1731944834s691:#####################FRAGDECODER PROCESS

.... FRAG_DECODER in Progress ....
EXPECTED   : 052 Fragments (02028 Bytes)
RECEIVED   : 023 Fragments
             00897 Bytes
LOST       : 000 Fragments

1731944834s696:RX_C on freq 869525000 Hz at DR 2
1731944834s697:#############OPENED CONTINUOUS RX C WINDOW
1731944840s713:MAC rxNotify
1731944840s713:NOTIFY
1731944840s713:MAC rxDone
1731944840s716:RXSLOT
1731944840s716:value of rxport: 201
###### D/L FRAME:0023 | PORT:201 | DR:2 | SLOT:C_MC | RSSI:0 | SNR:9
1731944840s716:#####################FRAGDECODER PROCESS

.... FRAG_DECODER in Progress ....
EXPECTED   : 052 Fragments (02028 Bytes)
RECEIVED   : 024 Fragments
             00936 Bytes
LOST       : 000 Fragments

1731944840s721:RX_C on freq 869525000 Hz at DR 2
1731944840s722:#############OPENED CONTINUOUS RX C WINDOW
1731944846s736:MAC rxNotify
1731944846s736:NOTIFY
1731944846s736:MAC rxDone
1731944846s740:RXSLOT
1731944846s740:value of rxport: 201
###### D/L FRAME:0024 | PORT:201 | DR:2 | SLOT:C_MC | RSSI:0 | SNR:9
1731944846s740:#####################FRAGDECODER PROCESS

.... FRAG_DECODER in Progress ....
EXPECTED   : 052 Fragments (02028 Bytes)
RECEIVED   : 025 Fragments
             00975 Bytes
LOST       : 000 Fragments

1731944846s745:RX_C on freq 869525000 Hz at DR 2
1731944846s746:#############OPENED CONTINUOUS RX C WINDOW
1731944853s762:MAC rxNotify
1731944853s762:NOTIFY
1731944853s762:MAC rxDone
1731944853s765:RXSLOT
1731944853s765:value of rxport: 201
###### D/L FRAME:0025 | PORT:201 | DR:2 | SLOT:C_MC | RSSI:0 | SNR:9
1731944853s765:#####################FRAGDECODER PROCESS

.... FRAG_DECODER in Progress ....
EXPECTED   : 052 Fragments (02028 Bytes)
RECEIVED   : 026 Fragments
             01014 Bytes
LOST       : 000 Fragments

1731944853s770:RX_C on freq 869525000 Hz at DR 2
1731944853s771:#############OPENED CONTINUOUS RX C WINDOW
1731944859s782:MAC rxNotify
1731944859s782:NOTIFY
1731944859s782:MAC rxDone
1731944859s786:RXSLOT
1731944859s786:value of rxport: 201
###### D/L FRAME:0026 | PORT:201 | DR:2 | SLOT:C_MC | RSSI:0 | SNR:9
1731944859s786:#####################FRAGDECODER PROCESS

.... FRAG_DECODER in Progress ....
EXPECTED   : 052 Fragments (02028 Bytes)
RECEIVED   : 027 Fragments
             01053 Bytes
LOST       : 000 Fragments

1731944859s791:RX_C on freq 869525000 Hz at DR 2
1731944859s792:#############OPENED CONTINUOUS RX C WINDOW
1731944865s818:MAC rxNotify
1731944865s818:NOTIFY
1731944865s818:MAC rxDone
1731944865s821:RXSLOT
1731944865s821:value of rxport: 201
###### D/L FRAME:0027 | PORT:201 | DR:2 | SLOT:C_MC | RSSI:0 | SNR:9
1731944865s821:#####################FRAGDECODER PROCESS

.... FRAG_DECODER in Progress ....
EXPECTED   : 052 Fragments (02028 Bytes)
RECEIVED   : 028 Fragments
             01092 Bytes
LOST       : 000 Fragments

1731944865s826:RX_C on freq 869525000 Hz at DR 2
1731944865s827:#############OPENED CONTINUOUS RX C WINDOW
1731944871s840:MAC rxNotify
1731944871s840:NOTIFY
1731944871s840:MAC rxDone
1731944871s843:RXSLOT
1731944871s843:value of rxport: 201
###### D/L FRAME:0028 | PORT:201 | DR:2 | SLOT:C_MC | RSSI:0 | SNR:9
1731944871s843:#####################FRAGDECODER PROCESS

.... FRAG_DECODER in Progress ....
EXPECTED   : 052 Fragments (02028 Bytes)
RECEIVED   : 029 Fragments
             01131 Bytes
LOST       : 000 Fragments

1731944871s848:RX_C on freq 869525000 Hz at DR 2
1731944871s849:#############OPENED CONTINUOUS RX C WINDOW
1731944878s860:MAC rxNotify
1731944878s860:NOTIFY
1731944878s860:MAC rxDone
1731944878s863:RXSLOT
1731944878s863:value of rxport: 201
###### D/L FRAME:0029 | PORT:201 | DR:2 | SLOT:C_MC | RSSI:0 | SNR:9
1731944878s863:#####################FRAGDECODER PROCESS

.... FRAG_DECODER in Progress ....
EXPECTED   : 052 Fragments (02028 Bytes)
RECEIVED   : 030 Fragments
             01170 Bytes
LOST       : 000 Fragments

1731944878s868:RX_C on freq 869525000 Hz at DR 2
1731944878s869:#############OPENED CONTINUOUS RX C WINDOW
1731944884s885:MAC rxNotify
1731944884s885:NOTIFY
1731944884s885:MAC rxDone
1731944884s888:RXSLOT
1731944884s888:value of rxport: 201
###### D/L FRAME:0030 | PORT:201 | DR:2 | SLOT:C_MC | RSSI:0 | SNR:9
1731944884s888:#####################FRAGDECODER PROCESS

.... FRAG_DECODER in Progress ....
EXPECTED   : 052 Fragments (02028 Bytes)
RECEIVED   : 031 Fragments
             01209 Bytes
LOST       : 000 Fragments

1731944884s893:RX_C on freq 869525000 Hz at DR 2
1731944884s894:#############OPENED CONTINUOUS RX C WINDOW
1731944890s904:MAC rxNotify
1731944890s904:NOTIFY
1731944890s904:MAC rxDone
1731944890s907:RXSLOT
1731944890s907:value of rxport: 201
###### D/L FRAME:0031 | PORT:201 | DR:2 | SLOT:C_MC | RSSI:0 | SNR:9
1731944890s907:#####################FRAGDECODER PROCESS

.... FRAG_DECODER in Progress ....
EXPECTED   : 052 Fragments (02028 Bytes)
RECEIVED   : 032 Fragments
             01248 Bytes
LOST       : 000 Fragments

1731944890s912:RX_C on freq 869525000 Hz at DR 2
1731944890s913:#############OPENED CONTINUOUS RX C WINDOW
1731944897s917:MAC rxNotify
1731944897s917:NOTIFY
1731944897s917:MAC rxDone
1731944897s919:RXSLOT
1731944897s919:value of rxport: 201
###### D/L FRAME:0032 | PORT:201 | DR:2 | SLOT:C_MC | RSSI:0 | SNR:9
1731944897s919:#####################FRAGDECODER PROCESS

.... FRAG_DECODER in Progress ....
EXPECTED   : 052 Fragments (02028 Bytes)
RECEIVED   : 033 Fragments
             01287 Bytes
LOST       : 000 Fragments

1731944897s924:RX_C on freq 869525000 Hz at DR 2
1731944897s925:#############OPENED CONTINUOUS RX C WINDOW
1731944903s947:MAC rxNotify
1731944903s947:NOTIFY
1731944903s947:MAC rxDone
1731944903s950:RXSLOT
1731944903s950:value of rxport: 201
###### D/L FRAME:0033 | PORT:201 | DR:2 | SLOT:C_MC | RSSI:0 | SNR:9
1731944903s950:#####################FRAGDECODER PROCESS

.... FRAG_DECODER in Progress ....
EXPECTED   : 052 Fragments (02028 Bytes)
RECEIVED   : 034 Fragments
             01326 Bytes
LOST       : 000 Fragments

1731944903s955:RX_C on freq 869525000 Hz at DR 2
1731944903s956:#############OPENED CONTINUOUS RX C WINDOW
1731944909s964:MAC rxNotify
1731944909s964:NOTIFY
1731944909s964:MAC rxDone
1731944909s967:RXSLOT
1731944909s967:value of rxport: 201
###### D/L FRAME:0034 | PORT:201 | DR:2 | SLOT:C_MC | RSSI:0 | SNR:9
1731944909s967:#####################FRAGDECODER PROCESS

.... FRAG_DECODER in Progress ....
EXPECTED   : 052 Fragments (02028 Bytes)
RECEIVED   : 035 Fragments
             01365 Bytes
LOST       : 000 Fragments

1731944909s972:RX_C on freq 869525000 Hz at DR 2
1731944909s973:#############OPENED CONTINUOUS RX C WINDOW
1731944915s990:MAC rxNotify
1731944915s990:NOTIFY
1731944915s990:MAC rxDone
1731944915s993:RXSLOT
1731944915s993:value of rxport: 201
###### D/L FRAME:0035 | PORT:201 | DR:2 | SLOT:C_MC | RSSI:0 | SNR:9
1731944915s993:#####################FRAGDECODER PROCESS

.... FRAG_DECODER in Progress ....
EXPECTED   : 052 Fragments (02028 Bytes)
RECEIVED   : 036 Fragments
             01404 Bytes
LOST       : 000 Fragments

1731944915s998:RX_C on freq 869525000 Hz at DR 2
1731944915s999:#############OPENED CONTINUOUS RX C WINDOW
1731944923s023:MAC rxNotify
1731944923s023:NOTIFY
1731944923s023:MAC rxDone
1731944923s026:RXSLOT
1731944923s026:value of rxport: 201
###### D/L FRAME:0036 | PORT:201 | DR:2 | SLOT:C_MC | RSSI:0 | SNR:10
1731944923s026:#####################FRAGDECODER PROCESS

.... FRAG_DECODER in Progress ....
EXPECTED   : 052 Fragments (02028 Bytes)
RECEIVED   : 037 Fragments
             01443 Bytes
LOST       : 000 Fragments

1731944923s031:RX_C on freq 869525000 Hz at DR 2
1731944923s032:#############OPENED CONTINUOUS RX C WINDOW
1731944929s048:MAC rxNotify
1731944929s048:NOTIFY
1731944929s048:MAC rxDone
1731944929s051:RXSLOT
1731944929s051:value of rxport: 201
###### D/L FRAME:0037 | PORT:201 | DR:2 | SLOT:C_MC | RSSI:0 | SNR:9
1731944929s051:#####################FRAGDECODER PROCESS

.... FRAG_DECODER in Progress ....
EXPECTED   : 052 Fragments (02028 Bytes)
RECEIVED   : 038 Fragments
             01482 Bytes
LOST       : 000 Fragments

1731944929s056:RX_C on freq 869525000 Hz at DR 2
1731944929s057:#############OPENED CONTINUOUS RX C WINDOW
1731944935s064:MAC rxNotify
1731944935s064:NOTIFY
1731944935s064:MAC rxDone
1731944935s067:RXSLOT
1731944935s067:value of rxport: 201
###### D/L FRAME:0038 | PORT:201 | DR:2 | SLOT:C_MC | RSSI:0 | SNR:9
1731944935s067:#####################FRAGDECODER PROCESS

.... FRAG_DECODER in Progress ....
EXPECTED   : 052 Fragments (02028 Bytes)
RECEIVED   : 039 Fragments
             01521 Bytes
LOST       : 000 Fragments

1731944935s072:RX_C on freq 869525000 Hz at DR 2
1731944935s073:#############OPENED CONTINUOUS RX C WINDOW
1731944941s086:MAC rxNotify
1731944941s086:NOTIFY
1731944941s086:MAC rxDone
1731944941s089:RXSLOT
1731944941s089:value of rxport: 201
###### D/L FRAME:0039 | PORT:201 | DR:2 | SLOT:C_MC | RSSI:0 | SNR:9
1731944941s089:#####################FRAGDECODER PROCESS

.... FRAG_DECODER in Progress ....
EXPECTED   : 052 Fragments (02028 Bytes)
RECEIVED   : 040 Fragments
             01560 Bytes
LOST       : 000 Fragments

1731944941s094:RX_C on freq 869525000 Hz at DR 2
1731944941s095:#############OPENED CONTINUOUS RX C WINDOW
1731944948s116:MAC rxNotify
1731944948s116:NOTIFY
1731944948s117:MAC rxDone
1731944948s120:RXSLOT
1731944948s120:value of rxport: 201
###### D/L FRAME:0040 | PORT:201 | DR:2 | SLOT:C_MC | RSSI:0 | SNR:9
1731944948s120:#####################FRAGDECODER PROCESS

.... FRAG_DECODER in Progress ....
EXPECTED   : 052 Fragments (02028 Bytes)
RECEIVED   : 041 Fragments
             01599 Bytes
LOST       : 000 Fragments

1731944948s125:RX_C on freq 869525000 Hz at DR 2
1731944948s125:#############OPENED CONTINUOUS RX C WINDOW
1731944954s140:MAC rxNotify
1731944954s140:NOTIFY
1731944954s140:MAC rxDone
1731944954s143:RXSLOT
1731944954s143:value of rxport: 201
###### D/L FRAME:0041 | PORT:201 | DR:2 | SLOT:C_MC | RSSI:0 | SNR:9
1731944954s143:#####################FRAGDECODER PROCESS

.... FRAG_DECODER in Progress ....
EXPECTED   : 052 Fragments (02028 Bytes)
RECEIVED   : 042 Fragments
             01638 Bytes
LOST       : 000 Fragments

1731944954s148:RX_C on freq 869525000 Hz at DR 2
1731944954s149:#############OPENED CONTINUOUS RX C WINDOW
1731944960s166:MAC rxNotify
1731944960s166:NOTIFY
1731944960s166:MAC rxDone
1731944960s168:RXSLOT
1731944960s168:value of rxport: 201
###### D/L FRAME:0042 | PORT:201 | DR:2 | SLOT:C_MC | RSSI:0 | SNR:9
1731944960s168:#####################FRAGDECODER PROCESS

.... FRAG_DECODER in Progress ....
EXPECTED   : 052 Fragments (02028 Bytes)
RECEIVED   : 043 Fragments
             01677 Bytes
LOST       : 000 Fragments

1731944960s173:RX_C on freq 869525000 Hz at DR 2
1731944960s174:#############OPENED CONTINUOUS RX C WINDOW
1731944966s189:MAC rxNotify
1731944966s189:NOTIFY
1731944966s189:MAC rxDone
1731944966s192:RXSLOT
1731944966s192:value of rxport: 201
###### D/L FRAME:0043 | PORT:201 | DR:2 | SLOT:C_MC | RSSI:0 | SNR:9
1731944966s192:#####################FRAGDECODER PROCESS

.... FRAG_DECODER in Progress ....
EXPECTED   : 052 Fragments (02028 Bytes)
RECEIVED   : 044 Fragments
             01716 Bytes
LOST       : 000 Fragments

1731944966s197:RX_C on freq 869525000 Hz at DR 2
1731944966s198:#############OPENED CONTINUOUS RX C WINDOW
1731944973s220:MAC rxNotify
1731944973s220:NOTIFY
1731944973s220:MAC rxDone
1731944973s224:RXSLOT
1731944973s224:value of rxport: 201
###### D/L FRAME:0044 | PORT:201 | DR:2 | SLOT:C_MC | RSSI:0 | SNR:9
1731944973s224:#####################FRAGDECODER PROCESS

.... FRAG_DECODER in Progress ....
EXPECTED   : 052 Fragments (02028 Bytes)
RECEIVED   : 045 Fragments
             01755 Bytes
LOST       : 000 Fragments

1731944973s229:RX_C on freq 869525000 Hz at DR 2
1731944973s230:#############OPENED CONTINUOUS RX C WINDOW
1731944979s235:MAC rxNotify
1731944979s235:NOTIFY
1731944979s235:MAC rxDone
1731944979s238:RXSLOT
1731944979s238:value of rxport: 201
###### D/L FRAME:0045 | PORT:201 | DR:2 | SLOT:C_MC | RSSI:0 | SNR:9
1731944979s238:#####################FRAGDECODER PROCESS

.... FRAG_DECODER in Progress ....
EXPECTED   : 052 Fragments (02028 Bytes)
RECEIVED   : 046 Fragments
             01794 Bytes
LOST       : 000 Fragments

1731944979s243:RX_C on freq 869525000 Hz at DR 2
1731944979s244:#############OPENED CONTINUOUS RX C WINDOW
1731944985s263:MAC rxNotify
1731944985s263:NOTIFY
1731944985s263:MAC rxDone
1731944985s266:RXSLOT
1731944985s266:value of rxport: 201
###### D/L FRAME:0046 | PORT:201 | DR:2 | SLOT:C_MC | RSSI:0 | SNR:9
1731944985s266:#####################FRAGDECODER PROCESS

.... FRAG_DECODER in Progress ....
EXPECTED   : 052 Fragments (02028 Bytes)
RECEIVED   : 047 Fragments
             01833 Bytes
LOST       : 000 Fragments

1731944985s271:RX_C on freq 869525000 Hz at DR 2
1731944985s272:#############OPENED CONTINUOUS RX C WINDOW
1731944991s282:MAC rxNotify
1731944991s282:NOTIFY
1731944991s282:MAC rxDone
1731944991s285:RXSLOT
1731944991s285:value of rxport: 201
###### D/L FRAME:0047 | PORT:201 | DR:2 | SLOT:C_MC | RSSI:0 | SNR:9
1731944991s285:#####################FRAGDECODER PROCESS

.... FRAG_DECODER in Progress ....
EXPECTED   : 052 Fragments (02028 Bytes)
RECEIVED   : 048 Fragments
             01872 Bytes
LOST       : 000 Fragments

1731944991s290:RX_C on freq 869525000 Hz at DR 2
1731944991s291:#############OPENED CONTINUOUS RX C WINDOW
1731944998s306:MAC rxNotify
1731944998s306:NOTIFY
1731944998s306:MAC rxDone
1731944998s310:RXSLOT
1731944998s310:value of rxport: 201
###### D/L FRAME:0048 | PORT:201 | DR:2 | SLOT:C_MC | RSSI:0 | SNR:9
1731944998s310:#####################FRAGDECODER PROCESS

.... FRAG_DECODER in Progress ....
EXPECTED   : 052 Fragments (02028 Bytes)
RECEIVED   : 049 Fragments
             01911 Bytes
LOST       : 000 Fragments

1731944998s315:RX_C on freq 869525000 Hz at DR 2
1731944998s316:#############OPENED CONTINUOUS RX C WINDOW
1731945004s321:MAC rxNotify
1731945004s321:NOTIFY
1731945004s321:MAC rxDone
1731945004s324:RXSLOT
1731945004s324:value of rxport: 201
###### D/L FRAME:0049 | PORT:201 | DR:2 | SLOT:C_MC | RSSI:0 | SNR:9
1731945004s324:#####################FRAGDECODER PROCESS

.... FRAG_DECODER in Progress ....
EXPECTED   : 052 Fragments (02028 Bytes)
RECEIVED   : 050 Fragments
             01950 Bytes
LOST       : 000 Fragments

1731945004s329:RX_C on freq 869525000 Hz at DR 2
1731945004s330:#############OPENED CONTINUOUS RX C WINDOW
1731945010s348:MAC rxNotify
1731945010s348:NOTIFY
1731945010s348:MAC rxDone
1731945010s352:RXSLOT
1731945010s352:value of rxport: 201
###### D/L FRAME:0050 | PORT:201 | DR:2 | SLOT:C_MC | RSSI:0 | SNR:9
1731945010s352:#####################FRAGDECODER PROCESS

.... FRAG_DECODER in Progress ....
EXPECTED   : 052 Fragments (02028 Bytes)
RECEIVED   : 051 Fragments
             01989 Bytes
LOST       : 000 Fragments

1731945010s357:RX_C on freq 869525000 Hz at DR 2
1731945010s358:#############OPENED CONTINUOUS RX C WINDOW
1731945016s366:MAC rxNotify
1731945016s366:NOTIFY
1731945016s366:MAC rxDone
1731945016s369:RXSLOT
1731945016s369:value of rxport: 201
###### D/L FRAME:0051 | PORT:201 | DR:2 | SLOT:C_MC | RSSI:0 | SNR:9
1731945016s369:#####################FRAGDECODER PROCESS

.... FRAG_DECODER in Progress ....
EXPECTED   : 052 Fragments (02028 Bytes)
RECEIVED   : 052 Fragments
             02028 Bytes
LOST       : 000 Fragments


.... FRAG_DECODER Finished ....
STATUS     : 0
1731945016s370:ALL FRAGMENTS RECEIVED

= [SBOOT] System Security Check successfully passed. Starting...


======================================================================
=              (C) COPYRIGHT 2017 STMicroelectronics                 =
=                                                                    =
=              Secure Boot and Secure Firmware Update                =
======================================================================


= [SBOOT] SECURE ENGINE INITIALIZATION SUCCESSFUL
= [SBOOT] STATE: CHECK STATUS ON RESET
	  INFO: A Reboot has been triggered by a Software reset!
= [SBOOT] STATE: CHECK NEW FIRMWARE TO DOWNLOAD
= [SBOOT] STATE: CHECK KMS BLOB TO INSTALL
= [SBOOT] STATE: CHECK USER FW STATUS
	  A FW is detected in the slot SLOT_ACTIVE_1
= [SBOOT] STATE: VERIFY USER FW SIGNATURE
= [SBOOT] STATE: EXECUTE USER FIRMWAREAPPLICATION_VERSION: V1.3.0
MW_LORAWAN_VERSION:  V2.5.0
MW_RADIO_VERSION:    V1.3.0
L2_SPEC_VERSION:     V1.0.4
RP_SPEC_VERSION:     V2-1.0.1
NVM DATA RESTORED
###### AppKey:      2B:7E:15:16:28:AE:D2:A6:AB:F7:15:88:09:CF:4F:3C
###### NwkKey:      2B:7E:15:16:28:AE:D2:A6:AB:F7:15:88:09:CF:4F:3C
###### AppSKey:     BC:D1:FA:BB:29:5C:1C:F1:0C:32:DC:F5:AB:F2:63:BB
###### NwkSKey:     4C:4D:26:89:D9:59:3A:8B:DA:59:D5:B8:52:36:00:30
###### DevEUI:      00:80:E1:15:05:AB:D0:6C
###### AppEUI:      01:01:01:01:01:01:01:01
###### DevAddr:     05:AB:D0:6C
###### KMS ENABLED