
= [SBOOT] System Security Check successfully passed. Starting...


======================================================================
=              (C) COPYRIGHT 2017 STMicroelectronics                 =
=                                                                    =
=              Secure Boot and Secure Firmware Update                =
======================================================================


= [SBOOT] SECURE ENGINE INITIALIZATION SUCCESSFUL
= [SBOOT] STATE: CHECK STATUS ON RESET
	  INFO: A Reboot has been triggered by a Hardware reset!
= [SBOOT] STATE: CHECK NEW FIRMWARE TO DOWNLOAD
= [SBOOT] STATE: CHECK KMS BLOB TO INSTALL
= [SBOOT] STATE: CHECK USER FW STATUS
	  A FW is detected in the slot SLOT_ACTIVE_1
= [SBOOT] STATE: VERIFY USER FW SIGNATURE
= [SBOOT] STATE: EXECUTE USER FIRMWAREAPPLICATION_VERSION: V1.3.0
MW_LORAWAN_VERSION:  V2.5.0
MW_RADIO_VERSION:    V1.3.0
L2_SPEC_VERSION:     V1.0.4
RP_SPEC_VERSION:     V2-1.0.1
NVM DATA RESTORED
###### AppKey:      2B:7E:15:16:28:AE:D2:A6:AB:F7:15:88:09:CF:4F:3C
###### NwkKey:      2B:7E:15:16:28:AE:D2:A6:AB:F7:15:88:09:CF:4F:3C
###### AppSKey:     2B:7E:15:16:28:AE:D2:A6:AB:F7:15:88:09:CF:4F:3C
###### NwkSKey:     2B:7E:15:16:28:AE:D2:A6:AB:F7:15:88:09:CF:4F:3C
###### DevEUI:      00:80:E1:15:05:AB:D0:6C
###### AppEUI:      01:01:01:01:01:01:01:01
###### DevAddr:     05:AB:D0:6C
###### KMS ENABLED

###### = JOINED = OTAA =====================
[31mNetwork joined, choose app to execute:
BTN1: TxTimer send uplink every 10 sec
BTN2: Airtime test
[0m
###### U/L FRAME:JOIN | DR:0 | PWR:1
###### MCRootKey:   7D:F7:6B:0C:1A:B8:99:B3:3E:42:F0:47:B9:1B:54:6F
###### MCKEKey:     8C:B8:66:5E:0C:0E:0B:64:5B:2E:D9:E4:8A:19:27:7C
###### AppSKey:     F8:DE:D3:5B:44:5D:6C:81:86:78:4B:C8:D1:97:C3:6B
###### NwkSKey:     6A:C7:7A:72:14:4D:50:37:64:F7:26:17:1D:96:F4:F0
###### DBIntKey:    7A:C4:7C:65:FE:25:9B:B6:54:BD:26:35:19:F8:9C:8E
###### DevEUI:      00:80:E1:15:05:AB:D0:6C
###### AppEUI:      01:01:01:01:01:01:01:01
###### DevAddr:     00:E9:FA:3D
[32mStart tx timer regular[0m

###### ========== MCPS-Confirm =============
###### U/L FRAME:0001 | PORT:24 | DR:0 | PWR:1 | MSG TYPE:UNCONFIRMED
1731948848s538:value of rxport: 0
###### D/L FRAME:0000 | PORT:0 | DR:0 | SLOT:1 | RSSI:-12 | SNR:6
1731948874s867:Airtime test started: 0
1731948874s867:MAC Tx start packet size: 21
1731948874s871:TX on freq 868100000 Hz at DR 0
1731948874s871:RADIO SEND WITH size 21
1731948874s873:SEND REQUEST
1731948876s356:NOTIFY
1731948876s356:MAC txDone
1731948877s387:RX_1 on freq 868100000 Hz at DR 0
1731948877s585:IRQ_RX_TX_TIMEOUT
1731948877s585:NOTIFY
1731948877s585:MAC rxTimeOut
1731948878s387:RX_2 on freq 869525000 Hz at DR 0
1731948878s585:IRQ_RX_TX_TIMEOUT
1731948878s585:NOTIFY
1731948878s585:MAC rxTimeOut

###### ========== MCPS-Confirm =============
###### U/L FRAME:0002 | PORT:24 | DR:0 | PWR:1 | MSG TYPE:UNCONFIRMED
1731948904s873:Airtime test started: 0
1731948904s873:MAC Tx start packet size: 18
1731948904s877:TX on freq 867300000 Hz at DR 0
1731948904s877:RADIO SEND WITH size 18
1731948904s879:SEND REQUEST
1731948906s198:NOTIFY
1731948906s198:MAC txDone
1731948907s230:RX_1 on freq 867300000 Hz at DR 0
1731948907s428:IRQ_RX_TX_TIMEOUT
1731948907s428:NOTIFY
1731948907s428:MAC rxTimeOut
1731948908s230:RX_2 on freq 869525000 Hz at DR 0
1731948908s428:IRQ_RX_TX_TIMEOUT
1731948908s428:NOTIFY
1731948908s428:MAC rxTimeOut

###### ========== MCPS-Confirm =============
###### U/L FRAME:0003 | PORT:24 | DR:0 | PWR:1 | MSG TYPE:UNCONFIRMED
1731948934s879:Airtime test started: 0
1731948934s879:MAC Tx start packet size: 18
1731948934s883:TX on freq 867700000 Hz at DR 0
1731948934s883:RADIO SEND WITH size 18
1731948934s885:SEND REQUEST
1731948936s204:NOTIFY
1731948936s204:MAC txDone
1731948937s236:RX_1 on freq 867700000 Hz at DR 0
1731948937s434:IRQ_RX_TX_TIMEOUT
1731948937s434:NOTIFY
1731948937s434:MAC rxTimeOut
1731948938s236:RX_2 on freq 869525000 Hz at DR 0
1731948938s434:IRQ_RX_TX_TIMEOUT
1731948938s434:NOTIFY
1731948938s434:MAC rxTimeOut

###### ========== MCPS-Confirm =============
###### U/L FRAME:0004 | PORT:24 | DR:0 | PWR:1 | MSG TYPE:UNCONFIRMED
1731948964s885:Airtime test started: 0
1731948964s885:MAC Tx start packet size: 18
1731948964s889:TX on freq 867100000 Hz at DR 0
1731948964s889:RADIO SEND WITH size 18
1731948964s891:SEND REQUEST
1731948966s210:NOTIFY
1731948966s210:MAC txDone
1731948967s241:RX_1 on freq 867100000 Hz at DR 0
1731948967s440:IRQ_RX_TX_TIMEOUT
1731948967s440:NOTIFY
1731948967s440:MAC rxTimeOut
1731948968s241:RX_2 on freq 869525000 Hz at DR 0
1731948968s440:IRQ_RX_TX_TIMEOUT
1731948968s440:NOTIFY
1731948968s440:MAC rxTimeOut

###### ========== MCPS-Confirm =============
###### U/L FRAME:0005 | PORT:24 | DR:0 | PWR:1 | MSG TYPE:UNCONFIRMED
1731948994s891:Airtime test started: 0
1731948994s891:MAC Tx start packet size: 18
1731948994s895:TX on freq 867300000 Hz at DR 0
1731948994s895:RADIO SEND WITH size 18
1731948994s897:SEND REQUEST
1731948996s216:NOTIFY
1731948996s216:MAC txDone
1731948997s247:RX_1 on freq 867300000 Hz at DR 0
1731948997s445:IRQ_RX_TX_TIMEOUT
1731948997s445:NOTIFY
1731948997s445:MAC rxTimeOut
1731948998s247:RX_2 on freq 869525000 Hz at DR 0
1731948998s445:IRQ_RX_TX_TIMEOUT
1731948998s445:NOTIFY
1731948998s445:MAC rxTimeOut

###### ========== MCPS-Confirm =============
###### U/L FRAME:0006 | PORT:24 | DR:0 | PWR:1 | MSG TYPE:UNCONFIRMED
1731949024s897:Airtime test started: 0
1731949024s897:MAC Tx start packet size: 18
1731949024s901:TX on freq 868300000 Hz at DR 0
1731949024s901:RADIO SEND WITH size 18
1731949024s902:SEND REQUEST
1731949026s222:NOTIFY
1731949026s222:MAC txDone
1731949027s253:RX_1 on freq 868300000 Hz at DR 0
1731949027s451:IRQ_RX_TX_TIMEOUT
1731949027s451:NOTIFY
1731949027s451:MAC rxTimeOut
1731949028s253:RX_2 on freq 869525000 Hz at DR 0
1731949028s451:IRQ_RX_TX_TIMEOUT
1731949028s451:NOTIFY
1731949028s451:MAC rxTimeOut

###### ========== MCPS-Confirm =============
###### U/L FRAME:0007 | PORT:24 | DR:0 | PWR:1 | MSG TYPE:UNCONFIRMED
1731949054s902:Airtime test started: 0
1731949054s902:MAC Tx start packet size: 18
1731949054s906:TX on freq 868300000 Hz at DR 0
1731949054s906:RADIO SEND WITH size 18
1731949054s908:SEND REQUEST
1731949056s228:NOTIFY
1731949056s228:MAC txDone
1731949057s259:RX_1 on freq 868300000 Hz at DR 0
1731949057s457:IRQ_RX_TX_TIMEOUT
1731949057s457:NOTIFY
1731949057s457:MAC rxTimeOut
1731949058s259:RX_2 on freq 869525000 Hz at DR 0
1731949058s457:IRQ_RX_TX_TIMEOUT
1731949058s457:NOTIFY
1731949058s457:MAC rxTimeOut

###### ========== MCPS-Confirm =============
###### U/L FRAME:0008 | PORT:24 | DR:0 | PWR:1 | MSG TYPE:UNCONFIRMED
1731949084s908:Airtime test started: 0
1731949084s908:MAC Tx start packet size: 18
1731949084s912:TX on freq 867700000 Hz at DR 0
1731949084s912:RADIO SEND WITH size 18
1731949084s914:SEND REQUEST
1731949086s234:NOTIFY
1731949086s234:MAC txDone
1731949087s265:RX_1 on freq 867700000 Hz at DR 0
1731949087s463:IRQ_RX_TX_TIMEOUT
1731949087s463:NOTIFY
1731949087s463:MAC rxTimeOut
1731949088s265:RX_2 on freq 869525000 Hz at DR 0
1731949088s463:IRQ_RX_TX_TIMEOUT
1731949088s463:NOTIFY
1731949088s463:MAC rxTimeOut

###### ========== MCPS-Confirm =============
###### U/L FRAME:0009 | PORT:24 | DR:0 | PWR:1 | MSG TYPE:UNCONFIRMED
1731949114s914:Airtime test started: 0
1731949114s914:MAC Tx start packet size: 18
1731949114s918:TX on freq 867900000 Hz at DR 0
1731949114s918:RADIO SEND WITH size 18
1731949114s920:SEND REQUEST
1731949116s239:NOTIFY
1731949116s239:MAC txDone
1731949117s271:RX_1 on freq 867900000 Hz at DR 0
1731949117s469:IRQ_RX_TX_TIMEOUT
1731949117s469:NOTIFY
1731949117s469:MAC rxTimeOut
1731949118s271:RX_2 on freq 869525000 Hz at DR 0
1731949118s469:IRQ_RX_TX_TIMEOUT
1731949118s469:NOTIFY
1731949118s469:MAC rxTimeOut

###### ========== MCPS-Confirm =============
###### U/L FRAME:0010 | PORT:24 | DR:0 | PWR:1 | MSG TYPE:UNCONFIRMED
1731949144s920:Airtime test started: 0
1731949144s920:MAC Tx start packet size: 18
1731949144s924:TX on freq 867500000 Hz at DR 0
1731949144s924:RADIO SEND WITH size 18
1731949144s926:SEND REQUEST
1731949146s245:NOTIFY
1731949146s245:MAC txDone
1731949147s277:RX_1 on freq 867500000 Hz at DR 0
1731949147s475:IRQ_RX_TX_TIMEOUT
1731949147s475:NOTIFY
1731949147s475:MAC rxTimeOut
1731949148s277:RX_2 on freq 869525000 Hz at DR 0
1731949148s475:IRQ_RX_TX_TIMEOUT
1731949148s475:NOTIFY
1731949148s475:MAC rxTimeOut

###### ========== MCPS-Confirm =============
###### U/L FRAME:0011 | PORT:24 | DR:0 | PWR:1 | MSG TYPE:UNCONFIRMED
1731949174s926:Airtime test started: 0
1731949174s926:MAC Tx start packet size: 18
1731949174s930:TX on freq 867700000 Hz at DR 0
1731949174s930:RADIO SEND WITH size 18
1731949174s932:SEND REQUEST
1731949176s251:NOTIFY
1731949176s251:MAC txDone
1731949177s282:RX_1 on freq 867700000 Hz at DR 0
1731949179s419:MAC rxNotify
1731949179s419:NOTIFY
1731949179s419:MAC rxDone

###### ========== MCPS-Confirm =============
###### U/L FRAME:0012 | PORT:24 | DR:0 | PWR:1 | MSG TYPE:UNCONFIRMED
1731949179s423:value of rxport: 200
1731949179s423:MULTICAST CLASS C SETUP 2
###### D/L FRAME:0001 | PORT:200 | DR:0 | SLOT:1 | RSSI:-14 | SNR:6
1731949179s432:MAC Tx start packet size: 15
1731949179s435:TX on freq 867100000 Hz at DR 0
1731949179s436:RADIO SEND WITH size 15
ID          : 0
McAddr      : 9A397E7A
McKey       : 22-3B-7D-DC-82-A4-BA-78-85-EA-8F-B0-3E-BD-CB-AB
McFCountMin : 0
McFCountMax : 4294967295
SessionTime : 0
SessionTimeT: 1 s
Rx Freq     : 0
Rx DR       : DR_0
1731949180s593:NOTIFY
1731949180s593:MAC txDone
1731949181s624:RX_1 on freq 867100000 Hz at DR 0
1731949183s106:MAC rxNotify
1731949183s106:NOTIFY
1731949183s106:MAC rxDone

###### ========== MCPS-Confirm =============
###### U/L FRAME:0013 | PORT:200 | DR:0 | PWR:1 | MSG TYPE:UNCONFIRMED
1731949183s108:value of rxport: 201
###### D/L FRAME:0002 | PORT:201 | DR:0 | SLOT:1 | RSSI:-13 | SNR:5
1731949183s109:#####################FRAGDECODER INIT
1731949186s990:MAC Tx start packet size: 15
1731949186s994:TX on freq 867100000 Hz at DR 0
1731949186s994:RADIO SEND WITH size 15
1731949188s152:NOTIFY
1731949188s152:MAC txDone
1731949189s184:RX_1 on freq 867100000 Hz at DR 0
1731949190s664:MAC rxNotify
1731949190s664:NOTIFY
1731949190s665:MAC rxDone

###### ========== MCPS-Confirm =============
###### U/L FRAME:0014 | PORT:201 | DR:0 | PWR:1 | MSG TYPE:UNCONFIRMED
1731949190s667:value of rxport: 200
1731949190s668:MULTICAST CLASS C SETUP 4
###### D/L FRAME:0003 | PORT:200 | DR:0 | SLOT:1 | RSSI:-15 | SNR:5
Time2SessionStart: 298000 ms
1731949190s668:MAC Tx start packet size: 18
1731949190s672:TX on freq 868100000 Hz at DR 0
1731949190s673:RADIO SEND WITH size 18
ID          : 0
McAddr      : 9A397E7A
McKey       : 22-3B-7D-DC-82-A4-BA-78-85-EA-8F-B0-3E-BD-CB-AB
McFCountMin : 0
McFCountMax : 4294967295
SessionTime : 1731949488
SessionTimeT: 4096 s
Rx Freq     : 869525000
Rx DR       : DR_0
1731949191s993:NOTIFY
1731949191s993:MAC txDone
1731949193s025:RX_1 on freq 868100000 Hz at DR 0
1731949193s223:IRQ_RX_TX_TIMEOUT
1731949193s223:NOTIFY
1731949193s223:MAC rxTimeOut
1731949194s025:RX_2 on freq 869525000 Hz at DR 0
1731949194s223:IRQ_RX_TX_TIMEOUT
1731949194s223:NOTIFY
1731949194s223:MAC rxTimeOut

###### ========== MCPS-Confirm =============
###### U/L FRAME:0015 | PORT:200 | DR:0 | PWR:1 | MSG TYPE:UNCONFIRMED
1731949488s668:[SWITCHCLASS class C]
1731949488s683:RX_C on freq 869525000 Hz at DR 0
1731949488s685:#############OPENED CONTINUOUS RX C WINDOW
Switch to Class C done
1731949492s055:MAC rxNotify
1731949492s055:NOTIFY
1731949492s055:MAC rxDone
1731949492s058:RXSLOT
1731949492s058:value of rxport: 201
###### D/L FRAME:0000 | PORT:201 | DR:0 | SLOT:C_MC | RSSI:-12 | SNR:5
1731949492s058:#####################FRAGDECODER PROCESS

.... FRAG_DECODER in Progress ....
EXPECTED   : 052 Fragments (02028 Bytes)
RECEIVED   : 001 Fragments
             00039 Bytes
LOST       : 000 Fragments

1731949492s063:RX_C on freq 869525000 Hz at DR 0
1731949492s064:#############OPENED CONTINUOUS RX C WINDOW
1731949513s104:MAC rxNotify
1731949513s104:NOTIFY
1731949513s104:MAC rxDone
1731949513s107:RXSLOT
1731949513s107:value of rxport: 201
###### D/L FRAME:0001 | PORT:201 | DR:0 | SLOT:C_MC | RSSI:-11 | SNR:6
1731949513s107:#####################FRAGDECODER PROCESS

.... FRAG_DECODER in Progress ....
EXPECTED   : 052 Fragments (02028 Bytes)
RECEIVED   : 002 Fragments
             00078 Bytes
LOST       : 000 Fragments

1731949513s111:RX_C on freq 869525000 Hz at DR 0
1731949513s112:#############OPENED CONTINUOUS RX C WINDOW
1731949534s147:MAC rxNotify
1731949534s147:NOTIFY
1731949534s147:MAC rxDone
1731949534s151:RXSLOT
1731949534s151:value of rxport: 201
###### D/L FRAME:0002 | PORT:201 | DR:0 | SLOT:C_MC | RSSI:-11 | SNR:5
1731949534s151:#####################FRAGDECODER PROCESS

.... FRAG_DECODER in Progress ....
EXPECTED   : 052 Fragments (02028 Bytes)
RECEIVED   : 003 Fragments
             00117 Bytes
LOST       : 000 Fragments

1731949534s155:RX_C on freq 869525000 Hz at DR 0
1731949534s156:#############OPENED CONTINUOUS RX C WINDOW
1731949554s199:MAC rxNotify
1731949554s199:NOTIFY
1731949554s199:MAC rxDone
1731949554s202:RXSLOT
1731949554s202:value of rxport: 201
###### D/L FRAME:0003 | PORT:201 | DR:0 | SLOT:C_MC | RSSI:-10 | SNR:5
1731949554s202:#####################FRAGDECODER PROCESS

.... FRAG_DECODER in Progress ....
EXPECTED   : 052 Fragments (02028 Bytes)
RECEIVED   : 004 Fragments
             00156 Bytes
LOST       : 000 Fragments

1731949554s207:RX_C on freq 869525000 Hz at DR 0
1731949554s208:#############OPENED CONTINUOUS RX C WINDOW
1731949575s258:MAC rxNotify
1731949575s258:NOTIFY
1731949575s258:MAC rxDone
1731949575s261:RXSLOT
1731949575s261:value of rxport: 201
###### D/L FRAME:0004 | PORT:201 | DR:0 | SLOT:C_MC | RSSI:-9 | SNR:5
1731949575s261:#####################FRAGDECODER PROCESS

.... FRAG_DECODER in Progress ....
EXPECTED   : 052 Fragments (02028 Bytes)
RECEIVED   : 005 Fragments
             00195 Bytes
LOST       : 000 Fragments

1731949575s266:RX_C on freq 869525000 Hz at DR 0
1731949575s267:#############OPENED CONTINUOUS RX C WINDOW
1731949596s323:MAC rxNotify
1731949596s323:NOTIFY
1731949596s323:MAC rxDone
1731949596s326:RXSLOT
1731949596s326:value of rxport: 201
###### D/L FRAME:0005 | PORT:201 | DR:0 | SLOT:C_MC | RSSI:-10 | SNR:6
1731949596s326:#####################FRAGDECODER PROCESS

.... FRAG_DECODER in Progress ....
EXPECTED   : 052 Fragments (02028 Bytes)
RECEIVED   : 006 Fragments
             00234 Bytes
LOST       : 000 Fragments

1731949596s331:RX_C on freq 869525000 Hz at DR 0
1731949596s332:#############OPENED CONTINUOUS RX C WINDOW
1731949616s379:MAC rxNotify
1731949616s379:NOTIFY
1731949616s379:MAC rxDone
1731949616s382:RXSLOT
1731949616s382:value of rxport: 201
###### D/L FRAME:0006 | PORT:201 | DR:0 | SLOT:C_MC | RSSI:-11 | SNR:5
1731949616s382:#####################FRAGDECODER PROCESS

.... FRAG_DECODER in Progress ....
EXPECTED   : 052 Fragments (02028 Bytes)
RECEIVED   : 007 Fragments
             00273 Bytes
LOST       : 000 Fragments

1731949616s387:RX_C on freq 869525000 Hz at DR 0
1731949616s388:#############OPENED CONTINUOUS RX C WINDOW
1731949637s433:MAC rxNotify
1731949637s433:NOTIFY
1731949637s433:MAC rxDone
1731949637s436:RXSLOT
1731949637s436:value of rxport: 201
###### D/L FRAME:0007 | PORT:201 | DR:0 | SLOT:C_MC | RSSI:-11 | SNR:5
1731949637s436:#####################FRAGDECODER PROCESS

.... FRAG_DECODER in Progress ....
EXPECTED   : 052 Fragments (02028 Bytes)
RECEIVED   : 008 Fragments
             00312 Bytes
LOST       : 000 Fragments

1731949637s441:RX_C on freq 869525000 Hz at DR 0
1731949637s442:#############OPENED CONTINUOUS RX C WINDOW
1731949658s492:MAC rxNotify
1731949658s492:NOTIFY
1731949658s492:MAC rxDone
1731949658s495:RXSLOT
1731949658s495:value of rxport: 201
###### D/L FRAME:0008 | PORT:201 | DR:0 | SLOT:C_MC | RSSI:-10 | SNR:5
1731949658s495:#####################FRAGDECODER PROCESS

.... FRAG_DECODER in Progress ....
EXPECTED   : 052 Fragments (02028 Bytes)
RECEIVED   : 009 Fragments
             00351 Bytes
LOST       : 000 Fragments

1731949658s500:RX_C on freq 869525000 Hz at DR 0
1731949658s501:#############OPENED CONTINUOUS RX C WINDOW
1731949678s543:MAC rxNotify
1731949678s543:NOTIFY
1731949678s544:MAC rxDone
1731949678s547:RXSLOT
1731949678s547:value of rxport: 201
###### D/L FRAME:0009 | PORT:201 | DR:0 | SLOT:C_MC | RSSI:-12 | SNR:5
1731949678s547:#####################FRAGDECODER PROCESS

.... FRAG_DECODER in Progress ....
EXPECTED   : 052 Fragments (02028 Bytes)
RECEIVED   : 010 Fragments
             00390 Bytes
LOST       : 000 Fragments

1731949678s552:RX_C on freq 869525000 Hz at DR 0
1731949678s553:#############OPENED CONTINUOUS RX C WINDOW
1731949699s599:MAC rxNotify
1731949699s599:NOTIFY
1731949699s599:MAC rxDone
1731949699s602:RXSLOT
1731949699s602:value of rxport: 201
###### D/L FRAME:0010 | PORT:201 | DR:0 | SLOT:C_MC | RSSI:-11 | SNR:6
1731949699s602:#####################FRAGDECODER PROCESS

.... FRAG_DECODER in Progress ....
EXPECTED   : 052 Fragments (02028 Bytes)
RECEIVED   : 011 Fragments
             00429 Bytes
LOST       : 000 Fragments

1731949699s607:RX_C on freq 869525000 Hz at DR 0
1731949699s608:#############OPENED CONTINUOUS RX C WINDOW
1731949720s661:MAC rxNotify
1731949720s661:NOTIFY
1731949720s661:MAC rxDone
1731949720s664:RXSLOT
1731949720s664:value of rxport: 201
###### D/L FRAME:0011 | PORT:201 | DR:0 | SLOT:C_MC | RSSI:-11 | SNR:5
1731949720s664:#####################FRAGDECODER PROCESS

.... FRAG_DECODER in Progress ....
EXPECTED   : 052 Fragments (02028 Bytes)
RECEIVED   : 012 Fragments
             00468 Bytes
LOST       : 000 Fragments

1731949720s669:RX_C on freq 869525000 Hz at DR 0
1731949720s670:#############OPENED CONTINUOUS RX C WINDOW
1731949730s368:MAC rxNotify
1731949730s368:NOTIFY
1731949730s368:MAC rxDone
1731949730s370:RXSLOT
1731949730s373:RX_C on freq 869525000 Hz at DR 0
1731949730s375:#############OPENED CONTINUOUS RX C WINDOW
1731949740s720:MAC rxNotify
1731949740s720:NOTIFY
1731949740s720:MAC rxDone
1731949740s723:RXSLOT
1731949740s723:value of rxport: 201
###### D/L FRAME:0012 | PORT:201 | DR:0 | SLOT:C_MC | RSSI:-11 | SNR:5
1731949740s723:#####################FRAGDECODER PROCESS

.... FRAG_DECODER in Progress ....
EXPECTED   : 052 Fragments (02028 Bytes)
RECEIVED   : 013 Fragments
             00507 Bytes
LOST       : 000 Fragments

1731949740s728:RX_C on freq 869525000 Hz at DR 0
1731949740s729:#############OPENED CONTINUOUS RX C WINDOW
1731949761s783:MAC rxNotify
1731949761s783:NOTIFY
1731949761s783:MAC rxDone
1731949761s786:RXSLOT
1731949761s786:value of rxport: 201
###### D/L FRAME:0013 | PORT:201 | DR:0 | SLOT:C_MC | RSSI:-11 | SNR:5
1731949761s786:#####################FRAGDECODER PROCESS

.... FRAG_DECODER in Progress ....
EXPECTED   : 052 Fragments (02028 Bytes)
RECEIVED   : 014 Fragments
             00546 Bytes
LOST       : 000 Fragments

1731949761s791:RX_C on freq 869525000 Hz at DR 0
1731949761s792:#############OPENED CONTINUOUS RX C WINDOW
1731949772s674:MAC rxNotify
1731949772s674:NOTIFY
1731949772s674:MAC rxDone
1731949772s676:RXSLOT
1731949772s679:RX_C on freq 869525000 Hz at DR 0
1731949772s681:#############OPENED CONTINUOUS RX C WINDOW
1731949782s840:MAC rxNotify
1731949782s840:NOTIFY
1731949782s840:MAC rxDone
1731949782s843:RXSLOT
1731949782s843:value of rxport: 201
###### D/L FRAME:0014 | PORT:201 | DR:0 | SLOT:C_MC | RSSI:-12 | SNR:5
1731949782s843:#####################FRAGDECODER PROCESS

.... FRAG_DECODER in Progress ....
EXPECTED   : 052 Fragments (02028 Bytes)
RECEIVED   : 015 Fragments
             00585 Bytes
LOST       : 000 Fragments

1731949782s848:RX_C on freq 869525000 Hz at DR 0
1731949782s849:#############OPENED CONTINUOUS RX C WINDOW
1731949802s893:MAC rxNotify
1731949802s893:NOTIFY
1731949802s893:MAC rxDone
1731949802s896:RXSLOT
1731949802s896:value of rxport: 201
###### D/L FRAME:0015 | PORT:201 | DR:0 | SLOT:C_MC | RSSI:-12 | SNR:5
1731949802s896:#####################FRAGDECODER PROCESS

.... FRAG_DECODER in Progress ....
EXPECTED   : 052 Fragments (02028 Bytes)
RECEIVED   : 016 Fragments
             00624 Bytes
LOST       : 000 Fragments

1731949802s901:RX_C on freq 869525000 Hz at DR 0
1731949802s902:#############OPENED CONTINUOUS RX C WINDOW
1731949823s938:MAC rxNotify
1731949823s938:NOTIFY
1731949823s938:MAC rxDone
1731949823s941:RXSLOT
1731949823s941:value of rxport: 201
###### D/L FRAME:0016 | PORT:201 | DR:0 | SLOT:C_MC | RSSI:-10 | SNR:6
1731949823s941:#####################FRAGDECODER PROCESS

.... FRAG_DECODER in Progress ....
EXPECTED   : 052 Fragments (02028 Bytes)
RECEIVED   : 017 Fragments
             00663 Bytes
LOST       : 000 Fragments

1731949823s945:RX_C on freq 869525000 Hz at DR 0
1731949823s946:#############OPENED CONTINUOUS RX C WINDOW
1731949840s173:MAC rxNotify
1731949840s173:NOTIFY
1731949840s173:MAC rxDone
1731949840s175:RXSLOT
1731949840s178:RX_C on freq 869525000 Hz at DR 0
1731949840s180:#############OPENED CONTINUOUS RX C WINDOW
1731949844s993:MAC rxNotify
1731949844s993:NOTIFY
1731949844s993:MAC rxDone
1731949844s996:RXSLOT
1731949844s996:value of rxport: 201
###### D/L FRAME:0017 | PORT:201 | DR:0 | SLOT:C_MC | RSSI:-11 | SNR:5
1731949844s996:#####################FRAGDECODER PROCESS

.... FRAG_DECODER in Progress ....
EXPECTED   : 052 Fragments (02028 Bytes)
RECEIVED   : 018 Fragments
             00702 Bytes
LOST       : 000 Fragments

1731949845s001:RX_C on freq 869525000 Hz at DR 0
1731949845s002:#############OPENED CONTINUOUS RX C WINDOW
1731949865s051:MAC rxNotify
1731949865s051:NOTIFY
1731949865s051:MAC rxDone
1731949865s054:RXSLOT
1731949865s054:value of rxport: 201
###### D/L FRAME:0018 | PORT:201 | DR:0 | SLOT:C_MC | RSSI:-11 | SNR:5
1731949865s054:#####################FRAGDECODER PROCESS

.... FRAG_DECODER in Progress ....
EXPECTED   : 052 Fragments (02028 Bytes)
RECEIVED   : 019 Fragments
             00741 Bytes
LOST       : 000 Fragments

1731949865s059:RX_C on freq 869525000 Hz at DR 0
1731949865s060:#############OPENED CONTINUOUS RX C WINDOW
1731949886s111:MAC rxNotify
1731949886s111:NOTIFY
1731949886s111:MAC rxDone
1731949886s114:RXSLOT
1731949886s114:value of rxport: 201
###### D/L FRAME:0019 | PORT:201 | DR:0 | SLOT:C_MC | RSSI:-11 | SNR:5
1731949886s114:#####################FRAGDECODER PROCESS

.... FRAG_DECODER in Progress ....
EXPECTED   : 052 Fragments (02028 Bytes)
RECEIVED   : 020 Fragments
             00780 Bytes
LOST       : 000 Fragments

1731949886s119:RX_C on freq 869525000 Hz at DR 0
1731949886s120:#############OPENED CONTINUOUS RX C WINDOW
1731949900s761:MAC rxNotify
1731949900s761:NOTIFY
1731949900s761:MAC rxDone
1731949900s763:RXSLOT
1731949900s766:RX_C on freq 869525000 Hz at DR 0
1731949900s768:#############OPENED CONTINUOUS RX C WINDOW
1731949904s815:MAC rxNotify
1731949904s816:NOTIFY
1731949904s816:MAC rxDone
1731949904s816:IRQ_CRC_ERROR
1731949904s816:NOTIFY
1731949904s818:RXSLOT
1731949904s818:RXSLOT
1731949904s820:RX_C on freq 869525000 Hz at DR 0
1731949904s822:#############OPENED CONTINUOUS RX C WINDOW
1731949907s171:MAC rxNotify
1731949907s171:NOTIFY
1731949907s171:MAC rxDone
1731949907s174:RXSLOT
1731949907s174:value of rxport: 201
###### D/L FRAME:0020 | PORT:201 | DR:0 | SLOT:C_MC | RSSI:-12 | SNR:5
1731949907s174:#####################FRAGDECODER PROCESS

.... FRAG_DECODER in Progress ....
EXPECTED   : 052 Fragments (02028 Bytes)
RECEIVED   : 021 Fragments
             00819 Bytes
LOST       : 000 Fragments

1731949907s179:RX_C on freq 869525000 Hz at DR 0
1731949907s180:#############OPENED CONTINUOUS RX C WINDOW
1731949927s235:MAC rxNotify
1731949927s235:NOTIFY
1731949927s235:MAC rxDone
1731949927s237:RXSLOT
1731949927s237:value of rxport: 201
###### D/L FRAME:0021 | PORT:201 | DR:0 | SLOT:C_MC | RSSI:-11 | SNR:5
1731949927s237:#####################FRAGDECODER PROCESS

.... FRAG_DECODER in Progress ....
EXPECTED   : 052 Fragments (02028 Bytes)
RECEIVED   : 022 Fragments
             00858 Bytes
LOST       : 000 Fragments

1731949927s242:RX_C on freq 869525000 Hz at DR 0
1731949927s243:#############OPENED CONTINUOUS RX C WINDOW
1731949948s289:MAC rxNotify
1731949948s289:NOTIFY
1731949948s289:MAC rxDone
1731949948s293:RXSLOT
1731949948s293:value of rxport: 201
###### D/L FRAME:0022 | PORT:201 | DR:0 | SLOT:C_MC | RSSI:-11 | SNR:5
1731949948s293:#####################FRAGDECODER PROCESS

.... FRAG_DECODER in Progress ....
EXPECTED   : 052 Fragments (02028 Bytes)
RECEIVED   : 023 Fragments
             00897 Bytes
LOST       : 000 Fragments

1731949948s298:RX_C on freq 869525000 Hz at DR 0
1731949948s299:#############OPENED CONTINUOUS RX C WINDOW
1731949969s342:MAC rxNotify
1731949969s342:NOTIFY
1731949969s342:MAC rxDone
1731949969s345:RXSLOT
1731949969s345:value of rxport: 201
###### D/L FRAME:0023 | PORT:201 | DR:0 | SLOT:C_MC | RSSI:-10 | SNR:5
1731949969s345:#####################FRAGDECODER PROCESS

.... FRAG_DECODER in Progress ....
EXPECTED   : 052 Fragments (02028 Bytes)
RECEIVED   : 024 Fragments
             00936 Bytes
LOST       : 000 Fragments

1731949969s350:RX_C on freq 869525000 Hz at DR 0
1731949969s351:#############OPENED CONTINUOUS RX C WINDOW
1731949989s401:MAC rxNotify
1731949989s401:NOTIFY
1731949989s401:MAC rxDone
1731949989s403:RXSLOT
1731949989s403:value of rxport: 201
###### D/L FRAME:0024 | PORT:201 | DR:0 | SLOT:C_MC | RSSI:-11 | SNR:5
1731949989s403:#####################FRAGDECODER PROCESS

.... FRAG_DECODER in Progress ....
EXPECTED   : 052 Fragments (02028 Bytes)
RECEIVED   : 025 Fragments
             00975 Bytes
LOST       : 000 Fragments

1731949989s408:RX_C on freq 869525000 Hz at DR 0
1731949989s409:#############OPENED CONTINUOUS RX C WINDOW
1731950001s433:MAC rxNotify
1731950001s433:NOTIFY
1731950001s433:MAC rxDone
1731950001s435:RXSLOT
1731950001s438:RX_C on freq 869525000 Hz at DR 0
1731950001s440:#############OPENED CONTINUOUS RX C WINDOW
1731950010s457:MAC rxNotify
1731950010s457:NOTIFY
1731950010s457:MAC rxDone
1731950010s460:RXSLOT
1731950010s460:value of rxport: 201
###### D/L FRAME:0025 | PORT:201 | DR:0 | SLOT:C_MC | RSSI:-11 | SNR:5
1731950010s460:#####################FRAGDECODER PROCESS

.... FRAG_DECODER in Progress ....
EXPECTED   : 052 Fragments (02028 Bytes)
RECEIVED   : 026 Fragments
             01014 Bytes
LOST       : 000 Fragments

1731950010s465:RX_C on freq 869525000 Hz at DR 0
1731950010s466:#############OPENED CONTINUOUS RX C WINDOW
1731950031s523:MAC rxNotify
1731950031s523:NOTIFY
1731950031s524:MAC rxDone
1731950031s527:RXSLOT
1731950031s527:value of rxport: 201
###### D/L FRAME:0026 | PORT:201 | DR:0 | SLOT:C_MC | RSSI:-12 | SNR:5
1731950031s527:#####################FRAGDECODER PROCESS

.... FRAG_DECODER in Progress ....
EXPECTED   : 052 Fragments (02028 Bytes)
RECEIVED   : 027 Fragments
             01053 Bytes
LOST       : 000 Fragments

1731950031s531:RX_C on freq 869525000 Hz at DR 0
1731950031s532:#############OPENED CONTINUOUS RX C WINDOW
1731950051s583:MAC rxNotify
1731950051s583:NOTIFY
1731950051s583:MAC rxDone
1731950051s586:RXSLOT
1731950051s586:value of rxport: 201
###### D/L FRAME:0027 | PORT:201 | DR:0 | SLOT:C_MC | RSSI:-11 | SNR:5
1731950051s586:#####################FRAGDECODER PROCESS

.... FRAG_DECODER in Progress ....
EXPECTED   : 052 Fragments (02028 Bytes)
RECEIVED   : 028 Fragments
             01092 Bytes
LOST       : 000 Fragments

1731950051s591:RX_C on freq 869525000 Hz at DR 0
1731950051s592:#############OPENED CONTINUOUS RX C WINDOW
1731950072s641:MAC rxNotify
1731950072s641:NOTIFY
1731950072s642:MAC rxDone
1731950072s645:RXSLOT
1731950072s645:value of rxport: 201
###### D/L FRAME:0028 | PORT:201 | DR:0 | SLOT:C_MC | RSSI:-11 | SNR:5
1731950072s645:#####################FRAGDECODER PROCESS

.... FRAG_DECODER in Progress ....
EXPECTED   : 052 Fragments (02028 Bytes)
RECEIVED   : 029 Fragments
             01131 Bytes
LOST       : 000 Fragments

1731950072s650:RX_C on freq 869525000 Hz at DR 0
1731950072s651:#############OPENED CONTINUOUS RX C WINDOW
1731950093s704:MAC rxNotify
1731950093s704:NOTIFY
1731950093s704:MAC rxDone
1731950093s708:RXSLOT
1731950093s708:value of rxport: 201
###### D/L FRAME:0029 | PORT:201 | DR:0 | SLOT:C_MC | RSSI:-11 | SNR:5
1731950093s708:#####################FRAGDECODER PROCESS

.... FRAG_DECODER in Progress ....
EXPECTED   : 052 Fragments (02028 Bytes)
RECEIVED   : 030 Fragments
             01170 Bytes
LOST       : 000 Fragments

1731950093s713:RX_C on freq 869525000 Hz at DR 0
1731950093s714:#############OPENED CONTINUOUS RX C WINDOW
1731950113s742:MAC rxNotify
1731950113s742:NOTIFY
1731950113s742:MAC rxDone
1731950113s745:RXSLOT
1731950113s745:value of rxport: 201
###### D/L FRAME:0030 | PORT:201 | DR:0 | SLOT:C_MC | RSSI:-12 | SNR:5
1731950113s745:#####################FRAGDECODER PROCESS

.... FRAG_DECODER in Progress ....
EXPECTED   : 052 Fragments (02028 Bytes)
RECEIVED   : 031 Fragments
             01209 Bytes
LOST       : 000 Fragments

1731950113s750:RX_C on freq 869525000 Hz at DR 0
1731950113s751:#############OPENED CONTINUOUS RX C WINDOW
1731950124s861:MAC rxNotify
1731950124s861:NOTIFY
1731950124s861:MAC rxDone
1731950124s862:RXSLOT
1731950124s865:RX_C on freq 869525000 Hz at DR 0
1731950124s867:#############OPENED CONTINUOUS RX C WINDOW
1731950134s795:MAC rxNotify
1731950134s795:NOTIFY
1731950134s795:MAC rxDone
1731950134s798:RXSLOT
1731950134s798:value of rxport: 201
###### D/L FRAME:0031 | PORT:201 | DR:0 | SLOT:C_MC | RSSI:-11 | SNR:5
1731950134s798:#####################FRAGDECODER PROCESS

.... FRAG_DECODER in Progress ....
EXPECTED   : 052 Fragments (02028 Bytes)
RECEIVED   : 032 Fragments
             01248 Bytes
LOST       : 000 Fragments

1731950134s803:RX_C on freq 869525000 Hz at DR 0
1731950134s804:#############OPENED CONTINUOUS RX C WINDOW
1731950155s848:MAC rxNotify
1731950155s848:NOTIFY
1731950155s848:MAC rxDone
1731950155s851:RXSLOT
1731950155s851:value of rxport: 201
###### D/L FRAME:0032 | PORT:201 | DR:0 | SLOT:C_MC | RSSI:-11 | SNR:5
1731950155s851:#####################FRAGDECODER PROCESS

.... FRAG_DECODER in Progress ....
EXPECTED   : 052 Fragments (02028 Bytes)
RECEIVED   : 033 Fragments
             01287 Bytes
LOST       : 000 Fragments

1731950155s856:RX_C on freq 869525000 Hz at DR 0
1731950155s857:#############OPENED CONTINUOUS RX C WINDOW
1731950175s900:MAC rxNotify
1731950175s900:NOTIFY
1731950175s900:MAC rxDone
1731950175s902:RXSLOT
1731950175s902:value of rxport: 201
###### D/L FRAME:0033 | PORT:201 | DR:0 | SLOT:C_MC | RSSI:-12 | SNR:5
1731950175s902:#####################FRAGDECODER PROCESS

.... FRAG_DECODER in Progress ....
EXPECTED   : 052 Fragments (02028 Bytes)
RECEIVED   : 034 Fragments
             01326 Bytes
LOST       : 000 Fragments

1731950175s907:RX_C on freq 869525000 Hz at DR 0
1731950175s908:#############OPENED CONTINUOUS RX C WINDOW
1731950192s841:MAC rxNotify
1731950192s841:NOTIFY
1731950192s841:MAC rxDone
1731950192s843:RXSLOT
1731950192s846:RX_C on freq 869525000 Hz at DR 0
1731950192s848:#############OPENED CONTINUOUS RX C WINDOW
1731950196s950:MAC rxNotify
1731950196s950:NOTIFY
1731950196s951:MAC rxDone
1731950196s954:RXSLOT
1731950196s954:value of rxport: 201
###### D/L FRAME:0034 | PORT:201 | DR:0 | SLOT:C_MC | RSSI:-12 | SNR:5
1731950196s954:#####################FRAGDECODER PROCESS

.... FRAG_DECODER in Progress ....
EXPECTED   : 052 Fragments (02028 Bytes)
RECEIVED   : 035 Fragments
             01365 Bytes
LOST       : 000 Fragments

1731950196s959:RX_C on freq 869525000 Hz at DR 0
1731950196s960:#############OPENED CONTINUOUS RX C WINDOW
1731950218s014:MAC rxNotify
1731950218s014:NOTIFY
1731950218s014:MAC rxDone
1731950218s017:RXSLOT
1731950218s017:value of rxport: 201
###### D/L FRAME:0035 | PORT:201 | DR:0 | SLOT:C_MC | RSSI:-12 | SNR:5
1731950218s017:#####################FRAGDECODER PROCESS

.... FRAG_DECODER in Progress ....
EXPECTED   : 052 Fragments (02028 Bytes)
RECEIVED   : 036 Fragments
             01404 Bytes
LOST       : 000 Fragments

1731950218s022:RX_C on freq 869525000 Hz at DR 0
1731950218s023:#############OPENED CONTINUOUS RX C WINDOW
1731950225s219:MAC rxNotify
1731950225s219:NOTIFY
1731950225s219:MAC rxDone
1731950225s221:RXSLOT
1731950225s224:RX_C on freq 869525000 Hz at DR 0
1731950225s226:#############OPENED CONTINUOUS RX C WINDOW
1731950238s069:MAC rxNotify
1731950238s069:NOTIFY
1731950238s069:MAC rxDone
1731950238s072:RXSLOT
1731950238s072:value of rxport: 201
###### D/L FRAME:0036 | PORT:201 | DR:0 | SLOT:C_MC | RSSI:-12 | SNR:5
1731950238s072:#####################FRAGDECODER PROCESS

.... FRAG_DECODER in Progress ....
EXPECTED   : 052 Fragments (02028 Bytes)
RECEIVED   : 037 Fragments
             01443 Bytes
LOST       : 000 Fragments

1731950238s077:RX_C on freq 869525000 Hz at DR 0
1731950238s078:#############OPENED CONTINUOUS RX C WINDOW
1731950259s124:MAC rxNotify
1731950259s124:NOTIFY
1731950259s124:MAC rxDone
1731950259s127:RXSLOT
1731950259s127:value of rxport: 201
###### D/L FRAME:0037 | PORT:201 | DR:0 | SLOT:C_MC | RSSI:-11 | SNR:6
1731950259s127:#####################FRAGDECODER PROCESS

.... FRAG_DECODER in Progress ....
EXPECTED   : 052 Fragments (02028 Bytes)
RECEIVED   : 038 Fragments
             01482 Bytes
LOST       : 000 Fragments

1731950259s132:RX_C on freq 869525000 Hz at DR 0
1731950259s133:#############OPENED CONTINUOUS RX C WINDOW
1731950279s172:MAC rxNotify
1731950279s172:NOTIFY
1731950279s172:MAC rxDone
1731950279s175:RXSLOT
1731950279s175:value of rxport: 201
###### D/L FRAME:0038 | PORT:201 | DR:0 | SLOT:C_MC | RSSI:-11 | SNR:6
1731950279s175:#####################FRAGDECODER PROCESS

.... FRAG_DECODER in Progress ....
EXPECTED   : 052 Fragments (02028 Bytes)
RECEIVED   : 039 Fragments
             01521 Bytes
LOST       : 000 Fragments

1731950279s180:RX_C on freq 869525000 Hz at DR 0
1731950279s181:#############OPENED CONTINUOUS RX C WINDOW
1731950300s235:MAC rxNotify
1731950300s235:NOTIFY
1731950300s235:MAC rxDone
1731950300s237:RXSLOT
1731950300s237:value of rxport: 201
###### D/L FRAME:0039 | PORT:201 | DR:0 | SLOT:C_MC | RSSI:-12 | SNR:6
1731950300s237:#####################FRAGDECODER PROCESS

.... FRAG_DECODER in Progress ....
EXPECTED   : 052 Fragments (02028 Bytes)
RECEIVED   : 040 Fragments
             01560 Bytes
LOST       : 000 Fragments

1731950300s242:RX_C on freq 869525000 Hz at DR 0
1731950300s243:#############OPENED CONTINUOUS RX C WINDOW
1731950321s299:MAC rxNotify
1731950321s299:NOTIFY
1731950321s299:MAC rxDone
1731950321s302:RXSLOT
1731950321s302:value of rxport: 201
###### D/L FRAME:0040 | PORT:201 | DR:0 | SLOT:C_MC | RSSI:-11 | SNR:6
1731950321s302:#####################FRAGDECODER PROCESS

.... FRAG_DECODER in Progress ....
EXPECTED   : 052 Fragments (02028 Bytes)
RECEIVED   : 041 Fragments
             01599 Bytes
LOST       : 000 Fragments

1731950321s307:RX_C on freq 869525000 Hz at DR 0
1731950321s308:#############OPENED CONTINUOUS RX C WINDOW
1731950341s357:MAC rxNotify
1731950341s357:NOTIFY
1731950341s357:MAC rxDone
1731950341s360:RXSLOT
1731950341s360:value of rxport: 201
###### D/L FRAME:0041 | PORT:201 | DR:0 | SLOT:C_MC | RSSI:-11 | SNR:6
1731950341s360:#####################FRAGDECODER PROCESS

.... FRAG_DECODER in Progress ....
EXPECTED   : 052 Fragments (02028 Bytes)
RECEIVED   : 042 Fragments
             01638 Bytes
LOST       : 000 Fragments

1731950341s364:RX_C on freq 869525000 Hz at DR 0
1731950341s365:#############OPENED CONTINUOUS RX C WINDOW
1731950362s410:MAC rxNotify
1731950362s410:NOTIFY
1731950362s410:MAC rxDone
1731950362s413:RXSLOT
1731950362s413:value of rxport: 201
###### D/L FRAME:0042 | PORT:201 | DR:0 | SLOT:C_MC | RSSI:-12 | SNR:5
1731950362s413:#####################FRAGDECODER PROCESS

.... FRAG_DECODER in Progress ....
EXPECTED   : 052 Fragments (02028 Bytes)
RECEIVED   : 043 Fragments
             01677 Bytes
LOST       : 000 Fragments

1731950362s418:RX_C on freq 869525000 Hz at DR 0
1731950362s419:#############OPENED CONTINUOUS RX C WINDOW
1731950383s465:MAC rxNotify
1731950383s465:NOTIFY
1731950383s465:MAC rxDone
1731950383s468:RXSLOT
1731950383s468:value of rxport: 201
###### D/L FRAME:0043 | PORT:201 | DR:0 | SLOT:C_MC | RSSI:-12 | SNR:5
1731950383s468:#####################FRAGDECODER PROCESS

.... FRAG_DECODER in Progress ....
EXPECTED   : 052 Fragments (02028 Bytes)
RECEIVED   : 044 Fragments
             01716 Bytes
LOST       : 000 Fragments

1731950383s473:RX_C on freq 869525000 Hz at DR 0
1731950383s474:#############OPENED CONTINUOUS RX C WINDOW
1731950403s523:MAC rxNotify
1731950403s523:NOTIFY
1731950403s523:MAC rxDone
1731950403s526:RXSLOT
1731950403s526:value of rxport: 201
###### D/L FRAME:0044 | PORT:201 | DR:0 | SLOT:C_MC | RSSI:-11 | SNR:5
1731950403s526:#####################FRAGDECODER PROCESS

.... FRAG_DECODER in Progress ....
EXPECTED   : 052 Fragments (02028 Bytes)
RECEIVED   : 045 Fragments
             01755 Bytes
LOST       : 000 Fragments

1731950403s530:RX_C on freq 869525000 Hz at DR 0
1731950403s531:#############OPENED CONTINUOUS RX C WINDOW
1731950424s580:MAC rxNotify
1731950424s580:NOTIFY
1731950424s580:MAC rxDone
1731950424s583:RXSLOT
1731950424s583:value of rxport: 201
###### D/L FRAME:0045 | PORT:201 | DR:0 | SLOT:C_MC | RSSI:-11 | SNR:6
1731950424s583:#####################FRAGDECODER PROCESS

.... FRAG_DECODER in Progress ....
EXPECTED   : 052 Fragments (02028 Bytes)
RECEIVED   : 046 Fragments
             01794 Bytes
LOST       : 000 Fragments

1731950424s588:RX_C on freq 869525000 Hz at DR 0
1731950424s589:#############OPENED CONTINUOUS RX C WINDOW
1731950445s645:MAC rxNotify
1731950445s645:NOTIFY
1731950445s645:MAC rxDone
1731950445s648:RXSLOT
1731950445s648:value of rxport: 201
###### D/L FRAME:0046 | PORT:201 | DR:0 | SLOT:C_MC | RSSI:-10 | SNR:6
1731950445s648:#####################FRAGDECODER PROCESS

.... FRAG_DECODER in Progress ....
EXPECTED   : 052 Fragments (02028 Bytes)
RECEIVED   : 047 Fragments
             01833 Bytes
LOST       : 000 Fragments

1731950445s652:RX_C on freq 869525000 Hz at DR 0
1731950445s653:#############OPENED CONTINUOUS RX C WINDOW
1731950465s699:MAC rxNotify
1731950465s699:NOTIFY
1731950465s699:MAC rxDone
1731950465s702:RXSLOT
1731950465s702:value of rxport: 201
###### D/L FRAME:0047 | PORT:201 | DR:0 | SLOT:C_MC | RSSI:-11 | SNR:6
1731950465s702:#####################FRAGDECODER PROCESS

.... FRAG_DECODER in Progress ....
EXPECTED   : 052 Fragments (02028 Bytes)
RECEIVED   : 048 Fragments
             01872 Bytes
LOST       : 000 Fragments

1731950465s707:RX_C on freq 869525000 Hz at DR 0
1731950465s708:#############OPENED CONTINUOUS RX C WINDOW
1731950486s759:MAC rxNotify
1731950486s759:NOTIFY
1731950486s759:MAC rxDone
1731950486s762:RXSLOT
1731950486s762:value of rxport: 201
###### D/L FRAME:0048 | PORT:201 | DR:0 | SLOT:C_MC | RSSI:-11 | SNR:6
1731950486s762:#####################FRAGDECODER PROCESS

.... FRAG_DECODER in Progress ....
EXPECTED   : 052 Fragments (02028 Bytes)
RECEIVED   : 049 Fragments
             01911 Bytes
LOST       : 000 Fragments

1731950486s767:RX_C on freq 869525000 Hz at DR 0
1731950486s768:#############OPENED CONTINUOUS RX C WINDOW
1731950507s810:MAC rxNotify
1731950507s810:NOTIFY
1731950507s810:MAC rxDone
1731950507s813:RXSLOT
1731950507s813:value of rxport: 201
###### D/L FRAME:0049 | PORT:201 | DR:0 | SLOT:C_MC | RSSI:-11 | SNR:5
1731950507s813:#####################FRAGDECODER PROCESS

.... FRAG_DECODER in Progress ....
EXPECTED   : 052 Fragments (02028 Bytes)
RECEIVED   : 050 Fragments
             01950 Bytes
LOST       : 000 Fragments

1731950507s818:RX_C on freq 869525000 Hz at DR 0
1731950507s819:#############OPENED CONTINUOUS RX C WINDOW
1731950525s485:MAC rxNotify
1731950525s486:NOTIFY
1731950525s486:MAC rxDone
1731950525s486:IRQ_CRC_ERROR
1731950525s486:NOTIFY
1731950525s487:RXSLOT
1731950525s487:RXSLOT
1731950525s490:RX_C on freq 869525000 Hz at DR 0
1731950525s492:#############OPENED CONTINUOUS RX C WINDOW
1731950527s867:MAC rxNotify
1731950527s867:NOTIFY
1731950527s867:MAC rxDone
1731950527s871:RXSLOT
1731950527s871:value of rxport: 201
###### D/L FRAME:0050 | PORT:201 | DR:0 | SLOT:C_MC | RSSI:-12 | SNR:6
1731950527s871:#####################FRAGDECODER PROCESS

.... FRAG_DECODER in Progress ....
EXPECTED   : 052 Fragments (02028 Bytes)
RECEIVED   : 051 Fragments
             01989 Bytes
LOST       : 000 Fragments

1731950527s876:RX_C on freq 869525000 Hz at DR 0
1731950527s877:#############OPENED CONTINUOUS RX C WINDOW
1731950548s913:MAC rxNotify
1731950548s913:NOTIFY
1731950548s913:MAC rxDone
1731950548s916:RXSLOT
1731950548s916:value of rxport: 201
###### D/L FRAME:0051 | PORT:201 | DR:0 | SLOT:C_MC | RSSI:-10 | SNR:5
1731950548s916:#####################FRAGDECODER PROCESS

.... FRAG_DECODER in Progress ....
EXPECTED   : 052 Fragments (02028 Bytes)
RECEIVED   : 052 Fragments
             02028 Bytes
LOST       : 000 Fragments


.... FRAG_DECODER Finished ....
STATUS     : 0
1731950548s917:ALL FRAGMENTS RECEIVED

= [SBOOT] System Security Check successfully passed. Starting...


======================================================================
=              (C) COPYRIGHT 2017 STMicroelectronics                 =
=                                                                    =
=              Secure Boot and Secure Firmware Update                =
======================================================================


= [SBOOT] SECURE ENGINE INITIALIZATION SUCCESSFUL
= [SBOOT] STATE: CHECK STATUS ON RESET
	  INFO: A Reboot has been triggered by a Software reset!
= [SBOOT] STATE: CHECK NEW FIRMWARE TO DOWNLOAD
= [SBOOT] STATE: CHECK KMS BLOB TO INSTALL
= [SBOOT] STATE: CHECK USER FW STATUS
	  A FW is detected in the slot SLOT_ACTIVE_1
= [SBOOT] STATE: VERIFY USER FW SIGNATURE
= [SBOOT] STATE: EXECUTE USER FIRMWAREAPPLICATION_VERSION: V1.3.0
MW_LORAWAN_VERSION:  V2.5.0
MW_RADIO_VERSION:    V1.3.0
L2_SPEC_VERSION:     V1.0.4
RP_SPEC_VERSION:     V2-1.0.1
NVM DATA RESTORED
###### AppKey:      2B:7E:15:16:28:AE:D2:A6:AB:F7:15:88:09:CF:4F:3C
###### NwkKey:      2B:7E:15:16:28:AE:D2:A6:AB:F7:15:88:09:CF:4F:3C
###### AppSKey:     F8:DE:D3:5B:44:5D:6C:81:86:78:4B:C8:D1:97:C3:6B
###### NwkSKey:     6A:C7:7A:72:14:4D:50:37:64:F7:26:17:1D:96:F4:F0
###### DevEUI:      00:80:E1:15:05:AB:D0:6C
###### AppEUI:      01:01:01:01:01:01:01:01
###### DevAddr:     05:AB:D0:6C
###### KMS ENABLED