
= [SBOO
= [SBOOT] System Security Check successfully passed. Starting...


======================================================================
=              (C) COPYRIGHT 2017 STMicroelectronics                 =
=                                                                    =
=              Secure Boot and Secure Firmware Update                =
======================================================================


= [SBOOT] SECURE ENGINE INITIALIZATION SUCCESSFUL
= [SBOOT] STATE: CHECK STATUS ON RESET
	  INFO: A Reboot has been triggered by a Hardware reset!
= [SBOOT] STATE: CHECK NEW FIRMWARE TO DOWNLOAD
= [SBOOT] STATE: CHECK KMS BLOB TO INSTALL
= [SBOOT] STATE: CHECK USER FW STATUS
	  A FW is detected in the slot SLOT_ACTIVE_1
= [SBOOT] STATE: VERIFY USER FW SIGNATURE
= [SBOOT] STATE: EXECUTE USER FIRMWAREAPPLICATION_VERSION: V1.3.0
MW_LORAWAN_VERSION:  V2.5.0
MW_RADIO_VERSION:    V1.3.0
L2_SPEC_VERSION:     V1.0.4
RP_SPEC_VERSION:     V2-1.0.1
NVM DATA RESTORED
###### AppKey:      2B:7E:15:16:28:AE:D2:A6:AB:F7:15:88:09:CF:4F:3C
###### NwkKey:      2B:7E:15:16:28:AE:D2:A6:AB:F7:15:88:09:CF:4F:3C
###### AppSKey:     19:FE:76:7D:6D:8E:30:D8:EC:95:21:41:B7:0A:7E:FD
###### NwkSKey:     61:BA:E7:2A:52:FD:37:2A:81:C5:A3:2B:98:3C:CD:D8
###### DevEUI:      00:80:E1:15:05:AB:D0:6C
###### AppEUI:      01:01:01:01:01:01:01:01
###### DevAddr:     05:AB:D0:6C
###### KMS ENABLED

###### = JOINED = OTAA =====================
[31mNetwork joined, choose app to execute:
BTN1: TxTimer send uplink every 10 sec
BTN2: Airtime test
[0m
###### U/L FRAME:JOIN | DR:4 | PWR:1
###### MCRootKey:   7D:F7:6B:0C:1A:B8:99:B3:3E:42:F0:47:B9:1B:54:6F
###### MCKEKey:     8C:B8:66:5E:0C:0E:0B:64:5B:2E:D9:E4:8A:19:27:7C
###### AppSKey:     6E:3C:B5:38:96:E2:BD:D4:22:4E:FE:50:D6:D8:C8:6E
###### NwkSKey:     61:A7:ED:3F:45:45:06:6E:E8:48:07:D8:16:AE:F1:22
###### DBIntKey:    7A:C4:7C:65:FE:25:9B:B6:54:BD:26:35:19:F8:9C:8E
###### DevEUI:      00:80:E1:15:05:AB:D0:6C
###### AppEUI:      01:01:01:01:01:01:01:01
###### DevAddr:     00:F1:21:9C
[32mStart tx timer regular[0m

###### ========== MCPS-Confirm =============
###### U/L FRAME:0001 | PORT:24 | DR:4 | PWR:1 | MSG TYPE:UNCONFIRMED
1731928529s685:value of rxport: 0
###### D/L FRAME:0000 | PORT:0 | DR:4 | SLOT:1 | RSSI:-13 | SNR:15
1731928558s475:Airtime test started: 0
1731928558s475:MAC Tx start packet size: 21
1731928558s479:TX on freq 867300000 Hz at DR 4
1731928558s479:RADIO SEND WITH size 21
1731928558s481:SEND REQUEST
1731928558s585:NOTIFY
1731928558s585:MAC txDone
1731928559s566:RX_1 on freq 867300000 Hz at DR 4
1731928559s617:IRQ_RX_TX_TIMEOUT
1731928559s617:NOTIFY
1731928559s617:MAC rxTimeOut
1731928560s615:RX_2 on freq 869525000 Hz at DR 0
1731928560s813:IRQ_RX_TX_TIMEOUT
1731928560s813:NOTIFY
1731928560s813:MAC rxTimeOut

###### ========== MCPS-Confirm =============
###### U/L FRAME:0002 | PORT:24 | DR:4 | PWR:1 | MSG TYPE:UNCONFIRMED
1731928588s481:Airtime test started: 0
1731928588s481:MAC Tx start packet size: 18
1731928588s485:TX on freq 867700000 Hz at DR 4
1731928588s485:RADIO SEND WITH size 18
1731928588s487:SEND REQUEST
1731928588s580:NOTIFY
1731928588s580:MAC txDone
1731928589s562:RX_1 on freq 867700000 Hz at DR 4
1731928589s613:IRQ_RX_TX_TIMEOUT
1731928589s613:NOTIFY
1731928589s613:MAC rxTimeOut
1731928590s611:RX_2 on freq 869525000 Hz at DR 0
1731928590s809:IRQ_RX_TX_TIMEOUT
1731928590s809:NOTIFY
1731928590s809:MAC rxTimeOut

###### ========== MCPS-Confirm =============
###### U/L FRAME:0003 | PORT:24 | DR:4 | PWR:1 | MSG TYPE:UNCONFIRMED
1731928618s487:Airtime test started: 0
1731928618s487:MAC Tx start packet size: 18
1731928618s491:TX on freq 867100000 Hz at DR 4
1731928618s491:RADIO SEND WITH size 18
1731928618s493:SEND REQUEST
1731928618s586:NOTIFY
1731928618s586:MAC txDone
1731928619s568:RX_1 on freq 867100000 Hz at DR 4
1731928619s619:IRQ_RX_TX_TIMEOUT
1731928619s619:NOTIFY
1731928619s619:MAC rxTimeOut
1731928620s617:RX_2 on freq 869525000 Hz at DR 0
1731928620s815:IRQ_RX_TX_TIMEOUT
1731928620s815:NOTIFY
1731928620s815:MAC rxTimeOut

###### ========== MCPS-Confirm =============
###### U/L FRAME:0004 | PORT:24 | DR:4 | PWR:1 | MSG TYPE:UNCONFIRMED
1731928648s493:Airtime test started: 0
1731928648s493:MAC Tx start packet size: 18
1731928648s497:TX on freq 867100000 Hz at DR 4
1731928648s497:RADIO SEND WITH size 18
1731928648s499:SEND REQUEST
1731928648s592:NOTIFY
1731928648s592:MAC txDone
1731928649s575:RX_1 on freq 867100000 Hz at DR 4
1731928649s626:IRQ_RX_TX_TIMEOUT
1731928649s626:NOTIFY
1731928649s626:MAC rxTimeOut
1731928650s624:RX_2 on freq 869525000 Hz at DR 0
1731928650s822:IRQ_RX_TX_TIMEOUT
1731928650s822:NOTIFY
1731928650s822:MAC rxTimeOut

###### ========== MCPS-Confirm =============
###### U/L FRAME:0005 | PORT:24 | DR:4 | PWR:1 | MSG TYPE:UNCONFIRMED
1731928678s499:Airtime test started: 0
1731928678s499:MAC Tx start packet size: 18
1731928678s503:TX on freq 868100000 Hz at DR 4
1731928678s503:RADIO SEND WITH size 18
1731928678s505:SEND REQUEST
1731928678s597:NOTIFY
1731928678s597:MAC txDone
1731928679s580:RX_1 on freq 868100000 Hz at DR 4
1731928679s631:IRQ_RX_TX_TIMEOUT
1731928679s631:NOTIFY
1731928679s631:MAC rxTimeOut
1731928680s629:RX_2 on freq 869525000 Hz at DR 0
1731928680s827:IRQ_RX_TX_TIMEOUT
1731928680s827:NOTIFY
1731928680s827:MAC rxTimeOut

###### ========== MCPS-Confirm =============
###### U/L FRAME:0006 | PORT:24 | DR:4 | PWR:1 | MSG TYPE:UNCONFIRMED
1731928708s505:Airtime test started: 0
1731928708s505:MAC Tx start packet size: 18
1731928708s508:TX on freq 868300000 Hz at DR 4
1731928708s508:RADIO SEND WITH size 18
1731928708s510:SEND REQUEST
1731928708s603:NOTIFY
1731928708s603:MAC txDone
1731928709s586:RX_1 on freq 868300000 Hz at DR 4
1731928709s636:IRQ_RX_TX_TIMEOUT
1731928709s636:NOTIFY
1731928709s636:MAC rxTimeOut
1731928710s634:RX_2 on freq 869525000 Hz at DR 0
1731928710s833:IRQ_RX_TX_TIMEOUT
1731928710s833:NOTIFY
1731928710s833:MAC rxTimeOut

###### ========== MCPS-Confirm =============
###### U/L FRAME:0007 | PORT:24 | DR:4 | PWR:1 | MSG TYPE:UNCONFIRMED
1731928738s510:Airtime test started: 0
1731928738s510:MAC Tx start packet size: 18
1731928738s514:TX on freq 867900000 Hz at DR 4
1731928738s514:RADIO SEND WITH size 18
1731928738s516:SEND REQUEST
1731928738s609:NOTIFY
1731928738s609:MAC txDone
1731928739s592:RX_1 on freq 867900000 Hz at DR 4
1731928739s642:IRQ_RX_TX_TIMEOUT
1731928739s642:NOTIFY
1731928739s642:MAC rxTimeOut
1731928740s640:RX_2 on freq 869525000 Hz at DR 0
1731928740s839:IRQ_RX_TX_TIMEOUT
1731928740s839:NOTIFY
1731928740s839:MAC rxTimeOut

###### ========== MCPS-Confirm =============
###### U/L FRAME:0008 | PORT:24 | DR:4 | PWR:1 | MSG TYPE:UNCONFIRMED
1731928768s516:Airtime test started: 0
1731928768s516:MAC Tx start packet size: 18
1731928768s520:TX on freq 868100000 Hz at DR 4
1731928768s520:RADIO SEND WITH size 18
1731928768s522:SEND REQUEST
1731928768s615:NOTIFY
1731928768s615:MAC txDone
1731928769s597:RX_1 on freq 868100000 Hz at DR 4
1731928769s648:IRQ_RX_TX_TIMEOUT
1731928769s648:NOTIFY
1731928769s648:MAC rxTimeOut
1731928770s646:RX_2 on freq 869525000 Hz at DR 0
1731928770s844:IRQ_RX_TX_TIMEOUT
1731928770s844:NOTIFY
1731928770s844:MAC rxTimeOut

###### ========== MCPS-Confirm =============
###### U/L FRAME:0009 | PORT:24 | DR:4 | PWR:1 | MSG TYPE:UNCONFIRMED
1731928798s522:Airtime test started: 0
1731928798s522:MAC Tx start packet size: 18
1731928798s526:TX on freq 867500000 Hz at DR 4
1731928798s526:RADIO SEND WITH size 18
1731928798s528:SEND REQUEST
1731928798s621:NOTIFY
1731928798s621:MAC txDone
1731928799s603:RX_1 on freq 867500000 Hz at DR 4
1731928799s654:IRQ_RX_TX_TIMEOUT
1731928799s654:NOTIFY
1731928799s654:MAC rxTimeOut
1731928800s652:RX_2 on freq 869525000 Hz at DR 0
1731928800s850:IRQ_RX_TX_TIMEOUT
1731928800s850:NOTIFY
1731928800s850:MAC rxTimeOut

###### ========== MCPS-Confirm =============
###### U/L FRAME:0010 | PORT:24 | DR:4 | PWR:1 | MSG TYPE:UNCONFIRMED
1731928828s528:Airtime test started: 0
1731928828s528:MAC Tx start packet size: 18
1731928828s532:TX on freq 867500000 Hz at DR 4
1731928828s532:RADIO SEND WITH size 18
1731928828s534:SEND REQUEST
1731928828s627:NOTIFY
1731928828s627:MAC txDone
1731928829s609:RX_1 on freq 867500000 Hz at DR 4
1731928829s660:IRQ_RX_TX_TIMEOUT
1731928829s660:NOTIFY
1731928829s660:MAC rxTimeOut
1731928830s658:RX_2 on freq 869525000 Hz at DR 0
1731928830s856:IRQ_RX_TX_TIMEOUT
1731928830s856:NOTIFY
1731928830s856:MAC rxTimeOut

###### ========== MCPS-Confirm =============
###### U/L FRAME:0011 | PORT:24 | DR:4 | PWR:1 | MSG TYPE:UNCONFIRMED
1731928858s534:Airtime test started: 0
1731928858s534:MAC Tx start packet size: 18
1731928858s538:TX on freq 868500000 Hz at DR 4
1731928858s538:RADIO SEND WITH size 18
1731928858s540:SEND REQUEST
1731928858s633:NOTIFY
1731928858s633:MAC txDone
1731928859s616:RX_1 on freq 868500000 Hz at DR 4
1731928859s799:MAC rxNotify
1731928859s799:NOTIFY
1731928859s799:MAC rxDone

###### ========== MCPS-Confirm =============
###### U/L FRAME:0012 | PORT:24 | DR:4 | PWR:1 | MSG TYPE:UNCONFIRMED
1731928859s801:value of rxport: 200
1731928859s801:MULTICAST CLASS C SETUP 2
###### D/L FRAME:0001 | PORT:200 | DR:4 | SLOT:1 | RSSI:-13 | SNR:15
1731928859s811:MAC Tx start packet size: 15
1731928859s815:TX on freq 867100000 Hz at DR 4
1731928859s816:RADIO SEND WITH size 15
ID          : 0
McAddr      : 7D19F65A
McKey       : EB-F1-6C-3C-B5-6B-CE-E1-FA-36-37-F0-66-7A-7B-E7
McFCountMin : 0
McFCountMax : 4294967295
SessionTime : 0
SessionTimeT: 1 s
Rx Freq     : 0
Rx DR       : DR_0
1731928859s910:NOTIFY
1731928859s910:MAC txDone
1731928860s892:RX_1 on freq 867100000 Hz at DR 4
1731928861s025:MAC rxNotify
1731928861s025:NOTIFY
1731928861s025:MAC rxDone

###### ========== MCPS-Confirm =============
###### U/L FRAME:0013 | PORT:200 | DR:4 | PWR:1 | MSG TYPE:UNCONFIRMED
1731928861s027:value of rxport: 201
###### D/L FRAME:0002 | PORT:201 | DR:4 | SLOT:1 | RSSI:-13 | SNR:14
1731928861s028:#####################FRAGDECODER INIT
1731928864s910:MAC Tx start packet size: 15
1731928864s914:TX on freq 868300000 Hz at DR 4
1731928864s914:RADIO SEND WITH size 15
1731928865s008:NOTIFY
1731928865s008:MAC txDone
1731928865s991:RX_1 on freq 868300000 Hz at DR 4
1731928866s123:MAC rxNotify
1731928866s123:NOTIFY
1731928866s123:MAC rxDone

###### ========== MCPS-Confirm =============
###### U/L FRAME:0014 | PORT:201 | DR:4 | PWR:1 | MSG TYPE:UNCONFIRMED
1731928866s126:value of rxport: 200
1731928866s127:MULTICAST CLASS C SETUP 4
###### D/L FRAME:0003 | PORT:200 | DR:4 | SLOT:1 | RSSI:-13 | SNR:14
Time2SessionStart: 273000 ms
1731928866s127:MAC Tx start packet size: 18
1731928866s131:TX on freq 868500000 Hz at DR 4
1731928866s132:RADIO SEND WITH size 18
ID          : 0
McAddr      : 7D19F65A
McKey       : EB-F1-6C-3C-B5-6B-CE-E1-FA-36-37-F0-66-7A-7B-E7
McFCountMin : 0
McFCountMax : 4294967295
SessionTime : 1731929139
SessionTimeT: 4096 s
Rx Freq     : 869525000
Rx DR       : DR_4
1731928866s225:NOTIFY
1731928866s225:MAC txDone
1731928867s208:RX_1 on freq 868500000 Hz at DR 4
1731928867s258:IRQ_RX_TX_TIMEOUT
1731928867s258:NOTIFY
1731928867s258:MAC rxTimeOut
1731928868s257:RX_2 on freq 869525000 Hz at DR 0
1731928868s455:IRQ_RX_TX_TIMEOUT
1731928868s455:NOTIFY
1731928868s455:MAC rxTimeOut

###### ========== MCPS-Confirm =============
###### U/L FRAME:0015 | PORT:200 | DR:4 | PWR:1 | MSG TYPE:UNCONFIRMED
1731929139s127:[SWITCHCLASS class C]
1731929139s141:RX_C on freq 869525000 Hz at DR 4
1731929139s143:#############OPENED CONTINUOUS RX C WINDOW
Switch to Class C done
1731929167s545:MAC rxNotify
1731929167s545:NOTIFY
1731929167s546:MAC rxDone
1731929167s552:RXSLOT
1731929167s553:value of rxport: 201
###### D/L FRAME:0000 | PORT:201 | DR:4 | SLOT:C_MC | RSSI:-11 | SNR:13
1731929167s553:#####################FRAGDECODER PROCESS

.... FRAG_DECODER in Progress ....
EXPECTED   : 010 Fragments (02190 Bytes)
RECEIVED   : 001 Fragments
             00219 Bytes
LOST       : 000 Fragments

1731929167s557:RX_C on freq 869525000 Hz at DR 4
1731929167s558:#############OPENED CONTINUOUS RX C WINDOW
1731929174s567:MAC rxNotify
1731929174s567:NOTIFY
1731929174s567:MAC rxDone
1731929174s574:RXSLOT
1731929174s575:value of rxport: 201
###### D/L FRAME:0001 | PORT:201 | DR:4 | SLOT:C_MC | RSSI:-11 | SNR:13
1731929174s575:#####################FRAGDECODER PROCESS

.... FRAG_DECODER in Progress ....
EXPECTED   : 010 Fragments (02190 Bytes)
RECEIVED   : 002 Fragments
             00438 Bytes
LOST       : 000 Fragments

1731929174s579:RX_C on freq 869525000 Hz at DR 4
1731929174s580:#############OPENED CONTINUOUS RX C WINDOW
1731929182s603:MAC rxNotify
1731929182s603:NOTIFY
1731929182s603:MAC rxDone
1731929182s610:RXSLOT
1731929182s611:value of rxport: 201
###### D/L FRAME:0002 | PORT:201 | DR:4 | SLOT:C_MC | RSSI:-11 | SNR:13
1731929182s611:#####################FRAGDECODER PROCESS

.... FRAG_DECODER in Progress ....
EXPECTED   : 010 Fragments (02190 Bytes)
RECEIVED   : 003 Fragments
             00657 Bytes
LOST       : 000 Fragments

1731929182s615:RX_C on freq 869525000 Hz at DR 4
1731929182s616:#############OPENED CONTINUOUS RX C WINDOW
1731929189s626:MAC rxNotify
1731929189s626:NOTIFY
1731929189s626:MAC rxDone
1731929189s633:RXSLOT
1731929189s633:value of rxport: 201
###### D/L FRAME:0003 | PORT:201 | DR:4 | SLOT:C_MC | RSSI:-11 | SNR:13
1731929189s633:#####################FRAGDECODER PROCESS

.... FRAG_DECODER in Progress ....
EXPECTED   : 010 Fragments (02190 Bytes)
RECEIVED   : 004 Fragments
             00876 Bytes
LOST       : 000 Fragments

1731929189s637:RX_C on freq 869525000 Hz at DR 4
1731929189s638:#############OPENED CONTINUOUS RX C WINDOW
1731929197s653:MAC rxNotify
1731929197s653:NOTIFY
1731929197s653:MAC rxDone
1731929197s661:RXSLOT
1731929197s662:value of rxport: 201
###### D/L FRAME:0004 | PORT:201 | DR:4 | SLOT:C_MC | RSSI:-11 | SNR:13
1731929197s662:#####################FRAGDECODER PROCESS

.... FRAG_DECODER in Progress ....
EXPECTED   : 010 Fragments (02190 Bytes)
RECEIVED   : 005 Fragments
             01095 Bytes
LOST       : 000 Fragments

1731929197s666:RX_C on freq 869525000 Hz at DR 4
1731929197s667:#############OPENED CONTINUOUS RX C WINDOW
1731929204s680:MAC rxNotify
1731929204s680:NOTIFY
1731929204s680:MAC rxDone
1731929204s687:RXSLOT
1731929204s688:value of rxport: 201
###### D/L FRAME:0005 | PORT:201 | DR:4 | SLOT:C_MC | RSSI:-10 | SNR:15
1731929204s688:#####################FRAGDECODER PROCESS

.... FRAG_DECODER in Progress ....
EXPECTED   : 010 Fragments (02190 Bytes)
RECEIVED   : 006 Fragments
             01314 Bytes
LOST       : 000 Fragments

1731929204s692:RX_C on freq 869525000 Hz at DR 4
1731929204s693:#############OPENED CONTINUOUS RX C WINDOW
1731929212s708:MAC rxNotify
1731929212s708:NOTIFY
1731929212s708:MAC rxDone
1731929212s715:RXSLOT
1731929212s716:value of rxport: 201
###### D/L FRAME:0006 | PORT:201 | DR:4 | SLOT:C_MC | RSSI:-10 | SNR:15
1731929212s716:#####################FRAGDECODER PROCESS

.... FRAG_DECODER in Progress ....
EXPECTED   : 010 Fragments (02190 Bytes)
RECEIVED   : 007 Fragments
             01533 Bytes
LOST       : 000 Fragments

1731929212s719:RX_C on freq 869525000 Hz at DR 4
1731929212s720:#############OPENED CONTINUOUS RX C WINDOW
1731929219s731:MAC rxNotify
1731929219s731:NOTIFY
1731929219s731:MAC rxDone
1731929219s738:RXSLOT
1731929219s739:value of rxport: 201
###### D/L FRAME:0007 | PORT:201 | DR:4 | SLOT:C_MC | RSSI:-10 | SNR:15
1731929219s739:#####################FRAGDECODER PROCESS

.... FRAG_DECODER in Progress ....
EXPECTED   : 010 Fragments (02190 Bytes)
RECEIVED   : 008 Fragments
             01752 Bytes
LOST       : 000 Fragments

1731929219s743:RX_C on freq 869525000 Hz at DR 4
1731929219s744:#############OPENED CONTINUOUS RX C WINDOW
1731929227s765:MAC rxNotify
1731929227s765:NOTIFY
1731929227s765:MAC rxDone
1731929227s772:RXSLOT
1731929227s773:value of rxport: 201
###### D/L FRAME:0008 | PORT:201 | DR:4 | SLOT:C_MC | RSSI:-10 | SNR:15
1731929227s773:#####################FRAGDECODER PROCESS

.... FRAG_DECODER in Progress ....
EXPECTED   : 010 Fragments (02190 Bytes)
RECEIVED   : 009 Fragments
             01971 Bytes
LOST       : 000 Fragments

1731929227s777:RX_C on freq 869525000 Hz at DR 4
1731929227s778:#############OPENED CONTINUOUS RX C WINDOW
1731929234s793:MAC rxNotify
1731929234s793:NOTIFY
1731929234s793:MAC rxDone
1731929234s800:RXSLOT
1731929234s800:value of rxport: 201
###### D/L FRAME:0009 | PORT:201 | DR:4 | SLOT:C_MC | RSSI:-10 | SNR:14
1731929234s800:#####################FRAGDECODER PROCESS

.... FRAG_DECODER in Progress ....
EXPECTED   : 010 Fragments (02190 Bytes)
RECEIVED   : 010 Fragments
             02190 Bytes
LOST       : 000 Fragments


.... FRAG_DECODER Finished ....
STATUS     : 0
1731929234s800:ALL FRAGMENTS RECEIVED

= [SBOOT] System Security Check successfully passed. Starting...


======================================================================
=              (C) COPYRIGHT 2017 STMicroelectronics                 =
=                                                                    =
=              Secure Boot and Secure Firmware Update                =
======================================================================


= [SBOOT] SECURE ENGINE INITIALIZATION SUCCESSFUL
= [SBOOT] STATE: CHECK STATUS ON RESET
	  INFO: A Reboot has been triggered by a Software reset!
= [SBOOT] STATE: CHECK NEW FIRMWARE TO DOWNLOAD
= [SBOOT] STATE: CHECK KMS BLOB TO INSTALL
= [SBOOT] STATE: CHECK USER FW STATUS
	  A FW is detected in the slot SLOT_ACTIVE_1
= [SBOOT] STATE: VERIFY USER FW SIGNATURE
= [SBOOT] STATE: EXECUTE USER FIRMWAREAPPLICATION_VERSION: V1.3.0
MW_LORAWAN_VERSION:  V2.5.0
MW_RADIO_VERSION:    V1.3.0
L2_SPEC_VERSION:     V1.0.4
RP_SPEC_VERSION:     V2-1.0.1
NVM DATA RESTORED
###### AppKey:      2B:7E:15:16:28:AE:D2:A6:AB:F7:15:88:09:CF:4F:3C
###### NwkKey:      2B:7E:15:16:28:AE:D2:A6:AB:F7:15:88:09:CF:4F:3C
###### AppSKey:     6E:3C:B5:38:96:E2:BD:D4:22:4E:FE:50:D6:D8:C8:6E
###### NwkSKey:     61:A7:ED:3F:45:45:06:6E:E8:48:07:D8:16:AE:F1:22
###### DevEUI:      00:80:E1:15:05:AB:D0:6C
###### AppEUI:      01:01:01:01:01:01:01:01
###### DevAddr:     05:AB:D0:6C
###### KMS ENABLED