
= [SBOOT] System Security Check successfully passed. Starting...


======================================================================
=              (C) COPYRIGHT 2017 STMicroelectronics                 =
=                                                                    =
=              Secure Boot and Secure Firmware Update                =
======================================================================


= [SBOOT] SECURE ENGINE INITIALIZATION SUCCESSFUL
= [SBOOT] STATE: CHECK STATUS ON RESET
	  INFO: A Reboot has been triggered by a Hardware reset!
= [SBOOT] STATE: CHECK NEW FIRMWARE TO DOWNLOAD
= [SBOOT] STATE: CHECK KMS BLOB TO INSTALL
= [SBOOT] STATE: CHECK USER FW STATUS
	  A FW is detected in the slot SLOT_ACTIVE_1
= [SBOOT] STATE: VERIFY USER FW SIGNATURE
= [SBOOT] STATE: EXECUTE USER FIRMWAREAPPLICATION_VERSION: V1.3.0
MW_LORAWAN_VERSION:  V2.5.0
MW_RADIO_VERSION:    V1.3.0
L2_SPEC_VERSION:     V1.0.4
RP_SPEC_VERSION:     V2-1.0.1
NVM DATA RESTORED
###### AppKey:      2B:7E:15:16:28:AE:D2:A6:AB:F7:15:88:09:CF:4F:3C
###### NwkKey:      2B:7E:15:16:28:AE:D2:A6:AB:F7:15:88:09:CF:4F:3C
###### AppSKey:     2B:7E:15:16:28:AE:D2:A6:AB:F7:15:88:09:CF:4F:3C
###### NwkSKey:     2B:7E:15:16:28:AE:D2:A6:AB:F7:15:88:09:CF:4F:3C
###### DevEUI:      00:80:E1:15:05:AB:D0:6C
###### AppEUI:      01:01:01:01:01:01:01:01
###### DevAddr:     05:AB:D0:6C
###### KMS ENABLED

###### = JOINED = OTAA =====================
[31mNetwork joined, choose app to execute:
BTN1: TxTimer send uplink every 10 sec
BTN2: Airtime test
[0m
###### U/L FRAME:JOIN | DR:1 | PWR:1
###### MCRootKey:   7D:F7:6B:0C:1A:B8:99:B3:3E:42:F0:47:B9:1B:54:6F
###### MCKEKey:     8C:B8:66:5E:0C:0E:0B:64:5B:2E:D9:E4:8A:19:27:7C
###### AppSKey:     BE:8E:31:62:45:5A:77:A0:0D:D2:CB:79:2A:6C:50:15
###### NwkSKey:     09:E2:DE:51:43:74:95:C8:08:0F:90:A5:23:9D:2C:17
###### DBIntKey:    7A:C4:7C:65:FE:25:9B:B6:54:BD:26:35:19:F8:9C:8E
###### DevEUI:      00:80:E1:15:05:AB:D0:6C
###### AppEUI:      01:01:01:01:01:01:01:01
###### DevAddr:     01:58:91:5A
[32mStart tx timer regular[0m

###### ========== MCPS-Confirm =============
###### U/L FRAME:0001 | PORT:24 | DR:1 | PWR:1 | MSG TYPE:UNCONFIRMED
1731694449s738:value of rxport: 0
###### D/L FRAME:0000 | PORT:0 | DR:1 | SLOT:1 | RSSI:-8 | SNR:7
1731694477s239:Airtime test started: 0
1731694477s239:MAC Tx start packet size: 21
1731694477s243:TX on freq 867700000 Hz at DR 1
1731694477s243:RADIO SEND WITH size 21
1731694477s245:SEND REQUEST
1731694477s986:NOTIFY
1731694477s986:MAC txDone
1731694478s994:RX_1 on freq 867700000 Hz at DR 1
1731694479s094:IRQ_RX_TX_TIMEOUT
1731694479s095:NOTIFY
1731694479s095:MAC rxTimeOut
1731694480s017:RX_2 on freq 869525000 Hz at DR 0
1731694480s216:IRQ_RX_TX_TIMEOUT
1731694480s216:NOTIFY
1731694480s216:MAC rxTimeOut

###### ========== MCPS-Confirm =============
###### U/L FRAME:0002 | PORT:24 | DR:1 | PWR:1 | MSG TYPE:UNCONFIRMED
1731694507s245:Airtime test started: 0
1731694507s245:MAC Tx start packet size: 18
1731694507s249:TX on freq 868100000 Hz at DR 1
1731694507s249:RADIO SEND WITH size 18
1731694507s251:SEND REQUEST
1731694507s910:NOTIFY
1731694507s910:MAC txDone
1731694508s918:RX_1 on freq 868100000 Hz at DR 1
1731694509s017:IRQ_RX_TX_TIMEOUT
1731694509s018:NOTIFY
1731694509s018:MAC rxTimeOut
1731694509s941:RX_2 on freq 869525000 Hz at DR 0
1731694510s139:IRQ_RX_TX_TIMEOUT
1731694510s139:NOTIFY
1731694510s139:MAC rxTimeOut

###### ========== MCPS-Confirm =============
###### U/L FRAME:0003 | PORT:24 | DR:1 | PWR:1 | MSG TYPE:UNCONFIRMED
1731694537s251:Airtime test started: 0
1731694537s251:MAC Tx start packet size: 18
1731694537s255:TX on freq 867300000 Hz at DR 1
1731694537s255:RADIO SEND WITH size 18
1731694537s257:SEND REQUEST
1731694537s916:NOTIFY
1731694537s916:MAC txDone
1731694538s924:RX_1 on freq 867300000 Hz at DR 1
1731694539s023:IRQ_RX_TX_TIMEOUT
1731694539s024:NOTIFY
1731694539s024:MAC rxTimeOut
1731694539s947:RX_2 on freq 869525000 Hz at DR 0
1731694540s145:IRQ_RX_TX_TIMEOUT
1731694540s145:NOTIFY
1731694540s145:MAC rxTimeOut

###### ========== MCPS-Confirm =============
###### U/L FRAME:0004 | PORT:24 | DR:1 | PWR:1 | MSG TYPE:UNCONFIRMED
1731694567s257:Airtime test started: 0
1731694567s257:MAC Tx start packet size: 18
1731694567s261:TX on freq 867700000 Hz at DR 1
1731694567s261:RADIO SEND WITH size 18
1731694567s263:SEND REQUEST
1731694567s922:NOTIFY
1731694567s922:MAC txDone
1731694568s930:RX_1 on freq 867700000 Hz at DR 1
1731694569s029:IRQ_RX_TX_TIMEOUT
1731694569s030:NOTIFY
1731694569s030:MAC rxTimeOut
1731694569s953:RX_2 on freq 869525000 Hz at DR 0
1731694570s151:IRQ_RX_TX_TIMEOUT
1731694570s151:NOTIFY
1731694570s151:MAC rxTimeOut

###### ========== MCPS-Confirm =============
###### U/L FRAME:0005 | PORT:24 | DR:1 | PWR:1 | MSG TYPE:UNCONFIRMED
1731694597s263:Airtime test started: 0
1731694597s263:MAC Tx start packet size: 18
1731694597s266:TX on freq 868500000 Hz at DR 1
1731694597s266:RADIO SEND WITH size 18
1731694597s268:SEND REQUEST
1731694597s928:NOTIFY
1731694597s928:MAC txDone
1731694598s935:RX_1 on freq 868500000 Hz at DR 1
1731694599s035:IRQ_RX_TX_TIMEOUT
1731694599s036:NOTIFY
1731694599s036:MAC rxTimeOut
1731694599s959:RX_2 on freq 869525000 Hz at DR 0
1731694600s157:IRQ_RX_TX_TIMEOUT
1731694600s157:NOTIFY
1731694600s157:MAC rxTimeOut

###### ========== MCPS-Confirm =============
###### U/L FRAME:0006 | PORT:24 | DR:1 | PWR:1 | MSG TYPE:UNCONFIRMED
1731694627s268:Airtime test started: 0
1731694627s268:MAC Tx start packet size: 18
1731694627s272:TX on freq 867300000 Hz at DR 1
1731694627s272:RADIO SEND WITH size 18
1731694627s274:SEND REQUEST
1731694627s933:NOTIFY
1731694627s933:MAC txDone
1731694628s941:RX_1 on freq 867300000 Hz at DR 1
1731694629s041:IRQ_RX_TX_TIMEOUT
1731694629s042:NOTIFY
1731694629s042:MAC rxTimeOut
1731694629s965:RX_2 on freq 869525000 Hz at DR 0
1731694630s163:IRQ_RX_TX_TIMEOUT
1731694630s163:NOTIFY
1731694630s163:MAC rxTimeOut

###### ========== MCPS-Confirm =============
###### U/L FRAME:0007 | PORT:24 | DR:1 | PWR:1 | MSG TYPE:UNCONFIRMED
1731694657s274:Airtime test started: 0
1731694657s274:MAC Tx start packet size: 18
1731694657s278:TX on freq 868100000 Hz at DR 1
1731694657s278:RADIO SEND WITH size 18
1731694657s280:SEND REQUEST
1731694657s939:NOTIFY
1731694657s939:MAC txDone
1731694658s947:RX_1 on freq 868100000 Hz at DR 1
1731694659s047:IRQ_RX_TX_TIMEOUT
1731694659s048:NOTIFY
1731694659s048:MAC rxTimeOut
1731694659s971:RX_2 on freq 869525000 Hz at DR 0
1731694660s169:IRQ_RX_TX_TIMEOUT
1731694660s169:NOTIFY
1731694660s169:MAC rxTimeOut

###### ========== MCPS-Confirm =============
###### U/L FRAME:0008 | PORT:24 | DR:1 | PWR:1 | MSG TYPE:UNCONFIRMED
1731694687s280:Airtime test started: 0
1731694687s280:MAC Tx start packet size: 18
1731694687s284:TX on freq 868500000 Hz at DR 1
1731694687s284:RADIO SEND WITH size 18
1731694687s286:SEND REQUEST
1731694687s945:NOTIFY
1731694687s945:MAC txDone
1731694688s953:RX_1 on freq 868500000 Hz at DR 1
1731694689s053:IRQ_RX_TX_TIMEOUT
1731694689s054:NOTIFY
1731694689s054:MAC rxTimeOut
1731694689s976:RX_2 on freq 869525000 Hz at DR 0
1731694690s175:IRQ_RX_TX_TIMEOUT
1731694690s175:NOTIFY
1731694690s175:MAC rxTimeOut

###### ========== MCPS-Confirm =============
###### U/L FRAME:0009 | PORT:24 | DR:1 | PWR:1 | MSG TYPE:UNCONFIRMED
1731694717s286:Airtime test started: 0
1731694717s286:MAC Tx start packet size: 18
1731694717s290:TX on freq 867900000 Hz at DR 1
1731694717s290:RADIO SEND WITH size 18
1731694717s292:SEND REQUEST
1731694717s951:NOTIFY
1731694717s951:MAC txDone
1731694718s959:RX_1 on freq 867900000 Hz at DR 1
1731694719s058:IRQ_RX_TX_TIMEOUT
1731694719s059:NOTIFY
1731694719s059:MAC rxTimeOut
1731694719s982:RX_2 on freq 869525000 Hz at DR 0
1731694720s180:IRQ_RX_TX_TIMEOUT
1731694720s180:NOTIFY
1731694720s180:MAC rxTimeOut

###### ========== MCPS-Confirm =============
###### U/L FRAME:0010 | PORT:24 | DR:1 | PWR:1 | MSG TYPE:UNCONFIRMED
1731694747s292:Airtime test started: 0
1731694747s292:MAC Tx start packet size: 18
1731694747s296:TX on freq 868100000 Hz at DR 1
1731694747s296:RADIO SEND WITH size 18
1731694747s298:SEND REQUEST
1731694747s957:NOTIFY
1731694747s957:MAC txDone
1731694748s965:RX_1 on freq 868100000 Hz at DR 1
1731694749s064:IRQ_RX_TX_TIMEOUT
1731694749s065:NOTIFY
1731694749s065:MAC rxTimeOut
1731694749s988:RX_2 on freq 869525000 Hz at DR 0
1731694750s186:IRQ_RX_TX_TIMEOUT
1731694750s186:NOTIFY
1731694750s186:MAC rxTimeOut

###### ========== MCPS-Confirm =============
###### U/L FRAME:0011 | PORT:24 | DR:1 | PWR:1 | MSG TYPE:UNCONFIRMED
1731694777s298:Airtime test started: 0
1731694777s298:MAC Tx start packet size: 18
1731694777s302:TX on freq 867500000 Hz at DR 1
1731694777s302:RADIO SEND WITH size 18
1731694777s304:SEND REQUEST
1731694777s963:NOTIFY
1731694777s963:MAC txDone
1731694778s971:RX_1 on freq 867500000 Hz at DR 1
1731694779s070:IRQ_RX_TX_TIMEOUT
1731694779s071:NOTIFY
1731694779s071:MAC rxTimeOut
1731694779s994:RX_2 on freq 869525000 Hz at DR 0
1731694780s192:IRQ_RX_TX_TIMEOUT
1731694780s192:NOTIFY
1731694780s192:MAC rxTimeOut

###### ========== MCPS-Confirm =============
###### U/L FRAME:0012 | PORT:24 | DR:1 | PWR:1 | MSG TYPE:UNCONFIRMED
1731694807s304:Airtime test started: 0
1731694807s304:MAC Tx start packet size: 18
1731694807s307:TX on freq 867700000 Hz at DR 1
1731694807s307:RADIO SEND WITH size 18
1731694807s309:SEND REQUEST
1731694807s969:NOTIFY
1731694807s969:MAC txDone
1731694808s976:RX_1 on freq 867700000 Hz at DR 1
1731694810s135:MAC rxNotify
1731694810s135:NOTIFY
1731694810s135:MAC rxDone

###### ========== MCPS-Confirm =============
###### U/L FRAME:0013 | PORT:24 | DR:1 | PWR:1 | MSG TYPE:UNCONFIRMED
1731694810s138:value of rxport: 200
1731694810s138:MULTICAST CLASS C SETUP 2
###### D/L FRAME:0001 | PORT:200 | DR:1 | SLOT:1 | RSSI:-8 | SNR:8
1731694810s146:MAC Tx start packet size: 15
1731694810s149:TX on freq 868500000 Hz at DR 1
1731694810s150:RADIO SEND WITH size 15
ID          : 0
McAddr      : 1B8D2175
McKey       : CC-8C-66-ED-86-B0-D4-64-41-13-62-96-A8-8B-02-FD
McFCountMin : 0
McFCountMax : 4294967295
SessionTime : 0
SessionTimeT: 1 s
Rx Freq     : 0
Rx DR       : DR_0
1731694810s811:NOTIFY
1731694810s811:MAC txDone
1731694811s819:RX_1 on freq 868500000 Hz at DR 1
1731694812s649:MAC rxNotify
1731694812s649:NOTIFY
1731694812s649:MAC rxDone

###### ========== MCPS-Confirm =============
###### U/L FRAME:0014 | PORT:200 | DR:1 | PWR:1 | MSG TYPE:UNCONFIRMED
1731694812s651:value of rxport: 201
###### D/L FRAME:0002 | PORT:201 | DR:1 | SLOT:1 | RSSI:-8 | SNR:7
1731694812s652:#####################FRAGDECODER INIT
1731694816s534:MAC Tx start packet size: 15
1731694816s538:TX on freq 867300000 Hz at DR 1
1731694816s538:RADIO SEND WITH size 15
1731694817s199:NOTIFY
1731694817s199:MAC txDone
1731694818s207:RX_1 on freq 867300000 Hz at DR 1
1731694819s037:MAC rxNotify
1731694819s037:NOTIFY
1731694819s037:MAC rxDone

###### ========== MCPS-Confirm =============
###### U/L FRAME:0015 | PORT:201 | DR:1 | PWR:1 | MSG TYPE:UNCONFIRMED
1731694819s039:value of rxport: 200
1731694819s040:MULTICAST CLASS C SETUP 4
###### D/L FRAME:0003 | PORT:200 | DR:1 | SLOT:1 | RSSI:-8 | SNR:7
Time2SessionStart: 298000 ms
1731694819s040:MAC Tx start packet size: 18
1731694819s044:TX on freq 868100000 Hz at DR 1
1731694819s045:RADIO SEND WITH size 18
ID          : 0
McAddr      : 1B8D2175
McKey       : CC-8C-66-ED-86-B0-D4-64-41-13-62-96-A8-8B-02-FD
McFCountMin : 0
McFCountMax : 4294967295
SessionTime : 1731695117
SessionTimeT: 4096 s
Rx Freq     : 869525000
Rx DR       : DR_1
1731694819s705:NOTIFY
1731694819s705:MAC txDone
1731694820s713:RX_1 on freq 868100000 Hz at DR 1
1731694820s812:IRQ_RX_TX_TIMEOUT
1731694820s813:NOTIFY
1731694820s813:MAC rxTimeOut
1731694821s736:RX_2 on freq 869525000 Hz at DR 0
1731694821s934:IRQ_RX_TX_TIMEOUT
1731694821s934:NOTIFY
1731694821s934:MAC rxTimeOut

###### ========== MCPS-Confirm =============
###### U/L FRAME:0016 | PORT:200 | DR:1 | PWR:1 | MSG TYPE:UNCONFIRMED
1731695117s040:[SWITCHCLASS class C]
1731695117s055:RX_C on freq 869525000 Hz at DR 1
1731695117s056:#############OPENED CONTINUOUS RX C WINDOW
Switch to Class C done
1731695120s623:MAC rxNotify
1731695120s623:NOTIFY
1731695120s623:MAC rxDone
1731695120s626:RXSLOT
1731695120s626:value of rxport: 201
###### D/L FRAME:0000 | PORT:201 | DR:1 | SLOT:C_MC | RSSI:-5 | SNR:8
1731695120s626:#####################FRAGDECODER PROCESS

.... FRAG_DECODER in Progress ....
EXPECTED   : 052 Fragments (02028 Bytes)
RECEIVED   : 001 Fragments
             00039 Bytes
LOST       : 000 Fragments

1731695120s631:RX_C on freq 869525000 Hz at DR 1
1731695120s632:#############OPENED CONTINUOUS RX C WINDOW
1731695131s658:MAC rxNotify
1731695131s658:NOTIFY
1731695131s658:MAC rxDone
1731695131s661:RXSLOT
1731695131s661:value of rxport: 201
###### D/L FRAME:0001 | PORT:201 | DR:1 | SLOT:C_MC | RSSI:-5 | SNR:8
1731695131s661:#####################FRAGDECODER PROCESS

.... FRAG_DECODER in Progress ....
EXPECTED   : 052 Fragments (02028 Bytes)
RECEIVED   : 002 Fragments
             00078 Bytes
LOST       : 000 Fragments

1731695131s666:RX_C on freq 869525000 Hz at DR 1
1731695131s667:#############OPENED CONTINUOUS RX C WINDOW
1731695142s692:MAC rxNotify
1731695142s692:NOTIFY
1731695142s692:MAC rxDone
1731695142s695:RXSLOT
1731695142s695:value of rxport: 201
###### D/L FRAME:0002 | PORT:201 | DR:1 | SLOT:C_MC | RSSI:-5 | SNR:8
1731695142s695:#####################FRAGDECODER PROCESS

.... FRAG_DECODER in Progress ....
EXPECTED   : 052 Fragments (02028 Bytes)
RECEIVED   : 003 Fragments
             00117 Bytes
LOST       : 000 Fragments

1731695142s700:RX_C on freq 869525000 Hz at DR 1
1731695142s701:#############OPENED CONTINUOUS RX C WINDOW
1731695153s728:MAC rxNotify
1731695153s728:NOTIFY
1731695153s728:MAC rxDone
1731695153s731:RXSLOT
1731695153s731:value of rxport: 201
###### D/L FRAME:0003 | PORT:201 | DR:1 | SLOT:C_MC | RSSI:-5 | SNR:8
1731695153s731:#####################FRAGDECODER PROCESS

.... FRAG_DECODER in Progress ....
EXPECTED   : 052 Fragments (02028 Bytes)
RECEIVED   : 004 Fragments
             00156 Bytes
LOST       : 000 Fragments

1731695153s736:RX_C on freq 869525000 Hz at DR 1
1731695153s737:#############OPENED CONTINUOUS RX C WINDOW
1731695164s765:MAC rxNotify
1731695164s765:NOTIFY
1731695164s765:MAC rxDone
1731695164s768:RXSLOT
1731695164s768:value of rxport: 201
###### D/L FRAME:0004 | PORT:201 | DR:1 | SLOT:C_MC | RSSI:-5 | SNR:8
1731695164s768:#####################FRAGDECODER PROCESS

.... FRAG_DECODER in Progress ....
EXPECTED   : 052 Fragments (02028 Bytes)
RECEIVED   : 005 Fragments
             00195 Bytes
LOST       : 000 Fragments

1731695164s773:RX_C on freq 869525000 Hz at DR 1
1731695164s774:#############OPENED CONTINUOUS RX C WINDOW
1731695175s806:MAC rxNotify
1731695175s806:NOTIFY
1731695175s806:MAC rxDone
1731695175s809:RXSLOT
1731695175s809:value of rxport: 201
###### D/L FRAME:0005 | PORT:201 | DR:1 | SLOT:C_MC | RSSI:-5 | SNR:8
1731695175s809:#####################FRAGDECODER PROCESS

.... FRAG_DECODER in Progress ....
EXPECTED   : 052 Fragments (02028 Bytes)
RECEIVED   : 006 Fragments
             00234 Bytes
LOST       : 000 Fragments

1731695175s814:RX_C on freq 869525000 Hz at DR 1
1731695175s815:#############OPENED CONTINUOUS RX C WINDOW
1731695186s843:MAC rxNotify
1731695186s843:NOTIFY
1731695186s843:MAC rxDone
1731695186s846:RXSLOT
1731695186s846:value of rxport: 201
###### D/L FRAME:0006 | PORT:201 | DR:1 | SLOT:C_MC | RSSI:-5 | SNR:8
1731695186s846:#####################FRAGDECODER PROCESS

.... FRAG_DECODER in Progress ....
EXPECTED   : 052 Fragments (02028 Bytes)
RECEIVED   : 007 Fragments
             00273 Bytes
LOST       : 000 Fragments

1731695186s850:RX_C on freq 869525000 Hz at DR 1
1731695186s851:#############OPENED CONTINUOUS RX C WINDOW
1731695197s870:MAC rxNotify
1731695197s870:NOTIFY
1731695197s870:MAC rxDone
1731695197s873:RXSLOT
1731695197s873:value of rxport: 201
###### D/L FRAME:0007 | PORT:201 | DR:1 | SLOT:C_MC | RSSI:-5 | SNR:8
1731695197s873:#####################FRAGDECODER PROCESS

.... FRAG_DECODER in Progress ....
EXPECTED   : 052 Fragments (02028 Bytes)
RECEIVED   : 008 Fragments
             00312 Bytes
LOST       : 000 Fragments

1731695197s878:RX_C on freq 869525000 Hz at DR 1
1731695197s879:#############OPENED CONTINUOUS RX C WINDOW
1731695208s907:MAC rxNotify
1731695208s907:NOTIFY
1731695208s907:MAC rxDone
1731695208s910:RXSLOT
1731695208s910:value of rxport: 201
###### D/L FRAME:0008 | PORT:201 | DR:1 | SLOT:C_MC | RSSI:-5 | SNR:8
1731695208s910:#####################FRAGDECODER PROCESS

.... FRAG_DECODER in Progress ....
EXPECTED   : 052 Fragments (02028 Bytes)
RECEIVED   : 009 Fragments
             00351 Bytes
LOST       : 000 Fragments

1731695208s915:RX_C on freq 869525000 Hz at DR 1
1731695208s916:#############OPENED CONTINUOUS RX C WINDOW
1731695219s945:MAC rxNotify
1731695219s945:NOTIFY
1731695219s945:MAC rxDone
1731695219s949:RXSLOT
1731695219s949:value of rxport: 201
###### D/L FRAME:0009 | PORT:201 | DR:1 | SLOT:C_MC | RSSI:-5 | SNR:8
1731695219s949:#####################FRAGDECODER PROCESS

.... FRAG_DECODER in Progress ....
EXPECTED   : 052 Fragments (02028 Bytes)
RECEIVED   : 010 Fragments
             00390 Bytes
LOST       : 000 Fragments

1731695219s954:RX_C on freq 869525000 Hz at DR 1
1731695219s955:#############OPENED CONTINUOUS RX C WINDOW
1731695231s984:MAC rxNotify
1731695231s984:NOTIFY
1731695231s984:MAC rxDone
1731695231s987:RXSLOT
1731695231s987:value of rxport: 201
###### D/L FRAME:0010 | PORT:201 | DR:1 | SLOT:C_MC | RSSI:-5 | SNR:8
1731695231s987:#####################FRAGDECODER PROCESS

.... FRAG_DECODER in Progress ....
EXPECTED   : 052 Fragments (02028 Bytes)
RECEIVED   : 011 Fragments
             00429 Bytes
LOST       : 000 Fragments

1731695231s992:RX_C on freq 869525000 Hz at DR 1
1731695231s993:#############OPENED CONTINUOUS RX C WINDOW
1731695243s020:MAC rxNotify
1731695243s020:NOTIFY
1731695243s020:MAC rxDone
1731695243s024:RXSLOT
1731695243s024:value of rxport: 201
###### D/L FRAME:0011 | PORT:201 | DR:1 | SLOT:C_MC | RSSI:-5 | SNR:8
1731695243s024:#####################FRAGDECODER PROCESS

.... FRAG_DECODER in Progress ....
EXPECTED   : 052 Fragments (02028 Bytes)
RECEIVED   : 012 Fragments
             00468 Bytes
LOST       : 000 Fragments

1731695243s029:RX_C on freq 869525000 Hz at DR 1
1731695243s030:#############OPENED CONTINUOUS RX C WINDOW
1731695254s059:MAC rxNotify
1731695254s059:NOTIFY
1731695254s059:MAC rxDone
1731695254s062:RXSLOT
1731695254s062:value of rxport: 201
###### D/L FRAME:0012 | PORT:201 | DR:1 | SLOT:C_MC | RSSI:-5 | SNR:8
1731695254s062:#####################FRAGDECODER PROCESS

.... FRAG_DECODER in Progress ....
EXPECTED   : 052 Fragments (02028 Bytes)
RECEIVED   : 013 Fragments
             00507 Bytes
LOST       : 000 Fragments

1731695254s067:RX_C on freq 869525000 Hz at DR 1
1731695254s068:#############OPENED CONTINUOUS RX C WINDOW
1731695265s102:MAC rxNotify
1731695265s102:NOTIFY
1731695265s102:MAC rxDone
1731695265s105:RXSLOT
1731695265s105:value of rxport: 201
###### D/L FRAME:0013 | PORT:201 | DR:1 | SLOT:C_MC | RSSI:-5 | SNR:8
1731695265s105:#####################FRAGDECODER PROCESS

.... FRAG_DECODER in Progress ....
EXPECTED   : 052 Fragments (02028 Bytes)
RECEIVED   : 014 Fragments
             00546 Bytes
LOST       : 000 Fragments

1731695265s110:RX_C on freq 869525000 Hz at DR 1
1731695265s111:#############OPENED CONTINUOUS RX C WINDOW
1731695276s134:MAC rxNotify
1731695276s134:NOTIFY
1731695276s134:MAC rxDone
1731695276s137:RXSLOT
1731695276s137:value of rxport: 201
###### D/L FRAME:0014 | PORT:201 | DR:1 | SLOT:C_MC | RSSI:-5 | SNR:8
1731695276s137:#####################FRAGDECODER PROCESS

.... FRAG_DECODER in Progress ....
EXPECTED   : 052 Fragments (02028 Bytes)
RECEIVED   : 015 Fragments
             00585 Bytes
LOST       : 000 Fragments

1731695276s141:RX_C on freq 869525000 Hz at DR 1
1731695276s142:#############OPENED CONTINUOUS RX C WINDOW
1731695287s168:MAC rxNotify
1731695287s168:NOTIFY
1731695287s168:MAC rxDone
1731695287s171:RXSLOT
1731695287s171:value of rxport: 201
###### D/L FRAME:0015 | PORT:201 | DR:1 | SLOT:C_MC | RSSI:-5 | SNR:8
1731695287s171:#####################FRAGDECODER PROCESS

.... FRAG_DECODER in Progress ....
EXPECTED   : 052 Fragments (02028 Bytes)
RECEIVED   : 016 Fragments
             00624 Bytes
LOST       : 000 Fragments

1731695287s176:RX_C on freq 869525000 Hz at DR 1
1731695287s177:#############OPENED CONTINUOUS RX C WINDOW
1731695298s206:MAC rxNotify
1731695298s206:NOTIFY
1731695298s206:MAC rxDone
1731695298s209:RXSLOT
1731695298s209:value of rxport: 201
###### D/L FRAME:0016 | PORT:201 | DR:1 | SLOT:C_MC | RSSI:-5 | SNR:8
1731695298s209:#####################FRAGDECODER PROCESS

.... FRAG_DECODER in Progress ....
EXPECTED   : 052 Fragments (02028 Bytes)
RECEIVED   : 017 Fragments
             00663 Bytes
LOST       : 000 Fragments

1731695298s214:RX_C on freq 869525000 Hz at DR 1
1731695298s215:#############OPENED CONTINUOUS RX C WINDOW
1731695309s241:MAC rxNotify
1731695309s241:NOTIFY
1731695309s241:MAC rxDone
1731695309s244:RXSLOT
1731695309s244:value of rxport: 201
###### D/L FRAME:0017 | PORT:201 | DR:1 | SLOT:C_MC | RSSI:-5 | SNR:8
1731695309s244:#####################FRAGDECODER PROCESS

.... FRAG_DECODER in Progress ....
EXPECTED   : 052 Fragments (02028 Bytes)
RECEIVED   : 018 Fragments
             00702 Bytes
LOST       : 000 Fragments

1731695309s249:RX_C on freq 869525000 Hz at DR 1
1731695309s250:#############OPENED CONTINUOUS RX C WINDOW
1731695320s261:MAC rxNotify
1731695320s261:NOTIFY
1731695320s261:MAC rxDone
1731695320s263:RXSLOT
1731695320s263:value of rxport: 201
###### D/L FRAME:0018 | PORT:201 | DR:1 | SLOT:C_MC | RSSI:-5 | SNR:8
1731695320s263:#####################FRAGDECODER PROCESS

.... FRAG_DECODER in Progress ....
EXPECTED   : 052 Fragments (02028 Bytes)
RECEIVED   : 019 Fragments
             00741 Bytes
LOST       : 000 Fragments

1731695320s268:RX_C on freq 869525000 Hz at DR 1
1731695320s269:#############OPENED CONTINUOUS RX C WINDOW
1731695331s287:MAC rxNotify
1731695331s287:NOTIFY
1731695331s287:MAC rxDone
1731695331s290:RXSLOT
1731695331s290:value of rxport: 201
###### D/L FRAME:0019 | PORT:201 | DR:1 | SLOT:C_MC | RSSI:-5 | SNR:8
1731695331s290:#####################FRAGDECODER PROCESS

.... FRAG_DECODER in Progress ....
EXPECTED   : 052 Fragments (02028 Bytes)
RECEIVED   : 020 Fragments
             00780 Bytes
LOST       : 000 Fragments

1731695331s295:RX_C on freq 869525000 Hz at DR 1
1731695331s296:#############OPENED CONTINUOUS RX C WINDOW
1731695342s317:MAC rxNotify
1731695342s317:NOTIFY
1731695342s317:MAC rxDone
1731695342s320:RXSLOT
1731695342s320:value of rxport: 201
###### D/L FRAME:0020 | PORT:201 | DR:1 | SLOT:C_MC | RSSI:-5 | SNR:8
1731695342s320:#####################FRAGDECODER PROCESS

.... FRAG_DECODER in Progress ....
EXPECTED   : 052 Fragments (02028 Bytes)
RECEIVED   : 021 Fragments
             00819 Bytes
LOST       : 000 Fragments

1731695342s325:RX_C on freq 869525000 Hz at DR 1
1731695342s326:#############OPENED CONTINUOUS RX C WINDOW
1731695353s351:MAC rxNotify
1731695353s351:NOTIFY
1731695353s351:MAC rxDone
1731695353s354:RXSLOT
1731695353s354:value of rxport: 201
###### D/L FRAME:0021 | PORT:201 | DR:1 | SLOT:C_MC | RSSI:-5 | SNR:8
1731695353s354:#####################FRAGDECODER PROCESS

.... FRAG_DECODER in Progress ....
EXPECTED   : 052 Fragments (02028 Bytes)
RECEIVED   : 022 Fragments
             00858 Bytes
LOST       : 000 Fragments

1731695353s359:RX_C on freq 869525000 Hz at DR 1
1731695353s360:#############OPENED CONTINUOUS RX C WINDOW
1731695364s386:MAC rxNotify
1731695364s386:NOTIFY
1731695364s386:MAC rxDone
1731695364s388:RXSLOT
1731695364s388:value of rxport: 201
###### D/L FRAME:0022 | PORT:201 | DR:1 | SLOT:C_MC | RSSI:-5 | SNR:8
1731695364s388:#####################FRAGDECODER PROCESS

.... FRAG_DECODER in Progress ....
EXPECTED   : 052 Fragments (02028 Bytes)
RECEIVED   : 023 Fragments
             00897 Bytes
LOST       : 000 Fragments

1731695364s393:RX_C on freq 869525000 Hz at DR 1
1731695364s394:#############OPENED CONTINUOUS RX C WINDOW
1731695375s420:MAC rxNotify
1731695375s420:NOTIFY
1731695375s420:MAC rxDone
1731695375s423:RXSLOT
1731695375s423:value of rxport: 201
###### D/L FRAME:0023 | PORT:201 | DR:1 | SLOT:C_MC | RSSI:-5 | SNR:8
1731695375s423:#####################FRAGDECODER PROCESS

.... FRAG_DECODER in Progress ....
EXPECTED   : 052 Fragments (02028 Bytes)
RECEIVED   : 024 Fragments
             00936 Bytes
LOST       : 000 Fragments

1731695375s428:RX_C on freq 869525000 Hz at DR 1
1731695375s429:#############OPENED CONTINUOUS RX C WINDOW
1731695386s456:MAC rxNotify
1731695386s456:NOTIFY
1731695386s456:MAC rxDone
1731695386s459:RXSLOT
1731695386s459:value of rxport: 201
###### D/L FRAME:0024 | PORT:201 | DR:1 | SLOT:C_MC | RSSI:-5 | SNR:8
1731695386s459:#####################FRAGDECODER PROCESS

.... FRAG_DECODER in Progress ....
EXPECTED   : 052 Fragments (02028 Bytes)
RECEIVED   : 025 Fragments
             00975 Bytes
LOST       : 000 Fragments

1731695386s464:RX_C on freq 869525000 Hz at DR 1
1731695386s465:#############OPENED CONTINUOUS RX C WINDOW
1731695397s489:MAC rxNotify
1731695397s489:NOTIFY
1731695397s490:MAC rxDone
1731695397s493:RXSLOT
1731695397s493:value of rxport: 201
###### D/L FRAME:0025 | PORT:201 | DR:1 | SLOT:C_MC | RSSI:-5 | SNR:8
1731695397s493:#####################FRAGDECODER PROCESS

.... FRAG_DECODER in Progress ....
EXPECTED   : 052 Fragments (02028 Bytes)
RECEIVED   : 026 Fragments
             01014 Bytes
LOST       : 000 Fragments

1731695397s498:RX_C on freq 869525000 Hz at DR 1
1731695397s499:#############OPENED CONTINUOUS RX C WINDOW
1731695409s528:MAC rxNotify
1731695409s528:NOTIFY
1731695409s528:MAC rxDone
1731695409s531:RXSLOT
1731695409s531:value of rxport: 201
###### D/L FRAME:0026 | PORT:201 | DR:1 | SLOT:C_MC | RSSI:-5 | SNR:8
1731695409s531:#####################FRAGDECODER PROCESS

.... FRAG_DECODER in Progress ....
EXPECTED   : 052 Fragments (02028 Bytes)
RECEIVED   : 027 Fragments
             01053 Bytes
LOST       : 000 Fragments

1731695409s536:RX_C on freq 869525000 Hz at DR 1
1731695409s537:#############OPENED CONTINUOUS RX C WINDOW
1731695420s561:MAC rxNotify
1731695420s561:NOTIFY
1731695420s561:MAC rxDone
1731695420s564:RXSLOT
1731695420s564:value of rxport: 201
###### D/L FRAME:0027 | PORT:201 | DR:1 | SLOT:C_MC | RSSI:-5 | SNR:8
1731695420s564:#####################FRAGDECODER PROCESS

.... FRAG_DECODER in Progress ....
EXPECTED   : 052 Fragments (02028 Bytes)
RECEIVED   : 028 Fragments
             01092 Bytes
LOST       : 000 Fragments

1731695420s569:RX_C on freq 869525000 Hz at DR 1
1731695420s570:#############OPENED CONTINUOUS RX C WINDOW
1731695431s591:MAC rxNotify
1731695431s591:NOTIFY
1731695431s591:MAC rxDone
1731695431s594:RXSLOT
1731695431s594:value of rxport: 201
###### D/L FRAME:0028 | PORT:201 | DR:1 | SLOT:C_MC | RSSI:-5 | SNR:8
1731695431s594:#####################FRAGDECODER PROCESS

.... FRAG_DECODER in Progress ....
EXPECTED   : 052 Fragments (02028 Bytes)
RECEIVED   : 029 Fragments
             01131 Bytes
LOST       : 000 Fragments

1731695431s598:RX_C on freq 869525000 Hz at DR 1
1731695431s599:#############OPENED CONTINUOUS RX C WINDOW
1731695442s624:MAC rxNotify
1731695442s624:NOTIFY
1731695442s624:MAC rxDone
1731695442s627:RXSLOT
1731695442s627:value of rxport: 201
###### D/L FRAME:0029 | PORT:201 | DR:1 | SLOT:C_MC | RSSI:-5 | SNR:8
1731695442s627:#####################FRAGDECODER PROCESS

.... FRAG_DECODER in Progress ....
EXPECTED   : 052 Fragments (02028 Bytes)
RECEIVED   : 030 Fragments
             01170 Bytes
LOST       : 000 Fragments

1731695442s632:RX_C on freq 869525000 Hz at DR 1
1731695442s633:#############OPENED CONTINUOUS RX C WINDOW
1731695453s661:MAC rxNotify
1731695453s661:NOTIFY
1731695453s661:MAC rxDone
1731695453s664:RXSLOT
1731695453s664:value of rxport: 201
###### D/L FRAME:0030 | PORT:201 | DR:1 | SLOT:C_MC | RSSI:-5 | SNR:8
1731695453s664:#####################FRAGDECODER PROCESS

.... FRAG_DECODER in Progress ....
EXPECTED   : 052 Fragments (02028 Bytes)
RECEIVED   : 031 Fragments
             01209 Bytes
LOST       : 000 Fragments

1731695453s669:RX_C on freq 869525000 Hz at DR 1
1731695453s670:#############OPENED CONTINUOUS RX C WINDOW
1731695464s693:MAC rxNotify
1731695464s693:NOTIFY
1731695464s693:MAC rxDone
1731695464s696:RXSLOT
1731695464s696:value of rxport: 201
###### D/L FRAME:0031 | PORT:201 | DR:1 | SLOT:C_MC | RSSI:-5 | SNR:8
1731695464s696:#####################FRAGDECODER PROCESS

.... FRAG_DECODER in Progress ....
EXPECTED   : 052 Fragments (02028 Bytes)
RECEIVED   : 032 Fragments
             01248 Bytes
LOST       : 000 Fragments

1731695464s701:RX_C on freq 869525000 Hz at DR 1
1731695464s702:#############OPENED CONTINUOUS RX C WINDOW
1731695475s736:MAC rxNotify
1731695475s736:NOTIFY
1731695475s737:MAC rxDone
1731695475s740:RXSLOT
1731695475s740:value of rxport: 201
###### D/L FRAME:0032 | PORT:201 | DR:1 | SLOT:C_MC | RSSI:-5 | SNR:8
1731695475s740:#####################FRAGDECODER PROCESS

.... FRAG_DECODER in Progress ....
EXPECTED   : 052 Fragments (02028 Bytes)
RECEIVED   : 033 Fragments
             01287 Bytes
LOST       : 000 Fragments

1731695475s745:RX_C on freq 869525000 Hz at DR 1
1731695475s746:#############OPENED CONTINUOUS RX C WINDOW
1731695486s766:MAC rxNotify
1731695486s766:NOTIFY
1731695486s767:MAC rxDone
1731695486s770:RXSLOT
1731695486s770:value of rxport: 201
###### D/L FRAME:0033 | PORT:201 | DR:1 | SLOT:C_MC | RSSI:-5 | SNR:8
1731695486s770:#####################FRAGDECODER PROCESS

.... FRAG_DECODER in Progress ....
EXPECTED   : 052 Fragments (02028 Bytes)
RECEIVED   : 034 Fragments
             01326 Bytes
LOST       : 000 Fragments

1731695486s775:RX_C on freq 869525000 Hz at DR 1
1731695486s776:#############OPENED CONTINUOUS RX C WINDOW
1731695497s803:MAC rxNotify
1731695497s803:NOTIFY
1731695497s803:MAC rxDone
1731695497s805:RXSLOT
1731695497s805:value of rxport: 201
###### D/L FRAME:0034 | PORT:201 | DR:1 | SLOT:C_MC | RSSI:-5 | SNR:7
1731695497s805:#####################FRAGDECODER PROCESS

.... FRAG_DECODER in Progress ....
EXPECTED   : 052 Fragments (02028 Bytes)
RECEIVED   : 035 Fragments
             01365 Bytes
LOST       : 000 Fragments

1731695497s810:RX_C on freq 869525000 Hz at DR 1
1731695497s811:#############OPENED CONTINUOUS RX C WINDOW
1731695508s840:MAC rxNotify
1731695508s840:NOTIFY
1731695508s840:MAC rxDone
1731695508s844:RXSLOT
1731695508s844:value of rxport: 201
###### D/L FRAME:0035 | PORT:201 | DR:1 | SLOT:C_MC | RSSI:-5 | SNR:8
1731695508s844:#####################FRAGDECODER PROCESS

.... FRAG_DECODER in Progress ....
EXPECTED   : 052 Fragments (02028 Bytes)
RECEIVED   : 036 Fragments
             01404 Bytes
LOST       : 000 Fragments

1731695508s848:RX_C on freq 869525000 Hz at DR 1
1731695508s849:#############OPENED CONTINUOUS RX C WINDOW
1731695519s871:MAC rxNotify
1731695519s871:NOTIFY
1731695519s871:MAC rxDone
1731695519s874:RXSLOT
1731695519s874:value of rxport: 201
###### D/L FRAME:0036 | PORT:201 | DR:1 | SLOT:C_MC | RSSI:-5 | SNR:8
1731695519s874:#####################FRAGDECODER PROCESS

.... FRAG_DECODER in Progress ....
EXPECTED   : 052 Fragments (02028 Bytes)
RECEIVED   : 037 Fragments
             01443 Bytes
LOST       : 000 Fragments

1731695519s879:RX_C on freq 869525000 Hz at DR 1
1731695519s880:#############OPENED CONTINUOUS RX C WINDOW
1731695530s904:MAC rxNotify
1731695530s904:NOTIFY
1731695530s904:MAC rxDone
1731695530s907:RXSLOT
1731695530s907:value of rxport: 201
###### D/L FRAME:0037 | PORT:201 | DR:1 | SLOT:C_MC | RSSI:-5 | SNR:8
1731695530s907:#####################FRAGDECODER PROCESS

.... FRAG_DECODER in Progress ....
EXPECTED   : 052 Fragments (02028 Bytes)
RECEIVED   : 038 Fragments
             01482 Bytes
LOST       : 000 Fragments

1731695530s912:RX_C on freq 869525000 Hz at DR 1
1731695530s913:#############OPENED CONTINUOUS RX C WINDOW
1731695541s926:MAC rxNotify
1731695541s926:NOTIFY
1731695541s926:MAC rxDone
1731695541s929:RXSLOT
1731695541s929:value of rxport: 201
###### D/L FRAME:0038 | PORT:201 | DR:1 | SLOT:C_MC | RSSI:-5 | SNR:8
1731695541s929:#####################FRAGDECODER PROCESS

.... FRAG_DECODER in Progress ....
EXPECTED   : 052 Fragments (02028 Bytes)
RECEIVED   : 039 Fragments
             01521 Bytes
LOST       : 000 Fragments

1731695541s933:RX_C on freq 869525000 Hz at DR 1
1731695541s934:#############OPENED CONTINUOUS RX C WINDOW
1731695552s965:MAC rxNotify
1731695552s965:NOTIFY
1731695552s965:MAC rxDone
1731695552s968:RXSLOT
1731695552s968:value of rxport: 201
###### D/L FRAME:0039 | PORT:201 | DR:1 | SLOT:C_MC | RSSI:-5 | SNR:8
1731695552s968:#####################FRAGDECODER PROCESS

.... FRAG_DECODER in Progress ....
EXPECTED   : 052 Fragments (02028 Bytes)
RECEIVED   : 040 Fragments
             01560 Bytes
LOST       : 000 Fragments

1731695552s972:RX_C on freq 869525000 Hz at DR 1
1731695552s973:#############OPENED CONTINUOUS RX C WINDOW
1731695563s998:MAC rxNotify
1731695563s998:NOTIFY
1731695563s998:MAC rxDone
1731695564s001:RXSLOT
1731695564s001:value of rxport: 201
###### D/L FRAME:0040 | PORT:201 | DR:1 | SLOT:C_MC | RSSI:-5 | SNR:8
1731695564s001:#####################FRAGDECODER PROCESS

.... FRAG_DECODER in Progress ....
EXPECTED   : 052 Fragments (02028 Bytes)
RECEIVED   : 041 Fragments
             01599 Bytes
LOST       : 000 Fragments

1731695564s006:RX_C on freq 869525000 Hz at DR 1
1731695564s007:#############OPENED CONTINUOUS RX C WINDOW
1731695575s032:MAC rxNotify
1731695575s032:NOTIFY
1731695575s032:MAC rxDone
1731695575s035:RXSLOT
1731695575s035:value of rxport: 201
###### D/L FRAME:0041 | PORT:201 | DR:1 | SLOT:C_MC | RSSI:-5 | SNR:8
1731695575s035:#####################FRAGDECODER PROCESS

.... FRAG_DECODER in Progress ....
EXPECTED   : 052 Fragments (02028 Bytes)
RECEIVED   : 042 Fragments
             01638 Bytes
LOST       : 000 Fragments

1731695575s040:RX_C on freq 869525000 Hz at DR 1
1731695575s041:#############OPENED CONTINUOUS RX C WINDOW
1731695587s070:MAC rxNotify
1731695587s070:NOTIFY
1731695587s070:MAC rxDone
1731695587s073:RXSLOT
1731695587s073:value of rxport: 201
###### D/L FRAME:0042 | PORT:201 | DR:1 | SLOT:C_MC | RSSI:-5 | SNR:8
1731695587s073:#####################FRAGDECODER PROCESS

.... FRAG_DECODER in Progress ....
EXPECTED   : 052 Fragments (02028 Bytes)
RECEIVED   : 043 Fragments
             01677 Bytes
LOST       : 000 Fragments

1731695587s078:RX_C on freq 869525000 Hz at DR 1
1731695587s079:#############OPENED CONTINUOUS RX C WINDOW
1731695598s106:MAC rxNotify
1731695598s106:NOTIFY
1731695598s106:MAC rxDone
1731695598s109:RXSLOT
1731695598s109:value of rxport: 201
###### D/L FRAME:0043 | PORT:201 | DR:1 | SLOT:C_MC | RSSI:-5 | SNR:8
1731695598s109:#####################FRAGDECODER PROCESS

.... FRAG_DECODER in Progress ....
EXPECTED   : 052 Fragments (02028 Bytes)
RECEIVED   : 044 Fragments
             01716 Bytes
LOST       : 000 Fragments

1731695598s114:RX_C on freq 869525000 Hz at DR 1
1731695598s115:#############OPENED CONTINUOUS RX C WINDOW
1731695609s145:MAC rxNotify
1731695609s145:NOTIFY
1731695609s145:MAC rxDone
1731695609s148:RXSLOT
1731695609s148:value of rxport: 201
###### D/L FRAME:0044 | PORT:201 | DR:1 | SLOT:C_MC | RSSI:-5 | SNR:8
1731695609s148:#####################FRAGDECODER PROCESS

.... FRAG_DECODER in Progress ....
EXPECTED   : 052 Fragments (02028 Bytes)
RECEIVED   : 045 Fragments
             01755 Bytes
LOST       : 000 Fragments

1731695609s153:RX_C on freq 869525000 Hz at DR 1
1731695609s154:#############OPENED CONTINUOUS RX C WINDOW
1731695620s175:MAC rxNotify
1731695620s175:NOTIFY
1731695620s175:MAC rxDone
1731695620s178:RXSLOT
1731695620s178:value of rxport: 201
###### D/L FRAME:0045 | PORT:201 | DR:1 | SLOT:C_MC | RSSI:-5 | SNR:8
1731695620s178:#####################FRAGDECODER PROCESS

.... FRAG_DECODER in Progress ....
EXPECTED   : 052 Fragments (02028 Bytes)
RECEIVED   : 046 Fragments
             01794 Bytes
LOST       : 000 Fragments

1731695620s182:RX_C on freq 869525000 Hz at DR 1
1731695620s183:#############OPENED CONTINUOUS RX C WINDOW
1731695631s199:MAC rxNotify
1731695631s199:NOTIFY
1731695631s200:MAC rxDone
1731695631s203:RXSLOT
1731695631s203:value of rxport: 201
###### D/L FRAME:0046 | PORT:201 | DR:1 | SLOT:C_MC | RSSI:-5 | SNR:8
1731695631s203:#####################FRAGDECODER PROCESS

.... FRAG_DECODER in Progress ....
EXPECTED   : 052 Fragments (02028 Bytes)
RECEIVED   : 047 Fragments
             01833 Bytes
LOST       : 000 Fragments

1731695631s208:RX_C on freq 869525000 Hz at DR 1
1731695631s209:#############OPENED CONTINUOUS RX C WINDOW
1731695642s233:MAC rxNotify
1731695642s233:NOTIFY
1731695642s233:MAC rxDone
1731695642s236:RXSLOT
1731695642s236:value of rxport: 201
###### D/L FRAME:0047 | PORT:201 | DR:1 | SLOT:C_MC | RSSI:-5 | SNR:8
1731695642s236:#####################FRAGDECODER PROCESS

.... FRAG_DECODER in Progress ....
EXPECTED   : 052 Fragments (02028 Bytes)
RECEIVED   : 048 Fragments
             01872 Bytes
LOST       : 000 Fragments

1731695642s241:RX_C on freq 869525000 Hz at DR 1
1731695642s242:#############OPENED CONTINUOUS RX C WINDOW
1731695653s267:MAC rxNotify
1731695653s267:NOTIFY
1731695653s267:MAC rxDone
1731695653s270:RXSLOT
1731695653s270:value of rxport: 201
###### D/L FRAME:0048 | PORT:201 | DR:1 | SLOT:C_MC | RSSI:-5 | SNR:8
1731695653s270:#####################FRAGDECODER PROCESS

.... FRAG_DECODER in Progress ....
EXPECTED   : 052 Fragments (02028 Bytes)
RECEIVED   : 049 Fragments
             01911 Bytes
LOST       : 000 Fragments

1731695653s275:RX_C on freq 869525000 Hz at DR 1
1731695653s276:#############OPENED CONTINUOUS RX C WINDOW
1731695664s301:MAC rxNotify
1731695664s301:NOTIFY
1731695664s301:MAC rxDone
1731695664s304:RXSLOT
1731695664s304:value of rxport: 201
###### D/L FRAME:0049 | PORT:201 | DR:1 | SLOT:C_MC | RSSI:-5 | SNR:8
1731695664s304:#####################FRAGDECODER PROCESS

.... FRAG_DECODER in Progress ....
EXPECTED   : 052 Fragments (02028 Bytes)
RECEIVED   : 050 Fragments
             01950 Bytes
LOST       : 000 Fragments

1731695664s308:RX_C on freq 869525000 Hz at DR 1
1731695664s309:#############OPENED CONTINUOUS RX C WINDOW
1731695675s333:MAC rxNotify
1731695675s333:NOTIFY
1731695675s333:MAC rxDone
1731695675s336:RXSLOT
1731695675s336:value of rxport: 201
###### D/L FRAME:0050 | PORT:201 | DR:1 | SLOT:C_MC | RSSI:-5 | SNR:8
1731695675s336:#####################FRAGDECODER PROCESS

.... FRAG_DECODER in Progress ....
EXPECTED   : 052 Fragments (02028 Bytes)
RECEIVED   : 051 Fragments
             01989 Bytes
LOST       : 000 Fragments

1731695675s341:RX_C on freq 869525000 Hz at DR 1
1731695675s342:#############OPENED CONTINUOUS RX C WINDOW
1731695686s357:MAC rxNotify
1731695686s357:NOTIFY
1731695686s357:MAC rxDone
1731695686s360:RXSLOT
1731695686s360:value of rxport: 201
###### D/L FRAME:0051 | PORT:201 | DR:1 | SLOT:C_MC | RSSI:-5 | SNR:8
1731695686s360:#####################FRAGDECODER PROCESS

.... FRAG_DECODER in Progress ....
EXPECTED   : 052 Fragments (02028 Bytes)
RECEIVED   : 052 Fragments
             02028 Bytes
LOST       : 000 Fragments


.... FRAG_DECODER Finished ....
STATUS     : 0
1731695686s361:ALL FRAGMENTS RECEIVED

= [SBOOT] System Security Check successfully passed. Starting...


======================================================================
=              (C) COPYRIGHT 2017 STMicroelectronics                 =
=                                                                    =
=              Secure Boot and Secure Firmware Update                =
======================================================================


= [SBOOT] SECURE ENGINE INITIALIZATION SUCCESSFUL
= [SBOOT] STATE: CHECK STATUS ON RESET
	  INFO: A Reboot has been triggered by a Software reset!
= [SBOOT] STATE: CHECK NEW FIRMWARE TO DOWNLOAD
= [SBOOT] STATE: CHECK KMS BLOB TO INSTALL
= [SBOOT] STATE: CHECK USER FW STATUS
	  A FW is detected in the slot SLOT_ACTIVE_1
= [SBOOT] STATE: VERIFY USER FW SIGNATURE
= [SBOOT] STATE: EXECUTE USER FIRMWAREAPPLICATION_VERSION: V1.3.0
MW_LORAWAN_VERSION:  V2.5.0
MW_RADIO_VERSION:    V1.3.0
L2_SPEC_VERSION:     V1.0.4
RP_SPEC_VERSION:     V2-1.0.1
NVM DATA RESTORED
###### AppKey:      2B:7E:15:16:28:AE:D2:A6:AB:F7:15:88:09:CF:4F:3C
###### NwkKey:      2B:7E:15:16:28:AE:D2:A6:AB:F7:15:88:09:CF:4F:3C
###### AppSKey:     BE:8E:31:62:45:5A:77:A0:0D:D2:CB:79:2A:6C:50:15
###### NwkSKey:     09:E2:DE:51:43:74:95:C8:08:0F:90:A5:23:9D:2C:17
###### DevEUI:      00:80:E1:15:05:AB:D0:6C
###### AppEUI:      01:01:01:01:01:01:01:01
###### DevAddr:     05:AB:D0:6C
###### KMS ENABLED