
= [SBOO
= [SBOOT] System Security Check successfully passed. Starting...


======================================================================
=              (C) COPYRIGHT 2017 STMicroelectronics                 =
=                                                                    =
=              Secure Boot and Secure Firmware Update                =
======================================================================


= [SBOOT] SECURE ENGINE INITIALIZATION SUCCESSFUL
= [SBOOT] STATE: CHECK STATUS ON RESET
	  INFO: A Reboot has been triggered by a Hardware reset!
= [SBOOT] STATE: CHECK NEW FIRMWARE TO DOWNLOAD
= [SBOOT] STATE: CHECK KMS BLOB TO INSTALL
= [SBOOT] STATE: CHECK USER FW STATUS
	  A FW is detected in the slot SLOT_ACTIVE_1
= [SBOOT] STATE: VERIFY USER FW SIGNATURE
= [SBOOT] STATE: EXECUTE USER FIRMWAREAPPLICATION_VERSION: V1.3.0
MW_LORAWAN_VERSION:  V2.5.0
MW_RADIO_VERSION:    V1.3.0
L2_SPEC_VERSION:     V1.0.4
RP_SPEC_VERSION:     V2-1.0.1
NVM DATA RESTORED
###### AppKey:      2B:7E:15:16:28:AE:D2:A6:AB:F7:15:88:09:CF:4F:3C
###### NwkKey:      2B:7E:15:16:28:AE:D2:A6:AB:F7:15:88:09:CF:4F:3C
###### AppSKey:     37:7E:6E:97:6F:A4:43:16:D3:4B:4E:99:76:BE:43:DA
###### NwkSKey:     4A:5B:1E:67:99:0A:90:4F:D7:25:70:EE:BF:7C:FC:2B
###### DevEUI:      00:80:E1:15:05:AB:D0:6C
###### AppEUI:      01:01:01:01:01:01:01:01
###### DevAddr:     05:AB:D0:6C
###### KMS ENABLED

###### = JOINED = OTAA =====================
[31mNetwork joined, choose app to execute:
BTN1: TxTimer send uplink every 10 sec
BTN2: Airtime test
[0m
###### U/L FRAME:JOIN | DR:3 | PWR:1
###### MCRootKey:   7D:F7:6B:0C:1A:B8:99:B3:3E:42:F0:47:B9:1B:54:6F
###### MCKEKey:     8C:B8:66:5E:0C:0E:0B:64:5B:2E:D9:E4:8A:19:27:7C
###### AppSKey:     A5:E5:54:FC:88:5F:E3:C4:63:0E:81:B0:20:79:2E:2F
###### NwkSKey:     7D:AF:FE:C3:28:39:A2:4E:99:9F:99:AC:CD:F5:19:49
###### DBIntKey:    7A:C4:7C:65:FE:25:9B:B6:54:BD:26:35:19:F8:9C:8E
###### DevEUI:      00:80:E1:15:05:AB:D0:6C
###### AppEUI:      01:01:01:01:01:01:01:01
###### DevAddr:     00:9B:25:40
[32mStart tx timer regular[0m

###### ========== MCPS-Confirm =============
###### U/L FRAME:0001 | PORT:24 | DR:3 | PWR:1 | MSG TYPE:UNCONFIRMED
1731935984s463:value of rxport: 0
###### D/L FRAME:0000 | PORT:0 | DR:3 | SLOT:1 | RSSI:-17 | SNR:11
1731936013s087:Airtime test started: 0
1731936013s087:MAC Tx start packet size: 21
1731936013s091:TX on freq 868500000 Hz at DR 3
1731936013s091:RADIO SEND WITH size 21
1731936013s093:SEND REQUEST
1731936013s278:NOTIFY
1731936013s278:MAC txDone
1731936014s265:RX_1 on freq 868500000 Hz at DR 3
1731936014s324:IRQ_RX_TX_TIMEOUT
1731936014s324:NOTIFY
1731936014s324:MAC rxTimeOut
1731936015s310:RX_2 on freq 869525000 Hz at DR 0
1731936015s508:IRQ_RX_TX_TIMEOUT
1731936015s508:NOTIFY
1731936015s508:MAC rxTimeOut

###### ========== MCPS-Confirm =============
###### U/L FRAME:0002 | PORT:24 | DR:3 | PWR:1 | MSG TYPE:UNCONFIRMED
1731936043s093:Airtime test started: 0
1731936043s093:MAC Tx start packet size: 18
1731936043s097:TX on freq 867100000 Hz at DR 3
1731936043s097:RADIO SEND WITH size 18
1731936043s099:SEND REQUEST
1731936043s284:NOTIFY
1731936043s284:MAC txDone
1731936044s271:RX_1 on freq 867100000 Hz at DR 3
1731936044s330:IRQ_RX_TX_TIMEOUT
1731936044s330:NOTIFY
1731936044s330:MAC rxTimeOut
1731936045s316:RX_2 on freq 869525000 Hz at DR 0
1731936045s514:IRQ_RX_TX_TIMEOUT
1731936045s514:NOTIFY
1731936045s514:MAC rxTimeOut

###### ========== MCPS-Confirm =============
###### U/L FRAME:0003 | PORT:24 | DR:3 | PWR:1 | MSG TYPE:UNCONFIRMED
1731936073s099:Airtime test started: 0
1731936073s099:MAC Tx start packet size: 18
1731936073s103:TX on freq 868300000 Hz at DR 3
1731936073s103:RADIO SEND WITH size 18
1731936073s105:SEND REQUEST
1731936073s290:NOTIFY
1731936073s290:MAC txDone
1731936074s276:RX_1 on freq 868300000 Hz at DR 3
1731936074s336:IRQ_RX_TX_TIMEOUT
1731936074s336:NOTIFY
1731936074s336:MAC rxTimeOut
1731936075s321:RX_2 on freq 869525000 Hz at DR 0
1731936075s520:IRQ_RX_TX_TIMEOUT
1731936075s520:NOTIFY
1731936075s520:MAC rxTimeOut

###### ========== MCPS-Confirm =============
###### U/L FRAME:0004 | PORT:24 | DR:3 | PWR:1 | MSG TYPE:UNCONFIRMED
1731936103s105:Airtime test started: 0
1731936103s105:MAC Tx start packet size: 18
1731936103s108:TX on freq 868300000 Hz at DR 3
1731936103s108:RADIO SEND WITH size 18
1731936103s110:SEND REQUEST
1731936103s296:NOTIFY
1731936103s296:MAC txDone
1731936104s282:RX_1 on freq 868300000 Hz at DR 3
1731936104s342:IRQ_RX_TX_TIMEOUT
1731936104s342:NOTIFY
1731936104s342:MAC rxTimeOut
1731936105s327:RX_2 on freq 869525000 Hz at DR 0
1731936105s525:IRQ_RX_TX_TIMEOUT
1731936105s525:NOTIFY
1731936105s525:MAC rxTimeOut

###### ========== MCPS-Confirm =============
###### U/L FRAME:0005 | PORT:24 | DR:3 | PWR:1 | MSG TYPE:UNCONFIRMED
1731936133s110:Airtime test started: 0
1731936133s110:MAC Tx start packet size: 18
1731936133s114:TX on freq 867900000 Hz at DR 3
1731936133s114:RADIO SEND WITH size 18
1731936133s116:SEND REQUEST
1731936133s302:NOTIFY
1731936133s302:MAC txDone
1731936134s288:RX_1 on freq 867900000 Hz at DR 3
1731936134s348:IRQ_RX_TX_TIMEOUT
1731936134s348:NOTIFY
1731936134s348:MAC rxTimeOut
1731936135s333:RX_2 on freq 869525000 Hz at DR 0
1731936135s531:IRQ_RX_TX_TIMEOUT
1731936135s531:NOTIFY
1731936135s531:MAC rxTimeOut

###### ========== MCPS-Confirm =============
###### U/L FRAME:0006 | PORT:24 | DR:3 | PWR:1 | MSG TYPE:UNCONFIRMED
1731936163s116:Airtime test started: 0
1731936163s116:MAC Tx start packet size: 18
1731936163s120:TX on freq 867900000 Hz at DR 3
1731936163s120:RADIO SEND WITH size 18
1731936163s122:SEND REQUEST
1731936163s308:NOTIFY
1731936163s308:MAC txDone
1731936164s294:RX_1 on freq 867900000 Hz at DR 3
1731936164s354:IRQ_RX_TX_TIMEOUT
1731936164s354:NOTIFY
1731936164s354:MAC rxTimeOut
1731936165s339:RX_2 on freq 869525000 Hz at DR 0
1731936165s537:IRQ_RX_TX_TIMEOUT
1731936165s537:NOTIFY
1731936165s537:MAC rxTimeOut

###### ========== MCPS-Confirm =============
###### U/L FRAME:0007 | PORT:24 | DR:3 | PWR:1 | MSG TYPE:UNCONFIRMED
1731936193s122:Airtime test started: 0
1731936193s122:MAC Tx start packet size: 18
1731936193s126:TX on freq 867500000 Hz at DR 3
1731936193s126:RADIO SEND WITH size 18
1731936193s128:SEND REQUEST
1731936193s314:NOTIFY
1731936193s314:MAC txDone
1731936194s300:RX_1 on freq 867500000 Hz at DR 3
1731936194s359:IRQ_RX_TX_TIMEOUT
1731936194s359:NOTIFY
1731936194s359:MAC rxTimeOut
1731936195s345:RX_2 on freq 869525000 Hz at DR 0
1731936195s543:IRQ_RX_TX_TIMEOUT
1731936195s543:NOTIFY
1731936195s543:MAC rxTimeOut

###### ========== MCPS-Confirm =============
###### U/L FRAME:0008 | PORT:24 | DR:3 | PWR:1 | MSG TYPE:UNCONFIRMED
1731936223s128:Airtime test started: 0
1731936223s128:MAC Tx start packet size: 18
1731936223s132:TX on freq 867700000 Hz at DR 3
1731936223s132:RADIO SEND WITH size 18
1731936223s134:SEND REQUEST
1731936223s319:NOTIFY
1731936223s319:MAC txDone
1731936224s306:RX_1 on freq 867700000 Hz at DR 3
1731936224s365:IRQ_RX_TX_TIMEOUT
1731936224s365:NOTIFY
1731936224s365:MAC rxTimeOut
1731936225s351:RX_2 on freq 869525000 Hz at DR 0
1731936225s549:IRQ_RX_TX_TIMEOUT
1731936225s549:NOTIFY
1731936225s549:MAC rxTimeOut

###### ========== MCPS-Confirm =============
###### U/L FRAME:0009 | PORT:24 | DR:3 | PWR:1 | MSG TYPE:UNCONFIRMED
1731936253s134:Airtime test started: 0
1731936253s134:MAC Tx start packet size: 18
1731936253s138:TX on freq 868500000 Hz at DR 3
1731936253s138:RADIO SEND WITH size 18
1731936253s140:SEND REQUEST
1731936253s325:NOTIFY
1731936253s325:MAC txDone
1731936254s312:RX_1 on freq 868500000 Hz at DR 3
1731936254s371:IRQ_RX_TX_TIMEOUT
1731936254s371:NOTIFY
1731936254s371:MAC rxTimeOut
1731936255s357:RX_2 on freq 869525000 Hz at DR 0
1731936255s555:IRQ_RX_TX_TIMEOUT
1731936255s555:NOTIFY
1731936255s555:MAC rxTimeOut

###### ========== MCPS-Confirm =============
###### U/L FRAME:0010 | PORT:24 | DR:3 | PWR:1 | MSG TYPE:UNCONFIRMED
1731936283s140:Airtime test started: 0
1731936283s140:MAC Tx start packet size: 18
1731936283s144:TX on freq 867300000 Hz at DR 3
1731936283s144:RADIO SEND WITH size 18
1731936283s146:SEND REQUEST
1731936283s331:NOTIFY
1731936283s331:MAC txDone
1731936284s317:RX_1 on freq 867300000 Hz at DR 3
1731936284s377:IRQ_RX_TX_TIMEOUT
1731936284s377:NOTIFY
1731936284s377:MAC rxTimeOut
1731936285s362:RX_2 on freq 869525000 Hz at DR 0
1731936285s561:IRQ_RX_TX_TIMEOUT
1731936285s561:NOTIFY
1731936285s561:MAC rxTimeOut

###### ========== MCPS-Confirm =============
###### U/L FRAME:0011 | PORT:24 | DR:3 | PWR:1 | MSG TYPE:UNCONFIRMED
1731936313s146:Airtime test started: 0
1731936313s146:MAC Tx start packet size: 18
1731936313s150:TX on freq 868100000 Hz at DR 3
1731936313s150:RADIO SEND WITH size 18
1731936313s151:SEND REQUEST
1731936313s337:NOTIFY
1731936313s337:MAC txDone
1731936314s323:RX_1 on freq 868100000 Hz at DR 3
1731936314s628:MAC rxNotify
1731936314s628:NOTIFY
1731936314s628:MAC rxDone

###### ========== MCPS-Confirm =============
###### U/L FRAME:0012 | PORT:24 | DR:3 | PWR:1 | MSG TYPE:UNCONFIRMED
1731936314s631:value of rxport: 200
1731936314s631:MULTICAST CLASS C SETUP 2
###### D/L FRAME:0001 | PORT:200 | DR:3 | SLOT:1 | RSSI:-16 | SNR:12
1731936314s641:MAC Tx start packet size: 15
1731936314s645:TX on freq 868500000 Hz at DR 3
1731936314s646:RADIO SEND WITH size 15
ID          : 0
McAddr      : 5BBEC021
McKey       : 94-34-01-0D-EA-D7-CE-A0-A0-3A-20-79-F0-2F-8A-2F
McFCountMin : 0
McFCountMax : 4294967295
SessionTime : 0
SessionTimeT: 1 s
Rx Freq     : 0
Rx DR       : DR_0
1731936314s812:NOTIFY
1731936314s812:MAC txDone
1731936315s798:RX_1 on freq 868500000 Hz at DR 3
1731936316s021:MAC rxNotify
1731936316s021:NOTIFY
1731936316s021:MAC rxDone

###### ========== MCPS-Confirm =============
###### U/L FRAME:0013 | PORT:200 | DR:3 | PWR:1 | MSG TYPE:UNCONFIRMED
1731936316s023:value of rxport: 201
###### D/L FRAME:0002 | PORT:201 | DR:3 | SLOT:1 | RSSI:-17 | SNR:12
1731936316s024:#####################FRAGDECODER INIT
1731936319s905:MAC Tx start packet size: 15
1731936319s909:TX on freq 867700000 Hz at DR 3
1731936319s909:RADIO SEND WITH size 15
1731936320s076:NOTIFY
1731936320s076:MAC txDone
1731936321s063:RX_1 on freq 867700000 Hz at DR 3
1731936321s285:MAC rxNotify
1731936321s285:NOTIFY
1731936321s285:MAC rxDone

###### ========== MCPS-Confirm =============
###### U/L FRAME:0014 | PORT:201 | DR:3 | PWR:1 | MSG TYPE:UNCONFIRMED
1731936321s287:value of rxport: 200
1731936321s288:MULTICAST CLASS C SETUP 4
###### D/L FRAME:0003 | PORT:200 | DR:3 | SLOT:1 | RSSI:-16 | SNR:12
Time2SessionStart: 266000 ms
1731936321s288:MAC Tx start packet size: 18
1731936321s292:TX on freq 867900000 Hz at DR 3
1731936321s293:RADIO SEND WITH size 18
ID          : 0
McAddr      : 5BBEC021
McKey       : 94-34-01-0D-EA-D7-CE-A0-A0-3A-20-79-F0-2F-8A-2F
McFCountMin : 0
McFCountMax : 4294967295
SessionTime : 1731936587
SessionTimeT: 4096 s
Rx Freq     : 869525000
Rx DR       : DR_3
1731936321s480:NOTIFY
1731936321s480:MAC txDone
1731936322s466:RX_1 on freq 867900000 Hz at DR 3
1731936322s525:IRQ_RX_TX_TIMEOUT
1731936322s525:NOTIFY
1731936322s525:MAC rxTimeOut
1731936323s511:RX_2 on freq 869525000 Hz at DR 0
1731936323s709:IRQ_RX_TX_TIMEOUT
1731936323s709:NOTIFY
1731936323s709:MAC rxTimeOut

###### ========== MCPS-Confirm =============
###### U/L FRAME:0015 | PORT:200 | DR:3 | PWR:1 | MSG TYPE:UNCONFIRMED
1731936587s288:[SWITCHCLASS class C]
1731936587s303:RX_C on freq 869525000 Hz at DR 3
1731936587s305:#############OPENED CONTINUOUS RX C WINDOW
Switch to Class C done
1731936603s294:MAC rxNotify
1731936603s295:NOTIFY
1731936603s295:MAC rxDone
1731936603s297:RXSLOT
1731936603s300:RX_C on freq 869525000 Hz at DR 3
1731936603s302:#############OPENED CONTINUOUS RX C WINDOW
1731936610s719:MAC rxNotify
1731936610s719:NOTIFY
1731936610s719:MAC rxDone
1731936610s721:RXSLOT
1731936610s724:RX_C on freq 869525000 Hz at DR 3
1731936610s726:#############OPENED CONTINUOUS RX C WINDOW
1731936622s295:MAC rxNotify
1731936622s295:NOTIFY
1731936622s295:MAC rxDone
1731936622s300:RXSLOT
1731936622s300:value of rxport: 201
###### D/L FRAME:0000 | PORT:201 | DR:3 | SLOT:C_MC | RSSI:-11 | SNR:11
1731936622s300:#####################FRAGDECODER PROCESS

.... FRAG_DECODER in Progress ....
EXPECTED   : 019 Fragments (02090 Bytes)
RECEIVED   : 001 Fragments
             00110 Bytes
LOST       : 000 Fragments

1731936622s305:RX_C on freq 869525000 Hz at DR 3
1731936622s306:#############OPENED CONTINUOUS RX C WINDOW
1731936629s288:MAC rxNotify
1731936629s288:NOTIFY
1731936629s288:MAC rxDone
1731936629s293:RXSLOT
1731936629s293:value of rxport: 201
###### D/L FRAME:0001 | PORT:201 | DR:3 | SLOT:C_MC | RSSI:-12 | SNR:12
1731936629s293:#####################FRAGDECODER PROCESS

.... FRAG_DECODER in Progress ....
EXPECTED   : 019 Fragments (02090 Bytes)
RECEIVED   : 002 Fragments
             00220 Bytes
LOST       : 000 Fragments

1731936629s298:RX_C on freq 869525000 Hz at DR 3
1731936629s299:#############OPENED CONTINUOUS RX C WINDOW
1731936637s322:MAC rxNotify
1731936637s322:NOTIFY
1731936637s322:MAC rxDone
1731936637s327:RXSLOT
1731936637s327:value of rxport: 201
###### D/L FRAME:0002 | PORT:201 | DR:3 | SLOT:C_MC | RSSI:-12 | SNR:11
1731936637s327:#####################FRAGDECODER PROCESS

.... FRAG_DECODER in Progress ....
EXPECTED   : 019 Fragments (02090 Bytes)
RECEIVED   : 003 Fragments
             00330 Bytes
LOST       : 000 Fragments

1731936637s332:RX_C on freq 869525000 Hz at DR 3
1731936637s333:#############OPENED CONTINUOUS RX C WINDOW
1731936644s349:MAC rxNotify
1731936644s349:NOTIFY
1731936644s349:MAC rxDone
1731936644s354:RXSLOT
1731936644s354:value of rxport: 201
###### D/L FRAME:0003 | PORT:201 | DR:3 | SLOT:C_MC | RSSI:-13 | SNR:11
1731936644s354:#####################FRAGDECODER PROCESS

.... FRAG_DECODER in Progress ....
EXPECTED   : 019 Fragments (02090 Bytes)
RECEIVED   : 004 Fragments
             00440 Bytes
LOST       : 000 Fragments

1731936644s358:RX_C on freq 869525000 Hz at DR 3
1731936644s359:#############OPENED CONTINUOUS RX C WINDOW
1731936651s367:MAC rxNotify
1731936651s367:NOTIFY
1731936651s367:MAC rxDone
1731936651s373:RXSLOT
1731936651s373:value of rxport: 201
###### D/L FRAME:0004 | PORT:201 | DR:3 | SLOT:C_MC | RSSI:-13 | SNR:12
1731936651s373:#####################FRAGDECODER PROCESS

.... FRAG_DECODER in Progress ....
EXPECTED   : 019 Fragments (02090 Bytes)
RECEIVED   : 005 Fragments
             00550 Bytes
LOST       : 000 Fragments

1731936651s378:RX_C on freq 869525000 Hz at DR 3
1731936651s379:#############OPENED CONTINUOUS RX C WINDOW
1731936658s394:MAC rxNotify
1731936658s394:NOTIFY
1731936658s394:MAC rxDone
1731936658s399:RXSLOT
1731936658s399:value of rxport: 201
###### D/L FRAME:0005 | PORT:201 | DR:3 | SLOT:C_MC | RSSI:-11 | SNR:11
1731936658s399:#####################FRAGDECODER PROCESS

.... FRAG_DECODER in Progress ....
EXPECTED   : 019 Fragments (02090 Bytes)
RECEIVED   : 006 Fragments
             00660 Bytes
LOST       : 000 Fragments

1731936658s403:RX_C on freq 869525000 Hz at DR 3
1731936658s404:#############OPENED CONTINUOUS RX C WINDOW
1731936665s410:MAC rxNotify
1731936665s410:NOTIFY
1731936665s410:MAC rxDone
1731936665s416:RXSLOT
1731936665s416:value of rxport: 201
###### D/L FRAME:0006 | PORT:201 | DR:3 | SLOT:C_MC | RSSI:-13 | SNR:12
1731936665s416:#####################FRAGDECODER PROCESS

.... FRAG_DECODER in Progress ....
EXPECTED   : 019 Fragments (02090 Bytes)
RECEIVED   : 007 Fragments
             00770 Bytes
LOST       : 000 Fragments

1731936665s421:RX_C on freq 869525000 Hz at DR 3
1731936665s422:#############OPENED CONTINUOUS RX C WINDOW
1731936672s436:MAC rxNotify
1731936672s436:NOTIFY
1731936672s436:MAC rxDone
1731936672s441:RXSLOT
1731936672s441:value of rxport: 201
###### D/L FRAME:0007 | PORT:201 | DR:3 | SLOT:C_MC | RSSI:-12 | SNR:11
1731936672s441:#####################FRAGDECODER PROCESS

.... FRAG_DECODER in Progress ....
EXPECTED   : 019 Fragments (02090 Bytes)
RECEIVED   : 008 Fragments
             00880 Bytes
LOST       : 000 Fragments

1731936672s445:RX_C on freq 869525000 Hz at DR 3
1731936672s446:#############OPENED CONTINUOUS RX C WINDOW
1731936680s462:MAC rxNotify
1731936680s462:NOTIFY
1731936680s462:MAC rxDone
1731936680s467:RXSLOT
1731936680s467:value of rxport: 201
###### D/L FRAME:0008 | PORT:201 | DR:3 | SLOT:C_MC | RSSI:-12 | SNR:11
1731936680s467:#####################FRAGDECODER PROCESS

.... FRAG_DECODER in Progress ....
EXPECTED   : 019 Fragments (02090 Bytes)
RECEIVED   : 009 Fragments
             00990 Bytes
LOST       : 000 Fragments

1731936680s472:RX_C on freq 869525000 Hz at DR 3
1731936680s473:#############OPENED CONTINUOUS RX C WINDOW
1731936687s496:MAC rxNotify
1731936687s496:NOTIFY
1731936687s496:MAC rxDone
1731936687s501:RXSLOT
1731936687s501:value of rxport: 201
###### D/L FRAME:0009 | PORT:201 | DR:3 | SLOT:C_MC | RSSI:-11 | SNR:12
1731936687s501:#####################FRAGDECODER PROCESS

.... FRAG_DECODER in Progress ....
EXPECTED   : 019 Fragments (02090 Bytes)
RECEIVED   : 010 Fragments
             01100 Bytes
LOST       : 000 Fragments

1731936687s506:RX_C on freq 869525000 Hz at DR 3
1731936687s507:#############OPENED CONTINUOUS RX C WINDOW
1731936694s521:MAC rxNotify
1731936694s521:NOTIFY
1731936694s521:MAC rxDone
1731936694s525:RXSLOT
1731936694s525:value of rxport: 201
###### D/L FRAME:0010 | PORT:201 | DR:3 | SLOT:C_MC | RSSI:-13 | SNR:11
1731936694s525:#####################FRAGDECODER PROCESS

.... FRAG_DECODER in Progress ....
EXPECTED   : 019 Fragments (02090 Bytes)
RECEIVED   : 011 Fragments
             01210 Bytes
LOST       : 000 Fragments

1731936694s530:RX_C on freq 869525000 Hz at DR 3
1731936694s531:#############OPENED CONTINUOUS RX C WINDOW
1731936701s549:MAC rxNotify
1731936701s549:NOTIFY
1731936701s549:MAC rxDone
1731936701s554:RXSLOT
1731936701s554:value of rxport: 201
###### D/L FRAME:0011 | PORT:201 | DR:3 | SLOT:C_MC | RSSI:-13 | SNR:12
1731936701s554:#####################FRAGDECODER PROCESS

.... FRAG_DECODER in Progress ....
EXPECTED   : 019 Fragments (02090 Bytes)
RECEIVED   : 012 Fragments
             01320 Bytes
LOST       : 000 Fragments

1731936701s559:RX_C on freq 869525000 Hz at DR 3
1731936701s560:#############OPENED CONTINUOUS RX C WINDOW
1731936708s575:MAC rxNotify
1731936708s575:NOTIFY
1731936708s575:MAC rxDone
1731936708s580:RXSLOT
1731936708s580:value of rxport: 201
###### D/L FRAME:0012 | PORT:201 | DR:3 | SLOT:C_MC | RSSI:-12 | SNR:12
1731936708s580:#####################FRAGDECODER PROCESS

.... FRAG_DECODER in Progress ....
EXPECTED   : 019 Fragments (02090 Bytes)
RECEIVED   : 013 Fragments
             01430 Bytes
LOST       : 000 Fragments

1731936708s585:RX_C on freq 869525000 Hz at DR 3
1731936708s586:#############OPENED CONTINUOUS RX C WINDOW
1731936715s607:MAC rxNotify
1731936715s607:NOTIFY
1731936715s607:MAC rxDone
1731936715s611:RXSLOT
1731936715s611:value of rxport: 201
###### D/L FRAME:0013 | PORT:201 | DR:3 | SLOT:C_MC | RSSI:-13 | SNR:12
1731936715s611:#####################FRAGDECODER PROCESS

.... FRAG_DECODER in Progress ....
EXPECTED   : 019 Fragments (02090 Bytes)
RECEIVED   : 014 Fragments
             01540 Bytes
LOST       : 000 Fragments

1731936715s616:RX_C on freq 869525000 Hz at DR 3
1731936715s617:#############OPENED CONTINUOUS RX C WINDOW
1731936723s632:MAC rxNotify
1731936723s632:NOTIFY
1731936723s632:MAC rxDone
1731936723s638:RXSLOT
1731936723s638:value of rxport: 201
###### D/L FRAME:0014 | PORT:201 | DR:3 | SLOT:C_MC | RSSI:-13 | SNR:12
1731936723s638:#####################FRAGDECODER PROCESS

.... FRAG_DECODER in Progress ....
EXPECTED   : 019 Fragments (02090 Bytes)
RECEIVED   : 015 Fragments
             01650 Bytes
LOST       : 000 Fragments

1731936723s643:RX_C on freq 869525000 Hz at DR 3
1731936723s644:#############OPENED CONTINUOUS RX C WINDOW
1731936730s656:MAC rxNotify
1731936730s656:NOTIFY
1731936730s656:MAC rxDone
1731936730s661:RXSLOT
1731936730s661:value of rxport: 201
###### D/L FRAME:0015 | PORT:201 | DR:3 | SLOT:C_MC | RSSI:-12 | SNR:11
1731936730s661:#####################FRAGDECODER PROCESS

.... FRAG_DECODER in Progress ....
EXPECTED   : 019 Fragments (02090 Bytes)
RECEIVED   : 016 Fragments
             01760 Bytes
LOST       : 000 Fragments

1731936730s666:RX_C on freq 869525000 Hz at DR 3
1731936730s667:#############OPENED CONTINUOUS RX C WINDOW
1731936737s688:MAC rxNotify
1731936737s688:NOTIFY
1731936737s688:MAC rxDone
1731936737s693:RXSLOT
1731936737s693:value of rxport: 201
###### D/L FRAME:0016 | PORT:201 | DR:3 | SLOT:C_MC | RSSI:-11 | SNR:12
1731936737s693:#####################FRAGDECODER PROCESS

.... FRAG_DECODER in Progress ....
EXPECTED   : 019 Fragments (02090 Bytes)
RECEIVED   : 017 Fragments
             01870 Bytes
LOST       : 000 Fragments

1731936737s698:RX_C on freq 869525000 Hz at DR 3
1731936737s699:#############OPENED CONTINUOUS RX C WINDOW
1731936744s710:MAC rxNotify
1731936744s711:NOTIFY
1731936744s711:MAC rxDone
1731936744s716:RXSLOT
1731936744s716:value of rxport: 201
###### D/L FRAME:0017 | PORT:201 | DR:3 | SLOT:C_MC | RSSI:-11 | SNR:11
1731936744s716:#####################FRAGDECODER PROCESS

.... FRAG_DECODER in Progress ....
EXPECTED   : 019 Fragments (02090 Bytes)
RECEIVED   : 018 Fragments
             01980 Bytes
LOST       : 000 Fragments

1731936744s721:RX_C on freq 869525000 Hz at DR 3
1731936744s722:#############OPENED CONTINUOUS RX C WINDOW
1731936746s221:MAC rxNotify
1731936746s221:NOTIFY
1731936746s221:MAC rxDone
1731936746s224:RXSLOT
1731936746s227:RX_C on freq 869525000 Hz at DR 3
1731936746s229:#############OPENED CONTINUOUS RX C WINDOW
1731936751s737:MAC rxNotify
1731936751s737:NOTIFY
1731936751s737:MAC rxDone
1731936751s742:RXSLOT
1731936751s742:value of rxport: 201
###### D/L FRAME:0018 | PORT:201 | DR:3 | SLOT:C_MC | RSSI:-12 | SNR:11
1731936751s742:#####################FRAGDECODER PROCESS

.... FRAG_DECODER in Progress ....
EXPECTED   : 019 Fragments (02090 Bytes)
RECEIVED   : 019 Fragments
             02090 Bytes
LOST       : 000 Fragments


.... FRAG_DECODER Finished ....
STATUS     : 0
1731936751s743:ALL FRAGMENTS RECEIVED

= [SBOOT] System Security Check successfully passed. Starting...


======================================================================
=              (C) COPYRIGHT 2017 STMicroelectronics                 =
=                                                                    =
=              Secure Boot and Secure Firmware Update                =
======================================================================


= [SBOOT] SECURE ENGINE INITIALIZATION SUCCESSFUL
= [SBOOT] STATE: CHECK STATUS ON RESET
	  INFO: A Reboot has been triggered by a Software reset!
= [SBOOT] STATE: CHECK NEW FIRMWARE TO DOWNLOAD
= [SBOOT] STATE: CHECK KMS BLOB TO INSTALL
= [SBOOT] STATE: CHECK USER FW STATUS
	  A FW is detected in the slot SLOT_ACTIVE_1
= [SBOOT] STATE: VERIFY USER FW SIGNATURE
= [SBOOT] STATE: EXECUTE USER FIRMWAREAPPLICATION_VERSION: V1.3.0
MW_LORAWAN_VERSION:  V2.5.0
MW_RADIO_VERSION:    V1.3.0
L2_SPEC_VERSION:     V1.0.4
RP_SPEC_VERSION:     V2-1.0.1
NVM DATA RESTORED
###### AppKey:      2B:7E:15:16:28:AE:D2:A6:AB:F7:15:88:09:CF:4F:3C
###### NwkKey:      2B:7E:15:16:28:AE:D2:A6:AB:F7:15:88:09:CF:4F:3C
###### AppSKey:     A5:E5:54:FC:88:5F:E3:C4:63:0E:81:B0:20:79:2E:2F
###### NwkSKey:     7D:AF:FE:C3:28:39:A2:4E:99:9F:99:AC:CD:F5:19:49
###### DevEUI:      00:80:E1:15:05:AB:D0:6C
###### AppEUI:      01:01:01:01:01:01:01:01
###### DevAddr:     05:AB:D0:6C
###### KMS ENABLED