
= [SBOO
= [SBOOT] System Security Check successfully passed. Starting...


======================================================================
=              (C) COPYRIGHT 2017 STMicroelectronics                 =
=                                                                    =
=              Secure Boot and Secure Firmware Update                =
======================================================================


= [SBOOT] SECURE ENGINE INITIALIZATION SUCCESSFUL
= [SBOOT] STATE: CHECK STATUS ON RESET
	  INFO: A Reboot has been triggered by a Hardware reset!
= [SBOOT] STATE: CHECK NEW FIRMWARE TO DOWNLOAD
= [SBOOT] STATE: CHECK KMS BLOB TO INSTALL
= [SBOOT] STATE: CHECK USER FW STATUS
	  A FW is detected in the slot SLOT_ACTIVE_1
= [SBOOT] STATE: VERIFY USER FW SIGNATURE
= [SBOOT] STATE: EXECUTE USER FIRMWAREAPPLICATION_VERSION: V1.3.0
MW_LORAWAN_VERSION:  V2.5.0
MW_RADIO_VERSION:    V1.3.0
L2_SPEC_VERSION:     V1.0.4
RP_SPEC_VERSION:     V2-1.0.1
NVM DATA RESTORED
###### AppKey:      2B:7E:15:16:28:AE:D2:A6:AB:F7:15:88:09:CF:4F:3C
###### NwkKey:      2B:7E:15:16:28:AE:D2:A6:AB:F7:15:88:09:CF:4F:3C
###### AppSKey:     2B:7E:15:16:28:AE:D2:A6:AB:F7:15:88:09:CF:4F:3C
###### NwkSKey:     2B:7E:15:16:28:AE:D2:A6:AB:F7:15:88:09:CF:4F:3C
###### DevEUI:      00:80:E1:15:05:AB:D0:6C
###### AppEUI:      01:01:01:01:01:01:01:01
###### DevAddr:     05:AB:D0:6C
###### KMS ENABLED

###### = JOINED = OTAA =====================
[31mNetwork joined, choose app to execute:
BTN1: TxTimer send uplink every 10 sec
BTN2: Airtime test
[0m
###### U/L FRAME:JOIN | DR:2 | PWR:1
###### MCRootKey:   7D:F7:6B:0C:1A:B8:99:B3:3E:42:F0:47:B9:1B:54:6F
###### MCKEKey:     8C:B8:66:5E:0C:0E:0B:64:5B:2E:D9:E4:8A:19:27:7C
###### AppSKey:     FE:D3:F7:C1:62:62:1C:4C:11:05:2B:75:7C:90:F7:4D
###### NwkSKey:     CB:F5:AD:C5:C5:11:89:D8:11:19:7C:90:BD:31:0F:DB
###### DBIntKey:    7A:C4:7C:65:FE:25:9B:B6:54:BD:26:35:19:F8:9C:8E
###### DevEUI:      00:80:E1:15:05:AB:D0:6C
###### AppEUI:      01:01:01:01:01:01:01:01
###### DevAddr:     00:AE:EF:BF

###### ========== MCPS-Confirm =============
###### U/L FRAME:0001 | PORT:24 | DR:2 | PWR:1 | MSG TYPE:UNCONFIRMED
1731941473s338:value of rxport: 0
###### D/L FRAME:0000 | PORT:0 | DR:2 | SLOT:1 | RSSI:-4 | SNR:10
1731941501s669:Airtime test started: 0
1731941501s669:MAC Tx start packet size: 21
1731941501s673:TX on freq 867500000 Hz at DR 2
1731941501s673:RADIO SEND WITH size 21
1731941501s675:SEND REQUEST
1731941502s046:NOTIFY
1731941502s046:MAC txDone
1731941503s041:RX_1 on freq 867500000 Hz at DR 2
1731941503s108:IRQ_RX_TX_TIMEOUT
1731941503s108:NOTIFY
1731941503s108:MAC rxTimeOut
1731941504s078:RX_2 on freq 869525000 Hz at DR 0
1731941504s276:IRQ_RX_TX_TIMEOUT
1731941504s276:NOTIFY
1731941504s276:MAC rxTimeOut

###### ========== MCPS-Confirm =============
###### U/L FRAME:0002 | PORT:24 | DR:2 | PWR:1 | MSG TYPE:UNCONFIRMED
1731941531s675:Airtime test started: 0
1731941531s675:MAC Tx start packet size: 18
1731941531s679:TX on freq 867100000 Hz at DR 2
1731941531s679:RADIO SEND WITH size 18
1731941531s681:SEND REQUEST
1731941532s011:NOTIFY
1731941532s011:MAC txDone
1731941533s005:RX_1 on freq 867100000 Hz at DR 2
1731941533s073:IRQ_RX_TX_TIMEOUT
1731941533s073:NOTIFY
1731941533s073:MAC rxTimeOut
1731941534s043:RX_2 on freq 869525000 Hz at DR 0
1731941534s241:IRQ_RX_TX_TIMEOUT
1731941534s241:NOTIFY
1731941534s241:MAC rxTimeOut

###### ========== MCPS-Confirm =============
###### U/L FRAME:0003 | PORT:24 | DR:2 | PWR:1 | MSG TYPE:UNCONFIRMED
1731941561s681:Airtime test started: 0
1731941561s681:MAC Tx start packet size: 18
1731941561s685:TX on freq 867300000 Hz at DR 2
1731941561s685:RADIO SEND WITH size 18
1731941561s687:SEND REQUEST
1731941562s017:NOTIFY
1731941562s017:MAC txDone
1731941563s011:RX_1 on freq 867300000 Hz at DR 2
1731941563s079:IRQ_RX_TX_TIMEOUT
1731941563s079:NOTIFY
1731941563s079:MAC rxTimeOut
1731941564s048:RX_2 on freq 869525000 Hz at DR 0
1731941564s247:IRQ_RX_TX_TIMEOUT
1731941564s247:NOTIFY
1731941564s247:MAC rxTimeOut

###### ========== MCPS-Confirm =============
###### U/L FRAME:0004 | PORT:24 | DR:2 | PWR:1 | MSG TYPE:UNCONFIRMED
1731941591s687:Airtime test started: 0
1731941591s687:MAC Tx start packet size: 18
1731941591s691:TX on freq 868100000 Hz at DR 2
1731941591s691:RADIO SEND WITH size 18
1731941591s693:SEND REQUEST
1731941592s023:NOTIFY
1731941592s023:MAC txDone
1731941593s017:RX_1 on freq 868100000 Hz at DR 2
1731941593s085:IRQ_RX_TX_TIMEOUT
1731941593s085:NOTIFY
1731941593s085:MAC rxTimeOut
1731941594s054:RX_2 on freq 869525000 Hz at DR 0
1731941594s252:IRQ_RX_TX_TIMEOUT
1731941594s252:NOTIFY
1731941594s252:MAC rxTimeOut

###### ========== MCPS-Confirm =============
###### U/L FRAME:0005 | PORT:24 | DR:2 | PWR:1 | MSG TYPE:UNCONFIRMED
1731941621s693:Airtime test started: 0
1731941621s693:MAC Tx start packet size: 18
1731941621s697:TX on freq 868300000 Hz at DR 2
1731941621s697:RADIO SEND WITH size 18
1731941621s699:SEND REQUEST
1731941622s029:NOTIFY
1731941622s029:MAC txDone
1731941623s023:RX_1 on freq 868300000 Hz at DR 2
1731941623s090:IRQ_RX_TX_TIMEOUT
1731941623s090:NOTIFY
1731941623s090:MAC rxTimeOut
1731941624s060:RX_2 on freq 869525000 Hz at DR 0
1731941624s258:IRQ_RX_TX_TIMEOUT
1731941624s258:NOTIFY
1731941624s258:MAC rxTimeOut

###### ========== MCPS-Confirm =============
###### U/L FRAME:0006 | PORT:24 | DR:2 | PWR:1 | MSG TYPE:UNCONFIRMED
1731941651s699:Airtime test started: 0
1731941651s699:MAC Tx start packet size: 18
1731941651s703:TX on freq 867700000 Hz at DR 2
1731941651s703:RADIO SEND WITH size 18
1731941651s705:SEND REQUEST
1731941652s035:NOTIFY
1731941652s035:MAC txDone
1731941653s029:RX_1 on freq 867700000 Hz at DR 2
1731941653s096:IRQ_RX_TX_TIMEOUT
1731941653s096:NOTIFY
1731941653s096:MAC rxTimeOut
1731941654s066:RX_2 on freq 869525000 Hz at DR 0
1731941654s264:IRQ_RX_TX_TIMEOUT
1731941654s264:NOTIFY
1731941654s264:MAC rxTimeOut

###### ========== MCPS-Confirm =============
###### U/L FRAME:0007 | PORT:24 | DR:2 | PWR:1 | MSG TYPE:UNCONFIRMED
1731941681s705:Airtime test started: 0
1731941681s705:MAC Tx start packet size: 18
1731941681s709:TX on freq 868100000 Hz at DR 2
1731941681s709:RADIO SEND WITH size 18
1731941681s710:SEND REQUEST
1731941682s041:NOTIFY
1731941682s041:MAC txDone
1731941683s035:RX_1 on freq 868100000 Hz at DR 2
1731941683s102:IRQ_RX_TX_TIMEOUT
1731941683s102:NOTIFY
1731941683s102:MAC rxTimeOut
1731941684s072:RX_2 on freq 869525000 Hz at DR 0
1731941684s270:IRQ_RX_TX_TIMEOUT
1731941684s270:NOTIFY
1731941684s270:MAC rxTimeOut

###### ========== MCPS-Confirm =============
###### U/L FRAME:0008 | PORT:24 | DR:2 | PWR:1 | MSG TYPE:UNCONFIRMED
1731941711s710:Airtime test started: 0
1731941711s710:MAC Tx start packet size: 18
1731941711s714:TX on freq 867500000 Hz at DR 2
1731941711s714:RADIO SEND WITH size 18
1731941711s716:SEND REQUEST
1731941712s046:NOTIFY
1731941712s046:MAC txDone
1731941713s041:RX_1 on freq 867500000 Hz at DR 2
1731941713s108:IRQ_RX_TX_TIMEOUT
1731941713s108:NOTIFY
1731941713s108:MAC rxTimeOut
1731941714s078:RX_2 on freq 869525000 Hz at DR 0
1731941714s276:IRQ_RX_TX_TIMEOUT
1731941714s276:NOTIFY
1731941714s276:MAC rxTimeOut

###### ========== MCPS-Confirm =============
###### U/L FRAME:0009 | PORT:24 | DR:2 | PWR:1 | MSG TYPE:UNCONFIRMED
1731941741s716:Airtime test started: 0
1731941741s716:MAC Tx start packet size: 18
1731941741s720:TX on freq 867700000 Hz at DR 2
1731941741s720:RADIO SEND WITH size 18
1731941741s722:SEND REQUEST
1731941742s052:NOTIFY
1731941742s052:MAC txDone
1731941743s046:RX_1 on freq 867700000 Hz at DR 2
1731941743s114:IRQ_RX_TX_TIMEOUT
1731941743s114:NOTIFY
1731941743s114:MAC rxTimeOut
1731941744s084:RX_2 on freq 869525000 Hz at DR 0
1731941744s282:IRQ_RX_TX_TIMEOUT
1731941744s282:NOTIFY
1731941744s282:MAC rxTimeOut

###### ========== MCPS-Confirm =============
###### U/L FRAME:0010 | PORT:24 | DR:2 | PWR:1 | MSG TYPE:UNCONFIRMED
1731941771s722:Airtime test started: 0
1731941771s722:MAC Tx start packet size: 18
1731941771s726:TX on freq 868500000 Hz at DR 2
1731941771s726:RADIO SEND WITH size 18
1731941771s728:SEND REQUEST
1731941772s058:NOTIFY
1731941772s058:MAC txDone
1731941773s052:RX_1 on freq 868500000 Hz at DR 2
1731941773s120:IRQ_RX_TX_TIMEOUT
1731941773s120:NOTIFY
1731941773s120:MAC rxTimeOut
1731941774s089:RX_2 on freq 869525000 Hz at DR 0
1731941774s288:IRQ_RX_TX_TIMEOUT
1731941774s288:NOTIFY
1731941774s288:MAC rxTimeOut

###### ========== MCPS-Confirm =============
###### U/L FRAME:0011 | PORT:24 | DR:2 | PWR:1 | MSG TYPE:UNCONFIRMED
1731941801s728:Airtime test started: 0
1731941801s728:MAC Tx start packet size: 18
1731941801s732:TX on freq 867100000 Hz at DR 2
1731941801s732:RADIO SEND WITH size 18
1731941801s734:SEND REQUEST
1731941802s064:NOTIFY
1731941802s064:MAC txDone
1731941803s058:RX_1 on freq 867100000 Hz at DR 2
1731941803s605:MAC rxNotify
1731941803s605:NOTIFY
1731941803s605:MAC rxDone

###### ========== MCPS-Confirm =============
###### U/L FRAME:0012 | PORT:24 | DR:2 | PWR:1 | MSG TYPE:UNCONFIRMED
1731941803s608:value of rxport: 200
1731941803s608:MULTICAST CLASS C SETUP 2
###### D/L FRAME:0001 | PORT:200 | DR:2 | SLOT:1 | RSSI:-6 | SNR:9
1731941803s617:MAC Tx start packet size: 15
1731941803s620:TX on freq 868100000 Hz at DR 2
1731941803s621:RADIO SEND WITH size 15
ID          : 0
McAddr      : 59C90486
McKey       : 91-24-8A-9A-67-5F-CC-E2-48-75-12-93-9C-51-6A-46
McFCountMin : 0
McFCountMax : 4294967295
SessionTime : 0
SessionTimeT: 1 s
Rx Freq     : 0
Rx DR       : DR_0
1731941803s953:NOTIFY
1731941803s953:MAC txDone
1731941804s946:RX_1 on freq 868100000 Hz at DR 2
1731941805s330:MAC rxNotify
1731941805s330:NOTIFY
1731941805s330:MAC rxDone

###### ========== MCPS-Confirm =============
###### U/L FRAME:0013 | PORT:200 | DR:2 | PWR:1 | MSG TYPE:UNCONFIRMED
1731941805s332:value of rxport: 201
###### D/L FRAME:0002 | PORT:201 | DR:2 | SLOT:1 | RSSI:-4 | SNR:10
1731941805s333:#####################FRAGDECODER INIT
1731941809s214:MAC Tx start packet size: 15
1731941809s218:TX on freq 868300000 Hz at DR 2
1731941809s218:RADIO SEND WITH size 15
1731941809s550:NOTIFY
1731941809s550:MAC txDone
1731941810s544:RX_1 on freq 868300000 Hz at DR 2
1731941810s927:MAC rxNotify
1731941810s927:NOTIFY
1731941810s927:MAC rxDone

###### ========== MCPS-Confirm =============
###### U/L FRAME:0014 | PORT:201 | DR:2 | PWR:1 | MSG TYPE:UNCONFIRMED
1731941810s929:value of rxport: 200
1731941810s930:MULTICAST CLASS C SETUP 4
###### D/L FRAME:0003 | PORT:200 | DR:2 | SLOT:1 | RSSI:-5 | SNR:9
Time2SessionStart: 268000 ms
1731941810s930:MAC Tx start packet size: 18
1731941810s934:TX on freq 867900000 Hz at DR 2
1731941810s935:RADIO SEND WITH size 18
ID          : 0
McAddr      : 59C90486
McKey       : 91-24-8A-9A-67-5F-CC-E2-48-75-12-93-9C-51-6A-46
McFCountMin : 0
McFCountMax : 4294967295
SessionTime : 1731942078
SessionTimeT: 4096 s
Rx Freq     : 869525000
Rx DR       : DR_2
1731941811s266:NOTIFY
1731941811s266:MAC txDone
1731941812s260:RX_1 on freq 867900000 Hz at DR 2
1731941812s328:IRQ_RX_TX_TIMEOUT
1731941812s328:NOTIFY
1731941812s328:MAC rxTimeOut
1731941813s297:RX_2 on freq 869525000 Hz at DR 0
1731941813s496:IRQ_RX_TX_TIMEOUT
1731941813s496:NOTIFY
1731941813s496:MAC rxTimeOut

###### ========== MCPS-Confirm =============
###### U/L FRAME:0015 | PORT:200 | DR:2 | PWR:1 | MSG TYPE:UNCONFIRMED
1731942078s930:[SWITCHCLASS class C]
1731942078s945:RX_C on freq 869525000 Hz at DR 2
1731942078s947:#############OPENED CONTINUOUS RX C WINDOW
Switch to Class C done
1731942111s940:MAC rxNotify
1731942111s940:NOTIFY
1731942111s940:MAC rxDone
1731942111s943:RXSLOT
1731942111s943:value of rxport: 201
###### D/L FRAME:0000 | PORT:201 | DR:2 | SLOT:C_MC | RSSI:-2 | SNR:9
1731942111s943:#####################FRAGDECODER PROCESS

.... FRAG_DECODER in Progress ....
EXPECTED   : 052 Fragments (02028 Bytes)
RECEIVED   : 001 Fragments
             00039 Bytes
LOST       : 000 Fragments

1731942111s948:RX_C on freq 869525000 Hz at DR 2
1731942111s949:#############OPENED CONTINUOUS RX C WINDOW
1731942117s966:MAC rxNotify
1731942117s966:NOTIFY
1731942117s966:MAC rxDone
1731942117s969:RXSLOT
1731942117s969:value of rxport: 201
###### D/L FRAME:0001 | PORT:201 | DR:2 | SLOT:C_MC | RSSI:-2 | SNR:9
1731942117s969:#####################FRAGDECODER PROCESS

.... FRAG_DECODER in Progress ....
EXPECTED   : 052 Fragments (02028 Bytes)
RECEIVED   : 002 Fragments
             00078 Bytes
LOST       : 000 Fragments

1731942117s974:RX_C on freq 869525000 Hz at DR 2
1731942117s975:#############OPENED CONTINUOUS RX C WINDOW
1731942124s984:MAC rxNotify
1731942124s984:NOTIFY
1731942124s984:MAC rxDone
1731942124s987:RXSLOT
1731942124s987:value of rxport: 201
###### D/L FRAME:0002 | PORT:201 | DR:2 | SLOT:C_MC | RSSI:-2 | SNR:9
1731942124s987:#####################FRAGDECODER PROCESS

.... FRAG_DECODER in Progress ....
EXPECTED   : 052 Fragments (02028 Bytes)
RECEIVED   : 003 Fragments
             00117 Bytes
LOST       : 000 Fragments

1731942124s992:RX_C on freq 869525000 Hz at DR 2
1731942124s993:#############OPENED CONTINUOUS RX C WINDOW
1731942131s008:MAC rxNotify
1731942131s008:NOTIFY
1731942131s008:MAC rxDone
1731942131s011:RXSLOT
1731942131s011:value of rxport: 201
###### D/L FRAME:0003 | PORT:201 | DR:2 | SLOT:C_MC | RSSI:-2 | SNR:9
1731942131s011:#####################FRAGDECODER PROCESS

.... FRAG_DECODER in Progress ....
EXPECTED   : 052 Fragments (02028 Bytes)
RECEIVED   : 004 Fragments
             00156 Bytes
LOST       : 000 Fragments

1731942131s016:RX_C on freq 869525000 Hz at DR 2
1731942131s017:#############OPENED CONTINUOUS RX C WINDOW
1731942137s034:MAC rxNotify
1731942137s034:NOTIFY
1731942137s034:MAC rxDone
1731942137s037:RXSLOT
1731942137s037:value of rxport: 201
###### D/L FRAME:0004 | PORT:201 | DR:2 | SLOT:C_MC | RSSI:-3 | SNR:9
1731942137s037:#####################FRAGDECODER PROCESS

.... FRAG_DECODER in Progress ....
EXPECTED   : 052 Fragments (02028 Bytes)
RECEIVED   : 005 Fragments
             00195 Bytes
LOST       : 000 Fragments

1731942137s042:RX_C on freq 869525000 Hz at DR 2
1731942137s043:#############OPENED CONTINUOUS RX C WINDOW
1731942143s055:MAC rxNotify
1731942143s055:NOTIFY
1731942143s055:MAC rxDone
1731942143s058:RXSLOT
1731942143s058:value of rxport: 201
###### D/L FRAME:0005 | PORT:201 | DR:2 | SLOT:C_MC | RSSI:-2 | SNR:9
1731942143s058:#####################FRAGDECODER PROCESS

.... FRAG_DECODER in Progress ....
EXPECTED   : 052 Fragments (02028 Bytes)
RECEIVED   : 006 Fragments
             00234 Bytes
LOST       : 000 Fragments

1731942143s063:RX_C on freq 869525000 Hz at DR 2
1731942143s064:#############OPENED CONTINUOUS RX C WINDOW
1731942150s079:MAC rxNotify
1731942150s079:NOTIFY
1731942150s079:MAC rxDone
1731942150s082:RXSLOT
1731942150s082:value of rxport: 201
###### D/L FRAME:0006 | PORT:201 | DR:2 | SLOT:C_MC | RSSI:-2 | SNR:9
1731942150s082:#####################FRAGDECODER PROCESS

.... FRAG_DECODER in Progress ....
EXPECTED   : 052 Fragments (02028 Bytes)
RECEIVED   : 007 Fragments
             00273 Bytes
LOST       : 000 Fragments

1731942150s086:RX_C on freq 869525000 Hz at DR 2
1731942150s087:#############OPENED CONTINUOUS RX C WINDOW
1731942156s102:MAC rxNotify
1731942156s102:NOTIFY
1731942156s102:MAC rxDone
1731942156s105:RXSLOT
1731942156s105:value of rxport: 201
###### D/L FRAME:0007 | PORT:201 | DR:2 | SLOT:C_MC | RSSI:-2 | SNR:9
1731942156s105:#####################FRAGDECODER PROCESS

.... FRAG_DECODER in Progress ....
EXPECTED   : 052 Fragments (02028 Bytes)
RECEIVED   : 008 Fragments
             00312 Bytes
LOST       : 000 Fragments

1731942156s110:RX_C on freq 869525000 Hz at DR 2
1731942156s111:#############OPENED CONTINUOUS RX C WINDOW
1731942162s126:MAC rxNotify
1731942162s126:NOTIFY
1731942162s126:MAC rxDone
1731942162s129:RXSLOT
1731942162s129:value of rxport: 201
###### D/L FRAME:0008 | PORT:201 | DR:2 | SLOT:C_MC | RSSI:-2 | SNR:8
1731942162s129:#####################FRAGDECODER PROCESS

.... FRAG_DECODER in Progress ....
EXPECTED   : 052 Fragments (02028 Bytes)
RECEIVED   : 009 Fragments
             00351 Bytes
LOST       : 000 Fragments

1731942162s134:RX_C on freq 869525000 Hz at DR 2
1731942162s135:#############OPENED CONTINUOUS RX C WINDOW
1731942168s150:MAC rxNotify
1731942168s150:NOTIFY
1731942168s150:MAC rxDone
1731942168s153:RXSLOT
1731942168s153:value of rxport: 201
###### D/L FRAME:0009 | PORT:201 | DR:2 | SLOT:C_MC | RSSI:-2 | SNR:9
1731942168s153:#####################FRAGDECODER PROCESS

.... FRAG_DECODER in Progress ....
EXPECTED   : 052 Fragments (02028 Bytes)
RECEIVED   : 010 Fragments
             00390 Bytes
LOST       : 000 Fragments

1731942168s158:RX_C on freq 869525000 Hz at DR 2
1731942168s159:#############OPENED CONTINUOUS RX C WINDOW
1731942175s174:MAC rxNotify
1731942175s174:NOTIFY
1731942175s174:MAC rxDone
1731942175s177:RXSLOT
1731942175s177:value of rxport: 201
###### D/L FRAME:0010 | PORT:201 | DR:2 | SLOT:C_MC | RSSI:-3 | SNR:9
1731942175s177:#####################FRAGDECODER PROCESS

.... FRAG_DECODER in Progress ....
EXPECTED   : 052 Fragments (02028 Bytes)
RECEIVED   : 011 Fragments
             00429 Bytes
LOST       : 000 Fragments

1731942175s182:RX_C on freq 869525000 Hz at DR 2
1731942175s183:#############OPENED CONTINUOUS RX C WINDOW
1731942181s209:MAC rxNotify
1731942181s209:NOTIFY
1731942181s209:MAC rxDone
1731942181s211:RXSLOT
1731942181s211:value of rxport: 201
###### D/L FRAME:0011 | PORT:201 | DR:2 | SLOT:C_MC | RSSI:-3 | SNR:9
1731942181s211:#####################FRAGDECODER PROCESS

.... FRAG_DECODER in Progress ....
EXPECTED   : 052 Fragments (02028 Bytes)
RECEIVED   : 012 Fragments
             00468 Bytes
LOST       : 000 Fragments

1731942181s216:RX_C on freq 869525000 Hz at DR 2
1731942181s217:#############OPENED CONTINUOUS RX C WINDOW
1731942187s229:MAC rxNotify
1731942187s229:NOTIFY
1731942187s229:MAC rxDone
1731942187s232:RXSLOT
1731942187s232:value of rxport: 201
###### D/L FRAME:0012 | PORT:201 | DR:2 | SLOT:C_MC | RSSI:-3 | SNR:9
1731942187s232:#####################FRAGDECODER PROCESS

.... FRAG_DECODER in Progress ....
EXPECTED   : 052 Fragments (02028 Bytes)
RECEIVED   : 013 Fragments
             00507 Bytes
LOST       : 000 Fragments

1731942187s237:RX_C on freq 869525000 Hz at DR 2
1731942187s238:#############OPENED CONTINUOUS RX C WINDOW
1731942193s243:MAC rxNotify
1731942193s243:NOTIFY
1731942193s243:MAC rxDone
1731942193s246:RXSLOT
1731942193s246:value of rxport: 201
###### D/L FRAME:0013 | PORT:201 | DR:2 | SLOT:C_MC | RSSI:-3 | SNR:9
1731942193s246:#####################FRAGDECODER PROCESS

.... FRAG_DECODER in Progress ....
EXPECTED   : 052 Fragments (02028 Bytes)
RECEIVED   : 014 Fragments
             00546 Bytes
LOST       : 000 Fragments

1731942193s251:RX_C on freq 869525000 Hz at DR 2
1731942193s251:#############OPENED CONTINUOUS RX C WINDOW
1731942200s268:MAC rxNotify
1731942200s268:NOTIFY
1731942200s268:MAC rxDone
1731942200s271:RXSLOT
1731942200s271:value of rxport: 201
###### D/L FRAME:0014 | PORT:201 | DR:2 | SLOT:C_MC | RSSI:-3 | SNR:9
1731942200s271:#####################FRAGDECODER PROCESS

.... FRAG_DECODER in Progress ....
EXPECTED   : 052 Fragments (02028 Bytes)
RECEIVED   : 015 Fragments
             00585 Bytes
LOST       : 000 Fragments

1731942200s276:RX_C on freq 869525000 Hz at DR 2
1731942200s277:#############OPENED CONTINUOUS RX C WINDOW
1731942206s293:MAC rxNotify
1731942206s293:NOTIFY
1731942206s293:MAC rxDone
1731942206s295:RXSLOT
1731942206s295:value of rxport: 201
###### D/L FRAME:0015 | PORT:201 | DR:2 | SLOT:C_MC | RSSI:-3 | SNR:9
1731942206s295:#####################FRAGDECODER PROCESS

.... FRAG_DECODER in Progress ....
EXPECTED   : 052 Fragments (02028 Bytes)
RECEIVED   : 016 Fragments
             00624 Bytes
LOST       : 000 Fragments

1731942206s300:RX_C on freq 869525000 Hz at DR 2
1731942206s301:#############OPENED CONTINUOUS RX C WINDOW
1731942212s317:MAC rxNotify
1731942212s317:NOTIFY
1731942212s317:MAC rxDone
1731942212s320:RXSLOT
1731942212s320:value of rxport: 201
###### D/L FRAME:0016 | PORT:201 | DR:2 | SLOT:C_MC | RSSI:-3 | SNR:9
1731942212s320:#####################FRAGDECODER PROCESS

.... FRAG_DECODER in Progress ....
EXPECTED   : 052 Fragments (02028 Bytes)
RECEIVED   : 017 Fragments
             00663 Bytes
LOST       : 000 Fragments

1731942212s325:RX_C on freq 869525000 Hz at DR 2
1731942212s326:#############OPENED CONTINUOUS RX C WINDOW
1731942219s342:MAC rxNotify
1731942219s343:NOTIFY
1731942219s343:MAC rxDone
1731942219s346:RXSLOT
1731942219s346:value of rxport: 201
###### D/L FRAME:0017 | PORT:201 | DR:2 | SLOT:C_MC | RSSI:-3 | SNR:9
1731942219s346:#####################FRAGDECODER PROCESS

.... FRAG_DECODER in Progress ....
EXPECTED   : 052 Fragments (02028 Bytes)
RECEIVED   : 018 Fragments
             00702 Bytes
LOST       : 000 Fragments

1731942219s351:RX_C on freq 869525000 Hz at DR 2
1731942219s352:#############OPENED CONTINUOUS RX C WINDOW
1731942225s369:MAC rxNotify
1731942225s369:NOTIFY
1731942225s369:MAC rxDone
1731942225s372:RXSLOT
1731942225s372:value of rxport: 201
###### D/L FRAME:0018 | PORT:201 | DR:2 | SLOT:C_MC | RSSI:-2 | SNR:9
1731942225s372:#####################FRAGDECODER PROCESS

.... FRAG_DECODER in Progress ....
EXPECTED   : 052 Fragments (02028 Bytes)
RECEIVED   : 019 Fragments
             00741 Bytes
LOST       : 000 Fragments

1731942225s376:RX_C on freq 869525000 Hz at DR 2
1731942225s377:#############OPENED CONTINUOUS RX C WINDOW
1731942231s391:MAC rxNotify
1731942231s391:NOTIFY
1731942231s392:MAC rxDone
1731942231s395:RXSLOT
1731942231s395:value of rxport: 201
###### D/L FRAME:0019 | PORT:201 | DR:2 | SLOT:C_MC | RSSI:-3 | SNR:9
1731942231s395:#####################FRAGDECODER PROCESS

.... FRAG_DECODER in Progress ....
EXPECTED   : 052 Fragments (02028 Bytes)
RECEIVED   : 020 Fragments
             00780 Bytes
LOST       : 000 Fragments

1731942231s400:RX_C on freq 869525000 Hz at DR 2
1731942231s401:#############OPENED CONTINUOUS RX C WINDOW
1731942237s411:MAC rxNotify
1731942237s411:NOTIFY
1731942237s411:MAC rxDone
1731942237s414:RXSLOT
1731942237s414:value of rxport: 201
###### D/L FRAME:0020 | PORT:201 | DR:2 | SLOT:C_MC | RSSI:-2 | SNR:9
1731942237s414:#####################FRAGDECODER PROCESS

.... FRAG_DECODER in Progress ....
EXPECTED   : 052 Fragments (02028 Bytes)
RECEIVED   : 021 Fragments
             00819 Bytes
LOST       : 000 Fragments

1731942237s418:RX_C on freq 869525000 Hz at DR 2
1731942237s419:#############OPENED CONTINUOUS RX C WINDOW
1731942244s430:MAC rxNotify
1731942244s430:NOTIFY
1731942244s430:MAC rxDone
1731942244s433:RXSLOT
1731942244s433:value of rxport: 201
###### D/L FRAME:0021 | PORT:201 | DR:2 | SLOT:C_MC | RSSI:-2 | SNR:9
1731942244s433:#####################FRAGDECODER PROCESS

.... FRAG_DECODER in Progress ....
EXPECTED   : 052 Fragments (02028 Bytes)
RECEIVED   : 022 Fragments
             00858 Bytes
LOST       : 000 Fragments

1731942244s438:RX_C on freq 869525000 Hz at DR 2
1731942244s439:#############OPENED CONTINUOUS RX C WINDOW
1731942250s444:MAC rxNotify
1731942250s444:NOTIFY
1731942250s444:MAC rxDone
1731942250s448:RXSLOT
1731942250s448:value of rxport: 201
###### D/L FRAME:0022 | PORT:201 | DR:2 | SLOT:C_MC | RSSI:-2 | SNR:9
1731942250s448:#####################FRAGDECODER PROCESS

.... FRAG_DECODER in Progress ....
EXPECTED   : 052 Fragments (02028 Bytes)
RECEIVED   : 023 Fragments
             00897 Bytes
LOST       : 000 Fragments

1731942250s453:RX_C on freq 869525000 Hz at DR 2
1731942250s454:#############OPENED CONTINUOUS RX C WINDOW
1731942256s468:MAC rxNotify
1731942256s468:NOTIFY
1731942256s468:MAC rxDone
1731942256s471:RXSLOT
1731942256s471:value of rxport: 201
###### D/L FRAME:0023 | PORT:201 | DR:2 | SLOT:C_MC | RSSI:-2 | SNR:9
1731942256s471:#####################FRAGDECODER PROCESS

.... FRAG_DECODER in Progress ....
EXPECTED   : 052 Fragments (02028 Bytes)
RECEIVED   : 024 Fragments
             00936 Bytes
LOST       : 000 Fragments

1731942256s476:RX_C on freq 869525000 Hz at DR 2
1731942256s477:#############OPENED CONTINUOUS RX C WINDOW
1731942262s492:MAC rxNotify
1731942262s492:NOTIFY
1731942262s492:MAC rxDone
1731942262s495:RXSLOT
1731942262s495:value of rxport: 201
###### D/L FRAME:0024 | PORT:201 | DR:2 | SLOT:C_MC | RSSI:-2 | SNR:9
1731942262s495:#####################FRAGDECODER PROCESS

.... FRAG_DECODER in Progress ....
EXPECTED   : 052 Fragments (02028 Bytes)
RECEIVED   : 025 Fragments
             00975 Bytes
LOST       : 000 Fragments

1731942262s500:RX_C on freq 869525000 Hz at DR 2
1731942262s501:#############OPENED CONTINUOUS RX C WINDOW
1731942269s523:MAC rxNotify
1731942269s524:NOTIFY
1731942269s524:MAC rxDone
1731942269s527:RXSLOT
1731942269s527:value of rxport: 201
###### D/L FRAME:0025 | PORT:201 | DR:2 | SLOT:C_MC | RSSI:-2 | SNR:9
1731942269s527:#####################FRAGDECODER PROCESS

.... FRAG_DECODER in Progress ....
EXPECTED   : 052 Fragments (02028 Bytes)
RECEIVED   : 026 Fragments
             01014 Bytes
LOST       : 000 Fragments

1731942269s532:RX_C on freq 869525000 Hz at DR 2
1731942269s533:#############OPENED CONTINUOUS RX C WINDOW
1731942275s535:MAC rxNotify
1731942275s535:NOTIFY
1731942275s536:MAC rxDone
1731942275s539:RXSLOT
1731942275s539:value of rxport: 201
###### D/L FRAME:0026 | PORT:201 | DR:2 | SLOT:C_MC | RSSI:-2 | SNR:9
1731942275s539:#####################FRAGDECODER PROCESS

.... FRAG_DECODER in Progress ....
EXPECTED   : 052 Fragments (02028 Bytes)
RECEIVED   : 027 Fragments
             01053 Bytes
LOST       : 000 Fragments

1731942275s543:RX_C on freq 869525000 Hz at DR 2
1731942275s544:#############OPENED CONTINUOUS RX C WINDOW
1731942281s559:MAC rxNotify
1731942281s559:NOTIFY
1731942281s559:MAC rxDone
1731942281s562:RXSLOT
1731942281s562:value of rxport: 201
###### D/L FRAME:0027 | PORT:201 | DR:2 | SLOT:C_MC | RSSI:-2 | SNR:9
1731942281s562:#####################FRAGDECODER PROCESS

.... FRAG_DECODER in Progress ....
EXPECTED   : 052 Fragments (02028 Bytes)
RECEIVED   : 028 Fragments
             01092 Bytes
LOST       : 000 Fragments

1731942281s567:RX_C on freq 869525000 Hz at DR 2
1731942281s568:#############OPENED CONTINUOUS RX C WINDOW
1731942287s584:MAC rxNotify
1731942287s584:NOTIFY
1731942287s584:MAC rxDone
1731942287s586:RXSLOT
1731942287s586:value of rxport: 201
###### D/L FRAME:0028 | PORT:201 | DR:2 | SLOT:C_MC | RSSI:-2 | SNR:9
1731942287s586:#####################FRAGDECODER PROCESS

.... FRAG_DECODER in Progress ....
EXPECTED   : 052 Fragments (02028 Bytes)
RECEIVED   : 029 Fragments
             01131 Bytes
LOST       : 000 Fragments

1731942287s591:RX_C on freq 869525000 Hz at DR 2
1731942287s592:#############OPENED CONTINUOUS RX C WINDOW
1731942294s602:MAC rxNotify
1731942294s602:NOTIFY
1731942294s602:MAC rxDone
1731942294s605:RXSLOT
1731942294s605:value of rxport: 201
###### D/L FRAME:0029 | PORT:201 | DR:2 | SLOT:C_MC | RSSI:-2 | SNR:9
1731942294s605:#####################FRAGDECODER PROCESS

.... FRAG_DECODER in Progress ....
EXPECTED   : 052 Fragments (02028 Bytes)
RECEIVED   : 030 Fragments
             01170 Bytes
LOST       : 000 Fragments

1731942294s610:RX_C on freq 869525000 Hz at DR 2
1731942294s611:#############OPENED CONTINUOUS RX C WINDOW
1731942300s616:MAC rxNotify
1731942300s617:NOTIFY
1731942300s617:MAC rxDone
1731942300s620:RXSLOT
1731942300s620:value of rxport: 201
###### D/L FRAME:0030 | PORT:201 | DR:2 | SLOT:C_MC | RSSI:-2 | SNR:9
1731942300s620:#####################FRAGDECODER PROCESS

.... FRAG_DECODER in Progress ....
EXPECTED   : 052 Fragments (02028 Bytes)
RECEIVED   : 031 Fragments
             01209 Bytes
LOST       : 000 Fragments

1731942300s625:RX_C on freq 869525000 Hz at DR 2
1731942300s626:#############OPENED CONTINUOUS RX C WINDOW
1731942306s640:MAC rxNotify
1731942306s640:NOTIFY
1731942306s640:MAC rxDone
1731942306s643:RXSLOT
1731942306s643:value of rxport: 201
###### D/L FRAME:0031 | PORT:201 | DR:2 | SLOT:C_MC | RSSI:-2 | SNR:9
1731942306s643:#####################FRAGDECODER PROCESS

.... FRAG_DECODER in Progress ....
EXPECTED   : 052 Fragments (02028 Bytes)
RECEIVED   : 032 Fragments
             01248 Bytes
LOST       : 000 Fragments

1731942306s648:RX_C on freq 869525000 Hz at DR 2
1731942306s649:#############OPENED CONTINUOUS RX C WINDOW
1731942312s666:MAC rxNotify
1731942312s666:NOTIFY
1731942312s666:MAC rxDone
1731942312s668:RXSLOT
1731942312s668:value of rxport: 201
###### D/L FRAME:0032 | PORT:201 | DR:2 | SLOT:C_MC | RSSI:-2 | SNR:9
1731942312s668:#####################FRAGDECODER PROCESS

.... FRAG_DECODER in Progress ....
EXPECTED   : 052 Fragments (02028 Bytes)
RECEIVED   : 033 Fragments
             01287 Bytes
LOST       : 000 Fragments

1731942312s673:RX_C on freq 869525000 Hz at DR 2
1731942312s674:#############OPENED CONTINUOUS RX C WINDOW
1731942319s691:MAC rxNotify
1731942319s691:NOTIFY
1731942319s691:MAC rxDone
1731942319s694:RXSLOT
1731942319s694:value of rxport: 201
###### D/L FRAME:0033 | PORT:201 | DR:2 | SLOT:C_MC | RSSI:-2 | SNR:9
1731942319s694:#####################FRAGDECODER PROCESS

.... FRAG_DECODER in Progress ....
EXPECTED   : 052 Fragments (02028 Bytes)
RECEIVED   : 034 Fragments
             01326 Bytes
LOST       : 000 Fragments

1731942319s699:RX_C on freq 869525000 Hz at DR 2
1731942319s700:#############OPENED CONTINUOUS RX C WINDOW
1731942325s713:MAC rxNotify
1731942325s713:NOTIFY
1731942325s713:MAC rxDone
1731942325s716:RXSLOT
1731942325s716:value of rxport: 201
###### D/L FRAME:0034 | PORT:201 | DR:2 | SLOT:C_MC | RSSI:-2 | SNR:9
1731942325s716:#####################FRAGDECODER PROCESS

.... FRAG_DECODER in Progress ....
EXPECTED   : 052 Fragments (02028 Bytes)
RECEIVED   : 035 Fragments
             01365 Bytes
LOST       : 000 Fragments

1731942325s721:RX_C on freq 869525000 Hz at DR 2
1731942325s722:#############OPENED CONTINUOUS RX C WINDOW
1731942331s737:MAC rxNotify
1731942331s737:NOTIFY
1731942331s737:MAC rxDone
1731942331s740:RXSLOT
1731942331s740:value of rxport: 201
###### D/L FRAME:0035 | PORT:201 | DR:2 | SLOT:C_MC | RSSI:-2 | SNR:9
1731942331s740:#####################FRAGDECODER PROCESS

.... FRAG_DECODER in Progress ....
EXPECTED   : 052 Fragments (02028 Bytes)
RECEIVED   : 036 Fragments
             01404 Bytes
LOST       : 000 Fragments

1731942331s745:RX_C on freq 869525000 Hz at DR 2
1731942331s746:#############OPENED CONTINUOUS RX C WINDOW
1731942338s762:MAC rxNotify
1731942338s762:NOTIFY
1731942338s762:MAC rxDone
1731942338s765:RXSLOT
1731942338s765:value of rxport: 201
###### D/L FRAME:0036 | PORT:201 | DR:2 | SLOT:C_MC | RSSI:-2 | SNR:9
1731942338s765:#####################FRAGDECODER PROCESS

.... FRAG_DECODER in Progress ....
EXPECTED   : 052 Fragments (02028 Bytes)
RECEIVED   : 037 Fragments
             01443 Bytes
LOST       : 000 Fragments

1731942338s770:RX_C on freq 869525000 Hz at DR 2
1731942338s771:#############OPENED CONTINUOUS RX C WINDOW
1731942344s779:MAC rxNotify
1731942344s779:NOTIFY
1731942344s779:MAC rxDone
1731942344s782:RXSLOT
1731942344s782:value of rxport: 201
###### D/L FRAME:0037 | PORT:201 | DR:2 | SLOT:C_MC | RSSI:-2 | SNR:9
1731942344s782:#####################FRAGDECODER PROCESS

.... FRAG_DECODER in Progress ....
EXPECTED   : 052 Fragments (02028 Bytes)
RECEIVED   : 038 Fragments
             01482 Bytes
LOST       : 000 Fragments

1731942344s787:RX_C on freq 869525000 Hz at DR 2
1731942344s788:#############OPENED CONTINUOUS RX C WINDOW
1731942350s797:MAC rxNotify
1731942350s797:NOTIFY
1731942350s797:MAC rxDone
1731942350s801:RXSLOT
1731942350s801:value of rxport: 201
###### D/L FRAME:0038 | PORT:201 | DR:2 | SLOT:C_MC | RSSI:-2 | SNR:9
1731942350s801:#####################FRAGDECODER PROCESS

.... FRAG_DECODER in Progress ....
EXPECTED   : 052 Fragments (02028 Bytes)
RECEIVED   : 039 Fragments
             01521 Bytes
LOST       : 000 Fragments

1731942350s806:RX_C on freq 869525000 Hz at DR 2
1731942350s807:#############OPENED CONTINUOUS RX C WINDOW
1731942356s821:MAC rxNotify
1731942356s821:NOTIFY
1731942356s821:MAC rxDone
1731942356s824:RXSLOT
1731942356s824:value of rxport: 201
###### D/L FRAME:0039 | PORT:201 | DR:2 | SLOT:C_MC | RSSI:-2 | SNR:9
1731942356s824:#####################FRAGDECODER PROCESS

.... FRAG_DECODER in Progress ....
EXPECTED   : 052 Fragments (02028 Bytes)
RECEIVED   : 040 Fragments
             01560 Bytes
LOST       : 000 Fragments

1731942356s829:RX_C on freq 869525000 Hz at DR 2
1731942356s830:#############OPENED CONTINUOUS RX C WINDOW
1731942363s845:MAC rxNotify
1731942363s845:NOTIFY
1731942363s845:MAC rxDone
1731942363s848:RXSLOT
1731942363s848:value of rxport: 201
###### D/L FRAME:0040 | PORT:201 | DR:2 | SLOT:C_MC | RSSI:-2 | SNR:9
1731942363s848:#####################FRAGDECODER PROCESS

.... FRAG_DECODER in Progress ....
EXPECTED   : 052 Fragments (02028 Bytes)
RECEIVED   : 041 Fragments
             01599 Bytes
LOST       : 000 Fragments

1731942363s853:RX_C on freq 869525000 Hz at DR 2
1731942363s854:#############OPENED CONTINUOUS RX C WINDOW
1731942369s860:MAC rxNotify
1731942369s860:NOTIFY
1731942369s860:MAC rxDone
1731942369s863:RXSLOT
1731942369s863:value of rxport: 201
###### D/L FRAME:0041 | PORT:201 | DR:2 | SLOT:C_MC | RSSI:-2 | SNR:9
1731942369s863:#####################FRAGDECODER PROCESS

.... FRAG_DECODER in Progress ....
EXPECTED   : 052 Fragments (02028 Bytes)
RECEIVED   : 042 Fragments
             01638 Bytes
LOST       : 000 Fragments

1731942369s868:RX_C on freq 869525000 Hz at DR 2
1731942369s869:#############OPENED CONTINUOUS RX C WINDOW
1731942375s875:MAC rxNotify
1731942375s875:NOTIFY
1731942375s875:MAC rxDone
1731942375s877:RXSLOT
1731942375s877:value of rxport: 201
###### D/L FRAME:0042 | PORT:201 | DR:2 | SLOT:C_MC | RSSI:-2 | SNR:9
1731942375s877:#####################FRAGDECODER PROCESS

.... FRAG_DECODER in Progress ....
EXPECTED   : 052 Fragments (02028 Bytes)
RECEIVED   : 043 Fragments
             01677 Bytes
LOST       : 000 Fragments

1731942375s882:RX_C on freq 869525000 Hz at DR 2
1731942375s883:#############OPENED CONTINUOUS RX C WINDOW
1731942381s902:MAC rxNotify
1731942381s902:NOTIFY
1731942381s903:MAC rxDone
1731942381s906:RXSLOT
1731942381s906:value of rxport: 201
###### D/L FRAME:0043 | PORT:201 | DR:2 | SLOT:C_MC | RSSI:-2 | SNR:9
1731942381s906:#####################FRAGDECODER PROCESS

.... FRAG_DECODER in Progress ....
EXPECTED   : 052 Fragments (02028 Bytes)
RECEIVED   : 044 Fragments
             01716 Bytes
LOST       : 000 Fragments

1731942381s911:RX_C on freq 869525000 Hz at DR 2
1731942381s912:#############OPENED CONTINUOUS RX C WINDOW
1731942388s928:MAC rxNotify
1731942388s929:NOTIFY
1731942388s929:MAC rxDone
1731942388s932:RXSLOT
1731942388s932:value of rxport: 201
###### D/L FRAME:0044 | PORT:201 | DR:2 | SLOT:C_MC | RSSI:-2 | SNR:9
1731942388s932:#####################FRAGDECODER PROCESS

.... FRAG_DECODER in Progress ....
EXPECTED   : 052 Fragments (02028 Bytes)
RECEIVED   : 045 Fragments
             01755 Bytes
LOST       : 000 Fragments

1731942388s937:RX_C on freq 869525000 Hz at DR 2
1731942388s938:#############OPENED CONTINUOUS RX C WINDOW
1731942394s948:MAC rxNotify
1731942394s948:NOTIFY
1731942394s948:MAC rxDone
1731942394s952:RXSLOT
1731942394s952:value of rxport: 201
###### D/L FRAME:0045 | PORT:201 | DR:2 | SLOT:C_MC | RSSI:-2 | SNR:9
1731942394s952:#####################FRAGDECODER PROCESS

.... FRAG_DECODER in Progress ....
EXPECTED   : 052 Fragments (02028 Bytes)
RECEIVED   : 046 Fragments
             01794 Bytes
LOST       : 000 Fragments

1731942394s957:RX_C on freq 869525000 Hz at DR 2
1731942394s958:#############OPENED CONTINUOUS RX C WINDOW
1731942400s970:MAC rxNotify
1731942400s970:NOTIFY
1731942400s970:MAC rxDone
1731942400s973:RXSLOT
1731942400s973:value of rxport: 201
###### D/L FRAME:0046 | PORT:201 | DR:2 | SLOT:C_MC | RSSI:-2 | SNR:9
1731942400s973:#####################FRAGDECODER PROCESS

.... FRAG_DECODER in Progress ....
EXPECTED   : 052 Fragments (02028 Bytes)
RECEIVED   : 047 Fragments
             01833 Bytes
LOST       : 000 Fragments

1731942400s978:RX_C on freq 869525000 Hz at DR 2
1731942400s979:#############OPENED CONTINUOUS RX C WINDOW
1731942406s997:MAC rxNotify
1731942406s997:NOTIFY
1731942406s997:MAC rxDone
1731942407s000:RXSLOT
1731942407s000:value of rxport: 201
###### D/L FRAME:0047 | PORT:201 | DR:2 | SLOT:C_MC | RSSI:-2 | SNR:9
1731942407s000:#####################FRAGDECODER PROCESS

.... FRAG_DECODER in Progress ....
EXPECTED   : 052 Fragments (02028 Bytes)
RECEIVED   : 048 Fragments
             01872 Bytes
LOST       : 000 Fragments

1731942407s004:RX_C on freq 869525000 Hz at DR 2
1731942407s005:#############OPENED CONTINUOUS RX C WINDOW
1731942414s022:MAC rxNotify
1731942414s022:NOTIFY
1731942414s022:MAC rxDone
1731942414s025:RXSLOT
1731942414s025:value of rxport: 201
###### D/L FRAME:0048 | PORT:201 | DR:2 | SLOT:C_MC | RSSI:-2 | SNR:9
1731942414s025:#####################FRAGDECODER PROCESS

.... FRAG_DECODER in Progress ....
EXPECTED   : 052 Fragments (02028 Bytes)
RECEIVED   : 049 Fragments
             01911 Bytes
LOST       : 000 Fragments

1731942414s030:RX_C on freq 869525000 Hz at DR 2
1731942414s031:#############OPENED CONTINUOUS RX C WINDOW
1731942420s046:MAC rxNotify
1731942420s046:NOTIFY
1731942420s046:MAC rxDone
1731942420s049:RXSLOT
1731942420s049:value of rxport: 201
###### D/L FRAME:0049 | PORT:201 | DR:2 | SLOT:C_MC | RSSI:-2 | SNR:9
1731942420s049:#####################FRAGDECODER PROCESS

.... FRAG_DECODER in Progress ....
EXPECTED   : 052 Fragments (02028 Bytes)
RECEIVED   : 050 Fragments
             01950 Bytes
LOST       : 000 Fragments

1731942420s054:RX_C on freq 869525000 Hz at DR 2
1731942420s055:#############OPENED CONTINUOUS RX C WINDOW
1731942426s075:MAC rxNotify
1731942426s075:NOTIFY
1731942426s075:MAC rxDone
1731942426s078:RXSLOT
1731942426s078:value of rxport: 201
###### D/L FRAME:0050 | PORT:201 | DR:2 | SLOT:C_MC | RSSI:-2 | SNR:9
1731942426s078:#####################FRAGDECODER PROCESS

.... FRAG_DECODER in Progress ....
EXPECTED   : 052 Fragments (02028 Bytes)
RECEIVED   : 051 Fragments
             01989 Bytes
LOST       : 000 Fragments

1731942426s083:RX_C on freq 869525000 Hz at DR 2
1731942426s084:#############OPENED CONTINUOUS RX C WINDOW
1731942432s095:MAC rxNotify
1731942432s095:NOTIFY
1731942432s095:MAC rxDone
1731942432s098:RXSLOT
1731942432s098:value of rxport: 201
###### D/L FRAME:0051 | PORT:201 | DR:2 | SLOT:C_MC | RSSI:-2 | SNR:9
1731942432s098:#####################FRAGDECODER PROCESS

.... FRAG_DECODER in Progress ....
EXPECTED   : 052 Fragments (02028 Bytes)
RECEIVED   : 052 Fragments
             02028 Bytes
LOST       : 000 Fragments


.... FRAG_DECODER Finished ....
STATUS     : 0
1731942432s099:ALL FRAGMENTS RECEIVED

= [SBOOT] System Security Check successfully passed. Starting...


======================================================================
=              (C) COPYRIGHT 2017 STMicroelectronics                 =
=                                                                    =
=              Secure Boot and Secure Firmware Update                =
======================================================================


= [SBOOT] SECURE ENGINE INITIALIZATION SUCCESSFUL
= [SBOOT] STATE: CHECK STATUS ON RESET
	  INFO: A Reboot has been triggered by a Software reset!
= [SBOOT] STATE: CHECK NEW FIRMWARE TO DOWNLOAD
= [SBOOT] STATE: CHECK KMS BLOB TO INSTALL
= [SBOOT] STATE: CHECK USER FW STATUS
	  A FW is detected in the slot SLOT_ACTIVE_1
= [SBOOT] STATE: VERIFY USER FW SIGNATURE
= [SBOOT] STATE: EXECUTE USER FIRMWAREAPPLICATION_VERSION: V1.3.0
MW_LORAWAN_VERSION:  V2.5.0
MW_RADIO_VERSION:    V1.3.0
L2_SPEC_VERSION:     V1.0.4
RP_SPEC_VERSION:     V2-1.0.1
NVM DATA RESTORED
###### AppKey:      2B:7E:15:16:28:AE:D2:A6:AB:F7:15:88:09:CF:4F:3C
###### NwkKey:      2B:7E:15:16:28:AE:D2:A6:AB:F7:15:88:09:CF:4F:3C
###### AppSKey:     FE:D3:F7:C1:62:62:1C:4C:11:05:2B:75:7C:90:F7:4D
###### NwkSKey:     CB:F5:AD:C5:C5:11:89:D8:11:19:7C:90:BD:31:0F:DB
###### DevEUI:      00:80:E1:15:05:AB:D0:6C
###### AppEUI:      01:01:01:01:01:01:01:01
###### DevAddr:     05:AB:D0:6C
###### KMS ENABLED