
= [SBOOT] System Security Check successfully passed. Starting...


======================================================================
=              (C) COPYRIGHT 2017 STMicroelectronics                 =
=                                                                    =
=              Secure Boot and Secure Firmware Update                =
======================================================================


= [SBOOT] SECURE ENGINE INITIALIZATION SUCCESSFUL
= [SBOOT] STATE: CHECK STATUS ON RESET
	  INFO: A Reboot has been triggered by a Hardware reset!
= [SBOOT] STATE: CHECK NEW FIRMWARE TO DOWNLOAD
= [SBOOT] STATE: CHECK KMS BLOB TO INSTALL
= [SBOOT] STATE: CHECK USER FW STATUS
	  A FW is detected in the slot SLOT_ACTIVE_1
= [SBOOT] STATE: VERIFY USER FW SIGNATURE
= [SBOOT] STATE: EXECUTE USER FIRMWAREAPPLICATION_VERSION: V1.3.0
MW_LORAWAN_VERSION:  V2.5.0
MW_RADIO_VERSION:    V1.3.0
L2_SPEC_VERSION:     V1.0.4
RP_SPEC_VERSION:     V2-1.0.1
NVM DATA RESTORED
###### AppKey:      2B:7E:15:16:28:AE:D2:A6:AB:F7:15:88:09:CF:4F:3C
###### NwkKey:      2B:7E:15:16:28:AE:D2:A6:AB:F7:15:88:09:CF:4F:3C
###### AppSKey:     2B:7E:15:16:28:AE:D2:A6:AB:F7:15:88:09:CF:4F:3C
###### NwkSKey:     2B:7E:15:16:28:AE:D2:A6:AB:F7:15:88:09:CF:4F:3C
###### DevEUI:      00:80:E1:15:05:AB:D0:6C
###### AppEUI:      01:01:01:01:01:01:01:01
###### DevAddr:     05:AB:D0:6C
###### KMS ENABLED

###### = JOINED = OTAA =====================
[31mNetwork joined, choose app to execute:
BTN1: TxTimer send uplink every 10 sec
BTN2: Airtime test
[0m
###### U/L FRAME:JOIN | DR:5 | PWR:1
###### MCRootKey:   7D:F7:6B:0C:1A:B8:99:B3:3E:42:F0:47:B9:1B:54:6F
###### MCKEKey:     8C:B8:66:5E:0C:0E:0B:64:5B:2E:D9:E4:8A:19:27:7C
###### AppSKey:     E1:47:94:00:6D:54:0E:42:56:90:DD:70:45:79:10:0B
###### NwkSKey:     B9:7E:99:43:5C:7F:6E:99:00:90:0B:83:4E:90:8A:A1
###### DBIntKey:    7A:C4:7C:65:FE:25:9B:B6:54:BD:26:35:19:F8:9C:8E
###### DevEUI:      00:80:E1:15:05:AB:D0:6C
###### AppEUI:      01:01:01:01:01:01:01:01
###### DevAddr:     01:BA:24:B2
[32mStart tx timer regular[0m

###### ========== MCPS-Confirm =============
###### U/L FRAME:0001 | PORT:24 | DR:5 | PWR:1 | MSG TYPE:UNCONFIRMED
1731919915s349:value of rxport: 0
###### D/L FRAME:0000 | PORT:0 | DR:5 | SLOT:1 | RSSI:-12 | SNR:14
1731919944s244:Airtime test started: 0
1731919944s244:MAC Tx start packet size: 21
1731919944s248:TX on freq 868300000 Hz at DR 5
1731919944s248:RADIO SEND WITH size 21
1731919944s250:SEND REQUEST
1731919944s306:NOTIFY
1731919944s306:MAC txDone
1731919945s287:RX_1 on freq 868300000 Hz at DR 5
1731919945s334:IRQ_RX_TX_TIMEOUT
1731919945s334:NOTIFY
1731919945s334:MAC rxTimeOut
1731919946s338:RX_2 on freq 869525000 Hz at DR 0
1731919946s536:IRQ_RX_TX_TIMEOUT
1731919946s536:NOTIFY
1731919946s536:MAC rxTimeOut

###### ========== MCPS-Confirm =============
###### U/L FRAME:0002 | PORT:24 | DR:5 | PWR:1 | MSG TYPE:UNCONFIRMED
1731919974s250:Airtime test started: 0
1731919974s250:MAC Tx start packet size: 18
1731919974s254:TX on freq 868300000 Hz at DR 5
1731919974s254:RADIO SEND WITH size 18
1731919974s256:SEND REQUEST
1731919974s307:NOTIFY
1731919974s307:MAC txDone
1731919975s288:RX_1 on freq 868300000 Hz at DR 5
1731919975s335:IRQ_RX_TX_TIMEOUT
1731919975s335:NOTIFY
1731919975s335:MAC rxTimeOut
1731919976s339:RX_2 on freq 869525000 Hz at DR 0
1731919976s537:IRQ_RX_TX_TIMEOUT
1731919976s537:NOTIFY
1731919976s537:MAC rxTimeOut

###### ========== MCPS-Confirm =============
###### U/L FRAME:0003 | PORT:24 | DR:5 | PWR:1 | MSG TYPE:UNCONFIRMED
1731920004s256:Airtime test started: 0
1731920004s256:MAC Tx start packet size: 18
1731920004s260:TX on freq 867900000 Hz at DR 5
1731920004s260:RADIO SEND WITH size 18
1731920004s262:SEND REQUEST
1731920004s313:NOTIFY
1731920004s313:MAC txDone
1731920005s294:RX_1 on freq 867900000 Hz at DR 5
1731920005s341:IRQ_RX_TX_TIMEOUT
1731920005s341:NOTIFY
1731920005s341:MAC rxTimeOut
1731920006s345:RX_2 on freq 869525000 Hz at DR 0
1731920006s543:IRQ_RX_TX_TIMEOUT
1731920006s543:NOTIFY
1731920006s543:MAC rxTimeOut

###### ========== MCPS-Confirm =============
###### U/L FRAME:0004 | PORT:24 | DR:5 | PWR:1 | MSG TYPE:UNCONFIRMED
1731920034s262:Airtime test started: 0
1731920034s262:MAC Tx start packet size: 18
1731920034s265:TX on freq 867900000 Hz at DR 5
1731920034s265:RADIO SEND WITH size 18
1731920034s267:SEND REQUEST
1731920034s319:NOTIFY
1731920034s319:MAC txDone
1731920035s300:RX_1 on freq 867900000 Hz at DR 5
1731920035s346:IRQ_RX_TX_TIMEOUT
1731920035s346:NOTIFY
1731920035s346:MAC rxTimeOut
1731920036s350:RX_2 on freq 869525000 Hz at DR 0
1731920036s549:IRQ_RX_TX_TIMEOUT
1731920036s549:NOTIFY
1731920036s549:MAC rxTimeOut

###### ========== MCPS-Confirm =============
###### U/L FRAME:0005 | PORT:24 | DR:5 | PWR:1 | MSG TYPE:UNCONFIRMED
1731920064s267:Airtime test started: 0
1731920064s267:MAC Tx start packet size: 18
1731920064s271:TX on freq 867300000 Hz at DR 5
1731920064s271:RADIO SEND WITH size 18
1731920064s273:SEND REQUEST
1731920064s325:NOTIFY
1731920064s325:MAC txDone
1731920065s305:RX_1 on freq 867300000 Hz at DR 5
1731920065s352:IRQ_RX_TX_TIMEOUT
1731920065s352:NOTIFY
1731920065s352:MAC rxTimeOut
1731920066s356:RX_2 on freq 869525000 Hz at DR 0
1731920066s554:IRQ_RX_TX_TIMEOUT
1731920066s554:NOTIFY
1731920066s554:MAC rxTimeOut

###### ========== MCPS-Confirm =============
###### U/L FRAME:0006 | PORT:24 | DR:5 | PWR:1 | MSG TYPE:UNCONFIRMED
1731920094s273:Airtime test started: 0
1731920094s273:MAC Tx start packet size: 18
1731920094s277:TX on freq 867500000 Hz at DR 5
1731920094s277:RADIO SEND WITH size 18
1731920094s279:SEND REQUEST
1731920094s331:NOTIFY
1731920094s331:MAC txDone
1731920095s311:RX_1 on freq 867500000 Hz at DR 5
1731920095s358:IRQ_RX_TX_TIMEOUT
1731920095s358:NOTIFY
1731920095s358:MAC rxTimeOut
1731920096s362:RX_2 on freq 869525000 Hz at DR 0
1731920096s560:IRQ_RX_TX_TIMEOUT
1731920096s560:NOTIFY
1731920096s560:MAC rxTimeOut

###### ========== MCPS-Confirm =============
###### U/L FRAME:0007 | PORT:24 | DR:5 | PWR:1 | MSG TYPE:UNCONFIRMED
1731920124s279:Airtime test started: 0
1731920124s279:MAC Tx start packet size: 18
1731920124s283:TX on freq 868500000 Hz at DR 5
1731920124s283:RADIO SEND WITH size 18
1731920124s285:SEND REQUEST
1731920124s337:NOTIFY
1731920124s337:MAC txDone
1731920125s317:RX_1 on freq 868500000 Hz at DR 5
1731920125s364:IRQ_RX_TX_TIMEOUT
1731920125s364:NOTIFY
1731920125s364:MAC rxTimeOut
1731920126s368:RX_2 on freq 869525000 Hz at DR 0
1731920126s566:IRQ_RX_TX_TIMEOUT
1731920126s566:NOTIFY
1731920126s566:MAC rxTimeOut

###### ========== MCPS-Confirm =============
###### U/L FRAME:0008 | PORT:24 | DR:5 | PWR:1 | MSG TYPE:UNCONFIRMED
1731920154s285:Airtime test started: 0
1731920154s285:MAC Tx start packet size: 18
1731920154s289:TX on freq 867300000 Hz at DR 5
1731920154s289:RADIO SEND WITH size 18
1731920154s291:SEND REQUEST
1731920154s343:NOTIFY
1731920154s343:MAC txDone
1731920155s323:RX_1 on freq 867300000 Hz at DR 5
1731920155s370:IRQ_RX_TX_TIMEOUT
1731920155s370:NOTIFY
1731920155s370:MAC rxTimeOut
1731920156s374:RX_2 on freq 869525000 Hz at DR 0
1731920156s572:IRQ_RX_TX_TIMEOUT
1731920156s572:NOTIFY
1731920156s572:MAC rxTimeOut

###### ========== MCPS-Confirm =============
###### U/L FRAME:0009 | PORT:24 | DR:5 | PWR:1 | MSG TYPE:UNCONFIRMED
1731920184s291:Airtime test started: 0
1731920184s291:MAC Tx start packet size: 18
1731920184s295:TX on freq 868300000 Hz at DR 5
1731920184s295:RADIO SEND WITH size 18
1731920184s297:SEND REQUEST
1731920184s348:NOTIFY
1731920184s348:MAC txDone
1731920185s329:RX_1 on freq 868300000 Hz at DR 5
1731920185s376:IRQ_RX_TX_TIMEOUT
1731920185s376:NOTIFY
1731920185s376:MAC rxTimeOut
1731920186s380:RX_2 on freq 869525000 Hz at DR 0
1731920186s578:IRQ_RX_TX_TIMEOUT
1731920186s578:NOTIFY
1731920186s578:MAC rxTimeOut

###### ========== MCPS-Confirm =============
###### U/L FRAME:0010 | PORT:24 | DR:5 | PWR:1 | MSG TYPE:UNCONFIRMED
1731920214s297:Airtime test started: 0
1731920214s297:MAC Tx start packet size: 18
1731920214s301:TX on freq 868500000 Hz at DR 5
1731920214s301:RADIO SEND WITH size 18
1731920214s303:SEND REQUEST
1731920214s354:NOTIFY
1731920214s354:MAC txDone
1731920215s335:RX_1 on freq 868500000 Hz at DR 5
1731920215s382:IRQ_RX_TX_TIMEOUT
1731920215s382:NOTIFY
1731920215s382:MAC rxTimeOut
1731920216s386:RX_2 on freq 869525000 Hz at DR 0
1731920216s584:IRQ_RX_TX_TIMEOUT
1731920216s584:NOTIFY
1731920216s584:MAC rxTimeOut

###### ========== MCPS-Confirm =============
###### U/L FRAME:0011 | PORT:24 | DR:5 | PWR:1 | MSG TYPE:UNCONFIRMED
1731920244s303:Airtime test started: 0
1731920244s303:MAC Tx start packet size: 18
1731920244s306:TX on freq 867700000 Hz at DR 5
1731920244s306:RADIO SEND WITH size 18
1731920244s308:SEND REQUEST
1731920244s360:NOTIFY
1731920244s360:MAC txDone
1731920245s341:RX_1 on freq 867700000 Hz at DR 5
1731920245s448:MAC rxNotify
1731920245s448:NOTIFY
1731920245s448:MAC rxDone

###### ========== MCPS-Confirm =============
###### U/L FRAME:0012 | PORT:24 | DR:5 | PWR:1 | MSG TYPE:UNCONFIRMED
1731920245s451:value of rxport: 200
1731920245s451:MULTICAST CLASS C SETUP 2
###### D/L FRAME:0001 | PORT:200 | DR:5 | SLOT:1 | RSSI:-13 | SNR:14
1731920245s460:MAC Tx start packet size: 15
1731920245s463:TX on freq 867900000 Hz at DR 5
1731920245s464:RADIO SEND WITH size 15
ID          : 0
McAddr      : 3825E92B
McKey       : 3C-86-98-AC-E6-39-59-99-BA-AD-AE-22-76-35-90-AA
McFCountMin : 0
McFCountMax : 4294967295
SessionTime : 0
SessionTimeT: 1 s
Rx Freq     : 0
Rx DR       : DR_0
1731920245s512:NOTIFY
1731920245s512:MAC txDone
1731920246s493:RX_1 on freq 867900000 Hz at DR 5
1731920246s574:MAC rxNotify
1731920246s574:NOTIFY
1731920246s574:MAC rxDone

###### ========== MCPS-Confirm =============
###### U/L FRAME:0013 | PORT:200 | DR:5 | PWR:1 | MSG TYPE:UNCONFIRMED
1731920246s576:value of rxport: 201
###### D/L FRAME:0002 | PORT:201 | DR:5 | SLOT:1 | RSSI:-13 | SNR:14
1731920246s577:#####################FRAGDECODER INIT
1731920250s460:MAC Tx start packet size: 15
1731920250s464:TX on freq 867300000 Hz at DR 5
1731920250s464:RADIO SEND WITH size 15
1731920250s512:NOTIFY
1731920250s512:MAC txDone
1731920251s493:RX_1 on freq 867300000 Hz at DR 5
1731920251s574:MAC rxNotify
1731920251s574:NOTIFY
1731920251s575:MAC rxDone

###### ========== MCPS-Confirm =============
###### U/L FRAME:0014 | PORT:201 | DR:5 | PWR:1 | MSG TYPE:UNCONFIRMED
1731920251s577:value of rxport: 200
1731920251s578:MULTICAST CLASS C SETUP 4
###### D/L FRAME:0003 | PORT:200 | DR:5 | SLOT:1 | RSSI:-13 | SNR:15
Time2SessionStart: 299000 ms
1731920251s578:MAC Tx start packet size: 18
1731920251s582:TX on freq 867500000 Hz at DR 5
1731920251s583:RADIO SEND WITH size 18
ID          : 0
McAddr      : 3825E92B
McKey       : 3C-86-98-AC-E6-39-59-99-BA-AD-AE-22-76-35-90-AA
McFCountMin : 0
McFCountMax : 4294967295
SessionTime : 1731920550
SessionTimeT: 4096 s
Rx Freq     : 869525000
Rx DR       : DR_5
1731920251s636:NOTIFY
1731920251s636:MAC txDone
1731920252s617:RX_1 on freq 867500000 Hz at DR 5
1731920252s664:IRQ_RX_TX_TIMEOUT
1731920252s664:NOTIFY
1731920252s664:MAC rxTimeOut
1731920253s668:RX_2 on freq 869525000 Hz at DR 0
1731920253s866:IRQ_RX_TX_TIMEOUT
1731920253s866:NOTIFY
1731920253s866:MAC rxTimeOut

###### ========== MCPS-Confirm =============
###### U/L FRAME:0015 | PORT:200 | DR:5 | PWR:1 | MSG TYPE:UNCONFIRMED
1731920550s578:[SWITCHCLASS class C]
1731920550s593:RX_C on freq 869525000 Hz at DR 5
1731920550s595:#############OPENED CONTINUOUS RX C WINDOW
Switch to Class C done
1731920553s007:MAC rxNotify
1731920553s007:NOTIFY
1731920553s007:MAC rxDone
1731920553s014:RXSLOT
1731920553s014:value of rxport: 201
###### D/L FRAME:0000 | PORT:201 | DR:5 | SLOT:C_MC | RSSI:-9 | SNR:14
1731920553s014:#####################FRAGDECODER PROCESS

.... FRAG_DECODER in Progress ....
EXPECTED   : 009 Fragments (02070 Bytes)
RECEIVED   : 001 Fragments
             00230 Bytes
LOST       : 000 Fragments

1731920553s018:RX_C on freq 869525000 Hz at DR 5
1731920553s020:#############OPENED CONTINUOUS RX C WINDOW
1731920557s028:MAC rxNotify
1731920557s028:NOTIFY
1731920557s028:MAC rxDone
1731920557s036:RXSLOT
1731920557s036:value of rxport: 201
###### D/L FRAME:0001 | PORT:201 | DR:5 | SLOT:C_MC | RSSI:-9 | SNR:14
1731920557s036:#####################FRAGDECODER PROCESS

.... FRAG_DECODER in Progress ....
EXPECTED   : 009 Fragments (02070 Bytes)
RECEIVED   : 002 Fragments
             00460 Bytes
LOST       : 000 Fragments

1731920557s040:RX_C on freq 869525000 Hz at DR 5
1731920557s042:#############OPENED CONTINUOUS RX C WINDOW
1731920562s060:MAC rxNotify
1731920562s060:NOTIFY
1731920562s060:MAC rxDone
1731920562s069:RXSLOT
1731920562s069:value of rxport: 201
###### D/L FRAME:0002 | PORT:201 | DR:5 | SLOT:C_MC | RSSI:-9 | SNR:15
1731920562s069:#####################FRAGDECODER PROCESS

.... FRAG_DECODER in Progress ....
EXPECTED   : 009 Fragments (02070 Bytes)
RECEIVED   : 003 Fragments
             00690 Bytes
LOST       : 000 Fragments

1731920562s073:RX_C on freq 869525000 Hz at DR 5
1731920562s075:#############OPENED CONTINUOUS RX C WINDOW
1731920567s081:MAC rxNotify
1731920567s081:NOTIFY
1731920567s081:MAC rxDone
1731920567s089:RXSLOT
1731920567s089:value of rxport: 201
###### D/L FRAME:0003 | PORT:201 | DR:5 | SLOT:C_MC | RSSI:-9 | SNR:14
1731920567s089:#####################FRAGDECODER PROCESS

.... FRAG_DECODER in Progress ....
EXPECTED   : 009 Fragments (02070 Bytes)
RECEIVED   : 004 Fragments
             00920 Bytes
LOST       : 000 Fragments

1731920567s093:RX_C on freq 869525000 Hz at DR 5
1731920567s095:#############OPENED CONTINUOUS RX C WINDOW
1731920571s101:MAC rxNotify
1731920571s101:NOTIFY
1731920571s101:MAC rxDone
1731920571s109:RXSLOT
1731920571s109:value of rxport: 201
###### D/L FRAME:0004 | PORT:201 | DR:5 | SLOT:C_MC | RSSI:-9 | SNR:14
1731920571s109:#####################FRAGDECODER PROCESS

.... FRAG_DECODER in Progress ....
EXPECTED   : 009 Fragments (02070 Bytes)
RECEIVED   : 005 Fragments
             01150 Bytes
LOST       : 000 Fragments

1731920571s113:RX_C on freq 869525000 Hz at DR 5
1731920571s115:#############OPENED CONTINUOUS RX C WINDOW
1731920576s138:MAC rxNotify
1731920576s138:NOTIFY
1731920576s138:MAC rxDone
1731920576s146:RXSLOT
1731920576s146:value of rxport: 201
###### D/L FRAME:0005 | PORT:201 | DR:5 | SLOT:C_MC | RSSI:-9 | SNR:14
1731920576s146:#####################FRAGDECODER PROCESS

.... FRAG_DECODER in Progress ....
EXPECTED   : 009 Fragments (02070 Bytes)
RECEIVED   : 006 Fragments
             01380 Bytes
LOST       : 000 Fragments

1731920576s150:RX_C on freq 869525000 Hz at DR 5
1731920576s152:#############OPENED CONTINUOUS RX C WINDOW
1731920581s153:MAC rxNotify
1731920581s153:NOTIFY
1731920581s153:MAC rxDone
1731920581s162:RXSLOT
1731920581s162:value of rxport: 201
###### D/L FRAME:0006 | PORT:201 | DR:5 | SLOT:C_MC | RSSI:-9 | SNR:14
1731920581s162:#####################FRAGDECODER PROCESS

.... FRAG_DECODER in Progress ....
EXPECTED   : 009 Fragments (02070 Bytes)
RECEIVED   : 007 Fragments
             01610 Bytes
LOST       : 000 Fragments

1731920581s166:RX_C on freq 869525000 Hz at DR 5
1731920581s168:#############OPENED CONTINUOUS RX C WINDOW
1731920585s182:MAC rxNotify
1731920585s182:NOTIFY
1731920585s182:MAC rxDone
1731920585s191:RXSLOT
1731920585s191:value of rxport: 201
###### D/L FRAME:0007 | PORT:201 | DR:5 | SLOT:C_MC | RSSI:-9 | SNR:14
1731920585s191:#####################FRAGDECODER PROCESS

.... FRAG_DECODER in Progress ....
EXPECTED   : 009 Fragments (02070 Bytes)
RECEIVED   : 008 Fragments
             01840 Bytes
LOST       : 000 Fragments

1731920585s195:RX_C on freq 869525000 Hz at DR 5
1731920585s197:#############OPENED CONTINUOUS RX C WINDOW
1731920590s199:MAC rxNotify
1731920590s199:NOTIFY
1731920590s199:MAC rxDone
1731920590s207:RXSLOT
1731920590s207:value of rxport: 201
###### D/L FRAME:0008 | PORT:201 | DR:5 | SLOT:C_MC | RSSI:-9 | SNR:14
1731920590s207:#####################FRAGDECODER PROCESS

.... FRAG_DECODER in Progress ....
EXPECTED   : 009 Fragments (02070 Bytes)
RECEIVED   : 009 Fragments
             02070 Bytes
LOST       : 000 Fragments


.... FRAG_DECODER Finished ....
STATUS     : 0
1731920590s208:ALL FRAGMENTS RECEIVED

= [SBOOT] System Security Check successfully passed. Starting...


======================================================================
=              (C) COPYRIGHT 2017 STMicroelectronics                 =
=                                                                    =
=              Secure Boot and Secure Firmware Update                =
======================================================================


= [SBOOT] SECURE ENGINE INITIALIZATION SUCCESSFUL
= [SBOOT] STATE: CHECK STATUS ON RESET
	  INFO: A Reboot has been triggered by a Software reset!
= [SBOOT] STATE: CHECK NEW FIRMWARE TO DOWNLOAD
= [SBOOT] STATE: CHECK KMS BLOB TO INSTALL
= [SBOOT] STATE: CHECK USER FW STATUS
	  A FW is detected in the slot SLOT_ACTIVE_1
= [SBOOT] STATE: VERIFY USER FW SIGNATURE
= [SBOOT] STATE: EXECUTE USER FIRMWAREAPPLICATION_VERSION: V1.3.0
MW_LORAWAN_VERSION:  V2.5.0
MW_RADIO_VERSION:    V1.3.0
L2_SPEC_VERSION:     V1.0.4
RP_SPEC_VERSION:     V2-1.0.1
NVM DATA RESTORED
###### AppKey:      2B:7E:15:16:28:AE:D2:A6:AB:F7:15:88:09:CF:4F:3C
###### NwkKey:      2B:7E:15:16:28:AE:D2:A6:AB:F7:15:88:09:CF:4F:3C
###### AppSKey:     E1:47:94:00:6D:54:0E:42:56:90:DD:70:45:79:10:0B
###### NwkSKey:     B9:7E:99:43:5C:7F:6E:99:00:90:0B:83:4E:90:8A:A1
###### DevEUI:      00:80:E1:15:05:AB:D0:6C
###### AppEUI:      01:01:01:01:01:01:01:01
###### DevAddr:     05:AB:D0:6C
###### KMS ENABLED

###### = JOIN FAILED
###### U/L FRAME:JOIN | DR:5 | PWR:1
