

###### = JOINED = OTAA =====================
[31mNetwork joined, choose app to execute:
BTN1: TxTimer send uplink every 10 sec
BTN2: Airtime test
[0m
###### U/L FRAME:JOIN | DR:4 | PWR:1
###### MCRootKey:   7D:F7:6B:0C:1A:B8:99:B3:3E:42:F0:47:B9:1B:54:6F
###### MCKEKey:     8C:B8:66:5E:0C:0E:0B:64:5B:2E:D9:E4:8A:19:27:7C
###### AppSKey:     78:34:22:4E:F6:DC:90:CA:71:78:2A:8B:03:A3:23:9B
###### NwkSKey:     42:7B:47:CF:12:34:4D:F6:9C:08:BD:31:03:2B:B7:9E
###### DBIntKey:    7A:C4:7C:65:FE:25:9B:B6:54:BD:26:35:19:F8:9C:8E
###### DevEUI:      00:80:E1:15:05:AB:D0:6C
###### AppEUI:      01:01:01:01:01:01:01:01
###### DevAddr:     01:7C:73:8A

= [SBOOT] System Security Check successfully passed. Starting...


======================================================================
=              (C) COPYRIGHT 2017 STMicroelectronics                 =
=                                                                    =
=              Secure Boot and Secure Firmware Update                =
======================================================================


= [SBOOT] SECURE ENGINE INITIALIZATION SUCCESSFUL
= [SBOOT] STATE: CHECK STATUS ON RESET
	  INFO: A Reboot has been triggered by a Hardware reset!
= [SBOOT] STATE: CHECK NEW FIRMWARE TO DOWNLOAD
= [SBOOT] STATE: CHECK KMS BLOB TO INSTALL
= [SBOOT] STATE: CHECK USER FW STATUS
	  A FW is detected in the slot SLOT_ACTIVE_1
= [SBOOT] STATE: VERIFY USER FW SIGNATURE
= [SBOOT] STATE: EXECUTE USER FIRMWAREAPPLICATION_VERSION: V1.3.0
MW_LORAWAN_VERSION:  V2.5.0
MW_RADIO_VERSION:    V1.3.0
L2_SPEC_VERSION:     V1.0.4
RP_SPEC_VERSION:     V2-1.0.1
NVM DATA RESTORED
###### AppKey:      2B:7E:15:16:28:AE:D2:A6:AB:F7:15:88:09:CF:4F:3C
###### NwkKey:      2B:7E:15:16:28:AE:D2:A6:AB:F7:15:88:09:CF:4F:3C
###### AppSKey:     78:34:22:4E:F6:DC:90:CA:71:78:2A:8B:03:A3:23:9B
###### NwkSKey:     42:7B:47:CF:12:34:4D:F6:9C:08:BD:31:03:2B:B7:9E
###### DevEUI:      00:80:E1:15:05:AB:D0:6C
###### AppEUI:      01:01:01:01:01:01:01:01
###### DevAddr:     05:AB:D0:6C
###### KMS ENABLED

###### = JOINED = OTAA =====================
[31mNetwork joined, choose app to execute:
BTN1: TxTimer send uplink every 10 sec
BTN2: Airtime test
[0m
###### U/L FRAME:JOIN | DR:4 | PWR:1
###### MCRootKey:   7D:F7:6B:0C:1A:B8:99:B3:3E:42:F0:47:B9:1B:54:6F
###### MCKEKey:     8C:B8:66:5E:0C:0E:0B:64:5B:2E:D9:E4:8A:19:27:7C
###### AppSKey:     BD:05:ED:7A:8E:6F:DE:B8:77:64:21:92:E3:C4:9E:6C
###### NwkSKey:     68:80:B4:A2:19:9C:90:35:15:A9:0C:00:65:7C:13:B1
###### DBIntKey:    7A:C4:7C:65:FE:25:9B:B6:54:BD:26:35:19:F8:9C:8E
###### DevEUI:      00:80:E1:15:05:AB:D0:6C
###### AppEUI:      01:01:01:01:01:01:01:01
###### DevAddr:     00:9C:B5:05
[32mStart tx timer regular[0m

###### ========== MCPS-Confirm =============
###### U/L FRAME:0001 | PORT:24 | DR:4 | PWR:1 | MSG TYPE:UNCONFIRMED
1731927375s814:value of rxport: 0
###### D/L FRAME:0000 | PORT:0 | DR:4 | SLOT:1 | RSSI:-5 | SNR:14
1731927404s604:Airtime test started: 0
1731927404s604:MAC Tx start packet size: 21
1731927404s608:TX on freq 868500000 Hz at DR 4
1731927404s608:RADIO SEND WITH size 21
1731927404s610:SEND REQUEST
1731927404s714:NOTIFY
1731927404s714:MAC txDone
1731927405s695:RX_1 on freq 868500000 Hz at DR 4
1731927405s746:IRQ_RX_TX_TIMEOUT
1731927405s746:NOTIFY
1731927405s746:MAC rxTimeOut
1731927406s744:RX_2 on freq 869525000 Hz at DR 0
1731927406s942:IRQ_RX_TX_TIMEOUT
1731927406s942:NOTIFY
1731927406s942:MAC rxTimeOut

###### ========== MCPS-Confirm =============
###### U/L FRAME:0002 | PORT:24 | DR:4 | PWR:1 | MSG TYPE:UNCONFIRMED
1731927434s610:Airtime test started: 0
1731927434s610:MAC Tx start packet size: 18
1731927434s614:TX on freq 867900000 Hz at DR 4
1731927434s614:RADIO SEND WITH size 18
1731927434s616:SEND REQUEST
1731927434s709:NOTIFY
1731927434s709:MAC txDone
1731927435s691:RX_1 on freq 867900000 Hz at DR 4
1731927435s742:IRQ_RX_TX_TIMEOUT
1731927435s742:NOTIFY
1731927435s742:MAC rxTimeOut
1731927436s740:RX_2 on freq 869525000 Hz at DR 0
1731927436s938:IRQ_RX_TX_TIMEOUT
1731927436s938:NOTIFY
1731927436s938:MAC rxTimeOut

###### ========== MCPS-Confirm =============
###### U/L FRAME:0003 | PORT:24 | DR:4 | PWR:1 | MSG TYPE:UNCONFIRMED
1731927464s616:Airtime test started: 0
1731927464s616:MAC Tx start packet size: 18
1731927464s620:TX on freq 867900000 Hz at DR 4
1731927464s620:RADIO SEND WITH size 18
1731927464s622:SEND REQUEST
1731927464s715:NOTIFY
1731927464s715:MAC txDone
1731927465s697:RX_1 on freq 867900000 Hz at DR 4
1731927465s748:IRQ_RX_TX_TIMEOUT
1731927465s748:NOTIFY
1731927465s748:MAC rxTimeOut
1731927466s746:RX_2 on freq 869525000 Hz at DR 0
1731927466s944:IRQ_RX_TX_TIMEOUT
1731927466s944:NOTIFY
1731927466s944:MAC rxTimeOut

###### ========== MCPS-Confirm =============
###### U/L FRAME:0004 | PORT:24 | DR:4 | PWR:1 | MSG TYPE:UNCONFIRMED
1731927494s622:Airtime test started: 0
1731927494s622:MAC Tx start packet size: 18
1731927494s626:TX on freq 867300000 Hz at DR 4
1731927494s626:RADIO SEND WITH size 18
1731927494s628:SEND REQUEST
1731927494s721:NOTIFY
1731927494s721:MAC txDone
1731927495s704:RX_1 on freq 867300000 Hz at DR 4
1731927495s755:IRQ_RX_TX_TIMEOUT
1731927495s755:NOTIFY
1731927495s755:MAC rxTimeOut
1731927496s753:RX_2 on freq 869525000 Hz at DR 0
1731927496s951:IRQ_RX_TX_TIMEOUT
1731927496s951:NOTIFY
1731927496s951:MAC rxTimeOut

###### ========== MCPS-Confirm =============
###### U/L FRAME:0005 | PORT:24 | DR:4 | PWR:1 | MSG TYPE:UNCONFIRMED
1731927524s628:Airtime test started: 0
1731927524s628:MAC Tx start packet size: 18
1731927524s632:TX on freq 867500000 Hz at DR 4
1731927524s632:RADIO SEND WITH size 18
1731927524s634:SEND REQUEST
1731927524s726:NOTIFY
1731927524s726:MAC txDone
1731927525s709:RX_1 on freq 867500000 Hz at DR 4
1731927525s760:IRQ_RX_TX_TIMEOUT
1731927525s760:NOTIFY
1731927525s760:MAC rxTimeOut
1731927526s758:RX_2 on freq 869525000 Hz at DR 0
1731927526s956:IRQ_RX_TX_TIMEOUT
1731927526s956:NOTIFY
1731927526s956:MAC rxTimeOut

###### ========== MCPS-Confirm =============
###### U/L FRAME:0006 | PORT:24 | DR:4 | PWR:1 | MSG TYPE:UNCONFIRMED
1731927554s634:Airtime test started: 0
1731927554s634:MAC Tx start packet size: 18
1731927554s638:TX on freq 868500000 Hz at DR 4
1731927554s638:RADIO SEND WITH size 18
1731927554s639:SEND REQUEST
1731927554s732:NOTIFY
1731927554s732:MAC txDone
1731927555s715:RX_1 on freq 868500000 Hz at DR 4
1731927555s765:IRQ_RX_TX_TIMEOUT
1731927555s765:NOTIFY
1731927555s765:MAC rxTimeOut
1731927556s764:RX_2 on freq 869525000 Hz at DR 0
1731927556s962:IRQ_RX_TX_TIMEOUT
1731927556s962:NOTIFY
1731927556s962:MAC rxTimeOut

###### ========== MCPS-Confirm =============
###### U/L FRAME:0007 | PORT:24 | DR:4 | PWR:1 | MSG TYPE:UNCONFIRMED
1731927584s639:Airtime test started: 0
1731927584s639:MAC Tx start packet size: 18
1731927584s643:TX on freq 867300000 Hz at DR 4
1731927584s643:RADIO SEND WITH size 18
1731927584s645:SEND REQUEST
1731927584s738:NOTIFY
1731927584s738:MAC txDone
1731927585s721:RX_1 on freq 867300000 Hz at DR 4
1731927585s771:IRQ_RX_TX_TIMEOUT
1731927585s771:NOTIFY
1731927585s771:MAC rxTimeOut
1731927586s769:RX_2 on freq 869525000 Hz at DR 0
1731927586s968:IRQ_RX_TX_TIMEOUT
1731927586s968:NOTIFY
1731927586s968:MAC rxTimeOut

###### ========== MCPS-Confirm =============
###### U/L FRAME:0008 | PORT:24 | DR:4 | PWR:1 | MSG TYPE:UNCONFIRMED
1731927614s645:Airtime test started: 0
1731927614s645:MAC Tx start packet size: 18
1731927614s649:TX on freq 868300000 Hz at DR 4
1731927614s649:RADIO SEND WITH size 18
1731927614s651:SEND REQUEST
1731927614s744:NOTIFY
1731927614s744:MAC txDone
1731927615s726:RX_1 on freq 868300000 Hz at DR 4
1731927615s777:IRQ_RX_TX_TIMEOUT
1731927615s777:NOTIFY
1731927615s777:MAC rxTimeOut
1731927616s775:RX_2 on freq 869525000 Hz at DR 0
1731927616s973:IRQ_RX_TX_TIMEOUT
1731927616s973:NOTIFY
1731927616s973:MAC rxTimeOut

###### ========== MCPS-Confirm =============
###### U/L FRAME:0009 | PORT:24 | DR:4 | PWR:1 | MSG TYPE:UNCONFIRMED
1731927644s651:Airtime test started: 0
1731927644s651:MAC Tx start packet size: 18
1731927644s655:TX on freq 868500000 Hz at DR 4
1731927644s655:RADIO SEND WITH size 18
1731927644s657:SEND REQUEST
1731927644s750:NOTIFY
1731927644s750:MAC txDone
1731927645s732:RX_1 on freq 868500000 Hz at DR 4
1731927645s783:IRQ_RX_TX_TIMEOUT
1731927645s783:NOTIFY
1731927645s783:MAC rxTimeOut
1731927646s781:RX_2 on freq 869525000 Hz at DR 0
1731927646s979:IRQ_RX_TX_TIMEOUT
1731927646s979:NOTIFY
1731927646s979:MAC rxTimeOut

###### ========== MCPS-Confirm =============
###### U/L FRAME:0010 | PORT:24 | DR:4 | PWR:1 | MSG TYPE:UNCONFIRMED
1731927674s657:Airtime test started: 0
1731927674s657:MAC Tx start packet size: 18
1731927674s661:TX on freq 867700000 Hz at DR 4
1731927674s661:RADIO SEND WITH size 18
1731927674s663:SEND REQUEST
1731927674s756:NOTIFY
1731927674s756:MAC txDone
1731927675s738:RX_1 on freq 867700000 Hz at DR 4
1731927675s789:IRQ_RX_TX_TIMEOUT
1731927675s789:NOTIFY
1731927675s789:MAC rxTimeOut
1731927676s787:RX_2 on freq 869525000 Hz at DR 0
1731927676s985:IRQ_RX_TX_TIMEOUT
1731927676s985:NOTIFY
1731927676s985:MAC rxTimeOut

###### ========== MCPS-Confirm =============
###### U/L FRAME:0011 | PORT:24 | DR:4 | PWR:1 | MSG TYPE:UNCONFIRMED
1731927704s663:Airtime test started: 0
1731927704s663:MAC Tx start packet size: 18
1731927704s667:TX on freq 868100000 Hz at DR 4
1731927704s667:RADIO SEND WITH size 18
1731927704s669:SEND REQUEST
1731927704s762:NOTIFY
1731927704s762:MAC txDone
1731927705s744:RX_1 on freq 868100000 Hz at DR 4
1731927705s928:MAC rxNotify
1731927705s928:NOTIFY
1731927705s928:MAC rxDone

###### ========== MCPS-Confirm =============
###### U/L FRAME:0012 | PORT:24 | DR:4 | PWR:1 | MSG TYPE:UNCONFIRMED
1731927705s930:value of rxport: 200
1731927705s930:MULTICAST CLASS C SETUP 2
###### D/L FRAME:0001 | PORT:200 | DR:4 | SLOT:1 | RSSI:-4 | SNR:14
1731927705s940:MAC Tx start packet size: 15
1731927705s944:TX on freq 867500000 Hz at DR 4
1731927705s945:RADIO SEND WITH size 15
ID          : 0
McAddr      : 596C5353
McKey       : 1E-0E-BA-A7-AF-53-B3-65-CF-AF-D5-1A-E9-0A-48-32
McFCountMin : 0
McFCountMax : 4294967295
SessionTime : 0
SessionTimeT: 1 s
Rx Freq     : 0
Rx DR       : DR_0
1731927706s039:NOTIFY
1731927706s039:MAC txDone
1731927707s021:RX_1 on freq 867500000 Hz at DR 4
1731927707s154:MAC rxNotify
1731927707s154:NOTIFY
1731927707s154:MAC rxDone

###### ========== MCPS-Confirm =============
###### U/L FRAME:0013 | PORT:200 | DR:4 | PWR:1 | MSG TYPE:UNCONFIRMED
1731927707s156:value of rxport: 201
###### D/L FRAME:0002 | PORT:201 | DR:4 | SLOT:1 | RSSI:-5 | SNR:14
1731927707s157:#####################FRAGDECODER INIT
1731927711s039:MAC Tx start packet size: 15
1731927711s043:TX on freq 867700000 Hz at DR 4
1731927711s043:RADIO SEND WITH size 15
1731927711s138:NOTIFY
1731927711s138:MAC txDone
1731927712s121:RX_1 on freq 867700000 Hz at DR 4
1731927712s252:MAC rxNotify
1731927712s252:NOTIFY
1731927712s252:MAC rxDone

###### ========== MCPS-Confirm =============
###### U/L FRAME:0014 | PORT:201 | DR:4 | PWR:1 | MSG TYPE:UNCONFIRMED
1731927712s255:value of rxport: 200
1731927712s256:MULTICAST CLASS C SETUP 4
###### D/L FRAME:0003 | PORT:200 | DR:4 | SLOT:1 | RSSI:-5 | SNR:14
Time2SessionStart: 280000 ms
1731927712s256:MAC Tx start packet size: 18
1731927712s260:TX on freq 868500000 Hz at DR 4
1731927712s261:RADIO SEND WITH size 18
ID          : 0
McAddr      : 596C5353
McKey       : 1E-0E-BA-A7-AF-53-B3-65-CF-AF-D5-1A-E9-0A-48-32
McFCountMin : 0
McFCountMax : 4294967295
SessionTime : 1731927992
SessionTimeT: 4096 s
Rx Freq     : 869525000
Rx DR       : DR_4
1731927712s354:NOTIFY
1731927712s354:MAC txDone
1731927713s337:RX_1 on freq 868500000 Hz at DR 4
1731927713s388:IRQ_RX_TX_TIMEOUT
1731927713s388:NOTIFY
1731927713s388:MAC rxTimeOut
1731927714s386:RX_2 on freq 869525000 Hz at DR 0
1731927714s584:IRQ_RX_TX_TIMEOUT
1731927714s584:NOTIFY
1731927714s584:MAC rxTimeOut

###### ========== MCPS-Confirm =============
###### U/L FRAME:0015 | PORT:200 | DR:4 | PWR:1 | MSG TYPE:UNCONFIRMED
1731927992s256:[SWITCHCLASS class C]
1731927992s270:RX_C on freq 869525000 Hz at DR 4
1731927992s272:#############OPENED CONTINUOUS RX C WINDOW
Switch to Class C done
1731928013s722:MAC rxNotify
1731928013s722:NOTIFY
1731928013s722:MAC rxDone
1731928013s729:RXSLOT
1731928013s730:value of rxport: 201
###### D/L FRAME:0000 | PORT:201 | DR:4 | SLOT:C_MC | RSSI:-2 | SNR:13
1731928013s730:#####################FRAGDECODER PROCESS

.... FRAG_DECODER in Progress ....
EXPECTED   : 010 Fragments (02190 Bytes)
RECEIVED   : 001 Fragments
             00219 Bytes
LOST       : 000 Fragments

1731928013s734:RX_C on freq 869525000 Hz at DR 4
1731928013s735:#############OPENED CONTINUOUS RX C WINDOW
1731928020s749:MAC rxNotify
1731928020s749:NOTIFY
1731928020s749:MAC rxDone
1731928020s756:RXSLOT
1731928020s757:value of rxport: 201
###### D/L FRAME:0001 | PORT:201 | DR:4 | SLOT:C_MC | RSSI:-2 | SNR:13
1731928020s757:#####################FRAGDECODER PROCESS

.... FRAG_DECODER in Progress ....
EXPECTED   : 010 Fragments (02190 Bytes)
RECEIVED   : 002 Fragments
             00438 Bytes
LOST       : 000 Fragments

1731928020s761:RX_C on freq 869525000 Hz at DR 4
1731928020s762:#############OPENED CONTINUOUS RX C WINDOW
1731928028s775:MAC rxNotify
1731928028s775:NOTIFY
1731928028s775:MAC rxDone
1731928028s782:RXSLOT
1731928028s783:value of rxport: 201
###### D/L FRAME:0002 | PORT:201 | DR:4 | SLOT:C_MC | RSSI:-2 | SNR:13
1731928028s783:#####################FRAGDECODER PROCESS

.... FRAG_DECODER in Progress ....
EXPECTED   : 010 Fragments (02190 Bytes)
RECEIVED   : 003 Fragments
             00657 Bytes
LOST       : 000 Fragments

1731928028s787:RX_C on freq 869525000 Hz at DR 4
1731928028s788:#############OPENED CONTINUOUS RX C WINDOW
1731928035s797:MAC rxNotify
1731928035s797:NOTIFY
1731928035s797:MAC rxDone
1731928035s804:RXSLOT
1731928035s805:value of rxport: 201
###### D/L FRAME:0003 | PORT:201 | DR:4 | SLOT:C_MC | RSSI:-2 | SNR:13
1731928035s805:#####################FRAGDECODER PROCESS

.... FRAG_DECODER in Progress ....
EXPECTED   : 010 Fragments (02190 Bytes)
RECEIVED   : 004 Fragments
             00876 Bytes
LOST       : 000 Fragments

1731928035s808:RX_C on freq 869525000 Hz at DR 4
1731928035s809:#############OPENED CONTINUOUS RX C WINDOW
1731928043s830:MAC rxNotify
1731928043s830:NOTIFY
1731928043s830:MAC rxDone
1731928043s837:RXSLOT
1731928043s838:value of rxport: 201
###### D/L FRAME:0004 | PORT:201 | DR:4 | SLOT:C_MC | RSSI:-2 | SNR:13
1731928043s838:#####################FRAGDECODER PROCESS

.... FRAG_DECODER in Progress ....
EXPECTED   : 010 Fragments (02190 Bytes)
RECEIVED   : 005 Fragments
             01095 Bytes
LOST       : 000 Fragments

1731928043s842:RX_C on freq 869525000 Hz at DR 4
1731928043s843:#############OPENED CONTINUOUS RX C WINDOW
1731928050s850:MAC rxNotify
1731928050s850:NOTIFY
1731928050s850:MAC rxDone
1731928050s857:RXSLOT
1731928050s858:value of rxport: 201
###### D/L FRAME:0005 | PORT:201 | DR:4 | SLOT:C_MC | RSSI:-2 | SNR:13
1731928050s858:#####################FRAGDECODER PROCESS

.... FRAG_DECODER in Progress ....
EXPECTED   : 010 Fragments (02190 Bytes)
RECEIVED   : 006 Fragments
             01314 Bytes
LOST       : 000 Fragments

1731928050s862:RX_C on freq 869525000 Hz at DR 4
1731928050s863:#############OPENED CONTINUOUS RX C WINDOW
1731928058s881:MAC rxNotify
1731928058s881:NOTIFY
1731928058s881:MAC rxDone
1731928058s888:RXSLOT
1731928058s889:value of rxport: 201
###### D/L FRAME:0006 | PORT:201 | DR:4 | SLOT:C_MC | RSSI:-2 | SNR:13
1731928058s889:#####################FRAGDECODER PROCESS

.... FRAG_DECODER in Progress ....
EXPECTED   : 010 Fragments (02190 Bytes)
RECEIVED   : 007 Fragments
             01533 Bytes
LOST       : 000 Fragments

1731928058s892:RX_C on freq 869525000 Hz at DR 4
1731928058s893:#############OPENED CONTINUOUS RX C WINDOW
1731928065s912:MAC rxNotify
1731928065s912:NOTIFY
1731928065s912:MAC rxDone
1731928065s919:RXSLOT
1731928065s920:value of rxport: 201
###### D/L FRAME:0007 | PORT:201 | DR:4 | SLOT:C_MC | RSSI:-2 | SNR:13
1731928065s920:#####################FRAGDECODER PROCESS

.... FRAG_DECODER in Progress ....
EXPECTED   : 010 Fragments (02190 Bytes)
RECEIVED   : 008 Fragments
             01752 Bytes
LOST       : 000 Fragments

1731928065s924:RX_C on freq 869525000 Hz at DR 4
1731928065s925:#############OPENED CONTINUOUS RX C WINDOW
1731928072s937:MAC rxNotify
1731928072s937:NOTIFY
1731928072s937:MAC rxDone
1731928072s944:RXSLOT
1731928072s945:value of rxport: 201
###### D/L FRAME:0008 | PORT:201 | DR:4 | SLOT:C_MC | RSSI:-2 | SNR:13
1731928072s945:#####################FRAGDECODER PROCESS

.... FRAG_DECODER in Progress ....
EXPECTED   : 010 Fragments (02190 Bytes)
RECEIVED   : 009 Fragments
             01971 Bytes
LOST       : 000 Fragments

1731928072s949:RX_C on freq 869525000 Hz at DR 4
1731928072s950:#############OPENED CONTINUOUS RX C WINDOW
1731928080s959:MAC rxNotify
1731928080s959:NOTIFY
1731928080s959:MAC rxDone
1731928080s966:RXSLOT
1731928080s967:value of rxport: 201
###### D/L FRAME:0009 | PORT:201 | DR:4 | SLOT:C_MC | RSSI:-2 | SNR:13
1731928080s967:#####################FRAGDECODER PROCESS

.... FRAG_DECODER in Progress ....
EXPECTED   : 010 Fragments (02190 Bytes)
RECEIVED   : 010 Fragments
             02190 Bytes
LOST       : 000 Fragments


.... FRAG_DECODER Finished ....
STATUS     : 0
1731928080s967:ALL FRAGMENTS RECEIVED

= [SBOOT] System Security Check successfully passed. Starting...


======================================================================
=              (C) COPYRIGHT 2017 STMicroelectronics                 =
=                                                                    =
=              Secure Boot and Secure Firmware Update                =
======================================================================


= [SBOOT] SECURE ENGINE INITIALIZATION SUCCESSFUL
= [SBOOT] STATE: CHECK STATUS ON RESET
	  INFO: A Reboot has been triggered by a Software reset!
= [SBOOT] STATE: CHECK NEW FIRMWARE TO DOWNLOAD
= [SBOOT] STATE: CHECK KMS BLOB TO INSTALL
= [SBOOT] STATE: CHECK USER FW STATUS
	  A FW is detected in the slot SLOT_ACTIVE_1
= [SBOOT] STATE: VERIFY USER FW SIGNATURE
= [SBOOT] STATE: EXECUTE USER FIRMWAREAPPLICATION_VERSION: V1.3.0
MW_LORAWAN_VERSION:  V2.5.0
MW_RADIO_VERSION:    V1.3.0
L2_SPEC_VERSION:     V1.0.4
RP_SPEC_VERSION:     V2-1.0.1
NVM DATA RESTORED
###### AppKey:      2B:7E:15:16:28:AE:D2:A6:AB:F7:15:88:09:CF:4F:3C
###### NwkKey:      2B:7E:15:16:28:AE:D2:A6:AB:F7:15:88:09:CF:4F:3C
###### AppSKey:     BD:05:ED:7A:8E:6F:DE:B8:77:64:21:92:E3:C4:9E:6C
###### NwkSKey:     68:80:B4:A2:19:9C:90:35:15:A9:0C:00:65:7C:13:B1
###### DevEUI:      00:80:E1:15:05:AB:D0:6C
###### AppEUI:      01:01:01:01:01:01:01:01
###### DevAddr:     05:AB:D0:6C
###### KMS ENABLED