
= [SBOOT] System Security Check successfully passed. Starting...


======================================================================
=              (C) COPYRIGHT 2017 STMicroelectronics                 =
=                                                                    =
=              Secure Boot and Secure Firmware Update                =
======================================================================


= [SBOOT] SECURE ENGINE INITIALIZATION SUCCESSFUL
= [SBOOT] STATE: CHECK STATUS ON RESET
	  INFO: A Reboot has been triggered by a Hardware reset!
= [SBOOT] STATE: CHECK NEW FIRMWARE TO DOWNLOAD
= [SBOOT] STATE: CHECK KMS BLOB TO INSTALL
= [SBOOT] STATE: CHECK USER FW STATUS
	  A FW is detected in the slot SLOT_ACTIVE_1
= [SBOOT] STATE: VERIFY USER FW SIGNATURE
= [SBOOT] STATE: EXECUTE USER FIRMWAREAPPLICATION_VERSION: V1.3.0
MW_LORAWAN_VERSION:  V2.5.0
MW_RADIO_VERSION:    V1.3.0
L2_SPEC_VERSION:     V1.0.4
RP_SPEC_VERSION:     V2-1.0.1
NVM DATA RESTORED
###### AppKey:      2B:7E:15:16:28:AE:D2:A6:AB:F7:15:88:09:CF:4F:3C
###### NwkKey:      2B:7E:15:16:28:AE:D2:A6:AB:F7:15:88:09:CF:4F:3C
###### AppSKey:     AC:2F:E0:7F:C8:83:45:63:67:A0:26:66:D9:B1:41:3C
###### NwkSKey:     6D:9C:C2:00:99:24:0C:94:72:FE:38:3F:FD:3D:4A:3A
###### DevEUI:      00:80:E1:15:05:AB:D0:6C
###### AppEUI:      01:01:01:01:01:01:01:01
###### DevAddr:     05:AB:D0:6C
###### KMS ENABLED

###### = JOINED = OTAA =====================
[31mNetwork joined, choose app to execute:
BTN1: TxTimer send uplink every 10 sec
BTN2: Airtime test
[0m
###### U/L FRAME:JOIN | DR:4 | PWR:1
###### MCRootKey:   7D:F7:6B:0C:1A:B8:99:B3:3E:42:F0:47:B9:1B:54:6F
###### MCKEKey:     8C:B8:66:5E:0C:0E:0B:64:5B:2E:D9:E4:8A:19:27:7C
###### AppSKey:     C1:9D:B2:0C:3A:E6:69:73:CF:85:C8:FA:D6:24:89:C9
###### NwkSKey:     CA:CC:39:57:1D:E3:36:B9:18:43:96:98:BC:5D:42:08
###### DBIntKey:    7A:C4:7C:65:FE:25:9B:B6:54:BD:26:35:19:F8:9C:8E
###### DevEUI:      00:80:E1:15:05:AB:D0:6C
###### AppEUI:      01:01:01:01:01:01:01:01
###### DevAddr:     00:50:A0:CD
[32mStart tx timer regular[0m

###### ========== MCPS-Confirm =============
###### U/L FRAME:0001 | PORT:24 | DR:4 | PWR:1 | MSG TYPE:UNCONFIRMED
1731933057s849:value of rxport: 0
###### D/L FRAME:0000 | PORT:0 | DR:4 | SLOT:1 | RSSI:-11 | SNR:13
1731933086s639:Airtime test started: 0
1731933086s639:MAC Tx start packet size: 21
1731933086s643:TX on freq 867500000 Hz at DR 4
1731933086s643:RADIO SEND WITH size 21
1731933086s645:SEND REQUEST
1731933086s749:NOTIFY
1731933086s749:MAC txDone
1731933087s731:RX_1 on freq 867500000 Hz at DR 4
1731933087s782:IRQ_RX_TX_TIMEOUT
1731933087s782:NOTIFY
1731933087s782:MAC rxTimeOut
1731933088s780:RX_2 on freq 869525000 Hz at DR 0
1731933088s978:IRQ_RX_TX_TIMEOUT
1731933088s978:NOTIFY
1731933088s978:MAC rxTimeOut

###### ========== MCPS-Confirm =============
###### U/L FRAME:0002 | PORT:24 | DR:4 | PWR:1 | MSG TYPE:UNCONFIRMED
1731933116s645:Airtime test started: 0
1731933116s645:MAC Tx start packet size: 18
1731933116s649:TX on freq 867100000 Hz at DR 4
1731933116s649:RADIO SEND WITH size 18
1731933116s651:SEND REQUEST
1731933116s744:NOTIFY
1731933116s744:MAC txDone
1731933117s726:RX_1 on freq 867100000 Hz at DR 4
1731933117s777:IRQ_RX_TX_TIMEOUT
1731933117s777:NOTIFY
1731933117s777:MAC rxTimeOut
1731933118s775:RX_2 on freq 869525000 Hz at DR 0
1731933118s973:IRQ_RX_TX_TIMEOUT
1731933118s973:NOTIFY
1731933118s973:MAC rxTimeOut

###### ========== MCPS-Confirm =============
###### U/L FRAME:0003 | PORT:24 | DR:4 | PWR:1 | MSG TYPE:UNCONFIRMED
1731933146s651:Airtime test started: 0
1731933146s651:MAC Tx start packet size: 18
1731933146s655:TX on freq 867300000 Hz at DR 4
1731933146s655:RADIO SEND WITH size 18
1731933146s657:SEND REQUEST
1731933146s750:NOTIFY
1731933146s750:MAC txDone
1731933147s732:RX_1 on freq 867300000 Hz at DR 4
1731933147s783:IRQ_RX_TX_TIMEOUT
1731933147s783:NOTIFY
1731933147s783:MAC rxTimeOut
1731933148s781:RX_2 on freq 869525000 Hz at DR 0
1731933148s979:IRQ_RX_TX_TIMEOUT
1731933148s979:NOTIFY
1731933148s979:MAC rxTimeOut

###### ========== MCPS-Confirm =============
###### U/L FRAME:0004 | PORT:24 | DR:4 | PWR:1 | MSG TYPE:UNCONFIRMED
1731933176s657:Airtime test started: 0
1731933176s657:MAC Tx start packet size: 18
1731933176s661:TX on freq 868100000 Hz at DR 4
1731933176s661:RADIO SEND WITH size 18
1731933176s663:SEND REQUEST
1731933176s755:NOTIFY
1731933176s755:MAC txDone
1731933177s738:RX_1 on freq 868100000 Hz at DR 4
1731933177s789:IRQ_RX_TX_TIMEOUT
1731933177s789:NOTIFY
1731933177s789:MAC rxTimeOut
1731933178s787:RX_2 on freq 869525000 Hz at DR 0
1731933178s985:IRQ_RX_TX_TIMEOUT
1731933178s985:NOTIFY
1731933178s985:MAC rxTimeOut

###### ========== MCPS-Confirm =============
###### U/L FRAME:0005 | PORT:24 | DR:4 | PWR:1 | MSG TYPE:UNCONFIRMED
1731933206s663:Airtime test started: 0
1731933206s663:MAC Tx start packet size: 18
1731933206s667:TX on freq 868500000 Hz at DR 4
1731933206s667:RADIO SEND WITH size 18
1731933206s668:SEND REQUEST
1731933206s761:NOTIFY
1731933206s761:MAC txDone
1731933207s744:RX_1 on freq 868500000 Hz at DR 4
1731933207s794:IRQ_RX_TX_TIMEOUT
1731933207s794:NOTIFY
1731933207s794:MAC rxTimeOut
1731933208s793:RX_2 on freq 869525000 Hz at DR 0
1731933208s991:IRQ_RX_TX_TIMEOUT
1731933208s991:NOTIFY
1731933208s991:MAC rxTimeOut

###### ========== MCPS-Confirm =============
###### U/L FRAME:0006 | PORT:24 | DR:4 | PWR:1 | MSG TYPE:UNCONFIRMED
1731933236s668:Airtime test started: 0
1731933236s668:MAC Tx start packet size: 18
1731933236s672:TX on freq 867700000 Hz at DR 4
1731933236s672:RADIO SEND WITH size 18
1731933236s674:SEND REQUEST
1731933236s767:NOTIFY
1731933236s767:MAC txDone
1731933237s750:RX_1 on freq 867700000 Hz at DR 4
1731933237s800:IRQ_RX_TX_TIMEOUT
1731933237s800:NOTIFY
1731933237s800:MAC rxTimeOut
1731933238s798:RX_2 on freq 869525000 Hz at DR 0
1731933238s997:IRQ_RX_TX_TIMEOUT
1731933238s997:NOTIFY
1731933238s997:MAC rxTimeOut

###### ========== MCPS-Confirm =============
###### U/L FRAME:0007 | PORT:24 | DR:4 | PWR:1 | MSG TYPE:UNCONFIRMED
1731933266s674:Airtime test started: 0
1731933266s674:MAC Tx start packet size: 18
1731933266s678:TX on freq 867900000 Hz at DR 4
1731933266s678:RADIO SEND WITH size 18
1731933266s680:SEND REQUEST
1731933266s773:NOTIFY
1731933266s773:MAC txDone
1731933267s755:RX_1 on freq 867900000 Hz at DR 4
1731933267s806:IRQ_RX_TX_TIMEOUT
1731933267s806:NOTIFY
1731933267s806:MAC rxTimeOut
1731933268s804:RX_2 on freq 869525000 Hz at DR 0
1731933269s002:IRQ_RX_TX_TIMEOUT
1731933269s002:NOTIFY
1731933269s002:MAC rxTimeOut

###### ========== MCPS-Confirm =============
###### U/L FRAME:0008 | PORT:24 | DR:4 | PWR:1 | MSG TYPE:UNCONFIRMED
1731933296s680:Airtime test started: 0
1731933296s680:MAC Tx start packet size: 18
1731933296s684:TX on freq 867300000 Hz at DR 4
1731933296s684:RADIO SEND WITH size 18
1731933296s686:SEND REQUEST
1731933296s779:NOTIFY
1731933296s779:MAC txDone
1731933297s761:RX_1 on freq 867300000 Hz at DR 4
1731933297s812:IRQ_RX_TX_TIMEOUT
1731933297s812:NOTIFY
1731933297s812:MAC rxTimeOut
1731933298s810:RX_2 on freq 869525000 Hz at DR 0
1731933299s008:IRQ_RX_TX_TIMEOUT
1731933299s008:NOTIFY
1731933299s008:MAC rxTimeOut

###### ========== MCPS-Confirm =============
###### U/L FRAME:0009 | PORT:24 | DR:4 | PWR:1 | MSG TYPE:UNCONFIRMED
1731933326s686:Airtime test started: 0
1731933326s686:MAC Tx start packet size: 18
1731933326s690:TX on freq 867700000 Hz at DR 4
1731933326s690:RADIO SEND WITH size 18
1731933326s692:SEND REQUEST
1731933326s785:NOTIFY
1731933326s785:MAC txDone
1731933327s767:RX_1 on freq 867700000 Hz at DR 4
1731933327s818:IRQ_RX_TX_TIMEOUT
1731933327s818:NOTIFY
1731933327s818:MAC rxTimeOut
1731933328s816:RX_2 on freq 869525000 Hz at DR 0
1731933329s014:IRQ_RX_TX_TIMEOUT
1731933329s014:NOTIFY
1731933329s014:MAC rxTimeOut

###### ========== MCPS-Confirm =============
###### U/L FRAME:0010 | PORT:24 | DR:4 | PWR:1 | MSG TYPE:UNCONFIRMED
1731933356s692:Airtime test started: 0
1731933356s692:MAC Tx start packet size: 18
1731933356s696:TX on freq 867100000 Hz at DR 4
1731933356s696:RADIO SEND WITH size 18
1731933356s698:SEND REQUEST
1731933356s791:NOTIFY
1731933356s791:MAC txDone
1731933357s773:RX_1 on freq 867100000 Hz at DR 4
1731933357s824:IRQ_RX_TX_TIMEOUT
1731933357s824:NOTIFY
1731933357s824:MAC rxTimeOut
1731933358s822:RX_2 on freq 869525000 Hz at DR 0
1731933359s020:IRQ_RX_TX_TIMEOUT
1731933359s020:NOTIFY
1731933359s020:MAC rxTimeOut

###### ========== MCPS-Confirm =============
###### U/L FRAME:0011 | PORT:24 | DR:4 | PWR:1 | MSG TYPE:UNCONFIRMED
1731933386s698:Airtime test started: 0
1731933386s698:MAC Tx start packet size: 18
1731933386s702:TX on freq 867100000 Hz at DR 4
1731933386s702:RADIO SEND WITH size 18
1731933386s704:SEND REQUEST
1731933386s796:NOTIFY
1731933386s796:MAC txDone
1731933387s779:RX_1 on freq 867100000 Hz at DR 4
1731933387s962:MAC rxNotify
1731933387s962:NOTIFY
1731933387s962:MAC rxDone

###### ========== MCPS-Confirm =============
###### U/L FRAME:0012 | PORT:24 | DR:4 | PWR:1 | MSG TYPE:UNCONFIRMED
1731933387s965:value of rxport: 200
1731933387s965:MULTICAST CLASS C SETUP 2
###### D/L FRAME:0001 | PORT:200 | DR:4 | SLOT:1 | RSSI:-12 | SNR:13
1731933387s975:MAC Tx start packet size: 15
1731933387s979:TX on freq 868100000 Hz at DR 4
1731933387s980:RADIO SEND WITH size 15
ID          : 0
McAddr      : 38E6485A
McKey       : 2B-33-B1-34-5B-CD-4F-21-2B-07-14-85-E5-38-53-92
McFCountMin : 0
McFCountMax : 4294967295
SessionTime : 0
SessionTimeT: 1 s
Rx Freq     : 0
Rx DR       : DR_0
1731933388s074:NOTIFY
1731933388s074:MAC txDone
1731933389s056:RX_1 on freq 868100000 Hz at DR 4
1731933389s189:MAC rxNotify
1731933389s189:NOTIFY
1731933389s189:MAC rxDone

###### ========== MCPS-Confirm =============
###### U/L FRAME:0013 | PORT:200 | DR:4 | PWR:1 | MSG TYPE:UNCONFIRMED
1731933389s191:value of rxport: 201
###### D/L FRAME:0002 | PORT:201 | DR:4 | SLOT:1 | RSSI:-11 | SNR:13
1731933389s192:#####################FRAGDECODER INIT
1731933393s075:MAC Tx start packet size: 15
1731933393s079:TX on freq 868300000 Hz at DR 4
1731933393s079:RADIO SEND WITH size 15
1731933393s173:NOTIFY
1731933393s173:MAC txDone
1731933394s156:RX_1 on freq 868300000 Hz at DR 4
1731933394s288:MAC rxNotify
1731933394s288:NOTIFY
1731933394s288:MAC rxDone

###### ========== MCPS-Confirm =============
###### U/L FRAME:0014 | PORT:201 | DR:4 | PWR:1 | MSG TYPE:UNCONFIRMED
1731933394s291:value of rxport: 200
1731933394s292:MULTICAST CLASS C SETUP 4
###### D/L FRAME:0003 | PORT:200 | DR:4 | SLOT:1 | RSSI:-12 | SNR:13
Time2SessionStart: 289000 ms
1731933394s292:MAC Tx start packet size: 18
1731933394s295:TX on freq 867700000 Hz at DR 4
1731933394s296:RADIO SEND WITH size 18
ID          : 0
McAddr      : 38E6485A
McKey       : 2B-33-B1-34-5B-CD-4F-21-2B-07-14-85-E5-38-53-92
McFCountMin : 0
McFCountMax : 4294967295
SessionTime : 1731933683
SessionTimeT: 4096 s
Rx Freq     : 869525000
Rx DR       : DR_4
1731933394s390:NOTIFY
1731933394s390:MAC txDone
1731933395s373:RX_1 on freq 867700000 Hz at DR 4
1731933395s423:IRQ_RX_TX_TIMEOUT
1731933395s423:NOTIFY
1731933395s423:MAC rxTimeOut
1731933396s421:RX_2 on freq 869525000 Hz at DR 0
1731933396s620:IRQ_RX_TX_TIMEOUT
1731933396s620:NOTIFY
1731933396s620:MAC rxTimeOut

###### ========== MCPS-Confirm =============
###### U/L FRAME:0015 | PORT:200 | DR:4 | PWR:1 | MSG TYPE:UNCONFIRMED
1731933683s292:[SWITCHCLASS class C]
1731933683s306:RX_C on freq 869525000 Hz at DR 4
1731933683s308:#############OPENED CONTINUOUS RX C WINDOW
Switch to Class C done
1731933695s579:MAC rxNotify
1731933695s579:NOTIFY
1731933695s579:MAC rxDone
1731933695s585:RXSLOT
1731933695s586:value of rxport: 201
###### D/L FRAME:0000 | PORT:201 | DR:4 | SLOT:C_MC | RSSI:-9 | SNR:13
1731933695s586:#####################FRAGDECODER PROCESS

.... FRAG_DECODER in Progress ....
EXPECTED   : 010 Fragments (02190 Bytes)
RECEIVED   : 001 Fragments
             00219 Bytes
LOST       : 000 Fragments

1731933695s590:RX_C on freq 869525000 Hz at DR 4
1731933695s591:#############OPENED CONTINUOUS RX C WINDOW
1731933703s607:MAC rxNotify
1731933703s607:NOTIFY
1731933703s607:MAC rxDone
1731933703s615:RXSLOT
1731933703s616:value of rxport: 201
###### D/L FRAME:0001 | PORT:201 | DR:4 | SLOT:C_MC | RSSI:-9 | SNR:13
1731933703s616:#####################FRAGDECODER PROCESS

.... FRAG_DECODER in Progress ....
EXPECTED   : 010 Fragments (02190 Bytes)
RECEIVED   : 002 Fragments
             00438 Bytes
LOST       : 000 Fragments

1731933703s620:RX_C on freq 869525000 Hz at DR 4
1731933703s621:#############OPENED CONTINUOUS RX C WINDOW
1731933710s642:MAC rxNotify
1731933710s642:NOTIFY
1731933710s643:MAC rxDone
1731933710s650:RXSLOT
1731933710s651:value of rxport: 201
###### D/L FRAME:0002 | PORT:201 | DR:4 | SLOT:C_MC | RSSI:-9 | SNR:13
1731933710s651:#####################FRAGDECODER PROCESS

.... FRAG_DECODER in Progress ....
EXPECTED   : 010 Fragments (02190 Bytes)
RECEIVED   : 003 Fragments
             00657 Bytes
LOST       : 000 Fragments

1731933710s655:RX_C on freq 869525000 Hz at DR 4
1731933710s656:#############OPENED CONTINUOUS RX C WINDOW
1731933717s669:MAC rxNotify
1731933717s669:NOTIFY
1731933717s669:MAC rxDone
1731933717s676:RXSLOT
1731933717s677:value of rxport: 201
###### D/L FRAME:0003 | PORT:201 | DR:4 | SLOT:C_MC | RSSI:-11 | SNR:13
1731933717s677:#####################FRAGDECODER PROCESS

.... FRAG_DECODER in Progress ....
EXPECTED   : 010 Fragments (02190 Bytes)
RECEIVED   : 004 Fragments
             00876 Bytes
LOST       : 000 Fragments

1731933717s681:RX_C on freq 869525000 Hz at DR 4
1731933717s682:#############OPENED CONTINUOUS RX C WINDOW
1731933725s700:MAC rxNotify
1731933725s700:NOTIFY
1731933725s701:MAC rxDone
1731933725s708:RXSLOT
1731933725s709:value of rxport: 201
###### D/L FRAME:0004 | PORT:201 | DR:4 | SLOT:C_MC | RSSI:-11 | SNR:14
1731933725s709:#####################FRAGDECODER PROCESS

.... FRAG_DECODER in Progress ....
EXPECTED   : 010 Fragments (02190 Bytes)
RECEIVED   : 005 Fragments
             01095 Bytes
LOST       : 000 Fragments

1731933725s712:RX_C on freq 869525000 Hz at DR 4
1731933725s713:#############OPENED CONTINUOUS RX C WINDOW
1731933732s722:MAC rxNotify
1731933732s722:NOTIFY
1731933732s722:MAC rxDone
1731933732s729:RXSLOT
1731933732s730:value of rxport: 201
###### D/L FRAME:0005 | PORT:201 | DR:4 | SLOT:C_MC | RSSI:-10 | SNR:16
1731933732s730:#####################FRAGDECODER PROCESS

.... FRAG_DECODER in Progress ....
EXPECTED   : 010 Fragments (02190 Bytes)
RECEIVED   : 006 Fragments
             01314 Bytes
LOST       : 000 Fragments

1731933732s734:RX_C on freq 869525000 Hz at DR 4
1731933732s735:#############OPENED CONTINUOUS RX C WINDOW
1731933740s752:MAC rxNotify
1731933740s752:NOTIFY
1731933740s752:MAC rxDone
1731933740s758:RXSLOT
1731933740s759:value of rxport: 201
###### D/L FRAME:0006 | PORT:201 | DR:4 | SLOT:C_MC | RSSI:-11 | SNR:15
1731933740s759:#####################FRAGDECODER PROCESS

.... FRAG_DECODER in Progress ....
EXPECTED   : 010 Fragments (02190 Bytes)
RECEIVED   : 007 Fragments
             01533 Bytes
LOST       : 000 Fragments

1731933740s763:RX_C on freq 869525000 Hz at DR 4
1731933740s764:#############OPENED CONTINUOUS RX C WINDOW
1731933747s785:MAC rxNotify
1731933747s785:NOTIFY
1731933747s786:MAC rxDone
1731933747s793:RXSLOT
1731933747s793:value of rxport: 201
###### D/L FRAME:0007 | PORT:201 | DR:4 | SLOT:C_MC | RSSI:-10 | SNR:15
1731933747s793:#####################FRAGDECODER PROCESS

.... FRAG_DECODER in Progress ....
EXPECTED   : 010 Fragments (02190 Bytes)
RECEIVED   : 008 Fragments
             01752 Bytes
LOST       : 000 Fragments

1731933747s797:RX_C on freq 869525000 Hz at DR 4
1731933747s798:#############OPENED CONTINUOUS RX C WINDOW
1731933755s814:MAC rxNotify
1731933755s814:NOTIFY
1731933755s814:MAC rxDone
1731933755s821:RXSLOT
1731933755s822:value of rxport: 201
###### D/L FRAME:0008 | PORT:201 | DR:4 | SLOT:C_MC | RSSI:-10 | SNR:14
1731933755s822:#####################FRAGDECODER PROCESS

.... FRAG_DECODER in Progress ....
EXPECTED   : 010 Fragments (02190 Bytes)
RECEIVED   : 009 Fragments
             01971 Bytes
LOST       : 000 Fragments

1731933755s826:RX_C on freq 869525000 Hz at DR 4
1731933755s827:#############OPENED CONTINUOUS RX C WINDOW
1731933762s832:MAC rxNotify
1731933762s832:NOTIFY
1731933762s832:MAC rxDone
1731933762s838:RXSLOT
1731933762s839:value of rxport: 201
###### D/L FRAME:0009 | PORT:201 | DR:4 | SLOT:C_MC | RSSI:-10 | SNR:15
1731933762s839:#####################FRAGDECODER PROCESS

.... FRAG_DECODER in Progress ....
EXPECTED   : 010 Fragments (02190 Bytes)
RECEIVED   : 010 Fragments
             02190 Bytes
LOST       : 000 Fragments


.... FRAG_DECODER Finished ....
STATUS     : 0
1731933762s839:ALL FRAGMENTS RECEIVED

= [SBOOT] System Security Check successfully passed. Starting...


======================================================================
=              (C) COPYRIGHT 2017 STMicroelectronics                 =
=                                                                    =
=              Secure Boot and Secure Firmware Update                =
======================================================================


= [SBOOT] SECURE ENGINE INITIALIZATION SUCCESSFUL
= [SBOOT] STATE: CHECK STATUS ON RESET
	  INFO: A Reboot has been triggered by a Software reset!
= [SBOOT] STATE: CHECK NEW FIRMWARE TO DOWNLOAD
= [SBOOT] STATE: CHECK KMS BLOB TO INSTALL
= [SBOOT] STATE: CHECK USER FW STATUS
	  A FW is detected in the slot SLOT_ACTIVE_1
= [SBOOT] STATE: VERIFY USER FW SIGNATURE
= [SBOOT] STATE: EXECUTE USER FIRMWAREAPPLICATION_VERSION: V1.3.0
MW_LORAWAN_VERSION:  V2.5.0
MW_RADIO_VERSION:    V1.3.0
L2_SPEC_VERSION:     V1.0.4
RP_SPEC_VERSION:     V2-1.0.1
NVM DATA RESTORED
###### AppKey:      2B:7E:15:16:28:AE:D2:A6:AB:F7:15:88:09:CF:4F:3C
###### NwkKey:      2B:7E:15:16:28:AE:D2:A6:AB:F7:15:88:09:CF:4F:3C
###### AppSKey:     C1:9D:B2:0C:3A:E6:69:73:CF:85:C8:FA:D6:24:89:C9
###### NwkSKey:     CA:CC:39:57:1D:E3:36:B9:18:43:96:98:BC:5D:42:08
###### DevEUI:      00:80:E1:15:05:AB:D0:6C
###### AppEUI:      01:01:01:01:01:01:01:01
###### DevAddr:     05:AB:D0:6C
###### KMS ENABLED