Security Check successfully passed. Starting...


======================================================================
=              (C) COPYRIGHT 2017 STMicroelectronics                 =
=                                                                    =
=              Secure Boot and Secure Firmware Update                =
======================================================================


= [SBOOT] SECURE ENGINE INITIALIZATION SUCCESSFUL
= [SBOOT] STATE: CHECK STATUS ON RESET
	  INFO: A Reboot has been triggered by a Hardware reset!
= [SBOOT] STATE: CHECK NEW FIRMWARE TO DOWNLOAD
= [SBOOT] STATE: CHECK KMS BLOB TO INSTALL
= [SBOOT] STATE: CHECK USER FW STATUS
	  A FW is detected in the slot SLOT_ACTIVE_1
= [SBOOT] STATE: VERIFY USER FW SIGNATURE
= [SBOOT] STATE: EXECUTE USER FIRMWAREAPPLICATION_VERSION: V1.3.0
MW_LORAWAN_VERSION:  V2.5.0
MW_RADIO_VERSION:    V1.3.0
L2_SPEC_VERSION:     V1.0.4
RP_SPEC_VERSION:     V2-1.0.1
NVM DATA RESTORED
###### AppKey:      2B:7E:15:16:28:AE:D2:A6:AB:F7:15:88:09:CF:4F:3C
###### NwkKey:      2B:7E:15:16:28:AE:D2:A6:AB:F7:15:88:09:CF:4F:3C
###### AppSKey:     57:B3:91:2A:B1:C4:C8:CB:CE:38:53:E0:2E:07:53:00
###### NwkSKey:     66:9C:43:71:76:67:95:B1:DE:2F:A7:EE:11:F4:21:80
###### DevEUI:      00:80:E1:15:05:AB:D0:6C
###### AppEUI:      01:01:01:01:01:01:01:01
###### DevAddr:     05:AB:D0:6C
###### KMS ENABLED

###### = JOINED = OTAA =====================
[31mNetwork joined, choose app to execute:
BTN1: TxTimer send uplink every 10 sec
BTN2: Airtime test
[0m
###### U/L FRAME:JOIN | DR:2 | PWR:1
###### MCRootKey:   7D:F7:6B:0C:1A:B8:99:B3:3E:42:F0:47:B9:1B:54:6F
###### MCKEKey:     8C:B8:66:5E:0C:0E:0B:64:5B:2E:D9:E4:8A:19:27:7C
###### AppSKey:     7D:DF:C6:9D:7C:40:63:61:FD:14:52:2C:10:92:C2:A3
###### NwkSKey:     BF:5C:C9:44:97:A0:B8:0B:07:CE:7E:0A:68:88:04:20
###### DBIntKey:    7A:C4:7C:65:FE:25:9B:B6:54:BD:26:35:19:F8:9C:8E
###### DevEUI:      00:80:E1:15:05:AB:D0:6C
###### AppEUI:      01:01:01:01:01:01:01:01
###### DevAddr:     01:30:35:FA
[32mStart tx timer regular[0m

###### ========== MCPS-Confirm =============
###### U/L FRAME:0001 | PORT:24 | DR:2 | PWR:1 | MSG TYPE:UNCONFIRMED
1731947726s283:value of rxport: 0
###### D/L FRAME:0000 | PORT:0 | DR:2 | SLOT:1 | RSSI:-14 | SNR:8
1731947754s614:Airtime test started: 0
1731947754s614:MAC Tx start packet size: 21
1731947754s618:TX on freq 868300000 Hz at DR 2
1731947754s619:RADIO SEND WITH size 21
1731947754s620:SEND REQUEST
1731947754s991:NOTIFY
1731947754s991:MAC txDone
1731947755s986:RX_1 on freq 868300000 Hz at DR 2
1731947756s053:IRQ_RX_TX_TIMEOUT
1731947756s053:NOTIFY
1731947756s053:MAC rxTimeOut
1731947757s023:RX_2 on freq 869525000 Hz at DR 0
1731947757s221:IRQ_RX_TX_TIMEOUT
1731947757s221:NOTIFY
1731947757s221:MAC rxTimeOut

###### ========== MCPS-Confirm =============
###### U/L FRAME:0002 | PORT:24 | DR:2 | PWR:1 | MSG TYPE:UNCONFIRMED
1731947784s620:Airtime test started: 0
1731947784s620:MAC Tx start packet size: 18
1731947784s624:TX on freq 867700000 Hz at DR 2
1731947784s624:RADIO SEND WITH size 18
1731947784s626:SEND REQUEST
1731947784s956:NOTIFY
1731947784s956:MAC txDone
1731947785s950:RX_1 on freq 867700000 Hz at DR 2
1731947786s018:IRQ_RX_TX_TIMEOUT
1731947786s018:NOTIFY
1731947786s018:MAC rxTimeOut
1731947786s988:RX_2 on freq 869525000 Hz at DR 0
1731947787s186:IRQ_RX_TX_TIMEOUT
1731947787s186:NOTIFY
1731947787s186:MAC rxTimeOut

###### ========== MCPS-Confirm =============
###### U/L FRAME:0003 | PORT:24 | DR:2 | PWR:1 | MSG TYPE:UNCONFIRMED
1731947814s626:Airtime test started: 0
1731947814s626:MAC Tx start packet size: 18
1731947814s630:TX on freq 867900000 Hz at DR 2
1731947814s630:RADIO SEND WITH size 18
1731947814s632:SEND REQUEST
1731947814s962:NOTIFY
1731947814s962:MAC txDone
1731947815s956:RX_1 on freq 867900000 Hz at DR 2
1731947816s024:IRQ_RX_TX_TIMEOUT
1731947816s024:NOTIFY
1731947816s024:MAC rxTimeOut
1731947816s993:RX_2 on freq 869525000 Hz at DR 0
1731947817s192:IRQ_RX_TX_TIMEOUT
1731947817s192:NOTIFY
1731947817s192:MAC rxTimeOut

###### ========== MCPS-Confirm =============
###### U/L FRAME:0004 | PORT:24 | DR:2 | PWR:1 | MSG TYPE:UNCONFIRMED
1731947844s632:Airtime test started: 0
1731947844s632:MAC Tx start packet size: 18
1731947844s636:TX on freq 867500000 Hz at DR 2
1731947844s636:RADIO SEND WITH size 18
1731947844s638:SEND REQUEST
1731947844s968:NOTIFY
1731947844s968:MAC txDone
1731947845s962:RX_1 on freq 867500000 Hz at DR 2
1731947846s030:IRQ_RX_TX_TIMEOUT
1731947846s030:NOTIFY
1731947846s030:MAC rxTimeOut
1731947846s999:RX_2 on freq 869525000 Hz at DR 0
1731947847s197:IRQ_RX_TX_TIMEOUT
1731947847s197:NOTIFY
1731947847s197:MAC rxTimeOut

###### ========== MCPS-Confirm =============
###### U/L FRAME:0005 | PORT:24 | DR:2 | PWR:1 | MSG TYPE:UNCONFIRMED
1731947874s638:Airtime test started: 0
1731947874s638:MAC Tx start packet size: 18
1731947874s642:TX on freq 867700000 Hz at DR 2
1731947874s642:RADIO SEND WITH size 18
1731947874s644:SEND REQUEST
1731947874s974:NOTIFY
1731947874s974:MAC txDone
1731947875s968:RX_1 on freq 867700000 Hz at DR 2
1731947876s035:IRQ_RX_TX_TIMEOUT
1731947876s035:NOTIFY
1731947876s035:MAC rxTimeOut
1731947877s005:RX_2 on freq 869525000 Hz at DR 0
1731947877s203:IRQ_RX_TX_TIMEOUT
1731947877s203:NOTIFY
1731947877s203:MAC rxTimeOut

###### ========== MCPS-Confirm =============
###### U/L FRAME:0006 | PORT:24 | DR:2 | PWR:1 | MSG TYPE:UNCONFIRMED
1731947904s644:Airtime test started: 0
1731947904s644:MAC Tx start packet size: 18
1731947904s648:TX on freq 868500000 Hz at DR 2
1731947904s648:RADIO SEND WITH size 18
1731947904s650:SEND REQUEST
1731947904s980:NOTIFY
1731947904s980:MAC txDone
1731947905s974:RX_1 on freq 868500000 Hz at DR 2
1731947906s041:IRQ_RX_TX_TIMEOUT
1731947906s041:NOTIFY
1731947906s041:MAC rxTimeOut
1731947907s011:RX_2 on freq 869525000 Hz at DR 0
1731947907s209:IRQ_RX_TX_TIMEOUT
1731947907s209:NOTIFY
1731947907s209:MAC rxTimeOut

###### ========== MCPS-Confirm =============
###### U/L FRAME:0007 | PORT:24 | DR:2 | PWR:1 | MSG TYPE:UNCONFIRMED
1731947934s650:Airtime test started: 0
1731947934s650:MAC Tx start packet size: 18
1731947934s654:TX on freq 867300000 Hz at DR 2
1731947934s654:RADIO SEND WITH size 18
1731947934s655:SEND REQUEST
1731947934s986:NOTIFY
1731947934s986:MAC txDone
1731947935s980:RX_1 on freq 867300000 Hz at DR 2
1731947936s047:IRQ_RX_TX_TIMEOUT
1731947936s047:NOTIFY
1731947936s047:MAC rxTimeOut
1731947937s017:RX_2 on freq 869525000 Hz at DR 0
1731947937s215:IRQ_RX_TX_TIMEOUT
1731947937s215:NOTIFY
1731947937s215:MAC rxTimeOut

###### ========== MCPS-Confirm =============
###### U/L FRAME:0008 | PORT:24 | DR:2 | PWR:1 | MSG TYPE:UNCONFIRMED
1731947964s655:Airtime test started: 0
1731947964s655:MAC Tx start packet size: 18
1731947964s659:TX on freq 868300000 Hz at DR 2
1731947964s659:RADIO SEND WITH size 18
1731947964s661:SEND REQUEST
1731947964s991:NOTIFY
1731947964s991:MAC txDone
1731947965s986:RX_1 on freq 868300000 Hz at DR 2
1731947966s053:IRQ_RX_TX_TIMEOUT
1731947966s053:NOTIFY
1731947966s053:MAC rxTimeOut
1731947967s023:RX_2 on freq 869525000 Hz at DR 0
1731947967s221:IRQ_RX_TX_TIMEOUT
1731947967s221:NOTIFY
1731947967s221:MAC rxTimeOut

###### ========== MCPS-Confirm =============
###### U/L FRAME:0009 | PORT:24 | DR:2 | PWR:1 | MSG TYPE:UNCONFIRMED
1731947994s661:Airtime test started: 0
1731947994s661:MAC Tx start packet size: 18
1731947994s665:TX on freq 868500000 Hz at DR 2
1731947994s665:RADIO SEND WITH size 18
1731947994s667:SEND REQUEST
1731947994s997:NOTIFY
1731947994s997:MAC txDone
1731947995s991:RX_1 on freq 868500000 Hz at DR 2
1731947996s059:IRQ_RX_TX_TIMEOUT
1731947996s059:NOTIFY
1731947996s059:MAC rxTimeOut
1731947997s029:RX_2 on freq 869525000 Hz at DR 0
1731947997s227:IRQ_RX_TX_TIMEOUT
1731947997s227:NOTIFY
1731947997s227:MAC rxTimeOut

###### ========== MCPS-Confirm =============
###### U/L FRAME:0010 | PORT:24 | DR:2 | PWR:1 | MSG TYPE:UNCONFIRMED
1731948024s667:Airtime test started: 0
1731948024s667:MAC Tx start packet size: 18
1731948024s671:TX on freq 867900000 Hz at DR 2
1731948024s671:RADIO SEND WITH size 18
1731948024s673:SEND REQUEST
1731948025s003:NOTIFY
1731948025s003:MAC txDone
1731948025s997:RX_1 on freq 867900000 Hz at DR 2
1731948026s065:IRQ_RX_TX_TIMEOUT
1731948026s065:NOTIFY
1731948026s065:MAC rxTimeOut
1731948027s034:RX_2 on freq 869525000 Hz at DR 0
1731948027s233:IRQ_RX_TX_TIMEOUT
1731948027s233:NOTIFY
1731948027s233:MAC rxTimeOut

###### ========== MCPS-Confirm =============
###### U/L FRAME:0011 | PORT:24 | DR:2 | PWR:1 | MSG TYPE:UNCONFIRMED
1731948054s673:Airtime test started: 0
1731948054s673:MAC Tx start packet size: 18
1731948054s677:TX on freq 867900000 Hz at DR 2
1731948054s677:RADIO SEND WITH size 18
1731948054s679:SEND REQUEST
1731948055s009:NOTIFY
1731948055s009:MAC txDone
1731948056s003:RX_1 on freq 867900000 Hz at DR 2
1731948056s550:MAC rxNotify
1731948056s550:NOTIFY
1731948056s550:MAC rxDone

###### ========== MCPS-Confirm =============
###### U/L FRAME:0012 | PORT:24 | DR:2 | PWR:1 | MSG TYPE:UNCONFIRMED
1731948056s553:value of rxport: 200
1731948056s553:MULTICAST CLASS C SETUP 2
###### D/L FRAME:0001 | PORT:200 | DR:2 | SLOT:1 | RSSI:-15 | SNR:8
1731948056s638:MAC Tx start packet size: 15
1731948056s642:TX on freq 867300000 Hz at DR 2
1731948056s643:RADIO SEND WITH size 15
ID          : 0
McAddr      : E9F3816A
McKey       : F5-42-E1-C2-BC-37-C6-B5-6F-6B-B5-52-E5-AA-8E-3A
McFCountMin : 0
McFCountMax : 4294967295
SessionTime : 0
SessionTimeT: 1 s
Rx Freq     : 0
Rx DR       : DR_0
1731948056s974:NOTIFY
1731948056s974:MAC txDone
1731948057s968:RX_1 on freq 867300000 Hz at DR 2
1731948058s352:MAC rxNotify
1731948058s352:NOTIFY
1731948058s352:MAC rxDone

###### ========== MCPS-Confirm =============
###### U/L FRAME:0013 | PORT:200 | DR:2 | PWR:1 | MSG TYPE:UNCONFIRMED
1731948058s354:value of rxport: 201
###### D/L FRAME:0002 | PORT:201 | DR:2 | SLOT:1 | RSSI:-15 | SNR:8
1731948058s355:#####################FRAGDECODER INIT
1731948062s237:MAC Tx start packet size: 15
1731948062s240:TX on freq 867700000 Hz at DR 2
1731948062s240:RADIO SEND WITH size 15
1731948062s572:NOTIFY
1731948062s572:MAC txDone
1731948063s567:RX_1 on freq 867700000 Hz at DR 2
1731948063s949:MAC rxNotify
1731948063s949:NOTIFY
1731948063s949:MAC rxDone

###### ========== MCPS-Confirm =============
###### U/L FRAME:0014 | PORT:201 | DR:2 | PWR:1 | MSG TYPE:UNCONFIRMED
1731948063s951:value of rxport: 200
1731948063s952:MULTICAST CLASS C SETUP 4
###### D/L FRAME:0003 | PORT:200 | DR:2 | SLOT:1 | RSSI:-15 | SNR:8
Time2SessionStart: 299000 ms
1731948063s952:MAC Tx start packet size: 18
1731948063s956:TX on freq 867100000 Hz at DR 2
1731948063s957:RADIO SEND WITH size 18
ID          : 0
McAddr      : E9F3816A
McKey       : F5-42-E1-C2-BC-37-C6-B5-6F-6B-B5-52-E5-AA-8E-3A
McFCountMin : 0
McFCountMax : 4294967295
SessionTime : 1731948362
SessionTimeT: 4096 s
Rx Freq     : 869525000
Rx DR       : DR_2
1731948064s288:NOTIFY
1731948064s288:MAC txDone
1731948065s282:RX_1 on freq 867100000 Hz at DR 2
1731948065s350:IRQ_RX_TX_TIMEOUT
1731948065s350:NOTIFY
1731948065s350:MAC rxTimeOut
1731948066s320:RX_2 on freq 869525000 Hz at DR 0
1731948066s518:IRQ_RX_TX_TIMEOUT
1731948066s518:NOTIFY
1731948066s518:MAC rxTimeOut

###### ========== MCPS-Confirm =============
###### U/L FRAME:0015 | PORT:200 | DR:2 | PWR:1 | MSG TYPE:UNCONFIRMED
1731948362s952:[SWITCHCLASS class C]
1731948362s967:RX_C on freq 869525000 Hz at DR 2
1731948362s969:#############OPENED CONTINUOUS RX C WINDOW
Switch to Class C done
1731948364s988:MAC rxNotify
1731948364s988:NOTIFY
1731948364s988:MAC rxDone
1731948364s991:RXSLOT
1731948364s991:value of rxport: 201
###### D/L FRAME:0000 | PORT:201 | DR:2 | SLOT:C_MC | RSSI:-9 | SNR:9
1731948364s991:#####################FRAGDECODER PROCESS

.... FRAG_DECODER in Progress ....
EXPECTED   : 052 Fragments (02028 Bytes)
RECEIVED   : 001 Fragments
             00039 Bytes
LOST       : 000 Fragments

1731948364s996:RX_C on freq 869525000 Hz at DR 2
1731948364s997:#############OPENED CONTINUOUS RX C WINDOW
1731948371s019:MAC rxNotify
1731948371s019:NOTIFY
1731948371s019:MAC rxDone
1731948371s022:RXSLOT
1731948371s022:value of rxport: 201
###### D/L FRAME:0001 | PORT:201 | DR:2 | SLOT:C_MC | RSSI:-9 | SNR:9
1731948371s022:#####################FRAGDECODER PROCESS

.... FRAG_DECODER in Progress ....
EXPECTED   : 052 Fragments (02028 Bytes)
RECEIVED   : 002 Fragments
             00078 Bytes
LOST       : 000 Fragments

1731948371s027:RX_C on freq 869525000 Hz at DR 2
1731948371s028:#############OPENED CONTINUOUS RX C WINDOW
1731948378s043:MAC rxNotify
1731948378s043:NOTIFY
1731948378s043:MAC rxDone
1731948378s046:RXSLOT
1731948378s046:value of rxport: 201
###### D/L FRAME:0002 | PORT:201 | DR:2 | SLOT:C_MC | RSSI:-8 | SNR:9
1731948378s046:#####################FRAGDECODER PROCESS

.... FRAG_DECODER in Progress ....
EXPECTED   : 052 Fragments (02028 Bytes)
RECEIVED   : 003 Fragments
             00117 Bytes
LOST       : 000 Fragments

1731948378s051:RX_C on freq 869525000 Hz at DR 2
1731948378s052:#############OPENED CONTINUOUS RX C WINDOW
1731948384s062:MAC rxNotify
1731948384s062:NOTIFY
1731948384s062:MAC rxDone
1731948384s065:RXSLOT
1731948384s065:value of rxport: 201
###### D/L FRAME:0003 | PORT:201 | DR:2 | SLOT:C_MC | RSSI:-8 | SNR:9
1731948384s065:#####################FRAGDECODER PROCESS

.... FRAG_DECODER in Progress ....
EXPECTED   : 052 Fragments (02028 Bytes)
RECEIVED   : 004 Fragments
             00156 Bytes
LOST       : 000 Fragments

1731948384s070:RX_C on freq 869525000 Hz at DR 2
1731948384s071:#############OPENED CONTINUOUS RX C WINDOW
1731948390s086:MAC rxNotify
1731948390s086:NOTIFY
1731948390s086:MAC rxDone
1731948390s089:RXSLOT
1731948390s089:value of rxport: 201
###### D/L FRAME:0004 | PORT:201 | DR:2 | SLOT:C_MC | RSSI:-8 | SNR:9
1731948390s089:#####################FRAGDECODER PROCESS

.... FRAG_DECODER in Progress ....
EXPECTED   : 052 Fragments (02028 Bytes)
RECEIVED   : 005 Fragments
             00195 Bytes
LOST       : 000 Fragments

1731948390s094:RX_C on freq 869525000 Hz at DR 2
1731948390s095:#############OPENED CONTINUOUS RX C WINDOW
1731948396s113:MAC rxNotify
1731948396s113:NOTIFY
1731948396s113:MAC rxDone
1731948396s116:RXSLOT
1731948396s116:value of rxport: 201
###### D/L FRAME:0005 | PORT:201 | DR:2 | SLOT:C_MC | RSSI:-8 | SNR:9
1731948396s116:#####################FRAGDECODER PROCESS

.... FRAG_DECODER in Progress ....
EXPECTED   : 052 Fragments (02028 Bytes)
RECEIVED   : 006 Fragments
             00234 Bytes
LOST       : 000 Fragments

1731948396s121:RX_C on freq 869525000 Hz at DR 2
1731948396s122:#############OPENED CONTINUOUS RX C WINDOW
1731948403s142:MAC rxNotify
1731948403s142:NOTIFY
1731948403s142:MAC rxDone
1731948403s145:RXSLOT
1731948403s145:value of rxport: 201
###### D/L FRAME:0006 | PORT:201 | DR:2 | SLOT:C_MC | RSSI:-8 | SNR:9
1731948403s145:#####################FRAGDECODER PROCESS

.... FRAG_DECODER in Progress ....
EXPECTED   : 052 Fragments (02028 Bytes)
RECEIVED   : 007 Fragments
             00273 Bytes
LOST       : 000 Fragments

1731948403s150:RX_C on freq 869525000 Hz at DR 2
1731948403s151:#############OPENED CONTINUOUS RX C WINDOW
1731948409s164:MAC rxNotify
1731948409s164:NOTIFY
1731948409s164:MAC rxDone
1731948409s168:RXSLOT
1731948409s168:value of rxport: 201
###### D/L FRAME:0007 | PORT:201 | DR:2 | SLOT:C_MC | RSSI:-8 | SNR:9
1731948409s168:#####################FRAGDECODER PROCESS

.... FRAG_DECODER in Progress ....
EXPECTED   : 052 Fragments (02028 Bytes)
RECEIVED   : 008 Fragments
             00312 Bytes
LOST       : 000 Fragments

1731948409s173:RX_C on freq 869525000 Hz at DR 2
1731948409s174:#############OPENED CONTINUOUS RX C WINDOW
1731948415s191:MAC rxNotify
1731948415s191:NOTIFY
1731948415s191:MAC rxDone
1731948415s194:RXSLOT
1731948415s194:value of rxport: 201
###### D/L FRAME:0008 | PORT:201 | DR:2 | SLOT:C_MC | RSSI:-9 | SNR:9
1731948415s194:#####################FRAGDECODER PROCESS

.... FRAG_DECODER in Progress ....
EXPECTED   : 052 Fragments (02028 Bytes)
RECEIVED   : 009 Fragments
             00351 Bytes
LOST       : 000 Fragments

1731948415s198:RX_C on freq 869525000 Hz at DR 2
1731948415s199:#############OPENED CONTINUOUS RX C WINDOW
1731948421s217:MAC rxNotify
1731948421s217:NOTIFY
1731948421s217:MAC rxDone
1731948421s220:RXSLOT
1731948421s220:value of rxport: 201
###### D/L FRAME:0009 | PORT:201 | DR:2 | SLOT:C_MC | RSSI:-9 | SNR:8
1731948421s220:#####################FRAGDECODER PROCESS

.... FRAG_DECODER in Progress ....
EXPECTED   : 052 Fragments (02028 Bytes)
RECEIVED   : 010 Fragments
             00390 Bytes
LOST       : 000 Fragments

1731948421s225:RX_C on freq 869525000 Hz at DR 2
1731948421s226:#############OPENED CONTINUOUS RX C WINDOW
1731948428s241:MAC rxNotify
1731948428s241:NOTIFY
1731948428s241:MAC rxDone
1731948428s245:RXSLOT
1731948428s245:value of rxport: 201
###### D/L FRAME:0010 | PORT:201 | DR:2 | SLOT:C_MC | RSSI:-9 | SNR:8
1731948428s245:#####################FRAGDECODER PROCESS

.... FRAG_DECODER in Progress ....
EXPECTED   : 052 Fragments (02028 Bytes)
RECEIVED   : 011 Fragments
             00429 Bytes
LOST       : 000 Fragments

1731948428s250:RX_C on freq 869525000 Hz at DR 2
1731948428s251:#############OPENED CONTINUOUS RX C WINDOW
1731948434s268:MAC rxNotify
1731948434s268:NOTIFY
1731948434s268:MAC rxDone
1731948434s271:RXSLOT
1731948434s271:value of rxport: 201
###### D/L FRAME:0011 | PORT:201 | DR:2 | SLOT:C_MC | RSSI:-9 | SNR:8
1731948434s271:#####################FRAGDECODER PROCESS

.... FRAG_DECODER in Progress ....
EXPECTED   : 052 Fragments (02028 Bytes)
RECEIVED   : 012 Fragments
             00468 Bytes
LOST       : 000 Fragments

1731948434s276:RX_C on freq 869525000 Hz at DR 2
1731948434s277:#############OPENED CONTINUOUS RX C WINDOW
1731948440s291:MAC rxNotify
1731948440s291:NOTIFY
1731948440s291:MAC rxDone
1731948440s294:RXSLOT
1731948440s294:value of rxport: 201
###### D/L FRAME:0012 | PORT:201 | DR:2 | SLOT:C_MC | RSSI:-9 | SNR:8
1731948440s294:#####################FRAGDECODER PROCESS

.... FRAG_DECODER in Progress ....
EXPECTED   : 052 Fragments (02028 Bytes)
RECEIVED   : 013 Fragments
             00507 Bytes
LOST       : 000 Fragments

1731948440s299:RX_C on freq 869525000 Hz at DR 2
1731948440s300:#############OPENED CONTINUOUS RX C WINDOW
1731948446s307:MAC rxNotify
1731948446s308:NOTIFY
1731948446s308:MAC rxDone
1731948446s311:RXSLOT
1731948446s311:value of rxport: 201
###### D/L FRAME:0013 | PORT:201 | DR:2 | SLOT:C_MC | RSSI:-9 | SNR:9
1731948446s311:#####################FRAGDECODER PROCESS

.... FRAG_DECODER in Progress ....
EXPECTED   : 052 Fragments (02028 Bytes)
RECEIVED   : 014 Fragments
             00546 Bytes
LOST       : 000 Fragments

1731948446s316:RX_C on freq 869525000 Hz at DR 2
1731948446s317:#############OPENED CONTINUOUS RX C WINDOW
1731948453s334:MAC rxNotify
1731948453s334:NOTIFY
1731948453s334:MAC rxDone
1731948453s337:RXSLOT
1731948453s337:value of rxport: 201
###### D/L FRAME:0014 | PORT:201 | DR:2 | SLOT:C_MC | RSSI:-9 | SNR:8
1731948453s337:#####################FRAGDECODER PROCESS

.... FRAG_DECODER in Progress ....
EXPECTED   : 052 Fragments (02028 Bytes)
RECEIVED   : 015 Fragments
             00585 Bytes
LOST       : 000 Fragments

1731948453s342:RX_C on freq 869525000 Hz at DR 2
1731948453s343:#############OPENED CONTINUOUS RX C WINDOW
1731948459s359:MAC rxNotify
1731948459s359:NOTIFY
1731948459s359:MAC rxDone
1731948459s362:RXSLOT
1731948459s362:value of rxport: 201
###### D/L FRAME:0015 | PORT:201 | DR:2 | SLOT:C_MC | RSSI:-9 | SNR:8
1731948459s362:#####################FRAGDECODER PROCESS

.... FRAG_DECODER in Progress ....
EXPECTED   : 052 Fragments (02028 Bytes)
RECEIVED   : 016 Fragments
             00624 Bytes
LOST       : 000 Fragments

1731948459s366:RX_C on freq 869525000 Hz at DR 2
1731948459s367:#############OPENED CONTINUOUS RX C WINDOW
1731948465s383:MAC rxNotify
1731948465s383:NOTIFY
1731948465s383:MAC rxDone
1731948465s386:RXSLOT
1731948465s386:value of rxport: 201
###### D/L FRAME:0016 | PORT:201 | DR:2 | SLOT:C_MC | RSSI:-9 | SNR:8
1731948465s386:#####################FRAGDECODER PROCESS

.... FRAG_DECODER in Progress ....
EXPECTED   : 052 Fragments (02028 Bytes)
RECEIVED   : 017 Fragments
             00663 Bytes
LOST       : 000 Fragments

1731948465s391:RX_C on freq 869525000 Hz at DR 2
1731948465s392:#############OPENED CONTINUOUS RX C WINDOW
1731948471s400:MAC rxNotify
1731948471s400:NOTIFY
1731948471s400:MAC rxDone
1731948471s403:RXSLOT
1731948471s403:value of rxport: 201
###### D/L FRAME:0017 | PORT:201 | DR:2 | SLOT:C_MC | RSSI:-9 | SNR:8
1731948471s403:#####################FRAGDECODER PROCESS

.... FRAG_DECODER in Progress ....
EXPECTED   : 052 Fragments (02028 Bytes)
RECEIVED   : 018 Fragments
             00702 Bytes
LOST       : 000 Fragments

1731948471s407:RX_C on freq 869525000 Hz at DR 2
1731948471s408:#############OPENED CONTINUOUS RX C WINDOW
1731948478s429:MAC rxNotify
1731948478s429:NOTIFY
1731948478s429:MAC rxDone
1731948478s432:RXSLOT
1731948478s432:value of rxport: 201
###### D/L FRAME:0018 | PORT:201 | DR:2 | SLOT:C_MC | RSSI:-9 | SNR:9
1731948478s432:#####################FRAGDECODER PROCESS

.... FRAG_DECODER in Progress ....
EXPECTED   : 052 Fragments (02028 Bytes)
RECEIVED   : 019 Fragments
             00741 Bytes
LOST       : 000 Fragments

1731948478s437:RX_C on freq 869525000 Hz at DR 2
1731948478s438:#############OPENED CONTINUOUS RX C WINDOW
1731948484s446:MAC rxNotify
1731948484s446:NOTIFY
1731948484s446:MAC rxDone
1731948484s449:RXSLOT
1731948484s449:value of rxport: 201
###### D/L FRAME:0019 | PORT:201 | DR:2 | SLOT:C_MC | RSSI:-9 | SNR:8
1731948484s449:#####################FRAGDECODER PROCESS

.... FRAG_DECODER in Progress ....
EXPECTED   : 052 Fragments (02028 Bytes)
RECEIVED   : 020 Fragments
             00780 Bytes
LOST       : 000 Fragments

1731948484s454:RX_C on freq 869525000 Hz at DR 2
1731948484s455:#############OPENED CONTINUOUS RX C WINDOW
1731948490s467:MAC rxNotify
1731948490s467:NOTIFY
1731948490s467:MAC rxDone
1731948490s470:RXSLOT
1731948490s470:value of rxport: 201
###### D/L FRAME:0020 | PORT:201 | DR:2 | SLOT:C_MC | RSSI:-9 | SNR:8
1731948490s470:#####################FRAGDECODER PROCESS

.... FRAG_DECODER in Progress ....
EXPECTED   : 052 Fragments (02028 Bytes)
RECEIVED   : 021 Fragments
             00819 Bytes
LOST       : 000 Fragments

1731948490s475:RX_C on freq 869525000 Hz at DR 2
1731948490s476:#############OPENED CONTINUOUS RX C WINDOW
1731948497s497:MAC rxNotify
1731948497s497:NOTIFY
1731948497s497:MAC rxDone
1731948497s500:RXSLOT
1731948497s500:value of rxport: 201
###### D/L FRAME:0021 | PORT:201 | DR:2 | SLOT:C_MC | RSSI:-9 | SNR:9
1731948497s500:#####################FRAGDECODER PROCESS

.... FRAG_DECODER in Progress ....
EXPECTED   : 052 Fragments (02028 Bytes)
RECEIVED   : 022 Fragments
             00858 Bytes
LOST       : 000 Fragments

1731948497s505:RX_C on freq 869525000 Hz at DR 2
1731948497s506:#############OPENED CONTINUOUS RX C WINDOW
1731948503s523:MAC rxNotify
1731948503s523:NOTIFY
1731948503s523:MAC rxDone
1731948503s526:RXSLOT
1731948503s526:value of rxport: 201
###### D/L FRAME:0022 | PORT:201 | DR:2 | SLOT:C_MC | RSSI:-9 | SNR:9
1731948503s526:#####################FRAGDECODER PROCESS

.... FRAG_DECODER in Progress ....
EXPECTED   : 052 Fragments (02028 Bytes)
RECEIVED   : 023 Fragments
             00897 Bytes
LOST       : 000 Fragments

1731948503s530:RX_C on freq 869525000 Hz at DR 2
1731948503s531:#############OPENED CONTINUOUS RX C WINDOW
1731948509s534:MAC rxNotify
1731948509s534:NOTIFY
1731948509s534:MAC rxDone
1731948509s537:RXSLOT
1731948509s537:value of rxport: 201
###### D/L FRAME:0023 | PORT:201 | DR:2 | SLOT:C_MC | RSSI:-9 | SNR:8
1731948509s537:#####################FRAGDECODER PROCESS

.... FRAG_DECODER in Progress ....
EXPECTED   : 052 Fragments (02028 Bytes)
RECEIVED   : 024 Fragments
             00936 Bytes
LOST       : 000 Fragments

1731948509s542:RX_C on freq 869525000 Hz at DR 2
1731948509s543:#############OPENED CONTINUOUS RX C WINDOW
1731948515s562:MAC rxNotify
1731948515s563:NOTIFY
1731948515s563:MAC rxDone
1731948515s566:RXSLOT
1731948515s566:value of rxport: 201
###### D/L FRAME:0024 | PORT:201 | DR:2 | SLOT:C_MC | RSSI:-9 | SNR:9
1731948515s566:#####################FRAGDECODER PROCESS

.... FRAG_DECODER in Progress ....
EXPECTED   : 052 Fragments (02028 Bytes)
RECEIVED   : 025 Fragments
             00975 Bytes
LOST       : 000 Fragments

1731948515s571:RX_C on freq 869525000 Hz at DR 2
1731948515s571:#############OPENED CONTINUOUS RX C WINDOW
1731948522s589:MAC rxNotify
1731948522s589:NOTIFY
1731948522s589:MAC rxDone
1731948522s593:RXSLOT
1731948522s593:value of rxport: 201
###### D/L FRAME:0025 | PORT:201 | DR:2 | SLOT:C_MC | RSSI:-9 | SNR:9
1731948522s593:#####################FRAGDECODER PROCESS

.... FRAG_DECODER in Progress ....
EXPECTED   : 052 Fragments (02028 Bytes)
RECEIVED   : 026 Fragments
             01014 Bytes
LOST       : 000 Fragments

1731948522s598:RX_C on freq 869525000 Hz at DR 2
1731948522s599:#############OPENED CONTINUOUS RX C WINDOW
1731948528s613:MAC rxNotify
1731948528s613:NOTIFY
1731948528s613:MAC rxDone
1731948528s615:RXSLOT
1731948528s615:value of rxport: 201
###### D/L FRAME:0026 | PORT:201 | DR:2 | SLOT:C_MC | RSSI:-9 | SNR:8
1731948528s615:#####################FRAGDECODER PROCESS

.... FRAG_DECODER in Progress ....
EXPECTED   : 052 Fragments (02028 Bytes)
RECEIVED   : 027 Fragments
             01053 Bytes
LOST       : 000 Fragments

1731948528s620:RX_C on freq 869525000 Hz at DR 2
1731948528s621:#############OPENED CONTINUOUS RX C WINDOW
1731948534s638:MAC rxNotify
1731948534s638:NOTIFY
1731948534s638:MAC rxDone
1731948534s641:RXSLOT
1731948534s641:value of rxport: 201
###### D/L FRAME:0027 | PORT:201 | DR:2 | SLOT:C_MC | RSSI:-9 | SNR:9
1731948534s641:#####################FRAGDECODER PROCESS

.... FRAG_DECODER in Progress ....
EXPECTED   : 052 Fragments (02028 Bytes)
RECEIVED   : 028 Fragments
             01092 Bytes
LOST       : 000 Fragments

1731948534s646:RX_C on freq 869525000 Hz at DR 2
1731948534s647:#############OPENED CONTINUOUS RX C WINDOW
1731948540s660:MAC rxNotify
1731948540s660:NOTIFY
1731948540s660:MAC rxDone
1731948540s663:RXSLOT
1731948540s663:value of rxport: 201
###### D/L FRAME:0028 | PORT:201 | DR:2 | SLOT:C_MC | RSSI:-9 | SNR:8
1731948540s663:#####################FRAGDECODER PROCESS

.... FRAG_DECODER in Progress ....
EXPECTED   : 052 Fragments (02028 Bytes)
RECEIVED   : 029 Fragments
             01131 Bytes
LOST       : 000 Fragments

1731948540s668:RX_C on freq 869525000 Hz at DR 2
1731948540s669:#############OPENED CONTINUOUS RX C WINDOW
1731948547s678:MAC rxNotify
1731948547s678:NOTIFY
1731948547s678:MAC rxDone
1731948547s681:RXSLOT
1731948547s681:value of rxport: 201
###### D/L FRAME:0029 | PORT:201 | DR:2 | SLOT:C_MC | RSSI:-10 | SNR:8
1731948547s681:#####################FRAGDECODER PROCESS

.... FRAG_DECODER in Progress ....
EXPECTED   : 052 Fragments (02028 Bytes)
RECEIVED   : 030 Fragments
             01170 Bytes
LOST       : 000 Fragments

1731948547s686:RX_C on freq 869525000 Hz at DR 2
1731948547s687:#############OPENED CONTINUOUS RX C WINDOW
1731948553s700:MAC rxNotify
1731948553s700:NOTIFY
1731948553s700:MAC rxDone
1731948553s703:RXSLOT
1731948553s703:value of rxport: 201
###### D/L FRAME:0030 | PORT:201 | DR:2 | SLOT:C_MC | RSSI:-9 | SNR:9
1731948553s703:#####################FRAGDECODER PROCESS

.... FRAG_DECODER in Progress ....
EXPECTED   : 052 Fragments (02028 Bytes)
RECEIVED   : 031 Fragments
             01209 Bytes
LOST       : 000 Fragments

1731948553s708:RX_C on freq 869525000 Hz at DR 2
1731948553s709:#############OPENED CONTINUOUS RX C WINDOW
1731948559s722:MAC rxNotify
1731948559s722:NOTIFY
1731948559s722:MAC rxDone
1731948559s725:RXSLOT
1731948559s725:value of rxport: 201
###### D/L FRAME:0031 | PORT:201 | DR:2 | SLOT:C_MC | RSSI:-9 | SNR:9
1731948559s725:#####################FRAGDECODER PROCESS

.... FRAG_DECODER in Progress ....
EXPECTED   : 052 Fragments (02028 Bytes)
RECEIVED   : 032 Fragments
             01248 Bytes
LOST       : 000 Fragments

1731948559s730:RX_C on freq 869525000 Hz at DR 2
1731948559s731:#############OPENED CONTINUOUS RX C WINDOW
1731948565s744:MAC rxNotify
1731948565s744:NOTIFY
1731948565s744:MAC rxDone
1731948565s747:RXSLOT
1731948565s747:value of rxport: 201
###### D/L FRAME:0032 | PORT:201 | DR:2 | SLOT:C_MC | RSSI:-9 | SNR:8
1731948565s747:#####################FRAGDECODER PROCESS

.... FRAG_DECODER in Progress ....
EXPECTED   : 052 Fragments (02028 Bytes)
RECEIVED   : 033 Fragments
             01287 Bytes
LOST       : 000 Fragments

1731948565s752:RX_C on freq 869525000 Hz at DR 2
1731948565s753:#############OPENED CONTINUOUS RX C WINDOW
1731948572s774:MAC rxNotify
1731948572s774:NOTIFY
1731948572s774:MAC rxDone
1731948572s777:RXSLOT
1731948572s777:value of rxport: 201
###### D/L FRAME:0033 | PORT:201 | DR:2 | SLOT:C_MC | RSSI:-9 | SNR:9
1731948572s777:#####################FRAGDECODER PROCESS

.... FRAG_DECODER in Progress ....
EXPECTED   : 052 Fragments (02028 Bytes)
RECEIVED   : 034 Fragments
             01326 Bytes
LOST       : 000 Fragments

1731948572s781:RX_C on freq 869525000 Hz at DR 2
1731948572s782:#############OPENED CONTINUOUS RX C WINDOW
1731948578s802:MAC rxNotify
1731948578s802:NOTIFY
1731948578s802:MAC rxDone
1731948578s805:RXSLOT
1731948578s805:value of rxport: 201
###### D/L FRAME:0034 | PORT:201 | DR:2 | SLOT:C_MC | RSSI:-9 | SNR:9
1731948578s805:#####################FRAGDECODER PROCESS

.... FRAG_DECODER in Progress ....
EXPECTED   : 052 Fragments (02028 Bytes)
RECEIVED   : 035 Fragments
             01365 Bytes
LOST       : 000 Fragments

1731948578s810:RX_C on freq 869525000 Hz at DR 2
1731948578s811:#############OPENED CONTINUOUS RX C WINDOW
1731948584s825:MAC rxNotify
1731948584s825:NOTIFY
1731948584s825:MAC rxDone
1731948584s828:RXSLOT
1731948584s828:value of rxport: 201
###### D/L FRAME:0035 | PORT:201 | DR:2 | SLOT:C_MC | RSSI:-9 | SNR:8
1731948584s828:#####################FRAGDECODER PROCESS

.... FRAG_DECODER in Progress ....
EXPECTED   : 052 Fragments (02028 Bytes)
RECEIVED   : 036 Fragments
             01404 Bytes
LOST       : 000 Fragments

1731948584s833:RX_C on freq 869525000 Hz at DR 2
1731948584s834:#############OPENED CONTINUOUS RX C WINDOW
1731948590s850:MAC rxNotify
1731948590s850:NOTIFY
1731948590s850:MAC rxDone
1731948590s853:RXSLOT
1731948590s853:value of rxport: 201
###### D/L FRAME:0036 | PORT:201 | DR:2 | SLOT:C_MC | RSSI:-9 | SNR:8
1731948590s853:#####################FRAGDECODER PROCESS

.... FRAG_DECODER in Progress ....
EXPECTED   : 052 Fragments (02028 Bytes)
RECEIVED   : 037 Fragments
             01443 Bytes
LOST       : 000 Fragments

1731948590s858:RX_C on freq 869525000 Hz at DR 2
1731948590s859:#############OPENED CONTINUOUS RX C WINDOW
1731948597s876:MAC rxNotify
1731948597s877:NOTIFY
1731948597s877:MAC rxDone
1731948597s880:RXSLOT
1731948597s880:value of rxport: 201
###### D/L FRAME:0037 | PORT:201 | DR:2 | SLOT:C_MC | RSSI:-9 | SNR:9
1731948597s880:#####################FRAGDECODER PROCESS

.... FRAG_DECODER in Progress ....
EXPECTED   : 052 Fragments (02028 Bytes)
RECEIVED   : 038 Fragments
             01482 Bytes
LOST       : 000 Fragments

1731948597s885:RX_C on freq 869525000 Hz at DR 2
1731948597s886:#############OPENED CONTINUOUS RX C WINDOW
1731948603s900:MAC rxNotify
1731948603s900:NOTIFY
1731948603s900:MAC rxDone
1731948603s903:RXSLOT
1731948603s903:value of rxport: 201
###### D/L FRAME:0038 | PORT:201 | DR:2 | SLOT:C_MC | RSSI:-9 | SNR:9
1731948603s903:#####################FRAGDECODER PROCESS

.... FRAG_DECODER in Progress ....
EXPECTED   : 052 Fragments (02028 Bytes)
RECEIVED   : 039 Fragments
             01521 Bytes
LOST       : 000 Fragments

1731948603s907:RX_C on freq 869525000 Hz at DR 2
1731948603s908:#############OPENED CONTINUOUS RX C WINDOW
1731948605s915:MAC rxNotify
1731948605s915:NOTIFY
1731948605s915:MAC rxDone
1731948605s917:MACCRYPTOSTATUSERROR 7
1731948605s917:RXSLOT
1731948605s921:RX_C on freq 869525000 Hz at DR 2
1731948605s922:#############OPENED CONTINUOUS RX C WINDOW
1731948609s949:MAC rxNotify
1731948609s949:NOTIFY
1731948609s949:MAC rxDone
1731948609s952:RXSLOT
1731948609s952:value of rxport: 201
###### D/L FRAME:0039 | PORT:201 | DR:2 | SLOT:C_MC | RSSI:-9 | SNR:8
1731948609s952:#####################FRAGDECODER PROCESS

.... FRAG_DECODER in Progress ....
EXPECTED   : 052 Fragments (02028 Bytes)
RECEIVED   : 040 Fragments
             01560 Bytes
LOST       : 000 Fragments

1731948609s957:RX_C on freq 869525000 Hz at DR 2
1731948609s958:#############OPENED CONTINUOUS RX C WINDOW
1731948615s972:MAC rxNotify
1731948615s972:NOTIFY
1731948615s972:MAC rxDone
1731948615s975:RXSLOT
1731948615s975:value of rxport: 201
###### D/L FRAME:0040 | PORT:201 | DR:2 | SLOT:C_MC | RSSI:-9 | SNR:9
1731948615s975:#####################FRAGDECODER PROCESS

.... FRAG_DECODER in Progress ....
EXPECTED   : 052 Fragments (02028 Bytes)
RECEIVED   : 041 Fragments
             01599 Bytes
LOST       : 000 Fragments

1731948615s980:RX_C on freq 869525000 Hz at DR 2
1731948615s981:#############OPENED CONTINUOUS RX C WINDOW
1731948622s998:MAC rxNotify
1731948622s998:NOTIFY
1731948622s998:MAC rxDone
1731948623s001:RXSLOT
1731948623s001:value of rxport: 201
###### D/L FRAME:0041 | PORT:201 | DR:2 | SLOT:C_MC | RSSI:-9 | SNR:9
1731948623s001:#####################FRAGDECODER PROCESS

.... FRAG_DECODER in Progress ....
EXPECTED   : 052 Fragments (02028 Bytes)
RECEIVED   : 042 Fragments
             01638 Bytes
LOST       : 000 Fragments

1731948623s006:RX_C on freq 869525000 Hz at DR 2
1731948623s007:#############OPENED CONTINUOUS RX C WINDOW
1731948629s022:MAC rxNotify
1731948629s023:NOTIFY
1731948629s023:MAC rxDone
1731948629s026:RXSLOT
1731948629s026:value of rxport: 201
###### D/L FRAME:0042 | PORT:201 | DR:2 | SLOT:C_MC | RSSI:-9 | SNR:9
1731948629s026:#####################FRAGDECODER PROCESS

.... FRAG_DECODER in Progress ....
EXPECTED   : 052 Fragments (02028 Bytes)
RECEIVED   : 043 Fragments
             01677 Bytes
LOST       : 000 Fragments

1731948629s030:RX_C on freq 869525000 Hz at DR 2
1731948629s031:#############OPENED CONTINUOUS RX C WINDOW
1731948635s047:MAC rxNotify
1731948635s047:NOTIFY
1731948635s047:MAC rxDone
1731948635s051:RXSLOT
1731948635s051:value of rxport: 201
###### D/L FRAME:0043 | PORT:201 | DR:2 | SLOT:C_MC | RSSI:-10 | SNR:8
1731948635s051:#####################FRAGDECODER PROCESS

.... FRAG_DECODER in Progress ....
EXPECTED   : 052 Fragments (02028 Bytes)
RECEIVED   : 044 Fragments
             01716 Bytes
LOST       : 000 Fragments

1731948635s056:RX_C on freq 869525000 Hz at DR 2
1731948635s057:#############OPENED CONTINUOUS RX C WINDOW
1731948641s075:MAC rxNotify
1731948641s075:NOTIFY
1731948641s076:MAC rxDone
1731948641s079:RXSLOT
1731948641s079:value of rxport: 201
###### D/L FRAME:0044 | PORT:201 | DR:2 | SLOT:C_MC | RSSI:-9 | SNR:8
1731948641s079:#####################FRAGDECODER PROCESS

.... FRAG_DECODER in Progress ....
EXPECTED   : 052 Fragments (02028 Bytes)
RECEIVED   : 045 Fragments
             01755 Bytes
LOST       : 000 Fragments

1731948641s084:RX_C on freq 869525000 Hz at DR 2
1731948641s085:#############OPENED CONTINUOUS RX C WINDOW
1731948648s100:MAC rxNotify
1731948648s100:NOTIFY
1731948648s100:MAC rxDone
1731948648s103:RXSLOT
1731948648s103:value of rxport: 201
###### D/L FRAME:0045 | PORT:201 | DR:2 | SLOT:C_MC | RSSI:-9 | SNR:8
1731948648s103:#####################FRAGDECODER PROCESS

.... FRAG_DECODER in Progress ....
EXPECTED   : 052 Fragments (02028 Bytes)
RECEIVED   : 046 Fragments
             01794 Bytes
LOST       : 000 Fragments

1731948648s108:RX_C on freq 869525000 Hz at DR 2
1731948648s109:#############OPENED CONTINUOUS RX C WINDOW
1731948654s128:MAC rxNotify
1731948654s128:NOTIFY
1731948654s128:MAC rxDone
1731948654s131:RXSLOT
1731948654s131:value of rxport: 201
###### D/L FRAME:0046 | PORT:201 | DR:2 | SLOT:C_MC | RSSI:-9 | SNR:9
1731948654s131:#####################FRAGDECODER PROCESS

.... FRAG_DECODER in Progress ....
EXPECTED   : 052 Fragments (02028 Bytes)
RECEIVED   : 047 Fragments
             01833 Bytes
LOST       : 000 Fragments

1731948654s136:RX_C on freq 869525000 Hz at DR 2
1731948654s137:#############OPENED CONTINUOUS RX C WINDOW
1731948660s155:MAC rxNotify
1731948660s155:NOTIFY
1731948660s155:MAC rxDone
1731948660s157:RXSLOT
1731948660s157:value of rxport: 201
###### D/L FRAME:0047 | PORT:201 | DR:2 | SLOT:C_MC | RSSI:-9 | SNR:8
1731948660s157:#####################FRAGDECODER PROCESS

.... FRAG_DECODER in Progress ....
EXPECTED   : 052 Fragments (02028 Bytes)
RECEIVED   : 048 Fragments
             01872 Bytes
LOST       : 000 Fragments

1731948660s162:RX_C on freq 869525000 Hz at DR 2
1731948660s163:#############OPENED CONTINUOUS RX C WINDOW
1731948667s180:MAC rxNotify
1731948667s180:NOTIFY
1731948667s180:MAC rxDone
1731948667s183:RXSLOT
1731948667s183:value of rxport: 201
###### D/L FRAME:0048 | PORT:201 | DR:2 | SLOT:C_MC | RSSI:-9 | SNR:9
1731948667s183:#####################FRAGDECODER PROCESS

.... FRAG_DECODER in Progress ....
EXPECTED   : 052 Fragments (02028 Bytes)
RECEIVED   : 049 Fragments
             01911 Bytes
LOST       : 000 Fragments

1731948667s188:RX_C on freq 869525000 Hz at DR 2
1731948667s189:#############OPENED CONTINUOUS RX C WINDOW
1731948673s208:MAC rxNotify
1731948673s208:NOTIFY
1731948673s208:MAC rxDone
1731948673s211:RXSLOT
1731948673s211:value of rxport: 201
###### D/L FRAME:0049 | PORT:201 | DR:2 | SLOT:C_MC | RSSI:-10 | SNR:9
1731948673s211:#####################FRAGDECODER PROCESS

.... FRAG_DECODER in Progress ....
EXPECTED   : 052 Fragments (02028 Bytes)
RECEIVED   : 050 Fragments
             01950 Bytes
LOST       : 000 Fragments

1731948673s216:RX_C on freq 869525000 Hz at DR 2
1731948673s217:#############OPENED CONTINUOUS RX C WINDOW
1731948679s229:MAC rxNotify
1731948679s229:NOTIFY
1731948679s229:MAC rxDone
1731948679s232:RXSLOT
1731948679s232:value of rxport: 201
###### D/L FRAME:0050 | PORT:201 | DR:2 | SLOT:C_MC | RSSI:-10 | SNR:8
1731948679s232:#####################FRAGDECODER PROCESS

.... FRAG_DECODER in Progress ....
EXPECTED   : 052 Fragments (02028 Bytes)
RECEIVED   : 051 Fragments
             01989 Bytes
LOST       : 000 Fragments

1731948679s237:RX_C on freq 869525000 Hz at DR 2
1731948679s238:#############OPENED CONTINUOUS RX C WINDOW
1731948685s252:MAC rxNotify
1731948685s252:NOTIFY
1731948685s252:MAC rxDone
1731948685s255:RXSLOT
1731948685s255:value of rxport: 201
###### D/L FRAME:0051 | PORT:201 | DR:2 | SLOT:C_MC | RSSI:-10 | SNR:8
1731948685s255:#####################FRAGDECODER PROCESS

.... FRAG_DECODER in Progress ....
EXPECTED   : 052 Fragments (02028 Bytes)
RECEIVED   : 052 Fragments
             02028 Bytes
LOST       : 000 Fragments


.... FRAG_DECODER Finished ....
STATUS     : 0
1731948685s256:ALL FRAGMENTS RECEIVED

= [SBOOT] System Security Check successfully passed. Starting...


======================================================================
=              (C) COPYRIGHT 2017 STMicroelectronics                 =
=                                                                    =
=              Secure Boot and Secure Firmware Update                =
======================================================================


= [SBOOT] SECURE ENGINE INITIALIZATION SUCCESSFUL
= [SBOOT] STATE: CHECK STATUS ON RESET
	  INFO: A Reboot has been triggered by a Software reset!
= [SBOOT] STATE: CHECK NEW FIRMWARE TO DOWNLOAD
= [SBOOT] STATE: CHECK KMS BLOB TO INSTALL
= [SBOOT] STATE: CHECK USER FW STATUS
	  A FW is detected in the slot SLOT_ACTIVE_1
= [SBOOT] STATE: VERIFY USER FW SIGNATURE
= [SBOOT] STATE: EXECUTE USER FIRMWAREAPPLICATION_VERSION: V1.3.0
MW_LORAWAN_VERSION:  V2.5.0
MW_RADIO_VERSION:    V1.3.0
L2_SPEC_VERSION:     V1.0.4
RP_SPEC_VERSION:     V2-1.0.1
NVM DATA RESTORED
###### AppKey:      2B:7E:15:16:28:AE:D2:A6:AB:F7:15:88:09:CF:4F:3C
###### NwkKey:      2B:7E:15:16:28:AE:D2:A6:AB:F7:15:88:09:CF:4F:3C
###### AppSKey:     7D:DF:C6:9D:7C:40:63:61:FD:14:52:2C:10:92:C2:A3
###### NwkSKey:     BF:5C:C9:44:97:A0:B8:0B:07:CE:7E:0A:68:88:04:20
###### DevEUI:      00:80:E1:15:05:AB:D0:6C
###### AppEUI:      01:01:01:01:01:01:01:01
###### DevAddr:     05:AB:D0:6C
###### KMS ENABLED