
= [SBOO
= [SBOOT] System Security Check successfully passed. Starting...


======================================================================
=              (C) COPYRIGHT 2017 STMicroelectronics                 =
=                                                                    =
=              Secure Boot and Secure Firmware Update                =
======================================================================


= [SBOOT] SECURE ENGINE INITIALIZATION SUCCESSFUL
= [SBOOT] STATE: CHECK STATUS ON RESET
	  INFO: A Reboot has been triggered by a Hardware reset!
= [SBOOT] STATE: CHECK NEW FIRMWARE TO DOWNLOAD
= [SBOOT] STATE: CHECK KMS BLOB TO INSTALL
= [SBOOT] STATE: CHECK USER FW STATUS
	  A FW is detected in the slot SLOT_ACTIVE_1
= [SBOOT] STATE: VERIFY USER FW SIGNATURE
= [SBOOT] STATE: EXECUTE USER FIRMWAREAPPLICATION_VERSION: V1.3.0
MW_LORAWAN_VERSION:  V2.5.0
MW_RADIO_VERSION:    V1.3.0
L2_SPEC_VERSION:     V1.0.4
RP_SPEC_VERSION:     V2-1.0.1
NVM DATA RESTORED
###### AppKey:      2B:7E:15:16:28:AE:D2:A6:AB:F7:15:88:09:CF:4F:3C
###### NwkKey:      2B:7E:15:16:28:AE:D2:A6:AB:F7:15:88:09:CF:4F:3C
###### AppSKey:     CF:46:2C:D0:9C:8E:E9:57:16:35:B4:0E:0B:77:EE:A9
###### NwkSKey:     A2:DA:7F:86:DB:B1:01:CF:4B:82:E8:62:D3:11:6D:51
###### DevEUI:      00:80:E1:15:05:AB:D0:6C
###### AppEUI:      01:01:01:01:01:01:01:01
###### DevAddr:     05:AB:D0:6C
###### KMS ENABLED

###### = JOINED = OTAA =====================
[31mNetwork joined, choose app to execute:
BTN1: TxTimer send uplink every 10 sec
BTN2: Airtime test
[0m
###### U/L FRAME:JOIN | DR:3 | PWR:1
###### MCRootKey:   7D:F7:6B:0C:1A:B8:99:B3:3E:42:F0:47:B9:1B:54:6F
###### MCKEKey:     8C:B8:66:5E:0C:0E:0B:64:5B:2E:D9:E4:8A:19:27:7C
###### AppSKey:     2C:FB:98:36:28:FF:51:AD:03:5F:E8:BF:43:9F:D8:01
###### NwkSKey:     48:53:CB:C6:F3:81:1F:F2:B5:07:F4:1C:DA:F0:A5:C6
###### DBIntKey:    7A:C4:7C:65:FE:25:9B:B6:54:BD:26:35:19:F8:9C:8E
###### DevEUI:      00:80:E1:15:05:AB:D0:6C
###### AppEUI:      01:01:01:01:01:01:01:01
###### DevAddr:     01:7B:A1:B6
[32mStart tx timer regular[0m

###### ========== MCPS-Confirm =============
###### U/L FRAME:0001 | PORT:24 | DR:3 | PWR:1 | MSG TYPE:UNCONFIRMED
1731934994s034:value of rxport: 0
###### D/L FRAME:0000 | PORT:0 | DR:3 | SLOT:1 | RSSI:-17 | SNR:12
1731935022s658:Airtime test started: 0
1731935022s658:MAC Tx start packet size: 21
1731935022s661:TX on freq 867700000 Hz at DR 3
1731935022s661:RADIO SEND WITH size 21
1731935022s663:SEND REQUEST
1731935022s849:NOTIFY
1731935022s849:MAC txDone
1731935023s835:RX_1 on freq 867700000 Hz at DR 3
1731935023s894:IRQ_RX_TX_TIMEOUT
1731935023s895:NOTIFY
1731935023s895:MAC rxTimeOut
1731935024s880:RX_2 on freq 869525000 Hz at DR 0
1731935025s078:IRQ_RX_TX_TIMEOUT
1731935025s078:NOTIFY
1731935025s078:MAC rxTimeOut

###### ========== MCPS-Confirm =============
###### U/L FRAME:0002 | PORT:24 | DR:3 | PWR:1 | MSG TYPE:UNCONFIRMED
1731935052s663:Airtime test started: 0
1731935052s663:MAC Tx start packet size: 18
1731935052s667:TX on freq 867900000 Hz at DR 3
1731935052s667:RADIO SEND WITH size 18
1731935052s669:SEND REQUEST
1731935052s855:NOTIFY
1731935052s855:MAC txDone
1731935053s841:RX_1 on freq 867900000 Hz at DR 3
1731935053s900:IRQ_RX_TX_TIMEOUT
1731935053s901:NOTIFY
1731935053s901:MAC rxTimeOut
1731935054s886:RX_2 on freq 869525000 Hz at DR 0
1731935055s084:IRQ_RX_TX_TIMEOUT
1731935055s084:NOTIFY
1731935055s084:MAC rxTimeOut

###### ========== MCPS-Confirm =============
###### U/L FRAME:0003 | PORT:24 | DR:3 | PWR:1 | MSG TYPE:UNCONFIRMED
1731935082s669:Airtime test started: 0
1731935082s669:MAC Tx start packet size: 18
1731935082s673:TX on freq 867300000 Hz at DR 3
1731935082s673:RADIO SEND WITH size 18
1731935082s675:SEND REQUEST
1731935082s861:NOTIFY
1731935082s861:MAC txDone
1731935083s847:RX_1 on freq 867300000 Hz at DR 3
1731935083s906:IRQ_RX_TX_TIMEOUT
1731935083s907:NOTIFY
1731935083s907:MAC rxTimeOut
1731935084s892:RX_2 on freq 869525000 Hz at DR 0
1731935085s090:IRQ_RX_TX_TIMEOUT
1731935085s090:NOTIFY
1731935085s090:MAC rxTimeOut

###### ========== MCPS-Confirm =============
###### U/L FRAME:0004 | PORT:24 | DR:3 | PWR:1 | MSG TYPE:UNCONFIRMED
1731935112s675:Airtime test started: 0
1731935112s675:MAC Tx start packet size: 18
1731935112s679:TX on freq 867700000 Hz at DR 3
1731935112s679:RADIO SEND WITH size 18
1731935112s681:SEND REQUEST
1731935112s867:NOTIFY
1731935112s867:MAC txDone
1731935113s854:RX_1 on freq 867700000 Hz at DR 3
1731935113s912:IRQ_RX_TX_TIMEOUT
1731935113s913:NOTIFY
1731935113s913:MAC rxTimeOut
1731935114s899:RX_2 on freq 869525000 Hz at DR 0
1731935115s097:IRQ_RX_TX_TIMEOUT
1731935115s097:NOTIFY
1731935115s097:MAC rxTimeOut

###### ========== MCPS-Confirm =============
###### U/L FRAME:0005 | PORT:24 | DR:3 | PWR:1 | MSG TYPE:UNCONFIRMED
1731935142s681:Airtime test started: 0
1731935142s681:MAC Tx start packet size: 18
1731935142s685:TX on freq 867100000 Hz at DR 3
1731935142s685:RADIO SEND WITH size 18
1731935142s687:SEND REQUEST
1731935142s872:NOTIFY
1731935142s872:MAC txDone
1731935143s859:RX_1 on freq 867100000 Hz at DR 3
1731935143s917:IRQ_RX_TX_TIMEOUT
1731935143s918:NOTIFY
1731935143s918:MAC rxTimeOut
1731935144s904:RX_2 on freq 869525000 Hz at DR 0
1731935145s102:IRQ_RX_TX_TIMEOUT
1731935145s102:NOTIFY
1731935145s102:MAC rxTimeOut

###### ========== MCPS-Confirm =============
###### U/L FRAME:0006 | PORT:24 | DR:3 | PWR:1 | MSG TYPE:UNCONFIRMED
1731935172s687:Airtime test started: 0
1731935172s687:MAC Tx start packet size: 18
1731935172s691:TX on freq 867100000 Hz at DR 3
1731935172s691:RADIO SEND WITH size 18
1731935172s693:SEND REQUEST
1731935172s878:NOTIFY
1731935172s878:MAC txDone
1731935173s865:RX_1 on freq 867100000 Hz at DR 3
1731935173s923:IRQ_RX_TX_TIMEOUT
1731935173s924:NOTIFY
1731935173s924:MAC rxTimeOut
1731935174s909:RX_2 on freq 869525000 Hz at DR 0
1731935175s108:IRQ_RX_TX_TIMEOUT
1731935175s108:NOTIFY
1731935175s108:MAC rxTimeOut

###### ========== MCPS-Confirm =============
###### U/L FRAME:0007 | PORT:24 | DR:3 | PWR:1 | MSG TYPE:UNCONFIRMED
1731935202s693:Airtime test started: 0
1731935202s693:MAC Tx start packet size: 18
1731935202s697:TX on freq 868100000 Hz at DR 3
1731935202s697:RADIO SEND WITH size 18
1731935202s699:SEND REQUEST
1731935202s884:NOTIFY
1731935202s884:MAC txDone
1731935203s870:RX_1 on freq 868100000 Hz at DR 3
1731935203s929:IRQ_RX_TX_TIMEOUT
1731935203s930:NOTIFY
1731935203s930:MAC rxTimeOut
1731935204s915:RX_2 on freq 869525000 Hz at DR 0
1731935205s114:IRQ_RX_TX_TIMEOUT
1731935205s114:NOTIFY
1731935205s114:MAC rxTimeOut

###### ========== MCPS-Confirm =============
###### U/L FRAME:0008 | PORT:24 | DR:3 | PWR:1 | MSG TYPE:UNCONFIRMED
1731935232s699:Airtime test started: 0
1731935232s699:MAC Tx start packet size: 18
1731935232s702:TX on freq 868500000 Hz at DR 3
1731935232s702:RADIO SEND WITH size 18
1731935232s704:SEND REQUEST
1731935232s890:NOTIFY
1731935232s890:MAC txDone
1731935233s876:RX_1 on freq 868500000 Hz at DR 3
1731935233s935:IRQ_RX_TX_TIMEOUT
1731935233s936:NOTIFY
1731935233s936:MAC rxTimeOut
1731935234s921:RX_2 on freq 869525000 Hz at DR 0
1731935235s119:IRQ_RX_TX_TIMEOUT
1731935235s119:NOTIFY
1731935235s119:MAC rxTimeOut

###### ========== MCPS-Confirm =============
###### U/L FRAME:0009 | PORT:24 | DR:3 | PWR:1 | MSG TYPE:UNCONFIRMED
1731935262s704:Airtime test started: 0
1731935262s704:MAC Tx start packet size: 18
1731935262s708:TX on freq 867700000 Hz at DR 3
1731935262s708:RADIO SEND WITH size 18
1731935262s710:SEND REQUEST
1731935262s896:NOTIFY
1731935262s896:MAC txDone
1731935263s882:RX_1 on freq 867700000 Hz at DR 3
1731935263s941:IRQ_RX_TX_TIMEOUT
1731935263s942:NOTIFY
1731935263s942:MAC rxTimeOut
1731935264s927:RX_2 on freq 869525000 Hz at DR 0
1731935265s125:IRQ_RX_TX_TIMEOUT
1731935265s125:NOTIFY
1731935265s125:MAC rxTimeOut

###### ========== MCPS-Confirm =============
###### U/L FRAME:0010 | PORT:24 | DR:3 | PWR:1 | MSG TYPE:UNCONFIRMED
1731935292s710:Airtime test started: 0
1731935292s710:MAC Tx start packet size: 18
1731935292s714:TX on freq 868100000 Hz at DR 3
1731935292s714:RADIO SEND WITH size 18
1731935292s716:SEND REQUEST
1731935292s902:NOTIFY
1731935292s902:MAC txDone
1731935293s888:RX_1 on freq 868100000 Hz at DR 3
1731935293s947:IRQ_RX_TX_TIMEOUT
1731935293s948:NOTIFY
1731935293s948:MAC rxTimeOut
1731935294s933:RX_2 on freq 869525000 Hz at DR 0
1731935295s131:IRQ_RX_TX_TIMEOUT
1731935295s131:NOTIFY
1731935295s131:MAC rxTimeOut

###### ========== MCPS-Confirm =============
###### U/L FRAME:0011 | PORT:24 | DR:3 | PWR:1 | MSG TYPE:UNCONFIRMED
1731935322s716:Airtime test started: 0
1731935322s716:MAC Tx start packet size: 18
1731935322s720:TX on freq 867500000 Hz at DR 3
1731935322s720:RADIO SEND WITH size 18
1731935322s722:SEND REQUEST
1731935322s908:NOTIFY
1731935322s908:MAC txDone
1731935323s895:RX_1 on freq 867500000 Hz at DR 3
1731935324s199:MAC rxNotify
1731935324s199:NOTIFY
1731935324s199:MAC rxDone

###### ========== MCPS-Confirm =============
###### U/L FRAME:0012 | PORT:24 | DR:3 | PWR:1 | MSG TYPE:UNCONFIRMED
1731935324s201:value of rxport: 200
1731935324s201:MULTICAST CLASS C SETUP 2
###### D/L FRAME:0001 | PORT:200 | DR:3 | SLOT:1 | RSSI:-18 | SNR:11
1731935324s211:MAC Tx start packet size: 15
1731935324s215:TX on freq 867700000 Hz at DR 3
1731935324s216:RADIO SEND WITH size 15
ID          : 0
McAddr      : 7AAD1B8D
McKey       : AD-7E-E4-76-38-91-63-FE-BD-F2-DD-4B-72-F0-1D-CF
McFCountMin : 0
McFCountMax : 4294967295
SessionTime : 0
SessionTimeT: 1 s
Rx Freq     : 0
Rx DR       : DR_0
1731935324s382:NOTIFY
1731935324s382:MAC txDone
1731935325s368:RX_1 on freq 867700000 Hz at DR 3
1731935325s591:MAC rxNotify
1731935325s591:NOTIFY
1731935325s591:MAC rxDone

###### ========== MCPS-Confirm =============
###### U/L FRAME:0013 | PORT:200 | DR:3 | PWR:1 | MSG TYPE:UNCONFIRMED
1731935325s593:value of rxport: 201
###### D/L FRAME:0002 | PORT:201 | DR:3 | SLOT:1 | RSSI:-18 | SNR:11
1731935325s594:#####################FRAGDECODER INIT
1731935329s477:MAC Tx start packet size: 15
1731935329s481:TX on freq 867100000 Hz at DR 3
1731935329s481:RADIO SEND WITH size 15
1731935329s648:NOTIFY
1731935329s648:MAC txDone
1731935330s634:RX_1 on freq 867100000 Hz at DR 3
1731935330s857:MAC rxNotify
1731935330s857:NOTIFY
1731935330s857:MAC rxDone

###### ========== MCPS-Confirm =============
###### U/L FRAME:0014 | PORT:201 | DR:3 | PWR:1 | MSG TYPE:UNCONFIRMED
1731935330s859:value of rxport: 200
1731935330s860:MULTICAST CLASS C SETUP 4
###### D/L FRAME:0003 | PORT:200 | DR:3 | SLOT:1 | RSSI:-18 | SNR:11
Time2SessionStart: 281000 ms
1731935330s860:MAC Tx start packet size: 18
1731935330s864:TX on freq 867300000 Hz at DR 3
1731935330s865:RADIO SEND WITH size 18
ID          : 0
McAddr      : 7AAD1B8D
McKey       : AD-7E-E4-76-38-91-63-FE-BD-F2-DD-4B-72-F0-1D-CF
McFCountMin : 0
McFCountMax : 4294967295
SessionTime : 1731935611
SessionTimeT: 4096 s
Rx Freq     : 869525000
Rx DR       : DR_3
1731935331s051:NOTIFY
1731935331s051:MAC txDone
1731935332s037:RX_1 on freq 867300000 Hz at DR 3
1731935332s096:IRQ_RX_TX_TIMEOUT
1731935332s097:NOTIFY
1731935332s097:MAC rxTimeOut
1731935333s082:RX_2 on freq 869525000 Hz at DR 0
1731935333s281:IRQ_RX_TX_TIMEOUT
1731935333s281:NOTIFY
1731935333s281:MAC rxTimeOut

###### ========== MCPS-Confirm =============
###### U/L FRAME:0015 | PORT:200 | DR:3 | PWR:1 | MSG TYPE:UNCONFIRMED
1731935611s860:[SWITCHCLASS class C]
1731935611s874:RX_C on freq 869525000 Hz at DR 3
1731935611s876:#############OPENED CONTINUOUS RX C WINDOW
Switch to Class C done
1731935631s858:MAC rxNotify
1731935631s858:NOTIFY
1731935631s858:MAC rxDone
1731935631s863:RXSLOT
1731935631s863:value of rxport: 201
###### D/L FRAME:0000 | PORT:201 | DR:3 | SLOT:C_MC | RSSI:-17 | SNR:11
1731935631s863:#####################FRAGDECODER PROCESS

.... FRAG_DECODER in Progress ....
EXPECTED   : 019 Fragments (02090 Bytes)
RECEIVED   : 001 Fragments
             00110 Bytes
LOST       : 000 Fragments

1731935631s867:RX_C on freq 869525000 Hz at DR 3
1731935631s868:#############OPENED CONTINUOUS RX C WINDOW
1731935639s889:MAC rxNotify
1731935639s889:NOTIFY
1731935639s889:MAC rxDone
1731935639s894:RXSLOT
1731935639s894:value of rxport: 201
###### D/L FRAME:0001 | PORT:201 | DR:3 | SLOT:C_MC | RSSI:-18 | SNR:11
1731935639s894:#####################FRAGDECODER PROCESS

.... FRAG_DECODER in Progress ....
EXPECTED   : 019 Fragments (02090 Bytes)
RECEIVED   : 002 Fragments
             00220 Bytes
LOST       : 000 Fragments

1731935639s899:RX_C on freq 869525000 Hz at DR 3
1731935639s900:#############OPENED CONTINUOUS RX C WINDOW
1731935646s916:MAC rxNotify
1731935646s916:NOTIFY
1731935646s916:MAC rxDone
1731935646s921:RXSLOT
1731935646s921:value of rxport: 201
###### D/L FRAME:0002 | PORT:201 | DR:3 | SLOT:C_MC | RSSI:-20 | SNR:11
1731935646s921:#####################FRAGDECODER PROCESS

.... FRAG_DECODER in Progress ....
EXPECTED   : 019 Fragments (02090 Bytes)
RECEIVED   : 003 Fragments
             00330 Bytes
LOST       : 000 Fragments

1731935646s926:RX_C on freq 869525000 Hz at DR 3
1731935646s927:#############OPENED CONTINUOUS RX C WINDOW
1731935653s946:MAC rxNotify
1731935653s946:NOTIFY
1731935653s946:MAC rxDone
1731935653s951:RXSLOT
1731935653s951:value of rxport: 201
###### D/L FRAME:0003 | PORT:201 | DR:3 | SLOT:C_MC | RSSI:-19 | SNR:12
1731935653s951:#####################FRAGDECODER PROCESS

.... FRAG_DECODER in Progress ....
EXPECTED   : 019 Fragments (02090 Bytes)
RECEIVED   : 004 Fragments
             00440 Bytes
LOST       : 000 Fragments

1731935653s955:RX_C on freq 869525000 Hz at DR 3
1731935653s956:#############OPENED CONTINUOUS RX C WINDOW
1731935660s972:MAC rxNotify
1731935660s972:NOTIFY
1731935660s972:MAC rxDone
1731935660s977:RXSLOT
1731935660s977:value of rxport: 201
###### D/L FRAME:0004 | PORT:201 | DR:3 | SLOT:C_MC | RSSI:-18 | SNR:11
1731935660s977:#####################FRAGDECODER PROCESS

.... FRAG_DECODER in Progress ....
EXPECTED   : 019 Fragments (02090 Bytes)
RECEIVED   : 005 Fragments
             00550 Bytes
LOST       : 000 Fragments

1731935660s982:RX_C on freq 869525000 Hz at DR 3
1731935660s983:#############OPENED CONTINUOUS RX C WINDOW
1731935668s002:MAC rxNotify
1731935668s002:NOTIFY
1731935668s002:MAC rxDone
1731935668s007:RXSLOT
1731935668s007:value of rxport: 201
###### D/L FRAME:0005 | PORT:201 | DR:3 | SLOT:C_MC | RSSI:-17 | SNR:11
1731935668s007:#####################FRAGDECODER PROCESS

.... FRAG_DECODER in Progress ....
EXPECTED   : 019 Fragments (02090 Bytes)
RECEIVED   : 006 Fragments
             00660 Bytes
LOST       : 000 Fragments

1731935668s012:RX_C on freq 869525000 Hz at DR 3
1731935668s013:#############OPENED CONTINUOUS RX C WINDOW
1731935675s022:MAC rxNotify
1731935675s022:NOTIFY
1731935675s022:MAC rxDone
1731935675s027:RXSLOT
1731935675s027:value of rxport: 201
###### D/L FRAME:0006 | PORT:201 | DR:3 | SLOT:C_MC | RSSI:-17 | SNR:11
1731935675s027:#####################FRAGDECODER PROCESS

.... FRAG_DECODER in Progress ....
EXPECTED   : 019 Fragments (02090 Bytes)
RECEIVED   : 007 Fragments
             00770 Bytes
LOST       : 000 Fragments

1731935675s032:RX_C on freq 869525000 Hz at DR 3
1731935675s033:#############OPENED CONTINUOUS RX C WINDOW
1731935683s057:MAC rxNotify
1731935683s057:NOTIFY
1731935683s057:MAC rxDone
1731935683s062:RXSLOT
1731935683s062:value of rxport: 201
###### D/L FRAME:0007 | PORT:201 | DR:3 | SLOT:C_MC | RSSI:-19 | SNR:12
1731935683s062:#####################FRAGDECODER PROCESS

.... FRAG_DECODER in Progress ....
EXPECTED   : 019 Fragments (02090 Bytes)
RECEIVED   : 008 Fragments
             00880 Bytes
LOST       : 000 Fragments

1731935683s067:RX_C on freq 869525000 Hz at DR 3
1731935683s068:#############OPENED CONTINUOUS RX C WINDOW
1731935685s758:MAC rxNotify
1731935685s758:NOTIFY
1731935685s758:MAC rxDone
1731935685s760:RXSLOT
1731935685s763:RX_C on freq 869525000 Hz at DR 3
1731935685s765:#############OPENED CONTINUOUS RX C WINDOW
1731935690s081:MAC rxNotify
1731935690s081:NOTIFY
1731935690s081:MAC rxDone
1731935690s086:RXSLOT
1731935690s086:value of rxport: 201
###### D/L FRAME:0008 | PORT:201 | DR:3 | SLOT:C_MC | RSSI:-16 | SNR:11
1731935690s086:#####################FRAGDECODER PROCESS

.... FRAG_DECODER in Progress ....
EXPECTED   : 019 Fragments (02090 Bytes)
RECEIVED   : 009 Fragments
             00990 Bytes
LOST       : 000 Fragments

1731935690s091:RX_C on freq 869525000 Hz at DR 3
1731935690s092:#############OPENED CONTINUOUS RX C WINDOW
1731935697s099:MAC rxNotify
1731935697s099:NOTIFY
1731935697s099:MAC rxDone
1731935697s104:RXSLOT
1731935697s104:value of rxport: 201
###### D/L FRAME:0009 | PORT:201 | DR:3 | SLOT:C_MC | RSSI:-19 | SNR:12
1731935697s104:#####################FRAGDECODER PROCESS

.... FRAG_DECODER in Progress ....
EXPECTED   : 019 Fragments (02090 Bytes)
RECEIVED   : 010 Fragments
             01100 Bytes
LOST       : 000 Fragments

1731935697s109:RX_C on freq 869525000 Hz at DR 3
1731935697s110:#############OPENED CONTINUOUS RX C WINDOW
1731935704s124:MAC rxNotify
1731935704s125:NOTIFY
1731935704s125:MAC rxDone
1731935704s130:RXSLOT
1731935704s130:value of rxport: 201
###### D/L FRAME:0010 | PORT:201 | DR:3 | SLOT:C_MC | RSSI:-17 | SNR:11
1731935704s130:#####################FRAGDECODER PROCESS

.... FRAG_DECODER in Progress ....
EXPECTED   : 019 Fragments (02090 Bytes)
RECEIVED   : 011 Fragments
             01210 Bytes
LOST       : 000 Fragments

1731935704s135:RX_C on freq 869525000 Hz at DR 3
1731935704s136:#############OPENED CONTINUOUS RX C WINDOW
1731935711s141:MAC rxNotify
1731935711s141:NOTIFY
1731935711s141:MAC rxDone
1731935711s146:RXSLOT
1731935711s146:value of rxport: 201
###### D/L FRAME:0011 | PORT:201 | DR:3 | SLOT:C_MC | RSSI:-15 | SNR:11
1731935711s146:#####################FRAGDECODER PROCESS

.... FRAG_DECODER in Progress ....
EXPECTED   : 019 Fragments (02090 Bytes)
RECEIVED   : 012 Fragments
             01320 Bytes
LOST       : 000 Fragments

1731935711s151:RX_C on freq 869525000 Hz at DR 3
1731935711s152:#############OPENED CONTINUOUS RX C WINDOW
1731935718s172:MAC rxNotify
1731935718s172:NOTIFY
1731935718s172:MAC rxDone
1731935718s177:RXSLOT
1731935718s177:value of rxport: 201
###### D/L FRAME:0012 | PORT:201 | DR:3 | SLOT:C_MC | RSSI:-17 | SNR:12
1731935718s177:#####################FRAGDECODER PROCESS

.... FRAG_DECODER in Progress ....
EXPECTED   : 019 Fragments (02090 Bytes)
RECEIVED   : 013 Fragments
             01430 Bytes
LOST       : 000 Fragments

1731935718s182:RX_C on freq 869525000 Hz at DR 3
1731935718s183:#############OPENED CONTINUOUS RX C WINDOW
1731935726s195:MAC rxNotify
1731935726s195:NOTIFY
1731935726s195:MAC rxDone
1731935726s201:RXSLOT
1731935726s201:value of rxport: 201
###### D/L FRAME:0013 | PORT:201 | DR:3 | SLOT:C_MC | RSSI:-18 | SNR:12
1731935726s201:#####################FRAGDECODER PROCESS

.... FRAG_DECODER in Progress ....
EXPECTED   : 019 Fragments (02090 Bytes)
RECEIVED   : 014 Fragments
             01540 Bytes
LOST       : 000 Fragments

1731935726s205:RX_C on freq 869525000 Hz at DR 3
1731935726s206:#############OPENED CONTINUOUS RX C WINDOW
1731935733s217:MAC rxNotify
1731935733s218:NOTIFY
1731935733s218:MAC rxDone
1731935733s223:RXSLOT
1731935733s223:value of rxport: 201
###### D/L FRAME:0014 | PORT:201 | DR:3 | SLOT:C_MC | RSSI:-17 | SNR:11
1731935733s223:#####################FRAGDECODER PROCESS

.... FRAG_DECODER in Progress ....
EXPECTED   : 019 Fragments (02090 Bytes)
RECEIVED   : 015 Fragments
             01650 Bytes
LOST       : 000 Fragments

1731935733s228:RX_C on freq 869525000 Hz at DR 3
1731935733s229:#############OPENED CONTINUOUS RX C WINDOW
1731935740s246:MAC rxNotify
1731935740s246:NOTIFY
1731935740s246:MAC rxDone
1731935740s251:RXSLOT
1731935740s251:value of rxport: 201
###### D/L FRAME:0015 | PORT:201 | DR:3 | SLOT:C_MC | RSSI:-17 | SNR:12
1731935740s251:#####################FRAGDECODER PROCESS

.... FRAG_DECODER in Progress ....
EXPECTED   : 019 Fragments (02090 Bytes)
RECEIVED   : 016 Fragments
             01760 Bytes
LOST       : 000 Fragments

1731935740s256:RX_C on freq 869525000 Hz at DR 3
1731935740s257:#############OPENED CONTINUOUS RX C WINDOW
1731935747s276:MAC rxNotify
1731935747s276:NOTIFY
1731935747s276:MAC rxDone
1731935747s281:RXSLOT
1731935747s281:value of rxport: 201
###### D/L FRAME:0016 | PORT:201 | DR:3 | SLOT:C_MC | RSSI:-16 | SNR:12
1731935747s281:#####################FRAGDECODER PROCESS

.... FRAG_DECODER in Progress ....
EXPECTED   : 019 Fragments (02090 Bytes)
RECEIVED   : 017 Fragments
             01870 Bytes
LOST       : 000 Fragments

1731935747s285:RX_C on freq 869525000 Hz at DR 3
1731935747s286:#############OPENED CONTINUOUS RX C WINDOW
1731935749s322:MAC rxNotify
1731935749s322:NOTIFY
1731935749s322:MAC rxDone
1731935749s324:RXSLOT
1731935749s326:RX_C on freq 869525000 Hz at DR 3
1731935749s328:#############OPENED CONTINUOUS RX C WINDOW
1731935754s293:MAC rxNotify
1731935754s293:NOTIFY
1731935754s293:MAC rxDone
1731935754s298:RXSLOT
1731935754s298:value of rxport: 201
###### D/L FRAME:0017 | PORT:201 | DR:3 | SLOT:C_MC | RSSI:-17 | SNR:12
1731935754s298:#####################FRAGDECODER PROCESS

.... FRAG_DECODER in Progress ....
EXPECTED   : 019 Fragments (02090 Bytes)
RECEIVED   : 018 Fragments
             01980 Bytes
LOST       : 000 Fragments

1731935754s303:RX_C on freq 869525000 Hz at DR 3
1731935754s304:#############OPENED CONTINUOUS RX C WINDOW
1731935761s323:MAC rxNotify
1731935761s323:NOTIFY
1731935761s323:MAC rxDone
1731935761s327:RXSLOT
1731935761s327:value of rxport: 201
###### D/L FRAME:0018 | PORT:201 | DR:3 | SLOT:C_MC | RSSI:-15 | SNR:12
1731935761s327:#####################FRAGDECODER PROCESS

.... FRAG_DECODER in Progress ....
EXPECTED   : 019 Fragments (02090 Bytes)
RECEIVED   : 019 Fragments
             02090 Bytes
LOST       : 000 Fragments


.... FRAG_DECODER Finished ....
STATUS     : 0
1731935761s328:ALL FRAGMENTS RECEIVED

= [SBOOT] System Security Check successfully passed. Starting...


======================================================================
=              (C) COPYRIGHT 2017 STMicroelectronics                 =
=                                                                    =
=              Secure Boot and Secure Firmware Update                =
======================================================================


= [SBOOT] SECURE ENGINE INITIALIZATION SUCCESSFUL
= [SBOOT] STATE: CHECK STATUS ON RESET
	  INFO: A Reboot has been triggered by a Software reset!
= [SBOOT] STATE: CHECK NEW FIRMWARE TO DOWNLOAD
= [SBOOT] STATE: CHECK KMS BLOB TO INSTALL
= [SBOOT] STATE: CHECK USER FW STATUS
	  A FW is detected in the slot SLOT_ACTIVE_1
= [SBOOT] STATE: VERIFY USER FW SIGNATURE
= [SBOOT] STATE: EXECUTE USER FIRMWAREAPPLICATION_VERSION: V1.3.0
MW_LORAWAN_VERSION:  V2.5.0
MW_RADIO_VERSION:    V1.3.0
L2_SPEC_VERSION:     V1.0.4
RP_SPEC_VERSION:     V2-1.0.1
NVM DATA RESTORED
###### AppKey:      2B:7E:15:16:28:AE:D2:A6:AB:F7:15:88:09:CF:4F:3C
###### NwkKey:      2B:7E:15:16:28:AE:D2:A6:AB:F7:15:88:09:CF:4F:3C
###### AppSKey:     2C:FB:98:36:28:FF:51:AD:03:5F:E8:BF:43:9F:D8:01
###### NwkSKey:     48:53:CB:C6:F3:81:1F:F2:B5:07:F4:1C:DA:F0:A5:C6
###### DevEUI:      00:80:E1:15:05:AB:D0:6C
###### AppEUI:      01:01:01:01:01:01:01:01
###### DevAddr:     05:AB:D0:6C
###### KMS ENABLED