
= [SBOOT] System Security Check successfully passed. Starting...


======================================================================
=              (C) COPYRIGHT 2017 STMicroelectronics                 =
=                                                                    =
=              Secure Boot and Secure Firmware Update                =
======================================================================


= [SBOOT] SECURE ENGINE INITIALIZATION SUCCESSFUL
= [SBOOT] STATE: CHECK STATUS ON RESET
	  INFO: A Reboot has been triggered by a Hardware reset!
= [SBOOT] STATE: CHECK NEW FIRMWARE TO DOWNLOAD
= [SBOOT] STATE: CHECK KMS BLOB TO INSTALL
= [SBOOT] STATE: CHECK USER FW STATUS
	  A FW is detected in the slot SLOT_ACTIVE_1
= [SBOOT] STATE: VERIFY USER FW SIGNATURE
= [SBOOT] STATE: EXECUTE USER FIRMWAREAPPLICATION_VERSION: V1.3.0
MW_LORAWAN_VERSION:  V2.5.0
MW_RADIO_VERSION:    V1.3.0
L2_SPEC_VERSION:     V1.0.4
RP_SPEC_VERSION:     V2-1.0.1
NVM DATA RESTORED
###### AppKey:      2B:7E:15:16:28:AE:D2:A6:AB:F7:15:88:09:CF:4F:3C
###### NwkKey:      2B:7E:15:16:28:AE:D2:A6:AB:F7:15:88:09:CF:4F:3C
###### AppSKey:     AC:A0:C8:E4:C3:8D:EE:08:B6:14:A1:B7:58:FA:3F:B5
###### NwkSKey:     C9:72:0F:8C:C8:DD:79:AD:C9:B3:EB:21:C7:97:F0:12
###### DevEUI:      00:80:E1:15:05:AB:D0:6C
###### AppEUI:      01:01:01:01:01:01:01:01
###### DevAddr:     05:AB:D0:6C
###### KMS ENABLED

###### = JOINED = OTAA =====================
[31mNetwork joined, choose app to execute:
BTN1: TxTimer send uplink every 10 sec
BTN2: Airtime test
[0m
###### U/L FRAME:JOIN | DR:0 | PWR:1
###### MCRootKey:   7D:F7:6B:0C:1A:B8:99:B3:3E:42:F0:47:B9:1B:54:6F
###### MCKEKey:     8C:B8:66:5E:0C:0E:0B:64:5B:2E:D9:E4:8A:19:27:7C
###### AppSKey:     E9:03:3A:0B:22:5F:A1:9A:45:EC:AE:D0:B6:3C:DE:66
###### NwkSKey:     42:D2:4A:1E:7A:FB:12:5A:21:3D:46:34:FA:5E:3D:DD
###### DBIntKey:    7A:C4:7C:65:FE:25:9B:B6:54:BD:26:35:19:F8:9C:8E
###### DevEUI:      00:80:E1:15:05:AB:D0:6C
###### AppEUI:      01:01:01:01:01:01:01:01
###### DevAddr:     00:CF:D5:80
[32mStart tx timer regular[0m

###### ========== MCPS-Confirm =============
###### U/L FRAME:0001 | PORT:24 | DR:0 | PWR:1 | MSG TYPE:UNCONFIRMED
1731952679s226:value of rxport: 0
###### D/L FRAME:0000 | PORT:0 | DR:0 | SLOT:1 | RSSI:-12 | SNR:6
1731952705s555:Airtime test started: 0
1731952705s555:MAC Tx start packet size: 21
1731952705s559:TX on freq 867700000 Hz at DR 0
1731952705s559:RADIO SEND WITH size 21
1731952705s561:SEND REQUEST
1731952707s044:NOTIFY
1731952707s044:MAC txDone
1731952708s075:RX_1 on freq 867700000 Hz at DR 0
1731952708s273:IRQ_RX_TX_TIMEOUT
1731952708s273:NOTIFY
1731952708s273:MAC rxTimeOut
1731952709s075:RX_2 on freq 869525000 Hz at DR 0
1731952709s273:IRQ_RX_TX_TIMEOUT
1731952709s273:NOTIFY
1731952709s273:MAC rxTimeOut

###### ========== MCPS-Confirm =============
###### U/L FRAME:0002 | PORT:24 | DR:0 | PWR:1 | MSG TYPE:UNCONFIRMED
1731952735s561:Airtime test started: 0
1731952735s561:MAC Tx start packet size: 18
1731952735s565:TX on freq 867900000 Hz at DR 0
1731952735s565:RADIO SEND WITH size 18
1731952735s567:SEND REQUEST
1731952736s886:NOTIFY
1731952736s886:MAC txDone
1731952737s918:RX_1 on freq 867900000 Hz at DR 0
1731952738s116:IRQ_RX_TX_TIMEOUT
1731952738s116:NOTIFY
1731952738s116:MAC rxTimeOut
1731952738s918:RX_2 on freq 869525000 Hz at DR 0
1731952739s116:IRQ_RX_TX_TIMEOUT
1731952739s116:NOTIFY
1731952739s116:MAC rxTimeOut

###### ========== MCPS-Confirm =============
###### U/L FRAME:0003 | PORT:24 | DR:0 | PWR:1 | MSG TYPE:UNCONFIRMED
1731952765s567:Airtime test started: 0
1731952765s567:MAC Tx start packet size: 18
1731952765s571:TX on freq 867500000 Hz at DR 0
1731952765s571:RADIO SEND WITH size 18
1731952765s573:SEND REQUEST
1731952766s892:NOTIFY
1731952766s892:MAC txDone
1731952767s923:RX_1 on freq 867500000 Hz at DR 0
1731952768s122:IRQ_RX_TX_TIMEOUT
1731952768s122:NOTIFY
1731952768s122:MAC rxTimeOut
1731952768s923:RX_2 on freq 869525000 Hz at DR 0
1731952769s122:IRQ_RX_TX_TIMEOUT
1731952769s122:NOTIFY
1731952769s122:MAC rxTimeOut

###### ========== MCPS-Confirm =============
###### U/L FRAME:0004 | PORT:24 | DR:0 | PWR:1 | MSG TYPE:UNCONFIRMED
1731952795s573:Airtime test started: 0
1731952795s573:MAC Tx start packet size: 18
1731952795s577:TX on freq 867700000 Hz at DR 0
1731952795s577:RADIO SEND WITH size 18
1731952795s579:SEND REQUEST
1731952796s898:NOTIFY
1731952796s898:MAC txDone
1731952797s929:RX_1 on freq 867700000 Hz at DR 0
1731952798s128:IRQ_RX_TX_TIMEOUT
1731952798s128:NOTIFY
1731952798s128:MAC rxTimeOut
1731952798s929:RX_2 on freq 869525000 Hz at DR 0
1731952799s128:IRQ_RX_TX_TIMEOUT
1731952799s128:NOTIFY
1731952799s128:MAC rxTimeOut

###### ========== MCPS-Confirm =============
###### U/L FRAME:0005 | PORT:24 | DR:0 | PWR:1 | MSG TYPE:UNCONFIRMED
1731952825s579:Airtime test started: 0
1731952825s579:MAC Tx start packet size: 18
1731952825s583:TX on freq 867100000 Hz at DR 0
1731952825s583:RADIO SEND WITH size 18
1731952825s585:SEND REQUEST
1731952826s904:NOTIFY
1731952826s904:MAC txDone
1731952827s935:RX_1 on freq 867100000 Hz at DR 0
1731952828s133:IRQ_RX_TX_TIMEOUT
1731952828s133:NOTIFY
1731952828s133:MAC rxTimeOut
1731952828s935:RX_2 on freq 869525000 Hz at DR 0
1731952829s133:IRQ_RX_TX_TIMEOUT
1731952829s133:NOTIFY
1731952829s133:MAC rxTimeOut

###### ========== MCPS-Confirm =============
###### U/L FRAME:0006 | PORT:24 | DR:0 | PWR:1 | MSG TYPE:UNCONFIRMED
1731952855s585:Airtime test started: 0
1731952855s585:MAC Tx start packet size: 18
1731952855s589:TX on freq 867300000 Hz at DR 0
1731952855s589:RADIO SEND WITH size 18
1731952855s590:SEND REQUEST
1731952856s910:NOTIFY
1731952856s910:MAC txDone
1731952857s941:RX_1 on freq 867300000 Hz at DR 0
1731952858s139:IRQ_RX_TX_TIMEOUT
1731952858s139:NOTIFY
1731952858s139:MAC rxTimeOut
1731952858s941:RX_2 on freq 869525000 Hz at DR 0
1731952859s139:IRQ_RX_TX_TIMEOUT
1731952859s139:NOTIFY
1731952859s139:MAC rxTimeOut

###### ========== MCPS-Confirm =============
###### U/L FRAME:0007 | PORT:24 | DR:0 | PWR:1 | MSG TYPE:UNCONFIRMED
1731952885s590:Airtime test started: 0
1731952885s590:MAC Tx start packet size: 18
1731952885s594:TX on freq 868100000 Hz at DR 0
1731952885s594:RADIO SEND WITH size 18
1731952885s596:SEND REQUEST
1731952886s916:NOTIFY
1731952886s916:MAC txDone
1731952887s947:RX_1 on freq 868100000 Hz at DR 0
1731952888s145:IRQ_RX_TX_TIMEOUT
1731952888s145:NOTIFY
1731952888s145:MAC rxTimeOut
1731952888s947:RX_2 on freq 869525000 Hz at DR 0
1731952889s145:IRQ_RX_TX_TIMEOUT
1731952889s145:NOTIFY
1731952889s145:MAC rxTimeOut

###### ========== MCPS-Confirm =============
###### U/L FRAME:0008 | PORT:24 | DR:0 | PWR:1 | MSG TYPE:UNCONFIRMED
1731952915s596:Airtime test started: 0
1731952915s596:MAC Tx start packet size: 18
1731952915s600:TX on freq 868500000 Hz at DR 0
1731952915s600:RADIO SEND WITH size 18
1731952915s602:SEND REQUEST
1731952916s922:NOTIFY
1731952916s922:MAC txDone
1731952917s954:RX_1 on freq 868500000 Hz at DR 0
1731952918s152:IRQ_RX_TX_TIMEOUT
1731952918s152:NOTIFY
1731952918s152:MAC rxTimeOut
1731952918s954:RX_2 on freq 869525000 Hz at DR 0
1731952919s152:IRQ_RX_TX_TIMEOUT
1731952919s152:NOTIFY
1731952919s152:MAC rxTimeOut

###### ========== MCPS-Confirm =============
###### U/L FRAME:0009 | PORT:24 | DR:0 | PWR:1 | MSG TYPE:UNCONFIRMED
1731952945s602:Airtime test started: 0
1731952945s602:MAC Tx start packet size: 18
1731952945s606:TX on freq 867900000 Hz at DR 0
1731952945s606:RADIO SEND WITH size 18
1731952945s608:SEND REQUEST
1731952946s927:NOTIFY
1731952946s927:MAC txDone
1731952947s959:RX_1 on freq 867900000 Hz at DR 0
1731952948s157:IRQ_RX_TX_TIMEOUT
1731952948s157:NOTIFY
1731952948s157:MAC rxTimeOut
1731952948s959:RX_2 on freq 869525000 Hz at DR 0
1731952949s157:IRQ_RX_TX_TIMEOUT
1731952949s157:NOTIFY
1731952949s157:MAC rxTimeOut

###### ========== MCPS-Confirm =============
###### U/L FRAME:0010 | PORT:24 | DR:0 | PWR:1 | MSG TYPE:UNCONFIRMED
1731952975s608:Airtime test started: 0
1731952975s608:MAC Tx start packet size: 18
1731952975s612:TX on freq 868100000 Hz at DR 0
1731952975s612:RADIO SEND WITH size 18
1731952975s614:SEND REQUEST
1731952976s933:NOTIFY
1731952976s933:MAC txDone
1731952977s964:RX_1 on freq 868100000 Hz at DR 0
1731952978s163:IRQ_RX_TX_TIMEOUT
1731952978s163:NOTIFY
1731952978s163:MAC rxTimeOut
1731952978s964:RX_2 on freq 869525000 Hz at DR 0
1731952979s163:IRQ_RX_TX_TIMEOUT
1731952979s163:NOTIFY
1731952979s163:MAC rxTimeOut

###### ========== MCPS-Confirm =============
###### U/L FRAME:0011 | PORT:24 | DR:0 | PWR:1 | MSG TYPE:UNCONFIRMED
1731953005s614:Airtime test started: 0
1731953005s614:MAC Tx start packet size: 18
1731953005s618:TX on freq 867500000 Hz at DR 0
1731953005s618:RADIO SEND WITH size 18
1731953005s620:SEND REQUEST
1731953006s939:NOTIFY
1731953006s939:MAC txDone
1731953007s970:RX_1 on freq 867500000 Hz at DR 0
1731953010s107:MAC rxNotify
1731953010s107:NOTIFY
1731953010s107:MAC rxDone

###### ========== MCPS-Confirm =============
###### U/L FRAME:0012 | PORT:24 | DR:0 | PWR:1 | MSG TYPE:UNCONFIRMED
1731953010s111:value of rxport: 200
1731953010s111:MULTICAST CLASS C SETUP 2
###### D/L FRAME:0001 | PORT:200 | DR:0 | SLOT:1 | RSSI:-13 | SNR:5
1731953010s121:MAC Tx start packet size: 15
1731953010s125:TX on freq 867700000 Hz at DR 0
1731953010s126:RADIO SEND WITH size 15
ID          : 0
McAddr      : 83581E56
McKey       : B9-99-69-00-A2-BC-15-AF-88-25-9E-C8-87-D8-9B-2B
McFCountMin : 0
McFCountMax : 4294967295
SessionTime : 0
SessionTimeT: 1 s
Rx Freq     : 0
Rx DR       : DR_0
1731953011s282:NOTIFY
1731953011s282:MAC txDone
1731953012s313:RX_1 on freq 867700000 Hz at DR 0
1731953013s796:MAC rxNotify
1731953013s796:NOTIFY
1731953013s796:MAC rxDone

###### ========== MCPS-Confirm =============
###### U/L FRAME:0013 | PORT:200 | DR:0 | PWR:1 | MSG TYPE:UNCONFIRMED
1731953013s798:value of rxport: 201
###### D/L FRAME:0002 | PORT:201 | DR:0 | SLOT:1 | RSSI:-13 | SNR:7
1731953013s798:#####################FRAGDECODER INIT
1731953017s680:MAC Tx start packet size: 15
1731953017s684:TX on freq 868500000 Hz at DR 0
1731953017s684:RADIO SEND WITH size 15
1731953018s841:NOTIFY
1731953018s841:MAC txDone
1731953019s873:RX_1 on freq 868500000 Hz at DR 0
1731953021s354:MAC rxNotify
1731953021s354:NOTIFY
1731953021s355:MAC rxDone

###### ========== MCPS-Confirm =============
###### U/L FRAME:0014 | PORT:201 | DR:0 | PWR:1 | MSG TYPE:UNCONFIRMED
1731953021s357:value of rxport: 200
1731953021s358:MULTICAST CLASS C SETUP 4
###### D/L FRAME:0003 | PORT:200 | DR:0 | SLOT:1 | RSSI:-13 | SNR:6
Time2SessionStart: 298000 ms
1731953021s358:MAC Tx start packet size: 18
1731953021s362:TX on freq 867300000 Hz at DR 0
1731953021s363:RADIO SEND WITH size 18
ID          : 0
McAddr      : 83581E56
McKey       : B9-99-69-00-A2-BC-15-AF-88-25-9E-C8-87-D8-9B-2B
McFCountMin : 0
McFCountMax : 4294967295
SessionTime : 1731953319
SessionTimeT: 4096 s
Rx Freq     : 869525000
Rx DR       : DR_0
1731953022s683:NOTIFY
1731953022s683:MAC txDone
1731953023s714:RX_1 on freq 867300000 Hz at DR 0
1731953023s913:IRQ_RX_TX_TIMEOUT
1731953023s913:NOTIFY
1731953023s913:MAC rxTimeOut
1731953024s714:RX_2 on freq 869525000 Hz at DR 0
1731953024s913:IRQ_RX_TX_TIMEOUT
1731953024s913:NOTIFY
1731953024s913:MAC rxTimeOut

###### ========== MCPS-Confirm =============
###### U/L FRAME:0015 | PORT:200 | DR:0 | PWR:1 | MSG TYPE:UNCONFIRMED
1731953319s358:[SWITCHCLASS class C]
1731953319s373:RX_C on freq 869525000 Hz at DR 0
1731953319s375:#############OPENED CONTINUOUS RX C WINDOW
Switch to Class C done
1731953323s706:MAC rxNotify
1731953323s706:NOTIFY
1731953323s706:MAC rxDone
1731953323s709:RXSLOT
1731953323s709:value of rxport: 201
###### D/L FRAME:0000 | PORT:201 | DR:0 | SLOT:C_MC | RSSI:-12 | SNR:6
1731953323s709:#####################FRAGDECODER PROCESS

.... FRAG_DECODER in Progress ....
EXPECTED   : 052 Fragments (02028 Bytes)
RECEIVED   : 001 Fragments
             00039 Bytes
LOST       : 000 Fragments

1731953323s714:RX_C on freq 869525000 Hz at DR 0
1731953323s714:#############OPENED CONTINUOUS RX C WINDOW
1731953343s771:MAC rxNotify
1731953343s771:NOTIFY
1731953343s771:MAC rxDone
1731953343s775:RXSLOT
1731953343s775:value of rxport: 201
###### D/L FRAME:0001 | PORT:201 | DR:0 | SLOT:C_MC | RSSI:-12 | SNR:5
1731953343s775:#####################FRAGDECODER PROCESS

.... FRAG_DECODER in Progress ....
EXPECTED   : 052 Fragments (02028 Bytes)
RECEIVED   : 002 Fragments
             00078 Bytes
LOST       : 000 Fragments

1731953343s780:RX_C on freq 869525000 Hz at DR 0
1731953343s781:#############OPENED CONTINUOUS RX C WINDOW
1731953364s822:MAC rxNotify
1731953364s822:NOTIFY
1731953364s822:MAC rxDone
1731953364s825:RXSLOT
1731953364s825:value of rxport: 201
###### D/L FRAME:0002 | PORT:201 | DR:0 | SLOT:C_MC | RSSI:-10 | SNR:5
1731953364s825:#####################FRAGDECODER PROCESS

.... FRAG_DECODER in Progress ....
EXPECTED   : 052 Fragments (02028 Bytes)
RECEIVED   : 003 Fragments
             00117 Bytes
LOST       : 000 Fragments

1731953364s830:RX_C on freq 869525000 Hz at DR 0
1731953364s831:#############OPENED CONTINUOUS RX C WINDOW
1731953385s884:MAC rxNotify
1731953385s884:NOTIFY
1731953385s884:MAC rxDone
1731953385s887:RXSLOT
1731953385s887:value of rxport: 201
###### D/L FRAME:0003 | PORT:201 | DR:0 | SLOT:C_MC | RSSI:-10 | SNR:5
1731953385s887:#####################FRAGDECODER PROCESS

.... FRAG_DECODER in Progress ....
EXPECTED   : 052 Fragments (02028 Bytes)
RECEIVED   : 004 Fragments
             00156 Bytes
LOST       : 000 Fragments

1731953385s892:RX_C on freq 869525000 Hz at DR 0
1731953385s893:#############OPENED CONTINUOUS RX C WINDOW
1731953405s931:MAC rxNotify
1731953405s931:NOTIFY
1731953405s931:MAC rxDone
1731953405s934:RXSLOT
1731953405s934:value of rxport: 201
###### D/L FRAME:0004 | PORT:201 | DR:0 | SLOT:C_MC | RSSI:-12 | SNR:6
1731953405s934:#####################FRAGDECODER PROCESS

.... FRAG_DECODER in Progress ....
EXPECTED   : 052 Fragments (02028 Bytes)
RECEIVED   : 005 Fragments
             00195 Bytes
LOST       : 000 Fragments

1731953405s939:RX_C on freq 869525000 Hz at DR 0
1731953405s940:#############OPENED CONTINUOUS RX C WINDOW
1731953426s995:MAC rxNotify
1731953426s995:NOTIFY
1731953426s995:MAC rxDone
1731953426s998:RXSLOT
1731953426s998:value of rxport: 201
###### D/L FRAME:0005 | PORT:201 | DR:0 | SLOT:C_MC | RSSI:-10 | SNR:5
1731953426s998:#####################FRAGDECODER PROCESS

.... FRAG_DECODER in Progress ....
EXPECTED   : 052 Fragments (02028 Bytes)
RECEIVED   : 006 Fragments
             00234 Bytes
LOST       : 000 Fragments

1731953427s003:RX_C on freq 869525000 Hz at DR 0
1731953427s004:#############OPENED CONTINUOUS RX C WINDOW
1731953448s057:MAC rxNotify
1731953448s057:NOTIFY
1731953448s057:MAC rxDone
1731953448s060:RXSLOT
1731953448s060:value of rxport: 201
###### D/L FRAME:0006 | PORT:201 | DR:0 | SLOT:C_MC | RSSI:-10 | SNR:5
1731953448s060:#####################FRAGDECODER PROCESS

.... FRAG_DECODER in Progress ....
EXPECTED   : 052 Fragments (02028 Bytes)
RECEIVED   : 007 Fragments
             00273 Bytes
LOST       : 000 Fragments

1731953448s065:RX_C on freq 869525000 Hz at DR 0
1731953448s066:#############OPENED CONTINUOUS RX C WINDOW
1731953468s117:MAC rxNotify
1731953468s117:NOTIFY
1731953468s117:MAC rxDone
1731953468s120:RXSLOT
1731953468s120:value of rxport: 201
###### D/L FRAME:0007 | PORT:201 | DR:0 | SLOT:C_MC | RSSI:-10 | SNR:5
1731953468s120:#####################FRAGDECODER PROCESS

.... FRAG_DECODER in Progress ....
EXPECTED   : 052 Fragments (02028 Bytes)
RECEIVED   : 008 Fragments
             00312 Bytes
LOST       : 000 Fragments

1731953468s125:RX_C on freq 869525000 Hz at DR 0
1731953468s126:#############OPENED CONTINUOUS RX C WINDOW
1731953489s180:MAC rxNotify
1731953489s180:NOTIFY
1731953489s180:MAC rxDone
1731953489s183:RXSLOT
1731953489s183:value of rxport: 201
###### D/L FRAME:0008 | PORT:201 | DR:0 | SLOT:C_MC | RSSI:-11 | SNR:5
1731953489s183:#####################FRAGDECODER PROCESS

.... FRAG_DECODER in Progress ....
EXPECTED   : 052 Fragments (02028 Bytes)
RECEIVED   : 009 Fragments
             00351 Bytes
LOST       : 000 Fragments

1731953489s188:RX_C on freq 869525000 Hz at DR 0
1731953489s189:#############OPENED CONTINUOUS RX C WINDOW
1731953509s245:MAC rxNotify
1731953509s245:NOTIFY
1731953509s245:MAC rxDone
1731953509s248:RXSLOT
1731953509s248:value of rxport: 201
###### D/L FRAME:0009 | PORT:201 | DR:0 | SLOT:C_MC | RSSI:-10 | SNR:5
1731953509s248:#####################FRAGDECODER PROCESS

.... FRAG_DECODER in Progress ....
EXPECTED   : 052 Fragments (02028 Bytes)
RECEIVED   : 010 Fragments
             00390 Bytes
LOST       : 000 Fragments

1731953509s253:RX_C on freq 869525000 Hz at DR 0
1731953509s254:#############OPENED CONTINUOUS RX C WINDOW
1731953525s818:MAC rxNotify
1731953525s818:NOTIFY
1731953525s818:MAC rxDone
1731953525s820:RXSLOT
1731953525s823:RX_C on freq 869525000 Hz at DR 0
1731953525s825:#############OPENED CONTINUOUS RX C WINDOW
1731953530s303:MAC rxNotify
1731953530s303:NOTIFY
1731953530s303:MAC rxDone
1731953530s306:RXSLOT
1731953530s306:value of rxport: 201
###### D/L FRAME:0010 | PORT:201 | DR:0 | SLOT:C_MC | RSSI:-10 | SNR:5
1731953530s306:#####################FRAGDECODER PROCESS

.... FRAG_DECODER in Progress ....
EXPECTED   : 052 Fragments (02028 Bytes)
RECEIVED   : 011 Fragments
             00429 Bytes
LOST       : 000 Fragments

1731953530s311:RX_C on freq 869525000 Hz at DR 0
1731953530s312:#############OPENED CONTINUOUS RX C WINDOW
1731953551s366:MAC rxNotify
1731953551s366:NOTIFY
1731953551s366:MAC rxDone
1731953551s369:RXSLOT
1731953551s369:value of rxport: 201
###### D/L FRAME:0011 | PORT:201 | DR:0 | SLOT:C_MC | RSSI:-11 | SNR:6
1731953551s369:#####################FRAGDECODER PROCESS

.... FRAG_DECODER in Progress ....
EXPECTED   : 052 Fragments (02028 Bytes)
RECEIVED   : 012 Fragments
             00468 Bytes
LOST       : 000 Fragments

1731953551s374:RX_C on freq 869525000 Hz at DR 0
1731953551s375:#############OPENED CONTINUOUS RX C WINDOW
1731953571s423:MAC rxNotify
1731953571s423:NOTIFY
1731953571s423:MAC rxDone
1731953571s425:RXSLOT
1731953571s425:value of rxport: 201
###### D/L FRAME:0012 | PORT:201 | DR:0 | SLOT:C_MC | RSSI:-12 | SNR:5
1731953571s425:#####################FRAGDECODER PROCESS

.... FRAG_DECODER in Progress ....
EXPECTED   : 052 Fragments (02028 Bytes)
RECEIVED   : 013 Fragments
             00507 Bytes
LOST       : 000 Fragments

1731953571s430:RX_C on freq 869525000 Hz at DR 0
1731953571s431:#############OPENED CONTINUOUS RX C WINDOW
1731953592s470:MAC rxNotify
1731953592s470:NOTIFY
1731953592s470:MAC rxDone
1731953592s473:RXSLOT
1731953592s473:value of rxport: 201
###### D/L FRAME:0013 | PORT:201 | DR:0 | SLOT:C_MC | RSSI:-11 | SNR:5
1731953592s473:#####################FRAGDECODER PROCESS

.... FRAG_DECODER in Progress ....
EXPECTED   : 052 Fragments (02028 Bytes)
RECEIVED   : 014 Fragments
             00546 Bytes
LOST       : 000 Fragments

1731953592s478:RX_C on freq 869525000 Hz at DR 0
1731953592s479:#############OPENED CONTINUOUS RX C WINDOW
1731953613s529:MAC rxNotify
1731953613s529:NOTIFY
1731953613s529:MAC rxDone
1731953613s532:RXSLOT
1731953613s532:value of rxport: 201
###### D/L FRAME:0014 | PORT:201 | DR:0 | SLOT:C_MC | RSSI:-13 | SNR:5
1731953613s532:#####################FRAGDECODER PROCESS

.... FRAG_DECODER in Progress ....
EXPECTED   : 052 Fragments (02028 Bytes)
RECEIVED   : 015 Fragments
             00585 Bytes
LOST       : 000 Fragments

1731953613s537:RX_C on freq 869525000 Hz at DR 0
1731953613s538:#############OPENED CONTINUOUS RX C WINDOW
1731953633s587:MAC rxNotify
1731953633s587:NOTIFY
1731953633s587:MAC rxDone
1731953633s589:RXSLOT
1731953633s589:value of rxport: 201
###### D/L FRAME:0015 | PORT:201 | DR:0 | SLOT:C_MC | RSSI:-12 | SNR:5
1731953633s589:#####################FRAGDECODER PROCESS

.... FRAG_DECODER in Progress ....
EXPECTED   : 052 Fragments (02028 Bytes)
RECEIVED   : 016 Fragments
             00624 Bytes
LOST       : 000 Fragments

1731953633s594:RX_C on freq 869525000 Hz at DR 0
1731953633s595:#############OPENED CONTINUOUS RX C WINDOW
1731953654s648:MAC rxNotify
1731953654s648:NOTIFY
1731953654s648:MAC rxDone
1731953654s651:RXSLOT
1731953654s651:value of rxport: 201
###### D/L FRAME:0016 | PORT:201 | DR:0 | SLOT:C_MC | RSSI:-13 | SNR:5
1731953654s651:#####################FRAGDECODER PROCESS

.... FRAG_DECODER in Progress ....
EXPECTED   : 052 Fragments (02028 Bytes)
RECEIVED   : 017 Fragments
             00663 Bytes
LOST       : 000 Fragments

1731953654s656:RX_C on freq 869525000 Hz at DR 0
1731953654s657:#############OPENED CONTINUOUS RX C WINDOW
1731953672s921:MAC rxNotify
1731953672s921:NOTIFY
1731953672s921:MAC rxDone
1731953672s923:RXSLOT
1731953672s925:RX_C on freq 869525000 Hz at DR 0
1731953672s927:#############OPENED CONTINUOUS RX C WINDOW
1731953675s712:MAC rxNotify
1731953675s712:NOTIFY
1731953675s712:MAC rxDone
1731953675s715:RXSLOT
1731953675s715:value of rxport: 201
###### D/L FRAME:0017 | PORT:201 | DR:0 | SLOT:C_MC | RSSI:-12 | SNR:5
1731953675s715:#####################FRAGDECODER PROCESS

.... FRAG_DECODER in Progress ....
EXPECTED   : 052 Fragments (02028 Bytes)
RECEIVED   : 018 Fragments
             00702 Bytes
LOST       : 000 Fragments

1731953675s720:RX_C on freq 869525000 Hz at DR 0
1731953675s721:#############OPENED CONTINUOUS RX C WINDOW
1731953695s764:MAC rxNotify
1731953695s764:NOTIFY
1731953695s764:MAC rxDone
1731953695s767:RXSLOT
1731953695s767:value of rxport: 201
###### D/L FRAME:0018 | PORT:201 | DR:0 | SLOT:C_MC | RSSI:-11 | SNR:5
1731953695s767:#####################FRAGDECODER PROCESS

.... FRAG_DECODER in Progress ....
EXPECTED   : 052 Fragments (02028 Bytes)
RECEIVED   : 019 Fragments
             00741 Bytes
LOST       : 000 Fragments

1731953695s772:RX_C on freq 869525000 Hz at DR 0
1731953695s773:#############OPENED CONTINUOUS RX C WINDOW
1731953716s831:MAC rxNotify
1731953716s831:NOTIFY
1731953716s831:MAC rxDone
1731953716s834:RXSLOT
1731953716s834:value of rxport: 201
###### D/L FRAME:0019 | PORT:201 | DR:0 | SLOT:C_MC | RSSI:-11 | SNR:5
1731953716s834:#####################FRAGDECODER PROCESS

.... FRAG_DECODER in Progress ....
EXPECTED   : 052 Fragments (02028 Bytes)
RECEIVED   : 020 Fragments
             00780 Bytes
LOST       : 000 Fragments

1731953716s839:RX_C on freq 869525000 Hz at DR 0
1731953716s839:#############OPENED CONTINUOUS RX C WINDOW
1731953737s884:MAC rxNotify
1731953737s884:NOTIFY
1731953737s884:MAC rxDone
1731953737s888:RXSLOT
1731953737s888:value of rxport: 201
###### D/L FRAME:0020 | PORT:201 | DR:0 | SLOT:C_MC | RSSI:-12 | SNR:5
1731953737s888:#####################FRAGDECODER PROCESS

.... FRAG_DECODER in Progress ....
EXPECTED   : 052 Fragments (02028 Bytes)
RECEIVED   : 021 Fragments
             00819 Bytes
LOST       : 000 Fragments

1731953737s893:RX_C on freq 869525000 Hz at DR 0
1731953737s894:#############OPENED CONTINUOUS RX C WINDOW
1731953757s935:MAC rxNotify
1731953757s935:NOTIFY
1731953757s935:MAC rxDone
1731953757s938:RXSLOT
1731953757s938:value of rxport: 201
###### D/L FRAME:0021 | PORT:201 | DR:0 | SLOT:C_MC | RSSI:-12 | SNR:5
1731953757s938:#####################FRAGDECODER PROCESS

.... FRAG_DECODER in Progress ....
EXPECTED   : 052 Fragments (02028 Bytes)
RECEIVED   : 022 Fragments
             00858 Bytes
LOST       : 000 Fragments

1731953757s943:RX_C on freq 869525000 Hz at DR 0
1731953757s944:#############OPENED CONTINUOUS RX C WINDOW
1731953778s996:MAC rxNotify
1731953778s996:NOTIFY
1731953778s996:MAC rxDone
1731953778s999:RXSLOT
1731953778s999:value of rxport: 201
###### D/L FRAME:0022 | PORT:201 | DR:0 | SLOT:C_MC | RSSI:-11 | SNR:5
1731953778s999:#####################FRAGDECODER PROCESS

.... FRAG_DECODER in Progress ....
EXPECTED   : 052 Fragments (02028 Bytes)
RECEIVED   : 023 Fragments
             00897 Bytes
LOST       : 000 Fragments

1731953779s004:RX_C on freq 869525000 Hz at DR 0
1731953779s005:#############OPENED CONTINUOUS RX C WINDOW
1731953800s049:MAC rxNotify
1731953800s049:NOTIFY
1731953800s049:MAC rxDone
1731953800s052:RXSLOT
1731953800s052:value of rxport: 201
###### D/L FRAME:0023 | PORT:201 | DR:0 | SLOT:C_MC | RSSI:-14 | SNR:5
1731953800s052:#####################FRAGDECODER PROCESS

.... FRAG_DECODER in Progress ....
EXPECTED   : 052 Fragments (02028 Bytes)
RECEIVED   : 024 Fragments
             00936 Bytes
LOST       : 000 Fragments

1731953800s057:RX_C on freq 869525000 Hz at DR 0
1731953800s058:#############OPENED CONTINUOUS RX C WINDOW
1731953820s102:MAC rxNotify
1731953820s102:NOTIFY
1731953820s102:MAC rxDone
1731953820s105:RXSLOT
1731953820s105:value of rxport: 201
###### D/L FRAME:0024 | PORT:201 | DR:0 | SLOT:C_MC | RSSI:-13 | SNR:5
1731953820s105:#####################FRAGDECODER PROCESS

.... FRAG_DECODER in Progress ....
EXPECTED   : 052 Fragments (02028 Bytes)
RECEIVED   : 025 Fragments
             00975 Bytes
LOST       : 000 Fragments

1731953820s110:RX_C on freq 869525000 Hz at DR 0
1731953820s111:#############OPENED CONTINUOUS RX C WINDOW
1731953841s168:MAC rxNotify
1731953841s168:NOTIFY
1731953841s168:MAC rxDone
1731953841s171:RXSLOT
1731953841s171:value of rxport: 201
###### D/L FRAME:0025 | PORT:201 | DR:0 | SLOT:C_MC | RSSI:-13 | SNR:5
1731953841s171:#####################FRAGDECODER PROCESS

.... FRAG_DECODER in Progress ....
EXPECTED   : 052 Fragments (02028 Bytes)
RECEIVED   : 026 Fragments
             01014 Bytes
LOST       : 000 Fragments

1731953841s175:RX_C on freq 869525000 Hz at DR 0
1731953841s176:#############OPENED CONTINUOUS RX C WINDOW
1731953853s754:MAC rxNotify
1731953853s754:NOTIFY
1731953853s754:MAC rxDone
1731953853s756:RXSLOT
1731953853s758:RX_C on freq 869525000 Hz at DR 0
1731953853s760:#############OPENED CONTINUOUS RX C WINDOW
1731953862s230:MAC rxNotify
1731953862s230:NOTIFY
1731953862s230:MAC rxDone
1731953862s233:RXSLOT
1731953862s233:value of rxport: 201
###### D/L FRAME:0026 | PORT:201 | DR:0 | SLOT:C_MC | RSSI:-11 | SNR:5
1731953862s233:#####################FRAGDECODER PROCESS

.... FRAG_DECODER in Progress ....
EXPECTED   : 052 Fragments (02028 Bytes)
RECEIVED   : 027 Fragments
             01053 Bytes
LOST       : 000 Fragments

1731953862s238:RX_C on freq 869525000 Hz at DR 0
1731953862s239:#############OPENED CONTINUOUS RX C WINDOW
1731953882s288:MAC rxNotify
1731953882s288:NOTIFY
1731953882s288:MAC rxDone
1731953882s291:RXSLOT
1731953882s291:value of rxport: 201
###### D/L FRAME:0027 | PORT:201 | DR:0 | SLOT:C_MC | RSSI:-13 | SNR:5
1731953882s291:#####################FRAGDECODER PROCESS

.... FRAG_DECODER in Progress ....
EXPECTED   : 052 Fragments (02028 Bytes)
RECEIVED   : 028 Fragments
             01092 Bytes
LOST       : 000 Fragments

1731953882s296:RX_C on freq 869525000 Hz at DR 0
1731953882s297:#############OPENED CONTINUOUS RX C WINDOW
1731953903s345:MAC rxNotify
1731953903s345:NOTIFY
1731953903s345:MAC rxDone
1731953903s348:RXSLOT
1731953903s348:value of rxport: 201
###### D/L FRAME:0028 | PORT:201 | DR:0 | SLOT:C_MC | RSSI:-12 | SNR:5
1731953903s348:#####################FRAGDECODER PROCESS

.... FRAG_DECODER in Progress ....
EXPECTED   : 052 Fragments (02028 Bytes)
RECEIVED   : 029 Fragments
             01131 Bytes
LOST       : 000 Fragments

1731953903s353:RX_C on freq 869525000 Hz at DR 0
1731953903s354:#############OPENED CONTINUOUS RX C WINDOW
1731953924s402:MAC rxNotify
1731953924s402:NOTIFY
1731953924s402:MAC rxDone
1731953924s405:RXSLOT
1731953924s405:value of rxport: 201
###### D/L FRAME:0029 | PORT:201 | DR:0 | SLOT:C_MC | RSSI:-12 | SNR:5
1731953924s405:#####################FRAGDECODER PROCESS

.... FRAG_DECODER in Progress ....
EXPECTED   : 052 Fragments (02028 Bytes)
RECEIVED   : 030 Fragments
             01170 Bytes
LOST       : 000 Fragments

1731953924s410:RX_C on freq 869525000 Hz at DR 0
1731953924s411:#############OPENED CONTINUOUS RX C WINDOW
1731953944s453:MAC rxNotify
1731953944s453:NOTIFY
1731953944s453:MAC rxDone
1731953944s457:RXSLOT
1731953944s457:value of rxport: 201
###### D/L FRAME:0030 | PORT:201 | DR:0 | SLOT:C_MC | RSSI:-12 | SNR:5
1731953944s457:#####################FRAGDECODER PROCESS

.... FRAG_DECODER in Progress ....
EXPECTED   : 052 Fragments (02028 Bytes)
RECEIVED   : 031 Fragments
             01209 Bytes
LOST       : 000 Fragments

1731953944s462:RX_C on freq 869525000 Hz at DR 0
1731953944s463:#############OPENED CONTINUOUS RX C WINDOW
1731953965s512:MAC rxNotify
1731953965s512:NOTIFY
1731953965s512:MAC rxDone
1731953965s515:RXSLOT
1731953965s515:value of rxport: 201
###### D/L FRAME:0031 | PORT:201 | DR:0 | SLOT:C_MC | RSSI:-12 | SNR:5
1731953965s515:#####################FRAGDECODER PROCESS

.... FRAG_DECODER in Progress ....
EXPECTED   : 052 Fragments (02028 Bytes)
RECEIVED   : 032 Fragments
             01248 Bytes
LOST       : 000 Fragments

1731953965s520:RX_C on freq 869525000 Hz at DR 0
1731953965s521:#############OPENED CONTINUOUS RX C WINDOW
1731953986s573:MAC rxNotify
1731953986s573:NOTIFY
1731953986s573:MAC rxDone
1731953986s576:RXSLOT
1731953986s576:value of rxport: 201
###### D/L FRAME:0032 | PORT:201 | DR:0 | SLOT:C_MC | RSSI:-13 | SNR:5
1731953986s576:#####################FRAGDECODER PROCESS

.... FRAG_DECODER in Progress ....
EXPECTED   : 052 Fragments (02028 Bytes)
RECEIVED   : 033 Fragments
             01287 Bytes
LOST       : 000 Fragments

1731953986s581:RX_C on freq 869525000 Hz at DR 0
1731953986s582:#############OPENED CONTINUOUS RX C WINDOW
1731953999s109:MAC rxNotify
1731953999s109:NOTIFY
1731953999s109:MAC rxDone
1731953999s112:RXSLOT
1731953999s115:RX_C on freq 869525000 Hz at DR 0
1731953999s117:#############OPENED CONTINUOUS RX C WINDOW
1731954006s624:MAC rxNotify
1731954006s624:NOTIFY
1731954006s624:MAC rxDone
1731954006s627:RXSLOT
1731954006s627:value of rxport: 201
###### D/L FRAME:0033 | PORT:201 | DR:0 | SLOT:C_MC | RSSI:-14 | SNR:5
1731954006s627:#####################FRAGDECODER PROCESS

.... FRAG_DECODER in Progress ....
EXPECTED   : 052 Fragments (02028 Bytes)
RECEIVED   : 034 Fragments
             01326 Bytes
LOST       : 000 Fragments

1731954006s631:RX_C on freq 869525000 Hz at DR 0
1731954006s632:#############OPENED CONTINUOUS RX C WINDOW
1731954025s314:MAC rxNotify
1731954025s314:NOTIFY
1731954025s314:MAC rxDone
1731954025s314:IRQ_CRC_ERROR
1731954025s314:NOTIFY
1731954025s316:RXSLOT
1731954025s316:RXSLOT
1731954025s319:RX_C on freq 869525000 Hz at DR 0
1731954025s321:#############OPENED CONTINUOUS RX C WINDOW
1731954027s679:MAC rxNotify
1731954027s679:NOTIFY
1731954027s679:MAC rxDone
1731954027s682:RXSLOT
1731954027s682:value of rxport: 201
###### D/L FRAME:0034 | PORT:201 | DR:0 | SLOT:C_MC | RSSI:-13 | SNR:5
1731954027s682:#####################FRAGDECODER PROCESS

.... FRAG_DECODER in Progress ....
EXPECTED   : 052 Fragments (02028 Bytes)
RECEIVED   : 035 Fragments
             01365 Bytes
LOST       : 000 Fragments

1731954027s687:RX_C on freq 869525000 Hz at DR 0
1731954027s688:#############OPENED CONTINUOUS RX C WINDOW
1731954048s738:MAC rxNotify
1731954048s738:NOTIFY
1731954048s738:MAC rxDone
1731954048s741:RXSLOT
1731954048s741:value of rxport: 201
###### D/L FRAME:0035 | PORT:201 | DR:0 | SLOT:C_MC | RSSI:-13 | SNR:5
1731954048s741:#####################FRAGDECODER PROCESS

.... FRAG_DECODER in Progress ....
EXPECTED   : 052 Fragments (02028 Bytes)
RECEIVED   : 036 Fragments
             01404 Bytes
LOST       : 000 Fragments

1731954048s746:RX_C on freq 869525000 Hz at DR 0
1731954048s747:#############OPENED CONTINUOUS RX C WINDOW
1731954066s964:MAC rxNotify
1731954066s964:NOTIFY
1731954066s964:MAC rxDone
1731954066s964:IRQ_CRC_ERROR
1731954066s964:NOTIFY
1731954066s966:RXSLOT
1731954066s966:RXSLOT
1731954066s969:RX_C on freq 869525000 Hz at DR 0
1731954066s971:#############OPENED CONTINUOUS RX C WINDOW
1731954089s842:MAC rxNotify
1731954089s842:NOTIFY
1731954089s842:MAC rxDone
1731954089s845:RXSLOT
1731954089s845:value of rxport: 201
###### D/L FRAME:0037 | PORT:201 | DR:0 | SLOT:C_MC | RSSI:-12 | SNR:5
1731954089s845:#####################FRAGDECODER PROCESS

.... FRAG_DECODER in Progress ....
EXPECTED   : 052 Fragments (02028 Bytes)
RECEIVED   : 037 Fragments
             01443 Bytes
LOST       : 001 Fragments

1731954089s850:RX_C on freq 869525000 Hz at DR 0
1731954089s851:#############OPENED CONTINUOUS RX C WINDOW
1731954110s899:MAC rxNotify
1731954110s899:NOTIFY
1731954110s899:MAC rxDone
1731954110s902:RXSLOT
1731954110s902:value of rxport: 201
###### D/L FRAME:0038 | PORT:201 | DR:0 | SLOT:C_MC | RSSI:-13 | SNR:5
1731954110s902:#####################FRAGDECODER PROCESS

.... FRAG_DECODER in Progress ....
EXPECTED   : 052 Fragments (02028 Bytes)
RECEIVED   : 038 Fragments
             01482 Bytes
LOST       : 001 Fragments

1731954110s907:RX_C on freq 869525000 Hz at DR 0
1731954110s908:#############OPENED CONTINUOUS RX C WINDOW
1731954130s952:MAC rxNotify
1731954130s952:NOTIFY
1731954130s952:MAC rxDone
1731954130s955:RXSLOT
1731954130s955:value of rxport: 201
###### D/L FRAME:0039 | PORT:201 | DR:0 | SLOT:C_MC | RSSI:-14 | SNR:5
1731954130s955:#####################FRAGDECODER PROCESS

.... FRAG_DECODER in Progress ....
EXPECTED   : 052 Fragments (02028 Bytes)
RECEIVED   : 039 Fragments
             01521 Bytes
LOST       : 001 Fragments

1731954130s960:RX_C on freq 869525000 Hz at DR 0
1731954130s961:#############OPENED CONTINUOUS RX C WINDOW
1731954151s996:MAC rxNotify
1731954151s996:NOTIFY
1731954151s996:MAC rxDone
1731954151s999:RXSLOT
1731954151s999:value of rxport: 201
###### D/L FRAME:0040 | PORT:201 | DR:0 | SLOT:C_MC | RSSI:-12 | SNR:5
1731954151s999:#####################FRAGDECODER PROCESS

.... FRAG_DECODER in Progress ....
EXPECTED   : 052 Fragments (02028 Bytes)
RECEIVED   : 040 Fragments
             01560 Bytes
LOST       : 001 Fragments

1731954152s004:RX_C on freq 869525000 Hz at DR 0
1731954152s005:#############OPENED CONTINUOUS RX C WINDOW
1731954173s053:MAC rxNotify
1731954173s053:NOTIFY
1731954173s053:MAC rxDone
1731954173s056:RXSLOT
1731954173s056:value of rxport: 201
###### D/L FRAME:0041 | PORT:201 | DR:0 | SLOT:C_MC | RSSI:-12 | SNR:5
1731954173s056:#####################FRAGDECODER PROCESS

.... FRAG_DECODER in Progress ....
EXPECTED   : 052 Fragments (02028 Bytes)
RECEIVED   : 041 Fragments
             01599 Bytes
LOST       : 001 Fragments

1731954173s061:RX_C on freq 869525000 Hz at DR 0
1731954173s062:#############OPENED CONTINUOUS RX C WINDOW
1731954183s999:MAC rxNotify
1731954183s999:NOTIFY
1731954183s999:MAC rxDone
1731954184s001:RXSLOT
1731954184s004:RX_C on freq 869525000 Hz at DR 0
1731954184s006:#############OPENED CONTINUOUS RX C WINDOW
1731954193s106:MAC rxNotify
1731954193s106:NOTIFY
1731954193s106:MAC rxDone
1731954193s109:RXSLOT
1731954193s109:value of rxport: 201
###### D/L FRAME:0042 | PORT:201 | DR:0 | SLOT:C_MC | RSSI:-11 | SNR:5
1731954193s109:#####################FRAGDECODER PROCESS

.... FRAG_DECODER in Progress ....
EXPECTED   : 052 Fragments (02028 Bytes)
RECEIVED   : 042 Fragments
             01638 Bytes
LOST       : 001 Fragments

1731954193s114:RX_C on freq 869525000 Hz at DR 0
1731954193s115:#############OPENED CONTINUOUS RX C WINDOW
1731954214s161:MAC rxNotify
1731954214s161:NOTIFY
1731954214s161:MAC rxDone
1731954214s165:RXSLOT
1731954214s165:value of rxport: 201
###### D/L FRAME:0043 | PORT:201 | DR:0 | SLOT:C_MC | RSSI:-11 | SNR:5
1731954214s165:#####################FRAGDECODER PROCESS

.... FRAG_DECODER in Progress ....
EXPECTED   : 052 Fragments (02028 Bytes)
RECEIVED   : 043 Fragments
             01677 Bytes
LOST       : 001 Fragments

1731954214s170:RX_C on freq 869525000 Hz at DR 0
1731954214s171:#############OPENED CONTINUOUS RX C WINDOW
1731954230s545:MAC rxNotify
1731954230s545:NOTIFY
1731954230s545:MAC rxDone
1731954230s547:RXSLOT
1731954230s549:RX_C on freq 869525000 Hz at DR 0
1731954230s551:#############OPENED CONTINUOUS RX C WINDOW
1731954235s210:MAC rxNotify
1731954235s210:NOTIFY
1731954235s210:MAC rxDone
1731954235s213:RXSLOT
1731954235s213:value of rxport: 201
###### D/L FRAME:0044 | PORT:201 | DR:0 | SLOT:C_MC | RSSI:-12 | SNR:5
1731954235s213:#####################FRAGDECODER PROCESS

.... FRAG_DECODER in Progress ....
EXPECTED   : 052 Fragments (02028 Bytes)
RECEIVED   : 044 Fragments
             01716 Bytes
LOST       : 001 Fragments

1731954235s217:RX_C on freq 869525000 Hz at DR 0
1731954235s218:#############OPENED CONTINUOUS RX C WINDOW
1731954255s257:MAC rxNotify
1731954255s257:NOTIFY
1731954255s257:MAC rxDone
1731954255s260:RXSLOT
1731954255s260:value of rxport: 201
###### D/L FRAME:0045 | PORT:201 | DR:0 | SLOT:C_MC | RSSI:-11 | SNR:5
1731954255s260:#####################FRAGDECODER PROCESS

.... FRAG_DECODER in Progress ....
EXPECTED   : 052 Fragments (02028 Bytes)
RECEIVED   : 045 Fragments
             01755 Bytes
LOST       : 001 Fragments

1731954255s265:RX_C on freq 869525000 Hz at DR 0
1731954255s266:#############OPENED CONTINUOUS RX C WINDOW
1731954276s305:MAC rxNotify
1731954276s305:NOTIFY
1731954276s305:MAC rxDone
1731954276s308:RXSLOT
1731954276s308:value of rxport: 201
###### D/L FRAME:0046 | PORT:201 | DR:0 | SLOT:C_MC | RSSI:-11 | SNR:5
1731954276s308:#####################FRAGDECODER PROCESS

.... FRAG_DECODER in Progress ....
EXPECTED   : 052 Fragments (02028 Bytes)
RECEIVED   : 046 Fragments
             01794 Bytes
LOST       : 001 Fragments

1731954276s313:RX_C on freq 869525000 Hz at DR 0
1731954276s314:#############OPENED CONTINUOUS RX C WINDOW
1731954288s081:MAC rxNotify
1731954288s081:NOTIFY
1731954288s081:MAC rxDone
1731954288s083:RXSLOT
1731954288s086:RX_C on freq 869525000 Hz at DR 0
1731954288s088:#############OPENED CONTINUOUS RX C WINDOW
1731954297s359:MAC rxNotify
1731954297s359:NOTIFY
1731954297s359:MAC rxDone
1731954297s362:RXSLOT
1731954297s362:value of rxport: 201
###### D/L FRAME:0047 | PORT:201 | DR:0 | SLOT:C_MC | RSSI:-13 | SNR:5
1731954297s362:#####################FRAGDECODER PROCESS

.... FRAG_DECODER in Progress ....
EXPECTED   : 052 Fragments (02028 Bytes)
RECEIVED   : 047 Fragments
             01833 Bytes
LOST       : 001 Fragments

1731954297s367:RX_C on freq 869525000 Hz at DR 0
1731954297s368:#############OPENED CONTINUOUS RX C WINDOW
1731954317s415:MAC rxNotify
1731954317s415:NOTIFY
1731954317s415:MAC rxDone
1731954317s418:RXSLOT
1731954317s418:value of rxport: 201
###### D/L FRAME:0048 | PORT:201 | DR:0 | SLOT:C_MC | RSSI:-13 | SNR:5
1731954317s418:#####################FRAGDECODER PROCESS

.... FRAG_DECODER in Progress ....
EXPECTED   : 052 Fragments (02028 Bytes)
RECEIVED   : 048 Fragments
             01872 Bytes
LOST       : 001 Fragments

1731954317s423:RX_C on freq 869525000 Hz at DR 0
1731954317s423:#############OPENED CONTINUOUS RX C WINDOW
1731954330s705:MAC rxNotify
1731954330s705:NOTIFY
1731954330s705:MAC rxDone
1731954330s707:RXSLOT
1731954330s710:RX_C on freq 869525000 Hz at DR 0
1731954330s712:#############OPENED CONTINUOUS RX C WINDOW
1731954338s469:MAC rxNotify
1731954338s469:NOTIFY
1731954338s469:MAC rxDone
1731954338s472:RXSLOT
1731954338s472:value of rxport: 201
###### D/L FRAME:0049 | PORT:201 | DR:0 | SLOT:C_MC | RSSI:-13 | SNR:5
1731954338s472:#####################FRAGDECODER PROCESS

.... FRAG_DECODER in Progress ....
EXPECTED   : 052 Fragments (02028 Bytes)
RECEIVED   : 049 Fragments
             01911 Bytes
LOST       : 001 Fragments

1731954338s477:RX_C on freq 869525000 Hz at DR 0
1731954338s478:#############OPENED CONTINUOUS RX C WINDOW
1731954359s528:MAC rxNotify
1731954359s528:NOTIFY
1731954359s529:MAC rxDone
1731954359s532:RXSLOT
1731954359s532:value of rxport: 201
###### D/L FRAME:0050 | PORT:201 | DR:0 | SLOT:C_MC | RSSI:-13 | SNR:5
1731954359s532:#####################FRAGDECODER PROCESS

.... FRAG_DECODER in Progress ....
EXPECTED   : 052 Fragments (02028 Bytes)
RECEIVED   : 050 Fragments
             01950 Bytes
LOST       : 001 Fragments

1731954359s537:RX_C on freq 869525000 Hz at DR 0
1731954359s538:#############OPENED CONTINUOUS RX C WINDOW
1731954379s589:MAC rxNotify
1731954379s589:NOTIFY
1731954379s589:MAC rxDone
1731954379s591:RXSLOT
1731954379s591:value of rxport: 201
###### D/L FRAME:0051 | PORT:201 | DR:0 | SLOT:C_MC | RSSI:-11 | SNR:5
1731954379s591:#####################FRAGDECODER PROCESS

.... FRAG_DECODER in Progress ....
EXPECTED   : 052 Fragments (02028 Bytes)
RECEIVED   : 051 Fragments
             01989 Bytes
LOST       : 001 Fragments

1731954379s596:RX_C on freq 869525000 Hz at DR 0
1731954379s597:#############OPENED CONTINUOUS RX C WINDOW
