
======================================================================
=              (C) COPYRIGHT 2017 STMicroelectronics                 =
=                                                                    =
=              Secure Boot and Secure Firmware Update                =
======================================================================


= [SBOOT] SECURE ENGINE INITIALIZATION SUCCESSFUL
= [SBOOT] STATE: CHECK STATUS ON RESET
	  INFO: A Reboot has been triggered by a Hardware reset!
= [SBOOT] STATE: CHECK NEW FIRMWARE TO DOWNLOAD
= [SBOOT] STATE: CHECK KMS BLOB TO INSTALL
= [SBOOT] STATE: CHECK USER FW STATUS
	  A FW is detected in the slot SLOT_ACTIVE_1
= [SBOOT] STATE: VERIFY USER FW SIGNATURE
= [SBOOT] STATE: EXECUTE USER FIRMWAREAPPLICATION_VERSION: V1.3.0
MW_LORAWAN_VERSION:  V2.5.0
MW_RADIO_VERSION:    V1.3.0
L2_SPEC_VERSION:     V1.0.4
RP_SPEC_VERSION:     V2-1.0.1
NVM DATA RESTORED
###### AppKey:      2B:7E:15:16:28:AE:D2:A6:AB:F7:15:88:09:CF:4F:3C
###### NwkKey:      2B:7E:15:16:28:AE:D2:A6:AB:F7:15:88:09:CF:4F:3C
###### AppSKey:     2B:7E:15:16:28:AE:D2:A6:AB:F7:15:88:09:CF:4F:3C
###### NwkSKey:     2B:7E:15:16:28:AE:D2:A6:AB:F7:15:88:09:CF:4F:3C
###### DevEUI:      00:80:E1:15:05:AB:D0:6C
###### AppEUI:      01:01:01:01:01:01:01:01
###### DevAddr:     05:AB:D0:6C
###### KMS ENABLED

###### = JOINED = OTAA =====================
[31mNetwork joined, choose app to execute:
BTN1: TxTimer send uplink every 10 sec
BTN2: Airtime test
[0m
###### U/L FRAME:JOIN | DR:5 | PWR:1
###### MCRootKey:   7D:F7:6B:0C:1A:B8:99:B3:3E:42:F0:47:B9:1B:54:6F
###### MCKEKey:     8C:B8:66:5E:0C:0E:0B:64:5B:2E:D9:E4:8A:19:27:7C
###### AppSKey:     C3:4F:94:12:99:0C:A7:68:13:AA:34:AA:B0:E9:E7:62
###### NwkSKey:     CB:8A:03:37:5C:56:E6:FB:47:A1:D1:49:78:D7:47:1F
###### DBIntKey:    7A:C4:7C:65:FE:25:9B:B6:54:BD:26:35:19:F8:9C:8E
###### DevEUI:      00:80:E1:15:05:AB:D0:6C
###### AppEUI:      01:01:01:01:01:01:01:01
###### DevAddr:     01:CD:E9:C6
[32mStart tx timer regular[0m


###### ========== MCPS-Confirm =============
###### U/L FRAME:0001 | PORT:24 | DR:5 | PWR:1 | MSG TYPE:UNCONFIRMED
1731699117s680:value of rxport: 0
###### D/L FRAME:0000 | PORT:0 | DR:5 | SLOT:1 | RSSI:-7 | SNR:15
1731699146s574:Airtime test started: 0
1731699146s574:MAC Tx start packet size: 21
1731699146s578:TX on freq 867900000 Hz at DR 5
1731699146s578:RADIO SEND WITH size 21
1731699146s579:SEND REQUEST
1731699146s636:NOTIFY
1731699146s636:MAC txDone
1731699147s617:RX_1 on freq 867900000 Hz at DR 5
1731699147s663:IRQ_RX_TX_TIMEOUT
1731699147s663:NOTIFY
1731699147s663:MAC rxTimeOut
1731699148s667:RX_2 on freq 869525000 Hz at DR 0
1731699148s866:IRQ_RX_TX_TIMEOUT
1731699148s866:NOTIFY
1731699148s866:MAC rxTimeOut

###### ========== MCPS-Confirm =============
###### U/L FRAME:0002 | PORT:24 | DR:5 | PWR:1 | MSG TYPE:UNCONFIRMED
1731699176s579:Airtime test started: 0
1731699176s579:MAC Tx start packet size: 18
1731699176s583:TX on freq 867900000 Hz at DR 5
1731699176s583:RADIO SEND WITH size 18
1731699176s585:SEND REQUEST
1731699176s637:NOTIFY
1731699176s637:MAC txDone
1731699177s618:RX_1 on freq 867900000 Hz at DR 5
1731699177s664:IRQ_RX_TX_TIMEOUT
1731699177s664:NOTIFY
1731699177s664:MAC rxTimeOut
1731699178s668:RX_2 on freq 869525000 Hz at DR 0
1731699178s867:IRQ_RX_TX_TIMEOUT
1731699178s867:NOTIFY
1731699178s867:MAC rxTimeOut

###### ========== MCPS-Confirm =============
###### U/L FRAME:0003 | PORT:24 | DR:5 | PWR:1 | MSG TYPE:UNCONFIRMED
1731699206s585:Airtime test started: 0
1731699206s585:MAC Tx start packet size: 18
1731699206s589:TX on freq 867300000 Hz at DR 5
1731699206s589:RADIO SEND WITH size 18
1731699206s591:SEND REQUEST
1731699206s643:NOTIFY
1731699206s643:MAC txDone
1731699207s623:RX_1 on freq 867300000 Hz at DR 5
1731699207s670:IRQ_RX_TX_TIMEOUT
1731699207s670:NOTIFY
1731699207s670:MAC rxTimeOut
1731699208s674:RX_2 on freq 869525000 Hz at DR 0
1731699208s872:IRQ_RX_TX_TIMEOUT
1731699208s872:NOTIFY
1731699208s872:MAC rxTimeOut

###### ========== MCPS-Confirm =============
###### U/L FRAME:0004 | PORT:24 | DR:5 | PWR:1 | MSG TYPE:UNCONFIRMED
1731699236s591:Airtime test started: 0
1731699236s591:MAC Tx start packet size: 18
1731699236s595:TX on freq 867500000 Hz at DR 5
1731699236s595:RADIO SEND WITH size 18
1731699236s597:SEND REQUEST
1731699236s649:NOTIFY
1731699236s649:MAC txDone
1731699237s629:RX_1 on freq 867500000 Hz at DR 5
1731699237s676:IRQ_RX_TX_TIMEOUT
1731699237s676:NOTIFY
1731699237s676:MAC rxTimeOut
1731699238s680:RX_2 on freq 869525000 Hz at DR 0
1731699238s878:IRQ_RX_TX_TIMEOUT
1731699238s878:NOTIFY
1731699238s878:MAC rxTimeOut

###### ========== MCPS-Confirm =============
###### U/L FRAME:0005 | PORT:24 | DR:5 | PWR:1 | MSG TYPE:UNCONFIRMED
1731699266s597:Airtime test started: 0
1731699266s597:MAC Tx start packet size: 18
1731699266s601:TX on freq 867100000 Hz at DR 5
1731699266s601:RADIO SEND WITH size 18
1731699266s603:SEND REQUEST
1731699266s655:NOTIFY
1731699266s655:MAC txDone
1731699267s635:RX_1 on freq 867100000 Hz at DR 5
1731699267s682:IRQ_RX_TX_TIMEOUT
1731699267s682:NOTIFY
1731699267s682:MAC rxTimeOut
1731699268s686:RX_2 on freq 869525000 Hz at DR 0
1731699268s884:IRQ_RX_TX_TIMEOUT
1731699268s884:NOTIFY
1731699268s884:MAC rxTimeOut

###### ========== MCPS-Confirm =============
###### U/L FRAME:0006 | PORT:24 | DR:5 | PWR:1 | MSG TYPE:UNCONFIRMED
1731699296s603:Airtime test started: 0
1731699296s603:MAC Tx start packet size: 18
1731699296s607:TX on freq 867100000 Hz at DR 5
1731699296s607:RADIO SEND WITH size 18
1731699296s609:SEND REQUEST
1731699296s661:NOTIFY
1731699296s661:MAC txDone
1731699297s642:RX_1 on freq 867100000 Hz at DR 5
1731699297s689:IRQ_RX_TX_TIMEOUT
1731699297s689:NOTIFY
1731699297s689:MAC rxTimeOut
1731699298s693:RX_2 on freq 869525000 Hz at DR 0
1731699298s891:IRQ_RX_TX_TIMEOUT
1731699298s891:NOTIFY
1731699298s891:MAC rxTimeOut

###### ========== MCPS-Confirm =============
###### U/L FRAME:0007 | PORT:24 | DR:5 | PWR:1 | MSG TYPE:UNCONFIRMED
1731699326s609:Airtime test started: 0
1731699326s609:MAC Tx start packet size: 18
1731699326s613:TX on freq 868100000 Hz at DR 5
1731699326s613:RADIO SEND WITH size 18
1731699326s615:SEND REQUEST
1731699326s666:NOTIFY
1731699326s666:MAC txDone
1731699327s647:RX_1 on freq 868100000 Hz at DR 5
1731699327s694:IRQ_RX_TX_TIMEOUT
1731699327s694:NOTIFY
1731699327s694:MAC rxTimeOut
1731699328s698:RX_2 on freq 869525000 Hz at DR 0
1731699328s896:IRQ_RX_TX_TIMEOUT
1731699328s896:NOTIFY
1731699328s896:MAC rxTimeOut

###### ========== MCPS-Confirm =============
###### U/L FRAME:0008 | PORT:24 | DR:5 | PWR:1 | MSG TYPE:UNCONFIRMED
1731699356s615:Airtime test started: 0
1731699356s615:MAC Tx start packet size: 18
1731699356s619:TX on freq 868500000 Hz at DR 5
1731699356s619:RADIO SEND WITH size 18
1731699356s620:SEND REQUEST
1731699356s672:NOTIFY
1731699356s672:MAC txDone
1731699357s653:RX_1 on freq 868500000 Hz at DR 5
1731699357s700:IRQ_RX_TX_TIMEOUT
1731699357s700:NOTIFY
1731699357s700:MAC rxTimeOut
1731699358s703:RX_2 on freq 869525000 Hz at DR 0
1731699358s902:IRQ_RX_TX_TIMEOUT
1731699358s902:NOTIFY
1731699358s902:MAC rxTimeOut

###### ========== MCPS-Confirm =============
###### U/L FRAME:0009 | PORT:24 | DR:5 | PWR:1 | MSG TYPE:UNCONFIRMED
1731699386s620:Airtime test started: 0
1731699386s620:MAC Tx start packet size: 18
1731699386s624:TX on freq 867700000 Hz at DR 5
1731699386s624:RADIO SEND WITH size 18
1731699386s626:SEND REQUEST
1731699386s678:NOTIFY
1731699386s678:MAC txDone
1731699387s659:RX_1 on freq 867700000 Hz at DR 5
1731699387s705:IRQ_RX_TX_TIMEOUT
1731699387s705:NOTIFY
1731699387s705:MAC rxTimeOut
1731699388s709:RX_2 on freq 869525000 Hz at DR 0
1731699388s908:IRQ_RX_TX_TIMEOUT
1731699388s908:NOTIFY
1731699388s908:MAC rxTimeOut

###### ========== MCPS-Confirm =============
###### U/L FRAME:0010 | PORT:24 | DR:5 | PWR:1 | MSG TYPE:UNCONFIRMED
1731699416s626:Airtime test started: 0
1731699416s626:MAC Tx start packet size: 18
1731699416s630:TX on freq 867900000 Hz at DR 5
1731699416s630:RADIO SEND WITH size 18
1731699416s632:SEND REQUEST
1731699416s684:NOTIFY
1731699416s684:MAC txDone
1731699417s664:RX_1 on freq 867900000 Hz at DR 5
1731699417s711:IRQ_RX_TX_TIMEOUT
1731699417s711:NOTIFY
1731699417s711:MAC rxTimeOut
1731699418s715:RX_2 on freq 869525000 Hz at DR 0
1731699418s913:IRQ_RX_TX_TIMEOUT
1731699418s913:NOTIFY
1731699418s913:MAC rxTimeOut

###### ========== MCPS-Confirm =============
###### U/L FRAME:0011 | PORT:24 | DR:5 | PWR:1 | MSG TYPE:UNCONFIRMED
1731699446s632:Airtime test started: 0
1731699446s632:MAC Tx start packet size: 18
1731699446s636:TX on freq 867300000 Hz at DR 5
1731699446s636:RADIO SEND WITH size 18
1731699446s638:SEND REQUEST
1731699446s690:NOTIFY
1731699446s690:MAC txDone
1731699447s670:RX_1 on freq 867300000 Hz at DR 5
1731699447s778:MAC rxNotify
1731699447s778:NOTIFY
1731699447s778:MAC rxDone

###### ========== MCPS-Confirm =============
###### U/L FRAME:0012 | PORT:24 | DR:5 | PWR:1 | MSG TYPE:UNCONFIRMED
1731699447s781:value of rxport: 200
1731699447s781:MULTICAST CLASS C SETUP 2
###### D/L FRAME:0001 | PORT:200 | DR:5 | SLOT:1 | RSSI:-8 | SNR:15
1731699447s789:MAC Tx start packet size: 15
1731699447s792:TX on freq 867500000 Hz at DR 5
1731699447s793:RADIO SEND WITH size 15
ID          : 0
McAddr      : 8EA7E304
McKey       : 04-94-46-44-97-8D-49-DA-C3-30-CA-61-17-FB-5E-55
McFCountMin : 0
McFCountMax : 4294967295
SessionTime : 0
SessionTimeT: 1 s
Rx Freq     : 0
Rx DR       : DR_0
1731699447s841:NOTIFY
1731699447s841:MAC txDone
1731699448s822:RX_1 on freq 867500000 Hz at DR 5
1731699448s904:MAC rxNotify
1731699448s904:NOTIFY
1731699448s904:MAC rxDone

###### ========== MCPS-Confirm =============
###### U/L FRAME:0013 | PORT:200 | DR:5 | PWR:1 | MSG TYPE:UNCONFIRMED
1731699448s906:value of rxport: 201
###### D/L FRAME:0002 | PORT:201 | DR:5 | SLOT:1 | RSSI:-8 | SNR:14
1731699448s907:#####################FRAGDECODER INIT
1731699452s788:MAC Tx start packet size: 15
1731699452s792:TX on freq 867100000 Hz at DR 5
1731699452s792:RADIO SEND WITH size 15
1731699452s840:NOTIFY
1731699452s841:MAC txDone
1731699453s821:RX_1 on freq 867100000 Hz at DR 5
1731699453s903:MAC rxNotify
1731699453s903:NOTIFY
1731699453s904:MAC rxDone

###### ========== MCPS-Confirm =============
###### U/L FRAME:0014 | PORT:201 | DR:5 | PWR:1 | MSG TYPE:UNCONFIRMED
1731699453s906:value of rxport: 200
1731699453s907:MULTICAST CLASS C SETUP 4
###### D/L FRAME:0003 | PORT:200 | DR:5 | SLOT:1 | RSSI:-8 | SNR:14
Time2SessionStart: 299000 ms
1731699453s907:MAC Tx start packet size: 18
1731699453s911:TX on freq 867100000 Hz at DR 5
1731699453s911:RADIO SEND WITH size 18
ID          : 0
McAddr      : 8EA7E304
McKey       : 04-94-46-44-97-8D-49-DA-C3-30-CA-61-17-FB-5E-55
McFCountMin : 0
McFCountMax : 4294967295
SessionTime : 1731699752
SessionTimeT: 4096 s
Rx Freq     : 869525000
Rx DR       : DR_5
1731699453s964:NOTIFY
1731699453s964:MAC txDone
1731699454s945:RX_1 on freq 867100000 Hz at DR 5
1731699454s992:IRQ_RX_TX_TIMEOUT
1731699454s992:NOTIFY
1731699454s992:MAC rxTimeOut
1731699455s995:RX_2 on freq 869525000 Hz at DR 0
1731699456s194:IRQ_RX_TX_TIMEOUT
1731699456s194:NOTIFY
1731699456s194:MAC rxTimeOut

###### ========== MCPS-Confirm =============
###### U/L FRAME:0015 | PORT:200 | DR:5 | PWR:1 | MSG TYPE:UNCONFIRMED
1731699752s907:[SWITCHCLASS class C]
1731699752s921:RX_C on freq 869525000 Hz at DR 5
1731699752s923:#############OPENED CONTINUOUS RX C WINDOW
Switch to Class C done
1731699755s280:MAC rxNotify
1731699755s280:NOTIFY
1731699755s280:MAC rxDone
1731699755s287:RXSLOT
1731699755s287:value of rxport: 201
###### D/L FRAME:0000 | PORT:201 | DR:5 | SLOT:C_MC | RSSI:-5 | SNR:14
1731699755s287:#####################FRAGDECODER PROCESS

.... FRAG_DECODER in Progress ....
EXPECTED   : 009 Fragments (02070 Bytes)
RECEIVED   : 001 Fragments
             00230 Bytes
LOST       : 000 Fragments

1731699755s291:RX_C on freq 869525000 Hz at DR 5
1731699755s293:#############OPENED CONTINUOUS RX C WINDOW
1731699759s293:MAC rxNotify
1731699759s293:NOTIFY
1731699759s293:MAC rxDone
1731699759s301:RXSLOT
1731699759s301:value of rxport: 201
###### D/L FRAME:0001 | PORT:201 | DR:5 | SLOT:C_MC | RSSI:-5 | SNR:15
1731699759s301:#####################FRAGDECODER PROCESS

.... FRAG_DECODER in Progress ....
EXPECTED   : 009 Fragments (02070 Bytes)
RECEIVED   : 002 Fragments
             00460 Bytes
LOST       : 000 Fragments

1731699759s305:RX_C on freq 869525000 Hz at DR 5
1731699759s307:#############OPENED CONTINUOUS RX C WINDOW
1731699764s307:MAC rxNotify
1731699764s307:NOTIFY
1731699764s307:MAC rxDone
1731699764s315:RXSLOT
1731699764s315:value of rxport: 201
###### D/L FRAME:0002 | PORT:201 | DR:5 | SLOT:C_MC | RSSI:-5 | SNR:14
1731699764s315:#####################FRAGDECODER PROCESS

.... FRAG_DECODER in Progress ....
EXPECTED   : 009 Fragments (02070 Bytes)
RECEIVED   : 003 Fragments
             00690 Bytes
LOST       : 000 Fragments

1731699764s319:RX_C on freq 869525000 Hz at DR 5
1731699764s321:#############OPENED CONTINUOUS RX C WINDOW
1731699769s329:MAC rxNotify
1731699769s329:NOTIFY
1731699769s329:MAC rxDone
1731699769s338:RXSLOT
1731699769s338:value of rxport: 201
###### D/L FRAME:0003 | PORT:201 | DR:5 | SLOT:C_MC | RSSI:-5 | SNR:14
1731699769s338:#####################FRAGDECODER PROCESS

.... FRAG_DECODER in Progress ....
EXPECTED   : 009 Fragments (02070 Bytes)
RECEIVED   : 004 Fragments
             00920 Bytes
LOST       : 000 Fragments

1731699769s342:RX_C on freq 869525000 Hz at DR 5
1731699769s344:#############OPENED CONTINUOUS RX C WINDOW
1731699773s349:MAC rxNotify
1731699773s350:NOTIFY
1731699773s350:MAC rxDone
1731699773s358:RXSLOT
1731699773s358:value of rxport: 201
###### D/L FRAME:0004 | PORT:201 | DR:5 | SLOT:C_MC | RSSI:-5 | SNR:14
1731699773s358:#####################FRAGDECODER PROCESS

.... FRAG_DECODER in Progress ....
EXPECTED   : 009 Fragments (02070 Bytes)
RECEIVED   : 005 Fragments
             01150 Bytes
LOST       : 000 Fragments

1731699773s362:RX_C on freq 869525000 Hz at DR 5
1731699773s364:#############OPENED CONTINUOUS RX C WINDOW
1731699778s371:MAC rxNotify
1731699778s371:NOTIFY
1731699778s371:MAC rxDone
1731699778s379:RXSLOT
1731699778s379:value of rxport: 201
###### D/L FRAME:0005 | PORT:201 | DR:5 | SLOT:C_MC | RSSI:-5 | SNR:14
1731699778s379:#####################FRAGDECODER PROCESS

.... FRAG_DECODER in Progress ....
EXPECTED   : 009 Fragments (02070 Bytes)
RECEIVED   : 006 Fragments
             01380 Bytes
LOST       : 000 Fragments

1731699778s383:RX_C on freq 869525000 Hz at DR 5
1731699778s385:#############OPENED CONTINUOUS RX C WINDOW
1731699783s385:MAC rxNotify
1731699783s385:NOTIFY
1731699783s385:MAC rxDone
1731699783s393:RXSLOT
1731699783s393:value of rxport: 201
###### D/L FRAME:0006 | PORT:201 | DR:5 | SLOT:C_MC | RSSI:-5 | SNR:14
1731699783s393:#####################FRAGDECODER PROCESS

.... FRAG_DECODER in Progress ....
EXPECTED   : 009 Fragments (02070 Bytes)
RECEIVED   : 007 Fragments
             01610 Bytes
LOST       : 000 Fragments

1731699783s397:RX_C on freq 869525000 Hz at DR 5
1731699783s399:#############OPENED CONTINUOUS RX C WINDOW
1731699787s406:MAC rxNotify
1731699787s406:NOTIFY
1731699787s406:MAC rxDone
1731699787s413:RXSLOT
1731699787s413:value of rxport: 201
###### D/L FRAME:0007 | PORT:201 | DR:5 | SLOT:C_MC | RSSI:-5 | SNR:15
1731699787s413:#####################FRAGDECODER PROCESS

.... FRAG_DECODER in Progress ....
EXPECTED   : 009 Fragments (02070 Bytes)
RECEIVED   : 008 Fragments
             01840 Bytes
LOST       : 000 Fragments

1731699787s417:RX_C on freq 869525000 Hz at DR 5
1731699787s419:#############OPENED CONTINUOUS RX C WINDOW
1731699792s430:MAC rxNotify
1731699792s430:NOTIFY
1731699792s430:MAC rxDone
1731699792s438:RXSLOT
1731699792s438:value of rxport: 201
###### D/L FRAME:0008 | PORT:201 | DR:5 | SLOT:C_MC | RSSI:-5 | SNR:14
1731699792s438:#####################FRAGDECODER PROCESS

.... FRAG_DECODER in Progress ....
EXPECTED   : 009 Fragments (02070 Bytes)
RECEIVED   : 009 Fragments
             02070 Bytes
LOST       : 000 Fragments


.... FRAG_DECODER Finished ....
STATUS     : 0
1731699792s438:ALL FRAGMENTS RECEIVED

= [SBOOT] System Security Check successfully passed. Starting...


======================================================================
=              (C) COPYRIGHT 2017 STMicroelectronics                 =
=                                                                    =
=              Secure Boot and Secure Firmware Update                =
======================================================================


= [SBOOT] SECURE ENGINE INITIALIZATION SUCCESSFUL
= [SBOOT] STATE: CHECK STATUS ON RESET
	  INFO: A Reboot has been triggered by a Software reset!
= [SBOOT] STATE: CHECK NEW FIRMWARE TO DOWNLOAD
= [SBOOT] STATE: CHECK KMS BLOB TO INSTALL
= [SBOOT] STATE: CHECK USER FW STATUS
	  A FW is detected in the slot SLOT_ACTIVE_1
= [SBOOT] STATE: VERIFY USER FW SIGNATURE
= [SBOOT] STATE: EXECUTE USER FIRMWAREAPPLICATION_VERSION: V1.3.0
MW_LORAWAN_VERSION:  V2.5.0
MW_RADIO_VERSION:    V1.3.0
L2_SPEC_VERSION:     V1.0.4
RP_SPEC_VERSION:     V2-1.0.1
NVM DATA RESTORED
###### AppKey:      2B:7E:15:16:28:AE:D2:A6:AB:F7:15:88:09:CF:4F:3C
###### NwkKey:      2B:7E:15:16:28:AE:D2:A6:AB:F7:15:88:09:CF:4F:3C
###### AppSKey:     C3:4F:94:12:99:0C:A7:68:13:AA:34:AA:B0:E9:E7:62
###### NwkSKey:     CB:8A:03:37:5C:56:E6:FB:47:A1:D1:49:78:D7:47:1F
###### DevEUI:      00:80:E1:15:05:AB:D0:6C
###### AppEUI:      01:01:01:01:01:01:01:01
###### DevAddr:     05:AB:D0:6C
###### KMS ENABLED