
= [SBOOT] System Security Check successfully passed. Starting...


======================================================================
=              (C) COPYRIGHT 2017 STMicroelectronics                 =
=                                                                    =
=              Secure Boot and Secure Firmware Update                =
======================================================================


= [SBOOT] SECURE ENGINE INITIALIZATION SUCCESSFUL
= [SBOOT] STATE: CHECK STATUS ON RESET
	  INFO: A Reboot has been triggered by a Hardware reset!
= [SBOOT] STATE: CHECK NEW FIRMWARE TO DOWNLOAD
= [SBOOT] STATE: CHECK KMS BLOB TO INSTALL
= [SBOOT] STATE: CHECK USER FW STATUS
	  A FW is detected in the slot SLOT_ACTIVE_1
= [SBOOT] STATE: VERIFY USER FW SIGNATURE
= [SBOOT] STATE: EXECUTE USER FIRMWAREAPPLICATION_VERSION: V1.3.0
MW_LORAWAN_VERSION:  V2.5.0
MW_RADIO_VERSION:    V1.3.0
L2_SPEC_VERSION:     V1.0.4
RP_SPEC_VERSION:     V2-1.0.1
NVM DATA RESTORED
###### AppKey:      2B:7E:15:16:28:AE:D2:A6:AB:F7:15:88:09:CF:4F:3C
###### NwkKey:      2B:7E:15:16:28:AE:D2:A6:AB:F7:15:88:09:CF:4F:3C
###### AppSKey:     09:2E:45:2F:E2:2D:EE:9F:6E:1B:1C:1F:37:D4:E2:9E
###### NwkSKey:     B5:65:EC:9E:40:B0:94:77:3C:66:DB:4B:A9:82:BD:13
###### DevEUI:      00:80:E1:15:05:AB:D0:6C
###### AppEUI:      01:01:01:01:01:01:01:01
###### DevAddr:     05:AB:D0:6C
###### KMS ENABLED
###### = JOINED = OTAA =====================
[31mNetwork joined, choose app to execute:
BTN1: TxTimer send uplink every 10 sec
BTN2: Airtime test
[0m
###### U/L FRAME:JOIN | DR:3 | PWR:1
###### MCRootKey:   7D:F7:6B:0C:1A:B8:99:B3:3E:42:F0:47:B9:1B:54:6F
###### MCKEKey:     8C:B8:66:5E:0C:0E:0B:64:5B:2E:D9:E4:8A:19:27:7C
###### AppSKey:     11:90:16:FE:95:86:DE:9E:4D:7B:3E:4C:D1:74:B4:1A
###### NwkSKey:     7C:BA:20:A5:CE:65:BF:CD:B6:F7:51:C7:ED:3C:35:1E
###### DBIntKey:    7A:C4:7C:65:FE:25:9B:B6:54:BD:26:35:19:F8:9C:8E
###### DevEUI:      00:80:E1:15:05:AB:D0:6C
###### AppEUI:      01:01:01:01:01:01:01:01
###### DevAddr:     00:BD:49:E4
[32mStart tx timer regular[0m

###### ========== MCPS-Confirm =============
###### U/L FRAME:0001 | PORT:24 | DR:3 | PWR:1 | MSG TYPE:UNCONFIRMED
1731940529s940:value of rxport: 0
###### D/L FRAME:0000 | PORT:0 | DR:3 | SLOT:1 | RSSI:-5 | SNR:12
1731940558s564:Airtime test started: 0
1731940558s564:MAC Tx start packet size: 21
1731940558s568:TX on freq 867500000 Hz at DR 3
1731940558s568:RADIO SEND WITH size 21
1731940558s570:SEND REQUEST
1731940558s755:NOTIFY
1731940558s755:MAC txDone
1731940559s742:RX_1 on freq 867500000 Hz at DR 3
1731940559s801:IRQ_RX_TX_TIMEOUT
1731940559s801:NOTIFY
1731940559s801:MAC rxTimeOut
1731940560s787:RX_2 on freq 869525000 Hz at DR 0
1731940560s985:IRQ_RX_TX_TIMEOUT
1731940560s985:NOTIFY
1731940560s985:MAC rxTimeOut

###### ========== MCPS-Confirm =============
###### U/L FRAME:0002 | PORT:24 | DR:3 | PWR:1 | MSG TYPE:UNCONFIRMED
1731940588s570:Airtime test started: 0
1731940588s570:MAC Tx start packet size: 18
1731940588s574:TX on freq 867500000 Hz at DR 3
1731940588s574:RADIO SEND WITH size 18
1731940588s576:SEND REQUEST
1731940588s761:NOTIFY
1731940588s761:MAC txDone
1731940589s748:RX_1 on freq 867500000 Hz at DR 3
1731940589s807:IRQ_RX_TX_TIMEOUT
1731940589s807:NOTIFY
1731940589s807:MAC rxTimeOut
1731940590s792:RX_2 on freq 869525000 Hz at DR 0
1731940590s991:IRQ_RX_TX_TIMEOUT
1731940590s991:NOTIFY
1731940590s991:MAC rxTimeOut

###### ========== MCPS-Confirm =============
###### U/L FRAME:0003 | PORT:24 | DR:3 | PWR:1 | MSG TYPE:UNCONFIRMED
1731940618s576:Airtime test started: 0
1731940618s576:MAC Tx start packet size: 18
1731940618s580:TX on freq 868500000 Hz at DR 3
1731940618s580:RADIO SEND WITH size 18
1731940618s582:SEND REQUEST
1731940618s767:NOTIFY
1731940618s767:MAC txDone
1731940619s753:RX_1 on freq 868500000 Hz at DR 3
1731940619s813:IRQ_RX_TX_TIMEOUT
1731940619s813:NOTIFY
1731940619s813:MAC rxTimeOut
1731940620s798:RX_2 on freq 869525000 Hz at DR 0
1731940620s997:IRQ_RX_TX_TIMEOUT
1731940620s997:NOTIFY
1731940620s997:MAC rxTimeOut

###### ========== MCPS-Confirm =============
###### U/L FRAME:0004 | PORT:24 | DR:3 | PWR:1 | MSG TYPE:UNCONFIRMED
1731940648s582:Airtime test started: 0
1731940648s582:MAC Tx start packet size: 18
1731940648s585:TX on freq 867100000 Hz at DR 3
1731940648s585:RADIO SEND WITH size 18
1731940648s587:SEND REQUEST
1731940648s773:NOTIFY
1731940648s773:MAC txDone
1731940649s759:RX_1 on freq 867100000 Hz at DR 3
1731940649s819:IRQ_RX_TX_TIMEOUT
1731940649s819:NOTIFY
1731940649s819:MAC rxTimeOut
1731940650s804:RX_2 on freq 869525000 Hz at DR 0
1731940651s002:IRQ_RX_TX_TIMEOUT
1731940651s002:NOTIFY
1731940651s002:MAC rxTimeOut

###### ========== MCPS-Confirm =============
###### U/L FRAME:0005 | PORT:24 | DR:3 | PWR:1 | MSG TYPE:UNCONFIRMED
1731940678s587:Airtime test started: 0
1731940678s587:MAC Tx start packet size: 18
1731940678s591:TX on freq 868100000 Hz at DR 3
1731940678s591:RADIO SEND WITH size 18
1731940678s593:SEND REQUEST
1731940678s779:NOTIFY
1731940678s779:MAC txDone
1731940679s765:RX_1 on freq 868100000 Hz at DR 3
1731940679s825:IRQ_RX_TX_TIMEOUT
1731940679s825:NOTIFY
1731940679s825:MAC rxTimeOut
1731940680s810:RX_2 on freq 869525000 Hz at DR 0
1731940681s008:IRQ_RX_TX_TIMEOUT
1731940681s008:NOTIFY
1731940681s008:MAC rxTimeOut

###### ========== MCPS-Confirm =============
###### U/L FRAME:0006 | PORT:24 | DR:3 | PWR:1 | MSG TYPE:UNCONFIRMED
1731940708s593:Airtime test started: 0
1731940708s593:MAC Tx start packet size: 18
1731940708s597:TX on freq 868300000 Hz at DR 3
1731940708s597:RADIO SEND WITH size 18
1731940708s599:SEND REQUEST
1731940708s785:NOTIFY
1731940708s785:MAC txDone
1731940709s771:RX_1 on freq 868300000 Hz at DR 3
1731940709s831:IRQ_RX_TX_TIMEOUT
1731940709s831:NOTIFY
1731940709s831:MAC rxTimeOut
1731940710s816:RX_2 on freq 869525000 Hz at DR 0
1731940711s014:IRQ_RX_TX_TIMEOUT
1731940711s014:NOTIFY
1731940711s014:MAC rxTimeOut

###### ========== MCPS-Confirm =============
###### U/L FRAME:0007 | PORT:24 | DR:3 | PWR:1 | MSG TYPE:UNCONFIRMED
1731940738s599:Airtime test started: 0
1731940738s599:MAC Tx start packet size: 18
1731940738s603:TX on freq 867900000 Hz at DR 3
1731940738s603:RADIO SEND WITH size 18
1731940738s605:SEND REQUEST
1731940738s791:NOTIFY
1731940738s791:MAC txDone
1731940739s778:RX_1 on freq 867900000 Hz at DR 3
1731940739s837:IRQ_RX_TX_TIMEOUT
1731940739s837:NOTIFY
1731940739s837:MAC rxTimeOut
1731940740s823:RX_2 on freq 869525000 Hz at DR 0
1731940741s021:IRQ_RX_TX_TIMEOUT
1731940741s021:NOTIFY
1731940741s021:MAC rxTimeOut

###### ========== MCPS-Confirm =============
###### U/L FRAME:0008 | PORT:24 | DR:3 | PWR:1 | MSG TYPE:UNCONFIRMED
1731940768s605:Airtime test started: 0
1731940768s605:MAC Tx start packet size: 18
1731940768s609:TX on freq 867900000 Hz at DR 3
1731940768s609:RADIO SEND WITH size 18
1731940768s611:SEND REQUEST
1731940768s796:NOTIFY
1731940768s796:MAC txDone
1731940769s783:RX_1 on freq 867900000 Hz at DR 3
1731940769s842:IRQ_RX_TX_TIMEOUT
1731940769s842:NOTIFY
1731940769s842:MAC rxTimeOut
1731940770s828:RX_2 on freq 869525000 Hz at DR 0
1731940771s026:IRQ_RX_TX_TIMEOUT
1731940771s026:NOTIFY
1731940771s026:MAC rxTimeOut

###### ========== MCPS-Confirm =============
###### U/L FRAME:0009 | PORT:24 | DR:3 | PWR:1 | MSG TYPE:UNCONFIRMED
1731940798s611:Airtime test started: 0
1731940798s611:MAC Tx start packet size: 18
1731940798s615:TX on freq 867300000 Hz at DR 3
1731940798s615:RADIO SEND WITH size 18
1731940798s617:SEND REQUEST
1731940798s802:NOTIFY
1731940798s802:MAC txDone
1731940799s789:RX_1 on freq 867300000 Hz at DR 3
1731940799s848:IRQ_RX_TX_TIMEOUT
1731940799s848:NOTIFY
1731940799s848:MAC rxTimeOut
1731940800s834:RX_2 on freq 869525000 Hz at DR 0
1731940801s032:IRQ_RX_TX_TIMEOUT
1731940801s032:NOTIFY
1731940801s032:MAC rxTimeOut

###### ========== MCPS-Confirm =============
###### U/L FRAME:0010 | PORT:24 | DR:3 | PWR:1 | MSG TYPE:UNCONFIRMED
1731940828s617:Airtime test started: 0
1731940828s617:MAC Tx start packet size: 18
1731940828s621:TX on freq 867700000 Hz at DR 3
1731940828s621:RADIO SEND WITH size 18
1731940828s623:SEND REQUEST
1731940828s808:NOTIFY
1731940828s808:MAC txDone
1731940829s794:RX_1 on freq 867700000 Hz at DR 3
1731940829s854:IRQ_RX_TX_TIMEOUT
1731940829s854:NOTIFY
1731940829s854:MAC rxTimeOut
1731940830s839:RX_2 on freq 869525000 Hz at DR 0
1731940831s038:IRQ_RX_TX_TIMEOUT
1731940831s038:NOTIFY
1731940831s038:MAC rxTimeOut

###### ========== MCPS-Confirm =============
###### U/L FRAME:0011 | PORT:24 | DR:3 | PWR:1 | MSG TYPE:UNCONFIRMED
1731940858s623:Airtime test started: 0
1731940858s623:MAC Tx start packet size: 18
1731940858s626:TX on freq 868500000 Hz at DR 3
1731940858s626:RADIO SEND WITH size 18
1731940858s628:SEND REQUEST
1731940858s814:NOTIFY
1731940858s814:MAC txDone
1731940859s800:RX_1 on freq 868500000 Hz at DR 3
1731940860s105:MAC rxNotify
1731940860s105:NOTIFY
1731940860s105:MAC rxDone

###### ========== MCPS-Confirm =============
###### U/L FRAME:0012 | PORT:24 | DR:3 | PWR:1 | MSG TYPE:UNCONFIRMED
1731940860s108:value of rxport: 200
1731940860s108:MULTICAST CLASS C SETUP 2
###### D/L FRAME:0001 | PORT:200 | DR:3 | SLOT:1 | RSSI:-5 | SNR:11
1731940860s118:MAC Tx start packet size: 15
1731940860s122:TX on freq 867100000 Hz at DR 3
1731940860s123:RADIO SEND WITH size 15
ID          : 0
McAddr      : 4E3D435B
McKey       : 39-14-B7-1C-E4-78-D9-92-B2-55-E0-23-0C-0C-E4-74
McFCountMin : 0
McFCountMax : 4294967295
SessionTime : 0
SessionTimeT: 1 s
Rx Freq     : 0
Rx DR       : DR_0
1731940860s289:NOTIFY
1731940860s289:MAC txDone
1731940861s275:RX_1 on freq 867100000 Hz at DR 3
1731940861s498:MAC rxNotify
1731940861s498:NOTIFY
1731940861s498:MAC rxDone

###### ========== MCPS-Confirm =============
###### U/L FRAME:0013 | PORT:200 | DR:3 | PWR:1 | MSG TYPE:UNCONFIRMED
1731940861s500:value of rxport: 201
###### D/L FRAME:0002 | PORT:201 | DR:3 | SLOT:1 | RSSI:-5 | SNR:11
1731940861s501:#####################FRAGDECODER INIT
1731940865s383:MAC Tx start packet size: 15
1731940865s387:TX on freq 868300000 Hz at DR 3
1731940865s387:RADIO SEND WITH size 15
1731940865s554:NOTIFY
1731940865s554:MAC txDone
1731940866s541:RX_1 on freq 868300000 Hz at DR 3
1731940866s763:MAC rxNotify
1731940866s763:NOTIFY
1731940866s763:MAC rxDone

###### ========== MCPS-Confirm =============
###### U/L FRAME:0014 | PORT:201 | DR:3 | PWR:1 | MSG TYPE:UNCONFIRMED
1731940866s765:value of rxport: 200
1731940866s766:MULTICAST CLASS C SETUP 4
###### D/L FRAME:0003 | PORT:200 | DR:3 | SLOT:1 | RSSI:-5 | SNR:11
Time2SessionStart: 290000 ms
1731940866s766:MAC Tx start packet size: 18
1731940866s770:TX on freq 868300000 Hz at DR 3
1731940866s771:RADIO SEND WITH size 18
ID          : 0
McAddr      : 4E3D435B
McKey       : 39-14-B7-1C-E4-78-D9-92-B2-55-E0-23-0C-0C-E4-74
McFCountMin : 0
McFCountMax : 4294967295
SessionTime : 1731941156
SessionTimeT: 4096 s
Rx Freq     : 869525000
Rx DR       : DR_3
1731940866s958:NOTIFY
1731940866s958:MAC txDone
1731940867s945:RX_1 on freq 868300000 Hz at DR 3
1731940868s004:IRQ_RX_TX_TIMEOUT
1731940868s004:NOTIFY
1731940868s004:MAC rxTimeOut
1731940868s990:RX_2 on freq 869525000 Hz at DR 0
1731940869s188:IRQ_RX_TX_TIMEOUT
1731940869s188:NOTIFY
1731940869s188:MAC rxTimeOut

###### ========== MCPS-Confirm =============
###### U/L FRAME:0015 | PORT:200 | DR:3 | PWR:1 | MSG TYPE:UNCONFIRMED
1731941156s766:[SWITCHCLASS class C]
1731941156s781:RX_C on freq 869525000 Hz at DR 3
1731941156s783:#############OPENED CONTINUOUS RX C WINDOW
Switch to Class C done
1731941167s769:MAC rxNotify
1731941167s769:NOTIFY
1731941167s769:MAC rxDone
1731941167s774:RXSLOT
1731941167s774:value of rxport: 201
###### D/L FRAME:0000 | PORT:201 | DR:3 | SLOT:C_MC | RSSI:-3 | SNR:11
1731941167s774:#####################FRAGDECODER PROCESS

.... FRAG_DECODER in Progress ....
EXPECTED   : 019 Fragments (02090 Bytes)
RECEIVED   : 001 Fragments
             00110 Bytes
LOST       : 000 Fragments

1731941167s779:RX_C on freq 869525000 Hz at DR 3
1731941167s780:#############OPENED CONTINUOUS RX C WINDOW
1731941174s800:MAC rxNotify
1731941174s800:NOTIFY
1731941174s800:MAC rxDone
1731941174s805:RXSLOT
1731941174s805:value of rxport: 201
###### D/L FRAME:0001 | PORT:201 | DR:3 | SLOT:C_MC | RSSI:-3 | SNR:11
1731941174s805:#####################FRAGDECODER PROCESS

.... FRAG_DECODER in Progress ....
EXPECTED   : 019 Fragments (02090 Bytes)
RECEIVED   : 002 Fragments
             00220 Bytes
LOST       : 000 Fragments

1731941174s810:RX_C on freq 869525000 Hz at DR 3
1731941174s811:#############OPENED CONTINUOUS RX C WINDOW
1731941182s816:MAC rxNotify
1731941182s816:NOTIFY
1731941182s816:MAC rxDone
1731941182s821:RXSLOT
1731941182s821:value of rxport: 201
###### D/L FRAME:0002 | PORT:201 | DR:3 | SLOT:C_MC | RSSI:-2 | SNR:11
1731941182s821:#####################FRAGDECODER PROCESS

.... FRAG_DECODER in Progress ....
EXPECTED   : 019 Fragments (02090 Bytes)
RECEIVED   : 003 Fragments
             00330 Bytes
LOST       : 000 Fragments

1731941182s826:RX_C on freq 869525000 Hz at DR 3
1731941182s827:#############OPENED CONTINUOUS RX C WINDOW
1731941189s839:MAC rxNotify
1731941189s839:NOTIFY
1731941189s839:MAC rxDone
1731941189s844:RXSLOT
1731941189s844:value of rxport: 201
###### D/L FRAME:0003 | PORT:201 | DR:3 | SLOT:C_MC | RSSI:-2 | SNR:11
1731941189s844:#####################FRAGDECODER PROCESS

.... FRAG_DECODER in Progress ....
EXPECTED   : 019 Fragments (02090 Bytes)
RECEIVED   : 004 Fragments
             00440 Bytes
LOST       : 000 Fragments

1731941189s849:RX_C on freq 869525000 Hz at DR 3
1731941189s850:#############OPENED CONTINUOUS RX C WINDOW
1731941196s862:MAC rxNotify
1731941196s862:NOTIFY
1731941196s862:MAC rxDone
1731941196s867:RXSLOT
1731941196s867:value of rxport: 201
###### D/L FRAME:0004 | PORT:201 | DR:3 | SLOT:C_MC | RSSI:-2 | SNR:11
1731941196s867:#####################FRAGDECODER PROCESS

.... FRAG_DECODER in Progress ....
EXPECTED   : 019 Fragments (02090 Bytes)
RECEIVED   : 005 Fragments
             00550 Bytes
LOST       : 000 Fragments

1731941196s872:RX_C on freq 869525000 Hz at DR 3
1731941196s873:#############OPENED CONTINUOUS RX C WINDOW
1731941203s891:MAC rxNotify
1731941203s891:NOTIFY
1731941203s892:MAC rxDone
1731941203s897:RXSLOT
1731941203s897:value of rxport: 201
###### D/L FRAME:0005 | PORT:201 | DR:3 | SLOT:C_MC | RSSI:-2 | SNR:11
1731941203s897:#####################FRAGDECODER PROCESS

.... FRAG_DECODER in Progress ....
EXPECTED   : 019 Fragments (02090 Bytes)
RECEIVED   : 006 Fragments
             00660 Bytes
LOST       : 000 Fragments

1731941203s902:RX_C on freq 869525000 Hz at DR 3
1731941203s903:#############OPENED CONTINUOUS RX C WINDOW
1731941210s917:MAC rxNotify
1731941210s917:NOTIFY
1731941210s917:MAC rxDone
1731941210s921:RXSLOT
1731941210s921:value of rxport: 201
###### D/L FRAME:0006 | PORT:201 | DR:3 | SLOT:C_MC | RSSI:-2 | SNR:11
1731941210s921:#####################FRAGDECODER PROCESS

.... FRAG_DECODER in Progress ....
EXPECTED   : 019 Fragments (02090 Bytes)
RECEIVED   : 007 Fragments
             00770 Bytes
LOST       : 000 Fragments

1731941210s926:RX_C on freq 869525000 Hz at DR 3
1731941210s927:#############OPENED CONTINUOUS RX C WINDOW
1731941218s944:MAC rxNotify
1731941218s944:NOTIFY
1731941218s944:MAC rxDone
1731941218s949:RXSLOT
1731941218s949:value of rxport: 201
###### D/L FRAME:0007 | PORT:201 | DR:3 | SLOT:C_MC | RSSI:-2 | SNR:12
1731941218s949:#####################FRAGDECODER PROCESS

.... FRAG_DECODER in Progress ....
EXPECTED   : 019 Fragments (02090 Bytes)
RECEIVED   : 008 Fragments
             00880 Bytes
LOST       : 000 Fragments

1731941218s954:RX_C on freq 869525000 Hz at DR 3
1731941218s955:#############OPENED CONTINUOUS RX C WINDOW
1731941225s985:MAC rxNotify
1731941225s985:NOTIFY
1731941225s985:MAC rxDone
1731941225s990:RXSLOT
1731941225s990:value of rxport: 201
###### D/L FRAME:0008 | PORT:201 | DR:3 | SLOT:C_MC | RSSI:-2 | SNR:11
1731941225s990:#####################FRAGDECODER PROCESS

.... FRAG_DECODER in Progress ....
EXPECTED   : 019 Fragments (02090 Bytes)
RECEIVED   : 009 Fragments
             00990 Bytes
LOST       : 000 Fragments

1731941225s995:RX_C on freq 869525000 Hz at DR 3
1731941225s996:#############OPENED CONTINUOUS RX C WINDOW
1731941232s997:MAC rxNotify
1731941232s997:NOTIFY
1731941232s997:MAC rxDone
1731941233s001:RXSLOT
1731941233s001:value of rxport: 201
###### D/L FRAME:0009 | PORT:201 | DR:3 | SLOT:C_MC | RSSI:-2 | SNR:12
1731941233s001:#####################FRAGDECODER PROCESS

.... FRAG_DECODER in Progress ....
EXPECTED   : 019 Fragments (02090 Bytes)
RECEIVED   : 010 Fragments
             01100 Bytes
LOST       : 000 Fragments

1731941233s006:RX_C on freq 869525000 Hz at DR 3
1731941233s007:#############OPENED CONTINUOUS RX C WINDOW
1731941240s011:MAC rxNotify
1731941240s011:NOTIFY
1731941240s011:MAC rxDone
1731941240s016:RXSLOT
1731941240s016:value of rxport: 201
###### D/L FRAME:0010 | PORT:201 | DR:3 | SLOT:C_MC | RSSI:-2 | SNR:11
1731941240s016:#####################FRAGDECODER PROCESS

.... FRAG_DECODER in Progress ....
EXPECTED   : 019 Fragments (02090 Bytes)
RECEIVED   : 011 Fragments
             01210 Bytes
LOST       : 000 Fragments

1731941240s021:RX_C on freq 869525000 Hz at DR 3
1731941240s022:#############OPENED CONTINUOUS RX C WINDOW
1731941247s037:MAC rxNotify
1731941247s037:NOTIFY
1731941247s037:MAC rxDone
1731941247s042:RXSLOT
1731941247s042:value of rxport: 201
###### D/L FRAME:0011 | PORT:201 | DR:3 | SLOT:C_MC | RSSI:-2 | SNR:11
1731941247s042:#####################FRAGDECODER PROCESS

.... FRAG_DECODER in Progress ....
EXPECTED   : 019 Fragments (02090 Bytes)
RECEIVED   : 012 Fragments
             01320 Bytes
LOST       : 000 Fragments

1731941247s046:RX_C on freq 869525000 Hz at DR 3
1731941247s047:#############OPENED CONTINUOUS RX C WINDOW
1731941254s062:MAC rxNotify
1731941254s062:NOTIFY
1731941254s062:MAC rxDone
1731941254s067:RXSLOT
1731941254s067:value of rxport: 201
###### D/L FRAME:0012 | PORT:201 | DR:3 | SLOT:C_MC | RSSI:-2 | SNR:11
1731941254s067:#####################FRAGDECODER PROCESS

.... FRAG_DECODER in Progress ....
EXPECTED   : 019 Fragments (02090 Bytes)
RECEIVED   : 013 Fragments
             01430 Bytes
LOST       : 000 Fragments

1731941254s072:RX_C on freq 869525000 Hz at DR 3
1731941254s073:#############OPENED CONTINUOUS RX C WINDOW
1731941262s081:MAC rxNotify
1731941262s081:NOTIFY
1731941262s081:MAC rxDone
1731941262s085:RXSLOT
1731941262s085:value of rxport: 201
###### D/L FRAME:0013 | PORT:201 | DR:3 | SLOT:C_MC | RSSI:-2 | SNR:11
1731941262s085:#####################FRAGDECODER PROCESS

.... FRAG_DECODER in Progress ....
EXPECTED   : 019 Fragments (02090 Bytes)
RECEIVED   : 014 Fragments
             01540 Bytes
LOST       : 000 Fragments

1731941262s090:RX_C on freq 869525000 Hz at DR 3
1731941262s091:#############OPENED CONTINUOUS RX C WINDOW
1731941269s108:MAC rxNotify
1731941269s109:NOTIFY
1731941269s109:MAC rxDone
1731941269s114:RXSLOT
1731941269s114:value of rxport: 201
###### D/L FRAME:0014 | PORT:201 | DR:3 | SLOT:C_MC | RSSI:-2 | SNR:12
1731941269s114:#####################FRAGDECODER PROCESS

.... FRAG_DECODER in Progress ....
EXPECTED   : 019 Fragments (02090 Bytes)
RECEIVED   : 015 Fragments
             01650 Bytes
LOST       : 000 Fragments

1731941269s119:RX_C on freq 869525000 Hz at DR 3
1731941269s120:#############OPENED CONTINUOUS RX C WINDOW
1731941276s135:MAC rxNotify
1731941276s135:NOTIFY
1731941276s135:MAC rxDone
1731941276s140:RXSLOT
1731941276s140:value of rxport: 201
###### D/L FRAME:0015 | PORT:201 | DR:3 | SLOT:C_MC | RSSI:-2 | SNR:12
1731941276s140:#####################FRAGDECODER PROCESS

.... FRAG_DECODER in Progress ....
EXPECTED   : 019 Fragments (02090 Bytes)
RECEIVED   : 016 Fragments
             01760 Bytes
LOST       : 000 Fragments

1731941276s145:RX_C on freq 869525000 Hz at DR 3
1731941276s146:#############OPENED CONTINUOUS RX C WINDOW
1731941283s163:MAC rxNotify
1731941283s163:NOTIFY
1731941283s163:MAC rxDone
1731941283s167:RXSLOT
1731941283s167:value of rxport: 201
###### D/L FRAME:0016 | PORT:201 | DR:3 | SLOT:C_MC | RSSI:-2 | SNR:12
1731941283s167:#####################FRAGDECODER PROCESS

.... FRAG_DECODER in Progress ....
EXPECTED   : 019 Fragments (02090 Bytes)
RECEIVED   : 017 Fragments
             01870 Bytes
LOST       : 000 Fragments

1731941283s172:RX_C on freq 869525000 Hz at DR 3
1731941283s173:#############OPENED CONTINUOUS RX C WINDOW
1731941290s197:MAC rxNotify
1731941290s197:NOTIFY
1731941290s197:MAC rxDone
1731941290s202:RXSLOT
1731941290s202:value of rxport: 201
###### D/L FRAME:0017 | PORT:201 | DR:3 | SLOT:C_MC | RSSI:-2 | SNR:12
1731941290s202:#####################FRAGDECODER PROCESS

.... FRAG_DECODER in Progress ....
EXPECTED   : 019 Fragments (02090 Bytes)
RECEIVED   : 018 Fragments
             01980 Bytes
LOST       : 000 Fragments

1731941290s207:RX_C on freq 869525000 Hz at DR 3
1731941290s208:#############OPENED CONTINUOUS RX C WINDOW
1731941297s214:MAC rxNotify
1731941297s214:NOTIFY
1731941297s214:MAC rxDone
1731941297s219:RXSLOT
1731941297s219:value of rxport: 201
###### D/L FRAME:0018 | PORT:201 | DR:3 | SLOT:C_MC | RSSI:-2 | SNR:12
1731941297s219:#####################FRAGDECODER PROCESS

.... FRAG_DECODER in Progress ....
EXPECTED   : 019 Fragments (02090 Bytes)
RECEIVED   : 019 Fragments
             02090 Bytes
LOST       : 000 Fragments


.... FRAG_DECODER Finished ....
STATUS     : 0
1731941297s220:ALL FRAGMENTS RECEIVED

= [SBOOT] System Security Check successfully passed. Starting...


======================================================================
=              (C) COPYRIGHT 2017 STMicroelectronics                 =
=                                                                    =
=              Secure Boot and Secure Firmware Update                =
======================================================================


= [SBOOT] SECURE ENGINE INITIALIZATION SUCCESSFUL
= [SBOOT] STATE: CHECK STATUS ON RESET
	  INFO: A Reboot has been triggered by a Software reset!
= [SBOOT] STATE: CHECK NEW FIRMWARE TO DOWNLOAD
= [SBOOT] STATE: CHECK KMS BLOB TO INSTALL
= [SBOOT] STATE: CHECK USER FW STATUS
	  A FW is detected in the slot SLOT_ACTIVE_1
= [SBOOT] STATE: VERIFY USER FW SIGNATURE
= [SBOOT] STATE: EXECUTE USER FIRMWAREAPPLICATION_VERSION: V1.3.0
MW_LORAWAN_VERSION:  V2.5.0
MW_RADIO_VERSION:    V1.3.0
L2_SPEC_VERSION:     V1.0.4
RP_SPEC_VERSION:     V2-1.0.1
NVM DATA RESTORED
###### AppKey:      2B:7E:15:16:28:AE:D2:A6:AB:F7:15:88:09:CF:4F:3C
###### NwkKey:      2B:7E:15:16:28:AE:D2:A6:AB:F7:15:88:09:CF:4F:3C
###### AppSKey:     11:90:16:FE:95:86:DE:9E:4D:7B:3E:4C:D1:74:B4:1A
###### NwkSKey:     7C:BA:20:A5:CE:65:BF:CD:B6:F7:51:C7:ED:3C:35:1E
###### DevEUI:      00:80:E1:15:05:AB:D0:6C
###### AppEUI:      01:01:01:01:01:01:01:01
###### DevAddr:     05:AB:D0:6C
###### KMS ENABLED