
======================================================================
=              (C) COPYRIGHT 2017 STMicroelectronics                 =
=                                                                    =
=              Secure Boot and Secure Firmware Update                =
======================================================================


= [SBOOT] SECURE ENGINE INITIALIZATION SUCCESSFUL
= [SBOOT] STATE: CHECK STATUS ON RESET
	  INFO: A Reboot has been triggered by a Hardware reset!
= [SBOOT] STATE: CHECK NEW FIRMWARE TO DOWNLOAD
= [SBOOT] STATE: CHECK KMS BLOB TO INSTALL
= [SBOOT] STATE: CHECK USER FW STATUS
	  A FW is detected in the slot SLOT_ACTIVE_1
= [SBOOT] STATE: VERIFY USER FW SIGNATURE
= [SBOOT] STATE: EXECUTE USER FIRMWAREAPPLICATION_VERSION: V1.3.0
MW_LORAWAN_VERSION:  V2.5.0
MW_RADIO_VERSION:    V1.3.0
L2_SPEC_VERSION:     V1.0.4
RP_SPEC_VERSION:     V2-1.0.1
NVM DATA RESTORED
###### AppKey:      2B:7E:15:16:28:AE:D2:A6:AB:F7:15:88:09:CF:4F:3C
###### NwkKey:      2B:7E:15:16:28:AE:D2:A6:AB:F7:15:88:09:CF:4F:3C
###### AppSKey:     2B:7E:15:16:28:AE:D2:A6:AB:F7:15:88:09:CF:4F:3C
###### NwkSKey:     2B:7E:15:16:28:AE:D2:A6:AB:F7:15:88:09:CF:4F:3C
###### DevEUI:      00:80:E1:15:05:AB:D0:6C
###### AppEUI:      01:01:01:01:01:01:01:01
###### DevAddr:     05:AB:D0:6C
###### KMS ENABLED

###### ========== MCPS-Confirm =============
###### U/L FRAME:0001 | PORT:24 | DR:2 | PWR:1 | MSG TYPE:UNCONFIRMED
1731695881s940:value of rxport: 0
###### D/L FRAME:0000 | PORT:0 | DR:2 | SLOT:1 | RSSI:-7 | SNR:9
1731695910s271:Airtime test started: 0
1731695910s271:MAC Tx start packet size: 21
1731695910s275:TX on freq 867900000 Hz at DR 2
1731695910s275:RADIO SEND WITH size 21
1731695910s277:SEND REQUEST
1731695910s648:NOTIFY
1731695910s648:MAC txDone
1731695911s642:RX_1 on freq 867900000 Hz at DR 2
1731695911s709:IRQ_RX_TX_TIMEOUT
1731695911s709:NOTIFY
1731695911s709:MAC rxTimeOut
1731695912s679:RX_2 on freq 869525000 Hz at DR 0
1731695912s877:IRQ_RX_TX_TIMEOUT
1731695912s877:NOTIFY
1731695912s877:MAC rxTimeOut

###### ========== MCPS-Confirm =============
###### U/L FRAME:0002 | PORT:24 | DR:2 | PWR:1 | MSG TYPE:UNCONFIRMED
1731695940s277:Airtime test started: 0
1731695940s277:MAC Tx start packet size: 18
1731695940s281:TX on freq 867900000 Hz at DR 2
1731695940s281:RADIO SEND WITH size 18
1731695940s282:SEND REQUEST
1731695940s613:NOTIFY
1731695940s613:MAC txDone
1731695941s607:RX_1 on freq 867900000 Hz at DR 2
1731695941s674:IRQ_RX_TX_TIMEOUT
1731695941s674:NOTIFY
1731695941s674:MAC rxTimeOut
1731695942s644:RX_2 on freq 869525000 Hz at DR 0
1731695942s842:IRQ_RX_TX_TIMEOUT
1731695942s842:NOTIFY
1731695942s842:MAC rxTimeOut

###### ========== MCPS-Confirm =============
###### U/L FRAME:0003 | PORT:24 | DR:2 | PWR:1 | MSG TYPE:UNCONFIRMED
1731695970s282:Airtime test started: 0
1731695970s282:MAC Tx start packet size: 18
1731695970s286:TX on freq 867500000 Hz at DR 2
1731695970s286:RADIO SEND WITH size 18
1731695970s288:SEND REQUEST
1731695970s618:NOTIFY
1731695970s618:MAC txDone
1731695971s613:RX_1 on freq 867500000 Hz at DR 2
1731695971s680:IRQ_RX_TX_TIMEOUT
1731695971s680:NOTIFY
1731695971s680:MAC rxTimeOut
1731695972s650:RX_2 on freq 869525000 Hz at DR 0
1731695972s848:IRQ_RX_TX_TIMEOUT
1731695972s848:NOTIFY
1731695972s848:MAC rxTimeOut

###### ========== MCPS-Confirm =============
###### U/L FRAME:0004 | PORT:24 | DR:2 | PWR:1 | MSG TYPE:UNCONFIRMED
1731696000s288:Airtime test started: 0
1731696000s288:MAC Tx start packet size: 18
1731696000s292:TX on freq 867700000 Hz at DR 2
1731696000s292:RADIO SEND WITH size 18
1731696000s294:SEND REQUEST
1731696000s624:NOTIFY
1731696000s624:MAC txDone
1731696001s618:RX_1 on freq 867700000 Hz at DR 2
1731696001s686:IRQ_RX_TX_TIMEOUT
1731696001s686:NOTIFY
1731696001s686:MAC rxTimeOut
1731696002s656:RX_2 on freq 869525000 Hz at DR 0
1731696002s854:IRQ_RX_TX_TIMEOUT
1731696002s854:NOTIFY
1731696002s854:MAC rxTimeOut

###### ========== MCPS-Confirm =============
###### U/L FRAME:0005 | PORT:24 | DR:2 | PWR:1 | MSG TYPE:UNCONFIRMED
1731696030s294:Airtime test started: 0
1731696030s294:MAC Tx start packet size: 18
1731696030s298:TX on freq 867100000 Hz at DR 2
1731696030s298:RADIO SEND WITH size 18
1731696030s300:SEND REQUEST
1731696030s630:NOTIFY
1731696030s630:MAC txDone
1731696031s624:RX_1 on freq 867100000 Hz at DR 2
1731696031s692:IRQ_RX_TX_TIMEOUT
1731696031s692:NOTIFY
1731696031s692:MAC rxTimeOut
1731696032s661:RX_2 on freq 869525000 Hz at DR 0
1731696032s860:IRQ_RX_TX_TIMEOUT
1731696032s860:NOTIFY
1731696032s860:MAC rxTimeOut

###### ========== MCPS-Confirm =============
###### U/L FRAME:0006 | PORT:24 | DR:2 | PWR:1 | MSG TYPE:UNCONFIRMED
1731696060s300:Airtime test started: 0
1731696060s300:MAC Tx start packet size: 18
1731696060s304:TX on freq 867300000 Hz at DR 2
1731696060s304:RADIO SEND WITH size 18
1731696060s306:SEND REQUEST
1731696060s636:NOTIFY
1731696060s636:MAC txDone
1731696061s630:RX_1 on freq 867300000 Hz at DR 2
1731696061s698:IRQ_RX_TX_TIMEOUT
1731696061s698:NOTIFY
1731696061s698:MAC rxTimeOut
1731696062s667:RX_2 on freq 869525000 Hz at DR 0
1731696062s866:IRQ_RX_TX_TIMEOUT
1731696062s866:NOTIFY
1731696062s866:MAC rxTimeOut

###### ========== MCPS-Confirm =============
###### U/L FRAME:0007 | PORT:24 | DR:2 | PWR:1 | MSG TYPE:UNCONFIRMED
1731696090s306:Airtime test started: 0
1731696090s306:MAC Tx start packet size: 18
1731696090s310:TX on freq 868300000 Hz at DR 2
1731696090s310:RADIO SEND WITH size 18
1731696090s312:SEND REQUEST
1731696090s642:NOTIFY
1731696090s642:MAC txDone
1731696091s636:RX_1 on freq 868300000 Hz at DR 2
1731696091s703:IRQ_RX_TX_TIMEOUT
1731696091s703:NOTIFY
1731696091s703:MAC rxTimeOut
1731696092s673:RX_2 on freq 869525000 Hz at DR 0
1731696092s871:IRQ_RX_TX_TIMEOUT
1731696092s871:NOTIFY
1731696092s871:MAC rxTimeOut

###### ========== MCPS-Confirm =============
###### U/L FRAME:0008 | PORT:24 | DR:2 | PWR:1 | MSG TYPE:UNCONFIRMED
1731696120s312:Airtime test started: 0
1731696120s312:MAC Tx start packet size: 18
1731696120s316:TX on freq 868500000 Hz at DR 2
1731696120s316:RADIO SEND WITH size 18
1731696120s318:SEND REQUEST
1731696120s648:NOTIFY
1731696120s648:MAC txDone
1731696121s642:RX_1 on freq 868500000 Hz at DR 2
1731696121s709:IRQ_RX_TX_TIMEOUT
1731696121s709:NOTIFY
1731696121s709:MAC rxTimeOut
1731696122s679:RX_2 on freq 869525000 Hz at DR 0
1731696122s877:IRQ_RX_TX_TIMEOUT
1731696122s877:NOTIFY
1731696122s877:MAC rxTimeOut

###### ========== MCPS-Confirm =============
###### U/L FRAME:0009 | PORT:24 | DR:2 | PWR:1 | MSG TYPE:UNCONFIRMED
1731696150s318:Airtime test started: 0
1731696150s318:MAC Tx start packet size: 18
1731696150s322:TX on freq 867700000 Hz at DR 2
1731696150s322:RADIO SEND WITH size 18
1731696150s324:SEND REQUEST
1731696150s654:NOTIFY
1731696150s654:MAC txDone
1731696151s648:RX_1 on freq 867700000 Hz at DR 2
1731696151s715:IRQ_RX_TX_TIMEOUT
1731696151s715:NOTIFY
1731696151s715:MAC rxTimeOut
1731696152s685:RX_2 on freq 869525000 Hz at DR 0
1731696152s883:IRQ_RX_TX_TIMEOUT
1731696152s883:NOTIFY
1731696152s883:MAC rxTimeOut

###### ========== MCPS-Confirm =============
###### U/L FRAME:0010 | PORT:24 | DR:2 | PWR:1 | MSG TYPE:UNCONFIRMED
1731696180s324:Airtime test started: 0
1731696180s324:MAC Tx start packet size: 18
1731696180s327:TX on freq 867900000 Hz at DR 2
1731696180s327:RADIO SEND WITH size 18
1731696180s329:SEND REQUEST
1731696180s659:NOTIFY
1731696180s659:MAC txDone
1731696181s654:RX_1 on freq 867900000 Hz at DR 2
1731696181s721:IRQ_RX_TX_TIMEOUT
1731696181s721:NOTIFY
1731696181s721:MAC rxTimeOut
1731696182s691:RX_2 on freq 869525000 Hz at DR 0
1731696182s889:IRQ_RX_TX_TIMEOUT
1731696182s889:NOTIFY
1731696182s889:MAC rxTimeOut

###### ========== MCPS-Confirm =============
###### U/L FRAME:0011 | PORT:24 | DR:2 | PWR:1 | MSG TYPE:UNCONFIRMED
1731696210s329:Airtime test started: 0
1731696210s329:MAC Tx start packet size: 18
1731696210s333:TX on freq 867300000 Hz at DR 2
1731696210s333:RADIO SEND WITH size 18
1731696210s335:SEND REQUEST
1731696210s665:NOTIFY
1731696210s665:MAC txDone
1731696211s659:RX_1 on freq 867300000 Hz at DR 2
1731696212s206:MAC rxNotify
1731696212s206:NOTIFY
1731696212s206:MAC rxDone

###### ========== MCPS-Confirm =============
###### U/L FRAME:0012 | PORT:24 | DR:2 | PWR:1 | MSG TYPE:UNCONFIRMED
1731696212s209:value of rxport: 200
1731696212s209:MULTICAST CLASS C SETUP 2
###### D/L FRAME:0001 | PORT:200 | DR:2 | SLOT:1 | RSSI:-8 | SNR:9
1731696212s218:MAC Tx start packet size: 15
1731696212s221:TX on freq 867500000 Hz at DR 2
1731696212s222:RADIO SEND WITH size 15
ID          : 0
McAddr      : 52A2E993
McKey       : 12-86-98-88-74-8D-E9-2A-C3-EE-0C-34-0E-89-6C-09
McFCountMin : 0
McFCountMax : 4294967295
SessionTime : 0
SessionTimeT: 1 s
Rx Freq     : 0
Rx DR       : DR_0
1731696212s553:NOTIFY
1731696212s554:MAC txDone
1731696213s547:RX_1 on freq 867500000 Hz at DR 2
1731696213s931:MAC rxNotify
1731696213s931:NOTIFY
1731696213s931:MAC rxDone

###### ========== MCPS-Confirm =============
###### U/L FRAME:0013 | PORT:200 | DR:2 | PWR:1 | MSG TYPE:UNCONFIRMED
1731696213s933:value of rxport: 201
###### D/L FRAME:0002 | PORT:201 | DR:2 | SLOT:1 | RSSI:-8 | SNR:9
1731696213s934:#####################FRAGDECODER INIT
1731696217s816:MAC Tx start packet size: 15
1731696217s820:TX on freq 868500000 Hz at DR 2
1731696217s820:RADIO SEND WITH size 15
1731696218s152:NOTIFY
1731696218s152:MAC txDone
1731696219s146:RX_1 on freq 868500000 Hz at DR 2
1731696219s529:MAC rxNotify
1731696219s529:NOTIFY
1731696219s529:MAC rxDone

###### ========== MCPS-Confirm =============
###### U/L FRAME:0014 | PORT:201 | DR:2 | PWR:1 | MSG TYPE:UNCONFIRMED
1731696219s531:value of rxport: 200
1731696219s532:MULTICAST CLASS C SETUP 4
###### D/L FRAME:0003 | PORT:200 | DR:2 | SLOT:1 | RSSI:-8 | SNR:9
Time2SessionStart: 299000 ms
1731696219s532:MAC Tx start packet size: 18
1731696219s535:TX on freq 867300000 Hz at DR 2
1731696219s536:RADIO SEND WITH size 18
ID          : 0
McAddr      : 52A2E993
McKey       : 12-86-98-88-74-8D-E9-2A-C3-EE-0C-34-0E-89-6C-09
McFCountMin : 0
McFCountMax : 4294967295
SessionTime : 1731696518
SessionTimeT: 4096 s
Rx Freq     : 869525000
Rx DR       : DR_2
1731696219s867:NOTIFY
1731696219s867:MAC txDone
1731696220s862:RX_1 on freq 867300000 Hz at DR 2
1731696220s929:IRQ_RX_TX_TIMEOUT
1731696220s929:NOTIFY
1731696220s929:MAC rxTimeOut
1731696221s899:RX_2 on freq 869525000 Hz at DR 0
1731696222s097:IRQ_RX_TX_TIMEOUT
1731696222s097:NOTIFY
1731696222s097:MAC rxTimeOut

###### ========== MCPS-Confirm =============
###### U/L FRAME:0015 | PORT:200 | DR:2 | PWR:1 | MSG TYPE:UNCONFIRMED
1731696518s532:[SWITCHCLASS class C]
1731696518s546:RX_C on freq 869525000 Hz at DR 2
1731696518s548:#############OPENED CONTINUOUS RX C WINDOW
Switch to Class C done
1731696520s593:MAC rxNotify
1731696520s593:NOTIFY
1731696520s593:MAC rxDone
1731696520s597:RXSLOT
1731696520s597:value of rxport: 201
###### D/L FRAME:0000 | PORT:201 | DR:2 | SLOT:C_MC | RSSI:-5 | SNR:9
1731696520s597:#####################FRAGDECODER PROCESS

.... FRAG_DECODER in Progress ....
EXPECTED   : 052 Fragments (02028 Bytes)
RECEIVED   : 001 Fragments
             00039 Bytes
LOST       : 000 Fragments

1731696520s602:RX_C on freq 869525000 Hz at DR 2
1731696520s603:#############OPENED CONTINUOUS RX C WINDOW
1731696526s616:MAC rxNotify
1731696526s616:NOTIFY
1731696526s616:MAC rxDone
1731696526s619:RXSLOT
1731696526s619:value of rxport: 201
###### D/L FRAME:0001 | PORT:201 | DR:2 | SLOT:C_MC | RSSI:-5 | SNR:9
1731696526s619:#####################FRAGDECODER PROCESS

.... FRAG_DECODER in Progress ....
EXPECTED   : 052 Fragments (02028 Bytes)
RECEIVED   : 002 Fragments
             00078 Bytes
LOST       : 000 Fragments

1731696526s624:RX_C on freq 869525000 Hz at DR 2
1731696526s625:#############OPENED CONTINUOUS RX C WINDOW
1731696533s642:MAC rxNotify
1731696533s642:NOTIFY
1731696533s643:MAC rxDone
1731696533s646:RXSLOT
1731696533s646:value of rxport: 201
###### D/L FRAME:0002 | PORT:201 | DR:2 | SLOT:C_MC | RSSI:-5 | SNR:9
1731696533s646:#####################FRAGDECODER PROCESS

.... FRAG_DECODER in Progress ....
EXPECTED   : 052 Fragments (02028 Bytes)
RECEIVED   : 003 Fragments
             00117 Bytes
LOST       : 000 Fragments

1731696533s651:RX_C on freq 869525000 Hz at DR 2
1731696533s652:#############OPENED CONTINUOUS RX C WINDOW
1731696539s664:MAC rxNotify
1731696539s664:NOTIFY
1731696539s664:MAC rxDone
1731696539s667:RXSLOT
1731696539s667:value of rxport: 201
###### D/L FRAME:0003 | PORT:201 | DR:2 | SLOT:C_MC | RSSI:-6 | SNR:8
1731696539s667:#####################FRAGDECODER PROCESS

.... FRAG_DECODER in Progress ....
EXPECTED   : 052 Fragments (02028 Bytes)
RECEIVED   : 004 Fragments
             00156 Bytes
LOST       : 000 Fragments

1731696539s672:RX_C on freq 869525000 Hz at DR 2
1731696539s673:#############OPENED CONTINUOUS RX C WINDOW
1731696545s683:MAC rxNotify
1731696545s684:NOTIFY
1731696545s684:MAC rxDone
1731696545s687:RXSLOT
1731696545s687:value of rxport: 201
###### D/L FRAME:0004 | PORT:201 | DR:2 | SLOT:C_MC | RSSI:-6 | SNR:8
1731696545s687:#####################FRAGDECODER PROCESS

.... FRAG_DECODER in Progress ....
EXPECTED   : 052 Fragments (02028 Bytes)
RECEIVED   : 005 Fragments
             00195 Bytes
LOST       : 000 Fragments

1731696545s692:RX_C on freq 869525000 Hz at DR 2
1731696545s693:#############OPENED CONTINUOUS RX C WINDOW
1731696551s708:MAC rxNotify
1731696551s708:NOTIFY
1731696551s708:MAC rxDone
1731696551s711:RXSLOT
1731696551s711:value of rxport: 201
###### D/L FRAME:0005 | PORT:201 | DR:2 | SLOT:C_MC | RSSI:-6 | SNR:9
1731696551s711:#####################FRAGDECODER PROCESS

.... FRAG_DECODER in Progress ....
EXPECTED   : 052 Fragments (02028 Bytes)
RECEIVED   : 006 Fragments
             00234 Bytes
LOST       : 000 Fragments

1731696551s716:RX_C on freq 869525000 Hz at DR 2
1731696551s717:#############OPENED CONTINUOUS RX C WINDOW
1731696558s738:MAC rxNotify
1731696558s738:NOTIFY
1731696558s738:MAC rxDone
1731696558s741:RXSLOT
1731696558s741:value of rxport: 201
###### D/L FRAME:0006 | PORT:201 | DR:2 | SLOT:C_MC | RSSI:-6 | SNR:8
1731696558s741:#####################FRAGDECODER PROCESS

.... FRAG_DECODER in Progress ....
EXPECTED   : 052 Fragments (02028 Bytes)
RECEIVED   : 007 Fragments
             00273 Bytes
LOST       : 000 Fragments

1731696558s745:RX_C on freq 869525000 Hz at DR 2
1731696558s746:#############OPENED CONTINUOUS RX C WINDOW
1731696564s761:MAC rxNotify
1731696564s761:NOTIFY
1731696564s761:MAC rxDone
1731696564s765:RXSLOT
1731696564s765:value of rxport: 201
###### D/L FRAME:0007 | PORT:201 | DR:2 | SLOT:C_MC | RSSI:-6 | SNR:9
1731696564s765:#####################FRAGDECODER PROCESS

.... FRAG_DECODER in Progress ....
EXPECTED   : 052 Fragments (02028 Bytes)
RECEIVED   : 008 Fragments
             00312 Bytes
LOST       : 000 Fragments

1731696564s770:RX_C on freq 869525000 Hz at DR 2
1731696564s771:#############OPENED CONTINUOUS RX C WINDOW
1731696570s779:MAC rxNotify
1731696570s779:NOTIFY
1731696570s779:MAC rxDone
1731696570s782:RXSLOT
1731696570s782:value of rxport: 201
###### D/L FRAME:0008 | PORT:201 | DR:2 | SLOT:C_MC | RSSI:-6 | SNR:9
1731696570s782:#####################FRAGDECODER PROCESS

.... FRAG_DECODER in Progress ....
EXPECTED   : 052 Fragments (02028 Bytes)
RECEIVED   : 009 Fragments
             00351 Bytes
LOST       : 000 Fragments

1731696570s786:RX_C on freq 869525000 Hz at DR 2
1731696570s787:#############OPENED CONTINUOUS RX C WINDOW
1731696576s808:MAC rxNotify
1731696576s808:NOTIFY
1731696576s808:MAC rxDone
1731696576s811:RXSLOT
1731696576s811:value of rxport: 201
###### D/L FRAME:0009 | PORT:201 | DR:2 | SLOT:C_MC | RSSI:-6 | SNR:9
1731696576s811:#####################FRAGDECODER PROCESS

.... FRAG_DECODER in Progress ....
EXPECTED   : 052 Fragments (02028 Bytes)
RECEIVED   : 010 Fragments
             00390 Bytes
LOST       : 000 Fragments

1731696576s816:RX_C on freq 869525000 Hz at DR 2
1731696576s817:#############OPENED CONTINUOUS RX C WINDOW
1731696583s830:MAC rxNotify
1731696583s830:NOTIFY
1731696583s830:MAC rxDone
1731696583s833:RXSLOT
1731696583s833:value of rxport: 201
###### D/L FRAME:0010 | PORT:201 | DR:2 | SLOT:C_MC | RSSI:-5 | SNR:9
1731696583s833:#####################FRAGDECODER PROCESS

.... FRAG_DECODER in Progress ....
EXPECTED   : 052 Fragments (02028 Bytes)
RECEIVED   : 011 Fragments
             00429 Bytes
LOST       : 000 Fragments

1731696583s838:RX_C on freq 869525000 Hz at DR 2
1731696583s839:#############OPENED CONTINUOUS RX C WINDOW
1731696589s850:MAC rxNotify
1731696589s850:NOTIFY
1731696589s850:MAC rxDone
1731696589s853:RXSLOT
1731696589s853:value of rxport: 201
###### D/L FRAME:0011 | PORT:201 | DR:2 | SLOT:C_MC | RSSI:-6 | SNR:9
1731696589s853:#####################FRAGDECODER PROCESS

.... FRAG_DECODER in Progress ....
EXPECTED   : 052 Fragments (02028 Bytes)
RECEIVED   : 012 Fragments
             00468 Bytes
LOST       : 000 Fragments

1731696589s858:RX_C on freq 869525000 Hz at DR 2
1731696589s859:#############OPENED CONTINUOUS RX C WINDOW
1731696595s868:MAC rxNotify
1731696595s868:NOTIFY
1731696595s868:MAC rxDone
1731696595s871:RXSLOT
1731696595s871:value of rxport: 201
###### D/L FRAME:0012 | PORT:201 | DR:2 | SLOT:C_MC | RSSI:-6 | SNR:8
1731696595s871:#####################FRAGDECODER PROCESS

.... FRAG_DECODER in Progress ....
EXPECTED   : 052 Fragments (02028 Bytes)
RECEIVED   : 013 Fragments
             00507 Bytes
LOST       : 000 Fragments

1731696595s876:RX_C on freq 869525000 Hz at DR 2
1731696595s877:#############OPENED CONTINUOUS RX C WINDOW
1731696601s899:MAC rxNotify
1731696601s899:NOTIFY
1731696601s899:MAC rxDone
1731696601s902:RXSLOT
1731696601s902:value of rxport: 201
###### D/L FRAME:0013 | PORT:201 | DR:2 | SLOT:C_MC | RSSI:-6 | SNR:9
1731696601s902:#####################FRAGDECODER PROCESS

.... FRAG_DECODER in Progress ....
EXPECTED   : 052 Fragments (02028 Bytes)
RECEIVED   : 014 Fragments
             00546 Bytes
LOST       : 000 Fragments

1731696601s907:RX_C on freq 869525000 Hz at DR 2
1731696601s907:#############OPENED CONTINUOUS RX C WINDOW
1731696608s921:MAC rxNotify
1731696608s921:NOTIFY
1731696608s921:MAC rxDone
1731696608s924:RXSLOT
1731696608s924:value of rxport: 201
###### D/L FRAME:0014 | PORT:201 | DR:2 | SLOT:C_MC | RSSI:-6 | SNR:9
1731696608s924:#####################FRAGDECODER PROCESS

.... FRAG_DECODER in Progress ....
EXPECTED   : 052 Fragments (02028 Bytes)
RECEIVED   : 015 Fragments
             00585 Bytes
LOST       : 000 Fragments

1731696608s929:RX_C on freq 869525000 Hz at DR 2
1731696608s930:#############OPENED CONTINUOUS RX C WINDOW
1731696614s949:MAC rxNotify
1731696614s949:NOTIFY
1731696614s949:MAC rxDone
1731696614s952:RXSLOT
1731696614s952:value of rxport: 201
###### D/L FRAME:0015 | PORT:201 | DR:2 | SLOT:C_MC | RSSI:-6 | SNR:8
1731696614s952:#####################FRAGDECODER PROCESS

.... FRAG_DECODER in Progress ....
EXPECTED   : 052 Fragments (02028 Bytes)
RECEIVED   : 016 Fragments
             00624 Bytes
LOST       : 000 Fragments

1731696614s957:RX_C on freq 869525000 Hz at DR 2
1731696614s958:#############OPENED CONTINUOUS RX C WINDOW
1731696620s975:MAC rxNotify
1731696620s975:NOTIFY
1731696620s975:MAC rxDone
1731696620s978:RXSLOT
1731696620s978:value of rxport: 201
###### D/L FRAME:0016 | PORT:201 | DR:2 | SLOT:C_MC | RSSI:-6 | SNR:9
1731696620s978:#####################FRAGDECODER PROCESS

.... FRAG_DECODER in Progress ....
EXPECTED   : 052 Fragments (02028 Bytes)
RECEIVED   : 017 Fragments
             00663 Bytes
LOST       : 000 Fragments

1731696620s983:RX_C on freq 869525000 Hz at DR 2
1731696620s984:#############OPENED CONTINUOUS RX C WINDOW
1731696628s002:MAC rxNotify
1731696628s002:NOTIFY
1731696628s002:MAC rxDone
1731696628s005:RXSLOT
1731696628s005:value of rxport: 201
###### D/L FRAME:0017 | PORT:201 | DR:2 | SLOT:C_MC | RSSI:-6 | SNR:9
1731696628s005:#####################FRAGDECODER PROCESS

.... FRAG_DECODER in Progress ....
EXPECTED   : 052 Fragments (02028 Bytes)
RECEIVED   : 018 Fragments
             00702 Bytes
LOST       : 000 Fragments

1731696628s010:RX_C on freq 869525000 Hz at DR 2
1731696628s011:#############OPENED CONTINUOUS RX C WINDOW
1731696634s028:MAC rxNotify
1731696634s028:NOTIFY
1731696634s028:MAC rxDone
1731696634s031:RXSLOT
1731696634s031:value of rxport: 201
###### D/L FRAME:0018 | PORT:201 | DR:2 | SLOT:C_MC | RSSI:-6 | SNR:9
1731696634s031:#####################FRAGDECODER PROCESS

.... FRAG_DECODER in Progress ....
EXPECTED   : 052 Fragments (02028 Bytes)
RECEIVED   : 019 Fragments
             00741 Bytes
LOST       : 000 Fragments

1731696634s035:RX_C on freq 869525000 Hz at DR 2
1731696634s036:#############OPENED CONTINUOUS RX C WINDOW
1731696640s053:MAC rxNotify
1731696640s053:NOTIFY
1731696640s053:MAC rxDone
1731696640s056:RXSLOT
1731696640s056:value of rxport: 201
###### D/L FRAME:0019 | PORT:201 | DR:2 | SLOT:C_MC | RSSI:-6 | SNR:9
1731696640s056:#####################FRAGDECODER PROCESS

.... FRAG_DECODER in Progress ....
EXPECTED   : 052 Fragments (02028 Bytes)
RECEIVED   : 020 Fragments
             00780 Bytes
LOST       : 000 Fragments

1731696640s061:RX_C on freq 869525000 Hz at DR 2
1731696640s062:#############OPENED CONTINUOUS RX C WINDOW
1731696646s068:MAC rxNotify
1731696646s068:NOTIFY
1731696646s068:MAC rxDone
1731696646s071:RXSLOT
1731696646s071:value of rxport: 201
###### D/L FRAME:0020 | PORT:201 | DR:2 | SLOT:C_MC | RSSI:-6 | SNR:9
1731696646s071:#####################FRAGDECODER PROCESS

.... FRAG_DECODER in Progress ....
EXPECTED   : 052 Fragments (02028 Bytes)
RECEIVED   : 021 Fragments
             00819 Bytes
LOST       : 000 Fragments

1731696646s075:RX_C on freq 869525000 Hz at DR 2
1731696646s076:#############OPENED CONTINUOUS RX C WINDOW
1731696653s094:MAC rxNotify
1731696653s094:NOTIFY
1731696653s094:MAC rxDone
1731696653s098:RXSLOT
1731696653s098:value of rxport: 201
###### D/L FRAME:0021 | PORT:201 | DR:2 | SLOT:C_MC | RSSI:-6 | SNR:9
1731696653s098:#####################FRAGDECODER PROCESS

.... FRAG_DECODER in Progress ....
EXPECTED   : 052 Fragments (02028 Bytes)
RECEIVED   : 022 Fragments
             00858 Bytes
LOST       : 000 Fragments

1731696653s103:RX_C on freq 869525000 Hz at DR 2
1731696653s104:#############OPENED CONTINUOUS RX C WINDOW
1731696659s119:MAC rxNotify
1731696659s119:NOTIFY
1731696659s119:MAC rxDone
1731696659s122:RXSLOT
1731696659s122:value of rxport: 201
###### D/L FRAME:0022 | PORT:201 | DR:2 | SLOT:C_MC | RSSI:-6 | SNR:9
1731696659s122:#####################FRAGDECODER PROCESS

.... FRAG_DECODER in Progress ....
EXPECTED   : 052 Fragments (02028 Bytes)
RECEIVED   : 023 Fragments
             00897 Bytes
LOST       : 000 Fragments

1731696659s127:RX_C on freq 869525000 Hz at DR 2
1731696659s128:#############OPENED CONTINUOUS RX C WINDOW
1731696665s146:MAC rxNotify
1731696665s146:NOTIFY
1731696665s146:MAC rxDone
1731696665s150:RXSLOT
1731696665s150:value of rxport: 201
###### D/L FRAME:0023 | PORT:201 | DR:2 | SLOT:C_MC | RSSI:-6 | SNR:9
1731696665s150:#####################FRAGDECODER PROCESS

.... FRAG_DECODER in Progress ....
EXPECTED   : 052 Fragments (02028 Bytes)
RECEIVED   : 024 Fragments
             00936 Bytes
LOST       : 000 Fragments

1731696665s155:RX_C on freq 869525000 Hz at DR 2
1731696665s156:#############OPENED CONTINUOUS RX C WINDOW
1731696671s154:MAC rxNotify
1731696671s154:NOTIFY
1731696671s154:MAC rxDone
1731696671s157:RXSLOT
1731696671s157:value of rxport: 201
###### D/L FRAME:0024 | PORT:201 | DR:2 | SLOT:C_MC | RSSI:-6 | SNR:8
1731696671s157:#####################FRAGDECODER PROCESS

.... FRAG_DECODER in Progress ....
EXPECTED   : 052 Fragments (02028 Bytes)
RECEIVED   : 025 Fragments
             00975 Bytes
LOST       : 000 Fragments

1731696671s161:RX_C on freq 869525000 Hz at DR 2
1731696671s162:#############OPENED CONTINUOUS RX C WINDOW
1731696678s178:MAC rxNotify
1731696678s178:NOTIFY
1731696678s178:MAC rxDone
1731696678s182:RXSLOT
1731696678s182:value of rxport: 201
###### D/L FRAME:0025 | PORT:201 | DR:2 | SLOT:C_MC | RSSI:-6 | SNR:9
1731696678s182:#####################FRAGDECODER PROCESS

.... FRAG_DECODER in Progress ....
EXPECTED   : 052 Fragments (02028 Bytes)
RECEIVED   : 026 Fragments
             01014 Bytes
LOST       : 000 Fragments

1731696678s187:RX_C on freq 869525000 Hz at DR 2
1731696678s188:#############OPENED CONTINUOUS RX C WINDOW
1731696684s202:MAC rxNotify
1731696684s202:NOTIFY
1731696684s202:MAC rxDone
1731696684s205:RXSLOT
1731696684s205:value of rxport: 201
###### D/L FRAME:0026 | PORT:201 | DR:2 | SLOT:C_MC | RSSI:-6 | SNR:9
1731696684s205:#####################FRAGDECODER PROCESS

.... FRAG_DECODER in Progress ....
EXPECTED   : 052 Fragments (02028 Bytes)
RECEIVED   : 027 Fragments
             01053 Bytes
LOST       : 000 Fragments

1731696684s210:RX_C on freq 869525000 Hz at DR 2
1731696684s211:#############OPENED CONTINUOUS RX C WINDOW
1731696690s227:MAC rxNotify
1731696690s227:NOTIFY
1731696690s227:MAC rxDone
1731696690s230:RXSLOT
1731696690s230:value of rxport: 201
###### D/L FRAME:0027 | PORT:201 | DR:2 | SLOT:C_MC | RSSI:-6 | SNR:9
1731696690s230:#####################FRAGDECODER PROCESS

.... FRAG_DECODER in Progress ....
EXPECTED   : 052 Fragments (02028 Bytes)
RECEIVED   : 028 Fragments
             01092 Bytes
LOST       : 000 Fragments

1731696690s235:RX_C on freq 869525000 Hz at DR 2
1731696690s236:#############OPENED CONTINUOUS RX C WINDOW
1731696696s252:MAC rxNotify
1731696696s252:NOTIFY
1731696696s252:MAC rxDone
1731696696s255:RXSLOT
1731696696s255:value of rxport: 201
###### D/L FRAME:0028 | PORT:201 | DR:2 | SLOT:C_MC | RSSI:-6 | SNR:9
1731696696s255:#####################FRAGDECODER PROCESS

.... FRAG_DECODER in Progress ....
EXPECTED   : 052 Fragments (02028 Bytes)
RECEIVED   : 029 Fragments
             01131 Bytes
LOST       : 000 Fragments

1731696696s260:RX_C on freq 869525000 Hz at DR 2
1731696696s261:#############OPENED CONTINUOUS RX C WINDOW
1731696703s280:MAC rxNotify
1731696703s280:NOTIFY
1731696703s280:MAC rxDone
1731696703s282:RXSLOT
1731696703s282:value of rxport: 201
###### D/L FRAME:0029 | PORT:201 | DR:2 | SLOT:C_MC | RSSI:-6 | SNR:9
1731696703s282:#####################FRAGDECODER PROCESS

.... FRAG_DECODER in Progress ....
EXPECTED   : 052 Fragments (02028 Bytes)
RECEIVED   : 030 Fragments
             01170 Bytes
LOST       : 000 Fragments

1731696703s287:RX_C on freq 869525000 Hz at DR 2
1731696703s288:#############OPENED CONTINUOUS RX C WINDOW
1731696709s306:MAC rxNotify
1731696709s306:NOTIFY
1731696709s306:MAC rxDone
1731696709s309:RXSLOT
1731696709s309:value of rxport: 201
###### D/L FRAME:0030 | PORT:201 | DR:2 | SLOT:C_MC | RSSI:-5 | SNR:9
1731696709s309:#####################FRAGDECODER PROCESS

.... FRAG_DECODER in Progress ....
EXPECTED   : 052 Fragments (02028 Bytes)
RECEIVED   : 031 Fragments
             01209 Bytes
LOST       : 000 Fragments

1731696709s314:RX_C on freq 869525000 Hz at DR 2
1731696709s315:#############OPENED CONTINUOUS RX C WINDOW
1731696715s332:MAC rxNotify
1731696715s332:NOTIFY
1731696715s332:MAC rxDone
1731696715s335:RXSLOT
1731696715s335:value of rxport: 201
###### D/L FRAME:0031 | PORT:201 | DR:2 | SLOT:C_MC | RSSI:-6 | SNR:9
1731696715s335:#####################FRAGDECODER PROCESS

.... FRAG_DECODER in Progress ....
EXPECTED   : 052 Fragments (02028 Bytes)
RECEIVED   : 032 Fragments
             01248 Bytes
LOST       : 000 Fragments

1731696715s340:RX_C on freq 869525000 Hz at DR 2
1731696715s341:#############OPENED CONTINUOUS RX C WINDOW
1731696721s348:MAC rxNotify
1731696721s348:NOTIFY
1731696721s348:MAC rxDone
1731696721s351:RXSLOT
1731696721s351:value of rxport: 201
###### D/L FRAME:0032 | PORT:201 | DR:2 | SLOT:C_MC | RSSI:-6 | SNR:8
1731696721s351:#####################FRAGDECODER PROCESS

.... FRAG_DECODER in Progress ....
EXPECTED   : 052 Fragments (02028 Bytes)
RECEIVED   : 033 Fragments
             01287 Bytes
LOST       : 000 Fragments

1731696721s356:RX_C on freq 869525000 Hz at DR 2
1731696721s357:#############OPENED CONTINUOUS RX C WINDOW
1731696728s382:MAC rxNotify
1731696728s382:NOTIFY
1731696728s382:MAC rxDone
1731696728s385:RXSLOT
1731696728s385:value of rxport: 201
###### D/L FRAME:0033 | PORT:201 | DR:2 | SLOT:C_MC | RSSI:-6 | SNR:9
1731696728s385:#####################FRAGDECODER PROCESS

.... FRAG_DECODER in Progress ....
EXPECTED   : 052 Fragments (02028 Bytes)
RECEIVED   : 034 Fragments
             01326 Bytes
LOST       : 000 Fragments

1731696728s390:RX_C on freq 869525000 Hz at DR 2
1731696728s391:#############OPENED CONTINUOUS RX C WINDOW
1731696734s403:MAC rxNotify
1731696734s403:NOTIFY
1731696734s403:MAC rxDone
1731696734s406:RXSLOT
1731696734s406:value of rxport: 201
###### D/L FRAME:0034 | PORT:201 | DR:2 | SLOT:C_MC | RSSI:-6 | SNR:9
1731696734s406:#####################FRAGDECODER PROCESS

.... FRAG_DECODER in Progress ....
EXPECTED   : 052 Fragments (02028 Bytes)
RECEIVED   : 035 Fragments
             01365 Bytes
LOST       : 000 Fragments

1731696734s410:RX_C on freq 869525000 Hz at DR 2
1731696734s411:#############OPENED CONTINUOUS RX C WINDOW
1731696740s430:MAC rxNotify
1731696740s430:NOTIFY
1731696740s431:MAC rxDone
1731696740s434:RXSLOT
1731696740s434:value of rxport: 201
###### D/L FRAME:0035 | PORT:201 | DR:2 | SLOT:C_MC | RSSI:-6 | SNR:9
1731696740s434:#####################FRAGDECODER PROCESS

.... FRAG_DECODER in Progress ....
EXPECTED   : 052 Fragments (02028 Bytes)
RECEIVED   : 036 Fragments
             01404 Bytes
LOST       : 000 Fragments

1731696740s439:RX_C on freq 869525000 Hz at DR 2
1731696740s440:#############OPENED CONTINUOUS RX C WINDOW
1731696746s457:MAC rxNotify
1731696746s458:NOTIFY
1731696746s458:MAC rxDone
1731696746s461:RXSLOT
1731696746s461:value of rxport: 201
###### D/L FRAME:0036 | PORT:201 | DR:2 | SLOT:C_MC | RSSI:-6 | SNR:9
1731696746s461:#####################FRAGDECODER PROCESS

.... FRAG_DECODER in Progress ....
EXPECTED   : 052 Fragments (02028 Bytes)
RECEIVED   : 037 Fragments
             01443 Bytes
LOST       : 000 Fragments

1731696746s466:RX_C on freq 869525000 Hz at DR 2
1731696746s467:#############OPENED CONTINUOUS RX C WINDOW
1731696753s484:MAC rxNotify
1731696753s484:NOTIFY
1731696753s484:MAC rxDone
1731696753s487:RXSLOT
1731696753s487:value of rxport: 201
###### D/L FRAME:0037 | PORT:201 | DR:2 | SLOT:C_MC | RSSI:-6 | SNR:9
1731696753s487:#####################FRAGDECODER PROCESS

.... FRAG_DECODER in Progress ....
EXPECTED   : 052 Fragments (02028 Bytes)
RECEIVED   : 038 Fragments
             01482 Bytes
LOST       : 000 Fragments

1731696753s491:RX_C on freq 869525000 Hz at DR 2
1731696753s492:#############OPENED CONTINUOUS RX C WINDOW
1731696759s507:MAC rxNotify
1731696759s507:NOTIFY
1731696759s507:MAC rxDone
1731696759s510:RXSLOT
1731696759s510:value of rxport: 201
###### D/L FRAME:0038 | PORT:201 | DR:2 | SLOT:C_MC | RSSI:-5 | SNR:9
1731696759s510:#####################FRAGDECODER PROCESS

.... FRAG_DECODER in Progress ....
EXPECTED   : 052 Fragments (02028 Bytes)
RECEIVED   : 039 Fragments
             01521 Bytes
LOST       : 000 Fragments

1731696759s515:RX_C on freq 869525000 Hz at DR 2
1731696759s516:#############OPENED CONTINUOUS RX C WINDOW
1731696765s531:MAC rxNotify
1731696765s531:NOTIFY
1731696765s531:MAC rxDone
1731696765s533:RXSLOT
1731696765s533:value of rxport: 201
###### D/L FRAME:0039 | PORT:201 | DR:2 | SLOT:C_MC | RSSI:-6 | SNR:9
1731696765s533:#####################FRAGDECODER PROCESS

.... FRAG_DECODER in Progress ....
EXPECTED   : 052 Fragments (02028 Bytes)
RECEIVED   : 040 Fragments
             01560 Bytes
LOST       : 000 Fragments

1731696765s538:RX_C on freq 869525000 Hz at DR 2
1731696765s539:#############OPENED CONTINUOUS RX C WINDOW
1731696772s557:MAC rxNotify
1731696772s557:NOTIFY
1731696772s557:MAC rxDone
1731696772s560:RXSLOT
1731696772s560:value of rxport: 201
###### D/L FRAME:0040 | PORT:201 | DR:2 | SLOT:C_MC | RSSI:-6 | SNR:9
1731696772s560:#####################FRAGDECODER PROCESS

.... FRAG_DECODER in Progress ....
EXPECTED   : 052 Fragments (02028 Bytes)
RECEIVED   : 041 Fragments
             01599 Bytes
LOST       : 000 Fragments

1731696772s565:RX_C on freq 869525000 Hz at DR 2
1731696772s566:#############OPENED CONTINUOUS RX C WINDOW
1731696778s581:MAC rxNotify
1731696778s581:NOTIFY
1731696778s581:MAC rxDone
1731696778s584:RXSLOT
1731696778s584:value of rxport: 201
###### D/L FRAME:0041 | PORT:201 | DR:2 | SLOT:C_MC | RSSI:-6 | SNR:9
1731696778s584:#####################FRAGDECODER PROCESS

.... FRAG_DECODER in Progress ....
EXPECTED   : 052 Fragments (02028 Bytes)
RECEIVED   : 042 Fragments
             01638 Bytes
LOST       : 000 Fragments

1731696778s589:RX_C on freq 869525000 Hz at DR 2
1731696778s590:#############OPENED CONTINUOUS RX C WINDOW
1731696784s606:MAC rxNotify
1731696784s606:NOTIFY
1731696784s606:MAC rxDone
1731696784s609:RXSLOT
1731696784s609:value of rxport: 201
###### D/L FRAME:0042 | PORT:201 | DR:2 | SLOT:C_MC | RSSI:-6 | SNR:9
1731696784s609:#####################FRAGDECODER PROCESS

.... FRAG_DECODER in Progress ....
EXPECTED   : 052 Fragments (02028 Bytes)
RECEIVED   : 043 Fragments
             01677 Bytes
LOST       : 000 Fragments

1731696784s614:RX_C on freq 869525000 Hz at DR 2
1731696784s615:#############OPENED CONTINUOUS RX C WINDOW
1731696790s635:MAC rxNotify
1731696790s635:NOTIFY
1731696790s635:MAC rxDone
1731696790s638:RXSLOT
1731696790s638:value of rxport: 201
###### D/L FRAME:0043 | PORT:201 | DR:2 | SLOT:C_MC | RSSI:-6 | SNR:9
1731696790s638:#####################FRAGDECODER PROCESS

.... FRAG_DECODER in Progress ....
EXPECTED   : 052 Fragments (02028 Bytes)
RECEIVED   : 044 Fragments
             01716 Bytes
LOST       : 000 Fragments

1731696790s643:RX_C on freq 869525000 Hz at DR 2
1731696790s644:#############OPENED CONTINUOUS RX C WINDOW
1731696797s654:MAC rxNotify
1731696797s654:NOTIFY
1731696797s654:MAC rxDone
1731696797s657:RXSLOT
1731696797s657:value of rxport: 201
###### D/L FRAME:0044 | PORT:201 | DR:2 | SLOT:C_MC | RSSI:-6 | SNR:9
1731696797s657:#####################FRAGDECODER PROCESS

.... FRAG_DECODER in Progress ....
EXPECTED   : 052 Fragments (02028 Bytes)
RECEIVED   : 045 Fragments
             01755 Bytes
LOST       : 000 Fragments

1731696797s662:RX_C on freq 869525000 Hz at DR 2
1731696797s663:#############OPENED CONTINUOUS RX C WINDOW
1731696803s677:MAC rxNotify
1731696803s677:NOTIFY
1731696803s677:MAC rxDone
1731696803s680:RXSLOT
1731696803s680:value of rxport: 201
###### D/L FRAME:0045 | PORT:201 | DR:2 | SLOT:C_MC | RSSI:-6 | SNR:8
1731696803s680:#####################FRAGDECODER PROCESS

.... FRAG_DECODER in Progress ....
EXPECTED   : 052 Fragments (02028 Bytes)
RECEIVED   : 046 Fragments
             01794 Bytes
LOST       : 000 Fragments

1731696803s685:RX_C on freq 869525000 Hz at DR 2
1731696803s686:#############OPENED CONTINUOUS RX C WINDOW
1731696809s700:MAC rxNotify
1731696809s700:NOTIFY
1731696809s700:MAC rxDone
1731696809s703:RXSLOT
1731696809s703:value of rxport: 201
###### D/L FRAME:0046 | PORT:201 | DR:2 | SLOT:C_MC | RSSI:-6 | SNR:9
1731696809s703:#####################FRAGDECODER PROCESS

.... FRAG_DECODER in Progress ....
EXPECTED   : 052 Fragments (02028 Bytes)
RECEIVED   : 047 Fragments
             01833 Bytes
LOST       : 000 Fragments

1731696809s708:RX_C on freq 869525000 Hz at DR 2
1731696809s709:#############OPENED CONTINUOUS RX C WINDOW
1731696815s724:MAC rxNotify
1731696815s724:NOTIFY
1731696815s724:MAC rxDone
1731696815s727:RXSLOT
1731696815s727:value of rxport: 201
###### D/L FRAME:0047 | PORT:201 | DR:2 | SLOT:C_MC | RSSI:-6 | SNR:9
1731696815s727:#####################FRAGDECODER PROCESS

.... FRAG_DECODER in Progress ....
EXPECTED   : 052 Fragments (02028 Bytes)
RECEIVED   : 048 Fragments
             01872 Bytes
LOST       : 000 Fragments

1731696815s732:RX_C on freq 869525000 Hz at DR 2
1731696815s733:#############OPENED CONTINUOUS RX C WINDOW
1731696822s748:MAC rxNotify
1731696822s749:NOTIFY
1731696822s749:MAC rxDone
1731696822s752:RXSLOT
1731696822s752:value of rxport: 201
###### D/L FRAME:0048 | PORT:201 | DR:2 | SLOT:C_MC | RSSI:-6 | SNR:9
1731696822s752:#####################FRAGDECODER PROCESS

.... FRAG_DECODER in Progress ....
EXPECTED   : 052 Fragments (02028 Bytes)
RECEIVED   : 049 Fragments
             01911 Bytes
LOST       : 000 Fragments

1731696822s757:RX_C on freq 869525000 Hz at DR 2
1731696822s758:#############OPENED CONTINUOUS RX C WINDOW
1731696828s774:MAC rxNotify
1731696828s774:NOTIFY
1731696828s774:MAC rxDone
1731696828s777:RXSLOT
1731696828s777:value of rxport: 201
###### D/L FRAME:0049 | PORT:201 | DR:2 | SLOT:C_MC | RSSI:-6 | SNR:8
1731696828s777:#####################FRAGDECODER PROCESS

.... FRAG_DECODER in Progress ....
EXPECTED   : 052 Fragments (02028 Bytes)
RECEIVED   : 050 Fragments
             01950 Bytes
LOST       : 000 Fragments

1731696828s782:RX_C on freq 869525000 Hz at DR 2
1731696828s782:#############OPENED CONTINUOUS RX C WINDOW
1731696834s794:MAC rxNotify
1731696834s794:NOTIFY
1731696834s794:MAC rxDone
1731696834s797:RXSLOT
1731696834s797:value of rxport: 201
###### D/L FRAME:0050 | PORT:201 | DR:2 | SLOT:C_MC | RSSI:-6 | SNR:8
1731696834s797:#####################FRAGDECODER PROCESS

.... FRAG_DECODER in Progress ....
EXPECTED   : 052 Fragments (02028 Bytes)
RECEIVED   : 051 Fragments
             01989 Bytes
LOST       : 000 Fragments

1731696834s802:RX_C on freq 869525000 Hz at DR 2
1731696834s803:#############OPENED CONTINUOUS RX C WINDOW
1731696840s819:MAC rxNotify
1731696840s819:NOTIFY
1731696840s819:MAC rxDone
1731696840s822:RXSLOT
1731696840s822:value of rxport: 201
###### D/L FRAME:0051 | PORT:201 | DR:2 | SLOT:C_MC | RSSI:-6 | SNR:9
1731696840s822:#####################FRAGDECODER PROCESS

.... FRAG_DECODER in Progress ....
EXPECTED   : 052 Fragments (02028 Bytes)
RECEIVED   : 052 Fragments
             02028 Bytes
LOST       : 000 Fragments


.... FRAG_DECODER Finished ....
STATUS     : 0
1731696840s823:ALL FRAGMENTS RECEIVED

= [SBOOT] System Security Check successfully passed. Starting...


======================================================================
=              (C) COPYRIGHT 2017 STMicroelectronics                 =
=                                                                    =
=              Secure Boot and Secure Firmware Update                =
======================================================================


= [SBOOT] SECURE ENGINE INITIALIZATION SUCCESSFUL
= [SBOOT] STATE: CHECK STATUS ON RESET
	  INFO: A Reboot has been triggered by a Software reset!
= [SBOOT] STATE: CHECK NEW FIRMWARE TO DOWNLOAD
= [SBOOT] STATE: CHECK KMS BLOB TO INSTALL
= [SBOOT] STATE: CHECK USER FW STATUS
	  A FW is detected in the slot SLOT_ACTIVE_1
= [SBOOT] STATE: VERIFY USER FW SIGNATURE
= [SBOOT] STATE: EXECUTE USER FIRMWAREAPPLICATION_VERSION: V1.3.0
MW_LORAWAN_VERSION:  V2.5.0
MW_RADIO_VERSION:    V1.3.0
L2_SPEC_VERSION:     V1.0.4
RP_SPEC_VERSION:     V2-1.0.1
NVM DATA RESTORED
###### AppKey:      2B:7E:15:16:28:AE:D2:A6:AB:F7:15:88:09:CF:4F:3C
###### NwkKey:      2B:7E:15:16:28:AE:D2:A6:AB:F7:15:88:09:CF:4F:3C
###### AppSKey:     E7:20:E3:C6:3C:BD:9F:63:36:8C:D8:33:39:F2:CF:5A
###### NwkSKey:     5E:B8:AE:8A:FF:B6:80:36:16:CB:10:28:E3:DE:EC:CC
###### DevEUI:      00:80:E1:15:05:AB:D0:6C
###### AppEUI:      01:01:01:01:01:01:01:01
###### DevAddr:     05:AB:D0:6C
###### KMS ENABLED
