
= [SBOOT] System Security Check successfully passed. Starting...


======================================================================
=              (C) COPYRIGHT 2017 STMicroelectronics                 =
=                                                                    =
=              Secure Boot and Secure Firmware Update                =
======================================================================


= [SBOOT] SECURE ENGINE INITIALIZATION SUCCESSFUL
= [SBOOT] STATE: CHECK STATUS ON RESET
	  INFO: A Reboot has been triggered by a Hardware reset!
= [SBOOT] STATE: CHECK NEW FIRMWARE TO DOWNLOAD
= [SBOOT] STATE: CHECK KMS BLOB TO INSTALL
= [SBOOT] STATE: CHECK USER FW STATUS
	  A FW is detected in the slot SLOT_ACTIVE_1
= [SBOOT] STATE: VERIFY USER FW SIGNATURE
= [SBOOT] STATE: EXECUTE USER FIRMWAREAPPLICATION_VERSION: V1.3.0
MW_LORAWAN_VERSION:  V2.5.0
MW_RADIO_VERSION:    V1.3.0
L2_SPEC_VERSION:     V1.0.4
RP_SPEC_VERSION:     V2-1.0.1
NVM DATA RESTORED
###### AppKey:      2B:7E:15:16:28:AE:D2:A6:AB:F7:15:88:09:CF:4F:3C
###### NwkKey:      2B:7E:15:16:28:AE:D2:A6:AB:F7:15:88:09:CF:4F:3C
###### AppSKey:     2B:7E:15:16:28:AE:D2:A6:AB:F7:15:88:09:CF:4F:3C
###### NwkSKey:     2B:7E:15:16:28:AE:D2:A6:AB:F7:15:88:09:CF:4F:3C
###### DevEUI:      00:80:E1:15:05:AB:D0:6C
###### AppEUI:      01:01:01:01:01:01:01:01
###### DevAddr:     05:AB:D0:6C
###### KMS ENABLED

###### ========== MCPS-Confirm =============
###### U/L FRAME:0001 | PORT:24 | DR:3 | PWR:1 | MSG TYPE:UNCONFIRMED
1731697027s022:value of rxport: 0
###### D/L FRAME:0000 | PORT:0 | DR:3 | SLOT:1 | RSSI:-8 | SNR:11
1731697055s646:Airtime test started: 0
1731697055s646:MAC Tx start packet size: 21
1731697055s650:TX on freq 867300000 Hz at DR 3
1731697055s650:RADIO SEND WITH size 21
1731697055s652:SEND REQUEST
1731697055s837:NOTIFY
1731697055s837:MAC txDone
1731697056s824:RX_1 on freq 867300000 Hz at DR 3
1731697056s883:IRQ_RX_TX_TIMEOUT
1731697056s883:NOTIFY
1731697056s883:MAC rxTimeOut
1731697057s869:RX_2 on freq 869525000 Hz at DR 0
1731697058s067:IRQ_RX_TX_TIMEOUT
1731697058s067:NOTIFY
1731697058s067:MAC rxTimeOut

###### ========== MCPS-Confirm =============
###### U/L FRAME:0002 | PORT:24 | DR:3 | PWR:1 | MSG TYPE:UNCONFIRMED
1731697085s652:Airtime test started: 0
1731697085s652:MAC Tx start packet size: 18
1731697085s656:TX on freq 868100000 Hz at DR 3
1731697085s656:RADIO SEND WITH size 18
1731697085s658:SEND REQUEST
1731697085s843:NOTIFY
1731697085s843:MAC txDone
1731697086s830:RX_1 on freq 868100000 Hz at DR 3
1731697086s889:IRQ_RX_TX_TIMEOUT
1731697086s889:NOTIFY
1731697086s889:MAC rxTimeOut
1731697087s875:RX_2 on freq 869525000 Hz at DR 0
1731697088s073:IRQ_RX_TX_TIMEOUT
1731697088s073:NOTIFY
1731697088s073:MAC rxTimeOut

###### ========== MCPS-Confirm =============
###### U/L FRAME:0003 | PORT:24 | DR:3 | PWR:1 | MSG TYPE:UNCONFIRMED
1731697115s658:Airtime test started: 0
1731697115s658:MAC Tx start packet size: 18
1731697115s662:TX on freq 868500000 Hz at DR 3
1731697115s662:RADIO SEND WITH size 18
1731697115s664:SEND REQUEST
1731697115s849:NOTIFY
1731697115s849:MAC txDone
1731697116s835:RX_1 on freq 868500000 Hz at DR 3
1731697116s895:IRQ_RX_TX_TIMEOUT
1731697116s895:NOTIFY
1731697116s895:MAC rxTimeOut
1731697117s880:RX_2 on freq 869525000 Hz at DR 0
1731697118s079:IRQ_RX_TX_TIMEOUT
1731697118s079:NOTIFY
1731697118s079:MAC rxTimeOut

###### ========== MCPS-Confirm =============
###### U/L FRAME:0004 | PORT:24 | DR:3 | PWR:1 | MSG TYPE:UNCONFIRMED
1731697145s664:Airtime test started: 0
1731697145s664:MAC Tx start packet size: 18
1731697145s667:TX on freq 867700000 Hz at DR 3
1731697145s667:RADIO SEND WITH size 18
1731697145s669:SEND REQUEST
1731697145s855:NOTIFY
1731697145s855:MAC txDone
1731697146s841:RX_1 on freq 867700000 Hz at DR 3
1731697146s901:IRQ_RX_TX_TIMEOUT
1731697146s901:NOTIFY
1731697146s901:MAC rxTimeOut
1731697147s886:RX_2 on freq 869525000 Hz at DR 0
1731697148s084:IRQ_RX_TX_TIMEOUT
1731697148s084:NOTIFY
1731697148s084:MAC rxTimeOut

###### ========== MCPS-Confirm =============
###### U/L FRAME:0005 | PORT:24 | DR:3 | PWR:1 | MSG TYPE:UNCONFIRMED
1731697175s669:Airtime test started: 0
1731697175s669:MAC Tx start packet size: 18
1731697175s673:TX on freq 867900000 Hz at DR 3
1731697175s673:RADIO SEND WITH size 18
1731697175s675:SEND REQUEST
1731697175s861:NOTIFY
1731697175s861:MAC txDone
1731697176s847:RX_1 on freq 867900000 Hz at DR 3
1731697176s907:IRQ_RX_TX_TIMEOUT
1731697176s907:NOTIFY
1731697176s907:MAC rxTimeOut
1731697177s892:RX_2 on freq 869525000 Hz at DR 0
1731697178s090:IRQ_RX_TX_TIMEOUT
1731697178s090:NOTIFY
1731697178s090:MAC rxTimeOut

###### ========== MCPS-Confirm =============
###### U/L FRAME:0006 | PORT:24 | DR:3 | PWR:1 | MSG TYPE:UNCONFIRMED
1731697205s675:Airtime test started: 0
1731697205s675:MAC Tx start packet size: 18
1731697205s679:TX on freq 867300000 Hz at DR 3
1731697205s679:RADIO SEND WITH size 18
1731697205s681:SEND REQUEST
1731697205s867:NOTIFY
1731697205s867:MAC txDone
1731697206s853:RX_1 on freq 867300000 Hz at DR 3
1731697206s913:IRQ_RX_TX_TIMEOUT
1731697206s913:NOTIFY
1731697206s913:MAC rxTimeOut
1731697207s898:RX_2 on freq 869525000 Hz at DR 0
1731697208s096:IRQ_RX_TX_TIMEOUT
1731697208s096:NOTIFY
1731697208s096:MAC rxTimeOut

###### ========== MCPS-Confirm =============
###### U/L FRAME:0007 | PORT:24 | DR:3 | PWR:1 | MSG TYPE:UNCONFIRMED
1731697235s681:Airtime test started: 0
1731697235s681:MAC Tx start packet size: 18
1731697235s685:TX on freq 867700000 Hz at DR 3
1731697235s685:RADIO SEND WITH size 18
1731697235s687:SEND REQUEST
1731697235s873:NOTIFY
1731697235s873:MAC txDone
1731697236s859:RX_1 on freq 867700000 Hz at DR 3
1731697236s918:IRQ_RX_TX_TIMEOUT
1731697236s918:NOTIFY
1731697236s918:MAC rxTimeOut
1731697237s904:RX_2 on freq 869525000 Hz at DR 0
1731697238s102:IRQ_RX_TX_TIMEOUT
1731697238s102:NOTIFY
1731697238s102:MAC rxTimeOut

###### ========== MCPS-Confirm =============
###### U/L FRAME:0008 | PORT:24 | DR:3 | PWR:1 | MSG TYPE:UNCONFIRMED
1731697265s687:Airtime test started: 0
1731697265s687:MAC Tx start packet size: 18
1731697265s691:TX on freq 867100000 Hz at DR 3
1731697265s691:RADIO SEND WITH size 18
1731697265s693:SEND REQUEST
1731697265s878:NOTIFY
1731697265s878:MAC txDone
1731697266s865:RX_1 on freq 867100000 Hz at DR 3
1731697266s924:IRQ_RX_TX_TIMEOUT
1731697266s924:NOTIFY
1731697266s924:MAC rxTimeOut
1731697267s910:RX_2 on freq 869525000 Hz at DR 0
1731697268s108:IRQ_RX_TX_TIMEOUT
1731697268s108:NOTIFY
1731697268s108:MAC rxTimeOut

###### ========== MCPS-Confirm =============
###### U/L FRAME:0009 | PORT:24 | DR:3 | PWR:1 | MSG TYPE:UNCONFIRMED
1731697295s693:Airtime test started: 0
1731697295s693:MAC Tx start packet size: 18
1731697295s697:TX on freq 867300000 Hz at DR 3
1731697295s697:RADIO SEND WITH size 18
1731697295s699:SEND REQUEST
1731697295s884:NOTIFY
1731697295s884:MAC txDone
1731697296s871:RX_1 on freq 867300000 Hz at DR 3
1731697296s930:IRQ_RX_TX_TIMEOUT
1731697296s930:NOTIFY
1731697296s930:MAC rxTimeOut
1731697297s916:RX_2 on freq 869525000 Hz at DR 0
1731697298s114:IRQ_RX_TX_TIMEOUT
1731697298s114:NOTIFY
1731697298s114:MAC rxTimeOut

###### ========== MCPS-Confirm =============
###### U/L FRAME:0010 | PORT:24 | DR:3 | PWR:1 | MSG TYPE:UNCONFIRMED
1731697325s699:Airtime test started: 0
1731697325s699:MAC Tx start packet size: 18
1731697325s703:TX on freq 868300000 Hz at DR 3
1731697325s703:RADIO SEND WITH size 18
1731697325s705:SEND REQUEST
1731697325s890:NOTIFY
1731697325s890:MAC txDone
1731697326s876:RX_1 on freq 868300000 Hz at DR 3
1731697326s936:IRQ_RX_TX_TIMEOUT
1731697326s936:NOTIFY
1731697326s936:MAC rxTimeOut
1731697327s921:RX_2 on freq 869525000 Hz at DR 0
1731697328s120:IRQ_RX_TX_TIMEOUT
1731697328s120:NOTIFY
1731697328s120:MAC rxTimeOut

###### ========== MCPS-Confirm =============
###### U/L FRAME:0011 | PORT:24 | DR:3 | PWR:1 | MSG TYPE:UNCONFIRMED
1731697355s705:Airtime test started: 0
1731697355s705:MAC Tx start packet size: 18
1731697355s709:TX on freq 868500000 Hz at DR 3
1731697355s709:RADIO SEND WITH size 18
1731697355s710:SEND REQUEST
1731697355s896:NOTIFY
1731697355s896:MAC txDone
1731697356s882:RX_1 on freq 868500000 Hz at DR 3
1731697357s187:MAC rxNotify
1731697357s187:NOTIFY
1731697357s187:MAC rxDone

###### ========== MCPS-Confirm =============
###### U/L FRAME:0012 | PORT:24 | DR:3 | PWR:1 | MSG TYPE:UNCONFIRMED
1731697357s190:value of rxport: 200
1731697357s190:MULTICAST CLASS C SETUP 2
###### D/L FRAME:0001 | PORT:200 | DR:3 | SLOT:1 | RSSI:-7 | SNR:12
1731697357s199:MAC Tx start packet size: 15
1731697357s202:TX on freq 867700000 Hz at DR 3
1731697357s203:RADIO SEND WITH size 15
ID          : 0
McAddr      : F87D9FA7
McKey       : 70-AD-94-A7-9B-4D-E1-1B-93-D4-21-C1-9B-89-A0-64
McFCountMin : 0
McFCountMax : 4294967295
SessionTime : 0
SessionTimeT: 1 s
Rx Freq     : 0
Rx DR       : DR_0
1731697357s370:NOTIFY
1731697357s370:MAC txDone
1731697358s356:RX_1 on freq 867700000 Hz at DR 3
1731697358s579:MAC rxNotify
1731697358s579:NOTIFY
1731697358s579:MAC rxDone

###### ========== MCPS-Confirm =============
###### U/L FRAME:0013 | PORT:200 | DR:3 | PWR:1 | MSG TYPE:UNCONFIRMED
1731697358s581:value of rxport: 201
###### D/L FRAME:0002 | PORT:201 | DR:3 | SLOT:1 | RSSI:-7 | SNR:12
1731697358s582:#####################FRAGDECODER INIT
1731697362s463:MAC Tx start packet size: 15
1731697362s467:TX on freq 868100000 Hz at DR 3
1731697362s467:RADIO SEND WITH size 15
1731697362s634:NOTIFY
1731697362s634:MAC txDone
1731697363s621:RX_1 on freq 868100000 Hz at DR 3
1731697363s843:MAC rxNotify
1731697363s843:NOTIFY
1731697363s843:MAC rxDone

###### ========== MCPS-Confirm =============
###### U/L FRAME:0014 | PORT:201 | DR:3 | PWR:1 | MSG TYPE:UNCONFIRMED
1731697363s845:value of rxport: 200
1731697363s846:MULTICAST CLASS C SETUP 4
###### D/L FRAME:0003 | PORT:200 | DR:3 | SLOT:1 | RSSI:-8 | SNR:12
Time2SessionStart: 299000 ms
1731697363s846:MAC Tx start packet size: 18
1731697363s850:TX on freq 867500000 Hz at DR 3
1731697363s851:RADIO SEND WITH size 18
ID          : 0
McAddr      : F87D9FA7
McKey       : 70-AD-94-A7-9B-4D-E1-1B-93-D4-21-C1-9B-89-A0-64
McFCountMin : 0
McFCountMax : 4294967295
SessionTime : 1731697662
SessionTimeT: 4096 s
Rx Freq     : 869525000
Rx DR       : DR_3
1731697364s038:NOTIFY
1731697364s038:MAC txDone
1731697365s024:RX_1 on freq 867500000 Hz at DR 3
1731697365s083:IRQ_RX_TX_TIMEOUT
1731697365s084:NOTIFY
1731697365s084:MAC rxTimeOut
1731697366s069:RX_2 on freq 869525000 Hz at DR 0
1731697366s267:IRQ_RX_TX_TIMEOUT
1731697366s267:NOTIFY
1731697366s267:MAC rxTimeOut

###### ========== MCPS-Confirm =============
###### U/L FRAME:0015 | PORT:200 | DR:3 | PWR:1 | MSG TYPE:UNCONFIRMED
1731697662s846:[SWITCHCLASS class C]
1731697662s861:RX_C on freq 869525000 Hz at DR 3
1731697662s863:#############OPENED CONTINUOUS RX C WINDOW
Switch to Class C done
1731697664s836:MAC rxNotify
1731697664s837:NOTIFY
1731697664s837:MAC rxDone
1731697664s842:RXSLOT
1731697664s842:value of rxport: 201
###### D/L FRAME:0000 | PORT:201 | DR:3 | SLOT:C_MC | RSSI:-5 | SNR:11
1731697664s842:#####################FRAGDECODER PROCESS

.... FRAG_DECODER in Progress ....
EXPECTED   : 019 Fragments (02090 Bytes)
RECEIVED   : 001 Fragments
             00110 Bytes
LOST       : 000 Fragments

1731697664s846:RX_C on freq 869525000 Hz at DR 3
1731697664s848:#############OPENED CONTINUOUS RX C WINDOW
1731697671s877:MAC rxNotify
1731697671s877:NOTIFY
1731697671s877:MAC rxDone
1731697671s882:RXSLOT
1731697671s882:value of rxport: 201
###### D/L FRAME:0001 | PORT:201 | DR:3 | SLOT:C_MC | RSSI:-5 | SNR:11
1731697671s882:#####################FRAGDECODER PROCESS

.... FRAG_DECODER in Progress ....
EXPECTED   : 019 Fragments (02090 Bytes)
RECEIVED   : 002 Fragments
             00220 Bytes
LOST       : 000 Fragments

1731697671s887:RX_C on freq 869525000 Hz at DR 3
1731697671s888:#############OPENED CONTINUOUS RX C WINDOW
1731697679s895:MAC rxNotify
1731697679s895:NOTIFY
1731697679s895:MAC rxDone
1731697679s900:RXSLOT
1731697679s900:value of rxport: 201
###### D/L FRAME:0002 | PORT:201 | DR:3 | SLOT:C_MC | RSSI:-5 | SNR:12
1731697679s900:#####################FRAGDECODER PROCESS

.... FRAG_DECODER in Progress ....
EXPECTED   : 019 Fragments (02090 Bytes)
RECEIVED   : 003 Fragments
             00330 Bytes
LOST       : 000 Fragments

1731697679s905:RX_C on freq 869525000 Hz at DR 3
1731697679s906:#############OPENED CONTINUOUS RX C WINDOW
1731697686s922:MAC rxNotify
1731697686s922:NOTIFY
1731697686s922:MAC rxDone
1731697686s927:RXSLOT
1731697686s927:value of rxport: 201
###### D/L FRAME:0003 | PORT:201 | DR:3 | SLOT:C_MC | RSSI:-5 | SNR:11
1731697686s927:#####################FRAGDECODER PROCESS

.... FRAG_DECODER in Progress ....
EXPECTED   : 019 Fragments (02090 Bytes)
RECEIVED   : 004 Fragments
             00440 Bytes
LOST       : 000 Fragments

1731697686s932:RX_C on freq 869525000 Hz at DR 3
1731697686s933:#############OPENED CONTINUOUS RX C WINDOW
1731697693s946:MAC rxNotify
1731697693s946:NOTIFY
1731697693s946:MAC rxDone
1731697693s951:RXSLOT
1731697693s951:value of rxport: 201
###### D/L FRAME:0004 | PORT:201 | DR:3 | SLOT:C_MC | RSSI:-5 | SNR:11
1731697693s951:#####################FRAGDECODER PROCESS

.... FRAG_DECODER in Progress ....
EXPECTED   : 019 Fragments (02090 Bytes)
RECEIVED   : 005 Fragments
             00550 Bytes
LOST       : 000 Fragments

1731697693s956:RX_C on freq 869525000 Hz at DR 3
1731697693s957:#############OPENED CONTINUOUS RX C WINDOW
1731697696s117:MAC rxNotify
1731697696s117:NOTIFY
1731697696s117:MAC rxDone
1731697696s119:RXSLOT
1731697696s122:RX_C on freq 869525000 Hz at DR 3
1731697696s124:#############OPENED CONTINUOUS RX C WINDOW
1731697700s975:MAC rxNotify
1731697700s975:NOTIFY
1731697700s975:MAC rxDone
1731697700s980:RXSLOT
1731697700s980:value of rxport: 201
###### D/L FRAME:0005 | PORT:201 | DR:3 | SLOT:C_MC | RSSI:-5 | SNR:11
1731697700s980:#####################FRAGDECODER PROCESS

.... FRAG_DECODER in Progress ....
EXPECTED   : 019 Fragments (02090 Bytes)
RECEIVED   : 006 Fragments
             00660 Bytes
LOST       : 000 Fragments

1731697700s985:RX_C on freq 869525000 Hz at DR 3
1731697700s986:#############OPENED CONTINUOUS RX C WINDOW
1731697708s006:MAC rxNotify
1731697708s006:NOTIFY
1731697708s006:MAC rxDone
1731697708s011:RXSLOT
1731697708s011:value of rxport: 201
###### D/L FRAME:0006 | PORT:201 | DR:3 | SLOT:C_MC | RSSI:-5 | SNR:12
1731697708s011:#####################FRAGDECODER PROCESS

.... FRAG_DECODER in Progress ....
EXPECTED   : 019 Fragments (02090 Bytes)
RECEIVED   : 007 Fragments
             00770 Bytes
LOST       : 000 Fragments

1731697708s015:RX_C on freq 869525000 Hz at DR 3
1731697708s017:#############OPENED CONTINUOUS RX C WINDOW
1731697715s034:MAC rxNotify
1731697715s034:NOTIFY
1731697715s034:MAC rxDone
1731697715s039:RXSLOT
1731697715s039:value of rxport: 201
###### D/L FRAME:0007 | PORT:201 | DR:3 | SLOT:C_MC | RSSI:-5 | SNR:11
1731697715s039:#####################FRAGDECODER PROCESS

.... FRAG_DECODER in Progress ....
EXPECTED   : 019 Fragments (02090 Bytes)
RECEIVED   : 008 Fragments
             00880 Bytes
LOST       : 000 Fragments

1731697715s042:RX_C on freq 869525000 Hz at DR 3
1731697715s044:#############OPENED CONTINUOUS RX C WINDOW
1731697723s070:MAC rxNotify
1731697723s070:NOTIFY
1731697723s070:MAC rxDone
1731697723s075:RXSLOT
1731697723s075:value of rxport: 201
###### D/L FRAME:0008 | PORT:201 | DR:3 | SLOT:C_MC | RSSI:-5 | SNR:11
1731697723s075:#####################FRAGDECODER PROCESS

.... FRAG_DECODER in Progress ....
EXPECTED   : 019 Fragments (02090 Bytes)
RECEIVED   : 009 Fragments
             00990 Bytes
LOST       : 000 Fragments

1731697723s079:RX_C on freq 869525000 Hz at DR 3
1731697723s081:#############OPENED CONTINUOUS RX C WINDOW
1731697730s084:MAC rxNotify
1731697730s084:NOTIFY
1731697730s084:MAC rxDone
1731697730s089:RXSLOT
1731697730s089:value of rxport: 201
###### D/L FRAME:0009 | PORT:201 | DR:3 | SLOT:C_MC | RSSI:-5 | SNR:11
1731697730s089:#####################FRAGDECODER PROCESS

.... FRAG_DECODER in Progress ....
EXPECTED   : 019 Fragments (02090 Bytes)
RECEIVED   : 010 Fragments
             01100 Bytes
LOST       : 000 Fragments

1731697730s094:RX_C on freq 869525000 Hz at DR 3
1731697730s095:#############OPENED CONTINUOUS RX C WINDOW
1731697737s112:MAC rxNotify
1731697737s112:NOTIFY
1731697737s112:MAC rxDone
1731697737s117:RXSLOT
1731697737s117:value of rxport: 201
###### D/L FRAME:0010 | PORT:201 | DR:3 | SLOT:C_MC | RSSI:-5 | SNR:11
1731697737s117:#####################FRAGDECODER PROCESS

.... FRAG_DECODER in Progress ....
EXPECTED   : 019 Fragments (02090 Bytes)
RECEIVED   : 011 Fragments
             01210 Bytes
LOST       : 000 Fragments

1731697737s122:RX_C on freq 869525000 Hz at DR 3
1731697737s123:#############OPENED CONTINUOUS RX C WINDOW
1731697744s136:MAC rxNotify
1731697744s136:NOTIFY
1731697744s136:MAC rxDone
1731697744s141:RXSLOT
1731697744s141:value of rxport: 201
###### D/L FRAME:0011 | PORT:201 | DR:3 | SLOT:C_MC | RSSI:-5 | SNR:11
1731697744s141:#####################FRAGDECODER PROCESS

.... FRAG_DECODER in Progress ....
EXPECTED   : 019 Fragments (02090 Bytes)
RECEIVED   : 012 Fragments
             01320 Bytes
LOST       : 000 Fragments

1731697744s146:RX_C on freq 869525000 Hz at DR 3
1731697744s147:#############OPENED CONTINUOUS RX C WINDOW
1731697751s167:MAC rxNotify
1731697751s167:NOTIFY
1731697751s167:MAC rxDone
1731697751s171:RXSLOT
1731697751s171:value of rxport: 201
###### D/L FRAME:0012 | PORT:201 | DR:3 | SLOT:C_MC | RSSI:-5 | SNR:11
1731697751s171:#####################FRAGDECODER PROCESS

.... FRAG_DECODER in Progress ....
EXPECTED   : 019 Fragments (02090 Bytes)
RECEIVED   : 013 Fragments
             01430 Bytes
LOST       : 000 Fragments

1731697751s176:RX_C on freq 869525000 Hz at DR 3
1731697751s177:#############OPENED CONTINUOUS RX C WINDOW
1731697758s190:MAC rxNotify
1731697758s190:NOTIFY
1731697758s190:MAC rxDone
1731697758s195:RXSLOT
1731697758s195:value of rxport: 201
###### D/L FRAME:0013 | PORT:201 | DR:3 | SLOT:C_MC | RSSI:-5 | SNR:11
1731697758s195:#####################FRAGDECODER PROCESS

.... FRAG_DECODER in Progress ....
EXPECTED   : 019 Fragments (02090 Bytes)
RECEIVED   : 014 Fragments
             01540 Bytes
LOST       : 000 Fragments

1731697758s200:RX_C on freq 869525000 Hz at DR 3
1731697758s201:#############OPENED CONTINUOUS RX C WINDOW
1731697766s221:MAC rxNotify
1731697766s221:NOTIFY
1731697766s221:MAC rxDone
1731697766s226:RXSLOT
1731697766s226:value of rxport: 201
###### D/L FRAME:0014 | PORT:201 | DR:3 | SLOT:C_MC | RSSI:-5 | SNR:11
1731697766s226:#####################FRAGDECODER PROCESS

.... FRAG_DECODER in Progress ....
EXPECTED   : 019 Fragments (02090 Bytes)
RECEIVED   : 015 Fragments
             01650 Bytes
LOST       : 000 Fragments

1731697766s231:RX_C on freq 869525000 Hz at DR 3
1731697766s232:#############OPENED CONTINUOUS RX C WINDOW
1731697772s436:MAC rxNotify
1731697772s436:NOTIFY
1731697772s436:MAC rxDone
1731697772s438:RXSLOT
1731697772s441:RX_C on freq 869525000 Hz at DR 3
1731697772s443:#############OPENED CONTINUOUS RX C WINDOW
1731697773s248:MAC rxNotify
1731697773s248:NOTIFY
1731697773s248:MAC rxDone
1731697773s252:RXSLOT
1731697773s252:value of rxport: 201
###### D/L FRAME:0015 | PORT:201 | DR:3 | SLOT:C_MC | RSSI:-5 | SNR:11
1731697773s252:#####################FRAGDECODER PROCESS

.... FRAG_DECODER in Progress ....
EXPECTED   : 019 Fragments (02090 Bytes)
RECEIVED   : 016 Fragments
             01760 Bytes
LOST       : 000 Fragments

1731697773s257:RX_C on freq 869525000 Hz at DR 3
1731697773s258:#############OPENED CONTINUOUS RX C WINDOW
1731697780s274:MAC rxNotify
1731697780s274:NOTIFY
1731697780s274:MAC rxDone
1731697780s279:RXSLOT
1731697780s279:value of rxport: 201
###### D/L FRAME:0016 | PORT:201 | DR:3 | SLOT:C_MC | RSSI:-5 | SNR:11
1731697780s279:#####################FRAGDECODER PROCESS

.... FRAG_DECODER in Progress ....
EXPECTED   : 019 Fragments (02090 Bytes)
RECEIVED   : 017 Fragments
             01870 Bytes
LOST       : 000 Fragments

1731697780s284:RX_C on freq 869525000 Hz at DR 3
1731697780s285:#############OPENED CONTINUOUS RX C WINDOW
1731697787s300:MAC rxNotify
1731697787s300:NOTIFY
1731697787s300:MAC rxDone
1731697787s305:RXSLOT
1731697787s305:value of rxport: 201
###### D/L FRAME:0017 | PORT:201 | DR:3 | SLOT:C_MC | RSSI:-5 | SNR:11
1731697787s305:#####################FRAGDECODER PROCESS

.... FRAG_DECODER in Progress ....
EXPECTED   : 019 Fragments (02090 Bytes)
RECEIVED   : 018 Fragments
             01980 Bytes
LOST       : 000 Fragments

1731697787s310:RX_C on freq 869525000 Hz at DR 3
1731697787s311:#############OPENED CONTINUOUS RX C WINDOW
1731697790s763:MAC rxNotify
1731697790s763:NOTIFY
1731697790s763:MAC rxDone
1731697790s766:RXSLOT
1731697790s769:RX_C on freq 869525000 Hz at DR 3
1731697790s771:#############OPENED CONTINUOUS RX C WINDOW
1731697794s328:MAC rxNotify
1731697794s328:NOTIFY
1731697794s328:MAC rxDone
1731697794s333:RXSLOT
1731697794s333:value of rxport: 201
###### D/L FRAME:0018 | PORT:201 | DR:3 | SLOT:C_MC | RSSI:-5 | SNR:11
1731697794s333:#####################FRAGDECODER PROCESS

.... FRAG_DECODER in Progress ....
EXPECTED   : 019 Fragments (02090 Bytes)
RECEIVED   : 019 Fragments
             02090 Bytes
LOST       : 000 Fragments


.... FRAG_DECODER Finished ....
STATUS     : 0
1731697794s334:ALL FRAGMENTS RECEIVED

= [SBOOT] System Security Check successfully passed. Starting...


======================================================================
=              (C) COPYRIGHT 2017 STMicroelectronics                 =
=                                                                    =
=              Secure Boot and Secure Firmware Update                =
======================================================================


= [SBOOT] SECURE ENGINE INITIALIZATION SUCCESSFUL
= [SBOOT] STATE: CHECK STATUS ON RESET
	  INFO: A Reboot has been triggered by a Software reset!
= [SBOOT] STATE: CHECK NEW FIRMWARE TO DOWNLOAD
= [SBOOT] STATE: CHECK KMS BLOB TO INSTALL
= [SBOOT] STATE: CHECK USER FW STATUS
	  A FW is detected in the slot SLOT_ACTIVE_1
= [SBOOT] STATE: VERIFY USER FW SIGNATURE
= [SBOOT] STATE: EXECUTE USER FIRMWAREAPPLICATION_VERSION: V1.3.0
MW_LORAWAN_VERSION:  V2.5.0
MW_RADIO_VERSION:    V1.3.0
L2_SPEC_VERSION:     V1.0.4
RP_SPEC_VERSION:     V2-1.0.1
NVM DATA RESTORED
###### AppKey:      2B:7E:15:16:28:AE:D2:A6:AB:F7:15:88:09:CF:4F:3C
###### NwkKey:      2B:7E:15:16:28:AE:D2:A6:AB:F7:15:88:09:CF:4F:3C
###### AppSKey:     14:CF:E2:48:1A:68:4D:D0:97:42:D0:01:E4:EE:8B:AD
###### NwkSKey:     9A:31:FA:2F:59:A0:70:01:E1:03:56:96:F8:B5:7D:C2
###### DevEUI:      00:80:E1:15:05:AB:D0:6C
###### AppEUI:      01:01:01:01:01:01:01:01
###### DevAddr:     05:AB:D0:6C
###### KMS ENABLED
