
= [SBOOT] System Security Check successfully passed. Starting...


======================================================================
=              (C) COPYRIGHT 2017 STMicroelectronics                 =
=                                                                    =
=              Secure Boot and Secure Firmware Update                =
======================================================================


= [SBOOT] SECURE ENGINE INITIALIZATION SUCCESSFUL
= [SBOOT] STATE: CHECK STATUS ON RESET
	  INFO: A Reboot has been triggered by a Hardware reset!
= [SBOOT] STATE: CHECK NEW FIRMWARE TO DOWNLOAD
= [SBOOT] STATE: CHECK KMS BLOB TO INSTALL
= [SBOOT] STATE: CHECK USER FW STATUS
	  A FW is detected in the slot SLOT_ACTIVE_1
= [SBOOT] STATE: VERIFY USER FW SIGNATURE
= [SBOOT] STATE: EXECUTE USER FIRMWAREAPPLICATION_VERSION: V1.3.0
MW_LORAWAN_VERSION:  V2.5.0
MW_RADIO_VERSION:    V1.3.0
L2_SPEC_VERSION:     V1.0.4
RP_SPEC_VERSION:     V2-1.0.1
NVM DATA RESTORED
###### AppKey:      2B:7E:15:16:28:AE:D2:A6:AB:F7:15:88:09:CF:4F:3C
###### NwkKey:      2B:7E:15:16:28:AE:D2:A6:AB:F7:15:88:09:CF:4F:3C
###### AppSKey:     D7:1F:F5:B4:CA:9B:19:B1:0E:CC:DD:7C:78:47:5E:7A
###### NwkSKey:     44:52:0D:40:E6:A0:28:B2:D6:1C:3F:FB:E6:84:79:B1
###### DevEUI:      00:80:E1:15:05:AB:D0:6C
###### AppEUI:      01:01:01:01:01:01:01:01
###### DevAddr:     05:AB:D0:6C
###### KMS ENABLED

###### = JOINED = OTAA =====================
[31mNetwork joined, choose app to execute:
BTN1: TxTimer send uplink every 10 sec
BTN2: Airtime test
[0m
###### U/L FRAME:JOIN | DR:0 | PWR:1
###### MCRootKey:   7D:F7:6B:0C:1A:B8:99:B3:3E:42:F0:47:B9:1B:54:6F
###### MCKEKey:     8C:B8:66:5E:0C:0E:0B:64:5B:2E:D9:E4:8A:19:27:7C
###### AppSKey:     57:A5:58:55:28:C2:61:4C:F5:F5:7A:84:5D:89:2C:84
###### NwkSKey:     89:1D:BC:26:2D:05:12:2B:8E:A9:0E:D2:3C:15:AD:DE
###### DBIntKey:    7A:C4:7C:65:FE:25:9B:B6:54:BD:26:35:19:F8:9C:8E
###### DevEUI:      00:80:E1:15:05:AB:D0:6C
###### AppEUI:      01:01:01:01:01:01:01:01
###### DevAddr:     00:A0:DB:51
[32mStart tx timer regular[0m

###### ========== MCPS-Confirm =============
###### U/L FRAME:0001 | PORT:24 | DR:0 | PWR:1 | MSG TYPE:UNCONFIRMED
1731950811s893:value of rxport: 0
###### D/L FRAME:0000 | PORT:0 | DR:0 | SLOT:1 | RSSI:-13 | SNR:6
1731950838s222:Airtime test started: 0
1731950838s222:MAC Tx start packet size: 21
1731950838s226:TX on freq 867300000 Hz at DR 0
1731950838s226:RADIO SEND WITH size 21
1731950838s228:SEND REQUEST
1731950839s710:NOTIFY
1731950839s710:MAC txDone
1731950840s742:RX_1 on freq 867300000 Hz at DR 0
1731950840s940:IRQ_RX_TX_TIMEOUT
1731950840s940:NOTIFY
1731950840s940:MAC rxTimeOut
1731950841s742:RX_2 on freq 869525000 Hz at DR 0
1731950841s940:IRQ_RX_TX_TIMEOUT
1731950841s940:NOTIFY
1731950841s940:MAC rxTimeOut

###### ========== MCPS-Confirm =============
###### U/L FRAME:0002 | PORT:24 | DR:0 | PWR:1 | MSG TYPE:UNCONFIRMED
1731950868s228:Airtime test started: 0
1731950868s228:MAC Tx start packet size: 18
1731950868s232:TX on freq 867500000 Hz at DR 0
1731950868s232:RADIO SEND WITH size 18
1731950868s234:SEND REQUEST
1731950869s553:NOTIFY
1731950869s553:MAC txDone
1731950870s584:RX_1 on freq 867500000 Hz at DR 0
1731950870s783:IRQ_RX_TX_TIMEOUT
1731950870s783:NOTIFY
1731950870s783:MAC rxTimeOut
1731950871s584:RX_2 on freq 869525000 Hz at DR 0
1731950871s783:IRQ_RX_TX_TIMEOUT
1731950871s783:NOTIFY
1731950871s783:MAC rxTimeOut

###### ========== MCPS-Confirm =============
###### U/L FRAME:0003 | PORT:24 | DR:0 | PWR:1 | MSG TYPE:UNCONFIRMED
1731950898s234:Airtime test started: 0
1731950898s234:MAC Tx start packet size: 18
1731950898s238:TX on freq 867100000 Hz at DR 0
1731950898s238:RADIO SEND WITH size 18
1731950898s240:SEND REQUEST
1731950899s559:NOTIFY
1731950899s559:MAC txDone
1731950900s590:RX_1 on freq 867100000 Hz at DR 0
1731950900s789:IRQ_RX_TX_TIMEOUT
1731950900s789:NOTIFY
1731950900s789:MAC rxTimeOut
1731950901s590:RX_2 on freq 869525000 Hz at DR 0
1731950901s789:IRQ_RX_TX_TIMEOUT
1731950901s789:NOTIFY
1731950901s789:MAC rxTimeOut

###### ========== MCPS-Confirm =============
###### U/L FRAME:0004 | PORT:24 | DR:0 | PWR:1 | MSG TYPE:UNCONFIRMED
1731950928s240:Airtime test started: 0
1731950928s240:MAC Tx start packet size: 18
1731950928s244:TX on freq 867100000 Hz at DR 0
1731950928s244:RADIO SEND WITH size 18
1731950928s246:SEND REQUEST
1731950929s565:NOTIFY
1731950929s565:MAC txDone
1731950930s596:RX_1 on freq 867100000 Hz at DR 0
1731950930s794:IRQ_RX_TX_TIMEOUT
1731950930s794:NOTIFY
1731950930s794:MAC rxTimeOut
1731950931s596:RX_2 on freq 869525000 Hz at DR 0
1731950931s794:IRQ_RX_TX_TIMEOUT
1731950931s794:NOTIFY
1731950931s794:MAC rxTimeOut

###### ========== MCPS-Confirm =============
###### U/L FRAME:0005 | PORT:24 | DR:0 | PWR:1 | MSG TYPE:UNCONFIRMED
1731950958s246:Airtime test started: 0
1731950958s246:MAC Tx start packet size: 18
1731950958s250:TX on freq 868300000 Hz at DR 0
1731950958s250:RADIO SEND WITH size 18
1731950958s251:SEND REQUEST
1731950959s571:NOTIFY
1731950959s571:MAC txDone
1731950960s602:RX_1 on freq 868300000 Hz at DR 0
1731950960s800:IRQ_RX_TX_TIMEOUT
1731950960s800:NOTIFY
1731950960s800:MAC rxTimeOut
1731950961s602:RX_2 on freq 869525000 Hz at DR 0
1731950961s800:IRQ_RX_TX_TIMEOUT
1731950961s800:NOTIFY
1731950961s800:MAC rxTimeOut

###### ========== MCPS-Confirm =============
###### U/L FRAME:0006 | PORT:24 | DR:0 | PWR:1 | MSG TYPE:UNCONFIRMED
1731950988s251:Airtime test started: 0
1731950988s251:MAC Tx start packet size: 18
1731950988s255:TX on freq 868500000 Hz at DR 0
1731950988s255:RADIO SEND WITH size 18
1731950988s257:SEND REQUEST
1731950989s577:NOTIFY
1731950989s577:MAC txDone
1731950990s608:RX_1 on freq 868500000 Hz at DR 0
1731950990s806:IRQ_RX_TX_TIMEOUT
1731950990s806:NOTIFY
1731950990s806:MAC rxTimeOut
1731950991s608:RX_2 on freq 869525000 Hz at DR 0
1731950991s806:IRQ_RX_TX_TIMEOUT
1731950991s806:NOTIFY
1731950991s806:MAC rxTimeOut

###### ========== MCPS-Confirm =============
###### U/L FRAME:0007 | PORT:24 | DR:0 | PWR:1 | MSG TYPE:UNCONFIRMED
1731951018s257:Airtime test started: 0
1731951018s257:MAC Tx start packet size: 18
1731951018s261:TX on freq 867900000 Hz at DR 0
1731951018s261:RADIO SEND WITH size 18
1731951018s263:SEND REQUEST
1731951019s583:NOTIFY
1731951019s583:MAC txDone
1731951020s615:RX_1 on freq 867900000 Hz at DR 0
1731951020s813:IRQ_RX_TX_TIMEOUT
1731951020s813:NOTIFY
1731951020s813:MAC rxTimeOut
1731951021s615:RX_2 on freq 869525000 Hz at DR 0
1731951021s813:IRQ_RX_TX_TIMEOUT
1731951021s813:NOTIFY
1731951021s813:MAC rxTimeOut

###### ========== MCPS-Confirm =============
###### U/L FRAME:0008 | PORT:24 | DR:0 | PWR:1 | MSG TYPE:UNCONFIRMED
1731951048s263:Airtime test started: 0
1731951048s263:MAC Tx start packet size: 18
1731951048s267:TX on freq 868100000 Hz at DR 0
1731951048s267:RADIO SEND WITH size 18
1731951048s269:SEND REQUEST
1731951049s588:NOTIFY
1731951049s588:MAC txDone
1731951050s620:RX_1 on freq 868100000 Hz at DR 0
1731951050s818:IRQ_RX_TX_TIMEOUT
1731951050s818:NOTIFY
1731951050s818:MAC rxTimeOut
1731951051s620:RX_2 on freq 869525000 Hz at DR 0
1731951051s818:IRQ_RX_TX_TIMEOUT
1731951051s818:NOTIFY
1731951051s818:MAC rxTimeOut

###### ========== MCPS-Confirm =============
###### U/L FRAME:0009 | PORT:24 | DR:0 | PWR:1 | MSG TYPE:UNCONFIRMED
1731951078s269:Airtime test started: 0
1731951078s269:MAC Tx start packet size: 18
1731951078s273:TX on freq 867500000 Hz at DR 0
1731951078s273:RADIO SEND WITH size 18
1731951078s275:SEND REQUEST
1731951079s594:NOTIFY
1731951079s594:MAC txDone
1731951080s625:RX_1 on freq 867500000 Hz at DR 0
1731951080s824:IRQ_RX_TX_TIMEOUT
1731951080s824:NOTIFY
1731951080s824:MAC rxTimeOut
1731951081s625:RX_2 on freq 869525000 Hz at DR 0
1731951081s824:IRQ_RX_TX_TIMEOUT
1731951081s824:NOTIFY
1731951081s824:MAC rxTimeOut

###### ========== MCPS-Confirm =============
###### U/L FRAME:0010 | PORT:24 | DR:0 | PWR:1 | MSG TYPE:UNCONFIRMED
1731951108s275:Airtime test started: 0
1731951108s275:MAC Tx start packet size: 18
1731951108s279:TX on freq 867500000 Hz at DR 0
1731951108s279:RADIO SEND WITH size 18
1731951108s281:SEND REQUEST
1731951109s600:NOTIFY
1731951109s600:MAC txDone
1731951110s631:RX_1 on freq 867500000 Hz at DR 0
1731951110s830:IRQ_RX_TX_TIMEOUT
1731951110s830:NOTIFY
1731951110s830:MAC rxTimeOut
1731951111s631:RX_2 on freq 869525000 Hz at DR 0
1731951111s830:IRQ_RX_TX_TIMEOUT
1731951111s830:NOTIFY
1731951111s830:MAC rxTimeOut

###### ========== MCPS-Confirm =============
###### U/L FRAME:0011 | PORT:24 | DR:0 | PWR:1 | MSG TYPE:UNCONFIRMED
1731951138s281:Airtime test started: 0
1731951138s281:MAC Tx start packet size: 18
1731951138s285:TX on freq 868500000 Hz at DR 0
1731951138s285:RADIO SEND WITH size 18
1731951138s287:SEND REQUEST
1731951139s606:NOTIFY
1731951139s606:MAC txDone
1731951140s637:RX_1 on freq 868500000 Hz at DR 0
1731951142s774:MAC rxNotify
1731951142s774:NOTIFY
1731951142s774:MAC rxDone

###### ========== MCPS-Confirm =============
###### U/L FRAME:0012 | PORT:24 | DR:0 | PWR:1 | MSG TYPE:UNCONFIRMED
1731951142s778:value of rxport: 200
1731951142s778:MULTICAST CLASS C SETUP 2
###### D/L FRAME:0001 | PORT:200 | DR:0 | SLOT:1 | RSSI:-14 | SNR:5
1731951142s861:MAC Tx start packet size: 15
1731951142s865:TX on freq 867100000 Hz at DR 0
1731951142s866:RADIO SEND WITH size 15
ID          : 0
McAddr      : 9C731262
McKey       : 08-47-B4-28-6C-70-F7-2D-3C-6C-B9-F2-25-59-45-D3
McFCountMin : 0
McFCountMax : 4294967295
SessionTime : 0
SessionTimeT: 1 s
Rx Freq     : 0
Rx DR       : DR_0
1731951144s023:NOTIFY
1731951144s023:MAC txDone
1731951145s054:RX_1 on freq 867100000 Hz at DR 0
1731951146s536:MAC rxNotify
1731951146s536:NOTIFY
1731951146s536:MAC rxDone

###### ========== MCPS-Confirm =============
###### U/L FRAME:0013 | PORT:200 | DR:0 | PWR:1 | MSG TYPE:UNCONFIRMED
1731951146s538:value of rxport: 201
###### D/L FRAME:0002 | PORT:201 | DR:0 | SLOT:1 | RSSI:-13 | SNR:6
1731951146s539:#####################FRAGDECODER INIT
1731951150s420:MAC Tx start packet size: 15
1731951150s424:TX on freq 868100000 Hz at DR 0
1731951150s424:RADIO SEND WITH size 15
1731951151s582:NOTIFY
1731951151s582:MAC txDone
1731951152s614:RX_1 on freq 868100000 Hz at DR 0
1731951154s094:MAC rxNotify
1731951154s094:NOTIFY
1731951154s095:MAC rxDone

###### ========== MCPS-Confirm =============
###### U/L FRAME:0014 | PORT:201 | DR:0 | PWR:1 | MSG TYPE:UNCONFIRMED
1731951154s097:value of rxport: 200
1731951154s098:MULTICAST CLASS C SETUP 4
###### D/L FRAME:0003 | PORT:200 | DR:0 | SLOT:1 | RSSI:-12 | SNR:5
Time2SessionStart: 297000 ms
1731951154s098:MAC Tx start packet size: 18
1731951154s102:TX on freq 868300000 Hz at DR 0
1731951154s103:RADIO SEND WITH size 18
ID          : 0
McAddr      : 9C731262
McKey       : 08-47-B4-28-6C-70-F7-2D-3C-6C-B9-F2-25-59-45-D3
McFCountMin : 0
McFCountMax : 4294967295
SessionTime : 1731951451
SessionTimeT: 4096 s
Rx Freq     : 869525000
Rx DR       : DR_0
1731951155s423:NOTIFY
1731951155s423:MAC txDone
1731951156s455:RX_1 on freq 868300000 Hz at DR 0
1731951156s653:IRQ_RX_TX_TIMEOUT
1731951156s653:NOTIFY
1731951156s653:MAC rxTimeOut
1731951157s455:RX_2 on freq 869525000 Hz at DR 0
1731951157s653:IRQ_RX_TX_TIMEOUT
1731951157s653:NOTIFY
1731951157s653:MAC rxTimeOut

###### ========== MCPS-Confirm =============
###### U/L FRAME:0015 | PORT:200 | DR:0 | PWR:1 | MSG TYPE:UNCONFIRMED
1731951451s098:[SWITCHCLASS class C]
1731951451s113:RX_C on freq 869525000 Hz at DR 0
1731951451s115:#############OPENED CONTINUOUS RX C WINDOW
Switch to Class C done
1731951456s269:MAC rxNotify
1731951456s269:NOTIFY
1731951456s269:MAC rxDone
1731951456s272:RXSLOT
1731951456s272:value of rxport: 201
###### D/L FRAME:0000 | PORT:201 | DR:0 | SLOT:C_MC | RSSI:-10 | SNR:5
1731951456s272:#####################FRAGDECODER PROCESS

.... FRAG_DECODER in Progress ....
EXPECTED   : 052 Fragments (02028 Bytes)
RECEIVED   : 001 Fragments
             00039 Bytes
LOST       : 000 Fragments

1731951456s277:RX_C on freq 869525000 Hz at DR 0
1731951456s278:#############OPENED CONTINUOUS RX C WINDOW
1731951476s323:MAC rxNotify
1731951476s323:NOTIFY
1731951476s323:MAC rxDone
1731951476s326:RXSLOT
1731951476s326:value of rxport: 201
###### D/L FRAME:0001 | PORT:201 | DR:0 | SLOT:C_MC | RSSI:-11 | SNR:4
1731951476s326:#####################FRAGDECODER PROCESS

.... FRAG_DECODER in Progress ....
EXPECTED   : 052 Fragments (02028 Bytes)
RECEIVED   : 002 Fragments
             00078 Bytes
LOST       : 000 Fragments

1731951476s331:RX_C on freq 869525000 Hz at DR 0
1731951476s332:#############OPENED CONTINUOUS RX C WINDOW
1731951497s378:MAC rxNotify
1731951497s378:NOTIFY
1731951497s378:MAC rxDone
1731951497s381:RXSLOT
1731951497s381:value of rxport: 201
###### D/L FRAME:0002 | PORT:201 | DR:0 | SLOT:C_MC | RSSI:-10 | SNR:5
1731951497s381:#####################FRAGDECODER PROCESS

.... FRAG_DECODER in Progress ....
EXPECTED   : 052 Fragments (02028 Bytes)
RECEIVED   : 003 Fragments
             00117 Bytes
LOST       : 000 Fragments

1731951497s386:RX_C on freq 869525000 Hz at DR 0
1731951497s387:#############OPENED CONTINUOUS RX C WINDOW
1731951518s434:MAC rxNotify
1731951518s434:NOTIFY
1731951518s435:MAC rxDone
1731951518s438:RXSLOT
1731951518s438:value of rxport: 201
###### D/L FRAME:0003 | PORT:201 | DR:0 | SLOT:C_MC | RSSI:-10 | SNR:5
1731951518s438:#####################FRAGDECODER PROCESS

.... FRAG_DECODER in Progress ....
EXPECTED   : 052 Fragments (02028 Bytes)
RECEIVED   : 004 Fragments
             00156 Bytes
LOST       : 000 Fragments

1731951518s443:RX_C on freq 869525000 Hz at DR 0
1731951518s444:#############OPENED CONTINUOUS RX C WINDOW
1731951538s491:MAC rxNotify
1731951538s491:NOTIFY
1731951538s491:MAC rxDone
1731951538s494:RXSLOT
1731951538s494:value of rxport: 201
###### D/L FRAME:0004 | PORT:201 | DR:0 | SLOT:C_MC | RSSI:-11 | SNR:5
1731951538s494:#####################FRAGDECODER PROCESS

.... FRAG_DECODER in Progress ....
EXPECTED   : 052 Fragments (02028 Bytes)
RECEIVED   : 005 Fragments
             00195 Bytes
LOST       : 000 Fragments

1731951538s499:RX_C on freq 869525000 Hz at DR 0
1731951538s500:#############OPENED CONTINUOUS RX C WINDOW
1731951559s556:MAC rxNotify
1731951559s556:NOTIFY
1731951559s556:MAC rxDone
1731951559s559:RXSLOT
1731951559s559:value of rxport: 201
###### D/L FRAME:0005 | PORT:201 | DR:0 | SLOT:C_MC | RSSI:-10 | SNR:5
1731951559s559:#####################FRAGDECODER PROCESS

.... FRAG_DECODER in Progress ....
EXPECTED   : 052 Fragments (02028 Bytes)
RECEIVED   : 006 Fragments
             00234 Bytes
LOST       : 000 Fragments

1731951559s564:RX_C on freq 869525000 Hz at DR 0
1731951559s565:#############OPENED CONTINUOUS RX C WINDOW
1731951580s618:MAC rxNotify
1731951580s618:NOTIFY
1731951580s618:MAC rxDone
1731951580s621:RXSLOT
1731951580s621:value of rxport: 201
###### D/L FRAME:0006 | PORT:201 | DR:0 | SLOT:C_MC | RSSI:-10 | SNR:5
1731951580s621:#####################FRAGDECODER PROCESS

.... FRAG_DECODER in Progress ....
EXPECTED   : 052 Fragments (02028 Bytes)
RECEIVED   : 007 Fragments
             00273 Bytes
LOST       : 000 Fragments

1731951580s625:RX_C on freq 869525000 Hz at DR 0
1731951580s626:#############OPENED CONTINUOUS RX C WINDOW
1731951597s174:MAC rxNotify
1731951597s174:NOTIFY
1731951597s174:MAC rxDone
1731951597s176:RXSLOT
1731951597s179:RX_C on freq 869525000 Hz at DR 0
1731951597s181:#############OPENED CONTINUOUS RX C WINDOW
1731951600s674:MAC rxNotify
1731951600s674:NOTIFY
1731951600s674:MAC rxDone
1731951600s677:RXSLOT
1731951600s677:value of rxport: 201
###### D/L FRAME:0007 | PORT:201 | DR:0 | SLOT:C_MC | RSSI:-10 | SNR:5
1731951600s677:#####################FRAGDECODER PROCESS

.... FRAG_DECODER in Progress ....
EXPECTED   : 052 Fragments (02028 Bytes)
RECEIVED   : 008 Fragments
             00312 Bytes
LOST       : 000 Fragments

1731951600s682:RX_C on freq 869525000 Hz at DR 0
1731951600s683:#############OPENED CONTINUOUS RX C WINDOW
1731951621s736:MAC rxNotify
1731951621s736:NOTIFY
1731951621s736:MAC rxDone
1731951621s739:RXSLOT
1731951621s739:value of rxport: 201
###### D/L FRAME:0008 | PORT:201 | DR:0 | SLOT:C_MC | RSSI:-13 | SNR:5
1731951621s739:#####################FRAGDECODER PROCESS

.... FRAG_DECODER in Progress ....
EXPECTED   : 052 Fragments (02028 Bytes)
RECEIVED   : 009 Fragments
             00351 Bytes
LOST       : 000 Fragments

1731951621s744:RX_C on freq 869525000 Hz at DR 0
1731951621s745:#############OPENED CONTINUOUS RX C WINDOW
1731951642s797:MAC rxNotify
1731951642s797:NOTIFY
1731951642s797:MAC rxDone
1731951642s800:RXSLOT
1731951642s800:value of rxport: 201
###### D/L FRAME:0009 | PORT:201 | DR:0 | SLOT:C_MC | RSSI:-11 | SNR:5
1731951642s800:#####################FRAGDECODER PROCESS

.... FRAG_DECODER in Progress ....
EXPECTED   : 052 Fragments (02028 Bytes)
RECEIVED   : 010 Fragments
             00390 Bytes
LOST       : 000 Fragments

1731951642s805:RX_C on freq 869525000 Hz at DR 0
1731951642s806:#############OPENED CONTINUOUS RX C WINDOW
1731951662s862:MAC rxNotify
1731951662s862:NOTIFY
1731951662s862:MAC rxDone
1731951662s865:RXSLOT
1731951662s865:value of rxport: 201
###### D/L FRAME:0010 | PORT:201 | DR:0 | SLOT:C_MC | RSSI:-12 | SNR:5
1731951662s865:#####################FRAGDECODER PROCESS

.... FRAG_DECODER in Progress ....
EXPECTED   : 052 Fragments (02028 Bytes)
RECEIVED   : 011 Fragments
             00429 Bytes
LOST       : 000 Fragments

1731951662s870:RX_C on freq 869525000 Hz at DR 0
1731951662s871:#############OPENED CONTINUOUS RX C WINDOW
1731951683s917:MAC rxNotify
1731951683s917:NOTIFY
1731951683s917:MAC rxDone
1731951683s919:RXSLOT
1731951683s919:value of rxport: 201
###### D/L FRAME:0011 | PORT:201 | DR:0 | SLOT:C_MC | RSSI:-11 | SNR:5
1731951683s919:#####################FRAGDECODER PROCESS

.... FRAG_DECODER in Progress ....
EXPECTED   : 052 Fragments (02028 Bytes)
RECEIVED   : 012 Fragments
             00468 Bytes
LOST       : 000 Fragments

1731951683s924:RX_C on freq 869525000 Hz at DR 0
1731951683s925:#############OPENED CONTINUOUS RX C WINDOW
1731951703s986:MAC rxNotify
1731951703s987:NOTIFY
1731951703s987:MAC rxDone
1731951703s990:RXSLOT
1731951703s990:value of rxport: 201
###### D/L FRAME:0012 | PORT:201 | DR:0 | SLOT:C_MC | RSSI:-11 | SNR:5
1731951703s990:#####################FRAGDECODER PROCESS

.... FRAG_DECODER in Progress ....
EXPECTED   : 052 Fragments (02028 Bytes)
RECEIVED   : 013 Fragments
             00507 Bytes
LOST       : 000 Fragments

1731951703s995:RX_C on freq 869525000 Hz at DR 0
1731951703s996:#############OPENED CONTINUOUS RX C WINDOW
1731951725s033:MAC rxNotify
1731951725s033:NOTIFY
1731951725s033:MAC rxDone
1731951725s036:RXSLOT
1731951725s036:value of rxport: 201
###### D/L FRAME:0013 | PORT:201 | DR:0 | SLOT:C_MC | RSSI:-12 | SNR:5
1731951725s036:#####################FRAGDECODER PROCESS

.... FRAG_DECODER in Progress ....
EXPECTED   : 052 Fragments (02028 Bytes)
RECEIVED   : 014 Fragments
             00546 Bytes
LOST       : 000 Fragments

1731951725s041:RX_C on freq 869525000 Hz at DR 0
1731951725s042:#############OPENED CONTINUOUS RX C WINDOW
1731951746s092:MAC rxNotify
1731951746s092:NOTIFY
1731951746s092:MAC rxDone
1731951746s095:RXSLOT
1731951746s095:value of rxport: 201
###### D/L FRAME:0014 | PORT:201 | DR:0 | SLOT:C_MC | RSSI:-11 | SNR:5
1731951746s095:#####################FRAGDECODER PROCESS

.... FRAG_DECODER in Progress ....
EXPECTED   : 052 Fragments (02028 Bytes)
RECEIVED   : 015 Fragments
             00585 Bytes
LOST       : 000 Fragments

1731951746s100:RX_C on freq 869525000 Hz at DR 0
1731951746s101:#############OPENED CONTINUOUS RX C WINDOW
1731951766s147:MAC rxNotify
1731951766s147:NOTIFY
1731951766s147:MAC rxDone
1731951766s150:RXSLOT
1731951766s150:value of rxport: 201
###### D/L FRAME:0015 | PORT:201 | DR:0 | SLOT:C_MC | RSSI:-11 | SNR:5
1731951766s150:#####################FRAGDECODER PROCESS

.... FRAG_DECODER in Progress ....
EXPECTED   : 052 Fragments (02028 Bytes)
RECEIVED   : 016 Fragments
             00624 Bytes
LOST       : 000 Fragments

1731951766s155:RX_C on freq 869525000 Hz at DR 0
1731951766s156:#############OPENED CONTINUOUS RX C WINDOW
1731951787s208:MAC rxNotify
1731951787s208:NOTIFY
1731951787s208:MAC rxDone
1731951787s211:RXSLOT
1731951787s211:value of rxport: 201
###### D/L FRAME:0016 | PORT:201 | DR:0 | SLOT:C_MC | RSSI:-12 | SNR:5
1731951787s211:#####################FRAGDECODER PROCESS

.... FRAG_DECODER in Progress ....
EXPECTED   : 052 Fragments (02028 Bytes)
RECEIVED   : 017 Fragments
             00663 Bytes
LOST       : 000 Fragments

1731951787s216:RX_C on freq 869525000 Hz at DR 0
1731951787s217:#############OPENED CONTINUOUS RX C WINDOW
1731951808s276:MAC rxNotify
1731951808s276:NOTIFY
1731951808s276:MAC rxDone
1731951808s279:RXSLOT
1731951808s279:value of rxport: 201
###### D/L FRAME:0017 | PORT:201 | DR:0 | SLOT:C_MC | RSSI:-12 | SNR:5
1731951808s279:#####################FRAGDECODER PROCESS

.... FRAG_DECODER in Progress ....
EXPECTED   : 052 Fragments (02028 Bytes)
RECEIVED   : 018 Fragments
             00702 Bytes
LOST       : 000 Fragments

1731951808s284:RX_C on freq 869525000 Hz at DR 0
1731951808s285:#############OPENED CONTINUOUS RX C WINDOW
1731951821s697:MAC rxNotify
1731951821s697:NOTIFY
1731951821s697:MAC rxDone
1731951821s699:RXSLOT
1731951821s702:RX_C on freq 869525000 Hz at DR 0
1731951821s704:#############OPENED CONTINUOUS RX C WINDOW
1731951828s316:MAC rxNotify
1731951828s316:NOTIFY
1731951828s316:MAC rxDone
1731951828s319:RXSLOT
1731951828s319:value of rxport: 201
###### D/L FRAME:0018 | PORT:201 | DR:0 | SLOT:C_MC | RSSI:-12 | SNR:5
1731951828s319:#####################FRAGDECODER PROCESS

.... FRAG_DECODER in Progress ....
EXPECTED   : 052 Fragments (02028 Bytes)
RECEIVED   : 019 Fragments
             00741 Bytes
LOST       : 000 Fragments

1731951828s324:RX_C on freq 869525000 Hz at DR 0
1731951828s325:#############OPENED CONTINUOUS RX C WINDOW
1731951849s368:MAC rxNotify
1731951849s368:NOTIFY
1731951849s368:MAC rxDone
1731951849s371:RXSLOT
1731951849s371:value of rxport: 201
###### D/L FRAME:0019 | PORT:201 | DR:0 | SLOT:C_MC | RSSI:-11 | SNR:5
1731951849s371:#####################FRAGDECODER PROCESS

.... FRAG_DECODER in Progress ....
EXPECTED   : 052 Fragments (02028 Bytes)
RECEIVED   : 020 Fragments
             00780 Bytes
LOST       : 000 Fragments

1731951849s375:RX_C on freq 869525000 Hz at DR 0
1731951849s376:#############OPENED CONTINUOUS RX C WINDOW
1731951870s428:MAC rxNotify
1731951870s428:NOTIFY
1731951870s428:MAC rxDone
1731951870s431:RXSLOT
1731951870s431:value of rxport: 201
###### D/L FRAME:0020 | PORT:201 | DR:0 | SLOT:C_MC | RSSI:-11 | SNR:5
1731951870s431:#####################FRAGDECODER PROCESS

.... FRAG_DECODER in Progress ....
EXPECTED   : 052 Fragments (02028 Bytes)
RECEIVED   : 021 Fragments
             00819 Bytes
LOST       : 000 Fragments

1731951870s436:RX_C on freq 869525000 Hz at DR 0
1731951870s437:#############OPENED CONTINUOUS RX C WINDOW
1731951890s486:MAC rxNotify
1731951890s486:NOTIFY
1731951890s486:MAC rxDone
1731951890s489:RXSLOT
1731951890s489:value of rxport: 201
###### D/L FRAME:0021 | PORT:201 | DR:0 | SLOT:C_MC | RSSI:-12 | SNR:5
1731951890s489:#####################FRAGDECODER PROCESS

.... FRAG_DECODER in Progress ....
EXPECTED   : 052 Fragments (02028 Bytes)
RECEIVED   : 022 Fragments
             00858 Bytes
LOST       : 000 Fragments

1731951890s494:RX_C on freq 869525000 Hz at DR 0
1731951890s495:#############OPENED CONTINUOUS RX C WINDOW
1731951911s550:MAC rxNotify
1731951911s550:NOTIFY
1731951911s550:MAC rxDone
1731951911s553:RXSLOT
1731951911s553:value of rxport: 201
###### D/L FRAME:0022 | PORT:201 | DR:0 | SLOT:C_MC | RSSI:-11 | SNR:5
1731951911s553:#####################FRAGDECODER PROCESS

.... FRAG_DECODER in Progress ....
EXPECTED   : 052 Fragments (02028 Bytes)
RECEIVED   : 023 Fragments
             00897 Bytes
LOST       : 000 Fragments

1731951911s558:RX_C on freq 869525000 Hz at DR 0
1731951911s559:#############OPENED CONTINUOUS RX C WINDOW
1731951932s601:MAC rxNotify
1731951932s601:NOTIFY
1731951932s601:MAC rxDone
1731951932s604:RXSLOT
1731951932s604:value of rxport: 201
###### D/L FRAME:0023 | PORT:201 | DR:0 | SLOT:C_MC | RSSI:-13 | SNR:5
1731951932s604:#####################FRAGDECODER PROCESS

.... FRAG_DECODER in Progress ....
EXPECTED   : 052 Fragments (02028 Bytes)
RECEIVED   : 024 Fragments
             00936 Bytes
LOST       : 000 Fragments

1731951932s609:RX_C on freq 869525000 Hz at DR 0
1731951932s610:#############OPENED CONTINUOUS RX C WINDOW
1731951952s663:MAC rxNotify
1731951952s663:NOTIFY
1731951952s663:MAC rxDone
1731951952s666:RXSLOT
1731951952s666:value of rxport: 201
###### D/L FRAME:0024 | PORT:201 | DR:0 | SLOT:C_MC | RSSI:-14 | SNR:5
1731951952s666:#####################FRAGDECODER PROCESS

.... FRAG_DECODER in Progress ....
EXPECTED   : 052 Fragments (02028 Bytes)
RECEIVED   : 025 Fragments
             00975 Bytes
LOST       : 000 Fragments

1731951952s670:RX_C on freq 869525000 Hz at DR 0
1731951952s671:#############OPENED CONTINUOUS RX C WINDOW
1731951973s712:MAC rxNotify
1731951973s712:NOTIFY
1731951973s712:MAC rxDone
1731951973s715:RXSLOT
1731951973s715:value of rxport: 201
###### D/L FRAME:0025 | PORT:201 | DR:0 | SLOT:C_MC | RSSI:-12 | SNR:5
1731951973s715:#####################FRAGDECODER PROCESS

.... FRAG_DECODER in Progress ....
EXPECTED   : 052 Fragments (02028 Bytes)
RECEIVED   : 026 Fragments
             01014 Bytes
LOST       : 000 Fragments

1731951973s720:RX_C on freq 869525000 Hz at DR 0
1731951973s721:#############OPENED CONTINUOUS RX C WINDOW
1731951994s776:MAC rxNotify
1731951994s776:NOTIFY
1731951994s776:MAC rxDone
1731951994s779:RXSLOT
1731951994s779:value of rxport: 201
###### D/L FRAME:0026 | PORT:201 | DR:0 | SLOT:C_MC | RSSI:-14 | SNR:5
1731951994s779:#####################FRAGDECODER PROCESS

.... FRAG_DECODER in Progress ....
EXPECTED   : 052 Fragments (02028 Bytes)
RECEIVED   : 027 Fragments
             01053 Bytes
LOST       : 000 Fragments

1731951994s784:RX_C on freq 869525000 Hz at DR 0
1731951994s785:#############OPENED CONTINUOUS RX C WINDOW
1731952014s839:MAC rxNotify
1731952014s839:NOTIFY
1731952014s839:MAC rxDone
1731952014s842:RXSLOT
1731952014s842:value of rxport: 201
###### D/L FRAME:0027 | PORT:201 | DR:0 | SLOT:C_MC | RSSI:-13 | SNR:5
1731952014s842:#####################FRAGDECODER PROCESS

.... FRAG_DECODER in Progress ....
EXPECTED   : 052 Fragments (02028 Bytes)
RECEIVED   : 028 Fragments
             01092 Bytes
LOST       : 000 Fragments

1731952014s847:RX_C on freq 869525000 Hz at DR 0
1731952014s848:#############OPENED CONTINUOUS RX C WINDOW
1731952035s886:MAC rxNotify
1731952035s886:NOTIFY
1731952035s886:MAC rxDone
1731952035s889:RXSLOT
1731952035s889:value of rxport: 201
###### D/L FRAME:0028 | PORT:201 | DR:0 | SLOT:C_MC | RSSI:-13 | SNR:5
1731952035s889:#####################FRAGDECODER PROCESS

.... FRAG_DECODER in Progress ....
EXPECTED   : 052 Fragments (02028 Bytes)
RECEIVED   : 029 Fragments
             01131 Bytes
LOST       : 000 Fragments

1731952035s894:RX_C on freq 869525000 Hz at DR 0
1731952035s895:#############OPENED CONTINUOUS RX C WINDOW
1731952056s942:MAC rxNotify
1731952056s942:NOTIFY
1731952056s942:MAC rxDone
1731952056s945:RXSLOT
1731952056s945:value of rxport: 201
###### D/L FRAME:0029 | PORT:201 | DR:0 | SLOT:C_MC | RSSI:-14 | SNR:5
1731952056s945:#####################FRAGDECODER PROCESS

.... FRAG_DECODER in Progress ....
EXPECTED   : 052 Fragments (02028 Bytes)
RECEIVED   : 030 Fragments
             01170 Bytes
LOST       : 000 Fragments

1731952056s950:RX_C on freq 869525000 Hz at DR 0
1731952056s951:#############OPENED CONTINUOUS RX C WINDOW
1731952077s001:MAC rxNotify
1731952077s001:NOTIFY
1731952077s001:MAC rxDone
1731952077s004:RXSLOT
1731952077s004:value of rxport: 201
###### D/L FRAME:0030 | PORT:201 | DR:0 | SLOT:C_MC | RSSI:-13 | SNR:5
1731952077s004:#####################FRAGDECODER PROCESS

.... FRAG_DECODER in Progress ....
EXPECTED   : 052 Fragments (02028 Bytes)
RECEIVED   : 031 Fragments
             01209 Bytes
LOST       : 000 Fragments

1731952077s009:RX_C on freq 869525000 Hz at DR 0
1731952077s010:#############OPENED CONTINUOUS RX C WINDOW
1731952098s066:MAC rxNotify
1731952098s066:NOTIFY
1731952098s066:MAC rxDone
1731952098s070:RXSLOT
1731952098s070:value of rxport: 201
###### D/L FRAME:0031 | PORT:201 | DR:0 | SLOT:C_MC | RSSI:-11 | SNR:5
1731952098s070:#####################FRAGDECODER PROCESS

.... FRAG_DECODER in Progress ....
EXPECTED   : 052 Fragments (02028 Bytes)
RECEIVED   : 032 Fragments
             01248 Bytes
LOST       : 000 Fragments

1731952098s075:RX_C on freq 869525000 Hz at DR 0
1731952098s076:#############OPENED CONTINUOUS RX C WINDOW
1731952119s117:MAC rxNotify
1731952119s118:NOTIFY
1731952119s118:MAC rxDone
1731952119s121:RXSLOT
1731952119s121:value of rxport: 201
###### D/L FRAME:0032 | PORT:201 | DR:0 | SLOT:C_MC | RSSI:-12 | SNR:5
1731952119s121:#####################FRAGDECODER PROCESS

.... FRAG_DECODER in Progress ....
EXPECTED   : 052 Fragments (02028 Bytes)
RECEIVED   : 033 Fragments
             01287 Bytes
LOST       : 000 Fragments

1731952119s125:RX_C on freq 869525000 Hz at DR 0
1731952119s126:#############OPENED CONTINUOUS RX C WINDOW
1731952139s171:MAC rxNotify
1731952139s171:NOTIFY
1731952139s171:MAC rxDone
1731952139s174:RXSLOT
1731952139s174:value of rxport: 201
###### D/L FRAME:0033 | PORT:201 | DR:0 | SLOT:C_MC | RSSI:-11 | SNR:5
1731952139s174:#####################FRAGDECODER PROCESS

.... FRAG_DECODER in Progress ....
EXPECTED   : 052 Fragments (02028 Bytes)
RECEIVED   : 034 Fragments
             01326 Bytes
LOST       : 000 Fragments

1731952139s179:RX_C on freq 869525000 Hz at DR 0
1731952139s180:#############OPENED CONTINUOUS RX C WINDOW
1731952160s235:MAC rxNotify
1731952160s235:NOTIFY
1731952160s235:MAC rxDone
1731952160s238:RXSLOT
1731952160s238:value of rxport: 201
###### D/L FRAME:0034 | PORT:201 | DR:0 | SLOT:C_MC | RSSI:-11 | SNR:6
1731952160s238:#####################FRAGDECODER PROCESS

.... FRAG_DECODER in Progress ....
EXPECTED   : 052 Fragments (02028 Bytes)
RECEIVED   : 035 Fragments
             01365 Bytes
LOST       : 000 Fragments

1731952160s243:RX_C on freq 869525000 Hz at DR 0
1731952160s244:#############OPENED CONTINUOUS RX C WINDOW
1731952181s288:MAC rxNotify
1731952181s288:NOTIFY
1731952181s288:MAC rxDone
1731952181s291:RXSLOT
1731952181s291:value of rxport: 201
###### D/L FRAME:0035 | PORT:201 | DR:0 | SLOT:C_MC | RSSI:-11 | SNR:5
1731952181s291:#####################FRAGDECODER PROCESS

.... FRAG_DECODER in Progress ....
EXPECTED   : 052 Fragments (02028 Bytes)
RECEIVED   : 036 Fragments
             01404 Bytes
LOST       : 000 Fragments

1731952181s295:RX_C on freq 869525000 Hz at DR 0
1731952181s296:#############OPENED CONTINUOUS RX C WINDOW
1731952201s350:MAC rxNotify
1731952201s350:NOTIFY
1731952201s350:MAC rxDone
1731952201s353:RXSLOT
1731952201s353:value of rxport: 201
###### D/L FRAME:0036 | PORT:201 | DR:0 | SLOT:C_MC | RSSI:-11 | SNR:5
1731952201s353:#####################FRAGDECODER PROCESS

.... FRAG_DECODER in Progress ....
EXPECTED   : 052 Fragments (02028 Bytes)
RECEIVED   : 037 Fragments
             01443 Bytes
LOST       : 000 Fragments

1731952201s358:RX_C on freq 869525000 Hz at DR 0
1731952201s359:#############OPENED CONTINUOUS RX C WINDOW
1731952222s402:MAC rxNotify
1731952222s402:NOTIFY
1731952222s402:MAC rxDone
1731952222s405:RXSLOT
1731952222s405:value of rxport: 201
###### D/L FRAME:0037 | PORT:201 | DR:0 | SLOT:C_MC | RSSI:-12 | SNR:6
1731952222s405:#####################FRAGDECODER PROCESS

.... FRAG_DECODER in Progress ....
EXPECTED   : 052 Fragments (02028 Bytes)
RECEIVED   : 038 Fragments
             01482 Bytes
LOST       : 000 Fragments

1731952222s410:RX_C on freq 869525000 Hz at DR 0
1731952222s411:#############OPENED CONTINUOUS RX C WINDOW
1731952243s458:MAC rxNotify
1731952243s458:NOTIFY
1731952243s458:MAC rxDone
1731952243s460:RXSLOT
1731952243s460:value of rxport: 201
###### D/L FRAME:0038 | PORT:201 | DR:0 | SLOT:C_MC | RSSI:-14 | SNR:5
1731952243s460:#####################FRAGDECODER PROCESS

.... FRAG_DECODER in Progress ....
EXPECTED   : 052 Fragments (02028 Bytes)
RECEIVED   : 039 Fragments
             01521 Bytes
LOST       : 000 Fragments

1731952243s465:RX_C on freq 869525000 Hz at DR 0
1731952243s466:#############OPENED CONTINUOUS RX C WINDOW
1731952263s519:MAC rxNotify
1731952263s519:NOTIFY
1731952263s519:MAC rxDone
1731952263s522:RXSLOT
1731952263s522:value of rxport: 201
###### D/L FRAME:0039 | PORT:201 | DR:0 | SLOT:C_MC | RSSI:-12 | SNR:5
1731952263s522:#####################FRAGDECODER PROCESS

.... FRAG_DECODER in Progress ....
EXPECTED   : 052 Fragments (02028 Bytes)
RECEIVED   : 040 Fragments
             01560 Bytes
LOST       : 000 Fragments

1731952263s527:RX_C on freq 869525000 Hz at DR 0
1731952263s528:#############OPENED CONTINUOUS RX C WINDOW
1731952270s118:MAC rxNotify
1731952270s118:NOTIFY
1731952270s118:MAC rxDone
1731952270s120:RXSLOT
1731952270s123:RX_C on freq 869525000 Hz at DR 0
1731952270s125:#############OPENED CONTINUOUS RX C WINDOW
1731952284s565:MAC rxNotify
1731952284s565:NOTIFY
1731952284s565:MAC rxDone
1731952284s568:RXSLOT
1731952284s568:value of rxport: 201
###### D/L FRAME:0040 | PORT:201 | DR:0 | SLOT:C_MC | RSSI:-13 | SNR:5
1731952284s568:#####################FRAGDECODER PROCESS

.... FRAG_DECODER in Progress ....
EXPECTED   : 052 Fragments (02028 Bytes)
RECEIVED   : 041 Fragments
             01599 Bytes
LOST       : 000 Fragments

1731952284s573:RX_C on freq 869525000 Hz at DR 0
1731952284s574:#############OPENED CONTINUOUS RX C WINDOW
1731952305s626:MAC rxNotify
1731952305s626:NOTIFY
1731952305s626:MAC rxDone
1731952305s629:RXSLOT
1731952305s629:value of rxport: 201
###### D/L FRAME:0041 | PORT:201 | DR:0 | SLOT:C_MC | RSSI:-13 | SNR:5
1731952305s629:#####################FRAGDECODER PROCESS

.... FRAG_DECODER in Progress ....
EXPECTED   : 052 Fragments (02028 Bytes)
RECEIVED   : 042 Fragments
             01638 Bytes
LOST       : 000 Fragments

1731952305s634:RX_C on freq 869525000 Hz at DR 0
1731952305s635:#############OPENED CONTINUOUS RX C WINDOW
1731952325s681:MAC rxNotify
1731952325s681:NOTIFY
1731952325s681:MAC rxDone
1731952325s684:RXSLOT
1731952325s684:value of rxport: 201
###### D/L FRAME:0042 | PORT:201 | DR:0 | SLOT:C_MC | RSSI:-13 | SNR:5
1731952325s684:#####################FRAGDECODER PROCESS

.... FRAG_DECODER in Progress ....
EXPECTED   : 052 Fragments (02028 Bytes)
RECEIVED   : 043 Fragments
             01677 Bytes
LOST       : 000 Fragments

1731952325s689:RX_C on freq 869525000 Hz at DR 0
1731952325s690:#############OPENED CONTINUOUS RX C WINDOW
1731952337s493:MAC rxNotify
1731952337s493:NOTIFY
1731952337s493:MAC rxDone
1731952337s495:RXSLOT
1731952337s498:RX_C on freq 869525000 Hz at DR 0
1731952337s500:#############OPENED CONTINUOUS RX C WINDOW
1731952346s737:MAC rxNotify
1731952346s737:NOTIFY
1731952346s737:MAC rxDone
1731952346s740:RXSLOT
1731952346s740:value of rxport: 201
###### D/L FRAME:0043 | PORT:201 | DR:0 | SLOT:C_MC | RSSI:-12 | SNR:5
1731952346s740:#####################FRAGDECODER PROCESS

.... FRAG_DECODER in Progress ....
EXPECTED   : 052 Fragments (02028 Bytes)
RECEIVED   : 044 Fragments
             01716 Bytes
LOST       : 000 Fragments

1731952346s745:RX_C on freq 869525000 Hz at DR 0
1731952346s746:#############OPENED CONTINUOUS RX C WINDOW
1731952367s793:MAC rxNotify
1731952367s793:NOTIFY
1731952367s793:MAC rxDone
1731952367s796:RXSLOT
1731952367s796:value of rxport: 201
###### D/L FRAME:0044 | PORT:201 | DR:0 | SLOT:C_MC | RSSI:-12 | SNR:5
1731952367s796:#####################FRAGDECODER PROCESS

.... FRAG_DECODER in Progress ....
EXPECTED   : 052 Fragments (02028 Bytes)
RECEIVED   : 045 Fragments
             01755 Bytes
LOST       : 000 Fragments

1731952367s801:RX_C on freq 869525000 Hz at DR 0
1731952367s802:#############OPENED CONTINUOUS RX C WINDOW
1731952387s845:MAC rxNotify
1731952387s845:NOTIFY
1731952387s845:MAC rxDone
1731952387s848:RXSLOT
1731952387s848:value of rxport: 201
###### D/L FRAME:0045 | PORT:201 | DR:0 | SLOT:C_MC | RSSI:-11 | SNR:5
1731952387s848:#####################FRAGDECODER PROCESS

.... FRAG_DECODER in Progress ....
EXPECTED   : 052 Fragments (02028 Bytes)
RECEIVED   : 046 Fragments
             01794 Bytes
LOST       : 000 Fragments

1731952387s853:RX_C on freq 869525000 Hz at DR 0
1731952387s854:#############OPENED CONTINUOUS RX C WINDOW
1731952408s901:MAC rxNotify
1731952408s901:NOTIFY
1731952408s901:MAC rxDone
1731952408s905:RXSLOT
1731952408s905:value of rxport: 201
###### D/L FRAME:0046 | PORT:201 | DR:0 | SLOT:C_MC | RSSI:-12 | SNR:5
1731952408s905:#####################FRAGDECODER PROCESS

.... FRAG_DECODER in Progress ....
EXPECTED   : 052 Fragments (02028 Bytes)
RECEIVED   : 047 Fragments
             01833 Bytes
LOST       : 000 Fragments

1731952408s910:RX_C on freq 869525000 Hz at DR 0
1731952408s911:#############OPENED CONTINUOUS RX C WINDOW
1731952429s954:MAC rxNotify
1731952429s954:NOTIFY
1731952429s954:MAC rxDone
1731952429s957:RXSLOT
1731952429s957:value of rxport: 201
###### D/L FRAME:0047 | PORT:201 | DR:0 | SLOT:C_MC | RSSI:-11 | SNR:5
1731952429s957:#####################FRAGDECODER PROCESS

.... FRAG_DECODER in Progress ....
EXPECTED   : 052 Fragments (02028 Bytes)
RECEIVED   : 048 Fragments
             01872 Bytes
LOST       : 000 Fragments

1731952429s961:RX_C on freq 869525000 Hz at DR 0
1731952429s962:#############OPENED CONTINUOUS RX C WINDOW
1731952450s005:MAC rxNotify
1731952450s005:NOTIFY
1731952450s005:MAC rxDone
1731952450s008:RXSLOT
1731952450s008:value of rxport: 201
###### D/L FRAME:0048 | PORT:201 | DR:0 | SLOT:C_MC | RSSI:-11 | SNR:5
1731952450s008:#####################FRAGDECODER PROCESS

.... FRAG_DECODER in Progress ....
EXPECTED   : 052 Fragments (02028 Bytes)
RECEIVED   : 049 Fragments
             01911 Bytes
LOST       : 000 Fragments

1731952450s013:RX_C on freq 869525000 Hz at DR 0
1731952450s014:#############OPENED CONTINUOUS RX C WINDOW
1731952471s063:MAC rxNotify
1731952471s063:NOTIFY
1731952471s063:MAC rxDone
1731952471s066:RXSLOT
1731952471s066:value of rxport: 201
###### D/L FRAME:0049 | PORT:201 | DR:0 | SLOT:C_MC | RSSI:-11 | SNR:5
1731952471s066:#####################FRAGDECODER PROCESS

.... FRAG_DECODER in Progress ....
EXPECTED   : 052 Fragments (02028 Bytes)
RECEIVED   : 050 Fragments
             01950 Bytes
LOST       : 000 Fragments

1731952471s071:RX_C on freq 869525000 Hz at DR 0
1731952471s072:#############OPENED CONTINUOUS RX C WINDOW
1731952492s125:MAC rxNotify
1731952492s125:NOTIFY
1731952492s125:MAC rxDone
1731952492s128:RXSLOT
1731952492s128:value of rxport: 201
###### D/L FRAME:0050 | PORT:201 | DR:0 | SLOT:C_MC | RSSI:-13 | SNR:5
1731952492s128:#####################FRAGDECODER PROCESS

.... FRAG_DECODER in Progress ....
EXPECTED   : 052 Fragments (02028 Bytes)
RECEIVED   : 051 Fragments
             01989 Bytes
LOST       : 000 Fragments

1731952492s133:RX_C on freq 869525000 Hz at DR 0
1731952492s134:#############OPENED CONTINUOUS RX C WINDOW
1731952512s180:MAC rxNotify
1731952512s180:NOTIFY
1731952512s180:MAC rxDone
1731952512s183:RXSLOT
1731952512s183:value of rxport: 201
###### D/L FRAME:0051 | PORT:201 | DR:0 | SLOT:C_MC | RSSI:-13 | SNR:5
1731952512s183:#####################FRAGDECODER PROCESS

.... FRAG_DECODER in Progress ....
EXPECTED   : 052 Fragments (02028 Bytes)
RECEIVED   : 052 Fragments
             02028 Bytes
LOST       : 000 Fragments


.... FRAG_DECODER Finished ....
STATUS     : 0
1731952512s184:ALL FRAGMENTS RECEIVED

= [SBOOT] System Security Check successfully passed. Starting...


======================================================================
=              (C) COPYRIGHT 2017 STMicroelectronics                 =
=                                                                    =
=              Secure Boot and Secure Firmware Update                =
======================================================================


= [SBOOT] SECURE ENGINE INITIALIZATION SUCCESSFUL
= [SBOOT] STATE: CHECK STATUS ON RESET
	  INFO: A Reboot has been triggered by a Software reset!
= [SBOOT] STATE: CHECK NEW FIRMWARE TO DOWNLOAD
= [SBOOT] STATE: CHECK KMS BLOB TO INSTALL
= [SBOOT] STATE: CHECK USER FW STATUS
	  A FW is detected in the slot SLOT_ACTIVE_1
= [SBOOT] STATE: VERIFY USER FW SIGNATURE
= [SBOOT] STATE: EXECUTE USER FIRMWAREAPPLICATION_VERSION: V1.3.0
MW_LORAWAN_VERSION:  V2.5.0
MW_RADIO_VERSION:    V1.3.0
L2_SPEC_VERSION:     V1.0.4
RP_SPEC_VERSION:     V2-1.0.1
NVM DATA RESTORED
###### AppKey:      2B:7E:15:16:28:AE:D2:A6:AB:F7:15:88:09:CF:4F:3C
###### NwkKey:      2B:7E:15:16:28:AE:D2:A6:AB:F7:15:88:09:CF:4F:3C
###### AppSKey:     57:A5:58:55:28:C2:61:4C:F5:F5:7A:84:5D:89:2C:84
###### NwkSKey:     89:1D:BC:26:2D:05:12:2B:8E:A9:0E:D2:3C:15:AD:DE
###### DevEUI:      00:80:E1:15:05:AB:D0:6C
###### AppEUI:      01:01:01:01:01:01:01:01
###### DevAddr:     05:AB:D0:6C
###### KMS ENABLED