
======================================================================
=              (C) COPYRIGHT 2017 STMicroelectronics                 =
=                                                                    =
=              Secure Boot and Secure Firmware Update                =
======================================================================


= [SBOOT] SECURE ENGINE INITIALIZATION SUCCESSFUL
= [SBOOT] STATE: CHECK STATUS ON RESET
	  INFO: A Reboot has been triggered by a Hardware reset!
= [SBOOT] STATE: CHECK NEW FIRMWARE TO DOWNLOAD
= [SBOOT] STATE: CHECK KMS BLOB TO INSTALL
= [SBOOT] STATE: CHECK USER FW STATUS
	  A FW is detected in the slot SLOT_ACTIVE_1
= [SBOOT] STATE: VERIFY USER FW SIGNATURE
= [SBOOT] STATE: EXECUTE USER FIRMWAREAPPLICATION_VERSION: V1.3.0
MW_LORAWAN_VERSION:  V2.5.0
MW_RADIO_VERSION:    V1.3.0
L2_SPEC_VERSION:     V1.0.4
RP_SPEC_VERSION:     V2-1.0.1
NVM DATA RESTORED
###### AppKey:      2B:7E:15:16:28:AE:D2:A6:AB:F7:15:88:09:CF:4F:3C
###### NwkKey:      2B:7E:15:16:28:AE:D2:A6:AB:F7:15:88:09:CF:4F:3C
###### AppSKey:     2B:7E:15:16:28:AE:D2:A6:AB:F7:15:88:09:CF:4F:3C
###### NwkSKey:     2B:7E:15:16:28:AE:D2:A6:AB:F7:15:88:09:CF:4F:3C
###### DevEUI:      00:80:E1:15:05:AB:D0:6C
###### AppEUI:      01:01:01:01:01:01:01:01
###### DevAddr:     05:AB:D0:6C
###### KMS ENABLED
###### = JOINED = OTAA =====================
[31mNetwork joined, choose app to execute:
BTN1: TxTimer send uplink every 10 sec
BTN2: Airtime test
[0m
###### U/L FRAME:JOIN | DR:4 | PWR:1
###### MCRootKey:   7D:F7:6B:0C:1A:B8:99:B3:3E:42:F0:47:B9:1B:54:6F
###### MCKEKey:     8C:B8:66:5E:0C:0E:0B:64:5B:2E:D9:E4:8A:19:27:7C
###### AppSKey:     7F:70:6E:2B:D7:7B:0E:0C:54:25:CF:76:F5:97:42:C6
###### NwkSKey:     60:9C:2F:D9:C7:5F:1B:7E:75:D8:18:46:EF:73:C0:A8
###### DBIntKey:    7A:C4:7C:65:FE:25:9B:B6:54:BD:26:35:19:F8:9C:8E
###### DevEUI:      00:80:E1:15:05:AB:D0:6C
###### AppEUI:      01:01:01:01:01:01:01:01
###### DevAddr:     00:35:41:5F

###### ========== MCPS-Confirm =============
###### U/L FRAME:0001 | PORT:24 | DR:4 | PWR:1 | MSG TYPE:UNCONFIRMED
1731698214s209:value of rxport: 0
###### D/L FRAME:0000 | PORT:0 | DR:4 | SLOT:1 | RSSI:-8 | SNR:13
1731698242s999:Airtime test started: 0
1731698242s999:MAC Tx start packet size: 21
1731698243s003:TX on freq 867100000 Hz at DR 4
1731698243s003:RADIO SEND WITH size 21
1731698243s005:SEND REQUEST
1731698243s108:NOTIFY
1731698243s108:MAC txDone
1731698244s090:RX_1 on freq 867100000 Hz at DR 4
1731698244s141:IRQ_RX_TX_TIMEOUT
1731698244s141:NOTIFY
1731698244s141:MAC rxTimeOut
1731698245s139:RX_2 on freq 869525000 Hz at DR 0
1731698245s337:IRQ_RX_TX_TIMEOUT
1731698245s337:NOTIFY
1731698245s337:MAC rxTimeOut

###### ========== MCPS-Confirm =============
###### U/L FRAME:0002 | PORT:24 | DR:4 | PWR:1 | MSG TYPE:UNCONFIRMED
1731698273s005:Airtime test started: 0
1731698273s005:MAC Tx start packet size: 18
1731698273s009:TX on freq 867100000 Hz at DR 4
1731698273s009:RADIO SEND WITH size 18
1731698273s011:SEND REQUEST
1731698273s103:NOTIFY
1731698273s103:MAC txDone
1731698274s086:RX_1 on freq 867100000 Hz at DR 4
1731698274s137:IRQ_RX_TX_TIMEOUT
1731698274s137:NOTIFY
1731698274s137:MAC rxTimeOut
1731698275s135:RX_2 on freq 869525000 Hz at DR 0
1731698275s333:IRQ_RX_TX_TIMEOUT
1731698275s333:NOTIFY
1731698275s333:MAC rxTimeOut

###### ========== MCPS-Confirm =============
###### U/L FRAME:0003 | PORT:24 | DR:4 | PWR:1 | MSG TYPE:UNCONFIRMED
1731698303s011:Airtime test started: 0
1731698303s011:MAC Tx start packet size: 18
1731698303s015:TX on freq 868100000 Hz at DR 4
1731698303s015:RADIO SEND WITH size 18
1731698303s017:SEND REQUEST
1731698303s109:NOTIFY
1731698303s109:MAC txDone
1731698304s092:RX_1 on freq 868100000 Hz at DR 4
1731698304s142:IRQ_RX_TX_TIMEOUT
1731698304s142:NOTIFY
1731698304s142:MAC rxTimeOut
1731698305s141:RX_2 on freq 869525000 Hz at DR 0
1731698305s339:IRQ_RX_TX_TIMEOUT
1731698305s339:NOTIFY
1731698305s339:MAC rxTimeOut

###### ========== MCPS-Confirm =============
###### U/L FRAME:0004 | PORT:24 | DR:4 | PWR:1 | MSG TYPE:UNCONFIRMED
1731698333s017:Airtime test started: 0
1731698333s017:MAC Tx start packet size: 18
1731698333s020:TX on freq 868300000 Hz at DR 4
1731698333s020:RADIO SEND WITH size 18
1731698333s022:SEND REQUEST
1731698333s115:NOTIFY
1731698333s115:MAC txDone
1731698334s098:RX_1 on freq 868300000 Hz at DR 4
1731698334s148:IRQ_RX_TX_TIMEOUT
1731698334s148:NOTIFY
1731698334s148:MAC rxTimeOut
1731698335s146:RX_2 on freq 869525000 Hz at DR 0
1731698335s345:IRQ_RX_TX_TIMEOUT
1731698335s345:NOTIFY
1731698335s345:MAC rxTimeOut

###### ========== MCPS-Confirm =============
###### U/L FRAME:0005 | PORT:24 | DR:4 | PWR:1 | MSG TYPE:UNCONFIRMED
1731698363s022:Airtime test started: 0
1731698363s022:MAC Tx start packet size: 18
1731698363s026:TX on freq 867900000 Hz at DR 4
1731698363s026:RADIO SEND WITH size 18
1731698363s028:SEND REQUEST
1731698363s121:NOTIFY
1731698363s121:MAC txDone
1731698364s103:RX_1 on freq 867900000 Hz at DR 4
1731698364s154:IRQ_RX_TX_TIMEOUT
1731698364s154:NOTIFY
1731698364s154:MAC rxTimeOut
1731698365s152:RX_2 on freq 869525000 Hz at DR 0
1731698365s351:IRQ_RX_TX_TIMEOUT
1731698365s351:NOTIFY
1731698365s351:MAC rxTimeOut

###### ========== MCPS-Confirm =============
###### U/L FRAME:0006 | PORT:24 | DR:4 | PWR:1 | MSG TYPE:UNCONFIRMED
1731698393s028:Airtime test started: 0
1731698393s028:MAC Tx start packet size: 18
1731698393s032:TX on freq 867900000 Hz at DR 4
1731698393s032:RADIO SEND WITH size 18
1731698393s034:SEND REQUEST
1731698393s127:NOTIFY
1731698393s127:MAC txDone
1731698394s109:RX_1 on freq 867900000 Hz at DR 4
1731698394s160:IRQ_RX_TX_TIMEOUT
1731698394s160:NOTIFY
1731698394s160:MAC rxTimeOut
1731698395s158:RX_2 on freq 869525000 Hz at DR 0
1731698395s356:IRQ_RX_TX_TIMEOUT
1731698395s356:NOTIFY
1731698395s356:MAC rxTimeOut

###### ========== MCPS-Confirm =============
###### U/L FRAME:0007 | PORT:24 | DR:4 | PWR:1 | MSG TYPE:UNCONFIRMED
1731698423s034:Airtime test started: 0
1731698423s034:MAC Tx start packet size: 18
1731698423s038:TX on freq 867300000 Hz at DR 4
1731698423s038:RADIO SEND WITH size 18
1731698423s040:SEND REQUEST
1731698423s133:NOTIFY
1731698423s133:MAC txDone
1731698424s115:RX_1 on freq 867300000 Hz at DR 4
1731698424s166:IRQ_RX_TX_TIMEOUT
1731698424s166:NOTIFY
1731698424s166:MAC rxTimeOut
1731698425s164:RX_2 on freq 869525000 Hz at DR 0
1731698425s362:IRQ_RX_TX_TIMEOUT
1731698425s362:NOTIFY
1731698425s362:MAC rxTimeOut

###### ========== MCPS-Confirm =============
###### U/L FRAME:0008 | PORT:24 | DR:4 | PWR:1 | MSG TYPE:UNCONFIRMED
1731698453s040:Airtime test started: 0
1731698453s040:MAC Tx start packet size: 18
1731698453s044:TX on freq 867700000 Hz at DR 4
1731698453s044:RADIO SEND WITH size 18
1731698453s046:SEND REQUEST
1731698453s139:NOTIFY
1731698453s139:MAC txDone
1731698454s121:RX_1 on freq 867700000 Hz at DR 4
1731698454s172:IRQ_RX_TX_TIMEOUT
1731698454s172:NOTIFY
1731698454s172:MAC rxTimeOut
1731698455s170:RX_2 on freq 869525000 Hz at DR 0
1731698455s368:IRQ_RX_TX_TIMEOUT
1731698455s368:NOTIFY
1731698455s368:MAC rxTimeOut

###### ========== MCPS-Confirm =============
###### U/L FRAME:0009 | PORT:24 | DR:4 | PWR:1 | MSG TYPE:UNCONFIRMED
1731698483s046:Airtime test started: 0
1731698483s046:MAC Tx start packet size: 18
1731698483s050:TX on freq 867100000 Hz at DR 4
1731698483s050:RADIO SEND WITH size 18
1731698483s052:SEND REQUEST
1731698483s144:NOTIFY
1731698483s144:MAC txDone
1731698484s127:RX_1 on freq 867100000 Hz at DR 4
1731698484s178:IRQ_RX_TX_TIMEOUT
1731698484s178:NOTIFY
1731698484s178:MAC rxTimeOut
1731698485s176:RX_2 on freq 869525000 Hz at DR 0
1731698485s374:IRQ_RX_TX_TIMEOUT
1731698485s374:NOTIFY
1731698485s374:MAC rxTimeOut

###### ========== MCPS-Confirm =============
###### U/L FRAME:0010 | PORT:24 | DR:4 | PWR:1 | MSG TYPE:UNCONFIRMED
1731698513s052:Airtime test started: 0
1731698513s052:MAC Tx start packet size: 18
1731698513s056:TX on freq 867100000 Hz at DR 4
1731698513s056:RADIO SEND WITH size 18
1731698513s058:SEND REQUEST
1731698513s150:NOTIFY
1731698513s150:MAC txDone
1731698514s133:RX_1 on freq 867100000 Hz at DR 4
1731698514s184:IRQ_RX_TX_TIMEOUT
1731698514s184:NOTIFY
1731698514s184:MAC rxTimeOut
1731698515s182:RX_2 on freq 869525000 Hz at DR 0
1731698515s380:IRQ_RX_TX_TIMEOUT
1731698515s380:NOTIFY
1731698515s380:MAC rxTimeOut

###### ========== MCPS-Confirm =============
###### U/L FRAME:0011 | PORT:24 | DR:4 | PWR:1 | MSG TYPE:UNCONFIRMED
1731698543s058:Airtime test started: 0
1731698543s058:MAC Tx start packet size: 18
1731698543s061:TX on freq 868100000 Hz at DR 4
1731698543s061:RADIO SEND WITH size 18
1731698543s063:SEND REQUEST
1731698543s156:NOTIFY
1731698543s156:MAC txDone
1731698544s139:RX_1 on freq 868100000 Hz at DR 4
1731698544s322:MAC rxNotify
1731698544s322:NOTIFY
1731698544s322:MAC rxDone

###### ========== MCPS-Confirm =============
###### U/L FRAME:0012 | PORT:24 | DR:4 | PWR:1 | MSG TYPE:UNCONFIRMED
1731698544s325:value of rxport: 200
1731698544s325:MULTICAST CLASS C SETUP 2
###### D/L FRAME:0001 | PORT:200 | DR:4 | SLOT:1 | RSSI:-8 | SNR:13
1731698544s334:MAC Tx start packet size: 15
1731698544s337:TX on freq 868500000 Hz at DR 4
1731698544s338:RADIO SEND WITH size 15
ID          : 0
McAddr      : 7CBB1CFF
McKey       : E0-B4-17-5F-8D-FC-96-E0-6D-C3-BB-43-2B-AE-08-0C
McFCountMin : 0
McFCountMax : 4294967295
SessionTime : 0
SessionTimeT: 1 s
Rx Freq     : 0
Rx DR       : DR_0
1731698544s433:NOTIFY
1731698544s433:MAC txDone
1731698545s416:RX_1 on freq 868500000 Hz at DR 4
1731698545s547:MAC rxNotify
1731698545s547:NOTIFY
1731698545s547:MAC rxDone

###### ========== MCPS-Confirm =============
###### U/L FRAME:0013 | PORT:200 | DR:4 | PWR:1 | MSG TYPE:UNCONFIRMED
1731698545s549:value of rxport: 201
###### D/L FRAME:0002 | PORT:201 | DR:4 | SLOT:1 | RSSI:-8 | SNR:14
1731698545s550:#####################FRAGDECODER INIT
1731698549s432:MAC Tx start packet size: 15
1731698549s435:TX on freq 867700000 Hz at DR 4
1731698549s435:RADIO SEND WITH size 15
1731698549s530:NOTIFY
1731698549s530:MAC txDone
1731698550s513:RX_1 on freq 867700000 Hz at DR 4
1731698550s644:MAC rxNotify
1731698550s644:NOTIFY
1731698550s644:MAC rxDone

###### ========== MCPS-Confirm =============
###### U/L FRAME:0014 | PORT:201 | DR:4 | PWR:1 | MSG TYPE:UNCONFIRMED
1731698550s647:value of rxport: 200
1731698550s648:MULTICAST CLASS C SETUP 4
###### D/L FRAME:0003 | PORT:200 | DR:4 | SLOT:1 | RSSI:-8 | SNR:13
Time2SessionStart: 299000 ms
1731698550s648:MAC Tx start packet size: 18
1731698550s652:TX on freq 867900000 Hz at DR 4
1731698550s653:RADIO SEND WITH size 18
ID          : 0
McAddr      : 7CBB1CFF
McKey       : E0-B4-17-5F-8D-FC-96-E0-6D-C3-BB-43-2B-AE-08-0C
McFCountMin : 0
McFCountMax : 4294967295
SessionTime : 1731698849
SessionTimeT: 4096 s
Rx Freq     : 869525000
Rx DR       : DR_4
1731698550s747:NOTIFY
1731698550s747:MAC txDone
1731698551s729:RX_1 on freq 867900000 Hz at DR 4
1731698551s780:IRQ_RX_TX_TIMEOUT
1731698551s780:NOTIFY
1731698551s780:MAC rxTimeOut
1731698552s778:RX_2 on freq 869525000 Hz at DR 0
1731698552s976:IRQ_RX_TX_TIMEOUT
1731698552s976:NOTIFY
1731698552s976:MAC rxTimeOut

###### ========== MCPS-Confirm =============
###### U/L FRAME:0015 | PORT:200 | DR:4 | PWR:1 | MSG TYPE:UNCONFIRMED
1731698849s648:[SWITCHCLASS class C]
1731698849s663:RX_C on freq 869525000 Hz at DR 4
1731698849s665:#############OPENED CONTINUOUS RX C WINDOW
Switch to Class C done
1731698852s041:MAC rxNotify
1731698852s041:NOTIFY
1731698852s041:MAC rxDone
1731698852s048:RXSLOT
1731698852s049:value of rxport: 201
###### D/L FRAME:0000 | PORT:201 | DR:4 | SLOT:C_MC | RSSI:-5 | SNR:13
1731698852s049:#####################FRAGDECODER PROCESS

.... FRAG_DECODER in Progress ....
EXPECTED   : 010 Fragments (02190 Bytes)
RECEIVED   : 001 Fragments
             00219 Bytes
LOST       : 000 Fragments

1731698852s053:RX_C on freq 869525000 Hz at DR 4
1731698852s054:#############OPENED CONTINUOUS RX C WINDOW
1731698860s071:MAC rxNotify
1731698860s072:NOTIFY
1731698860s072:MAC rxDone
1731698860s079:RXSLOT
1731698860s080:value of rxport: 201
###### D/L FRAME:0001 | PORT:201 | DR:4 | SLOT:C_MC | RSSI:-5 | SNR:13
1731698860s080:#####################FRAGDECODER PROCESS

.... FRAG_DECODER in Progress ....
EXPECTED   : 010 Fragments (02190 Bytes)
RECEIVED   : 002 Fragments
             00438 Bytes
LOST       : 000 Fragments

1731698860s084:RX_C on freq 869525000 Hz at DR 4
1731698860s085:#############OPENED CONTINUOUS RX C WINDOW
1731698867s100:MAC rxNotify
1731698867s100:NOTIFY
1731698867s101:MAC rxDone
1731698867s107:RXSLOT
1731698867s108:value of rxport: 201
###### D/L FRAME:0002 | PORT:201 | DR:4 | SLOT:C_MC | RSSI:-5 | SNR:13
1731698867s108:#####################FRAGDECODER PROCESS

.... FRAG_DECODER in Progress ....
EXPECTED   : 010 Fragments (02190 Bytes)
RECEIVED   : 003 Fragments
             00657 Bytes
LOST       : 000 Fragments

1731698867s112:RX_C on freq 869525000 Hz at DR 4
1731698867s113:#############OPENED CONTINUOUS RX C WINDOW
1731698874s135:MAC rxNotify
1731698874s135:NOTIFY
1731698874s135:MAC rxDone
1731698874s142:RXSLOT
1731698874s142:value of rxport: 201
###### D/L FRAME:0003 | PORT:201 | DR:4 | SLOT:C_MC | RSSI:-6 | SNR:13
1731698874s142:#####################FRAGDECODER PROCESS

.... FRAG_DECODER in Progress ....
EXPECTED   : 010 Fragments (02190 Bytes)
RECEIVED   : 004 Fragments
             00876 Bytes
LOST       : 000 Fragments

1731698874s146:RX_C on freq 869525000 Hz at DR 4
1731698874s147:#############OPENED CONTINUOUS RX C WINDOW
1731698882s163:MAC rxNotify
1731698882s163:NOTIFY
1731698882s163:MAC rxDone
1731698882s170:RXSLOT
1731698882s171:value of rxport: 201
###### D/L FRAME:0004 | PORT:201 | DR:4 | SLOT:C_MC | RSSI:-5 | SNR:13
1731698882s171:#####################FRAGDECODER PROCESS

.... FRAG_DECODER in Progress ....
EXPECTED   : 010 Fragments (02190 Bytes)
RECEIVED   : 005 Fragments
             01095 Bytes
LOST       : 000 Fragments

1731698882s175:RX_C on freq 869525000 Hz at DR 4
1731698882s176:#############OPENED CONTINUOUS RX C WINDOW
1731698889s186:MAC rxNotify
1731698889s186:NOTIFY
1731698889s186:MAC rxDone
1731698889s194:RXSLOT
1731698889s195:value of rxport: 201
###### D/L FRAME:0005 | PORT:201 | DR:4 | SLOT:C_MC | RSSI:-5 | SNR:13
1731698889s195:#####################FRAGDECODER PROCESS

.... FRAG_DECODER in Progress ....
EXPECTED   : 010 Fragments (02190 Bytes)
RECEIVED   : 006 Fragments
             01314 Bytes
LOST       : 000 Fragments

1731698889s199:RX_C on freq 869525000 Hz at DR 4
1731698889s200:#############OPENED CONTINUOUS RX C WINDOW
1731698897s218:MAC rxNotify
1731698897s218:NOTIFY
1731698897s218:MAC rxDone
1731698897s225:RXSLOT
1731698897s226:value of rxport: 201
###### D/L FRAME:0006 | PORT:201 | DR:4 | SLOT:C_MC | RSSI:-5 | SNR:13
1731698897s226:#####################FRAGDECODER PROCESS

.... FRAG_DECODER in Progress ....
EXPECTED   : 010 Fragments (02190 Bytes)
RECEIVED   : 007 Fragments
             01533 Bytes
LOST       : 000 Fragments

1731698897s229:RX_C on freq 869525000 Hz at DR 4
1731698897s230:#############OPENED CONTINUOUS RX C WINDOW
1731698904s243:MAC rxNotify
1731698904s244:NOTIFY
1731698904s244:MAC rxDone
1731698904s251:RXSLOT
1731698904s252:value of rxport: 201
###### D/L FRAME:0007 | PORT:201 | DR:4 | SLOT:C_MC | RSSI:-5 | SNR:13
1731698904s252:#####################FRAGDECODER PROCESS

.... FRAG_DECODER in Progress ....
EXPECTED   : 010 Fragments (02190 Bytes)
RECEIVED   : 008 Fragments
             01752 Bytes
LOST       : 000 Fragments

1731698904s256:RX_C on freq 869525000 Hz at DR 4
1731698904s257:#############OPENED CONTINUOUS RX C WINDOW
1731698912s272:MAC rxNotify
1731698912s272:NOTIFY
1731698912s272:MAC rxDone
1731698912s279:RXSLOT
1731698912s280:value of rxport: 201
###### D/L FRAME:0008 | PORT:201 | DR:4 | SLOT:C_MC | RSSI:-5 | SNR:14
1731698912s280:#####################FRAGDECODER PROCESS

.... FRAG_DECODER in Progress ....
EXPECTED   : 010 Fragments (02190 Bytes)
RECEIVED   : 009 Fragments
             01971 Bytes
LOST       : 000 Fragments

1731698912s284:RX_C on freq 869525000 Hz at DR 4
1731698912s285:#############OPENED CONTINUOUS RX C WINDOW
1731698919s294:MAC rxNotify
1731698919s294:NOTIFY
1731698919s294:MAC rxDone
1731698919s301:RXSLOT
1731698919s302:value of rxport: 201
###### D/L FRAME:0009 | PORT:201 | DR:4 | SLOT:C_MC | RSSI:-5 | SNR:13
1731698919s302:#####################FRAGDECODER PROCESS

.... FRAG_DECODER in Progress ....
EXPECTED   : 010 Fragments (02190 Bytes)
RECEIVED   : 010 Fragments
             02190 Bytes
LOST       : 000 Fragments


.... FRAG_DECODER Finished ....
STATUS     : 0
1731698919s302:ALL FRAGMENTS RECEIVED

= [SBOOT] System Security Check successfully passed. Starting...


======================================================================
=              (C) COPYRIGHT 2017 STMicroelectronics                 =
=                                                                    =
=              Secure Boot and Secure Firmware Update                =
======================================================================


= [SBOOT] SECURE ENGINE INITIALIZATION SUCCESSFUL
= [SBOOT] STATE: CHECK STATUS ON RESET
	  INFO: A Reboot has been triggered by a Software reset!
= [SBOOT] STATE: CHECK NEW FIRMWARE TO DOWNLOAD
= [SBOOT] STATE: CHECK KMS BLOB TO INSTALL
= [SBOOT] STATE: CHECK USER FW STATUS
	  A FW is detected in the slot SLOT_ACTIVE_1
= [SBOOT] STATE: VERIFY USER FW SIGNATURE
= [SBOOT] STATE: EXECUTE USER FIRMWAREAPPLICATION_VERSION: V1.3.0
MW_LORAWAN_VERSION:  V2.5.0
MW_RADIO_VERSION:    V1.3.0
L2_SPEC_VERSION:     V1.0.4
RP_SPEC_VERSION:     V2-1.0.1
NVM DATA RESTORED
###### AppKey:      2B:7E:15:16:28:AE:D2:A6:AB:F7:15:88:09:CF:4F:3C
###### NwkKey:      2B:7E:15:16:28:AE:D2:A6:AB:F7:15:88:09:CF:4F:3C
###### AppSKey:     7F:70:6E:2B:D7:7B:0E:0C:54:25:CF:76:F5:97:42:C6
###### NwkSKey:     60:9C:2F:D9:C7:5F:1B:7E:75:D8:18:46:EF:73:C0:A8
###### DevEUI:      00:80:E1:15:05:AB:D0:6C
###### AppEUI:      01:01:01:01:01:01:01:01
###### DevAddr:     05:AB:D0:6C
###### KMS ENABLED