
= [SBOOT] System Security Check successfully passed. Starting...


======================================================================
=              (C) COPYRIGHT 2017 STMicroelectronics                 =
=                                                                    =
=              Secure Boot and Secure Firmware Update                =
======================================================================


= [SBOOT] SECURE ENGINE INITIALIZATION SUCCESSFUL
= [SBOOT] STATE: CHECK STATUS ON RESET
	  INFO: A Reboot has been triggered by a Hardware reset!
= [SBOOT] STATE: CHECK NEW FIRMWARE TO DOWNLOAD
= [SBOOT] STATE: CHECK KMS BLOB TO INSTALL
= [SBOOT] STATE: CHECK USER FW STATUS
	  A FW is detected in the slot SLOT_ACTIVE_1
= [SBOOT] STATE: VERIFY USER FW SIGNATURE
= [SBOOT] STATE: EXECUTE USER FIRMWAREAPPLICATION_VERSION: V1.3.0
MW_LORAWAN_VERSION:  V2.5.0
MW_RADIO_VERSION:    V1.3.0
L2_SPEC_VERSION:     V1.0.4
RP_SPEC_VERSION:     V2-1.0.1
NVM DATA RESTORED
###### AppKey:      2B:7E:15:16:28:AE:D2:A6:AB:F7:15:88:09:CF:4F:3C
###### NwkKey:      2B:7E:15:16:28:AE:D2:A6:AB:F7:15:88:09:CF:4F:3C
###### AppSKey:     F8:A4:96:78:68:D4:BF:9A:E2:C3:C6:38:71:65:3F:E3
###### NwkSKey:     BB:40:B0:87:C3:C1:D8:8C:57:5B:87:FA:0D:20:07:33
###### DevEUI:      00:80:E1:15:05:AB:D0:6C
###### AppEUI:      01:01:01:01:01:01:01:01
###### DevAddr:     05:AB:D0:6C
###### KMS ENABLED
###### = JOINED = OTAA =====================
[31mNetwork joined, choose app to execute:
BTN1: TxTimer send uplink every 10 sec
BTN2: Airtime test
[0m
###### U/L FRAME:JOIN | DR:1 | PWR:1
###### MCRootKey:   7D:F7:6B:0C:1A:B8:99:B3:3E:42:F0:47:B9:1B:54:6F
###### MCKEKey:     8C:B8:66:5E:0C:0E:0B:64:5B:2E:D9:E4:8A:19:27:7C
###### AppSKey:     23:FB:B6:FF:C4:06:59:EF:55:02:66:8B:A7:13:86:B0
###### NwkSKey:     A7:21:34:4D:9E:00:B9:60:92:0F:5D:CC:82:A7:F7:06
###### DBIntKey:    7A:C4:7C:65:FE:25:9B:B6:54:BD:26:35:19:F8:9C:8E
###### DevEUI:      00:80:E1:15:05:AB:D0:6C
###### AppEUI:      01:01:01:01:01:01:01:01
###### DevAddr:     01:9F:8D:C1
[32mStart tx timer regular[0m

###### ========== MCPS-Confirm =============
###### U/L FRAME:0001 | PORT:24 | DR:1 | PWR:1 | MSG TYPE:UNCONFIRMED
1731959158s265:value of rxport: 0
###### D/L FRAME:0000 | PORT:0 | DR:1 | SLOT:1 | RSSI:-5 | SNR:8
1731959185s766:Airtime test started: 0
1731959185s766:MAC Tx start packet size: 21
1731959185s770:TX on freq 867100000 Hz at DR 1
1731959185s770:RADIO SEND WITH size 21
1731959185s772:SEND REQUEST
1731959186s513:NOTIFY
1731959186s513:MAC txDone
1731959187s521:RX_1 on freq 867100000 Hz at DR 1
1731959187s620:IRQ_RX_TX_TIMEOUT
1731959187s621:NOTIFY
1731959187s621:MAC rxTimeOut
1731959188s544:RX_2 on freq 869525000 Hz at DR 0
1731959188s742:IRQ_RX_TX_TIMEOUT
1731959188s742:NOTIFY
1731959188s742:MAC rxTimeOut

###### ========== MCPS-Confirm =============
###### U/L FRAME:0002 | PORT:24 | DR:1 | PWR:1 | MSG TYPE:UNCONFIRMED
1731959215s772:Airtime test started: 0
1731959215s772:MAC Tx start packet size: 18
1731959215s776:TX on freq 868300000 Hz at DR 1
1731959215s776:RADIO SEND WITH size 18
1731959215s777:SEND REQUEST
1731959216s437:NOTIFY
1731959216s437:MAC txDone
1731959217s444:RX_1 on freq 868300000 Hz at DR 1
1731959217s544:IRQ_RX_TX_TIMEOUT
1731959217s545:NOTIFY
1731959217s545:MAC rxTimeOut
1731959218s468:RX_2 on freq 869525000 Hz at DR 0
1731959218s666:IRQ_RX_TX_TIMEOUT
1731959218s666:NOTIFY
1731959218s666:MAC rxTimeOut

###### ========== MCPS-Confirm =============
###### U/L FRAME:0003 | PORT:24 | DR:1 | PWR:1 | MSG TYPE:UNCONFIRMED
1731959245s777:Airtime test started: 0
1731959245s777:MAC Tx start packet size: 18
1731959245s781:TX on freq 868300000 Hz at DR 1
1731959245s781:RADIO SEND WITH size 18
1731959245s783:SEND REQUEST
1731959246s443:NOTIFY
1731959246s443:MAC txDone
1731959247s451:RX_1 on freq 868300000 Hz at DR 1
1731959247s551:IRQ_RX_TX_TIMEOUT
1731959247s552:NOTIFY
1731959247s552:MAC rxTimeOut
1731959248s475:RX_2 on freq 869525000 Hz at DR 0
1731959248s673:IRQ_RX_TX_TIMEOUT
1731959248s673:NOTIFY
1731959248s673:MAC rxTimeOut

###### ========== MCPS-Confirm =============
###### U/L FRAME:0004 | PORT:24 | DR:1 | PWR:1 | MSG TYPE:UNCONFIRMED
1731959275s783:Airtime test started: 0
1731959275s783:MAC Tx start packet size: 18
1731959275s787:TX on freq 867700000 Hz at DR 1
1731959275s787:RADIO SEND WITH size 18
1731959275s789:SEND REQUEST
1731959276s448:NOTIFY
1731959276s448:MAC txDone
1731959277s456:RX_1 on freq 867700000 Hz at DR 1
1731959277s556:IRQ_RX_TX_TIMEOUT
1731959277s557:NOTIFY
1731959277s557:MAC rxTimeOut
1731959278s480:RX_2 on freq 869525000 Hz at DR 0
1731959278s678:IRQ_RX_TX_TIMEOUT
1731959278s678:NOTIFY
1731959278s678:MAC rxTimeOut

###### ========== MCPS-Confirm =============
###### U/L FRAME:0005 | PORT:24 | DR:1 | PWR:1 | MSG TYPE:UNCONFIRMED
1731959305s789:Airtime test started: 0
1731959305s789:MAC Tx start packet size: 18
1731959305s793:TX on freq 868100000 Hz at DR 1
1731959305s793:RADIO SEND WITH size 18
1731959305s795:SEND REQUEST
1731959306s454:NOTIFY
1731959306s454:MAC txDone
1731959307s462:RX_1 on freq 868100000 Hz at DR 1
1731959307s562:IRQ_RX_TX_TIMEOUT
1731959307s563:NOTIFY
1731959307s563:MAC rxTimeOut
1731959308s485:RX_2 on freq 869525000 Hz at DR 0
1731959308s684:IRQ_RX_TX_TIMEOUT
1731959308s684:NOTIFY
1731959308s684:MAC rxTimeOut

###### ========== MCPS-Confirm =============
###### U/L FRAME:0006 | PORT:24 | DR:1 | PWR:1 | MSG TYPE:UNCONFIRMED
1731959335s795:Airtime test started: 0
1731959335s795:MAC Tx start packet size: 18
1731959335s799:TX on freq 867500000 Hz at DR 1
1731959335s799:RADIO SEND WITH size 18
1731959335s801:SEND REQUEST
1731959336s460:NOTIFY
1731959336s460:MAC txDone
1731959337s468:RX_1 on freq 867500000 Hz at DR 1
1731959337s568:IRQ_RX_TX_TIMEOUT
1731959337s568:NOTIFY
1731959337s568:MAC rxTimeOut
1731959338s491:RX_2 on freq 869525000 Hz at DR 0
1731959338s690:IRQ_RX_TX_TIMEOUT
1731959338s690:NOTIFY
1731959338s690:MAC rxTimeOut

###### ========== MCPS-Confirm =============
###### U/L FRAME:0007 | PORT:24 | DR:1 | PWR:1 | MSG TYPE:UNCONFIRMED
1731959365s801:Airtime test started: 0
1731959365s801:MAC Tx start packet size: 18
1731959365s805:TX on freq 867700000 Hz at DR 1
1731959365s805:RADIO SEND WITH size 18
1731959365s807:SEND REQUEST
1731959366s466:NOTIFY
1731959366s466:MAC txDone
1731959367s474:RX_1 on freq 867700000 Hz at DR 1
1731959367s573:IRQ_RX_TX_TIMEOUT
1731959367s574:NOTIFY
1731959367s574:MAC rxTimeOut
1731959368s497:RX_2 on freq 869525000 Hz at DR 0
1731959368s695:IRQ_RX_TX_TIMEOUT
1731959368s695:NOTIFY
1731959368s695:MAC rxTimeOut

###### ========== MCPS-Confirm =============
###### U/L FRAME:0008 | PORT:24 | DR:1 | PWR:1 | MSG TYPE:UNCONFIRMED
1731959395s807:Airtime test started: 0
1731959395s807:MAC Tx start packet size: 18
1731959395s811:TX on freq 868500000 Hz at DR 1
1731959395s811:RADIO SEND WITH size 18
1731959395s813:SEND REQUEST
1731959396s472:NOTIFY
1731959396s472:MAC txDone
1731959397s480:RX_1 on freq 868500000 Hz at DR 1
1731959397s579:IRQ_RX_TX_TIMEOUT
1731959397s580:NOTIFY
1731959397s580:MAC rxTimeOut
1731959398s503:RX_2 on freq 869525000 Hz at DR 0
1731959398s701:IRQ_RX_TX_TIMEOUT
1731959398s701:NOTIFY
1731959398s701:MAC rxTimeOut

###### ========== MCPS-Confirm =============
###### U/L FRAME:0009 | PORT:24 | DR:1 | PWR:1 | MSG TYPE:UNCONFIRMED
1731959425s813:Airtime test started: 0
1731959425s813:MAC Tx start packet size: 18
1731959425s817:TX on freq 867300000 Hz at DR 1
1731959425s817:RADIO SEND WITH size 18
1731959425s818:SEND REQUEST
1731959426s478:NOTIFY
1731959426s478:MAC txDone
1731959427s485:RX_1 on freq 867300000 Hz at DR 1
1731959427s585:IRQ_RX_TX_TIMEOUT
1731959427s586:NOTIFY
1731959427s586:MAC rxTimeOut
1731959428s509:RX_2 on freq 869525000 Hz at DR 0
1731959428s707:IRQ_RX_TX_TIMEOUT
1731959428s707:NOTIFY
1731959428s707:MAC rxTimeOut

###### ========== MCPS-Confirm =============
###### U/L FRAME:0010 | PORT:24 | DR:1 | PWR:1 | MSG TYPE:UNCONFIRMED
1731959455s818:Airtime test started: 0
1731959455s818:MAC Tx start packet size: 18
1731959455s822:TX on freq 868300000 Hz at DR 1
1731959455s822:RADIO SEND WITH size 18
1731959455s824:SEND REQUEST
1731959456s484:NOTIFY
1731959456s484:MAC txDone
1731959457s492:RX_1 on freq 868300000 Hz at DR 1
1731959457s592:IRQ_RX_TX_TIMEOUT
1731959457s593:NOTIFY
1731959457s593:MAC rxTimeOut
1731959458s516:RX_2 on freq 869525000 Hz at DR 0
1731959458s714:IRQ_RX_TX_TIMEOUT
1731959458s714:NOTIFY
1731959458s714:MAC rxTimeOut

###### ========== MCPS-Confirm =============
###### U/L FRAME:0011 | PORT:24 | DR:1 | PWR:1 | MSG TYPE:UNCONFIRMED
1731959485s824:Airtime test started: 0
1731959485s824:MAC Tx start packet size: 18
1731959485s828:TX on freq 868300000 Hz at DR 1
1731959485s828:RADIO SEND WITH size 18
1731959485s830:SEND REQUEST
1731959486s489:NOTIFY
1731959486s489:MAC txDone
1731959487s497:RX_1 on freq 868300000 Hz at DR 1
1731959488s655:MAC rxNotify
1731959488s655:NOTIFY
1731959488s655:MAC rxDone

###### ========== MCPS-Confirm =============
###### U/L FRAME:0012 | PORT:24 | DR:1 | PWR:1 | MSG TYPE:UNCONFIRMED
1731959488s658:value of rxport: 200
1731959488s658:MULTICAST CLASS C SETUP 2
###### D/L FRAME:0001 | PORT:200 | DR:1 | SLOT:1 | RSSI:-5 | SNR:7
1731959488s668:MAC Tx start packet size: 15
1731959488s672:TX on freq 867900000 Hz at DR 1
1731959488s673:RADIO SEND WITH size 15
ID          : 0
McAddr      : 4F21C989
McKey       : 26-E4-B5-33-8F-EA-18-0D-9F-53-5D-C8-57-5E-8B-BB
McFCountMin : 0
McFCountMax : 4294967295
SessionTime : 0
SessionTimeT: 1 s
Rx Freq     : 0
Rx DR       : DR_0
1731959489s334:NOTIFY
1731959489s334:MAC txDone
1731959490s342:RX_1 on freq 867900000 Hz at DR 1
1731959491s171:MAC rxNotify
1731959491s171:NOTIFY
1731959491s171:MAC rxDone

###### ========== MCPS-Confirm =============
###### U/L FRAME:0013 | PORT:200 | DR:1 | PWR:1 | MSG TYPE:UNCONFIRMED
1731959491s173:value of rxport: 201
###### D/L FRAME:0002 | PORT:201 | DR:1 | SLOT:1 | RSSI:-5 | SNR:7
1731959491s174:#####################FRAGDECODER INIT
1731959495s056:MAC Tx start packet size: 15
1731959495s060:TX on freq 868100000 Hz at DR 1
1731959495s060:RADIO SEND WITH size 15
1731959495s721:NOTIFY
1731959495s721:MAC txDone
1731959496s729:RX_1 on freq 868100000 Hz at DR 1
1731959497s559:MAC rxNotify
1731959497s559:NOTIFY
1731959497s559:MAC rxDone

###### ========== MCPS-Confirm =============
###### U/L FRAME:0014 | PORT:201 | DR:1 | PWR:1 | MSG TYPE:UNCONFIRMED
1731959497s561:value of rxport: 200
1731959497s562:MULTICAST CLASS C SETUP 4
###### D/L FRAME:0003 | PORT:200 | DR:1 | SLOT:1 | RSSI:-5 | SNR:7
Time2SessionStart: 298000 ms
1731959497s562:MAC Tx start packet size: 18
1731959497s566:TX on freq 867300000 Hz at DR 1
1731959497s567:RADIO SEND WITH size 18
ID          : 0
McAddr      : 4F21C989
McKey       : 26-E4-B5-33-8F-EA-18-0D-9F-53-5D-C8-57-5E-8B-BB
McFCountMin : 0
McFCountMax : 4294967295
SessionTime : 1731959795
SessionTimeT: 4096 s
Rx Freq     : 869525000
Rx DR       : DR_1
1731959498s227:NOTIFY
1731959498s228:MAC txDone
1731959499s235:RX_1 on freq 867300000 Hz at DR 1
1731959499s334:IRQ_RX_TX_TIMEOUT
1731959499s335:NOTIFY
1731959499s335:MAC rxTimeOut
1731959500s258:RX_2 on freq 869525000 Hz at DR 0
1731959500s456:IRQ_RX_TX_TIMEOUT
1731959500s456:NOTIFY
1731959500s456:MAC rxTimeOut

###### ========== MCPS-Confirm =============
###### U/L FRAME:0015 | PORT:200 | DR:1 | PWR:1 | MSG TYPE:UNCONFIRMED
1731959795s562:[SWITCHCLASS class C]
1731959795s576:RX_C on freq 869525000 Hz at DR 1
1731959795s578:#############OPENED CONTINUOUS RX C WINDOW
Switch to Class C done
1731959799s287:MAC rxNotify
1731959799s287:NOTIFY
1731959799s287:MAC rxDone
1731959799s290:RXSLOT
1731959799s290:value of rxport: 201
###### D/L FRAME:0000 | PORT:201 | DR:1 | SLOT:C_MC | RSSI:-2 | SNR:8
1731959799s290:#####################FRAGDECODER PROCESS

.... FRAG_DECODER in Progress ....
EXPECTED   : 052 Fragments (02028 Bytes)
RECEIVED   : 001 Fragments
             00039 Bytes
LOST       : 000 Fragments

1731959799s295:RX_C on freq 869525000 Hz at DR 1
1731959799s296:#############OPENED CONTINUOUS RX C WINDOW
1731959810s325:MAC rxNotify
1731959810s325:NOTIFY
1731959810s325:MAC rxDone
1731959810s328:RXSLOT
1731959810s328:value of rxport: 201
###### D/L FRAME:0001 | PORT:201 | DR:1 | SLOT:C_MC | RSSI:-2 | SNR:7
1731959810s328:#####################FRAGDECODER PROCESS

.... FRAG_DECODER in Progress ....
EXPECTED   : 052 Fragments (02028 Bytes)
RECEIVED   : 002 Fragments
             00078 Bytes
LOST       : 000 Fragments

1731959810s333:RX_C on freq 869525000 Hz at DR 1
1731959810s334:#############OPENED CONTINUOUS RX C WINDOW
1731959821s361:MAC rxNotify
1731959821s361:NOTIFY
1731959821s361:MAC rxDone
1731959821s364:RXSLOT
1731959821s364:value of rxport: 201
###### D/L FRAME:0002 | PORT:201 | DR:1 | SLOT:C_MC | RSSI:-2 | SNR:8
1731959821s364:#####################FRAGDECODER PROCESS

.... FRAG_DECODER in Progress ....
EXPECTED   : 052 Fragments (02028 Bytes)
RECEIVED   : 003 Fragments
             00117 Bytes
LOST       : 000 Fragments

1731959821s369:RX_C on freq 869525000 Hz at DR 1
1731959821s370:#############OPENED CONTINUOUS RX C WINDOW
1731959832s398:MAC rxNotify
1731959832s398:NOTIFY
1731959832s398:MAC rxDone
1731959832s401:RXSLOT
1731959832s401:value of rxport: 201
###### D/L FRAME:0003 | PORT:201 | DR:1 | SLOT:C_MC | RSSI:-2 | SNR:8
1731959832s401:#####################FRAGDECODER PROCESS

.... FRAG_DECODER in Progress ....
EXPECTED   : 052 Fragments (02028 Bytes)
RECEIVED   : 004 Fragments
             00156 Bytes
LOST       : 000 Fragments

1731959832s405:RX_C on freq 869525000 Hz at DR 1
1731959832s406:#############OPENED CONTINUOUS RX C WINDOW
1731959843s432:MAC rxNotify
1731959843s432:NOTIFY
1731959843s432:MAC rxDone
1731959843s435:RXSLOT
1731959843s435:value of rxport: 201
###### D/L FRAME:0004 | PORT:201 | DR:1 | SLOT:C_MC | RSSI:-2 | SNR:8
1731959843s435:#####################FRAGDECODER PROCESS

.... FRAG_DECODER in Progress ....
EXPECTED   : 052 Fragments (02028 Bytes)
RECEIVED   : 005 Fragments
             00195 Bytes
LOST       : 000 Fragments

1731959843s440:RX_C on freq 869525000 Hz at DR 1
1731959843s441:#############OPENED CONTINUOUS RX C WINDOW
1731959854s467:MAC rxNotify
1731959854s467:NOTIFY
1731959854s467:MAC rxDone
1731959854s470:RXSLOT
1731959854s470:value of rxport: 201
###### D/L FRAME:0005 | PORT:201 | DR:1 | SLOT:C_MC | RSSI:-2 | SNR:8
1731959854s470:#####################FRAGDECODER PROCESS

.... FRAG_DECODER in Progress ....
EXPECTED   : 052 Fragments (02028 Bytes)
RECEIVED   : 006 Fragments
             00234 Bytes
LOST       : 000 Fragments

1731959854s475:RX_C on freq 869525000 Hz at DR 1
1731959854s476:#############OPENED CONTINUOUS RX C WINDOW
1731959865s503:MAC rxNotify
1731959865s503:NOTIFY
1731959865s503:MAC rxDone
1731959865s506:RXSLOT
1731959865s506:value of rxport: 201
###### D/L FRAME:0006 | PORT:201 | DR:1 | SLOT:C_MC | RSSI:-3 | SNR:8
1731959865s506:#####################FRAGDECODER PROCESS

.... FRAG_DECODER in Progress ....
EXPECTED   : 052 Fragments (02028 Bytes)
RECEIVED   : 007 Fragments
             00273 Bytes
LOST       : 000 Fragments

1731959865s511:RX_C on freq 869525000 Hz at DR 1
1731959865s512:#############OPENED CONTINUOUS RX C WINDOW
1731959876s530:MAC rxNotify
1731959876s530:NOTIFY
1731959876s530:MAC rxDone
1731959876s533:RXSLOT
1731959876s533:value of rxport: 201
###### D/L FRAME:0007 | PORT:201 | DR:1 | SLOT:C_MC | RSSI:-2 | SNR:8
1731959876s533:#####################FRAGDECODER PROCESS

.... FRAG_DECODER in Progress ....
EXPECTED   : 052 Fragments (02028 Bytes)
RECEIVED   : 008 Fragments
             00312 Bytes
LOST       : 000 Fragments

1731959876s538:RX_C on freq 869525000 Hz at DR 1
1731959876s539:#############OPENED CONTINUOUS RX C WINDOW
1731959887s568:MAC rxNotify
1731959887s568:NOTIFY
1731959887s568:MAC rxDone
1731959887s571:RXSLOT
1731959887s571:value of rxport: 201
###### D/L FRAME:0008 | PORT:201 | DR:1 | SLOT:C_MC | RSSI:-2 | SNR:8
1731959887s571:#####################FRAGDECODER PROCESS

.... FRAG_DECODER in Progress ....
EXPECTED   : 052 Fragments (02028 Bytes)
RECEIVED   : 009 Fragments
             00351 Bytes
LOST       : 000 Fragments

1731959887s576:RX_C on freq 869525000 Hz at DR 1
1731959887s577:#############OPENED CONTINUOUS RX C WINDOW
1731959898s611:MAC rxNotify
1731959898s611:NOTIFY
1731959898s611:MAC rxDone
1731959898s614:RXSLOT
1731959898s614:value of rxport: 201
###### D/L FRAME:0009 | PORT:201 | DR:1 | SLOT:C_MC | RSSI:-2 | SNR:8
1731959898s614:#####################FRAGDECODER PROCESS

.... FRAG_DECODER in Progress ....
EXPECTED   : 052 Fragments (02028 Bytes)
RECEIVED   : 010 Fragments
             00390 Bytes
LOST       : 000 Fragments

1731959898s619:RX_C on freq 869525000 Hz at DR 1
1731959898s620:#############OPENED CONTINUOUS RX C WINDOW
1731959909s642:MAC rxNotify
1731959909s642:NOTIFY
1731959909s642:MAC rxDone
1731959909s645:RXSLOT
1731959909s645:value of rxport: 201
###### D/L FRAME:0010 | PORT:201 | DR:1 | SLOT:C_MC | RSSI:-2 | SNR:8
1731959909s645:#####################FRAGDECODER PROCESS

.... FRAG_DECODER in Progress ....
EXPECTED   : 052 Fragments (02028 Bytes)
RECEIVED   : 011 Fragments
             00429 Bytes
LOST       : 000 Fragments

1731959909s650:RX_C on freq 869525000 Hz at DR 1
1731959909s651:#############OPENED CONTINUOUS RX C WINDOW
1731959920s675:MAC rxNotify
1731959920s675:NOTIFY
1731959920s675:MAC rxDone
1731959920s679:RXSLOT
1731959920s679:value of rxport: 201
###### D/L FRAME:0011 | PORT:201 | DR:1 | SLOT:C_MC | RSSI:-2 | SNR:8
1731959920s679:#####################FRAGDECODER PROCESS

.... FRAG_DECODER in Progress ....
EXPECTED   : 052 Fragments (02028 Bytes)
RECEIVED   : 012 Fragments
             00468 Bytes
LOST       : 000 Fragments

1731959920s684:RX_C on freq 869525000 Hz at DR 1
1731959920s685:#############OPENED CONTINUOUS RX C WINDOW
1731959931s709:MAC rxNotify
1731959931s709:NOTIFY
1731959931s709:MAC rxDone
1731959931s712:RXSLOT
1731959931s712:value of rxport: 201
###### D/L FRAME:0012 | PORT:201 | DR:1 | SLOT:C_MC | RSSI:-2 | SNR:8
1731959931s712:#####################FRAGDECODER PROCESS

.... FRAG_DECODER in Progress ....
EXPECTED   : 052 Fragments (02028 Bytes)
RECEIVED   : 013 Fragments
             00507 Bytes
LOST       : 000 Fragments

1731959931s717:RX_C on freq 869525000 Hz at DR 1
1731959931s718:#############OPENED CONTINUOUS RX C WINDOW
1731959942s738:MAC rxNotify
1731959942s738:NOTIFY
1731959942s738:MAC rxDone
1731959942s741:RXSLOT
1731959942s741:value of rxport: 201
###### D/L FRAME:0013 | PORT:201 | DR:1 | SLOT:C_MC | RSSI:-2 | SNR:8
1731959942s741:#####################FRAGDECODER PROCESS

.... FRAG_DECODER in Progress ....
EXPECTED   : 052 Fragments (02028 Bytes)
RECEIVED   : 014 Fragments
             00546 Bytes
LOST       : 000 Fragments

1731959942s746:RX_C on freq 869525000 Hz at DR 1
1731959942s747:#############OPENED CONTINUOUS RX C WINDOW
1731959953s787:MAC rxNotify
1731959953s787:NOTIFY
1731959953s787:MAC rxDone
1731959953s790:RXSLOT
1731959953s790:value of rxport: 201
###### D/L FRAME:0014 | PORT:201 | DR:1 | SLOT:C_MC | RSSI:-2 | SNR:8
1731959953s790:#####################FRAGDECODER PROCESS

.... FRAG_DECODER in Progress ....
EXPECTED   : 052 Fragments (02028 Bytes)
RECEIVED   : 015 Fragments
             00585 Bytes
LOST       : 000 Fragments

1731959953s795:RX_C on freq 869525000 Hz at DR 1
1731959953s796:#############OPENED CONTINUOUS RX C WINDOW
1731959965s818:MAC rxNotify
1731959965s818:NOTIFY
1731959965s819:MAC rxDone
1731959965s822:RXSLOT
1731959965s822:value of rxport: 201
###### D/L FRAME:0015 | PORT:201 | DR:1 | SLOT:C_MC | RSSI:-2 | SNR:8
1731959965s822:#####################FRAGDECODER PROCESS

.... FRAG_DECODER in Progress ....
EXPECTED   : 052 Fragments (02028 Bytes)
RECEIVED   : 016 Fragments
             00624 Bytes
LOST       : 000 Fragments

1731959965s827:RX_C on freq 869525000 Hz at DR 1
1731959965s828:#############OPENED CONTINUOUS RX C WINDOW
1731959976s844:MAC rxNotify
1731959976s844:NOTIFY
1731959976s844:MAC rxDone
1731959976s847:RXSLOT
1731959976s847:value of rxport: 201
###### D/L FRAME:0016 | PORT:201 | DR:1 | SLOT:C_MC | RSSI:-2 | SNR:8
1731959976s847:#####################FRAGDECODER PROCESS

.... FRAG_DECODER in Progress ....
EXPECTED   : 052 Fragments (02028 Bytes)
RECEIVED   : 017 Fragments
             00663 Bytes
LOST       : 000 Fragments

1731959976s852:RX_C on freq 869525000 Hz at DR 1
1731959976s853:#############OPENED CONTINUOUS RX C WINDOW
1731959987s883:MAC rxNotify
1731959987s883:NOTIFY
1731959987s883:MAC rxDone
1731959987s886:RXSLOT
1731959987s886:value of rxport: 201
###### D/L FRAME:0017 | PORT:201 | DR:1 | SLOT:C_MC | RSSI:-2 | SNR:8
1731959987s886:#####################FRAGDECODER PROCESS

.... FRAG_DECODER in Progress ....
EXPECTED   : 052 Fragments (02028 Bytes)
RECEIVED   : 018 Fragments
             00702 Bytes
LOST       : 000 Fragments

1731959987s891:RX_C on freq 869525000 Hz at DR 1
1731959987s892:#############OPENED CONTINUOUS RX C WINDOW
1731959998s911:MAC rxNotify
1731959998s911:NOTIFY
1731959998s912:MAC rxDone
1731959998s915:RXSLOT
1731959998s915:value of rxport: 201
###### D/L FRAME:0018 | PORT:201 | DR:1 | SLOT:C_MC | RSSI:-2 | SNR:8
1731959998s915:#####################FRAGDECODER PROCESS

.... FRAG_DECODER in Progress ....
EXPECTED   : 052 Fragments (02028 Bytes)
RECEIVED   : 019 Fragments
             00741 Bytes
LOST       : 000 Fragments

1731959998s920:RX_C on freq 869525000 Hz at DR 1
1731959998s921:#############OPENED CONTINUOUS RX C WINDOW
1731960009s945:MAC rxNotify
1731960009s945:NOTIFY
1731960009s945:MAC rxDone
1731960009s948:RXSLOT
1731960009s948:value of rxport: 201
###### D/L FRAME:0019 | PORT:201 | DR:1 | SLOT:C_MC | RSSI:-2 | SNR:8
1731960009s948:#####################FRAGDECODER PROCESS

.... FRAG_DECODER in Progress ....
EXPECTED   : 052 Fragments (02028 Bytes)
RECEIVED   : 020 Fragments
             00780 Bytes
LOST       : 000 Fragments

1731960009s953:RX_C on freq 869525000 Hz at DR 1
1731960009s954:#############OPENED CONTINUOUS RX C WINDOW
1731960020s985:MAC rxNotify
1731960020s985:NOTIFY
1731960020s985:MAC rxDone
1731960020s987:RXSLOT
1731960020s987:value of rxport: 201
###### D/L FRAME:0020 | PORT:201 | DR:1 | SLOT:C_MC | RSSI:-2 | SNR:8
1731960020s987:#####################FRAGDECODER PROCESS

.... FRAG_DECODER in Progress ....
EXPECTED   : 052 Fragments (02028 Bytes)
RECEIVED   : 021 Fragments
             00819 Bytes
LOST       : 000 Fragments

1731960020s992:RX_C on freq 869525000 Hz at DR 1
1731960020s993:#############OPENED CONTINUOUS RX C WINDOW
1731960032s027:MAC rxNotify
1731960032s027:NOTIFY
1731960032s027:MAC rxDone
1731960032s030:RXSLOT
1731960032s030:value of rxport: 201
###### D/L FRAME:0021 | PORT:201 | DR:1 | SLOT:C_MC | RSSI:-2 | SNR:8
1731960032s030:#####################FRAGDECODER PROCESS

.... FRAG_DECODER in Progress ....
EXPECTED   : 052 Fragments (02028 Bytes)
RECEIVED   : 022 Fragments
             00858 Bytes
LOST       : 000 Fragments

1731960032s035:RX_C on freq 869525000 Hz at DR 1
1731960032s036:#############OPENED CONTINUOUS RX C WINDOW
1731960043s061:MAC rxNotify
1731960043s061:NOTIFY
1731960043s061:MAC rxDone
1731960043s064:RXSLOT
1731960043s064:value of rxport: 201
###### D/L FRAME:0022 | PORT:201 | DR:1 | SLOT:C_MC | RSSI:-2 | SNR:8
1731960043s064:#####################FRAGDECODER PROCESS

.... FRAG_DECODER in Progress ....
EXPECTED   : 052 Fragments (02028 Bytes)
RECEIVED   : 023 Fragments
             00897 Bytes
LOST       : 000 Fragments

1731960043s068:RX_C on freq 869525000 Hz at DR 1
1731960043s069:#############OPENED CONTINUOUS RX C WINDOW
1731960054s105:MAC rxNotify
1731960054s105:NOTIFY
1731960054s105:MAC rxDone
1731960054s108:RXSLOT
1731960054s108:value of rxport: 201
###### D/L FRAME:0023 | PORT:201 | DR:1 | SLOT:C_MC | RSSI:-2 | SNR:8
1731960054s108:#####################FRAGDECODER PROCESS

.... FRAG_DECODER in Progress ....
EXPECTED   : 052 Fragments (02028 Bytes)
RECEIVED   : 024 Fragments
             00936 Bytes
LOST       : 000 Fragments

1731960054s112:RX_C on freq 869525000 Hz at DR 1
1731960054s113:#############OPENED CONTINUOUS RX C WINDOW
1731960065s142:MAC rxNotify
1731960065s142:NOTIFY
1731960065s142:MAC rxDone
1731960065s145:RXSLOT
1731960065s145:value of rxport: 201
###### D/L FRAME:0024 | PORT:201 | DR:1 | SLOT:C_MC | RSSI:-2 | SNR:7
1731960065s145:#####################FRAGDECODER PROCESS

.... FRAG_DECODER in Progress ....
EXPECTED   : 052 Fragments (02028 Bytes)
RECEIVED   : 025 Fragments
             00975 Bytes
LOST       : 000 Fragments

1731960065s150:RX_C on freq 869525000 Hz at DR 1
1731960065s151:#############OPENED CONTINUOUS RX C WINDOW
1731960076s163:MAC rxNotify
1731960076s163:NOTIFY
1731960076s163:MAC rxDone
1731960076s166:RXSLOT
1731960076s166:value of rxport: 201
###### D/L FRAME:0025 | PORT:201 | DR:1 | SLOT:C_MC | RSSI:-2 | SNR:7
1731960076s166:#####################FRAGDECODER PROCESS

.... FRAG_DECODER in Progress ....
EXPECTED   : 052 Fragments (02028 Bytes)
RECEIVED   : 026 Fragments
             01014 Bytes
LOST       : 000 Fragments

1731960076s171:RX_C on freq 869525000 Hz at DR 1
1731960076s172:#############OPENED CONTINUOUS RX C WINDOW
1731960087s203:MAC rxNotify
1731960087s203:NOTIFY
1731960087s203:MAC rxDone
1731960087s206:RXSLOT
1731960087s206:value of rxport: 201
###### D/L FRAME:0026 | PORT:201 | DR:1 | SLOT:C_MC | RSSI:-2 | SNR:8
1731960087s206:#####################FRAGDECODER PROCESS

.... FRAG_DECODER in Progress ....
EXPECTED   : 052 Fragments (02028 Bytes)
RECEIVED   : 027 Fragments
             01053 Bytes
LOST       : 000 Fragments

1731960087s211:RX_C on freq 869525000 Hz at DR 1
1731960087s212:#############OPENED CONTINUOUS RX C WINDOW
1731960098s242:MAC rxNotify
1731960098s242:NOTIFY
1731960098s242:MAC rxDone
1731960098s245:RXSLOT
1731960098s245:value of rxport: 201
###### D/L FRAME:0027 | PORT:201 | DR:1 | SLOT:C_MC | RSSI:-2 | SNR:7
1731960098s245:#####################FRAGDECODER PROCESS

.... FRAG_DECODER in Progress ....
EXPECTED   : 052 Fragments (02028 Bytes)
RECEIVED   : 028 Fragments
             01092 Bytes
LOST       : 000 Fragments

1731960098s250:RX_C on freq 869525000 Hz at DR 1
1731960098s251:#############OPENED CONTINUOUS RX C WINDOW
1731960109s278:MAC rxNotify
1731960109s278:NOTIFY
1731960109s278:MAC rxDone
1731960109s281:RXSLOT
1731960109s281:value of rxport: 201
###### D/L FRAME:0028 | PORT:201 | DR:1 | SLOT:C_MC | RSSI:-2 | SNR:8
1731960109s281:#####################FRAGDECODER PROCESS

.... FRAG_DECODER in Progress ....
EXPECTED   : 052 Fragments (02028 Bytes)
RECEIVED   : 029 Fragments
             01131 Bytes
LOST       : 000 Fragments

1731960109s286:RX_C on freq 869525000 Hz at DR 1
1731960109s287:#############OPENED CONTINUOUS RX C WINDOW
1731960120s316:MAC rxNotify
1731960120s316:NOTIFY
1731960120s316:MAC rxDone
1731960120s318:RXSLOT
1731960120s318:value of rxport: 201
###### D/L FRAME:0029 | PORT:201 | DR:1 | SLOT:C_MC | RSSI:-2 | SNR:8
1731960120s318:#####################FRAGDECODER PROCESS

.... FRAG_DECODER in Progress ....
EXPECTED   : 052 Fragments (02028 Bytes)
RECEIVED   : 030 Fragments
             01170 Bytes
LOST       : 000 Fragments

1731960120s323:RX_C on freq 869525000 Hz at DR 1
1731960120s324:#############OPENED CONTINUOUS RX C WINDOW
1731960131s353:MAC rxNotify
1731960131s353:NOTIFY
1731960131s353:MAC rxDone
1731960131s356:RXSLOT
1731960131s356:value of rxport: 201
###### D/L FRAME:0030 | PORT:201 | DR:1 | SLOT:C_MC | RSSI:-3 | SNR:8
1731960131s356:#####################FRAGDECODER PROCESS

.... FRAG_DECODER in Progress ....
EXPECTED   : 052 Fragments (02028 Bytes)
RECEIVED   : 031 Fragments
             01209 Bytes
LOST       : 000 Fragments

1731960131s360:RX_C on freq 869525000 Hz at DR 1
1731960131s361:#############OPENED CONTINUOUS RX C WINDOW
1731960142s388:MAC rxNotify
1731960142s388:NOTIFY
1731960142s388:MAC rxDone
1731960142s391:RXSLOT
1731960142s391:value of rxport: 201
###### D/L FRAME:0031 | PORT:201 | DR:1 | SLOT:C_MC | RSSI:-2 | SNR:8
1731960142s391:#####################FRAGDECODER PROCESS

.... FRAG_DECODER in Progress ....
EXPECTED   : 052 Fragments (02028 Bytes)
RECEIVED   : 032 Fragments
             01248 Bytes
LOST       : 000 Fragments

1731960142s396:RX_C on freq 869525000 Hz at DR 1
1731960142s397:#############OPENED CONTINUOUS RX C WINDOW
1731960154s430:MAC rxNotify
1731960154s430:NOTIFY
1731960154s430:MAC rxDone
1731960154s433:RXSLOT
1731960154s433:value of rxport: 201
###### D/L FRAME:0032 | PORT:201 | DR:1 | SLOT:C_MC | RSSI:-2 | SNR:8
1731960154s433:#####################FRAGDECODER PROCESS

.... FRAG_DECODER in Progress ....
EXPECTED   : 052 Fragments (02028 Bytes)
RECEIVED   : 033 Fragments
             01287 Bytes
LOST       : 000 Fragments

1731960154s438:RX_C on freq 869525000 Hz at DR 1
1731960154s439:#############OPENED CONTINUOUS RX C WINDOW
1731960165s471:MAC rxNotify
1731960165s471:NOTIFY
1731960165s471:MAC rxDone
1731960165s474:RXSLOT
1731960165s474:value of rxport: 201
###### D/L FRAME:0033 | PORT:201 | DR:1 | SLOT:C_MC | RSSI:-2 | SNR:8
1731960165s474:#####################FRAGDECODER PROCESS

.... FRAG_DECODER in Progress ....
EXPECTED   : 052 Fragments (02028 Bytes)
RECEIVED   : 034 Fragments
             01326 Bytes
LOST       : 000 Fragments

1731960165s479:RX_C on freq 869525000 Hz at DR 1
1731960165s480:#############OPENED CONTINUOUS RX C WINDOW
1731960176s517:MAC rxNotify
1731960176s517:NOTIFY
1731960176s517:MAC rxDone
1731960176s520:RXSLOT
1731960176s520:value of rxport: 201
###### D/L FRAME:0034 | PORT:201 | DR:1 | SLOT:C_MC | RSSI:-2 | SNR:8
1731960176s520:#####################FRAGDECODER PROCESS

.... FRAG_DECODER in Progress ....
EXPECTED   : 052 Fragments (02028 Bytes)
RECEIVED   : 035 Fragments
             01365 Bytes
LOST       : 000 Fragments

1731960176s525:RX_C on freq 869525000 Hz at DR 1
1731960176s526:#############OPENED CONTINUOUS RX C WINDOW
1731960187s547:MAC rxNotify
1731960187s547:NOTIFY
1731960187s547:MAC rxDone
1731960187s550:RXSLOT
1731960187s550:value of rxport: 201
###### D/L FRAME:0035 | PORT:201 | DR:1 | SLOT:C_MC | RSSI:-2 | SNR:7
1731960187s550:#####################FRAGDECODER PROCESS

.... FRAG_DECODER in Progress ....
EXPECTED   : 052 Fragments (02028 Bytes)
RECEIVED   : 036 Fragments
             01404 Bytes
LOST       : 000 Fragments

1731960187s555:RX_C on freq 869525000 Hz at DR 1
1731960187s556:#############OPENED CONTINUOUS RX C WINDOW
1731960198s576:MAC rxNotify
1731960198s576:NOTIFY
1731960198s576:MAC rxDone
1731960198s579:RXSLOT
1731960198s579:value of rxport: 201
###### D/L FRAME:0036 | PORT:201 | DR:1 | SLOT:C_MC | RSSI:-2 | SNR:8
1731960198s579:#####################FRAGDECODER PROCESS

.... FRAG_DECODER in Progress ....
EXPECTED   : 052 Fragments (02028 Bytes)
RECEIVED   : 037 Fragments
             01443 Bytes
LOST       : 000 Fragments

1731960198s584:RX_C on freq 869525000 Hz at DR 1
1731960198s585:#############OPENED CONTINUOUS RX C WINDOW
1731960209s611:MAC rxNotify
1731960209s611:NOTIFY
1731960209s611:MAC rxDone
1731960209s614:RXSLOT
1731960209s614:value of rxport: 201
###### D/L FRAME:0037 | PORT:201 | DR:1 | SLOT:C_MC | RSSI:-2 | SNR:8
1731960209s614:#####################FRAGDECODER PROCESS

.... FRAG_DECODER in Progress ....
EXPECTED   : 052 Fragments (02028 Bytes)
RECEIVED   : 038 Fragments
             01482 Bytes
LOST       : 000 Fragments

1731960209s619:RX_C on freq 869525000 Hz at DR 1
1731960209s620:#############OPENED CONTINUOUS RX C WINDOW
1731960220s648:MAC rxNotify
1731960220s648:NOTIFY
1731960220s648:MAC rxDone
1731960220s651:RXSLOT
1731960220s651:value of rxport: 201
###### D/L FRAME:0038 | PORT:201 | DR:1 | SLOT:C_MC | RSSI:-2 | SNR:8
1731960220s651:#####################FRAGDECODER PROCESS

.... FRAG_DECODER in Progress ....
EXPECTED   : 052 Fragments (02028 Bytes)
RECEIVED   : 039 Fragments
             01521 Bytes
LOST       : 000 Fragments

1731960220s655:RX_C on freq 869525000 Hz at DR 1
1731960220s656:#############OPENED CONTINUOUS RX C WINDOW
1731960231s687:MAC rxNotify
1731960231s687:NOTIFY
1731960231s687:MAC rxDone
1731960231s691:RXSLOT
1731960231s691:value of rxport: 201
###### D/L FRAME:0039 | PORT:201 | DR:1 | SLOT:C_MC | RSSI:-2 | SNR:7
1731960231s691:#####################FRAGDECODER PROCESS

.... FRAG_DECODER in Progress ....
EXPECTED   : 052 Fragments (02028 Bytes)
RECEIVED   : 040 Fragments
             01560 Bytes
LOST       : 000 Fragments

1731960231s695:RX_C on freq 869525000 Hz at DR 1
1731960231s696:#############OPENED CONTINUOUS RX C WINDOW
1731960242s727:MAC rxNotify
1731960242s727:NOTIFY
1731960242s727:MAC rxDone
1731960242s730:RXSLOT
1731960242s730:value of rxport: 201
###### D/L FRAME:0040 | PORT:201 | DR:1 | SLOT:C_MC | RSSI:-2 | SNR:8
1731960242s730:#####################FRAGDECODER PROCESS

.... FRAG_DECODER in Progress ....
EXPECTED   : 052 Fragments (02028 Bytes)
RECEIVED   : 041 Fragments
             01599 Bytes
LOST       : 000 Fragments

1731960242s735:RX_C on freq 869525000 Hz at DR 1
1731960242s735:#############OPENED CONTINUOUS RX C WINDOW
1731960253s773:MAC rxNotify
1731960253s773:NOTIFY
1731960253s773:MAC rxDone
1731960253s776:RXSLOT
1731960253s776:value of rxport: 201
###### D/L FRAME:0041 | PORT:201 | DR:1 | SLOT:C_MC | RSSI:-2 | SNR:8
1731960253s776:#####################FRAGDECODER PROCESS

.... FRAG_DECODER in Progress ....
EXPECTED   : 052 Fragments (02028 Bytes)
RECEIVED   : 042 Fragments
             01638 Bytes
LOST       : 000 Fragments

1731960253s780:RX_C on freq 869525000 Hz at DR 1
1731960253s781:#############OPENED CONTINUOUS RX C WINDOW
1731960264s806:MAC rxNotify
1731960264s806:NOTIFY
1731960264s806:MAC rxDone
1731960264s809:RXSLOT
1731960264s809:value of rxport: 201
###### D/L FRAME:0042 | PORT:201 | DR:1 | SLOT:C_MC | RSSI:-2 | SNR:8
1731960264s809:#####################FRAGDECODER PROCESS

.... FRAG_DECODER in Progress ....
EXPECTED   : 052 Fragments (02028 Bytes)
RECEIVED   : 043 Fragments
             01677 Bytes
LOST       : 000 Fragments

1731960264s814:RX_C on freq 869525000 Hz at DR 1
1731960264s815:#############OPENED CONTINUOUS RX C WINDOW
1731960275s846:MAC rxNotify
1731960275s846:NOTIFY
1731960275s846:MAC rxDone
1731960275s850:RXSLOT
1731960275s850:value of rxport: 201
###### D/L FRAME:0043 | PORT:201 | DR:1 | SLOT:C_MC | RSSI:-2 | SNR:8
1731960275s850:#####################FRAGDECODER PROCESS

.... FRAG_DECODER in Progress ....
EXPECTED   : 052 Fragments (02028 Bytes)
RECEIVED   : 044 Fragments
             01716 Bytes
LOST       : 000 Fragments

1731960275s855:RX_C on freq 869525000 Hz at DR 1
1731960275s856:#############OPENED CONTINUOUS RX C WINDOW
1731960286s884:MAC rxNotify
1731960286s884:NOTIFY
1731960286s884:MAC rxDone
1731960286s887:RXSLOT
1731960286s887:value of rxport: 201
###### D/L FRAME:0044 | PORT:201 | DR:1 | SLOT:C_MC | RSSI:-2 | SNR:8
1731960286s887:#####################FRAGDECODER PROCESS

.... FRAG_DECODER in Progress ....
EXPECTED   : 052 Fragments (02028 Bytes)
RECEIVED   : 045 Fragments
             01755 Bytes
LOST       : 000 Fragments

1731960286s892:RX_C on freq 869525000 Hz at DR 1
1731960286s893:#############OPENED CONTINUOUS RX C WINDOW
1731960297s918:MAC rxNotify
1731960297s918:NOTIFY
1731960297s918:MAC rxDone
1731960297s921:RXSLOT
1731960297s921:value of rxport: 201
###### D/L FRAME:0045 | PORT:201 | DR:1 | SLOT:C_MC | RSSI:-2 | SNR:8
1731960297s921:#####################FRAGDECODER PROCESS

.... FRAG_DECODER in Progress ....
EXPECTED   : 052 Fragments (02028 Bytes)
RECEIVED   : 046 Fragments
             01794 Bytes
LOST       : 000 Fragments

1731960297s926:RX_C on freq 869525000 Hz at DR 1
1731960297s927:#############OPENED CONTINUOUS RX C WINDOW
1731960308s953:MAC rxNotify
1731960308s954:NOTIFY
1731960308s954:MAC rxDone
1731960308s957:RXSLOT
1731960308s957:value of rxport: 201
###### D/L FRAME:0046 | PORT:201 | DR:1 | SLOT:C_MC | RSSI:-2 | SNR:7
1731960308s957:#####################FRAGDECODER PROCESS

.... FRAG_DECODER in Progress ....
EXPECTED   : 052 Fragments (02028 Bytes)
RECEIVED   : 047 Fragments
             01833 Bytes
LOST       : 000 Fragments

1731960308s962:RX_C on freq 869525000 Hz at DR 1
1731960308s963:#############OPENED CONTINUOUS RX C WINDOW
1731960319s988:MAC rxNotify
1731960319s988:NOTIFY
1731960319s988:MAC rxDone
1731960319s991:RXSLOT
1731960319s991:value of rxport: 201
###### D/L FRAME:0047 | PORT:201 | DR:1 | SLOT:C_MC | RSSI:-2 | SNR:8
1731960319s991:#####################FRAGDECODER PROCESS

.... FRAG_DECODER in Progress ....
EXPECTED   : 052 Fragments (02028 Bytes)
RECEIVED   : 048 Fragments
             01872 Bytes
LOST       : 000 Fragments

1731960319s996:RX_C on freq 869525000 Hz at DR 1
1731960319s997:#############OPENED CONTINUOUS RX C WINDOW
1731960331s027:MAC rxNotify
1731960331s027:NOTIFY
1731960331s027:MAC rxDone
1731960331s029:RXSLOT
1731960331s029:value of rxport: 201
###### D/L FRAME:0048 | PORT:201 | DR:1 | SLOT:C_MC | RSSI:-2 | SNR:8
1731960331s029:#####################FRAGDECODER PROCESS

.... FRAG_DECODER in Progress ....
EXPECTED   : 052 Fragments (02028 Bytes)
RECEIVED   : 049 Fragments
             01911 Bytes
LOST       : 000 Fragments

1731960331s034:RX_C on freq 869525000 Hz at DR 1
1731960331s035:#############OPENED CONTINUOUS RX C WINDOW
1731960343s069:MAC rxNotify
1731960343s069:NOTIFY
1731960343s069:MAC rxDone
1731960343s072:RXSLOT
1731960343s072:value of rxport: 201
###### D/L FRAME:0049 | PORT:201 | DR:1 | SLOT:C_MC | RSSI:-2 | SNR:8
1731960343s072:#####################FRAGDECODER PROCESS

.... FRAG_DECODER in Progress ....
EXPECTED   : 052 Fragments (02028 Bytes)
RECEIVED   : 050 Fragments
             01950 Bytes
LOST       : 000 Fragments

1731960343s077:RX_C on freq 869525000 Hz at DR 1
1731960343s078:#############OPENED CONTINUOUS RX C WINDOW
1731960354s108:MAC rxNotify
1731960354s108:NOTIFY
1731960354s109:MAC rxDone
1731960354s111:RXSLOT
1731960354s111:value of rxport: 201
###### D/L FRAME:0050 | PORT:201 | DR:1 | SLOT:C_MC | RSSI:-2 | SNR:8
1731960354s111:#####################FRAGDECODER PROCESS

.... FRAG_DECODER in Progress ....
EXPECTED   : 052 Fragments (02028 Bytes)
RECEIVED   : 051 Fragments
             01989 Bytes
LOST       : 000 Fragments

1731960354s116:RX_C on freq 869525000 Hz at DR 1
1731960354s117:#############OPENED CONTINUOUS RX C WINDOW
1731960365s154:MAC rxNotify
1731960365s154:NOTIFY
1731960365s154:MAC rxDone
1731960365s158:RXSLOT
1731960365s158:value of rxport: 201
###### D/L FRAME:0051 | PORT:201 | DR:1 | SLOT:C_MC | RSSI:-2 | SNR:8
1731960365s158:#####################FRAGDECODER PROCESS

.... FRAG_DECODER in Progress ....
EXPECTED   : 052 Fragments (02028 Bytes)
RECEIVED   : 052 Fragments
             02028 Bytes
LOST       : 000 Fragments


.... FRAG_DECODER Finished ....
STATUS     : 0
1731960365s159:ALL FRAGMENTS RECEIVED

= [SBOOT] System Security Check successfully passed. Starting...


======================================================================
=              (C) COPYRIGHT 2017 STMicroelectronics                 =
=                                                                    =
=              Secure Boot and Secure Firmware Update                =
======================================================================


= [SBOOT] SECURE ENGINE INITIALIZATION SUCCESSFUL
= [SBOOT] STATE: CHECK STATUS ON RESET
	  INFO: A Reboot has been triggered by a Software reset!
= [SBOOT] STATE: CHECK NEW FIRMWARE TO DOWNLOAD
= [SBOOT] STATE: CHECK KMS BLOB TO INSTALL
= [SBOOT] STATE: CHECK USER FW STATUS
	  A FW is detected in the slot SLOT_ACTIVE_1
= [SBOOT] STATE: VERIFY USER FW SIGNATURE
= [SBOOT] STATE: EXECUTE USER FIRMWAREAPPLICATION_VERSION: V1.3.0
MW_LORAWAN_VERSION:  V2.5.0
MW_RADIO_VERSION:    V1.3.0
L2_SPEC_VERSION:     V1.0.4
RP_SPEC_VERSION:     V2-1.0.1
NVM DATA RESTORED
###### AppKey:      2B:7E:15:16:28:AE:D2:A6:AB:F7:15:88:09:CF:4F:3C
###### NwkKey:      2B:7E:15:16:28:AE:D2:A6:AB:F7:15:88:09:CF:4F:3C
###### AppSKey:     23:FB:B6:FF:C4:06:59:EF:55:02:66:8B:A7:13:86:B0
###### NwkSKey:     A7:21:34:4D:9E:00:B9:60:92:0F:5D:CC:82:A7:F7:06
###### DevEUI:      00:80:E1:15:05:AB:D0:6C
###### AppEUI:      01:01:01:01:01:01:01:01
###### DevAddr:     05:AB:D0:6C
###### KMS ENABLED