
= [SBOO
= [SBOOT] System Security Check successfully passed. Starting...


======================================================================
=              (C) COPYRIGHT 2017 STMicroelectronics                 =
=                                                                    =
=              Secure Boot and Secure Firmware Update                =
======================================================================


= [SBOOT] SECURE ENGINE INITIALIZATION SUCCESSFUL
= [SBOOT] STATE: CHECK STATUS ON RESET
	  INFO: A Reboot has been triggered by a Hardware reset!
= [SBOOT] STATE: CHECK NEW FIRMWARE TO DOWNLOAD
= [SBOOT] STATE: CHECK KMS BLOB TO INSTALL
= [SBOOT] STATE: CHECK USER FW STATUS
	  A FW is detected in the slot SLOT_ACTIVE_1
= [SBOOT] STATE: VERIFY USER FW SIGNATURE
= [SBOOT] STATE: EXECUTE USER FIRMWAREAPPLICATION_VERSION: V1.3.0
MW_LORAWAN_VERSION:  V2.5.0
MW_RADIO_VERSION:    V1.3.0
L2_SPEC_VERSION:     V1.0.4
RP_SPEC_VERSION:     V2-1.0.1
NVM DATA RESTORED
###### AppKey:      2B:7E:15:16:28:AE:D2:A6:AB:F7:15:88:09:CF:4F:3C
###### NwkKey:      2B:7E:15:16:28:AE:D2:A6:AB:F7:15:88:09:CF:4F:3C
###### AppSKey:     B7:55:E3:83:BD:5B:C8:0D:2F:1C:8C:14:08:1C:B9:9D
###### NwkSKey:     3C:74:77:2B:F0:B3:82:41:36:8B:33:3F:A5:6C:54:16
###### DevEUI:      00:80:E1:15:05:AB:D0:6C
###### AppEUI:      01:01:01:01:01:01:01:01
###### DevAddr:     05:AB:D0:6C
###### KMS ENABLED

###### = JOINED = OTAA =====================
[31mNetwork joined, choose app to execute:
BTN1: TxTimer send uplink every 10 sec
BTN2: Airtime test
[0m
###### U/L FRAME:JOIN | DR:4 | PWR:1
###### MCRootKey:   7D:F7:6B:0C:1A:B8:99:B3:3E:42:F0:47:B9:1B:54:6F
###### MCKEKey:     8C:B8:66:5E:0C:0E:0B:64:5B:2E:D9:E4:8A:19:27:7C
###### AppSKey:     2C:D6:D4:FE:5E:18:50:7E:11:89:F6:21:50:BB:E5:96
###### NwkSKey:     47:9D:57:3D:93:A9:47:C1:27:12:2B:20:17:EB:14:70
###### DBIntKey:    7A:C4:7C:65:FE:25:9B:B6:54:BD:26:35:19:F8:9C:8E
###### DevEUI:      00:80:E1:15:05:AB:D0:6C
###### AppEUI:      01:01:01:01:01:01:01:01
###### DevAddr:     00:D6:08:A0
[32mStart tx timer regular[0m
###### ========== MCPS-Confirm =============
###### U/L FRAME:0001 | PORT:24 | DR:4 | PWR:1 | MSG TYPE:UNCONFIRMED
1731926389s755:value of rxport: 0
###### D/L FRAME:0000 | PORT:0 | DR:4 | SLOT:1 | RSSI:-6 | SNR:13
1731926418s545:Airtime test started: 0
1731926418s545:MAC Tx start packet size: 21
1731926418s549:TX on freq 867300000 Hz at DR 4
1731926418s549:RADIO SEND WITH size 21
1731926418s551:SEND REQUEST
1731926418s654:NOTIFY
1731926418s654:MAC txDone
1731926419s636:RX_1 on freq 867300000 Hz at DR 4
1731926419s687:IRQ_RX_TX_TIMEOUT
1731926419s687:NOTIFY
1731926419s687:MAC rxTimeOut
1731926420s685:RX_2 on freq 869525000 Hz at DR 0
1731926420s883:IRQ_RX_TX_TIMEOUT
1731926420s883:NOTIFY
1731926420s883:MAC rxTimeOut

###### ========== MCPS-Confirm =============
###### U/L FRAME:0002 | PORT:24 | DR:4 | PWR:1 | MSG TYPE:UNCONFIRMED
1731926448s551:Airtime test started: 0
1731926448s551:MAC Tx start packet size: 18
1731926448s555:TX on freq 868300000 Hz at DR 4
1731926448s555:RADIO SEND WITH size 18
1731926448s557:SEND REQUEST
1731926448s649:NOTIFY
1731926448s649:MAC txDone
1731926449s632:RX_1 on freq 868300000 Hz at DR 4
1731926449s683:IRQ_RX_TX_TIMEOUT
1731926449s683:NOTIFY
1731926449s683:MAC rxTimeOut
1731926450s681:RX_2 on freq 869525000 Hz at DR 0
1731926450s879:IRQ_RX_TX_TIMEOUT
1731926450s879:NOTIFY
1731926450s879:MAC rxTimeOut

###### ========== MCPS-Confirm =============
###### U/L FRAME:0003 | PORT:24 | DR:4 | PWR:1 | MSG TYPE:UNCONFIRMED
1731926478s557:Airtime test started: 0
1731926478s557:MAC Tx start packet size: 18
1731926478s561:TX on freq 868500000 Hz at DR 4
1731926478s561:RADIO SEND WITH size 18
1731926478s563:SEND REQUEST
1731926478s655:NOTIFY
1731926478s655:MAC txDone
1731926479s638:RX_1 on freq 868500000 Hz at DR 4
1731926479s689:IRQ_RX_TX_TIMEOUT
1731926479s689:NOTIFY
1731926479s689:MAC rxTimeOut
1731926480s687:RX_2 on freq 869525000 Hz at DR 0
1731926480s885:IRQ_RX_TX_TIMEOUT
1731926480s885:NOTIFY
1731926480s885:MAC rxTimeOut

###### ========== MCPS-Confirm =============
###### U/L FRAME:0004 | PORT:24 | DR:4 | PWR:1 | MSG TYPE:UNCONFIRMED
1731926508s563:Airtime test started: 0
1731926508s563:MAC Tx start packet size: 18
1731926508s566:TX on freq 867900000 Hz at DR 4
1731926508s566:RADIO SEND WITH size 18
1731926508s568:SEND REQUEST
1731926508s661:NOTIFY
1731926508s661:MAC txDone
1731926509s644:RX_1 on freq 867900000 Hz at DR 4
1731926509s694:IRQ_RX_TX_TIMEOUT
1731926509s694:NOTIFY
1731926509s694:MAC rxTimeOut
1731926510s692:RX_2 on freq 869525000 Hz at DR 0
1731926510s891:IRQ_RX_TX_TIMEOUT
1731926510s891:NOTIFY
1731926510s891:MAC rxTimeOut

###### ========== MCPS-Confirm =============
###### U/L FRAME:0005 | PORT:24 | DR:4 | PWR:1 | MSG TYPE:UNCONFIRMED
1731926538s568:Airtime test started: 0
1731926538s568:MAC Tx start packet size: 18
1731926538s572:TX on freq 867900000 Hz at DR 4
1731926538s572:RADIO SEND WITH size 18
1731926538s574:SEND REQUEST
1731926538s667:NOTIFY
1731926538s667:MAC txDone
1731926539s649:RX_1 on freq 867900000 Hz at DR 4
1731926539s700:IRQ_RX_TX_TIMEOUT
1731926539s700:NOTIFY
1731926539s700:MAC rxTimeOut
1731926540s698:RX_2 on freq 869525000 Hz at DR 0
1731926540s897:IRQ_RX_TX_TIMEOUT
1731926540s897:NOTIFY
1731926540s897:MAC rxTimeOut

###### ========== MCPS-Confirm =============
###### U/L FRAME:0006 | PORT:24 | DR:4 | PWR:1 | MSG TYPE:UNCONFIRMED
1731926568s574:Airtime test started: 0
1731926568s574:MAC Tx start packet size: 18
1731926568s578:TX on freq 867300000 Hz at DR 4
1731926568s578:RADIO SEND WITH size 18
1731926568s580:SEND REQUEST
1731926568s673:NOTIFY
1731926568s673:MAC txDone
1731926569s655:RX_1 on freq 867300000 Hz at DR 4
1731926569s706:IRQ_RX_TX_TIMEOUT
1731926569s706:NOTIFY
1731926569s706:MAC rxTimeOut
1731926570s704:RX_2 on freq 869525000 Hz at DR 0
1731926570s902:IRQ_RX_TX_TIMEOUT
1731926570s902:NOTIFY
1731926570s902:MAC rxTimeOut

###### ========== MCPS-Confirm =============
###### U/L FRAME:0007 | PORT:24 | DR:4 | PWR:1 | MSG TYPE:UNCONFIRMED
1731926598s580:Airtime test started: 0
1731926598s580:MAC Tx start packet size: 18
1731926598s584:TX on freq 867500000 Hz at DR 4
1731926598s584:RADIO SEND WITH size 18
1731926598s586:SEND REQUEST
1731926598s679:NOTIFY
1731926598s679:MAC txDone
1731926599s661:RX_1 on freq 867500000 Hz at DR 4
1731926599s712:IRQ_RX_TX_TIMEOUT
1731926599s712:NOTIFY
1731926599s712:MAC rxTimeOut
1731926600s710:RX_2 on freq 869525000 Hz at DR 0
1731926600s908:IRQ_RX_TX_TIMEOUT
1731926600s908:NOTIFY
1731926600s908:MAC rxTimeOut

###### ========== MCPS-Confirm =============
###### U/L FRAME:0008 | PORT:24 | DR:4 | PWR:1 | MSG TYPE:UNCONFIRMED
1731926628s586:Airtime test started: 0
1731926628s586:MAC Tx start packet size: 18
1731926628s590:TX on freq 868500000 Hz at DR 4
1731926628s590:RADIO SEND WITH size 18
1731926628s592:SEND REQUEST
1731926628s685:NOTIFY
1731926628s685:MAC txDone
1731926629s667:RX_1 on freq 868500000 Hz at DR 4
1731926629s718:IRQ_RX_TX_TIMEOUT
1731926629s718:NOTIFY
1731926629s718:MAC rxTimeOut
1731926630s716:RX_2 on freq 869525000 Hz at DR 0
1731926630s914:IRQ_RX_TX_TIMEOUT
1731926630s914:NOTIFY
1731926630s914:MAC rxTimeOut

###### ========== MCPS-Confirm =============
###### U/L FRAME:0009 | PORT:24 | DR:4 | PWR:1 | MSG TYPE:UNCONFIRMED
1731926658s592:Airtime test started: 0
1731926658s592:MAC Tx start packet size: 18
1731926658s596:TX on freq 867300000 Hz at DR 4
1731926658s596:RADIO SEND WITH size 18
1731926658s598:SEND REQUEST
1731926658s691:NOTIFY
1731926658s691:MAC txDone
1731926659s674:RX_1 on freq 867300000 Hz at DR 4
1731926659s725:IRQ_RX_TX_TIMEOUT
1731926659s725:NOTIFY
1731926659s725:MAC rxTimeOut
1731926660s723:RX_2 on freq 869525000 Hz at DR 0
1731926660s921:IRQ_RX_TX_TIMEOUT
1731926660s921:NOTIFY
1731926660s921:MAC rxTimeOut

###### ========== MCPS-Confirm =============
###### U/L FRAME:0010 | PORT:24 | DR:4 | PWR:1 | MSG TYPE:UNCONFIRMED
1731926688s598:Airtime test started: 0
1731926688s598:MAC Tx start packet size: 18
1731926688s602:TX on freq 868100000 Hz at DR 4
1731926688s602:RADIO SEND WITH size 18
1731926688s604:SEND REQUEST
1731926688s696:NOTIFY
1731926688s696:MAC txDone
1731926689s679:RX_1 on freq 868100000 Hz at DR 4
1731926689s730:IRQ_RX_TX_TIMEOUT
1731926689s730:NOTIFY
1731926689s730:MAC rxTimeOut
1731926690s728:RX_2 on freq 869525000 Hz at DR 0
1731926690s926:IRQ_RX_TX_TIMEOUT
1731926690s926:NOTIFY
1731926690s926:MAC rxTimeOut

###### ========== MCPS-Confirm =============
###### U/L FRAME:0011 | PORT:24 | DR:4 | PWR:1 | MSG TYPE:UNCONFIRMED
1731926718s604:Airtime test started: 0
1731926718s604:MAC Tx start packet size: 18
1731926718s608:TX on freq 868500000 Hz at DR 4
1731926718s608:RADIO SEND WITH size 18
1731926718s609:SEND REQUEST
1731926718s702:NOTIFY
1731926718s702:MAC txDone
1731926719s685:RX_1 on freq 868500000 Hz at DR 4
1731926719s868:MAC rxNotify
1731926719s868:NOTIFY
1731926719s868:MAC rxDone

###### ========== MCPS-Confirm =============
###### U/L FRAME:0012 | PORT:24 | DR:4 | PWR:1 | MSG TYPE:UNCONFIRMED
1731926719s871:value of rxport: 200
1731926719s871:MULTICAST CLASS C SETUP 2
###### D/L FRAME:0001 | PORT:200 | DR:4 | SLOT:1 | RSSI:-5 | SNR:13
1731926719s881:MAC Tx start packet size: 15
1731926719s885:TX on freq 867700000 Hz at DR 4
1731926719s886:RADIO SEND WITH size 15
ID          : 0
McAddr      : 4AD9D20E
McKey       : 9F-D2-82-9F-44-F0-27-74-CE-13-BD-87-47-9A-94-3C
McFCountMin : 0
McFCountMax : 4294967295
SessionTime : 0
SessionTimeT: 1 s
Rx Freq     : 0
Rx DR       : DR_0
1731926719s980:NOTIFY
1731926719s980:MAC txDone
1731926720s962:RX_1 on freq 867700000 Hz at DR 4
1731926721s095:MAC rxNotify
1731926721s095:NOTIFY
1731926721s095:MAC rxDone

###### ========== MCPS-Confirm =============
###### U/L FRAME:0013 | PORT:200 | DR:4 | PWR:1 | MSG TYPE:UNCONFIRMED
1731926721s097:value of rxport: 201
###### D/L FRAME:0002 | PORT:201 | DR:4 | SLOT:1 | RSSI:-5 | SNR:13
1731926721s098:#####################FRAGDECODER INIT
1731926724s980:MAC Tx start packet size: 15
1731926724s983:TX on freq 867900000 Hz at DR 4
1731926724s983:RADIO SEND WITH size 15
1731926725s078:NOTIFY
1731926725s078:MAC txDone
1731926726s061:RX_1 on freq 867900000 Hz at DR 4
1731926726s192:MAC rxNotify
1731926726s192:NOTIFY
1731926726s192:MAC rxDone

###### ========== MCPS-Confirm =============
###### U/L FRAME:0014 | PORT:201 | DR:4 | PWR:1 | MSG TYPE:UNCONFIRMED
1731926726s195:value of rxport: 200
1731926726s196:MULTICAST CLASS C SETUP 4
###### D/L FRAME:0003 | PORT:200 | DR:4 | SLOT:1 | RSSI:-5 | SNR:14
Time2SessionStart: 292000 ms
1731926726s196:MAC Tx start packet size: 18
1731926726s200:TX on freq 867300000 Hz at DR 4
1731926726s201:RADIO SEND WITH size 18
ID          : 0
McAddr      : 4AD9D20E
McKey       : 9F-D2-82-9F-44-F0-27-74-CE-13-BD-87-47-9A-94-3C
McFCountMin : 0
McFCountMax : 4294967295
SessionTime : 1731927018
SessionTimeT: 4096 s
Rx Freq     : 869525000
Rx DR       : DR_4
1731926726s295:NOTIFY
1731926726s295:MAC txDone
1731926727s277:RX_1 on freq 867300000 Hz at DR 4
1731926727s328:IRQ_RX_TX_TIMEOUT
1731926727s328:NOTIFY
1731926727s328:MAC rxTimeOut
1731926728s326:RX_2 on freq 869525000 Hz at DR 0
1731926728s524:IRQ_RX_TX_TIMEOUT
1731926728s524:NOTIFY
1731926728s524:MAC rxTimeOut

###### ========== MCPS-Confirm =============
###### U/L FRAME:0015 | PORT:200 | DR:4 | PWR:1 | MSG TYPE:UNCONFIRMED
1731927018s196:[SWITCHCLASS class C]
1731927018s211:RX_C on freq 869525000 Hz at DR 4
1731927018s213:#############OPENED CONTINUOUS RX C WINDOW
Switch to Class C done
1731927027s473:MAC rxNotify
1731927027s473:NOTIFY
1731927027s473:MAC rxDone
1731927027s480:RXSLOT
1731927027s481:value of rxport: 201
###### D/L FRAME:0000 | PORT:201 | DR:4 | SLOT:C_MC | RSSI:-3 | SNR:13
1731927027s481:#####################FRAGDECODER PROCESS

.... FRAG_DECODER in Progress ....
EXPECTED   : 010 Fragments (02190 Bytes)
RECEIVED   : 001 Fragments
             00219 Bytes
LOST       : 000 Fragments

1731927027s484:RX_C on freq 869525000 Hz at DR 4
1731927027s485:#############OPENED CONTINUOUS RX C WINDOW
1731927034s501:MAC rxNotify
1731927034s501:NOTIFY
1731927034s501:MAC rxDone
1731927034s508:RXSLOT
1731927034s509:value of rxport: 201
###### D/L FRAME:0001 | PORT:201 | DR:4 | SLOT:C_MC | RSSI:-3 | SNR:13
1731927034s509:#####################FRAGDECODER PROCESS

.... FRAG_DECODER in Progress ....
EXPECTED   : 010 Fragments (02190 Bytes)
RECEIVED   : 002 Fragments
             00438 Bytes
LOST       : 000 Fragments

1731927034s513:RX_C on freq 869525000 Hz at DR 4
1731927034s514:#############OPENED CONTINUOUS RX C WINDOW
1731927042s530:MAC rxNotify
1731927042s530:NOTIFY
1731927042s530:MAC rxDone
1731927042s537:RXSLOT
1731927042s538:value of rxport: 201
###### D/L FRAME:0002 | PORT:201 | DR:4 | SLOT:C_MC | RSSI:-3 | SNR:13
1731927042s538:#####################FRAGDECODER PROCESS

.... FRAG_DECODER in Progress ....
EXPECTED   : 010 Fragments (02190 Bytes)
RECEIVED   : 003 Fragments
             00657 Bytes
LOST       : 000 Fragments

1731927042s542:RX_C on freq 869525000 Hz at DR 4
1731927042s543:#############OPENED CONTINUOUS RX C WINDOW
1731927049s558:MAC rxNotify
1731927049s558:NOTIFY
1731927049s558:MAC rxDone
1731927049s565:RXSLOT
1731927049s566:value of rxport: 201
###### D/L FRAME:0003 | PORT:201 | DR:4 | SLOT:C_MC | RSSI:-3 | SNR:13
1731927049s566:#####################FRAGDECODER PROCESS

.... FRAG_DECODER in Progress ....
EXPECTED   : 010 Fragments (02190 Bytes)
RECEIVED   : 004 Fragments
             00876 Bytes
LOST       : 000 Fragments

1731927049s569:RX_C on freq 869525000 Hz at DR 4
1731927049s570:#############OPENED CONTINUOUS RX C WINDOW
1731927057s585:MAC rxNotify
1731927057s585:NOTIFY
1731927057s585:MAC rxDone
1731927057s592:RXSLOT
1731927057s593:value of rxport: 201
###### D/L FRAME:0004 | PORT:201 | DR:4 | SLOT:C_MC | RSSI:-3 | SNR:14
1731927057s593:#####################FRAGDECODER PROCESS

.... FRAG_DECODER in Progress ....
EXPECTED   : 010 Fragments (02190 Bytes)
RECEIVED   : 005 Fragments
             01095 Bytes
LOST       : 000 Fragments

1731927057s597:RX_C on freq 869525000 Hz at DR 4
1731927057s598:#############OPENED CONTINUOUS RX C WINDOW
1731927064s612:MAC rxNotify
1731927064s612:NOTIFY
1731927064s613:MAC rxDone
1731927064s620:RXSLOT
1731927064s621:value of rxport: 201
###### D/L FRAME:0005 | PORT:201 | DR:4 | SLOT:C_MC | RSSI:-3 | SNR:13
1731927064s621:#####################FRAGDECODER PROCESS

.... FRAG_DECODER in Progress ....
EXPECTED   : 010 Fragments (02190 Bytes)
RECEIVED   : 006 Fragments
             01314 Bytes
LOST       : 000 Fragments

1731927064s625:RX_C on freq 869525000 Hz at DR 4
1731927064s626:#############OPENED CONTINUOUS RX C WINDOW
1731927072s643:MAC rxNotify
1731927072s643:NOTIFY
1731927072s643:MAC rxDone
1731927072s649:RXSLOT
1731927072s650:value of rxport: 201
###### D/L FRAME:0006 | PORT:201 | DR:4 | SLOT:C_MC | RSSI:-3 | SNR:13
1731927072s650:#####################FRAGDECODER PROCESS

.... FRAG_DECODER in Progress ....
EXPECTED   : 010 Fragments (02190 Bytes)
RECEIVED   : 007 Fragments
             01533 Bytes
LOST       : 000 Fragments

1731927072s654:RX_C on freq 869525000 Hz at DR 4
1731927072s655:#############OPENED CONTINUOUS RX C WINDOW
1731927079s668:MAC rxNotify
1731927079s668:NOTIFY
1731927079s668:MAC rxDone
1731927079s675:RXSLOT
1731927079s676:value of rxport: 201
###### D/L FRAME:0007 | PORT:201 | DR:4 | SLOT:C_MC | RSSI:-3 | SNR:13
1731927079s676:#####################FRAGDECODER PROCESS

.... FRAG_DECODER in Progress ....
EXPECTED   : 010 Fragments (02190 Bytes)
RECEIVED   : 008 Fragments
             01752 Bytes
LOST       : 000 Fragments

1731927079s680:RX_C on freq 869525000 Hz at DR 4
1731927079s681:#############OPENED CONTINUOUS RX C WINDOW
1731927087s700:MAC rxNotify
1731927087s700:NOTIFY
1731927087s700:MAC rxDone
1731927087s707:RXSLOT
1731927087s708:value of rxport: 201
###### D/L FRAME:0008 | PORT:201 | DR:4 | SLOT:C_MC | RSSI:-3 | SNR:13
1731927087s708:#####################FRAGDECODER PROCESS

.... FRAG_DECODER in Progress ....
EXPECTED   : 010 Fragments (02190 Bytes)
RECEIVED   : 009 Fragments
             01971 Bytes
LOST       : 000 Fragments

1731927087s712:RX_C on freq 869525000 Hz at DR 4
1731927087s713:#############OPENED CONTINUOUS RX C WINDOW
1731927094s718:MAC rxNotify
1731927094s718:NOTIFY
1731927094s718:MAC rxDone
1731927094s725:RXSLOT
1731927094s726:value of rxport: 201
###### D/L FRAME:0009 | PORT:201 | DR:4 | SLOT:C_MC | RSSI:-2 | SNR:13
1731927094s726:#####################FRAGDECODER PROCESS

.... FRAG_DECODER in Progress ....
EXPECTED   : 010 Fragments (02190 Bytes)
RECEIVED   : 010 Fragments
             02190 Bytes
LOST       : 000 Fragments


.... FRAG_DECODER Finished ....
STATUS     : 0
1731927094s726:ALL FRAGMENTS RECEIVED

= [SBOOT] System Security Check successfully passed. Starting...


======================================================================
=              (C) COPYRIGHT 2017 STMicroelectronics                 =
=                                                                    =
=              Secure Boot and Secure Firmware Update                =
======================================================================


= [SBOOT] SECURE ENGINE INITIALIZATION SUCCESSFUL
= [SBOOT] STATE: CHECK STATUS ON RESET
	  INFO: A Reboot has been triggered by a Software reset!
= [SBOOT] STATE: CHECK NEW FIRMWARE TO DOWNLOAD
= [SBOOT] STATE: CHECK KMS BLOB TO INSTALL
= [SBOOT] STATE: CHECK USER FW STATUS
	  A FW is detected in the slot SLOT_ACTIVE_1
= [SBOOT] STATE: VERIFY USER FW SIGNATURE
= [SBOOT] STATE: EXECUTE USER FIRMWAREAPPLICATION_VERSION: V1.3.0
MW_LORAWAN_VERSION:  V2.5.0
MW_RADIO_VERSION:    V1.3.0
L2_SPEC_VERSION:     V1.0.4
RP_SPEC_VERSION:     V2-1.0.1
NVM DATA RESTORED
###### AppKey:      2B:7E:15:16:28:AE:D2:A6:AB:F7:15:88:09:CF:4F:3C
###### NwkKey:      2B:7E:15:16:28:AE:D2:A6:AB:F7:15:88:09:CF:4F:3C
###### AppSKey:     2C:D6:D4:FE:5E:18:50:7E:11:89:F6:21:50:BB:E5:96
###### NwkSKey:     47:9D:57:3D:93:A9:47:C1:27:12:2B:20:17:EB:14:70
###### DevEUI:      00:80:E1:15:05:AB:D0:6C
###### AppEUI:      01:01:01:01:01:01:01:01
###### DevAddr:     05:AB:D0:6C
###### KMS ENABLED