
= [SBOOT] System Security Check successfully passed. Starting...


======================================================================
=              (C) COPYRIGHT 2017 STMicroelectronics                 =
=                                                                    =
=              Secure Boot and Secure Firmware Update                =
======================================================================


= [SBOOT] SECURE ENGINE INITIALIZATION SUCCESSFUL
= [SBOOT] STATE: CHECK STATUS ON RESET
	  INFO: A Reboot has been triggered by a Hardware reset!
= [SBOOT] STATE: CHECK NEW FIRMWARE TO DOWNLOAD
= [SBOOT] STATE: CHECK KMS BLOB TO INSTALL
= [SBOOT] STATE: CHECK USER FW STATUS
	  A FW is detected in the slot SLOT_ACTIVE_1
= [SBOOT] STATE: VERIFY USER FW SIGNATURE
= [SBOOT] STATE: EXECUTE USER FIRMWAREAPPLICATION_VERSION: V1.3.0
MW_LORAWAN_VERSION:  V2.5.0
MW_RADIO_VERSION:    V1.3.0
L2_SPEC_VERSION:     V1.0.4
RP_SPEC_VERSION:     V2-1.0.1
NVM DATA RESTORED
###### AppKey:      2B:7E:15:16:28:AE:D2:A6:AB:F7:15:88:09:CF:4F:3C
###### NwkKey:      2B:7E:15:16:28:AE:D2:A6:AB:F7:15:88:09:CF:4F:3C
###### AppSKey:     2B:7E:15:16:28:AE:D2:A6:AB:F7:15:88:09:CF:4F:3C
###### NwkSKey:     2B:7E:15:16:28:AE:D2:A6:AB:F7:15:88:09:CF:4F:3C
###### DevEUI:      00:80:E1:15:05:AB:D0:6C
###### AppEUI:      01:01:01:01:01:01:01:01
###### DevAddr:     05:AB:D0:6C
###### KMS ENABLED
###### = JOINED = OTAA =====================
[31mNetwork joined, choose app to execute:
BTN1: TxTimer send uplink every 10 sec
BTN2: Airtime test
[0m
###### U/L FRAME:JOIN | DR:1 | PWR:1
###### MCRootKey:   7D:F7:6B:0C:1A:B8:99:B3:3E:42:F0:47:B9:1B:54:6F
###### MCKEKey:     8C:B8:66:5E:0C:0E:0B:64:5B:2E:D9:E4:8A:19:27:7C
###### AppSKey:     06:8B:72:0B:0B:E7:AE:77:1F:2F:C7:CC:80:40:AF:43
###### NwkSKey:     DE:C7:77:A7:73:71:F0:12:2E:EE:81:41:30:DD:88:5E
###### DBIntKey:    7A:C4:7C:65:FE:25:9B:B6:54:BD:26:35:19:F8:9C:8E
###### DevEUI:      00:80:E1:15:05:AB:D0:6C
###### AppEUI:      01:01:01:01:01:01:01:01
###### DevAddr:     00:B5:92:AD
[32mStart tx timer regular[0m

###### ========== MCPS-Confirm =============
###### U/L FRAME:0001 | PORT:24 | DR:1 | PWR:1 | MSG TYPE:UNCONFIRMED
1731956458s984:value of rxport: 0
###### D/L FRAME:0000 | PORT:0 | DR:1 | SLOT:1 | RSSI:-5 | SNR:7
1731956486s485:Airtime test started: 0
1731956486s485:MAC Tx start packet size: 21
1731956486s489:TX on freq 867500000 Hz at DR 1
1731956486s490:RADIO SEND WITH size 21
1731956486s491:SEND REQUEST
1731956487s232:NOTIFY
1731956487s232:MAC txDone
1731956488s240:RX_1 on freq 867500000 Hz at DR 1
1731956488s340:IRQ_RX_TX_TIMEOUT
1731956488s341:NOTIFY
1731956488s341:MAC rxTimeOut
1731956489s264:RX_2 on freq 869525000 Hz at DR 0
1731956489s462:IRQ_RX_TX_TIMEOUT
1731956489s462:NOTIFY
1731956489s462:MAC rxTimeOut

###### ========== MCPS-Confirm =============
###### U/L FRAME:0002 | PORT:24 | DR:1 | PWR:1 | MSG TYPE:UNCONFIRMED
1731956516s491:Airtime test started: 0
1731956516s491:MAC Tx start packet size: 18
1731956516s495:TX on freq 867700000 Hz at DR 1
1731956516s495:RADIO SEND WITH size 18
1731956516s497:SEND REQUEST
1731956517s156:NOTIFY
1731956517s156:MAC txDone
1731956518s164:RX_1 on freq 867700000 Hz at DR 1
1731956518s264:IRQ_RX_TX_TIMEOUT
1731956518s264:NOTIFY
1731956518s264:MAC rxTimeOut
1731956519s187:RX_2 on freq 869525000 Hz at DR 0
1731956519s386:IRQ_RX_TX_TIMEOUT
1731956519s386:NOTIFY
1731956519s386:MAC rxTimeOut

###### ========== MCPS-Confirm =============
###### U/L FRAME:0003 | PORT:24 | DR:1 | PWR:1 | MSG TYPE:UNCONFIRMED
1731956546s497:Airtime test started: 0
1731956546s497:MAC Tx start packet size: 18
1731956546s501:TX on freq 868500000 Hz at DR 1
1731956546s501:RADIO SEND WITH size 18
1731956546s503:SEND REQUEST
1731956547s162:NOTIFY
1731956547s162:MAC txDone
1731956548s170:RX_1 on freq 868500000 Hz at DR 1
1731956548s269:IRQ_RX_TX_TIMEOUT
1731956548s270:NOTIFY
1731956548s270:MAC rxTimeOut
1731956549s193:RX_2 on freq 869525000 Hz at DR 0
1731956549s391:IRQ_RX_TX_TIMEOUT
1731956549s391:NOTIFY
1731956549s391:MAC rxTimeOut

###### ========== MCPS-Confirm =============
###### U/L FRAME:0004 | PORT:24 | DR:1 | PWR:1 | MSG TYPE:UNCONFIRMED
1731956576s503:Airtime test started: 0
1731956576s503:MAC Tx start packet size: 18
1731956576s507:TX on freq 867300000 Hz at DR 1
1731956576s507:RADIO SEND WITH size 18
1731956576s509:SEND REQUEST
1731956577s168:NOTIFY
1731956577s168:MAC txDone
1731956578s176:RX_1 on freq 867300000 Hz at DR 1
1731956578s275:IRQ_RX_TX_TIMEOUT
1731956578s276:NOTIFY
1731956578s276:MAC rxTimeOut
1731956579s199:RX_2 on freq 869525000 Hz at DR 0
1731956579s397:IRQ_RX_TX_TIMEOUT
1731956579s397:NOTIFY
1731956579s397:MAC rxTimeOut

###### ========== MCPS-Confirm =============
###### U/L FRAME:0005 | PORT:24 | DR:1 | PWR:1 | MSG TYPE:UNCONFIRMED
1731956606s509:Airtime test started: 0
1731956606s509:MAC Tx start packet size: 18
1731956606s513:TX on freq 868300000 Hz at DR 1
1731956606s513:RADIO SEND WITH size 18
1731956606s514:SEND REQUEST
1731956607s174:NOTIFY
1731956607s174:MAC txDone
1731956608s181:RX_1 on freq 868300000 Hz at DR 1
1731956608s281:IRQ_RX_TX_TIMEOUT
1731956608s282:NOTIFY
1731956608s282:MAC rxTimeOut
1731956609s205:RX_2 on freq 869525000 Hz at DR 0
1731956609s403:IRQ_RX_TX_TIMEOUT
1731956609s403:NOTIFY
1731956609s403:MAC rxTimeOut

###### ========== MCPS-Confirm =============
###### U/L FRAME:0006 | PORT:24 | DR:1 | PWR:1 | MSG TYPE:UNCONFIRMED
1731956636s514:Airtime test started: 0
1731956636s514:MAC Tx start packet size: 18
1731956636s518:TX on freq 868500000 Hz at DR 1
1731956636s518:RADIO SEND WITH size 18
1731956636s520:SEND REQUEST
1731956637s180:NOTIFY
1731956637s180:MAC txDone
1731956638s188:RX_1 on freq 868500000 Hz at DR 1
1731956638s288:IRQ_RX_TX_TIMEOUT
1731956638s289:NOTIFY
1731956638s289:MAC rxTimeOut
1731956639s212:RX_2 on freq 869525000 Hz at DR 0
1731956639s410:IRQ_RX_TX_TIMEOUT
1731956639s410:NOTIFY
1731956639s410:MAC rxTimeOut

###### ========== MCPS-Confirm =============
###### U/L FRAME:0007 | PORT:24 | DR:1 | PWR:1 | MSG TYPE:UNCONFIRMED
1731956666s520:Airtime test started: 0
1731956666s520:MAC Tx start packet size: 18
1731956666s524:TX on freq 867700000 Hz at DR 1
1731956666s524:RADIO SEND WITH size 18
1731956666s526:SEND REQUEST
1731956667s185:NOTIFY
1731956667s185:MAC txDone
1731956668s193:RX_1 on freq 867700000 Hz at DR 1
1731956668s293:IRQ_RX_TX_TIMEOUT
1731956668s294:NOTIFY
1731956668s294:MAC rxTimeOut
1731956669s217:RX_2 on freq 869525000 Hz at DR 0
1731956669s415:IRQ_RX_TX_TIMEOUT
1731956669s415:NOTIFY
1731956669s415:MAC rxTimeOut

###### ========== MCPS-Confirm =============
###### U/L FRAME:0008 | PORT:24 | DR:1 | PWR:1 | MSG TYPE:UNCONFIRMED
1731956696s526:Airtime test started: 0
1731956696s526:MAC Tx start packet size: 18
1731956696s530:TX on freq 868100000 Hz at DR 1
1731956696s530:RADIO SEND WITH size 18
1731956696s532:SEND REQUEST
1731956697s191:NOTIFY
1731956697s191:MAC txDone
1731956698s199:RX_1 on freq 868100000 Hz at DR 1
1731956698s299:IRQ_RX_TX_TIMEOUT
1731956698s300:NOTIFY
1731956698s300:MAC rxTimeOut
1731956699s222:RX_2 on freq 869525000 Hz at DR 0
1731956699s421:IRQ_RX_TX_TIMEOUT
1731956699s421:NOTIFY
1731956699s421:MAC rxTimeOut

###### ========== MCPS-Confirm =============
###### U/L FRAME:0009 | PORT:24 | DR:1 | PWR:1 | MSG TYPE:UNCONFIRMED
1731956726s532:Airtime test started: 0
1731956726s532:MAC Tx start packet size: 18
1731956726s536:TX on freq 867500000 Hz at DR 1
1731956726s536:RADIO SEND WITH size 18
1731956726s538:SEND REQUEST
1731956727s197:NOTIFY
1731956727s197:MAC txDone
1731956728s205:RX_1 on freq 867500000 Hz at DR 1
1731956728s305:IRQ_RX_TX_TIMEOUT
1731956728s306:NOTIFY
1731956728s306:MAC rxTimeOut
1731956729s228:RX_2 on freq 869525000 Hz at DR 0
1731956729s427:IRQ_RX_TX_TIMEOUT
1731956729s427:NOTIFY
1731956729s427:MAC rxTimeOut

###### ========== MCPS-Confirm =============
###### U/L FRAME:0010 | PORT:24 | DR:1 | PWR:1 | MSG TYPE:UNCONFIRMED
1731956756s538:Airtime test started: 0
1731956756s538:MAC Tx start packet size: 18
1731956756s542:TX on freq 867500000 Hz at DR 1
1731956756s542:RADIO SEND WITH size 18
1731956756s544:SEND REQUEST
1731956757s203:NOTIFY
1731956757s203:MAC txDone
1731956758s211:RX_1 on freq 867500000 Hz at DR 1
1731956758s310:IRQ_RX_TX_TIMEOUT
1731956758s311:NOTIFY
1731956758s311:MAC rxTimeOut
1731956759s234:RX_2 on freq 869525000 Hz at DR 0
1731956759s432:IRQ_RX_TX_TIMEOUT
1731956759s432:NOTIFY
1731956759s432:MAC rxTimeOut

###### ========== MCPS-Confirm =============
###### U/L FRAME:0011 | PORT:24 | DR:1 | PWR:1 | MSG TYPE:UNCONFIRMED
1731956786s544:Airtime test started: 0
1731956786s544:MAC Tx start packet size: 18
1731956786s548:TX on freq 868500000 Hz at DR 1
1731956786s548:RADIO SEND WITH size 18
1731956786s550:SEND REQUEST
1731956787s209:NOTIFY
1731956787s209:MAC txDone
1731956788s217:RX_1 on freq 868500000 Hz at DR 1
1731956789s375:MAC rxNotify
1731956789s375:NOTIFY
1731956789s375:MAC rxDone

###### ========== MCPS-Confirm =============
###### U/L FRAME:0012 | PORT:24 | DR:1 | PWR:1 | MSG TYPE:UNCONFIRMED
1731956789s378:value of rxport: 200
1731956789s378:MULTICAST CLASS C SETUP 2
###### D/L FRAME:0001 | PORT:200 | DR:1 | SLOT:1 | RSSI:-6 | SNR:7
1731956789s387:MAC Tx start packet size: 15
1731956789s389:TX on freq 867100000 Hz at DR 1
1731956789s390:RADIO SEND WITH size 15
ID          : 0
McAddr      : 62DA0A6D
McKey       : FC-BF-6C-78-64-56-09-85-3E-66-0B-C7-E0-A7-0D-B5
McFCountMin : 0
McFCountMax : 4294967295
SessionTime : 0
SessionTimeT: 1 s
Rx Freq     : 0
Rx DR       : DR_0
1731956790s052:NOTIFY
1731956790s052:MAC txDone
1731956791s059:RX_1 on freq 867100000 Hz at DR 1
1731956791s889:MAC rxNotify
1731956791s889:NOTIFY
1731956791s889:MAC rxDone

###### ========== MCPS-Confirm =============
###### U/L FRAME:0013 | PORT:200 | DR:1 | PWR:1 | MSG TYPE:UNCONFIRMED
1731956791s891:value of rxport: 201
###### D/L FRAME:0002 | PORT:201 | DR:1 | SLOT:1 | RSSI:-6 | SNR:7
1731956791s892:#####################FRAGDECODER INIT
1731956795s774:MAC Tx start packet size: 15
1731956795s778:TX on freq 868300000 Hz at DR 1
1731956795s778:RADIO SEND WITH size 15
1731956796s439:NOTIFY
1731956796s439:MAC txDone
1731956797s447:RX_1 on freq 868300000 Hz at DR 1
1731956798s277:MAC rxNotify
1731956798s277:NOTIFY
1731956798s277:MAC rxDone

###### ========== MCPS-Confirm =============
###### U/L FRAME:0014 | PORT:201 | DR:1 | PWR:1 | MSG TYPE:UNCONFIRMED
1731956798s279:value of rxport: 200
1731956798s280:MULTICAST CLASS C SETUP 4
###### D/L FRAME:0003 | PORT:200 | DR:1 | SLOT:1 | RSSI:-5 | SNR:7
Time2SessionStart: 298000 ms
1731956798s280:MAC Tx start packet size: 18
1731956798s284:TX on freq 868300000 Hz at DR 1
1731956798s285:RADIO SEND WITH size 18
ID          : 0
McAddr      : 62DA0A6D
McKey       : FC-BF-6C-78-64-56-09-85-3E-66-0B-C7-E0-A7-0D-B5
McFCountMin : 0
McFCountMax : 4294967295
SessionTime : 1731957096
SessionTimeT: 4096 s
Rx Freq     : 869525000
Rx DR       : DR_1
1731956798s945:NOTIFY
1731956798s946:MAC txDone
1731956799s953:RX_1 on freq 868300000 Hz at DR 1
1731956800s053:IRQ_RX_TX_TIMEOUT
1731956800s054:NOTIFY
1731956800s054:MAC rxTimeOut
1731956800s976:RX_2 on freq 869525000 Hz at DR 0
1731956801s175:IRQ_RX_TX_TIMEOUT
1731956801s175:NOTIFY
1731956801s175:MAC rxTimeOut

###### ========== MCPS-Confirm =============
###### U/L FRAME:0015 | PORT:200 | DR:1 | PWR:1 | MSG TYPE:UNCONFIRMED
1731957096s280:[SWITCHCLASS class C]
1731957096s295:RX_C on freq 869525000 Hz at DR 1
1731957096s297:#############OPENED CONTINUOUS RX C WINDOW
Switch to Class C done
1731957099s820:MAC rxNotify
1731957099s820:NOTIFY
1731957099s820:MAC rxDone
1731957099s823:RXSLOT
1731957099s823:value of rxport: 201
###### D/L FRAME:0000 | PORT:201 | DR:1 | SLOT:C_MC | RSSI:-2 | SNR:8
1731957099s823:#####################FRAGDECODER PROCESS

.... FRAG_DECODER in Progress ....
EXPECTED   : 052 Fragments (02028 Bytes)
RECEIVED   : 001 Fragments
             00039 Bytes
LOST       : 000 Fragments

1731957099s828:RX_C on freq 869525000 Hz at DR 1
1731957099s829:#############OPENED CONTINUOUS RX C WINDOW
1731957110s859:MAC rxNotify
1731957110s859:NOTIFY
1731957110s859:MAC rxDone
1731957110s862:RXSLOT
1731957110s862:value of rxport: 201
###### D/L FRAME:0001 | PORT:201 | DR:1 | SLOT:C_MC | RSSI:-2 | SNR:8
1731957110s862:#####################FRAGDECODER PROCESS

.... FRAG_DECODER in Progress ....
EXPECTED   : 052 Fragments (02028 Bytes)
RECEIVED   : 002 Fragments
             00078 Bytes
LOST       : 000 Fragments

1731957110s867:RX_C on freq 869525000 Hz at DR 1
1731957110s868:#############OPENED CONTINUOUS RX C WINDOW
1731957121s890:MAC rxNotify
1731957121s890:NOTIFY
1731957121s890:MAC rxDone
1731957121s893:RXSLOT
1731957121s893:value of rxport: 201
###### D/L FRAME:0002 | PORT:201 | DR:1 | SLOT:C_MC | RSSI:-2 | SNR:8
1731957121s893:#####################FRAGDECODER PROCESS

.... FRAG_DECODER in Progress ....
EXPECTED   : 052 Fragments (02028 Bytes)
RECEIVED   : 003 Fragments
             00117 Bytes
LOST       : 000 Fragments

1731957121s898:RX_C on freq 869525000 Hz at DR 1
1731957121s899:#############OPENED CONTINUOUS RX C WINDOW
1731957132s931:MAC rxNotify
1731957132s931:NOTIFY
1731957132s931:MAC rxDone
1731957132s933:RXSLOT
1731957132s933:value of rxport: 201
###### D/L FRAME:0003 | PORT:201 | DR:1 | SLOT:C_MC | RSSI:-2 | SNR:8
1731957132s933:#####################FRAGDECODER PROCESS

.... FRAG_DECODER in Progress ....
EXPECTED   : 052 Fragments (02028 Bytes)
RECEIVED   : 004 Fragments
             00156 Bytes
LOST       : 000 Fragments

1731957132s938:RX_C on freq 869525000 Hz at DR 1
1731957132s939:#############OPENED CONTINUOUS RX C WINDOW
1731957143s957:MAC rxNotify
1731957143s957:NOTIFY
1731957143s957:MAC rxDone
1731957143s960:RXSLOT
1731957143s960:value of rxport: 201
###### D/L FRAME:0004 | PORT:201 | DR:1 | SLOT:C_MC | RSSI:-2 | SNR:8
1731957143s960:#####################FRAGDECODER PROCESS

.... FRAG_DECODER in Progress ....
EXPECTED   : 052 Fragments (02028 Bytes)
RECEIVED   : 005 Fragments
             00195 Bytes
LOST       : 000 Fragments

1731957143s965:RX_C on freq 869525000 Hz at DR 1
1731957143s966:#############OPENED CONTINUOUS RX C WINDOW
1731957154s998:MAC rxNotify
1731957154s998:NOTIFY
1731957154s998:MAC rxDone
1731957155s002:RXSLOT
1731957155s002:value of rxport: 201
###### D/L FRAME:0005 | PORT:201 | DR:1 | SLOT:C_MC | RSSI:-2 | SNR:8
1731957155s002:#####################FRAGDECODER PROCESS

.... FRAG_DECODER in Progress ....
EXPECTED   : 052 Fragments (02028 Bytes)
RECEIVED   : 006 Fragments
             00234 Bytes
LOST       : 000 Fragments

1731957155s007:RX_C on freq 869525000 Hz at DR 1
1731957155s008:#############OPENED CONTINUOUS RX C WINDOW
1731957166s031:MAC rxNotify
1731957166s031:NOTIFY
1731957166s031:MAC rxDone
1731957166s034:RXSLOT
1731957166s034:value of rxport: 201
###### D/L FRAME:0006 | PORT:201 | DR:1 | SLOT:C_MC | RSSI:-2 | SNR:8
1731957166s034:#####################FRAGDECODER PROCESS

.... FRAG_DECODER in Progress ....
EXPECTED   : 052 Fragments (02028 Bytes)
RECEIVED   : 007 Fragments
             00273 Bytes
LOST       : 000 Fragments

1731957166s039:RX_C on freq 869525000 Hz at DR 1
1731957166s040:#############OPENED CONTINUOUS RX C WINDOW
1731957177s066:MAC rxNotify
1731957177s066:NOTIFY
1731957177s066:MAC rxDone
1731957177s069:RXSLOT
1731957177s069:value of rxport: 201
###### D/L FRAME:0007 | PORT:201 | DR:1 | SLOT:C_MC | RSSI:-2 | SNR:8
1731957177s069:#####################FRAGDECODER PROCESS

.... FRAG_DECODER in Progress ....
EXPECTED   : 052 Fragments (02028 Bytes)
RECEIVED   : 008 Fragments
             00312 Bytes
LOST       : 000 Fragments

1731957177s074:RX_C on freq 869525000 Hz at DR 1
1731957177s075:#############OPENED CONTINUOUS RX C WINDOW
1731957188s106:MAC rxNotify
1731957188s106:NOTIFY
1731957188s106:MAC rxDone
1731957188s109:RXSLOT
1731957188s109:value of rxport: 201
###### D/L FRAME:0008 | PORT:201 | DR:1 | SLOT:C_MC | RSSI:-2 | SNR:8
1731957188s109:#####################FRAGDECODER PROCESS

.... FRAG_DECODER in Progress ....
EXPECTED   : 052 Fragments (02028 Bytes)
RECEIVED   : 009 Fragments
             00351 Bytes
LOST       : 000 Fragments

1731957188s114:RX_C on freq 869525000 Hz at DR 1
1731957188s115:#############OPENED CONTINUOUS RX C WINDOW
1731957199s144:MAC rxNotify
1731957199s144:NOTIFY
1731957199s144:MAC rxDone
1731957199s147:RXSLOT
1731957199s147:value of rxport: 201
###### D/L FRAME:0009 | PORT:201 | DR:1 | SLOT:C_MC | RSSI:-2 | SNR:8
1731957199s147:#####################FRAGDECODER PROCESS

.... FRAG_DECODER in Progress ....
EXPECTED   : 052 Fragments (02028 Bytes)
RECEIVED   : 010 Fragments
             00390 Bytes
LOST       : 000 Fragments

1731957199s152:RX_C on freq 869525000 Hz at DR 1
1731957199s153:#############OPENED CONTINUOUS RX C WINDOW
1731957211s187:MAC rxNotify
1731957211s188:NOTIFY
1731957211s188:MAC rxDone
1731957211s191:RXSLOT
1731957211s191:value of rxport: 201
###### D/L FRAME:0010 | PORT:201 | DR:1 | SLOT:C_MC | RSSI:-2 | SNR:8
1731957211s191:#####################FRAGDECODER PROCESS

.... FRAG_DECODER in Progress ....
EXPECTED   : 052 Fragments (02028 Bytes)
RECEIVED   : 011 Fragments
             00429 Bytes
LOST       : 000 Fragments

1731957211s196:RX_C on freq 869525000 Hz at DR 1
1731957211s197:#############OPENED CONTINUOUS RX C WINDOW
1731957222s213:MAC rxNotify
1731957222s213:NOTIFY
1731957222s213:MAC rxDone
1731957222s216:RXSLOT
1731957222s216:value of rxport: 201
###### D/L FRAME:0011 | PORT:201 | DR:1 | SLOT:C_MC | RSSI:-2 | SNR:8
1731957222s216:#####################FRAGDECODER PROCESS

.... FRAG_DECODER in Progress ....
EXPECTED   : 052 Fragments (02028 Bytes)
RECEIVED   : 012 Fragments
             00468 Bytes
LOST       : 000 Fragments

1731957222s221:RX_C on freq 869525000 Hz at DR 1
1731957222s222:#############OPENED CONTINUOUS RX C WINDOW
1731957233s253:MAC rxNotify
1731957233s253:NOTIFY
1731957233s253:MAC rxDone
1731957233s256:RXSLOT
1731957233s256:value of rxport: 201
###### D/L FRAME:0012 | PORT:201 | DR:1 | SLOT:C_MC | RSSI:-2 | SNR:8
1731957233s256:#####################FRAGDECODER PROCESS

.... FRAG_DECODER in Progress ....
EXPECTED   : 052 Fragments (02028 Bytes)
RECEIVED   : 013 Fragments
             00507 Bytes
LOST       : 000 Fragments

1731957233s261:RX_C on freq 869525000 Hz at DR 1
1731957233s262:#############OPENED CONTINUOUS RX C WINDOW
1731957244s287:MAC rxNotify
1731957244s287:NOTIFY
1731957244s287:MAC rxDone
1731957244s290:RXSLOT
1731957244s290:value of rxport: 201
###### D/L FRAME:0013 | PORT:201 | DR:1 | SLOT:C_MC | RSSI:-2 | SNR:8
1731957244s290:#####################FRAGDECODER PROCESS

.... FRAG_DECODER in Progress ....
EXPECTED   : 052 Fragments (02028 Bytes)
RECEIVED   : 014 Fragments
             00546 Bytes
LOST       : 000 Fragments

1731957244s295:RX_C on freq 869525000 Hz at DR 1
1731957244s296:#############OPENED CONTINUOUS RX C WINDOW
1731957255s330:MAC rxNotify
1731957255s330:NOTIFY
1731957255s330:MAC rxDone
1731957255s333:RXSLOT
1731957255s333:value of rxport: 201
###### D/L FRAME:0014 | PORT:201 | DR:1 | SLOT:C_MC | RSSI:-2 | SNR:7
1731957255s333:#####################FRAGDECODER PROCESS

.... FRAG_DECODER in Progress ....
EXPECTED   : 052 Fragments (02028 Bytes)
RECEIVED   : 015 Fragments
             00585 Bytes
LOST       : 000 Fragments

1731957255s338:RX_C on freq 869525000 Hz at DR 1
1731957255s339:#############OPENED CONTINUOUS RX C WINDOW
1731957266s374:MAC rxNotify
1731957266s374:NOTIFY
1731957266s374:MAC rxDone
1731957266s377:RXSLOT
1731957266s377:value of rxport: 201
###### D/L FRAME:0015 | PORT:201 | DR:1 | SLOT:C_MC | RSSI:-2 | SNR:8
1731957266s377:#####################FRAGDECODER PROCESS

.... FRAG_DECODER in Progress ....
EXPECTED   : 052 Fragments (02028 Bytes)
RECEIVED   : 016 Fragments
             00624 Bytes
LOST       : 000 Fragments

1731957266s382:RX_C on freq 869525000 Hz at DR 1
1731957266s383:#############OPENED CONTINUOUS RX C WINDOW
1731957277s409:MAC rxNotify
1731957277s409:NOTIFY
1731957277s409:MAC rxDone
1731957277s412:RXSLOT
1731957277s412:value of rxport: 201
###### D/L FRAME:0016 | PORT:201 | DR:1 | SLOT:C_MC | RSSI:-3 | SNR:8
1731957277s412:#####################FRAGDECODER PROCESS

.... FRAG_DECODER in Progress ....
EXPECTED   : 052 Fragments (02028 Bytes)
RECEIVED   : 017 Fragments
             00663 Bytes
LOST       : 000 Fragments

1731957277s417:RX_C on freq 869525000 Hz at DR 1
1731957277s418:#############OPENED CONTINUOUS RX C WINDOW
1731957288s446:MAC rxNotify
1731957288s446:NOTIFY
1731957288s446:MAC rxDone
1731957288s449:RXSLOT
1731957288s449:value of rxport: 201
###### D/L FRAME:0017 | PORT:201 | DR:1 | SLOT:C_MC | RSSI:-2 | SNR:8
1731957288s449:#####################FRAGDECODER PROCESS

.... FRAG_DECODER in Progress ....
EXPECTED   : 052 Fragments (02028 Bytes)
RECEIVED   : 018 Fragments
             00702 Bytes
LOST       : 000 Fragments

1731957288s454:RX_C on freq 869525000 Hz at DR 1
1731957288s455:#############OPENED CONTINUOUS RX C WINDOW
1731957299s485:MAC rxNotify
1731957299s485:NOTIFY
1731957299s485:MAC rxDone
1731957299s488:RXSLOT
1731957299s488:value of rxport: 201
###### D/L FRAME:0018 | PORT:201 | DR:1 | SLOT:C_MC | RSSI:-2 | SNR:8
1731957299s488:#####################FRAGDECODER PROCESS

.... FRAG_DECODER in Progress ....
EXPECTED   : 052 Fragments (02028 Bytes)
RECEIVED   : 019 Fragments
             00741 Bytes
LOST       : 000 Fragments

1731957299s493:RX_C on freq 869525000 Hz at DR 1
1731957299s494:#############OPENED CONTINUOUS RX C WINDOW
1731957310s522:MAC rxNotify
1731957310s523:NOTIFY
1731957310s523:MAC rxDone
1731957310s526:RXSLOT
1731957310s526:value of rxport: 201
###### D/L FRAME:0019 | PORT:201 | DR:1 | SLOT:C_MC | RSSI:-2 | SNR:8
1731957310s526:#####################FRAGDECODER PROCESS

.... FRAG_DECODER in Progress ....
EXPECTED   : 052 Fragments (02028 Bytes)
RECEIVED   : 020 Fragments
             00780 Bytes
LOST       : 000 Fragments

1731957310s531:RX_C on freq 869525000 Hz at DR 1
1731957310s532:#############OPENED CONTINUOUS RX C WINDOW
1731957321s557:MAC rxNotify
1731957321s557:NOTIFY
1731957321s557:MAC rxDone
1731957321s561:RXSLOT
1731957321s561:value of rxport: 201
###### D/L FRAME:0020 | PORT:201 | DR:1 | SLOT:C_MC | RSSI:-2 | SNR:8
1731957321s561:#####################FRAGDECODER PROCESS

.... FRAG_DECODER in Progress ....
EXPECTED   : 052 Fragments (02028 Bytes)
RECEIVED   : 021 Fragments
             00819 Bytes
LOST       : 000 Fragments

1731957321s566:RX_C on freq 869525000 Hz at DR 1
1731957321s567:#############OPENED CONTINUOUS RX C WINDOW
1731957332s595:MAC rxNotify
1731957332s595:NOTIFY
1731957332s596:MAC rxDone
1731957332s598:RXSLOT
1731957332s598:value of rxport: 201
###### D/L FRAME:0021 | PORT:201 | DR:1 | SLOT:C_MC | RSSI:-2 | SNR:8
1731957332s598:#####################FRAGDECODER PROCESS

.... FRAG_DECODER in Progress ....
EXPECTED   : 052 Fragments (02028 Bytes)
RECEIVED   : 022 Fragments
             00858 Bytes
LOST       : 000 Fragments

1731957332s603:RX_C on freq 869525000 Hz at DR 1
1731957332s604:#############OPENED CONTINUOUS RX C WINDOW
1731957343s620:MAC rxNotify
1731957343s620:NOTIFY
1731957343s620:MAC rxDone
1731957343s624:RXSLOT
1731957343s624:value of rxport: 201
###### D/L FRAME:0022 | PORT:201 | DR:1 | SLOT:C_MC | RSSI:-2 | SNR:8
1731957343s624:#####################FRAGDECODER PROCESS

.... FRAG_DECODER in Progress ....
EXPECTED   : 052 Fragments (02028 Bytes)
RECEIVED   : 023 Fragments
             00897 Bytes
LOST       : 000 Fragments

1731957343s629:RX_C on freq 869525000 Hz at DR 1
1731957343s630:#############OPENED CONTINUOUS RX C WINDOW
1731957354s654:MAC rxNotify
1731957354s654:NOTIFY
1731957354s654:MAC rxDone
1731957354s657:RXSLOT
1731957354s657:value of rxport: 201
###### D/L FRAME:0023 | PORT:201 | DR:1 | SLOT:C_MC | RSSI:-2 | SNR:8
1731957354s657:#####################FRAGDECODER PROCESS

.... FRAG_DECODER in Progress ....
EXPECTED   : 052 Fragments (02028 Bytes)
RECEIVED   : 024 Fragments
             00936 Bytes
LOST       : 000 Fragments

1731957354s662:RX_C on freq 869525000 Hz at DR 1
1731957354s663:#############OPENED CONTINUOUS RX C WINDOW
1731957365s685:MAC rxNotify
1731957365s685:NOTIFY
1731957365s685:MAC rxDone
1731957365s689:RXSLOT
1731957365s689:value of rxport: 201
###### D/L FRAME:0024 | PORT:201 | DR:1 | SLOT:C_MC | RSSI:-2 | SNR:8
1731957365s689:#####################FRAGDECODER PROCESS

.... FRAG_DECODER in Progress ....
EXPECTED   : 052 Fragments (02028 Bytes)
RECEIVED   : 025 Fragments
             00975 Bytes
LOST       : 000 Fragments

1731957365s694:RX_C on freq 869525000 Hz at DR 1
1731957365s695:#############OPENED CONTINUOUS RX C WINDOW
1731957376s714:MAC rxNotify
1731957376s714:NOTIFY
1731957376s714:MAC rxDone
1731957376s717:RXSLOT
1731957376s717:value of rxport: 201
###### D/L FRAME:0025 | PORT:201 | DR:1 | SLOT:C_MC | RSSI:-2 | SNR:8
1731957376s717:#####################FRAGDECODER PROCESS

.... FRAG_DECODER in Progress ....
EXPECTED   : 052 Fragments (02028 Bytes)
RECEIVED   : 026 Fragments
             01014 Bytes
LOST       : 000 Fragments

1731957376s722:RX_C on freq 869525000 Hz at DR 1
1731957376s722:#############OPENED CONTINUOUS RX C WINDOW
1731957387s758:MAC rxNotify
1731957387s758:NOTIFY
1731957387s758:MAC rxDone
1731957387s761:RXSLOT
1731957387s761:value of rxport: 201
###### D/L FRAME:0026 | PORT:201 | DR:1 | SLOT:C_MC | RSSI:-2 | SNR:8
1731957387s761:#####################FRAGDECODER PROCESS

.... FRAG_DECODER in Progress ....
EXPECTED   : 052 Fragments (02028 Bytes)
RECEIVED   : 027 Fragments
             01053 Bytes
LOST       : 000 Fragments

1731957387s765:RX_C on freq 869525000 Hz at DR 1
1731957387s766:#############OPENED CONTINUOUS RX C WINDOW
1731957399s793:MAC rxNotify
1731957399s793:NOTIFY
1731957399s793:MAC rxDone
1731957399s796:RXSLOT
1731957399s796:value of rxport: 201
###### D/L FRAME:0027 | PORT:201 | DR:1 | SLOT:C_MC | RSSI:-2 | SNR:8
1731957399s796:#####################FRAGDECODER PROCESS

.... FRAG_DECODER in Progress ....
EXPECTED   : 052 Fragments (02028 Bytes)
RECEIVED   : 028 Fragments
             01092 Bytes
LOST       : 000 Fragments

1731957399s801:RX_C on freq 869525000 Hz at DR 1
1731957399s802:#############OPENED CONTINUOUS RX C WINDOW
1731957410s827:MAC rxNotify
1731957410s827:NOTIFY
1731957410s827:MAC rxDone
1731957410s830:RXSLOT
1731957410s830:value of rxport: 201
###### D/L FRAME:0028 | PORT:201 | DR:1 | SLOT:C_MC | RSSI:-2 | SNR:8
1731957410s830:#####################FRAGDECODER PROCESS

.... FRAG_DECODER in Progress ....
EXPECTED   : 052 Fragments (02028 Bytes)
RECEIVED   : 029 Fragments
             01131 Bytes
LOST       : 000 Fragments

1731957410s835:RX_C on freq 869525000 Hz at DR 1
1731957410s836:#############OPENED CONTINUOUS RX C WINDOW
1731957421s867:MAC rxNotify
1731957421s867:NOTIFY
1731957421s867:MAC rxDone
1731957421s870:RXSLOT
1731957421s870:value of rxport: 201
###### D/L FRAME:0029 | PORT:201 | DR:1 | SLOT:C_MC | RSSI:-2 | SNR:8
1731957421s870:#####################FRAGDECODER PROCESS

.... FRAG_DECODER in Progress ....
EXPECTED   : 052 Fragments (02028 Bytes)
RECEIVED   : 030 Fragments
             01170 Bytes
LOST       : 000 Fragments

1731957421s875:RX_C on freq 869525000 Hz at DR 1
1731957421s876:#############OPENED CONTINUOUS RX C WINDOW
1731957432s910:MAC rxNotify
1731957432s910:NOTIFY
1731957432s910:MAC rxDone
1731957432s913:RXSLOT
1731957432s913:value of rxport: 201
###### D/L FRAME:0030 | PORT:201 | DR:1 | SLOT:C_MC | RSSI:-2 | SNR:8
1731957432s913:#####################FRAGDECODER PROCESS

.... FRAG_DECODER in Progress ....
EXPECTED   : 052 Fragments (02028 Bytes)
RECEIVED   : 031 Fragments
             01209 Bytes
LOST       : 000 Fragments

1731957432s918:RX_C on freq 869525000 Hz at DR 1
1731957432s919:#############OPENED CONTINUOUS RX C WINDOW
1731957443s942:MAC rxNotify
1731957443s942:NOTIFY
1731957443s942:MAC rxDone
1731957443s945:RXSLOT
1731957443s945:value of rxport: 201
###### D/L FRAME:0031 | PORT:201 | DR:1 | SLOT:C_MC | RSSI:-2 | SNR:8
1731957443s945:#####################FRAGDECODER PROCESS

.... FRAG_DECODER in Progress ....
EXPECTED   : 052 Fragments (02028 Bytes)
RECEIVED   : 032 Fragments
             01248 Bytes
LOST       : 000 Fragments

1731957443s950:RX_C on freq 869525000 Hz at DR 1
1731957443s951:#############OPENED CONTINUOUS RX C WINDOW
1731957454s978:MAC rxNotify
1731957454s978:NOTIFY
1731957454s978:MAC rxDone
1731957454s981:RXSLOT
1731957454s981:value of rxport: 201
###### D/L FRAME:0032 | PORT:201 | DR:1 | SLOT:C_MC | RSSI:-2 | SNR:8
1731957454s981:#####################FRAGDECODER PROCESS

.... FRAG_DECODER in Progress ....
EXPECTED   : 052 Fragments (02028 Bytes)
RECEIVED   : 033 Fragments
             01287 Bytes
LOST       : 000 Fragments

1731957454s986:RX_C on freq 869525000 Hz at DR 1
1731957454s987:#############OPENED CONTINUOUS RX C WINDOW
1731957466s012:MAC rxNotify
1731957466s012:NOTIFY
1731957466s012:MAC rxDone
1731957466s014:RXSLOT
1731957466s014:value of rxport: 201
###### D/L FRAME:0033 | PORT:201 | DR:1 | SLOT:C_MC | RSSI:-2 | SNR:8
1731957466s014:#####################FRAGDECODER PROCESS

.... FRAG_DECODER in Progress ....
EXPECTED   : 052 Fragments (02028 Bytes)
RECEIVED   : 034 Fragments
             01326 Bytes
LOST       : 000 Fragments

1731957466s019:RX_C on freq 869525000 Hz at DR 1
1731957466s020:#############OPENED CONTINUOUS RX C WINDOW
1731957477s048:MAC rxNotify
1731957477s048:NOTIFY
1731957477s048:MAC rxDone
1731957477s051:RXSLOT
1731957477s051:value of rxport: 201
###### D/L FRAME:0034 | PORT:201 | DR:1 | SLOT:C_MC | RSSI:-2 | SNR:8
1731957477s051:#####################FRAGDECODER PROCESS

.... FRAG_DECODER in Progress ....
EXPECTED   : 052 Fragments (02028 Bytes)
RECEIVED   : 035 Fragments
             01365 Bytes
LOST       : 000 Fragments

1731957477s056:RX_C on freq 869525000 Hz at DR 1
1731957477s056:#############OPENED CONTINUOUS RX C WINDOW
1731957488s094:MAC rxNotify
1731957488s094:NOTIFY
1731957488s094:MAC rxDone
1731957488s097:RXSLOT
1731957488s097:value of rxport: 201
###### D/L FRAME:0035 | PORT:201 | DR:1 | SLOT:C_MC | RSSI:-2 | SNR:8
1731957488s097:#####################FRAGDECODER PROCESS

.... FRAG_DECODER in Progress ....
EXPECTED   : 052 Fragments (02028 Bytes)
RECEIVED   : 036 Fragments
             01404 Bytes
LOST       : 000 Fragments

1731957488s101:RX_C on freq 869525000 Hz at DR 1
1731957488s102:#############OPENED CONTINUOUS RX C WINDOW
1731957499s121:MAC rxNotify
1731957499s121:NOTIFY
1731957499s121:MAC rxDone
1731957499s124:RXSLOT
1731957499s124:value of rxport: 201
###### D/L FRAME:0036 | PORT:201 | DR:1 | SLOT:C_MC | RSSI:-2 | SNR:8
1731957499s124:#####################FRAGDECODER PROCESS

.... FRAG_DECODER in Progress ....
EXPECTED   : 052 Fragments (02028 Bytes)
RECEIVED   : 037 Fragments
             01443 Bytes
LOST       : 000 Fragments

1731957499s129:RX_C on freq 869525000 Hz at DR 1
1731957499s130:#############OPENED CONTINUOUS RX C WINDOW
1731957510s161:MAC rxNotify
1731957510s161:NOTIFY
1731957510s161:MAC rxDone
1731957510s164:RXSLOT
1731957510s164:value of rxport: 201
###### D/L FRAME:0037 | PORT:201 | DR:1 | SLOT:C_MC | RSSI:-2 | SNR:8
1731957510s164:#####################FRAGDECODER PROCESS

.... FRAG_DECODER in Progress ....
EXPECTED   : 052 Fragments (02028 Bytes)
RECEIVED   : 038 Fragments
             01482 Bytes
LOST       : 000 Fragments

1731957510s169:RX_C on freq 869525000 Hz at DR 1
1731957510s170:#############OPENED CONTINUOUS RX C WINDOW
1731957521s187:MAC rxNotify
1731957521s187:NOTIFY
1731957521s187:MAC rxDone
1731957521s190:RXSLOT
1731957521s190:value of rxport: 201
###### D/L FRAME:0038 | PORT:201 | DR:1 | SLOT:C_MC | RSSI:-2 | SNR:8
1731957521s190:#####################FRAGDECODER PROCESS

.... FRAG_DECODER in Progress ....
EXPECTED   : 052 Fragments (02028 Bytes)
RECEIVED   : 039 Fragments
             01521 Bytes
LOST       : 000 Fragments

1731957521s195:RX_C on freq 869525000 Hz at DR 1
1731957521s196:#############OPENED CONTINUOUS RX C WINDOW
1731957532s226:MAC rxNotify
1731957532s226:NOTIFY
1731957532s226:MAC rxDone
1731957532s229:RXSLOT
1731957532s229:value of rxport: 201
###### D/L FRAME:0039 | PORT:201 | DR:1 | SLOT:C_MC | RSSI:-2 | SNR:8
1731957532s229:#####################FRAGDECODER PROCESS

.... FRAG_DECODER in Progress ....
EXPECTED   : 052 Fragments (02028 Bytes)
RECEIVED   : 040 Fragments
             01560 Bytes
LOST       : 000 Fragments

1731957532s234:RX_C on freq 869525000 Hz at DR 1
1731957532s235:#############OPENED CONTINUOUS RX C WINDOW
1731957543s264:MAC rxNotify
1731957543s264:NOTIFY
1731957543s264:MAC rxDone
1731957543s268:RXSLOT
1731957543s268:value of rxport: 201
###### D/L FRAME:0040 | PORT:201 | DR:1 | SLOT:C_MC | RSSI:-2 | SNR:8
1731957543s268:#####################FRAGDECODER PROCESS

.... FRAG_DECODER in Progress ....
EXPECTED   : 052 Fragments (02028 Bytes)
RECEIVED   : 041 Fragments
             01599 Bytes
LOST       : 000 Fragments

1731957543s273:RX_C on freq 869525000 Hz at DR 1
1731957543s274:#############OPENED CONTINUOUS RX C WINDOW
1731957554s295:MAC rxNotify
1731957554s295:NOTIFY
1731957554s295:MAC rxDone
1731957554s299:RXSLOT
1731957554s299:value of rxport: 201
###### D/L FRAME:0041 | PORT:201 | DR:1 | SLOT:C_MC | RSSI:-2 | SNR:8
1731957554s299:#####################FRAGDECODER PROCESS

.... FRAG_DECODER in Progress ....
EXPECTED   : 052 Fragments (02028 Bytes)
RECEIVED   : 042 Fragments
             01638 Bytes
LOST       : 000 Fragments

1731957554s304:RX_C on freq 869525000 Hz at DR 1
1731957554s305:#############OPENED CONTINUOUS RX C WINDOW
1731957565s330:MAC rxNotify
1731957565s330:NOTIFY
1731957565s330:MAC rxDone
1731957565s333:RXSLOT
1731957565s333:value of rxport: 201
###### D/L FRAME:0042 | PORT:201 | DR:1 | SLOT:C_MC | RSSI:-2 | SNR:8
1731957565s333:#####################FRAGDECODER PROCESS

.... FRAG_DECODER in Progress ....
EXPECTED   : 052 Fragments (02028 Bytes)
RECEIVED   : 043 Fragments
             01677 Bytes
LOST       : 000 Fragments

1731957565s338:RX_C on freq 869525000 Hz at DR 1
1731957565s339:#############OPENED CONTINUOUS RX C WINDOW
1731957576s364:MAC rxNotify
1731957576s364:NOTIFY
1731957576s364:MAC rxDone
1731957576s367:RXSLOT
1731957576s367:value of rxport: 201
###### D/L FRAME:0043 | PORT:201 | DR:1 | SLOT:C_MC | RSSI:-2 | SNR:8
1731957576s367:#####################FRAGDECODER PROCESS

.... FRAG_DECODER in Progress ....
EXPECTED   : 052 Fragments (02028 Bytes)
RECEIVED   : 044 Fragments
             01716 Bytes
LOST       : 000 Fragments

1731957576s372:RX_C on freq 869525000 Hz at DR 1
1731957576s373:#############OPENED CONTINUOUS RX C WINDOW
1731957588s405:MAC rxNotify
1731957588s405:NOTIFY
1731957588s405:MAC rxDone
1731957588s408:RXSLOT
1731957588s408:value of rxport: 201
###### D/L FRAME:0044 | PORT:201 | DR:1 | SLOT:C_MC | RSSI:-2 | SNR:8
1731957588s408:#####################FRAGDECODER PROCESS

.... FRAG_DECODER in Progress ....
EXPECTED   : 052 Fragments (02028 Bytes)
RECEIVED   : 045 Fragments
             01755 Bytes
LOST       : 000 Fragments

1731957588s413:RX_C on freq 869525000 Hz at DR 1
1731957588s414:#############OPENED CONTINUOUS RX C WINDOW
1731957599s432:MAC rxNotify
1731957599s432:NOTIFY
1731957599s432:MAC rxDone
1731957599s435:RXSLOT
1731957599s435:value of rxport: 201
###### D/L FRAME:0045 | PORT:201 | DR:1 | SLOT:C_MC | RSSI:-2 | SNR:8
1731957599s435:#####################FRAGDECODER PROCESS

.... FRAG_DECODER in Progress ....
EXPECTED   : 052 Fragments (02028 Bytes)
RECEIVED   : 046 Fragments
             01794 Bytes
LOST       : 000 Fragments

1731957599s440:RX_C on freq 869525000 Hz at DR 1
1731957599s441:#############OPENED CONTINUOUS RX C WINDOW
1731957610s466:MAC rxNotify
1731957610s466:NOTIFY
1731957610s466:MAC rxDone
1731957610s469:RXSLOT
1731957610s469:value of rxport: 201
###### D/L FRAME:0046 | PORT:201 | DR:1 | SLOT:C_MC | RSSI:-2 | SNR:8
1731957610s469:#####################FRAGDECODER PROCESS

.... FRAG_DECODER in Progress ....
EXPECTED   : 052 Fragments (02028 Bytes)
RECEIVED   : 047 Fragments
             01833 Bytes
LOST       : 000 Fragments

1731957610s473:RX_C on freq 869525000 Hz at DR 1
1731957610s474:#############OPENED CONTINUOUS RX C WINDOW
1731957621s500:MAC rxNotify
1731957621s500:NOTIFY
1731957621s500:MAC rxDone
1731957621s503:RXSLOT
1731957621s503:value of rxport: 201
###### D/L FRAME:0047 | PORT:201 | DR:1 | SLOT:C_MC | RSSI:-2 | SNR:8
1731957621s503:#####################FRAGDECODER PROCESS

.... FRAG_DECODER in Progress ....
EXPECTED   : 052 Fragments (02028 Bytes)
RECEIVED   : 048 Fragments
             01872 Bytes
LOST       : 000 Fragments

1731957621s508:RX_C on freq 869525000 Hz at DR 1
1731957621s509:#############OPENED CONTINUOUS RX C WINDOW
1731957632s538:MAC rxNotify
1731957632s538:NOTIFY
1731957632s538:MAC rxDone
1731957632s542:RXSLOT
1731957632s542:value of rxport: 201
###### D/L FRAME:0048 | PORT:201 | DR:1 | SLOT:C_MC | RSSI:-2 | SNR:8
1731957632s542:#####################FRAGDECODER PROCESS

.... FRAG_DECODER in Progress ....
EXPECTED   : 052 Fragments (02028 Bytes)
RECEIVED   : 049 Fragments
             01911 Bytes
LOST       : 000 Fragments

1731957632s547:RX_C on freq 869525000 Hz at DR 1
1731957632s548:#############OPENED CONTINUOUS RX C WINDOW
1731957643s574:MAC rxNotify
1731957643s574:NOTIFY
1731957643s574:MAC rxDone
1731957643s577:RXSLOT
1731957643s577:value of rxport: 201
###### D/L FRAME:0049 | PORT:201 | DR:1 | SLOT:C_MC | RSSI:-2 | SNR:8
1731957643s577:#####################FRAGDECODER PROCESS

.... FRAG_DECODER in Progress ....
EXPECTED   : 052 Fragments (02028 Bytes)
RECEIVED   : 050 Fragments
             01950 Bytes
LOST       : 000 Fragments

1731957643s582:RX_C on freq 869525000 Hz at DR 1
1731957643s583:#############OPENED CONTINUOUS RX C WINDOW
1731957654s611:MAC rxNotify
1731957654s611:NOTIFY
1731957654s612:MAC rxDone
1731957654s615:RXSLOT
1731957654s615:value of rxport: 201
###### D/L FRAME:0050 | PORT:201 | DR:1 | SLOT:C_MC | RSSI:-2 | SNR:8
1731957654s615:#####################FRAGDECODER PROCESS

.... FRAG_DECODER in Progress ....
EXPECTED   : 052 Fragments (02028 Bytes)
RECEIVED   : 051 Fragments
             01989 Bytes
LOST       : 000 Fragments

1731957654s620:RX_C on freq 869525000 Hz at DR 1
1731957654s621:#############OPENED CONTINUOUS RX C WINDOW
1731957665s655:MAC rxNotify
1731957665s655:NOTIFY
1731957665s655:MAC rxDone
1731957665s658:RXSLOT
1731957665s658:value of rxport: 201
###### D/L FRAME:0051 | PORT:201 | DR:1 | SLOT:C_MC | RSSI:-2 | SNR:8
1731957665s658:#####################FRAGDECODER PROCESS

.... FRAG_DECODER in Progress ....
EXPECTED   : 052 Fragments (02028 Bytes)
RECEIVED   : 052 Fragments
             02028 Bytes
LOST       : 000 Fragments


.... FRAG_DECODER Finished ....
STATUS     : 0
1731957665s659:ALL FRAGMENTS RECEIVED

= [SBOOT] System Security Check successfully passed. Starting...


======================================================================
=              (C) COPYRIGHT 2017 STMicroelectronics                 =
=                                                                    =
=              Secure Boot and Secure Firmware Update                =
======================================================================


= [SBOOT] SECURE ENGINE INITIALIZATION SUCCESSFUL
= [SBOOT] STATE: CHECK STATUS ON RESET
	  INFO: A Reboot has been triggered by a Software reset!
= [SBOOT] STATE: CHECK NEW FIRMWARE TO DOWNLOAD
= [SBOOT] STATE: CHECK KMS BLOB TO INSTALL
= [SBOOT] STATE: CHECK USER FW STATUS
	  A FW is detected in the slot SLOT_ACTIVE_1
= [SBOOT] STATE: VERIFY USER FW SIGNATURE
= [SBOOT] STATE: EXECUTE USER FIRMWAREAPPLICATION_VERSION: V1.3.0
MW_LORAWAN_VERSION:  V2.5.0
MW_RADIO_VERSION:    V1.3.0
L2_SPEC_VERSION:     V1.0.4
RP_SPEC_VERSION:     V2-1.0.1
NVM DATA RESTORED
###### AppKey:      2B:7E:15:16:28:AE:D2:A6:AB:F7:15:88:09:CF:4F:3C
###### NwkKey:      2B:7E:15:16:28:AE:D2:A6:AB:F7:15:88:09:CF:4F:3C
###### AppSKey:     06:8B:72:0B:0B:E7:AE:77:1F:2F:C7:CC:80:40:AF:43
###### NwkSKey:     DE:C7:77:A7:73:71:F0:12:2E:EE:81:41:30:DD:88:5E
###### DevEUI:      00:80:E1:15:05:AB:D0:6C
###### AppEUI:      01:01:01:01:01:01:01:01
###### DevAddr:     05:AB:D0:6C
###### KMS ENABLED