
= [SBOOT] System Security Check successfully passed. Starting...


======================================================================
=              (C) COPYRIGHT 2017 STMicroelectronics                 =
=                                                                    =
=              Secure Boot and Secure Firmware Update                =
======================================================================


= [SBOOT] SECURE ENGINE INITIALIZATION SUCCESSFUL
= [SBOOT] STATE: CHECK STATUS ON RESET
	  INFO: A Reboot has been triggered by a Hardware reset!
= [SBOOT] STATE: CHECK NEW FIRMWARE TO DOWNLOAD
= [SBOOT] STATE: CHECK KMS BLOB TO INSTALL
= [SBOOT] STATE: CHECK USER FW STATUS
	  A FW is detected in the slot SLOT_ACTIVE_1
= [SBOOT] STATE: VERIFY USER FW SIGNATURE
= [SBOOT] STATE: EXECUTE USER FIRMWAREAPPLICATION_VERSION: V1.3.0
MW_LORAWAN_VERSION:  V2.5.0
MW_RADIO_VERSION:    V1.3.0
L2_SPEC_VERSION:     V1.0.4
RP_SPEC_VERSION:     V2-1.0.1
NVM DATA RESTORED
###### AppKey:      2B:7E:15:16:28:AE:D2:A6:AB:F7:15:88:09:CF:4F:3C
###### NwkKey:      2B:7E:15:16:28:AE:D2:A6:AB:F7:15:88:09:CF:4F:3C
###### AppSKey:     2D:51:E2:3E:01:90:E9:6C:60:5A:53:DA:79:82:24:9F
###### NwkSKey:     2A:43:9E:B0:00:1F:8D:5D:33:07:FD:FB:22:7F:98:63
###### DevEUI:      00:80:E1:15:05:AB:D0:6C
###### AppEUI:      01:01:01:01:01:01:01:01
###### DevAddr:     05:AB:D0:6C
###### KMS ENABLED

###### = JOINED = OTAA =====================
[31mNetwork joined, choose app to execute:
BTN1: TxTimer send uplink every 10 sec
BTN2: Airtime test
[0m
###### U/L FRAME:JOIN | DR:1 | PWR:1
###### MCRootKey:   7D:F7:6B:0C:1A:B8:99:B3:3E:42:F0:47:B9:1B:54:6F
###### MCKEKey:     8C:B8:66:5E:0C:0E:0B:64:5B:2E:D9:E4:8A:19:27:7C
###### AppSKey:     C2:37:01:D1:B1:57:4F:1C:D2:F1:81:88:E9:17:A5:92
###### NwkSKey:     CE:16:12:86:D6:4E:3F:23:2B:D9:0E:FB:96:77:73:4D
###### DBIntKey:    7A:C4:7C:65:FE:25:9B:B6:54:BD:26:35:19:F8:9C:8E
###### DevEUI:      00:80:E1:15:05:AB:D0:6C
###### AppEUI:      01:01:01:01:01:01:01:01
###### DevAddr:     00:15:DF:1B
[32mStart tx timer regular[0m

###### ========== MCPS-Confirm =============
###### U/L FRAME:0001 | PORT:24 | DR:1 | PWR:1 | MSG TYPE:UNCONFIRMED
1731960498s000:value of rxport: 0
###### D/L FRAME:0000 | PORT:0 | DR:1 | SLOT:1 | RSSI:-2 | SNR:7
1731960525s501:Airtime test started: 0
1731960525s501:MAC Tx start packet size: 21
1731960525s505:TX on freq 867300000 Hz at DR 1
1731960525s506:RADIO SEND WITH size 21
1731960525s507:SEND REQUEST
1731960526s248:NOTIFY
1731960526s248:MAC txDone
1731960527s256:RX_1 on freq 867300000 Hz at DR 1
1731960527s355:IRQ_RX_TX_TIMEOUT
1731960527s356:NOTIFY
1731960527s356:MAC rxTimeOut
1731960528s279:RX_2 on freq 869525000 Hz at DR 0
1731960528s477:IRQ_RX_TX_TIMEOUT
1731960528s477:NOTIFY
1731960528s477:MAC rxTimeOut

###### ========== MCPS-Confirm =============
###### U/L FRAME:0002 | PORT:24 | DR:1 | PWR:1 | MSG TYPE:UNCONFIRMED
1731960555s507:Airtime test started: 0
1731960555s507:MAC Tx start packet size: 18
1731960555s511:TX on freq 867700000 Hz at DR 1
1731960555s511:RADIO SEND WITH size 18
1731960555s513:SEND REQUEST
1731960556s172:NOTIFY
1731960556s172:MAC txDone
1731960557s180:RX_1 on freq 867700000 Hz at DR 1
1731960557s279:IRQ_RX_TX_TIMEOUT
1731960557s280:NOTIFY
1731960557s280:MAC rxTimeOut
1731960558s203:RX_2 on freq 869525000 Hz at DR 0
1731960558s401:IRQ_RX_TX_TIMEOUT
1731960558s401:NOTIFY
1731960558s401:MAC rxTimeOut

###### ========== MCPS-Confirm =============
###### U/L FRAME:0003 | PORT:24 | DR:1 | PWR:1 | MSG TYPE:UNCONFIRMED
1731960585s513:Airtime test started: 0
1731960585s513:MAC Tx start packet size: 18
1731960585s517:TX on freq 868500000 Hz at DR 1
1731960585s517:RADIO SEND WITH size 18
1731960585s518:SEND REQUEST
1731960586s178:NOTIFY
1731960586s178:MAC txDone
1731960587s185:RX_1 on freq 868500000 Hz at DR 1
1731960587s285:IRQ_RX_TX_TIMEOUT
1731960587s286:NOTIFY
1731960587s286:MAC rxTimeOut
1731960588s209:RX_2 on freq 869525000 Hz at DR 0
1731960588s407:IRQ_RX_TX_TIMEOUT
1731960588s407:NOTIFY
1731960588s407:MAC rxTimeOut

###### ========== MCPS-Confirm =============
###### U/L FRAME:0004 | PORT:24 | DR:1 | PWR:1 | MSG TYPE:UNCONFIRMED
1731960615s518:Airtime test started: 0
1731960615s518:MAC Tx start packet size: 18
1731960615s522:TX on freq 867100000 Hz at DR 1
1731960615s522:RADIO SEND WITH size 18
1731960615s524:SEND REQUEST
1731960616s184:NOTIFY
1731960616s184:MAC txDone
1731960617s192:RX_1 on freq 867100000 Hz at DR 1
1731960617s292:IRQ_RX_TX_TIMEOUT
1731960617s293:NOTIFY
1731960617s293:MAC rxTimeOut
1731960618s216:RX_2 on freq 869525000 Hz at DR 0
1731960618s414:IRQ_RX_TX_TIMEOUT
1731960618s414:NOTIFY
1731960618s414:MAC rxTimeOut

###### ========== MCPS-Confirm =============
###### U/L FRAME:0005 | PORT:24 | DR:1 | PWR:1 | MSG TYPE:UNCONFIRMED
1731960645s524:Airtime test started: 0
1731960645s524:MAC Tx start packet size: 18
1731960645s528:TX on freq 868100000 Hz at DR 1
1731960645s528:RADIO SEND WITH size 18
1731960645s530:SEND REQUEST
1731960646s189:NOTIFY
1731960646s189:MAC txDone
1731960647s197:RX_1 on freq 868100000 Hz at DR 1
1731960647s297:IRQ_RX_TX_TIMEOUT
1731960647s298:NOTIFY
1731960647s298:MAC rxTimeOut
1731960648s221:RX_2 on freq 869525000 Hz at DR 0
1731960648s419:IRQ_RX_TX_TIMEOUT
1731960648s419:NOTIFY
1731960648s419:MAC rxTimeOut

###### ========== MCPS-Confirm =============
###### U/L FRAME:0006 | PORT:24 | DR:1 | PWR:1 | MSG TYPE:UNCONFIRMED
1731960675s530:Airtime test started: 0
1731960675s530:MAC Tx start packet size: 18
1731960675s534:TX on freq 868300000 Hz at DR 1
1731960675s534:RADIO SEND WITH size 18
1731960675s536:SEND REQUEST
1731960676s195:NOTIFY
1731960676s195:MAC txDone
1731960677s203:RX_1 on freq 868300000 Hz at DR 1
1731960677s303:IRQ_RX_TX_TIMEOUT
1731960677s304:NOTIFY
1731960677s304:MAC rxTimeOut
1731960678s226:RX_2 on freq 869525000 Hz at DR 0
1731960678s425:IRQ_RX_TX_TIMEOUT
1731960678s425:NOTIFY
1731960678s425:MAC rxTimeOut

###### ========== MCPS-Confirm =============
###### U/L FRAME:0007 | PORT:24 | DR:1 | PWR:1 | MSG TYPE:UNCONFIRMED
1731960705s536:Airtime test started: 0
1731960705s536:MAC Tx start packet size: 18
1731960705s540:TX on freq 867900000 Hz at DR 1
1731960705s540:RADIO SEND WITH size 18
1731960705s542:SEND REQUEST
1731960706s201:NOTIFY
1731960706s201:MAC txDone
1731960707s209:RX_1 on freq 867900000 Hz at DR 1
1731960707s309:IRQ_RX_TX_TIMEOUT
1731960707s310:NOTIFY
1731960707s310:MAC rxTimeOut
1731960708s232:RX_2 on freq 869525000 Hz at DR 0
1731960708s431:IRQ_RX_TX_TIMEOUT
1731960708s431:NOTIFY
1731960708s431:MAC rxTimeOut

###### ========== MCPS-Confirm =============
###### U/L FRAME:0008 | PORT:24 | DR:1 | PWR:1 | MSG TYPE:UNCONFIRMED
1731960735s542:Airtime test started: 0
1731960735s542:MAC Tx start packet size: 18
1731960735s546:TX on freq 867900000 Hz at DR 1
1731960735s546:RADIO SEND WITH size 18
1731960735s548:SEND REQUEST
1731960736s207:NOTIFY
1731960736s207:MAC txDone
1731960737s215:RX_1 on freq 867900000 Hz at DR 1
1731960737s314:IRQ_RX_TX_TIMEOUT
1731960737s315:NOTIFY
1731960737s315:MAC rxTimeOut
1731960738s238:RX_2 on freq 869525000 Hz at DR 0
1731960738s436:IRQ_RX_TX_TIMEOUT
1731960738s436:NOTIFY
1731960738s436:MAC rxTimeOut

###### ========== MCPS-Confirm =============
###### U/L FRAME:0009 | PORT:24 | DR:1 | PWR:1 | MSG TYPE:UNCONFIRMED
1731960765s548:Airtime test started: 0
1731960765s548:MAC Tx start packet size: 18
1731960765s552:TX on freq 867500000 Hz at DR 1
1731960765s552:RADIO SEND WITH size 18
1731960765s554:SEND REQUEST
1731960766s213:NOTIFY
1731960766s213:MAC txDone
1731960767s221:RX_1 on freq 867500000 Hz at DR 1
1731960767s320:IRQ_RX_TX_TIMEOUT
1731960767s321:NOTIFY
1731960767s321:MAC rxTimeOut
1731960768s244:RX_2 on freq 869525000 Hz at DR 0
1731960768s442:IRQ_RX_TX_TIMEOUT
1731960768s442:NOTIFY
1731960768s442:MAC rxTimeOut

###### ========== MCPS-Confirm =============
###### U/L FRAME:0010 | PORT:24 | DR:1 | PWR:1 | MSG TYPE:UNCONFIRMED
1731960795s554:Airtime test started: 0
1731960795s554:MAC Tx start packet size: 18
1731960795s558:TX on freq 867700000 Hz at DR 1
1731960795s558:RADIO SEND WITH size 18
1731960795s560:SEND REQUEST
1731960796s219:NOTIFY
1731960796s219:MAC txDone
1731960797s226:RX_1 on freq 867700000 Hz at DR 1
1731960797s326:IRQ_RX_TX_TIMEOUT
1731960797s327:NOTIFY
1731960797s327:MAC rxTimeOut
1731960798s250:RX_2 on freq 869525000 Hz at DR 0
1731960798s448:IRQ_RX_TX_TIMEOUT
1731960798s448:NOTIFY
1731960798s448:MAC rxTimeOut

###### ========== MCPS-Confirm =============
###### U/L FRAME:0011 | PORT:24 | DR:1 | PWR:1 | MSG TYPE:UNCONFIRMED
1731960825s560:Airtime test started: 0
1731960825s560:MAC Tx start packet size: 18
1731960825s563:TX on freq 868500000 Hz at DR 1
1731960825s563:RADIO SEND WITH size 18
1731960825s565:SEND REQUEST
1731960826s225:NOTIFY
1731960826s225:MAC txDone
1731960827s233:RX_1 on freq 868500000 Hz at DR 1
1731960828s391:MAC rxNotify
1731960828s391:NOTIFY
1731960828s391:MAC rxDone

###### ========== MCPS-Confirm =============
###### U/L FRAME:0012 | PORT:24 | DR:1 | PWR:1 | MSG TYPE:UNCONFIRMED
1731960828s393:value of rxport: 200
1731960828s393:MULTICAST CLASS C SETUP 2
###### D/L FRAME:0001 | PORT:200 | DR:1 | SLOT:1 | RSSI:-2 | SNR:7
1731960828s403:MAC Tx start packet size: 15
1731960828s407:TX on freq 867300000 Hz at DR 1
1731960828s408:RADIO SEND WITH size 15
ID          : 0
McAddr      : 219D9E51
McKey       : 75-AF-11-37-07-E8-27-35-4C-1F-C3-F7-B5-0E-E2-71
McFCountMin : 0
McFCountMax : 4294967295
SessionTime : 0
SessionTimeT: 1 s
Rx Freq     : 0
Rx DR       : DR_0
1731960829s069:NOTIFY
1731960829s069:MAC txDone
1731960830s077:RX_1 on freq 867300000 Hz at DR 1
1731960830s906:MAC rxNotify
1731960830s906:NOTIFY
1731960830s906:MAC rxDone

###### ========== MCPS-Confirm =============
###### U/L FRAME:0013 | PORT:200 | DR:1 | PWR:1 | MSG TYPE:UNCONFIRMED
1731960830s908:value of rxport: 201
###### D/L FRAME:0002 | PORT:201 | DR:1 | SLOT:1 | RSSI:-3 | SNR:8
1731960830s909:#####################FRAGDECODER INIT
1731960834s791:MAC Tx start packet size: 15
1731960834s795:TX on freq 868100000 Hz at DR 1
1731960834s795:RADIO SEND WITH size 15
1731960835s456:NOTIFY
1731960835s456:MAC txDone
1731960836s464:RX_1 on freq 868100000 Hz at DR 1
1731960837s294:MAC rxNotify
1731960837s294:NOTIFY
1731960837s294:MAC rxDone

###### ========== MCPS-Confirm =============
###### U/L FRAME:0014 | PORT:201 | DR:1 | PWR:1 | MSG TYPE:UNCONFIRMED
1731960837s296:value of rxport: 200
1731960837s297:MULTICAST CLASS C SETUP 4
###### D/L FRAME:0003 | PORT:200 | DR:1 | SLOT:1 | RSSI:-2 | SNR:7
Time2SessionStart: 298000 ms
1731960837s297:MAC Tx start packet size: 18
1731960837s301:TX on freq 868300000 Hz at DR 1
1731960837s302:RADIO SEND WITH size 18
ID          : 0
McAddr      : 219D9E51
McKey       : 75-AF-11-37-07-E8-27-35-4C-1F-C3-F7-B5-0E-E2-71
McFCountMin : 0
McFCountMax : 4294967295
SessionTime : 1731961135
SessionTimeT: 4096 s
Rx Freq     : 869525000
Rx DR       : DR_1
1731960837s962:NOTIFY
1731960837s963:MAC txDone
1731960838s970:RX_1 on freq 868300000 Hz at DR 1
1731960839s069:IRQ_RX_TX_TIMEOUT
1731960839s070:NOTIFY
1731960839s070:MAC rxTimeOut
1731960839s993:RX_2 on freq 869525000 Hz at DR 0
1731960840s191:IRQ_RX_TX_TIMEOUT
1731960840s191:NOTIFY
1731960840s191:MAC rxTimeOut

###### ========== MCPS-Confirm =============
###### U/L FRAME:0015 | PORT:200 | DR:1 | PWR:1 | MSG TYPE:UNCONFIRMED
1731961135s297:[SWITCHCLASS class C]
1731961135s311:RX_C on freq 869525000 Hz at DR 1
1731961135s313:#############OPENED CONTINUOUS RX C WINDOW
Switch to Class C done
1731961138s862:MAC rxNotify
1731961138s862:NOTIFY
1731961138s862:MAC rxDone
1731961138s866:RXSLOT
1731961138s866:value of rxport: 201
###### D/L FRAME:0000 | PORT:201 | DR:1 | SLOT:C_MC | RSSI:0 | SNR:8
1731961138s866:#####################FRAGDECODER PROCESS

.... FRAG_DECODER in Progress ....
EXPECTED   : 052 Fragments (02028 Bytes)
RECEIVED   : 001 Fragments
             00039 Bytes
LOST       : 000 Fragments

1731961138s871:RX_C on freq 869525000 Hz at DR 1
1731961138s872:#############OPENED CONTINUOUS RX C WINDOW
1731961149s900:MAC rxNotify
1731961149s900:NOTIFY
1731961149s900:MAC rxDone
1731961149s903:RXSLOT
1731961149s903:value of rxport: 201
###### D/L FRAME:0001 | PORT:201 | DR:1 | SLOT:C_MC | RSSI:0 | SNR:8
1731961149s903:#####################FRAGDECODER PROCESS

.... FRAG_DECODER in Progress ....
EXPECTED   : 052 Fragments (02028 Bytes)
RECEIVED   : 002 Fragments
             00078 Bytes
LOST       : 000 Fragments

1731961149s908:RX_C on freq 869525000 Hz at DR 1
1731961149s909:#############OPENED CONTINUOUS RX C WINDOW
1731961160s936:MAC rxNotify
1731961160s936:NOTIFY
1731961160s936:MAC rxDone
1731961160s940:RXSLOT
1731961160s940:value of rxport: 201
###### D/L FRAME:0002 | PORT:201 | DR:1 | SLOT:C_MC | RSSI:0 | SNR:8
1731961160s940:#####################FRAGDECODER PROCESS

.... FRAG_DECODER in Progress ....
EXPECTED   : 052 Fragments (02028 Bytes)
RECEIVED   : 003 Fragments
             00117 Bytes
LOST       : 000 Fragments

1731961160s945:RX_C on freq 869525000 Hz at DR 1
1731961160s946:#############OPENED CONTINUOUS RX C WINDOW
1731961171s974:MAC rxNotify
1731961171s974:NOTIFY
1731961171s974:MAC rxDone
1731961171s976:RXSLOT
1731961171s976:value of rxport: 201
###### D/L FRAME:0003 | PORT:201 | DR:1 | SLOT:C_MC | RSSI:0 | SNR:8
1731961171s976:#####################FRAGDECODER PROCESS

.... FRAG_DECODER in Progress ....
EXPECTED   : 052 Fragments (02028 Bytes)
RECEIVED   : 004 Fragments
             00156 Bytes
LOST       : 000 Fragments

1731961171s981:RX_C on freq 869525000 Hz at DR 1
1731961171s982:#############OPENED CONTINUOUS RX C WINDOW
1731961183s018:MAC rxNotify
1731961183s018:NOTIFY
1731961183s018:MAC rxDone
1731961183s021:RXSLOT
1731961183s021:value of rxport: 201
###### D/L FRAME:0004 | PORT:201 | DR:1 | SLOT:C_MC | RSSI:0 | SNR:8
1731961183s021:#####################FRAGDECODER PROCESS

.... FRAG_DECODER in Progress ....
EXPECTED   : 052 Fragments (02028 Bytes)
RECEIVED   : 005 Fragments
             00195 Bytes
LOST       : 000 Fragments

1731961183s026:RX_C on freq 869525000 Hz at DR 1
1731961183s027:#############OPENED CONTINUOUS RX C WINDOW
1731961194s064:MAC rxNotify
1731961194s064:NOTIFY
1731961194s064:MAC rxDone
1731961194s068:RXSLOT
1731961194s068:value of rxport: 201
###### D/L FRAME:0005 | PORT:201 | DR:1 | SLOT:C_MC | RSSI:0 | SNR:8
1731961194s068:#####################FRAGDECODER PROCESS

.... FRAG_DECODER in Progress ....
EXPECTED   : 052 Fragments (02028 Bytes)
RECEIVED   : 006 Fragments
             00234 Bytes
LOST       : 000 Fragments

1731961194s073:RX_C on freq 869525000 Hz at DR 1
1731961194s074:#############OPENED CONTINUOUS RX C WINDOW
1731961205s099:MAC rxNotify
1731961205s099:NOTIFY
1731961205s100:MAC rxDone
1731961205s102:RXSLOT
1731961205s102:value of rxport: 201
###### D/L FRAME:0006 | PORT:201 | DR:1 | SLOT:C_MC | RSSI:0 | SNR:8
1731961205s102:#####################FRAGDECODER PROCESS

.... FRAG_DECODER in Progress ....
EXPECTED   : 052 Fragments (02028 Bytes)
RECEIVED   : 007 Fragments
             00273 Bytes
LOST       : 000 Fragments

1731961205s107:RX_C on freq 869525000 Hz at DR 1
1731961205s108:#############OPENED CONTINUOUS RX C WINDOW
1731961216s136:MAC rxNotify
1731961216s136:NOTIFY
1731961216s136:MAC rxDone
1731961216s139:RXSLOT
1731961216s139:value of rxport: 201
###### D/L FRAME:0007 | PORT:201 | DR:1 | SLOT:C_MC | RSSI:0 | SNR:8
1731961216s139:#####################FRAGDECODER PROCESS

.... FRAG_DECODER in Progress ....
EXPECTED   : 052 Fragments (02028 Bytes)
RECEIVED   : 008 Fragments
             00312 Bytes
LOST       : 000 Fragments

1731961216s143:RX_C on freq 869525000 Hz at DR 1
1731961216s144:#############OPENED CONTINUOUS RX C WINDOW
1731961227s168:MAC rxNotify
1731961227s168:NOTIFY
1731961227s168:MAC rxDone
1731961227s172:RXSLOT
1731961227s172:value of rxport: 201
###### D/L FRAME:0008 | PORT:201 | DR:1 | SLOT:C_MC | RSSI:0 | SNR:8
1731961227s172:#####################FRAGDECODER PROCESS

.... FRAG_DECODER in Progress ....
EXPECTED   : 052 Fragments (02028 Bytes)
RECEIVED   : 009 Fragments
             00351 Bytes
LOST       : 000 Fragments

1731961227s177:RX_C on freq 869525000 Hz at DR 1
1731961227s178:#############OPENED CONTINUOUS RX C WINDOW
1731961238s206:MAC rxNotify
1731961238s206:NOTIFY
1731961238s206:MAC rxDone
1731961238s209:RXSLOT
1731961238s209:value of rxport: 201
###### D/L FRAME:0009 | PORT:201 | DR:1 | SLOT:C_MC | RSSI:0 | SNR:8
1731961238s209:#####################FRAGDECODER PROCESS

.... FRAG_DECODER in Progress ....
EXPECTED   : 052 Fragments (02028 Bytes)
RECEIVED   : 010 Fragments
             00390 Bytes
LOST       : 000 Fragments

1731961238s214:RX_C on freq 869525000 Hz at DR 1
1731961238s215:#############OPENED CONTINUOUS RX C WINDOW
1731961249s236:MAC rxNotify
1731961249s236:NOTIFY
1731961249s236:MAC rxDone
1731961249s239:RXSLOT
1731961249s239:value of rxport: 201
###### D/L FRAME:0010 | PORT:201 | DR:1 | SLOT:C_MC | RSSI:0 | SNR:8
1731961249s239:#####################FRAGDECODER PROCESS

.... FRAG_DECODER in Progress ....
EXPECTED   : 052 Fragments (02028 Bytes)
RECEIVED   : 011 Fragments
             00429 Bytes
LOST       : 000 Fragments

1731961249s244:RX_C on freq 869525000 Hz at DR 1
1731961249s245:#############OPENED CONTINUOUS RX C WINDOW
1731961260s270:MAC rxNotify
1731961260s270:NOTIFY
1731961260s270:MAC rxDone
1731961260s274:RXSLOT
1731961260s274:value of rxport: 201
###### D/L FRAME:0011 | PORT:201 | DR:1 | SLOT:C_MC | RSSI:0 | SNR:7
1731961260s274:#####################FRAGDECODER PROCESS

.... FRAG_DECODER in Progress ....
EXPECTED   : 052 Fragments (02028 Bytes)
RECEIVED   : 012 Fragments
             00468 Bytes
LOST       : 000 Fragments

1731961260s279:RX_C on freq 869525000 Hz at DR 1
1731961260s280:#############OPENED CONTINUOUS RX C WINDOW
1731961272s300:MAC rxNotify
1731961272s300:NOTIFY
1731961272s300:MAC rxDone
1731961272s303:RXSLOT
1731961272s303:value of rxport: 201
###### D/L FRAME:0012 | PORT:201 | DR:1 | SLOT:C_MC | RSSI:0 | SNR:8
1731961272s303:#####################FRAGDECODER PROCESS

.... FRAG_DECODER in Progress ....
EXPECTED   : 052 Fragments (02028 Bytes)
RECEIVED   : 013 Fragments
             00507 Bytes
LOST       : 000 Fragments

1731961272s308:RX_C on freq 869525000 Hz at DR 1
1731961272s309:#############OPENED CONTINUOUS RX C WINDOW
1731961283s335:MAC rxNotify
1731961283s335:NOTIFY
1731961283s335:MAC rxDone
1731961283s339:RXSLOT
1731961283s339:value of rxport: 201
###### D/L FRAME:0013 | PORT:201 | DR:1 | SLOT:C_MC | RSSI:0 | SNR:8
1731961283s339:#####################FRAGDECODER PROCESS

.... FRAG_DECODER in Progress ....
EXPECTED   : 052 Fragments (02028 Bytes)
RECEIVED   : 014 Fragments
             00546 Bytes
LOST       : 000 Fragments

1731961283s344:RX_C on freq 869525000 Hz at DR 1
1731961283s345:#############OPENED CONTINUOUS RX C WINDOW
1731961294s370:MAC rxNotify
1731961294s370:NOTIFY
1731961294s370:MAC rxDone
1731961294s373:RXSLOT
1731961294s373:value of rxport: 201
###### D/L FRAME:0014 | PORT:201 | DR:1 | SLOT:C_MC | RSSI:0 | SNR:8
1731961294s373:#####################FRAGDECODER PROCESS

.... FRAG_DECODER in Progress ....
EXPECTED   : 052 Fragments (02028 Bytes)
RECEIVED   : 015 Fragments
             00585 Bytes
LOST       : 000 Fragments

1731961294s378:RX_C on freq 869525000 Hz at DR 1
1731961294s379:#############OPENED CONTINUOUS RX C WINDOW
1731961305s401:MAC rxNotify
1731961305s401:NOTIFY
1731961305s401:MAC rxDone
1731961305s404:RXSLOT
1731961305s404:value of rxport: 201
###### D/L FRAME:0015 | PORT:201 | DR:1 | SLOT:C_MC | RSSI:0 | SNR:8
1731961305s404:#####################FRAGDECODER PROCESS

.... FRAG_DECODER in Progress ....
EXPECTED   : 052 Fragments (02028 Bytes)
RECEIVED   : 016 Fragments
             00624 Bytes
LOST       : 000 Fragments

1731961305s409:RX_C on freq 869525000 Hz at DR 1
1731961305s410:#############OPENED CONTINUOUS RX C WINDOW
1731961316s435:MAC rxNotify
1731961316s435:NOTIFY
1731961316s435:MAC rxDone
1731961316s438:RXSLOT
1731961316s438:value of rxport: 201
###### D/L FRAME:0016 | PORT:201 | DR:1 | SLOT:C_MC | RSSI:0 | SNR:8
1731961316s438:#####################FRAGDECODER PROCESS

.... FRAG_DECODER in Progress ....
EXPECTED   : 052 Fragments (02028 Bytes)
RECEIVED   : 017 Fragments
             00663 Bytes
LOST       : 000 Fragments

1731961316s443:RX_C on freq 869525000 Hz at DR 1
1731961316s444:#############OPENED CONTINUOUS RX C WINDOW
1731961327s476:MAC rxNotify
1731961327s476:NOTIFY
1731961327s476:MAC rxDone
1731961327s478:RXSLOT
1731961327s478:value of rxport: 201
###### D/L FRAME:0017 | PORT:201 | DR:1 | SLOT:C_MC | RSSI:0 | SNR:8
1731961327s478:#####################FRAGDECODER PROCESS

.... FRAG_DECODER in Progress ....
EXPECTED   : 052 Fragments (02028 Bytes)
RECEIVED   : 018 Fragments
             00702 Bytes
LOST       : 000 Fragments

1731961327s483:RX_C on freq 869525000 Hz at DR 1
1731961327s484:#############OPENED CONTINUOUS RX C WINDOW
1731961338s514:MAC rxNotify
1731961338s514:NOTIFY
1731961338s514:MAC rxDone
1731961338s517:RXSLOT
1731961338s517:value of rxport: 201
###### D/L FRAME:0018 | PORT:201 | DR:1 | SLOT:C_MC | RSSI:0 | SNR:8
1731961338s517:#####################FRAGDECODER PROCESS

.... FRAG_DECODER in Progress ....
EXPECTED   : 052 Fragments (02028 Bytes)
RECEIVED   : 019 Fragments
             00741 Bytes
LOST       : 000 Fragments

1731961338s521:RX_C on freq 869525000 Hz at DR 1
1731961338s522:#############OPENED CONTINUOUS RX C WINDOW
1731961349s549:MAC rxNotify
1731961349s549:NOTIFY
1731961349s549:MAC rxDone
1731961349s552:RXSLOT
1731961349s552:value of rxport: 201
###### D/L FRAME:0019 | PORT:201 | DR:1 | SLOT:C_MC | RSSI:0 | SNR:8
1731961349s552:#####################FRAGDECODER PROCESS

.... FRAG_DECODER in Progress ....
EXPECTED   : 052 Fragments (02028 Bytes)
RECEIVED   : 020 Fragments
             00780 Bytes
LOST       : 000 Fragments

1731961349s557:RX_C on freq 869525000 Hz at DR 1
1731961349s558:#############OPENED CONTINUOUS RX C WINDOW
1731961360s588:MAC rxNotify
1731961360s588:NOTIFY
1731961360s588:MAC rxDone
1731961360s591:RXSLOT
1731961360s591:value of rxport: 201
###### D/L FRAME:0020 | PORT:201 | DR:1 | SLOT:C_MC | RSSI:0 | SNR:8
1731961360s591:#####################FRAGDECODER PROCESS

.... FRAG_DECODER in Progress ....
EXPECTED   : 052 Fragments (02028 Bytes)
RECEIVED   : 021 Fragments
             00819 Bytes
LOST       : 000 Fragments

1731961360s596:RX_C on freq 869525000 Hz at DR 1
1731961360s597:#############OPENED CONTINUOUS RX C WINDOW
1731961371s622:MAC rxNotify
1731961371s622:NOTIFY
1731961371s622:MAC rxDone
1731961371s625:RXSLOT
1731961371s625:value of rxport: 201
###### D/L FRAME:0021 | PORT:201 | DR:1 | SLOT:C_MC | RSSI:0 | SNR:8
1731961371s625:#####################FRAGDECODER PROCESS

.... FRAG_DECODER in Progress ....
EXPECTED   : 052 Fragments (02028 Bytes)
RECEIVED   : 022 Fragments
             00858 Bytes
LOST       : 000 Fragments

1731961371s630:RX_C on freq 869525000 Hz at DR 1
1731961371s631:#############OPENED CONTINUOUS RX C WINDOW
1731961382s659:MAC rxNotify
1731961382s659:NOTIFY
1731961382s659:MAC rxDone
1731961382s663:RXSLOT
1731961382s663:value of rxport: 201
###### D/L FRAME:0022 | PORT:201 | DR:1 | SLOT:C_MC | RSSI:0 | SNR:8
1731961382s663:#####################FRAGDECODER PROCESS

.... FRAG_DECODER in Progress ....
EXPECTED   : 052 Fragments (02028 Bytes)
RECEIVED   : 023 Fragments
             00897 Bytes
LOST       : 000 Fragments

1731961382s668:RX_C on freq 869525000 Hz at DR 1
1731961382s669:#############OPENED CONTINUOUS RX C WINDOW
1731961393s696:MAC rxNotify
1731961393s696:NOTIFY
1731961393s696:MAC rxDone
1731961393s699:RXSLOT
1731961393s699:value of rxport: 201
###### D/L FRAME:0023 | PORT:201 | DR:1 | SLOT:C_MC | RSSI:0 | SNR:8
1731961393s699:#####################FRAGDECODER PROCESS

.... FRAG_DECODER in Progress ....
EXPECTED   : 052 Fragments (02028 Bytes)
RECEIVED   : 024 Fragments
             00936 Bytes
LOST       : 000 Fragments

1731961393s704:RX_C on freq 869525000 Hz at DR 1
1731961393s705:#############OPENED CONTINUOUS RX C WINDOW
1731961404s729:MAC rxNotify
1731961404s729:NOTIFY
1731961404s729:MAC rxDone
1731961404s732:RXSLOT
1731961404s732:value of rxport: 201
###### D/L FRAME:0024 | PORT:201 | DR:1 | SLOT:C_MC | RSSI:0 | SNR:8
1731961404s732:#####################FRAGDECODER PROCESS

.... FRAG_DECODER in Progress ....
EXPECTED   : 052 Fragments (02028 Bytes)
RECEIVED   : 025 Fragments
             00975 Bytes
LOST       : 000 Fragments

1731961404s737:RX_C on freq 869525000 Hz at DR 1
1731961404s738:#############OPENED CONTINUOUS RX C WINDOW
1731961415s759:MAC rxNotify
1731961415s759:NOTIFY
1731961415s759:MAC rxDone
1731961415s762:RXSLOT
1731961415s762:value of rxport: 201
###### D/L FRAME:0025 | PORT:201 | DR:1 | SLOT:C_MC | RSSI:0 | SNR:8
1731961415s762:#####################FRAGDECODER PROCESS

.... FRAG_DECODER in Progress ....
EXPECTED   : 052 Fragments (02028 Bytes)
RECEIVED   : 026 Fragments
             01014 Bytes
LOST       : 000 Fragments

1731961415s767:RX_C on freq 869525000 Hz at DR 1
1731961415s768:#############OPENED CONTINUOUS RX C WINDOW
1731961426s794:MAC rxNotify
1731961426s794:NOTIFY
1731961426s794:MAC rxDone
1731961426s797:RXSLOT
1731961426s797:value of rxport: 201
###### D/L FRAME:0026 | PORT:201 | DR:1 | SLOT:C_MC | RSSI:0 | SNR:8
1731961426s797:#####################FRAGDECODER PROCESS

.... FRAG_DECODER in Progress ....
EXPECTED   : 052 Fragments (02028 Bytes)
RECEIVED   : 027 Fragments
             01053 Bytes
LOST       : 000 Fragments

1731961426s802:RX_C on freq 869525000 Hz at DR 1
1731961426s803:#############OPENED CONTINUOUS RX C WINDOW
1731961437s828:MAC rxNotify
1731961437s828:NOTIFY
1731961437s828:MAC rxDone
1731961437s831:RXSLOT
1731961437s831:value of rxport: 201
###### D/L FRAME:0027 | PORT:201 | DR:1 | SLOT:C_MC | RSSI:0 | SNR:8
1731961437s831:#####################FRAGDECODER PROCESS

.... FRAG_DECODER in Progress ....
EXPECTED   : 052 Fragments (02028 Bytes)
RECEIVED   : 028 Fragments
             01092 Bytes
LOST       : 000 Fragments

1731961437s836:RX_C on freq 869525000 Hz at DR 1
1731961437s837:#############OPENED CONTINUOUS RX C WINDOW
1731961449s862:MAC rxNotify
1731961449s863:NOTIFY
1731961449s863:MAC rxDone
1731961449s866:RXSLOT
1731961449s866:value of rxport: 201
###### D/L FRAME:0028 | PORT:201 | DR:1 | SLOT:C_MC | RSSI:0 | SNR:8
1731961449s866:#####################FRAGDECODER PROCESS

.... FRAG_DECODER in Progress ....
EXPECTED   : 052 Fragments (02028 Bytes)
RECEIVED   : 029 Fragments
             01131 Bytes
LOST       : 000 Fragments

1731961449s871:RX_C on freq 869525000 Hz at DR 1
1731961449s872:#############OPENED CONTINUOUS RX C WINDOW
1731961460s904:MAC rxNotify
1731961460s904:NOTIFY
1731961460s904:MAC rxDone
1731961460s907:RXSLOT
1731961460s907:value of rxport: 201
###### D/L FRAME:0029 | PORT:201 | DR:1 | SLOT:C_MC | RSSI:0 | SNR:8
1731961460s907:#####################FRAGDECODER PROCESS

.... FRAG_DECODER in Progress ....
EXPECTED   : 052 Fragments (02028 Bytes)
RECEIVED   : 030 Fragments
             01170 Bytes
LOST       : 000 Fragments

1731961460s912:RX_C on freq 869525000 Hz at DR 1
1731961460s913:#############OPENED CONTINUOUS RX C WINDOW
1731961471s939:MAC rxNotify
1731961471s939:NOTIFY
1731961471s939:MAC rxDone
1731961471s942:RXSLOT
1731961471s942:value of rxport: 201
###### D/L FRAME:0030 | PORT:201 | DR:1 | SLOT:C_MC | RSSI:0 | SNR:8
1731961471s942:#####################FRAGDECODER PROCESS

.... FRAG_DECODER in Progress ....
EXPECTED   : 052 Fragments (02028 Bytes)
RECEIVED   : 031 Fragments
             01209 Bytes
LOST       : 000 Fragments

1731961471s947:RX_C on freq 869525000 Hz at DR 1
1731961471s948:#############OPENED CONTINUOUS RX C WINDOW
1731961482s969:MAC rxNotify
1731961482s969:NOTIFY
1731961482s969:MAC rxDone
1731961482s972:RXSLOT
1731961482s972:value of rxport: 201
###### D/L FRAME:0031 | PORT:201 | DR:1 | SLOT:C_MC | RSSI:0 | SNR:8
1731961482s972:#####################FRAGDECODER PROCESS

.... FRAG_DECODER in Progress ....
EXPECTED   : 052 Fragments (02028 Bytes)
RECEIVED   : 032 Fragments
             01248 Bytes
LOST       : 000 Fragments

1731961482s976:RX_C on freq 869525000 Hz at DR 1
1731961482s977:#############OPENED CONTINUOUS RX C WINDOW
1731961494s017:MAC rxNotify
1731961494s017:NOTIFY
1731961494s018:MAC rxDone
1731961494s020:RXSLOT
1731961494s020:value of rxport: 201
###### D/L FRAME:0032 | PORT:201 | DR:1 | SLOT:C_MC | RSSI:0 | SNR:8
1731961494s020:#####################FRAGDECODER PROCESS

.... FRAG_DECODER in Progress ....
EXPECTED   : 052 Fragments (02028 Bytes)
RECEIVED   : 033 Fragments
             01287 Bytes
LOST       : 000 Fragments

1731961494s025:RX_C on freq 869525000 Hz at DR 1
1731961494s026:#############OPENED CONTINUOUS RX C WINDOW
1731961505s042:MAC rxNotify
1731961505s042:NOTIFY
1731961505s042:MAC rxDone
1731961505s045:RXSLOT
1731961505s045:value of rxport: 201
###### D/L FRAME:0033 | PORT:201 | DR:1 | SLOT:C_MC | RSSI:0 | SNR:8
1731961505s045:#####################FRAGDECODER PROCESS

.... FRAG_DECODER in Progress ....
EXPECTED   : 052 Fragments (02028 Bytes)
RECEIVED   : 034 Fragments
             01326 Bytes
LOST       : 000 Fragments

1731961505s050:RX_C on freq 869525000 Hz at DR 1
1731961505s051:#############OPENED CONTINUOUS RX C WINDOW
1731961516s079:MAC rxNotify
1731961516s079:NOTIFY
1731961516s079:MAC rxDone
1731961516s082:RXSLOT
1731961516s082:value of rxport: 201
###### D/L FRAME:0034 | PORT:201 | DR:1 | SLOT:C_MC | RSSI:0 | SNR:8
1731961516s082:#####################FRAGDECODER PROCESS

.... FRAG_DECODER in Progress ....
EXPECTED   : 052 Fragments (02028 Bytes)
RECEIVED   : 035 Fragments
             01365 Bytes
LOST       : 000 Fragments

1731961516s087:RX_C on freq 869525000 Hz at DR 1
1731961516s088:#############OPENED CONTINUOUS RX C WINDOW
1731961527s116:MAC rxNotify
1731961527s116:NOTIFY
1731961527s116:MAC rxDone
1731961527s119:RXSLOT
1731961527s119:value of rxport: 201
###### D/L FRAME:0035 | PORT:201 | DR:1 | SLOT:C_MC | RSSI:0 | SNR:8
1731961527s119:#####################FRAGDECODER PROCESS

.... FRAG_DECODER in Progress ....
EXPECTED   : 052 Fragments (02028 Bytes)
RECEIVED   : 036 Fragments
             01404 Bytes
LOST       : 000 Fragments

1731961527s124:RX_C on freq 869525000 Hz at DR 1
1731961527s125:#############OPENED CONTINUOUS RX C WINDOW
1731961538s149:MAC rxNotify
1731961538s149:NOTIFY
1731961538s149:MAC rxDone
1731961538s153:RXSLOT
1731961538s153:value of rxport: 201
###### D/L FRAME:0036 | PORT:201 | DR:1 | SLOT:C_MC | RSSI:0 | SNR:8
1731961538s153:#####################FRAGDECODER PROCESS

.... FRAG_DECODER in Progress ....
EXPECTED   : 052 Fragments (02028 Bytes)
RECEIVED   : 037 Fragments
             01443 Bytes
LOST       : 000 Fragments

1731961538s158:RX_C on freq 869525000 Hz at DR 1
1731961538s159:#############OPENED CONTINUOUS RX C WINDOW
1731961549s184:MAC rxNotify
1731961549s184:NOTIFY
1731961549s184:MAC rxDone
1731961549s186:RXSLOT
1731961549s186:value of rxport: 201
###### D/L FRAME:0037 | PORT:201 | DR:1 | SLOT:C_MC | RSSI:0 | SNR:8
1731961549s186:#####################FRAGDECODER PROCESS

.... FRAG_DECODER in Progress ....
EXPECTED   : 052 Fragments (02028 Bytes)
RECEIVED   : 038 Fragments
             01482 Bytes
LOST       : 000 Fragments

1731961549s191:RX_C on freq 869525000 Hz at DR 1
1731961549s192:#############OPENED CONTINUOUS RX C WINDOW
1731961560s216:MAC rxNotify
1731961560s216:NOTIFY
1731961560s217:MAC rxDone
1731961560s220:RXSLOT
1731961560s220:value of rxport: 201
###### D/L FRAME:0038 | PORT:201 | DR:1 | SLOT:C_MC | RSSI:0 | SNR:8
1731961560s220:#####################FRAGDECODER PROCESS

.... FRAG_DECODER in Progress ....
EXPECTED   : 052 Fragments (02028 Bytes)
RECEIVED   : 039 Fragments
             01521 Bytes
LOST       : 000 Fragments

1731961560s225:RX_C on freq 869525000 Hz at DR 1
1731961560s226:#############OPENED CONTINUOUS RX C WINDOW
1731961571s249:MAC rxNotify
1731961571s249:NOTIFY
1731961571s249:MAC rxDone
1731961571s252:RXSLOT
1731961571s252:value of rxport: 201
###### D/L FRAME:0039 | PORT:201 | DR:1 | SLOT:C_MC | RSSI:0 | SNR:8
1731961571s252:#####################FRAGDECODER PROCESS

.... FRAG_DECODER in Progress ....
EXPECTED   : 052 Fragments (02028 Bytes)
RECEIVED   : 040 Fragments
             01560 Bytes
LOST       : 000 Fragments

1731961571s257:RX_C on freq 869525000 Hz at DR 1
1731961571s258:#############OPENED CONTINUOUS RX C WINDOW
1731961582s285:MAC rxNotify
1731961582s285:NOTIFY
1731961582s285:MAC rxDone
1731961582s288:RXSLOT
1731961582s288:value of rxport: 201
###### D/L FRAME:0040 | PORT:201 | DR:1 | SLOT:C_MC | RSSI:0 | SNR:8
1731961582s288:#####################FRAGDECODER PROCESS

.... FRAG_DECODER in Progress ....
EXPECTED   : 052 Fragments (02028 Bytes)
RECEIVED   : 041 Fragments
             01599 Bytes
LOST       : 000 Fragments

1731961582s293:RX_C on freq 869525000 Hz at DR 1
1731961582s294:#############OPENED CONTINUOUS RX C WINDOW
1731961593s321:MAC rxNotify
1731961593s321:NOTIFY
1731961593s321:MAC rxDone
1731961593s324:RXSLOT
1731961593s324:value of rxport: 201
###### D/L FRAME:0041 | PORT:201 | DR:1 | SLOT:C_MC | RSSI:0 | SNR:8
1731961593s324:#####################FRAGDECODER PROCESS

.... FRAG_DECODER in Progress ....
EXPECTED   : 052 Fragments (02028 Bytes)
RECEIVED   : 042 Fragments
             01638 Bytes
LOST       : 000 Fragments

1731961593s329:RX_C on freq 869525000 Hz at DR 1
1731961593s330:#############OPENED CONTINUOUS RX C WINDOW
1731961604s353:MAC rxNotify
1731961604s353:NOTIFY
1731961604s353:MAC rxDone
1731961604s356:RXSLOT
1731961604s356:value of rxport: 201
###### D/L FRAME:0042 | PORT:201 | DR:1 | SLOT:C_MC | RSSI:0 | SNR:8
1731961604s356:#####################FRAGDECODER PROCESS

.... FRAG_DECODER in Progress ....
EXPECTED   : 052 Fragments (02028 Bytes)
RECEIVED   : 043 Fragments
             01677 Bytes
LOST       : 000 Fragments

1731961604s361:RX_C on freq 869525000 Hz at DR 1
1731961604s362:#############OPENED CONTINUOUS RX C WINDOW
1731961615s391:MAC rxNotify
1731961615s391:NOTIFY
1731961615s391:MAC rxDone
1731961615s393:RXSLOT
1731961615s393:value of rxport: 201
###### D/L FRAME:0043 | PORT:201 | DR:1 | SLOT:C_MC | RSSI:0 | SNR:8
1731961615s393:#####################FRAGDECODER PROCESS

.... FRAG_DECODER in Progress ....
EXPECTED   : 052 Fragments (02028 Bytes)
RECEIVED   : 044 Fragments
             01716 Bytes
LOST       : 000 Fragments

1731961615s398:RX_C on freq 869525000 Hz at DR 1
1731961615s399:#############OPENED CONTINUOUS RX C WINDOW
1731961626s419:MAC rxNotify
1731961626s419:NOTIFY
1731961626s419:MAC rxDone
1731961626s422:RXSLOT
1731961626s422:value of rxport: 201
###### D/L FRAME:0044 | PORT:201 | DR:1 | SLOT:C_MC | RSSI:0 | SNR:7
1731961626s422:#####################FRAGDECODER PROCESS

.... FRAG_DECODER in Progress ....
EXPECTED   : 052 Fragments (02028 Bytes)
RECEIVED   : 045 Fragments
             01755 Bytes
LOST       : 000 Fragments

1731961626s427:RX_C on freq 869525000 Hz at DR 1
1731961626s428:#############OPENED CONTINUOUS RX C WINDOW
1731961638s457:MAC rxNotify
1731961638s458:NOTIFY
1731961638s458:MAC rxDone
1731961638s461:RXSLOT
1731961638s461:value of rxport: 201
###### D/L FRAME:0045 | PORT:201 | DR:1 | SLOT:C_MC | RSSI:0 | SNR:8
1731961638s461:#####################FRAGDECODER PROCESS

.... FRAG_DECODER in Progress ....
EXPECTED   : 052 Fragments (02028 Bytes)
RECEIVED   : 046 Fragments
             01794 Bytes
LOST       : 000 Fragments

1731961638s466:RX_C on freq 869525000 Hz at DR 1
1731961638s467:#############OPENED CONTINUOUS RX C WINDOW
1731961649s493:MAC rxNotify
1731961649s493:NOTIFY
1731961649s493:MAC rxDone
1731961649s496:RXSLOT
1731961649s496:value of rxport: 201
###### D/L FRAME:0046 | PORT:201 | DR:1 | SLOT:C_MC | RSSI:0 | SNR:8
1731961649s496:#####################FRAGDECODER PROCESS

.... FRAG_DECODER in Progress ....
EXPECTED   : 052 Fragments (02028 Bytes)
RECEIVED   : 047 Fragments
             01833 Bytes
LOST       : 000 Fragments

1731961649s501:RX_C on freq 869525000 Hz at DR 1
1731961649s502:#############OPENED CONTINUOUS RX C WINDOW
1731961660s520:MAC rxNotify
1731961660s520:NOTIFY
1731961660s520:MAC rxDone
1731961660s523:RXSLOT
1731961660s523:value of rxport: 201
###### D/L FRAME:0047 | PORT:201 | DR:1 | SLOT:C_MC | RSSI:0 | SNR:7
1731961660s523:#####################FRAGDECODER PROCESS

.... FRAG_DECODER in Progress ....
EXPECTED   : 052 Fragments (02028 Bytes)
RECEIVED   : 048 Fragments
             01872 Bytes
LOST       : 000 Fragments

1731961660s528:RX_C on freq 869525000 Hz at DR 1
1731961660s529:#############OPENED CONTINUOUS RX C WINDOW
1731961671s559:MAC rxNotify
1731961671s559:NOTIFY
1731961671s560:MAC rxDone
1731961671s562:RXSLOT
1731961671s562:value of rxport: 201
###### D/L FRAME:0048 | PORT:201 | DR:1 | SLOT:C_MC | RSSI:0 | SNR:8
1731961671s562:#####################FRAGDECODER PROCESS

.... FRAG_DECODER in Progress ....
EXPECTED   : 052 Fragments (02028 Bytes)
RECEIVED   : 049 Fragments
             01911 Bytes
LOST       : 000 Fragments

1731961671s567:RX_C on freq 869525000 Hz at DR 1
1731961671s568:#############OPENED CONTINUOUS RX C WINDOW
1731961682s590:MAC rxNotify
1731961682s590:NOTIFY
1731961682s590:MAC rxDone
1731961682s593:RXSLOT
1731961682s593:value of rxport: 201
###### D/L FRAME:0049 | PORT:201 | DR:1 | SLOT:C_MC | RSSI:0 | SNR:8
1731961682s593:#####################FRAGDECODER PROCESS

.... FRAG_DECODER in Progress ....
EXPECTED   : 052 Fragments (02028 Bytes)
RECEIVED   : 050 Fragments
             01950 Bytes
LOST       : 000 Fragments

1731961682s598:RX_C on freq 869525000 Hz at DR 1
1731961682s599:#############OPENED CONTINUOUS RX C WINDOW
1731961693s624:MAC rxNotify
1731961693s624:NOTIFY
1731961693s624:MAC rxDone
1731961693s627:RXSLOT
1731961693s627:value of rxport: 201
###### D/L FRAME:0050 | PORT:201 | DR:1 | SLOT:C_MC | RSSI:0 | SNR:8
1731961693s627:#####################FRAGDECODER PROCESS

.... FRAG_DECODER in Progress ....
EXPECTED   : 052 Fragments (02028 Bytes)
RECEIVED   : 051 Fragments
             01989 Bytes
LOST       : 000 Fragments

1731961693s632:RX_C on freq 869525000 Hz at DR 1
1731961693s633:#############OPENED CONTINUOUS RX C WINDOW
1731961704s660:MAC rxNotify
1731961704s660:NOTIFY
1731961704s660:MAC rxDone
1731961704s663:RXSLOT
1731961704s663:value of rxport: 201
###### D/L FRAME:0051 | PORT:201 | DR:1 | SLOT:C_MC | RSSI:0 | SNR:8
1731961704s663:#####################FRAGDECODER PROCESS

.... FRAG_DECODER in Progress ....
EXPECTED   : 052 Fragments (02028 Bytes)
RECEIVED   : 052 Fragments
             02028 Bytes
LOST       : 000 Fragments


.... FRAG_DECODER Finished ....
STATUS     : 0
1731961704s664:ALL FRAGMENTS RECEIVED

= [SBOOT] System Security Check successfully passed. Starting...


======================================================================
=              (C) COPYRIGHT 2017 STMicroelectronics                 =
=                                                                    =
=              Secure Boot and Secure Firmware Update                =
======================================================================


= [SBOOT] SECURE ENGINE INITIALIZATION SUCCESSFUL
= [SBOOT] STATE: CHECK STATUS ON RESET
	  INFO: A Reboot has been triggered by a Software reset!
= [SBOOT] STATE: CHECK NEW FIRMWARE TO DOWNLOAD
= [SBOOT] STATE: CHECK KMS BLOB TO INSTALL
= [SBOOT] STATE: CHECK USER FW STATUS
	  A FW is detected in the slot SLOT_ACTIVE_1
= [SBOOT] STATE: VERIFY USER FW SIGNATURE
= [SBOOT] STATE: EXECUTE USER FIRMWAREAPPLICATION_VERSION: V1.3.0
MW_LORAWAN_VERSION:  V2.5.0
MW_RADIO_VERSION:    V1.3.0
L2_SPEC_VERSION:     V1.0.4
RP_SPEC_VERSION:     V2-1.0.1
NVM DATA RESTORED
###### AppKey:      2B:7E:15:16:28:AE:D2:A6:AB:F7:15:88:09:CF:4F:3C
###### NwkKey:      2B:7E:15:16:28:AE:D2:A6:AB:F7:15:88:09:CF:4F:3C
###### AppSKey:     C2:37:01:D1:B1:57:4F:1C:D2:F1:81:88:E9:17:A5:92
###### NwkSKey:     CE:16:12:86:D6:4E:3F:23:2B:D9:0E:FB:96:77:73:4D
###### DevEUI:      00:80:E1:15:05:AB:D0:6C
###### AppEUI:      01:01:01:01:01:01:01:01
###### DevAddr:     05:AB:D0:6C
###### KMS ENABLED