

= [SBOOT] SECURE ENGINE INITIALIZATION SUCCESSFUL
= [SBOOT] STATE: CHECK STATUS ON RESET
	  INFO: A Reboot has been triggered by a Hardware reset!
= [SBOOT] STATE: CHECK NEW FIRMWARE TO DOWNLOAD
= [SBOOT] STATE: CHECK KMS BLOB TO INSTALL
= [SBOOT] STATE: CHECK USER FW STATUS
	  A FW is detected in the slot SLOT_ACTIVE_1
= [SBOOT] STATE: VERIFY USER FW SIGNATURE
= [SBOOT] STATE: EXECUTE USER FIRMWAREAPPLICATION_VERSION: V1.3.0
MW_LORAWAN_VERSION:  V2.5.0
MW_RADIO_VERSION:    V1.3.0
L2_SPEC_VERSION:     V1.0.4
RP_SPEC_VERSION:     V2-1.0.1
NVM DATA RESTORED
###### AppKey:      2B:7E:15:16:28:AE:D2:A6:AB:F7:15:88:09:CF:4F:3C
###### NwkKey:      2B:7E:15:16:28:AE:D2:A6:AB:F7:15:88:09:CF:4F:3C
###### AppSKey:     61:EE:B6:CE:D9:68:8E:08:DE:54:1F:14:14:03:44:F6
###### NwkSKey:     6A:DE:05:7D:30:A2:F2:95:7A:F3:EA:CC:75:34:D6:F1
###### DevEUI:      00:80:E1:15:05:AB:D0:6C
###### AppEUI:      01:01:01:01:01:01:01:01
###### DevAddr:     05:AB:D0:6C
###### KMS ENABLED

###### = JOINED = OTAA =====================
[31mNetwork joined, choose app to execute:
BTN1: TxTimer send uplink every 10 sec
BTN2: Airtime test
[0m
###### U/L FRAME:JOIN | DR:5 | PWR:1
###### MCRootKey:   7D:F7:6B:0C:1A:B8:99:B3:3E:42:F0:47:B9:1B:54:6F
###### MCKEKey:     8C:B8:66:5E:0C:0E:0B:64:5B:2E:D9:E4:8A:19:27:7C
###### AppSKey:     F6:CF:99:BF:A4:43:7B:89:F5:6B:BB:7F:37:F6:2B:4D
###### NwkSKey:     AA:A8:5D:AA:06:49:A5:49:5F:C4:A5:4B:00:F6:D6:C6
###### DBIntKey:    7A:C4:7C:65:FE:25:9B:B6:54:BD:26:35:19:F8:9C:8E
###### DevEUI:      00:80:E1:15:05:AB:D0:6C
###### AppEUI:      01:01:01:01:01:01:01:01
###### DevAddr:     01:09:E2:5A
[32mStart tx timer regular[0m

###### ========== MCPS-Confirm =============
###### U/L FRAME:0001 | PORT:24 | DR:5 | PWR:1 | MSG TYPE:UNCONFIRMED
1731920813s750:value of rxport: 0
###### D/L FRAME:0000 | PORT:0 | DR:5 | SLOT:1 | RSSI:-11 | SNR:14
1731920842s643:Airtime test started: 0
1731920842s643:MAC Tx start packet size: 21
1731920842s647:TX on freq 868300000 Hz at DR 5
1731920842s647:RADIO SEND WITH size 21
1731920842s649:SEND REQUEST
1731920842s706:NOTIFY
1731920842s706:MAC txDone
1731920843s686:RX_1 on freq 868300000 Hz at DR 5
1731920843s733:IRQ_RX_TX_TIMEOUT
1731920843s733:NOTIFY
1731920843s733:MAC rxTimeOut
1731920844s737:RX_2 on freq 869525000 Hz at DR 0
1731920844s935:IRQ_RX_TX_TIMEOUT
1731920844s935:NOTIFY
1731920844s935:MAC rxTimeOut

###### ========== MCPS-Confirm =============
###### U/L FRAME:0002 | PORT:24 | DR:5 | PWR:1 | MSG TYPE:UNCONFIRMED
1731920872s649:Airtime test started: 0
1731920872s649:MAC Tx start packet size: 18
1731920872s653:TX on freq 867900000 Hz at DR 5
1731920872s653:RADIO SEND WITH size 18
1731920872s655:SEND REQUEST
1731920872s707:NOTIFY
1731920872s707:MAC txDone
1731920873s687:RX_1 on freq 867900000 Hz at DR 5
1731920873s734:IRQ_RX_TX_TIMEOUT
1731920873s734:NOTIFY
1731920873s734:MAC rxTimeOut
1731920874s738:RX_2 on freq 869525000 Hz at DR 0
1731920874s936:IRQ_RX_TX_TIMEOUT
1731920874s936:NOTIFY
1731920874s936:MAC rxTimeOut

###### ========== MCPS-Confirm =============
###### U/L FRAME:0003 | PORT:24 | DR:5 | PWR:1 | MSG TYPE:UNCONFIRMED
1731920902s655:Airtime test started: 0
1731920902s655:MAC Tx start packet size: 18
1731920902s659:TX on freq 868100000 Hz at DR 5
1731920902s659:RADIO SEND WITH size 18
1731920902s661:SEND REQUEST
1731920902s712:NOTIFY
1731920902s712:MAC txDone
1731920903s693:RX_1 on freq 868100000 Hz at DR 5
1731920903s740:IRQ_RX_TX_TIMEOUT
1731920903s740:NOTIFY
1731920903s740:MAC rxTimeOut
1731920904s744:RX_2 on freq 869525000 Hz at DR 0
1731920904s942:IRQ_RX_TX_TIMEOUT
1731920904s942:NOTIFY
1731920904s942:MAC rxTimeOut

###### ========== MCPS-Confirm =============
###### U/L FRAME:0004 | PORT:24 | DR:5 | PWR:1 | MSG TYPE:UNCONFIRMED
1731920932s661:Airtime test started: 0
1731920932s661:MAC Tx start packet size: 18
1731920932s665:TX on freq 867500000 Hz at DR 5
1731920932s665:RADIO SEND WITH size 18
1731920932s667:SEND REQUEST
1731920932s718:NOTIFY
1731920932s718:MAC txDone
1731920933s699:RX_1 on freq 867500000 Hz at DR 5
1731920933s746:IRQ_RX_TX_TIMEOUT
1731920933s746:NOTIFY
1731920933s746:MAC rxTimeOut
1731920934s750:RX_2 on freq 869525000 Hz at DR 0
1731920934s948:IRQ_RX_TX_TIMEOUT
1731920934s948:NOTIFY
1731920934s948:MAC rxTimeOut

###### ========== MCPS-Confirm =============
###### U/L FRAME:0005 | PORT:24 | DR:5 | PWR:1 | MSG TYPE:UNCONFIRMED
1731920962s667:Airtime test started: 0
1731920962s667:MAC Tx start packet size: 18
1731920962s670:TX on freq 867500000 Hz at DR 5
1731920962s670:RADIO SEND WITH size 18
1731920962s672:SEND REQUEST
1731920962s724:NOTIFY
1731920962s724:MAC txDone
1731920963s705:RX_1 on freq 867500000 Hz at DR 5
1731920963s752:IRQ_RX_TX_TIMEOUT
1731920963s752:NOTIFY
1731920963s752:MAC rxTimeOut
1731920964s755:RX_2 on freq 869525000 Hz at DR 0
1731920964s954:IRQ_RX_TX_TIMEOUT
1731920964s954:NOTIFY
1731920964s954:MAC rxTimeOut

###### ========== MCPS-Confirm =============
###### U/L FRAME:0006 | PORT:24 | DR:5 | PWR:1 | MSG TYPE:UNCONFIRMED
1731920992s672:Airtime test started: 0
1731920992s672:MAC Tx start packet size: 18
1731920992s676:TX on freq 868500000 Hz at DR 5
1731920992s676:RADIO SEND WITH size 18
1731920992s678:SEND REQUEST
1731920992s730:NOTIFY
1731920992s730:MAC txDone
1731920993s711:RX_1 on freq 868500000 Hz at DR 5
1731920993s757:IRQ_RX_TX_TIMEOUT
1731920993s757:NOTIFY
1731920993s757:MAC rxTimeOut
1731920994s761:RX_2 on freq 869525000 Hz at DR 0
1731920994s960:IRQ_RX_TX_TIMEOUT
1731920994s960:NOTIFY
1731920994s960:MAC rxTimeOut

###### ========== MCPS-Confirm =============
###### U/L FRAME:0007 | PORT:24 | DR:5 | PWR:1 | MSG TYPE:UNCONFIRMED
1731921022s678:Airtime test started: 0
1731921022s678:MAC Tx start packet size: 18
1731921022s682:TX on freq 867300000 Hz at DR 5
1731921022s682:RADIO SEND WITH size 18
1731921022s684:SEND REQUEST
1731921022s736:NOTIFY
1731921022s736:MAC txDone
1731921023s716:RX_1 on freq 867300000 Hz at DR 5
1731921023s763:IRQ_RX_TX_TIMEOUT
1731921023s763:NOTIFY
1731921023s763:MAC rxTimeOut
1731921024s767:RX_2 on freq 869525000 Hz at DR 0
1731921024s965:IRQ_RX_TX_TIMEOUT
1731921024s965:NOTIFY
1731921024s965:MAC rxTimeOut

###### ========== MCPS-Confirm =============
###### U/L FRAME:0008 | PORT:24 | DR:5 | PWR:1 | MSG TYPE:UNCONFIRMED
1731921052s684:Airtime test started: 0
1731921052s684:MAC Tx start packet size: 18
1731921052s688:TX on freq 868100000 Hz at DR 5
1731921052s688:RADIO SEND WITH size 18
1731921052s690:SEND REQUEST
1731921052s742:NOTIFY
1731921052s742:MAC txDone
1731921053s722:RX_1 on freq 868100000 Hz at DR 5
1731921053s769:IRQ_RX_TX_TIMEOUT
1731921053s769:NOTIFY
1731921053s769:MAC rxTimeOut
1731921054s773:RX_2 on freq 869525000 Hz at DR 0
1731921055s995:MAC rxNotify
1731921055s995:NOTIFY
1731921055s995:MAC rxDone

###### ========== MCPS-Confirm =============
###### U/L FRAME:0009 | PORT:24 | DR:5 | PWR:1 | MSG TYPE:UNCONFIRMED
1731921082s690:Airtime test started: 0
1731921082s690:MAC Tx start packet size: 18
1731921082s694:TX on freq 868300000 Hz at DR 5
1731921082s694:RADIO SEND WITH size 18
1731921082s696:SEND REQUEST
1731921082s748:NOTIFY
1731921082s748:MAC txDone
1731921083s728:RX_1 on freq 868300000 Hz at DR 5
1731921083s775:IRQ_RX_TX_TIMEOUT
1731921083s775:NOTIFY
1731921083s775:MAC rxTimeOut
1731921084s779:RX_2 on freq 869525000 Hz at DR 0
1731921084s977:IRQ_RX_TX_TIMEOUT
1731921084s977:NOTIFY
1731921084s977:MAC rxTimeOut

###### ========== MCPS-Confirm =============
###### U/L FRAME:0010 | PORT:24 | DR:5 | PWR:1 | MSG TYPE:UNCONFIRMED
1731921112s696:Airtime test started: 0
1731921112s696:MAC Tx start packet size: 18
1731921112s700:TX on freq 867700000 Hz at DR 5
1731921112s700:RADIO SEND WITH size 18
1731921112s702:SEND REQUEST
1731921112s753:NOTIFY
1731921112s753:MAC txDone
1731921113s734:RX_1 on freq 867700000 Hz at DR 5
1731921113s781:IRQ_RX_TX_TIMEOUT
1731921113s781:NOTIFY
1731921113s781:MAC rxTimeOut
1731921114s785:RX_2 on freq 869525000 Hz at DR 0
1731921114s983:IRQ_RX_TX_TIMEOUT
1731921114s983:NOTIFY
1731921114s983:MAC rxTimeOut

###### ========== MCPS-Confirm =============
###### U/L FRAME:0011 | PORT:24 | DR:5 | PWR:1 | MSG TYPE:UNCONFIRMED
1731921142s702:Airtime test started: 0
1731921142s702:MAC Tx start packet size: 18
1731921142s706:TX on freq 868100000 Hz at DR 5
1731921142s706:RADIO SEND WITH size 18
1731921142s708:SEND REQUEST
1731921142s759:NOTIFY
1731921142s759:MAC txDone
1731921143s740:RX_1 on freq 868100000 Hz at DR 5
1731921143s847:MAC rxNotify
1731921143s847:NOTIFY
1731921143s847:MAC rxDone

###### ========== MCPS-Confirm =============
###### U/L FRAME:0012 | PORT:24 | DR:5 | PWR:1 | MSG TYPE:UNCONFIRMED
1731921143s850:value of rxport: 200
1731921143s850:MULTICAST CLASS C SETUP 2
###### D/L FRAME:0001 | PORT:200 | DR:5 | SLOT:1 | RSSI:-11 | SNR:14
1731921143s860:MAC Tx start packet size: 15
1731921143s864:TX on freq 867300000 Hz at DR 5
1731921143s865:RADIO SEND WITH size 15
ID          : 0
McAddr      : CF458986
McKey       : AB-6B-A5-00-21-C8-81-F0-53-10-18-C8-76-1F-3E-30
McFCountMin : 0
McFCountMax : 4294967295
SessionTime : 0
SessionTimeT: 1 s
Rx Freq     : 0
Rx DR       : DR_0
1731921143s913:NOTIFY
1731921143s913:MAC txDone
1731921144s893:RX_1 on freq 867300000 Hz at DR 5
1731921144s975:MAC rxNotify
1731921144s975:NOTIFY
1731921144s975:MAC rxDone

###### ========== MCPS-Confirm =============
###### U/L FRAME:0013 | PORT:200 | DR:5 | PWR:1 | MSG TYPE:UNCONFIRMED
1731921144s977:value of rxport: 201
###### D/L FRAME:0002 | PORT:201 | DR:5 | SLOT:1 | RSSI:-11 | SNR:14
1731921144s978:#####################FRAGDECODER INIT
1731921148s860:MAC Tx start packet size: 15
1731921148s864:TX on freq 867500000 Hz at DR 5
1731921148s864:RADIO SEND WITH size 15
1731921148s912:NOTIFY
1731921148s913:MAC txDone
1731921149s892:RX_1 on freq 867500000 Hz at DR 5
1731921149s974:MAC rxNotify
1731921149s974:NOTIFY
1731921149s975:MAC rxDone

###### ========== MCPS-Confirm =============
###### U/L FRAME:0014 | PORT:201 | DR:5 | PWR:1 | MSG TYPE:UNCONFIRMED
1731921149s977:value of rxport: 200
1731921149s978:MULTICAST CLASS C SETUP 4
###### D/L FRAME:0003 | PORT:200 | DR:5 | SLOT:1 | RSSI:-11 | SNR:14
Time2SessionStart: 261000 ms
1731921149s978:MAC Tx start packet size: 18
1731921149s982:TX on freq 867100000 Hz at DR 5
1731921149s983:RADIO SEND WITH size 18
ID          : 0
McAddr      : CF458986
McKey       : AB-6B-A5-00-21-C8-81-F0-53-10-18-C8-76-1F-3E-30
McFCountMin : 0
McFCountMax : 4294967295
SessionTime : 1731921410
SessionTimeT: 4096 s
Rx Freq     : 869525000
Rx DR       : DR_5
1731921150s036:NOTIFY
1731921150s036:MAC txDone
1731921151s016:RX_1 on freq 867100000 Hz at DR 5
1731921151s063:IRQ_RX_TX_TIMEOUT
1731921151s063:NOTIFY
1731921151s063:MAC rxTimeOut
1731921152s067:RX_2 on freq 869525000 Hz at DR 0
1731921152s265:IRQ_RX_TX_TIMEOUT
1731921152s265:NOTIFY
1731921152s265:MAC rxTimeOut

###### ========== MCPS-Confirm =============
###### U/L FRAME:0015 | PORT:200 | DR:5 | PWR:1 | MSG TYPE:UNCONFIRMED
1731921410s978:[SWITCHCLASS class C]
1731921410s993:RX_C on freq 869525000 Hz at DR 5
1731921410s995:#############OPENED CONTINUOUS RX C WINDOW
Switch to Class C done
1731921451s364:MAC rxNotify
1731921451s364:NOTIFY
1731921451s364:MAC rxDone
1731921451s372:RXSLOT
1731921451s372:value of rxport: 201
###### D/L FRAME:0000 | PORT:201 | DR:5 | SLOT:C_MC | RSSI:-9 | SNR:14
1731921451s372:#####################FRAGDECODER PROCESS

.... FRAG_DECODER in Progress ....
EXPECTED   : 009 Fragments (02070 Bytes)
RECEIVED   : 001 Fragments
             00230 Bytes
LOST       : 000 Fragments

1731921451s376:RX_C on freq 869525000 Hz at DR 5
1731921451s378:#############OPENED CONTINUOUS RX C WINDOW
1731921456s386:MAC rxNotify
1731921456s386:NOTIFY
1731921456s386:MAC rxDone
1731921456s394:RXSLOT
1731921456s394:value of rxport: 201
###### D/L FRAME:0001 | PORT:201 | DR:5 | SLOT:C_MC | RSSI:-9 | SNR:14
1731921456s394:#####################FRAGDECODER PROCESS

.... FRAG_DECODER in Progress ....
EXPECTED   : 009 Fragments (02070 Bytes)
RECEIVED   : 002 Fragments
             00460 Bytes
LOST       : 000 Fragments

1731921456s398:RX_C on freq 869525000 Hz at DR 5
1731921456s400:#############OPENED CONTINUOUS RX C WINDOW
1731921460s408:MAC rxNotify
1731921460s409:NOTIFY
1731921460s409:MAC rxDone
1731921460s417:RXSLOT
1731921460s417:value of rxport: 201
###### D/L FRAME:0002 | PORT:201 | DR:5 | SLOT:C_MC | RSSI:-9 | SNR:14
1731921460s417:#####################FRAGDECODER PROCESS

.... FRAG_DECODER in Progress ....
EXPECTED   : 009 Fragments (02070 Bytes)
RECEIVED   : 003 Fragments
             00690 Bytes
LOST       : 000 Fragments

1731921460s420:RX_C on freq 869525000 Hz at DR 5
1731921460s422:#############OPENED CONTINUOUS RX C WINDOW
1731921465s438:MAC rxNotify
1731921465s438:NOTIFY
1731921465s438:MAC rxDone
1731921465s446:RXSLOT
1731921465s446:value of rxport: 201
###### D/L FRAME:0003 | PORT:201 | DR:5 | SLOT:C_MC | RSSI:-9 | SNR:14
1731921465s446:#####################FRAGDECODER PROCESS

.... FRAG_DECODER in Progress ....
EXPECTED   : 009 Fragments (02070 Bytes)
RECEIVED   : 004 Fragments
             00920 Bytes
LOST       : 000 Fragments

1731921465s450:RX_C on freq 869525000 Hz at DR 5
1731921465s452:#############OPENED CONTINUOUS RX C WINDOW
1731921469s457:MAC rxNotify
1731921469s457:NOTIFY
1731921469s457:MAC rxDone
1731921469s464:RXSLOT
1731921469s464:value of rxport: 201
###### D/L FRAME:0004 | PORT:201 | DR:5 | SLOT:C_MC | RSSI:-9 | SNR:13
1731921469s464:#####################FRAGDECODER PROCESS

.... FRAG_DECODER in Progress ....
EXPECTED   : 009 Fragments (02070 Bytes)
RECEIVED   : 005 Fragments
             01150 Bytes
LOST       : 000 Fragments

1731921469s468:RX_C on freq 869525000 Hz at DR 5
1731921469s470:#############OPENED CONTINUOUS RX C WINDOW
1731921474s474:MAC rxNotify
1731921474s474:NOTIFY
1731921474s474:MAC rxDone
1731921474s482:RXSLOT
1731921474s482:value of rxport: 201
###### D/L FRAME:0005 | PORT:201 | DR:5 | SLOT:C_MC | RSSI:-9 | SNR:14
1731921474s482:#####################FRAGDECODER PROCESS

.... FRAG_DECODER in Progress ....
EXPECTED   : 009 Fragments (02070 Bytes)
RECEIVED   : 006 Fragments
             01380 Bytes
LOST       : 000 Fragments

1731921474s486:RX_C on freq 869525000 Hz at DR 5
1731921474s488:#############OPENED CONTINUOUS RX C WINDOW
1731921479s500:MAC rxNotify
1731921479s500:NOTIFY
1731921479s500:MAC rxDone
1731921479s507:RXSLOT
1731921479s507:value of rxport: 201
###### D/L FRAME:0006 | PORT:201 | DR:5 | SLOT:C_MC | RSSI:-9 | SNR:15
1731921479s507:#####################FRAGDECODER PROCESS

.... FRAG_DECODER in Progress ....
EXPECTED   : 009 Fragments (02070 Bytes)
RECEIVED   : 007 Fragments
             01610 Bytes
LOST       : 000 Fragments

1731921479s511:RX_C on freq 869525000 Hz at DR 5
1731921479s513:#############OPENED CONTINUOUS RX C WINDOW
1731921483s525:MAC rxNotify
1731921483s525:NOTIFY
1731921483s526:MAC rxDone
1731921483s534:RXSLOT
1731921483s534:value of rxport: 201
###### D/L FRAME:0007 | PORT:201 | DR:5 | SLOT:C_MC | RSSI:-9 | SNR:14
1731921483s534:#####################FRAGDECODER PROCESS

.... FRAG_DECODER in Progress ....
EXPECTED   : 009 Fragments (02070 Bytes)
RECEIVED   : 008 Fragments
             01840 Bytes
LOST       : 000 Fragments

1731921483s538:RX_C on freq 869525000 Hz at DR 5
1731921483s540:#############OPENED CONTINUOUS RX C WINDOW
1731921488s544:MAC rxNotify
1731921488s544:NOTIFY
1731921488s544:MAC rxDone
1731921488s552:RXSLOT
1731921488s552:value of rxport: 201
###### D/L FRAME:0008 | PORT:201 | DR:5 | SLOT:C_MC | RSSI:-9 | SNR:14
1731921488s552:#####################FRAGDECODER PROCESS

.... FRAG_DECODER in Progress ....
EXPECTED   : 009 Fragments (02070 Bytes)
RECEIVED   : 009 Fragments
             02070 Bytes
LOST       : 000 Fragments


.... FRAG_DECODER Finished ....
STATUS     : 0
1731921488s552:ALL FRAGMENTS RECEIVED

= [SBOOT] System Security Check successfully passed. Starting...


======================================================================
=              (C) COPYRIGHT 2017 STMicroelectronics                 =
=                                                                    =
=              Secure Boot and Secure Firmware Update                =
======================================================================


= [SBOOT] SECURE ENGINE INITIALIZATION SUCCESSFUL
= [SBOOT] STATE: CHECK STATUS ON RESET
	  INFO: A Reboot has been triggered by a Software reset!
= [SBOOT] STATE: CHECK NEW FIRMWARE TO DOWNLOAD
= [SBOOT] STATE: CHECK KMS BLOB TO INSTALL
= [SBOOT] STATE: CHECK USER FW STATUS
	  A FW is detected in the slot SLOT_ACTIVE_1
= [SBOOT] STATE: VERIFY USER FW SIGNATURE
= [SBOOT] STATE: EXECUTE USER FIRMWAREAPPLICATION_VERSION: V1.3.0
MW_LORAWAN_VERSION:  V2.5.0
MW_RADIO_VERSION:    V1.3.0
L2_SPEC_VERSION:     V1.0.4
RP_SPEC_VERSION:     V2-1.0.1
NVM DATA RESTORED
###### AppKey:      2B:7E:15:16:28:AE:D2:A6:AB:F7:15:88:09:CF:4F:3C
###### NwkKey:      2B:7E:15:16:28:AE:D2:A6:AB:F7:15:88:09:CF:4F:3C
###### AppSKey:     F6:CF:99:BF:A4:43:7B:89:F5:6B:BB:7F:37:F6:2B:4D
###### NwkSKey:     AA:A8:5D:AA:06:49:A5:49:5F:C4:A5:4B:00:F6:D6:C6
###### DevEUI:      00:80:E1:15:05:AB:D0:6C
###### AppEUI:      01:01:01:01:01:01:01:01
###### DevAddr:     05:AB:D0:6C