
======================================================================
=              (C) COPYRIGHT 2017 STMicroelectronics                 =
=                                                                    =
=              Secure Boot and Secure Firmware Update                =
======================================================================


= [SBOOT] SECURE ENGINE INITIALIZATION SUCCESSFUL
= [SBOOT] STATE: CHECK STATUS ON RESET
	  INFO: A Reboot has been triggered by a Hardware reset!
= [SBOOT] STATE: CHECK NEW FIRMWARE TO DOWNLOAD
= [SBOOT] STATE: CHECK KMS BLOB TO INSTALL
= [SBOOT] STATE: CHECK USER FW STATUS
	  A FW is detected in the slot SLOT_ACTIVE_1
= [SBOOT] STATE: VERIFY USER FW SIGNATURE
= [SBOOT] STATE: EXECUTE USER FIRMWAREAPPLICATION_VERSION: V1.3.0
MW_LORAWAN_VERSION:  V2.5.0
MW_RADIO_VERSION:    V1.3.0
L2_SPEC_VERSION:     V1.0.4
RP_SPEC_VERSION:     V2-1.0.1
NVM DATA RESTORED
###### AppKey:      2B:7E:15:16:28:AE:D2:A6:AB:F7:15:88:09:CF:4F:3C
###### NwkKey:      2B:7E:15:16:28:AE:D2:A6:AB:F7:15:88:09:CF:4F:3C
###### AppSKey:     45:41:AF:8B:84:BD:E3:C5:32:2C:E9:8C:A0:F2:D1:96
###### NwkSKey:     5B:8A:86:9B:24:3E:E4:B8:2B:CA:2D:63:D9:7A:04:A1
###### DevEUI:      00:80:E1:15:05:AB:D0:6C
###### AppEUI:      01:01:01:01:01:01:01:01
###### DevAddr:     05:AB:D0:6C
###### KMS ENABLED

###### = JOINED = OTAA =====================
[31mNetwork joined, choose app to execute:
BTN1: TxTimer send uplink every 10 sec
BTN2: Airtime test
[0m
###### U/L FRAME:JOIN | DR:0 | PWR:1
###### MCRootKey:   7D:F7:6B:0C:1A:B8:99:B3:3E:42:F0:47:B9:1B:54:6F
###### MCKEKey:     8C:B8:66:5E:0C:0E:0B:64:5B:2E:D9:E4:8A:19:27:7C
###### AppSKey:     86:15:EE:36:7C:B6:F6:71:F0:07:0F:A4:D2:11:AD:59
###### NwkSKey:     A3:1F:EA:0A:81:61:E0:43:36:8B:8E:C0:BB:BE:FC:CE
###### DBIntKey:    7A:C4:7C:65:FE:25:9B:B6:54:BD:26:35:19:F8:9C:8E
###### DevEUI:      00:80:E1:15:05:AB:D0:6C
###### AppEUI:      01:01:01:01:01:01:01:01
###### DevAddr:     00:E9:32:58

###### ========== MCPS-Confirm =============
###### U/L FRAME:0001 | PORT:24 | DR:0 | PWR:1 | MSG TYPE:UNCONFIRMED
1731692425s762:value of rxport: 0
###### D/L FRAME:0000 | PORT:0 | DR:0 | SLOT:1 | RSSI:-8 | SNR:5
1731692452s091:Airtime test started: 0
1731692452s091:MAC Tx start packet size: 21
1731692452s095:TX on freq 868100000 Hz at DR 0
1731692452s095:RADIO SEND WITH size 21
1731692452s097:SEND REQUEST
1731692453s579:NOTIFY
1731692453s579:MAC txDone
1731692454s610:RX_1 on freq 868100000 Hz at DR 0
1731692454s809:IRQ_RX_TX_TIMEOUT
1731692454s809:NOTIFY
1731692454s809:MAC rxTimeOut
1731692455s610:RX_2 on freq 869525000 Hz at DR 0
1731692455s809:IRQ_RX_TX_TIMEOUT
1731692455s809:NOTIFY
1731692455s809:MAC rxTimeOut

###### ========== MCPS-Confirm =============
###### U/L FRAME:0002 | PORT:24 | DR:0 | PWR:1 | MSG TYPE:UNCONFIRMED
1731692482s097:Airtime test started: 0
1731692482s097:MAC Tx start packet size: 18
1731692482s101:TX on freq 868500000 Hz at DR 0
1731692482s101:RADIO SEND WITH size 18
1731692482s103:SEND REQUEST
1731692483s422:NOTIFY
1731692483s422:MAC txDone
1731692484s453:RX_1 on freq 868500000 Hz at DR 0
1731692484s651:IRQ_RX_TX_TIMEOUT
1731692484s651:NOTIFY
1731692484s651:MAC rxTimeOut
1731692485s453:RX_2 on freq 869525000 Hz at DR 0
1731692485s651:IRQ_RX_TX_TIMEOUT
1731692485s651:NOTIFY
1731692485s651:MAC rxTimeOut

###### ========== MCPS-Confirm =============
###### U/L FRAME:0003 | PORT:24 | DR:0 | PWR:1 | MSG TYPE:UNCONFIRMED
1731692512s103:Airtime test started: 0
1731692512s103:MAC Tx start packet size: 18
1731692512s107:TX on freq 867700000 Hz at DR 0
1731692512s107:RADIO SEND WITH size 18
1731692512s109:SEND REQUEST
1731692513s428:NOTIFY
1731692513s428:MAC txDone
1731692514s459:RX_1 on freq 867700000 Hz at DR 0
1731692514s657:IRQ_RX_TX_TIMEOUT
1731692514s657:NOTIFY
1731692514s657:MAC rxTimeOut
1731692515s459:RX_2 on freq 869525000 Hz at DR 0
1731692515s657:IRQ_RX_TX_TIMEOUT
1731692515s657:NOTIFY
1731692515s657:MAC rxTimeOut

###### ========== MCPS-Confirm =============
###### U/L FRAME:0004 | PORT:24 | DR:0 | PWR:1 | MSG TYPE:UNCONFIRMED
1731692542s109:Airtime test started: 0
1731692542s109:MAC Tx start packet size: 18
1731692542s112:TX on freq 868100000 Hz at DR 0
1731692542s112:RADIO SEND WITH size 18
1731692542s114:SEND REQUEST
1731692543s434:NOTIFY
1731692543s434:MAC txDone
1731692544s465:RX_1 on freq 868100000 Hz at DR 0
1731692544s663:IRQ_RX_TX_TIMEOUT
1731692544s663:NOTIFY
1731692544s663:MAC rxTimeOut
1731692545s465:RX_2 on freq 869525000 Hz at DR 0
1731692545s663:IRQ_RX_TX_TIMEOUT
1731692545s663:NOTIFY
1731692545s663:MAC rxTimeOut

###### ========== MCPS-Confirm =============
###### U/L FRAME:0005 | PORT:24 | DR:0 | PWR:1 | MSG TYPE:UNCONFIRMED
1731692572s114:Airtime test started: 0
1731692572s114:MAC Tx start packet size: 18
1731692572s118:TX on freq 867500000 Hz at DR 0
1731692572s118:RADIO SEND WITH size 18
1731692572s120:SEND REQUEST
1731692573s440:NOTIFY
1731692573s440:MAC txDone
1731692574s471:RX_1 on freq 867500000 Hz at DR 0
1731692574s669:IRQ_RX_TX_TIMEOUT
1731692574s669:NOTIFY
1731692574s669:MAC rxTimeOut
1731692575s471:RX_2 on freq 869525000 Hz at DR 0
1731692575s669:IRQ_RX_TX_TIMEOUT
1731692575s669:NOTIFY
1731692575s669:MAC rxTimeOut

###### ========== MCPS-Confirm =============
###### U/L FRAME:0006 | PORT:24 | DR:0 | PWR:1 | MSG TYPE:UNCONFIRMED
1731692602s120:Airtime test started: 0
1731692602s120:MAC Tx start packet size: 18
1731692602s124:TX on freq 867500000 Hz at DR 0
1731692602s124:RADIO SEND WITH size 18
1731692602s126:SEND REQUEST
1731692603s445:NOTIFY
1731692603s445:MAC txDone
1731692604s477:RX_1 on freq 867500000 Hz at DR 0
1731692604s675:IRQ_RX_TX_TIMEOUT
1731692604s675:NOTIFY
1731692604s675:MAC rxTimeOut
1731692605s477:RX_2 on freq 869525000 Hz at DR 0
1731692605s675:IRQ_RX_TX_TIMEOUT
1731692605s675:NOTIFY
1731692605s675:MAC rxTimeOut

###### ========== MCPS-Confirm =============
###### U/L FRAME:0007 | PORT:24 | DR:0 | PWR:1 | MSG TYPE:UNCONFIRMED
1731692632s126:Airtime test started: 0
1731692632s126:MAC Tx start packet size: 18
1731692632s130:TX on freq 868500000 Hz at DR 0
1731692632s130:RADIO SEND WITH size 18
1731692632s132:SEND REQUEST
1731692633s451:NOTIFY
1731692633s451:MAC txDone
1731692634s483:RX_1 on freq 868500000 Hz at DR 0
1731692634s681:IRQ_RX_TX_TIMEOUT
1731692634s681:NOTIFY
1731692634s681:MAC rxTimeOut
1731692635s483:RX_2 on freq 869525000 Hz at DR 0
1731692635s681:IRQ_RX_TX_TIMEOUT
1731692635s681:NOTIFY
1731692635s681:MAC rxTimeOut

###### ========== MCPS-Confirm =============
###### U/L FRAME:0008 | PORT:24 | DR:0 | PWR:1 | MSG TYPE:UNCONFIRMED
1731692662s132:Airtime test started: 0
1731692662s132:MAC Tx start packet size: 18
1731692662s136:TX on freq 867300000 Hz at DR 0
1731692662s136:RADIO SEND WITH size 18
1731692662s138:SEND REQUEST
1731692663s457:NOTIFY
1731692663s457:MAC txDone
1731692664s488:RX_1 on freq 867300000 Hz at DR 0
1731692664s687:IRQ_RX_TX_TIMEOUT
1731692664s687:NOTIFY
1731692664s687:MAC rxTimeOut
1731692665s488:RX_2 on freq 869525000 Hz at DR 0
1731692665s687:IRQ_RX_TX_TIMEOUT
1731692665s687:NOTIFY
1731692665s687:MAC rxTimeOut

###### ========== MCPS-Confirm =============
###### U/L FRAME:0009 | PORT:24 | DR:0 | PWR:1 | MSG TYPE:UNCONFIRMED
1731692692s138:Airtime test started: 0
1731692692s138:MAC Tx start packet size: 18
1731692692s142:TX on freq 868100000 Hz at DR 0
1731692692s142:RADIO SEND WITH size 18
1731692692s144:SEND REQUEST
1731692693s463:NOTIFY
1731692693s463:MAC txDone
1731692694s494:RX_1 on freq 868100000 Hz at DR 0
1731692694s692:IRQ_RX_TX_TIMEOUT
1731692694s692:NOTIFY
1731692694s692:MAC rxTimeOut
1731692695s494:RX_2 on freq 869525000 Hz at DR 0
1731692695s692:IRQ_RX_TX_TIMEOUT
1731692695s692:NOTIFY
1731692695s692:MAC rxTimeOut

###### ========== MCPS-Confirm =============
###### U/L FRAME:0010 | PORT:24 | DR:0 | PWR:1 | MSG TYPE:UNCONFIRMED
1731692722s144:Airtime test started: 0
1731692722s144:MAC Tx start packet size: 18
1731692722s148:TX on freq 868300000 Hz at DR 0
1731692722s148:RADIO SEND WITH size 18
1731692722s150:SEND REQUEST
1731692723s469:NOTIFY
1731692723s469:MAC txDone
1731692724s500:RX_1 on freq 868300000 Hz at DR 0
1731692724s698:IRQ_RX_TX_TIMEOUT
1731692724s698:NOTIFY
1731692724s698:MAC rxTimeOut
1731692725s500:RX_2 on freq 869525000 Hz at DR 0
1731692725s698:IRQ_RX_TX_TIMEOUT
1731692725s698:NOTIFY
1731692725s698:MAC rxTimeOut

###### ========== MCPS-Confirm =============
###### U/L FRAME:0011 | PORT:24 | DR:0 | PWR:1 | MSG TYPE:UNCONFIRMED
1731692752s150:Airtime test started: 0
1731692752s150:MAC Tx start packet size: 18
1731692752s153:TX on freq 867900000 Hz at DR 0
1731692752s153:RADIO SEND WITH size 18
1731692752s155:SEND REQUEST
1731692753s475:NOTIFY
1731692753s475:MAC txDone
1731692754s506:RX_1 on freq 867900000 Hz at DR 0
1731692756s643:MAC rxNotify
1731692756s643:NOTIFY
1731692756s643:MAC rxDone

###### ========== MCPS-Confirm =============
###### U/L FRAME:0012 | PORT:24 | DR:0 | PWR:1 | MSG TYPE:UNCONFIRMED
1731692756s647:value of rxport: 200
1731692756s647:MULTICAST CLASS C SETUP 2
###### D/L FRAME:0001 | PORT:200 | DR:0 | SLOT:1 | RSSI:-9 | SNR:5
1731692756s656:MAC Tx start packet size: 15
1731692756s660:TX on freq 868100000 Hz at DR 0
1731692756s661:RADIO SEND WITH size 15
ID          : 0
McAddr      : 6D055B4C
McKey       : 3E-D8-E4-12-F4-43-A4-6E-6A-DD-A1-3C-BF-DD-25-61
McFCountMin : 0
McFCountMax : 4294967295
SessionTime : 0
SessionTimeT: 1 s
Rx Freq     : 0
Rx DR       : DR_0
1731692757s817:NOTIFY
1731692757s817:MAC txDone
1731692758s849:RX_1 on freq 868100000 Hz at DR 0
1731692760s331:MAC rxNotify
1731692760s331:NOTIFY
1731692760s331:MAC rxDone

###### ========== MCPS-Confirm =============
###### U/L FRAME:0013 | PORT:200 | DR:0 | PWR:1 | MSG TYPE:UNCONFIRMED
1731692760s333:value of rxport: 201
###### D/L FRAME:0002 | PORT:201 | DR:0 | SLOT:1 | RSSI:-9 | SNR:5
1731692760s334:#####################FRAGDECODER INIT
1731692764s217:MAC Tx start packet size: 15
1731692764s221:TX on freq 867300000 Hz at DR 0
1731692764s221:RADIO SEND WITH size 15
1731692765s378:NOTIFY
1731692765s378:MAC txDone
1731692766s409:RX_1 on freq 867300000 Hz at DR 0
1731692767s891:MAC rxNotify
1731692767s891:NOTIFY
1731692767s892:MAC rxDone

###### ========== MCPS-Confirm =============
###### U/L FRAME:0014 | PORT:201 | DR:0 | PWR:1 | MSG TYPE:UNCONFIRMED
1731692767s894:value of rxport: 200
1731692767s895:MULTICAST CLASS C SETUP 4
###### D/L FRAME:0003 | PORT:200 | DR:0 | SLOT:1 | RSSI:-10 | SNR:5
Time2SessionStart: 298000 ms
1731692767s895:MAC Tx start packet size: 18
1731692767s899:TX on freq 867700000 Hz at DR 0
1731692767s900:RADIO SEND WITH size 18
ID          : 0
McAddr      : 6D055B4C
McKey       : 3E-D8-E4-12-F4-43-A4-6E-6A-DD-A1-3C-BF-DD-25-61
McFCountMin : 0
McFCountMax : 4294967295
SessionTime : 1731693065
SessionTimeT: 4096 s
Rx Freq     : 869525000
Rx DR       : DR_0
1731692769s220:NOTIFY
1731692769s220:MAC txDone
1731692770s251:RX_1 on freq 867700000 Hz at DR 0
1731692770s449:IRQ_RX_TX_TIMEOUT
1731692770s449:NOTIFY
1731692770s449:MAC rxTimeOut
1731692771s251:RX_2 on freq 869525000 Hz at DR 0
1731692771s449:IRQ_RX_TX_TIMEOUT
1731692771s449:NOTIFY
1731692771s449:MAC rxTimeOut

###### ========== MCPS-Confirm =============
###### U/L FRAME:0015 | PORT:200 | DR:0 | PWR:1 | MSG TYPE:UNCONFIRMED
1731693065s895:[SWITCHCLASS class C]
1731693065s909:RX_C on freq 869525000 Hz at DR 0
1731693065s911:#############OPENED CONTINUOUS RX C WINDOW
Switch to Class C done
1731693070s146:MAC rxNotify
1731693070s147:NOTIFY
1731693070s147:MAC rxDone
1731693070s150:RXSLOT
1731693070s150:value of rxport: 201
###### D/L FRAME:0000 | PORT:201 | DR:0 | SLOT:C_MC | RSSI:-5 | SNR:5
1731693070s150:#####################FRAGDECODER PROCESS

.... FRAG_DECODER in Progress ....
EXPECTED   : 052 Fragments (02028 Bytes)
RECEIVED   : 001 Fragments
             00039 Bytes
LOST       : 000 Fragments

1731693070s154:RX_C on freq 869525000 Hz at DR 0
1731693070s155:#############OPENED CONTINUOUS RX C WINDOW
1731693090s200:MAC rxNotify
1731693090s200:NOTIFY
1731693090s200:MAC rxDone
1731693090s204:RXSLOT
1731693090s204:value of rxport: 201
###### D/L FRAME:0001 | PORT:201 | DR:0 | SLOT:C_MC | RSSI:-7 | SNR:5
1731693090s204:#####################FRAGDECODER PROCESS

.... FRAG_DECODER in Progress ....
EXPECTED   : 052 Fragments (02028 Bytes)
RECEIVED   : 002 Fragments
             00078 Bytes
LOST       : 000 Fragments

1731693090s209:RX_C on freq 869525000 Hz at DR 0
1731693090s210:#############OPENED CONTINUOUS RX C WINDOW
1731693111s252:MAC rxNotify
1731693111s252:NOTIFY
1731693111s252:MAC rxDone
1731693111s255:RXSLOT
1731693111s255:value of rxport: 201
###### D/L FRAME:0002 | PORT:201 | DR:0 | SLOT:C_MC | RSSI:-7 | SNR:5
1731693111s255:#####################FRAGDECODER PROCESS

.... FRAG_DECODER in Progress ....
EXPECTED   : 052 Fragments (02028 Bytes)
RECEIVED   : 003 Fragments
             00117 Bytes
LOST       : 000 Fragments

1731693111s260:RX_C on freq 869525000 Hz at DR 0
1731693111s261:#############OPENED CONTINUOUS RX C WINDOW
1731693132s314:MAC rxNotify
1731693132s314:NOTIFY
1731693132s314:MAC rxDone
1731693132s317:RXSLOT
1731693132s317:value of rxport: 201
###### D/L FRAME:0003 | PORT:201 | DR:0 | SLOT:C_MC | RSSI:-7 | SNR:5
1731693132s317:#####################FRAGDECODER PROCESS

.... FRAG_DECODER in Progress ....
EXPECTED   : 052 Fragments (02028 Bytes)
RECEIVED   : 004 Fragments
             00156 Bytes
LOST       : 000 Fragments

1731693132s321:RX_C on freq 869525000 Hz at DR 0
1731693132s322:#############OPENED CONTINUOUS RX C WINDOW
1731693152s368:MAC rxNotify
1731693152s368:NOTIFY
1731693152s368:MAC rxDone
1731693152s371:RXSLOT
1731693152s371:value of rxport: 201
###### D/L FRAME:0004 | PORT:201 | DR:0 | SLOT:C_MC | RSSI:-5 | SNR:5
1731693152s371:#####################FRAGDECODER PROCESS

.... FRAG_DECODER in Progress ....
EXPECTED   : 052 Fragments (02028 Bytes)
RECEIVED   : 005 Fragments
             00195 Bytes
LOST       : 000 Fragments

1731693152s376:RX_C on freq 869525000 Hz at DR 0
1731693152s377:#############OPENED CONTINUOUS RX C WINDOW
1731693173s425:MAC rxNotify
1731693173s425:NOTIFY
1731693173s425:MAC rxDone
1731693173s428:RXSLOT
1731693173s428:value of rxport: 201
###### D/L FRAME:0005 | PORT:201 | DR:0 | SLOT:C_MC | RSSI:-6 | SNR:5
1731693173s428:#####################FRAGDECODER PROCESS

.... FRAG_DECODER in Progress ....
EXPECTED   : 052 Fragments (02028 Bytes)
RECEIVED   : 006 Fragments
             00234 Bytes
LOST       : 000 Fragments

1731693173s433:RX_C on freq 869525000 Hz at DR 0
1731693173s434:#############OPENED CONTINUOUS RX C WINDOW
1731693194s484:MAC rxNotify
1731693194s484:NOTIFY
1731693194s484:MAC rxDone
1731693194s487:RXSLOT
1731693194s487:value of rxport: 201
###### D/L FRAME:0006 | PORT:201 | DR:0 | SLOT:C_MC | RSSI:-5 | SNR:5
1731693194s487:#####################FRAGDECODER PROCESS

.... FRAG_DECODER in Progress ....
EXPECTED   : 052 Fragments (02028 Bytes)
RECEIVED   : 007 Fragments
             00273 Bytes
LOST       : 000 Fragments

1731693194s492:RX_C on freq 869525000 Hz at DR 0
1731693194s493:#############OPENED CONTINUOUS RX C WINDOW
1731693214s537:MAC rxNotify
1731693214s537:NOTIFY
1731693214s537:MAC rxDone
1731693214s540:RXSLOT
1731693214s540:value of rxport: 201
###### D/L FRAME:0007 | PORT:201 | DR:0 | SLOT:C_MC | RSSI:-6 | SNR:5
1731693214s540:#####################FRAGDECODER PROCESS

.... FRAG_DECODER in Progress ....
EXPECTED   : 052 Fragments (02028 Bytes)
RECEIVED   : 008 Fragments
             00312 Bytes
LOST       : 000 Fragments

1731693214s545:RX_C on freq 869525000 Hz at DR 0
1731693214s546:#############OPENED CONTINUOUS RX C WINDOW
1731693235s597:MAC rxNotify
1731693235s597:NOTIFY
1731693235s597:MAC rxDone
1731693235s600:RXSLOT
1731693235s600:value of rxport: 201
###### D/L FRAME:0008 | PORT:201 | DR:0 | SLOT:C_MC | RSSI:-5 | SNR:5
1731693235s600:#####################FRAGDECODER PROCESS

.... FRAG_DECODER in Progress ....
EXPECTED   : 052 Fragments (02028 Bytes)
RECEIVED   : 009 Fragments
             00351 Bytes
LOST       : 000 Fragments

1731693235s605:RX_C on freq 869525000 Hz at DR 0
1731693235s606:#############OPENED CONTINUOUS RX C WINDOW
1731693256s655:MAC rxNotify
1731693256s655:NOTIFY
1731693256s656:MAC rxDone
1731693256s659:RXSLOT
1731693256s659:value of rxport: 201
###### D/L FRAME:0009 | PORT:201 | DR:0 | SLOT:C_MC | RSSI:-6 | SNR:5
1731693256s659:#####################FRAGDECODER PROCESS

.... FRAG_DECODER in Progress ....
EXPECTED   : 052 Fragments (02028 Bytes)
RECEIVED   : 010 Fragments
             00390 Bytes
LOST       : 000 Fragments

1731693256s664:RX_C on freq 869525000 Hz at DR 0
1731693256s665:#############OPENED CONTINUOUS RX C WINDOW
1731693276s713:MAC rxNotify
1731693276s713:NOTIFY
1731693276s713:MAC rxDone
1731693276s716:RXSLOT
1731693276s716:value of rxport: 201
###### D/L FRAME:0010 | PORT:201 | DR:0 | SLOT:C_MC | RSSI:-6 | SNR:5
1731693276s716:#####################FRAGDECODER PROCESS

.... FRAG_DECODER in Progress ....
EXPECTED   : 052 Fragments (02028 Bytes)
RECEIVED   : 011 Fragments
             00429 Bytes
LOST       : 000 Fragments

1731693276s721:RX_C on freq 869525000 Hz at DR 0
1731693276s722:#############OPENED CONTINUOUS RX C WINDOW
1731693297s771:MAC rxNotify
1731693297s772:NOTIFY
1731693297s772:MAC rxDone
1731693297s775:RXSLOT
1731693297s775:value of rxport: 201
###### D/L FRAME:0011 | PORT:201 | DR:0 | SLOT:C_MC | RSSI:-7 | SNR:5
1731693297s775:#####################FRAGDECODER PROCESS

.... FRAG_DECODER in Progress ....
EXPECTED   : 052 Fragments (02028 Bytes)
RECEIVED   : 012 Fragments
             00468 Bytes
LOST       : 000 Fragments

1731693297s779:RX_C on freq 869525000 Hz at DR 0
1731693297s780:#############OPENED CONTINUOUS RX C WINDOW
1731693318s833:MAC rxNotify
1731693318s833:NOTIFY
1731693318s833:MAC rxDone
1731693318s836:RXSLOT
1731693318s836:value of rxport: 201
###### D/L FRAME:0012 | PORT:201 | DR:0 | SLOT:C_MC | RSSI:-6 | SNR:5
1731693318s836:#####################FRAGDECODER PROCESS

.... FRAG_DECODER in Progress ....
EXPECTED   : 052 Fragments (02028 Bytes)
RECEIVED   : 013 Fragments
             00507 Bytes
LOST       : 000 Fragments

1731693318s841:RX_C on freq 869525000 Hz at DR 0
1731693318s842:#############OPENED CONTINUOUS RX C WINDOW
1731693338s877:MAC rxNotify
1731693338s877:NOTIFY
1731693338s877:MAC rxDone
1731693338s880:RXSLOT
1731693338s880:value of rxport: 201
###### D/L FRAME:0013 | PORT:201 | DR:0 | SLOT:C_MC | RSSI:-5 | SNR:5
1731693338s880:#####################FRAGDECODER PROCESS

.... FRAG_DECODER in Progress ....
EXPECTED   : 052 Fragments (02028 Bytes)
RECEIVED   : 014 Fragments
             00546 Bytes
LOST       : 000 Fragments

1731693338s885:RX_C on freq 869525000 Hz at DR 0
1731693338s886:#############OPENED CONTINUOUS RX C WINDOW
1731693359s942:MAC rxNotify
1731693359s942:NOTIFY
1731693359s942:MAC rxDone
1731693359s945:RXSLOT
1731693359s945:value of rxport: 201
###### D/L FRAME:0014 | PORT:201 | DR:0 | SLOT:C_MC | RSSI:-6 | SNR:5
1731693359s945:#####################FRAGDECODER PROCESS

.... FRAG_DECODER in Progress ....
EXPECTED   : 052 Fragments (02028 Bytes)
RECEIVED   : 015 Fragments
             00585 Bytes
LOST       : 000 Fragments

1731693359s950:RX_C on freq 869525000 Hz at DR 0
1731693359s951:#############OPENED CONTINUOUS RX C WINDOW
1731693380s996:MAC rxNotify
1731693380s996:NOTIFY
1731693380s996:MAC rxDone
1731693380s999:RXSLOT
1731693380s999:value of rxport: 201
###### D/L FRAME:0015 | PORT:201 | DR:0 | SLOT:C_MC | RSSI:-6 | SNR:5
1731693380s999:#####################FRAGDECODER PROCESS

.... FRAG_DECODER in Progress ....
EXPECTED   : 052 Fragments (02028 Bytes)
RECEIVED   : 016 Fragments
             00624 Bytes
LOST       : 000 Fragments

1731693381s004:RX_C on freq 869525000 Hz at DR 0
1731693381s005:#############OPENED CONTINUOUS RX C WINDOW
1731693401s056:MAC rxNotify
1731693401s056:NOTIFY
1731693401s056:MAC rxDone
1731693401s059:RXSLOT
1731693401s059:value of rxport: 201
###### D/L FRAME:0016 | PORT:201 | DR:0 | SLOT:C_MC | RSSI:-5 | SNR:5
1731693401s059:#####################FRAGDECODER PROCESS

.... FRAG_DECODER in Progress ....
EXPECTED   : 052 Fragments (02028 Bytes)
RECEIVED   : 017 Fragments
             00663 Bytes
LOST       : 000 Fragments

1731693401s064:RX_C on freq 869525000 Hz at DR 0
1731693401s065:#############OPENED CONTINUOUS RX C WINDOW
1731693422s117:MAC rxNotify
1731693422s117:NOTIFY
1731693422s117:MAC rxDone
1731693422s120:RXSLOT
1731693422s120:value of rxport: 201
###### D/L FRAME:0017 | PORT:201 | DR:0 | SLOT:C_MC | RSSI:-5 | SNR:5
1731693422s120:#####################FRAGDECODER PROCESS

.... FRAG_DECODER in Progress ....
EXPECTED   : 052 Fragments (02028 Bytes)
RECEIVED   : 018 Fragments
             00702 Bytes
LOST       : 000 Fragments

1731693422s125:RX_C on freq 869525000 Hz at DR 0
1731693422s126:#############OPENED CONTINUOUS RX C WINDOW
1731693442s173:MAC rxNotify
1731693442s174:NOTIFY
1731693442s174:MAC rxDone
1731693442s177:RXSLOT
1731693442s177:value of rxport: 201
###### D/L FRAME:0018 | PORT:201 | DR:0 | SLOT:C_MC | RSSI:-5 | SNR:5
1731693442s177:#####################FRAGDECODER PROCESS

.... FRAG_DECODER in Progress ....
EXPECTED   : 052 Fragments (02028 Bytes)
RECEIVED   : 019 Fragments
             00741 Bytes
LOST       : 000 Fragments

1731693442s182:RX_C on freq 869525000 Hz at DR 0
1731693442s183:#############OPENED CONTINUOUS RX C WINDOW
1731693463s238:MAC rxNotify
1731693463s238:NOTIFY
1731693463s238:MAC rxDone
1731693463s241:RXSLOT
1731693463s241:value of rxport: 201
###### D/L FRAME:0019 | PORT:201 | DR:0 | SLOT:C_MC | RSSI:-5 | SNR:5
1731693463s241:#####################FRAGDECODER PROCESS

.... FRAG_DECODER in Progress ....
EXPECTED   : 052 Fragments (02028 Bytes)
RECEIVED   : 020 Fragments
             00780 Bytes
LOST       : 000 Fragments

1731693463s246:RX_C on freq 869525000 Hz at DR 0
1731693463s247:#############OPENED CONTINUOUS RX C WINDOW
1731693484s282:MAC rxNotify
1731693484s282:NOTIFY
1731693484s282:MAC rxDone
1731693484s285:RXSLOT
1731693484s285:value of rxport: 201
###### D/L FRAME:0020 | PORT:201 | DR:0 | SLOT:C_MC | RSSI:-5 | SNR:5
1731693484s285:#####################FRAGDECODER PROCESS

.... FRAG_DECODER in Progress ....
EXPECTED   : 052 Fragments (02028 Bytes)
RECEIVED   : 021 Fragments
             00819 Bytes
LOST       : 000 Fragments

1731693484s290:RX_C on freq 869525000 Hz at DR 0
1731693484s291:#############OPENED CONTINUOUS RX C WINDOW
1731693504s338:MAC rxNotify
1731693504s338:NOTIFY
1731693504s338:MAC rxDone
1731693504s341:RXSLOT
1731693504s341:value of rxport: 201
###### D/L FRAME:0021 | PORT:201 | DR:0 | SLOT:C_MC | RSSI:-6 | SNR:5
1731693504s341:#####################FRAGDECODER PROCESS

.... FRAG_DECODER in Progress ....
EXPECTED   : 052 Fragments (02028 Bytes)
RECEIVED   : 022 Fragments
             00858 Bytes
LOST       : 000 Fragments

1731693504s346:RX_C on freq 869525000 Hz at DR 0
1731693504s347:#############OPENED CONTINUOUS RX C WINDOW
1731693525s408:MAC rxNotify
1731693525s408:NOTIFY
1731693525s408:MAC rxDone
1731693525s411:RXSLOT
1731693525s411:value of rxport: 201
###### D/L FRAME:0022 | PORT:201 | DR:0 | SLOT:C_MC | RSSI:-5 | SNR:5
1731693525s411:#####################FRAGDECODER PROCESS

.... FRAG_DECODER in Progress ....
EXPECTED   : 052 Fragments (02028 Bytes)
RECEIVED   : 023 Fragments
             00897 Bytes
LOST       : 000 Fragments

1731693525s416:RX_C on freq 869525000 Hz at DR 0
1731693525s417:#############OPENED CONTINUOUS RX C WINDOW
1731693546s461:MAC rxNotify
1731693546s461:NOTIFY
1731693546s461:MAC rxDone
1731693546s464:RXSLOT
1731693546s464:value of rxport: 201
###### D/L FRAME:0023 | PORT:201 | DR:0 | SLOT:C_MC | RSSI:-7 | SNR:5
1731693546s464:#####################FRAGDECODER PROCESS

.... FRAG_DECODER in Progress ....
EXPECTED   : 052 Fragments (02028 Bytes)
RECEIVED   : 024 Fragments
             00936 Bytes
LOST       : 000 Fragments

1731693546s469:RX_C on freq 869525000 Hz at DR 0
1731693546s470:#############OPENED CONTINUOUS RX C WINDOW
1731693566s520:MAC rxNotify
1731693566s520:NOTIFY
1731693566s520:MAC rxDone
1731693566s524:RXSLOT
1731693566s524:value of rxport: 201
###### D/L FRAME:0024 | PORT:201 | DR:0 | SLOT:C_MC | RSSI:-6 | SNR:5
1731693566s524:#####################FRAGDECODER PROCESS

.... FRAG_DECODER in Progress ....
EXPECTED   : 052 Fragments (02028 Bytes)
RECEIVED   : 025 Fragments
             00975 Bytes
LOST       : 000 Fragments

1731693566s528:RX_C on freq 869525000 Hz at DR 0
1731693566s529:#############OPENED CONTINUOUS RX C WINDOW
1731693587s580:MAC rxNotify
1731693587s580:NOTIFY
1731693587s580:MAC rxDone
1731693587s583:RXSLOT
1731693587s583:value of rxport: 201
###### D/L FRAME:0025 | PORT:201 | DR:0 | SLOT:C_MC | RSSI:-6 | SNR:5
1731693587s583:#####################FRAGDECODER PROCESS

.... FRAG_DECODER in Progress ....
EXPECTED   : 052 Fragments (02028 Bytes)
RECEIVED   : 026 Fragments
             01014 Bytes
LOST       : 000 Fragments

1731693587s588:RX_C on freq 869525000 Hz at DR 0
1731693587s589:#############OPENED CONTINUOUS RX C WINDOW
1731693608s636:MAC rxNotify
1731693608s636:NOTIFY
1731693608s636:MAC rxDone
1731693608s639:RXSLOT
1731693608s639:value of rxport: 201
###### D/L FRAME:0026 | PORT:201 | DR:0 | SLOT:C_MC | RSSI:-5 | SNR:5
1731693608s639:#####################FRAGDECODER PROCESS

.... FRAG_DECODER in Progress ....
EXPECTED   : 052 Fragments (02028 Bytes)
RECEIVED   : 027 Fragments
             01053 Bytes
LOST       : 000 Fragments

1731693608s644:RX_C on freq 869525000 Hz at DR 0
1731693608s645:#############OPENED CONTINUOUS RX C WINDOW
1731693628s690:MAC rxNotify
1731693628s690:NOTIFY
1731693628s690:MAC rxDone
1731693628s692:RXSLOT
1731693628s692:value of rxport: 201
###### D/L FRAME:0027 | PORT:201 | DR:0 | SLOT:C_MC | RSSI:-5 | SNR:5
1731693628s692:#####################FRAGDECODER PROCESS

.... FRAG_DECODER in Progress ....
EXPECTED   : 052 Fragments (02028 Bytes)
RECEIVED   : 028 Fragments
             01092 Bytes
LOST       : 000 Fragments

1731693628s697:RX_C on freq 869525000 Hz at DR 0
1731693628s698:#############OPENED CONTINUOUS RX C WINDOW
1731693649s741:MAC rxNotify
1731693649s741:NOTIFY
1731693649s741:MAC rxDone
1731693649s744:RXSLOT
1731693649s744:value of rxport: 201
###### D/L FRAME:0028 | PORT:201 | DR:0 | SLOT:C_MC | RSSI:-5 | SNR:5
1731693649s744:#####################FRAGDECODER PROCESS

.... FRAG_DECODER in Progress ....
EXPECTED   : 052 Fragments (02028 Bytes)
RECEIVED   : 029 Fragments
             01131 Bytes
LOST       : 000 Fragments

1731693649s749:RX_C on freq 869525000 Hz at DR 0
1731693649s750:#############OPENED CONTINUOUS RX C WINDOW
1731693670s797:MAC rxNotify
1731693670s797:NOTIFY
1731693670s797:MAC rxDone
1731693670s800:RXSLOT
1731693670s800:value of rxport: 201
###### D/L FRAME:0029 | PORT:201 | DR:0 | SLOT:C_MC | RSSI:-6 | SNR:5
1731693670s800:#####################FRAGDECODER PROCESS

.... FRAG_DECODER in Progress ....
EXPECTED   : 052 Fragments (02028 Bytes)
RECEIVED   : 030 Fragments
             01170 Bytes
LOST       : 000 Fragments

1731693670s805:RX_C on freq 869525000 Hz at DR 0
1731693670s806:#############OPENED CONTINUOUS RX C WINDOW
1731693690s855:MAC rxNotify
1731693690s855:NOTIFY
1731693690s855:MAC rxDone
1731693690s858:RXSLOT
1731693690s858:value of rxport: 201
###### D/L FRAME:0030 | PORT:201 | DR:0 | SLOT:C_MC | RSSI:-7 | SNR:5
1731693690s858:#####################FRAGDECODER PROCESS

.... FRAG_DECODER in Progress ....
EXPECTED   : 052 Fragments (02028 Bytes)
RECEIVED   : 031 Fragments
             01209 Bytes
LOST       : 000 Fragments

1731693690s862:RX_C on freq 869525000 Hz at DR 0
1731693690s863:#############OPENED CONTINUOUS RX C WINDOW
1731693711s920:MAC rxNotify
1731693711s920:NOTIFY
1731693711s920:MAC rxDone
1731693711s923:RXSLOT
1731693711s923:value of rxport: 201
###### D/L FRAME:0031 | PORT:201 | DR:0 | SLOT:C_MC | RSSI:-7 | SNR:5
1731693711s923:#####################FRAGDECODER PROCESS

.... FRAG_DECODER in Progress ....
EXPECTED   : 052 Fragments (02028 Bytes)
RECEIVED   : 032 Fragments
             01248 Bytes
LOST       : 000 Fragments

1731693711s928:RX_C on freq 869525000 Hz at DR 0
1731693711s929:#############OPENED CONTINUOUS RX C WINDOW
1731693732s974:MAC rxNotify
1731693732s974:NOTIFY
1731693732s974:MAC rxDone
1731693732s977:RXSLOT
1731693732s977:value of rxport: 201
###### D/L FRAME:0032 | PORT:201 | DR:0 | SLOT:C_MC | RSSI:-6 | SNR:5
1731693732s977:#####################FRAGDECODER PROCESS

.... FRAG_DECODER in Progress ....
EXPECTED   : 052 Fragments (02028 Bytes)
RECEIVED   : 033 Fragments
             01287 Bytes
LOST       : 000 Fragments

1731693732s982:RX_C on freq 869525000 Hz at DR 0
1731693732s983:#############OPENED CONTINUOUS RX C WINDOW
1731693753s020:MAC rxNotify
1731693753s020:NOTIFY
1731693753s020:MAC rxDone
1731693753s023:RXSLOT
1731693753s023:value of rxport: 201
###### D/L FRAME:0033 | PORT:201 | DR:0 | SLOT:C_MC | RSSI:-5 | SNR:5
1731693753s023:#####################FRAGDECODER PROCESS

.... FRAG_DECODER in Progress ....
EXPECTED   : 052 Fragments (02028 Bytes)
RECEIVED   : 034 Fragments
             01326 Bytes
LOST       : 000 Fragments

1731693753s027:RX_C on freq 869525000 Hz at DR 0
1731693753s028:#############OPENED CONTINUOUS RX C WINDOW
1731693774s072:MAC rxNotify
1731693774s072:NOTIFY
1731693774s072:MAC rxDone
1731693774s075:RXSLOT
1731693774s075:value of rxport: 201
###### D/L FRAME:0034 | PORT:201 | DR:0 | SLOT:C_MC | RSSI:-6 | SNR:5
1731693774s075:#####################FRAGDECODER PROCESS

.... FRAG_DECODER in Progress ....
EXPECTED   : 052 Fragments (02028 Bytes)
RECEIVED   : 035 Fragments
             01365 Bytes
LOST       : 000 Fragments

1731693774s080:RX_C on freq 869525000 Hz at DR 0
1731693774s081:#############OPENED CONTINUOUS RX C WINDOW
1731693795s127:MAC rxNotify
1731693795s127:NOTIFY
1731693795s127:MAC rxDone
1731693795s130:RXSLOT
1731693795s130:value of rxport: 201
###### D/L FRAME:0035 | PORT:201 | DR:0 | SLOT:C_MC | RSSI:-5 | SNR:5
1731693795s130:#####################FRAGDECODER PROCESS

.... FRAG_DECODER in Progress ....
EXPECTED   : 052 Fragments (02028 Bytes)
RECEIVED   : 036 Fragments
             01404 Bytes
LOST       : 000 Fragments

1731693795s135:RX_C on freq 869525000 Hz at DR 0
1731693795s136:#############OPENED CONTINUOUS RX C WINDOW
1731693815s189:MAC rxNotify
1731693815s189:NOTIFY
1731693815s189:MAC rxDone
1731693815s192:RXSLOT
1731693815s192:value of rxport: 201
###### D/L FRAME:0036 | PORT:201 | DR:0 | SLOT:C_MC | RSSI:-6 | SNR:5
1731693815s192:#####################FRAGDECODER PROCESS

.... FRAG_DECODER in Progress ....
EXPECTED   : 052 Fragments (02028 Bytes)
RECEIVED   : 037 Fragments
             01443 Bytes
LOST       : 000 Fragments

1731693815s196:RX_C on freq 869525000 Hz at DR 0
1731693815s197:#############OPENED CONTINUOUS RX C WINDOW
1731693836s249:MAC rxNotify
1731693836s249:NOTIFY
1731693836s250:MAC rxDone
1731693836s253:RXSLOT
1731693836s253:value of rxport: 201
###### D/L FRAME:0037 | PORT:201 | DR:0 | SLOT:C_MC | RSSI:-7 | SNR:5
1731693836s253:#####################FRAGDECODER PROCESS

.... FRAG_DECODER in Progress ....
EXPECTED   : 052 Fragments (02028 Bytes)
RECEIVED   : 038 Fragments
             01482 Bytes
LOST       : 000 Fragments

1731693836s258:RX_C on freq 869525000 Hz at DR 0
1731693836s259:#############OPENED CONTINUOUS RX C WINDOW
1731693849s399:MAC rxNotify
1731693849s399:NOTIFY
1731693849s399:MAC rxDone
1731693849s400:RXSLOT
1731693849s403:RX_C on freq 869525000 Hz at DR 0
1731693849s405:#############OPENED CONTINUOUS RX C WINDOW
1731693857s310:MAC rxNotify
1731693857s310:NOTIFY
1731693857s310:MAC rxDone
1731693857s313:RXSLOT
1731693857s313:value of rxport: 201
###### D/L FRAME:0038 | PORT:201 | DR:0 | SLOT:C_MC | RSSI:-5 | SNR:5
1731693857s313:#####################FRAGDECODER PROCESS

.... FRAG_DECODER in Progress ....
EXPECTED   : 052 Fragments (02028 Bytes)
RECEIVED   : 039 Fragments
             01521 Bytes
LOST       : 000 Fragments

1731693857s317:RX_C on freq 869525000 Hz at DR 0
1731693857s318:#############OPENED CONTINUOUS RX C WINDOW
1731693877s370:MAC rxNotify
1731693877s370:NOTIFY
1731693877s370:MAC rxDone
1731693877s373:RXSLOT
1731693877s373:value of rxport: 201
###### D/L FRAME:0039 | PORT:201 | DR:0 | SLOT:C_MC | RSSI:-6 | SNR:6
1731693877s373:#####################FRAGDECODER PROCESS

.... FRAG_DECODER in Progress ....
EXPECTED   : 052 Fragments (02028 Bytes)
RECEIVED   : 040 Fragments
             01560 Bytes
LOST       : 000 Fragments

1731693877s378:RX_C on freq 869525000 Hz at DR 0
1731693877s379:#############OPENED CONTINUOUS RX C WINDOW
1731693898s420:MAC rxNotify
1731693898s420:NOTIFY
1731693898s420:MAC rxDone
1731693898s423:RXSLOT
1731693898s423:value of rxport: 201
###### D/L FRAME:0040 | PORT:201 | DR:0 | SLOT:C_MC | RSSI:-7 | SNR:5
1731693898s423:#####################FRAGDECODER PROCESS

.... FRAG_DECODER in Progress ....
EXPECTED   : 052 Fragments (02028 Bytes)
RECEIVED   : 041 Fragments
             01599 Bytes
LOST       : 000 Fragments

1731693898s428:RX_C on freq 869525000 Hz at DR 0
1731693898s429:#############OPENED CONTINUOUS RX C WINDOW
1731693919s480:MAC rxNotify
1731693919s480:NOTIFY
1731693919s480:MAC rxDone
1731693919s483:RXSLOT
1731693919s483:value of rxport: 201
###### D/L FRAME:0041 | PORT:201 | DR:0 | SLOT:C_MC | RSSI:-6 | SNR:5
1731693919s483:#####################FRAGDECODER PROCESS

.... FRAG_DECODER in Progress ....
EXPECTED   : 052 Fragments (02028 Bytes)
RECEIVED   : 042 Fragments
             01638 Bytes
LOST       : 000 Fragments

1731693919s487:RX_C on freq 869525000 Hz at DR 0
1731693919s488:#############OPENED CONTINUOUS RX C WINDOW
1731693939s541:MAC rxNotify
1731693939s541:NOTIFY
1731693939s541:MAC rxDone
1731693939s544:RXSLOT
1731693939s544:value of rxport: 201
###### D/L FRAME:0042 | PORT:201 | DR:0 | SLOT:C_MC | RSSI:-7 | SNR:5
1731693939s544:#####################FRAGDECODER PROCESS

.... FRAG_DECODER in Progress ....
EXPECTED   : 052 Fragments (02028 Bytes)
RECEIVED   : 043 Fragments
             01677 Bytes
LOST       : 000 Fragments

1731693939s549:RX_C on freq 869525000 Hz at DR 0
1731693939s550:#############OPENED CONTINUOUS RX C WINDOW
1731693960s598:MAC rxNotify
1731693960s598:NOTIFY
1731693960s598:MAC rxDone
1731693960s602:RXSLOT
1731693960s602:value of rxport: 201
###### D/L FRAME:0043 | PORT:201 | DR:0 | SLOT:C_MC | RSSI:-6 | SNR:5
1731693960s602:#####################FRAGDECODER PROCESS

.... FRAG_DECODER in Progress ....
EXPECTED   : 052 Fragments (02028 Bytes)
RECEIVED   : 044 Fragments
             01716 Bytes
LOST       : 000 Fragments

1731693960s607:RX_C on freq 869525000 Hz at DR 0
1731693960s608:#############OPENED CONTINUOUS RX C WINDOW
1731693981s661:MAC rxNotify
1731693981s661:NOTIFY
1731693981s661:MAC rxDone
1731693981s664:RXSLOT
1731693981s664:value of rxport: 201
###### D/L FRAME:0044 | PORT:201 | DR:0 | SLOT:C_MC | RSSI:-5 | SNR:5
1731693981s664:#####################FRAGDECODER PROCESS

.... FRAG_DECODER in Progress ....
EXPECTED   : 052 Fragments (02028 Bytes)
RECEIVED   : 045 Fragments
             01755 Bytes
LOST       : 000 Fragments

1731693981s669:RX_C on freq 869525000 Hz at DR 0
1731693981s670:#############OPENED CONTINUOUS RX C WINDOW
1731694001s708:MAC rxNotify
1731694001s708:NOTIFY
1731694001s708:MAC rxDone
1731694001s711:RXSLOT
1731694001s711:value of rxport: 201
###### D/L FRAME:0045 | PORT:201 | DR:0 | SLOT:C_MC | RSSI:-7 | SNR:5
1731694001s711:#####################FRAGDECODER PROCESS

.... FRAG_DECODER in Progress ....
EXPECTED   : 052 Fragments (02028 Bytes)
RECEIVED   : 046 Fragments
             01794 Bytes
LOST       : 000 Fragments

1731694001s716:RX_C on freq 869525000 Hz at DR 0
1731694001s717:#############OPENED CONTINUOUS RX C WINDOW
1731694022s768:MAC rxNotify
1731694022s768:NOTIFY
1731694022s768:MAC rxDone
1731694022s771:RXSLOT
1731694022s771:value of rxport: 201
###### D/L FRAME:0046 | PORT:201 | DR:0 | SLOT:C_MC | RSSI:-5 | SNR:5
1731694022s771:#####################FRAGDECODER PROCESS

.... FRAG_DECODER in Progress ....
EXPECTED   : 052 Fragments (02028 Bytes)
RECEIVED   : 047 Fragments
             01833 Bytes
LOST       : 000 Fragments

1731694022s775:RX_C on freq 869525000 Hz at DR 0
1731694022s776:#############OPENED CONTINUOUS RX C WINDOW
1731694043s832:MAC rxNotify
1731694043s832:NOTIFY
1731694043s832:MAC rxDone
1731694043s835:RXSLOT
1731694043s835:value of rxport: 201
###### D/L FRAME:0047 | PORT:201 | DR:0 | SLOT:C_MC | RSSI:-6 | SNR:5
1731694043s835:#####################FRAGDECODER PROCESS

.... FRAG_DECODER in Progress ....
EXPECTED   : 052 Fragments (02028 Bytes)
RECEIVED   : 048 Fragments
             01872 Bytes
LOST       : 000 Fragments

1731694043s840:RX_C on freq 869525000 Hz at DR 0
1731694043s841:#############OPENED CONTINUOUS RX C WINDOW
1731694063s888:MAC rxNotify
1731694063s888:NOTIFY
1731694063s888:MAC rxDone
1731694063s892:RXSLOT
1731694063s892:value of rxport: 201
###### D/L FRAME:0048 | PORT:201 | DR:0 | SLOT:C_MC | RSSI:-7 | SNR:5
1731694063s892:#####################FRAGDECODER PROCESS

.... FRAG_DECODER in Progress ....
EXPECTED   : 052 Fragments (02028 Bytes)
RECEIVED   : 049 Fragments
             01911 Bytes
LOST       : 000 Fragments

1731694063s897:RX_C on freq 869525000 Hz at DR 0
1731694063s898:#############OPENED CONTINUOUS RX C WINDOW
1731694084s942:MAC rxNotify
1731694084s942:NOTIFY
1731694084s942:MAC rxDone
1731694084s945:RXSLOT
1731694084s945:value of rxport: 201
###### D/L FRAME:0049 | PORT:201 | DR:0 | SLOT:C_MC | RSSI:-6 | SNR:5
1731694084s945:#####################FRAGDECODER PROCESS

.... FRAG_DECODER in Progress ....
EXPECTED   : 052 Fragments (02028 Bytes)
RECEIVED   : 050 Fragments
             01950 Bytes
LOST       : 000 Fragments

1731694084s950:RX_C on freq 869525000 Hz at DR 0
1731694084s951:#############OPENED CONTINUOUS RX C WINDOW
1731694106s000:MAC rxNotify
1731694106s000:NOTIFY
1731694106s000:MAC rxDone
1731694106s003:RXSLOT
1731694106s003:value of rxport: 201
###### D/L FRAME:0050 | PORT:201 | DR:0 | SLOT:C_MC | RSSI:-6 | SNR:5
1731694106s003:#####################FRAGDECODER PROCESS

.... FRAG_DECODER in Progress ....
EXPECTED   : 052 Fragments (02028 Bytes)
RECEIVED   : 051 Fragments
             01989 Bytes
LOST       : 000 Fragments

1731694106s008:RX_C on freq 869525000 Hz at DR 0
1731694106s009:#############OPENED CONTINUOUS RX C WINDOW
1731694126s058:MAC rxNotify
1731694126s058:NOTIFY
1731694126s058:MAC rxDone
1731694126s061:RXSLOT
1731694126s061:value of rxport: 201
###### D/L FRAME:0051 | PORT:201 | DR:0 | SLOT:C_MC | RSSI:-7 | SNR:5
1731694126s061:#####################FRAGDECODER PROCESS

.... FRAG_DECODER in Progress ....
EXPECTED   : 052 Fragments (02028 Bytes)
RECEIVED   : 052 Fragments
             02028 Bytes
LOST       : 000 Fragments


.... FRAG_DECODER Finished ....
STATUS     : 0
1731694126s062:ALL FRAGMENTS RECEIVED

= [SBOOT] System Security Check successfully passed. Starting...


======================================================================
=              (C) COPYRIGHT 2017 STMicroelectronics                 =
=                                                                    =
=              Secure Boot and Secure Firmware Update                =
======================================================================


= [SBOOT] SECURE ENGINE INITIALIZATION SUCCESSFUL
= [SBOOT] STATE: CHECK STATUS ON RESET
	  INFO: A Reboot has been triggered by a Software reset!
= [SBOOT] STATE: CHECK NEW FIRMWARE TO DOWNLOAD
= [SBOOT] STATE: CHECK KMS BLOB TO INSTALL
= [SBOOT] STATE: CHECK USER FW STATUS
	  A FW is detected in the slot SLOT_ACTIVE_1
= [SBOOT] STATE: VERIFY USER FW SIGNATURE
= [SBOOT] STATE: EXECUTE USER FIRMWAREAPPLICATION_VERSION: V1.3.0
MW_LORAWAN_VERSION:  V2.5.0
MW_RADIO_VERSION:    V1.3.0
L2_SPEC_VERSION:     V1.0.4
RP_SPEC_VERSION:     V2-1.0.1
NVM DATA RESTORED
###### AppKey:      2B:7E:15:16:28:AE:D2:A6:AB:F7:15:88:09:CF:4F:3C
###### NwkKey:      2B:7E:15:16:28:AE:D2:A6:AB:F7:15:88:09:CF:4F:3C
###### AppSKey:     86:15:EE:36:7C:B6:F6:71:F0:07:0F:A4:D2:11:AD:59
###### NwkSKey:     A3:1F:EA:0A:81:61:E0:43:36:8B:8E:C0:BB:BE:FC:CE
###### DevEUI:      00:80:E1:15:05:AB:D0:6C
###### AppEUI:      01:01:01:01:01:01:01:01
###### DevAddr:     05:AB:D0:6C
###### KMS ENABLED
