
= [SBOO
= [SBOOT] System Security Check successfully passed. Starting...


======================================================================
=              (C) COPYRIGHT 2017 STMicroelectronics                 =
=                                                                    =
=              Secure Boot and Secure Firmware Update                =
======================================================================


= [SBOOT] SECURE ENGINE INITIALIZATION SUCCESSFUL
= [SBOOT] STATE: CHECK STATUS ON RESET
	  INFO: A Reboot has been triggered by a Hardware reset!
= [SBOOT] STATE: CHECK NEW FIRMWARE TO DOWNLOAD
= [SBOOT] STATE: CHECK KMS BLOB TO INSTALL
= [SBOOT] STATE: CHECK USER FW STATUS
	  A FW is detected in the slot SLOT_ACTIVE_1
= [SBOOT] STATE: VERIFY USER FW SIGNATURE
= [SBOOT] STATE: EXECUTE USER FIRMWAREAPPLICATION_VERSION: V1.3.0
MW_LORAWAN_VERSION:  V2.5.0
MW_RADIO_VERSION:    V1.3.0
L2_SPEC_VERSION:     V1.0.4
RP_SPEC_VERSION:     V2-1.0.1
NVM DATA RESTORED
###### AppKey:      2B:7E:15:16:28:AE:D2:A6:AB:F7:15:88:09:CF:4F:3C
###### NwkKey:      2B:7E:15:16:28:AE:D2:A6:AB:F7:15:88:09:CF:4F:3C
###### AppSKey:     FE:D3:F7:C1:62:62:1C:4C:11:05:2B:75:7C:90:F7:4D
###### NwkSKey:     CB:F5:AD:C5:C5:11:89:D8:11:19:7C:90:BD:31:0F:DB
###### DevEUI:      00:80:E1:15:05:AB:D0:6C
###### AppEUI:      01:01:01:01:01:01:01:01
###### DevAddr:     05:AB:D0:6C
###### KMS ENABLED

###### = JOINED = OTAA =====================
[31mNetwork joined, choose app to execute:
BTN1: TxTimer send uplink every 10 sec
BTN2: Airtime test
[0m
###### U/L FRAME:JOIN | DR:2 | PWR:1
###### MCRootKey:   7D:F7:6B:0C:1A:B8:99:B3:3E:42:F0:47:B9:1B:54:6F
###### MCKEKey:     8C:B8:66:5E:0C:0E:0B:64:5B:2E:D9:E4:8A:19:27:7C
###### AppSKey:     CB:95:53:2F:4C:E5:8D:40:2A:7B:19:FF:2C:8C:FF:61
###### NwkSKey:     11:14:6C:35:00:6F:1A:7E:AD:05:0C:2A:19:0C:C1:B2
###### DBIntKey:    7A:C4:7C:65:FE:25:9B:B6:54:BD:26:35:19:F8:9C:8E
###### DevEUI:      00:80:E1:15:05:AB:D0:6C
###### AppEUI:      01:01:01:01:01:01:01:01
###### DevAddr:     00:B6:0D:6B
[32mStart tx timer regular[0m

###### ========== MCPS-Confirm =============
###### U/L FRAME:0002 | PORT:24 | DR:2 | PWR:1 | MSG TYPE:UNCONFIRMED
1731942599s267:value of rxport: 0
###### D/L FRAME:0000 | PORT:0 | DR:2 | SLOT:1 | RSSI:-5 | SNR:9
1731942627s599:Airtime test started: 0
1731942627s599:MAC Tx start packet size: 21
1731942627s602:TX on freq 867300000 Hz at DR 2
1731942627s602:RADIO SEND WITH size 21
1731942627s604:SEND REQUEST
1731942627s975:NOTIFY
1731942627s975:MAC txDone
1731942628s970:RX_1 on freq 867300000 Hz at DR 2
1731942629s037:IRQ_RX_TX_TIMEOUT
1731942629s037:NOTIFY
1731942629s037:MAC rxTimeOut
1731942630s007:RX_2 on freq 869525000 Hz at DR 0
1731942630s205:IRQ_RX_TX_TIMEOUT
1731942630s205:NOTIFY
1731942630s205:MAC rxTimeOut

###### ========== MCPS-Confirm =============
###### U/L FRAME:0003 | PORT:24 | DR:2 | PWR:1 | MSG TYPE:UNCONFIRMED
1731942657s604:Airtime test started: 0
1731942657s604:MAC Tx start packet size: 18
1731942657s608:TX on freq 868300000 Hz at DR 2
1731942657s608:RADIO SEND WITH size 18
1731942657s610:SEND REQUEST
1731942657s940:NOTIFY
1731942657s940:MAC txDone
1731942658s934:RX_1 on freq 868300000 Hz at DR 2
1731942659s002:IRQ_RX_TX_TIMEOUT
1731942659s002:NOTIFY
1731942659s002:MAC rxTimeOut
1731942659s972:RX_2 on freq 869525000 Hz at DR 0
1731942660s170:IRQ_RX_TX_TIMEOUT
1731942660s170:NOTIFY
1731942660s170:MAC rxTimeOut

###### ========== MCPS-Confirm =============
###### U/L FRAME:0004 | PORT:24 | DR:2 | PWR:1 | MSG TYPE:UNCONFIRMED
1731942687s610:Airtime test started: 0
1731942687s610:MAC Tx start packet size: 18
1731942687s614:TX on freq 868300000 Hz at DR 2
1731942687s614:RADIO SEND WITH size 18
1731942687s616:SEND REQUEST
1731942687s946:NOTIFY
1731942687s946:MAC txDone
1731942688s940:RX_1 on freq 868300000 Hz at DR 2
1731942689s008:IRQ_RX_TX_TIMEOUT
1731942689s008:NOTIFY
1731942689s008:MAC rxTimeOut
1731942689s977:RX_2 on freq 869525000 Hz at DR 0
1731942690s176:IRQ_RX_TX_TIMEOUT
1731942690s176:NOTIFY
1731942690s176:MAC rxTimeOut

###### ========== MCPS-Confirm =============
###### U/L FRAME:0005 | PORT:24 | DR:2 | PWR:1 | MSG TYPE:UNCONFIRMED
1731942717s616:Airtime test started: 0
1731942717s616:MAC Tx start packet size: 18
1731942717s620:TX on freq 867700000 Hz at DR 2
1731942717s620:RADIO SEND WITH size 18
1731942717s622:SEND REQUEST
1731942717s952:NOTIFY
1731942717s952:MAC txDone
1731942718s946:RX_1 on freq 867700000 Hz at DR 2
1731942719s014:IRQ_RX_TX_TIMEOUT
1731942719s014:NOTIFY
1731942719s014:MAC rxTimeOut
1731942719s983:RX_2 on freq 869525000 Hz at DR 0
1731942720s182:IRQ_RX_TX_TIMEOUT
1731942720s182:NOTIFY
1731942720s182:MAC rxTimeOut

###### ========== MCPS-Confirm =============
###### U/L FRAME:0006 | PORT:24 | DR:2 | PWR:1 | MSG TYPE:UNCONFIRMED
1731942747s622:Airtime test started: 0
1731942747s622:MAC Tx start packet size: 18
1731942747s626:TX on freq 868100000 Hz at DR 2
1731942747s626:RADIO SEND WITH size 18
1731942747s628:SEND REQUEST
1731942747s958:NOTIFY
1731942747s958:MAC txDone
1731942748s952:RX_1 on freq 868100000 Hz at DR 2
1731942749s019:IRQ_RX_TX_TIMEOUT
1731942749s019:NOTIFY
1731942749s019:MAC rxTimeOut
1731942749s989:RX_2 on freq 869525000 Hz at DR 0
1731942750s187:IRQ_RX_TX_TIMEOUT
1731942750s187:NOTIFY
1731942750s187:MAC rxTimeOut

###### ========== MCPS-Confirm =============
###### U/L FRAME:0007 | PORT:24 | DR:2 | PWR:1 | MSG TYPE:UNCONFIRMED
1731942777s628:Airtime test started: 0
1731942777s628:MAC Tx start packet size: 18
1731942777s632:TX on freq 867300000 Hz at DR 2
1731942777s632:RADIO SEND WITH size 18
1731942777s634:SEND REQUEST
1731942777s964:NOTIFY
1731942777s964:MAC txDone
1731942778s958:RX_1 on freq 867300000 Hz at DR 2
1731942779s025:IRQ_RX_TX_TIMEOUT
1731942779s025:NOTIFY
1731942779s025:MAC rxTimeOut
1731942779s995:RX_2 on freq 869525000 Hz at DR 0
1731942780s193:IRQ_RX_TX_TIMEOUT
1731942780s193:NOTIFY
1731942780s193:MAC rxTimeOut

###### ========== MCPS-Confirm =============
###### U/L FRAME:0008 | PORT:24 | DR:2 | PWR:1 | MSG TYPE:UNCONFIRMED
1731942807s634:Airtime test started: 0
1731942807s634:MAC Tx start packet size: 18
1731942807s638:TX on freq 867700000 Hz at DR 2
1731942807s638:RADIO SEND WITH size 18
1731942807s640:SEND REQUEST
1731942807s970:NOTIFY
1731942807s970:MAC txDone
1731942808s964:RX_1 on freq 867700000 Hz at DR 2
1731942809s031:IRQ_RX_TX_TIMEOUT
1731942809s031:NOTIFY
1731942809s031:MAC rxTimeOut
1731942810s001:RX_2 on freq 869525000 Hz at DR 0
1731942810s199:IRQ_RX_TX_TIMEOUT
1731942810s199:NOTIFY
1731942810s199:MAC rxTimeOut

###### ========== MCPS-Confirm =============
###### U/L FRAME:0009 | PORT:24 | DR:2 | PWR:1 | MSG TYPE:UNCONFIRMED
1731942837s640:Airtime test started: 0
1731942837s640:MAC Tx start packet size: 18
1731942837s643:TX on freq 868500000 Hz at DR 2
1731942837s643:RADIO SEND WITH size 18
1731942837s645:SEND REQUEST
1731942837s975:NOTIFY
1731942837s975:MAC txDone
1731942838s970:RX_1 on freq 868500000 Hz at DR 2
1731942839s037:IRQ_RX_TX_TIMEOUT
1731942839s037:NOTIFY
1731942839s037:MAC rxTimeOut
1731942840s007:RX_2 on freq 869525000 Hz at DR 0
1731942840s205:IRQ_RX_TX_TIMEOUT
1731942840s205:NOTIFY
1731942840s205:MAC rxTimeOut

###### ========== MCPS-Confirm =============
###### U/L FRAME:0010 | PORT:24 | DR:2 | PWR:1 | MSG TYPE:UNCONFIRMED
1731942867s645:Airtime test started: 0
1731942867s645:MAC Tx start packet size: 18
1731942867s649:TX on freq 867300000 Hz at DR 2
1731942867s649:RADIO SEND WITH size 18
1731942867s651:SEND REQUEST
1731942867s981:NOTIFY
1731942867s981:MAC txDone
1731942868s975:RX_1 on freq 867300000 Hz at DR 2
1731942869s043:IRQ_RX_TX_TIMEOUT
1731942869s043:NOTIFY
1731942869s043:MAC rxTimeOut
1731942870s013:RX_2 on freq 869525000 Hz at DR 0
1731942870s211:IRQ_RX_TX_TIMEOUT
1731942870s211:NOTIFY
1731942870s211:MAC rxTimeOut

###### ========== MCPS-Confirm =============
###### U/L FRAME:0011 | PORT:24 | DR:2 | PWR:1 | MSG TYPE:UNCONFIRMED
1731942897s651:Airtime test started: 0
1731942897s651:MAC Tx start packet size: 18
1731942897s655:TX on freq 868100000 Hz at DR 2
1731942897s655:RADIO SEND WITH size 18
1731942897s657:SEND REQUEST
1731942897s987:NOTIFY
1731942897s987:MAC txDone
1731942898s981:RX_1 on freq 868100000 Hz at DR 2
1731942899s049:IRQ_RX_TX_TIMEOUT
1731942899s049:NOTIFY
1731942899s049:MAC rxTimeOut
1731942900s018:RX_2 on freq 869525000 Hz at DR 0
1731942900s217:IRQ_RX_TX_TIMEOUT
1731942900s217:NOTIFY
1731942900s217:MAC rxTimeOut

###### ========== MCPS-Confirm =============
###### U/L FRAME:0012 | PORT:24 | DR:2 | PWR:1 | MSG TYPE:UNCONFIRMED
1731942927s657:Airtime test started: 0
1731942927s657:MAC Tx start packet size: 18
1731942927s661:TX on freq 868500000 Hz at DR 2
1731942927s661:RADIO SEND WITH size 18
1731942927s663:SEND REQUEST
1731942927s993:NOTIFY
1731942927s993:MAC txDone
1731942928s987:RX_1 on freq 868500000 Hz at DR 2
1731942929s534:MAC rxNotify
1731942929s534:NOTIFY
1731942929s534:MAC rxDone

###### ========== MCPS-Confirm =============
###### U/L FRAME:0013 | PORT:24 | DR:2 | PWR:1 | MSG TYPE:UNCONFIRMED
1731942929s537:value of rxport: 200
1731942929s537:MULTICAST CLASS C SETUP 2
###### D/L FRAME:0001 | PORT:200 | DR:2 | SLOT:1 | RSSI:-5 | SNR:9
1731942929s547:MAC Tx start packet size: 15
1731942929s551:TX on freq 867700000 Hz at DR 2
1731942929s552:RADIO SEND WITH size 15
ID          : 0
McAddr      : 3058009C
McKey       : B6-B8-4E-04-6B-C1-C2-3D-08-F1-FB-95-F3-CA-B8-34
McFCountMin : 0
McFCountMax : 4294967295
SessionTime : 0
SessionTimeT: 1 s
Rx Freq     : 0
Rx DR       : DR_0
1731942929s883:NOTIFY
1731942929s883:MAC txDone
1731942930s877:RX_1 on freq 867700000 Hz at DR 2
1731942931s261:MAC rxNotify
1731942931s261:NOTIFY
1731942931s261:MAC rxDone

###### ========== MCPS-Confirm =============
###### U/L FRAME:0014 | PORT:200 | DR:2 | PWR:1 | MSG TYPE:UNCONFIRMED
1731942931s263:value of rxport: 201
###### D/L FRAME:0002 | PORT:201 | DR:2 | SLOT:1 | RSSI:-5 | SNR:9
1731942931s264:#####################FRAGDECODER INIT
1731942935s145:MAC Tx start packet size: 15
1731942935s149:TX on freq 867900000 Hz at DR 2
1731942935s149:RADIO SEND WITH size 15
1731942935s481:NOTIFY
1731942935s481:MAC txDone
1731942936s475:RX_1 on freq 867900000 Hz at DR 2
1731942936s858:MAC rxNotify
1731942936s858:NOTIFY
1731942936s858:MAC rxDone

###### ========== MCPS-Confirm =============
###### U/L FRAME:0015 | PORT:201 | DR:2 | PWR:1 | MSG TYPE:UNCONFIRMED
1731942936s860:value of rxport: 200
1731942936s861:MULTICAST CLASS C SETUP 4
###### D/L FRAME:0003 | PORT:200 | DR:2 | SLOT:1 | RSSI:-5 | SNR:9
Time2SessionStart: 274000 ms
1731942936s861:MAC Tx start packet size: 18
1731942936s865:TX on freq 867300000 Hz at DR 2
1731942936s866:RADIO SEND WITH size 18
ID          : 0
McAddr      : 3058009C
McKey       : B6-B8-4E-04-6B-C1-C2-3D-08-F1-FB-95-F3-CA-B8-34
McFCountMin : 0
McFCountMax : 4294967295
SessionTime : 1731943210
SessionTimeT: 4096 s
Rx Freq     : 869525000
Rx DR       : DR_2
1731942937s197:NOTIFY
1731942937s197:MAC txDone
1731942938s191:RX_1 on freq 867300000 Hz at DR 2
1731942938s259:IRQ_RX_TX_TIMEOUT
1731942938s259:NOTIFY
1731942938s259:MAC rxTimeOut
1731942939s228:RX_2 on freq 869525000 Hz at DR 0
1731942939s427:IRQ_RX_TX_TIMEOUT
1731942939s427:NOTIFY
1731942939s427:MAC rxTimeOut

###### ========== MCPS-Confirm =============
###### U/L FRAME:0016 | PORT:200 | DR:2 | PWR:1 | MSG TYPE:UNCONFIRMED
1731943210s861:[SWITCHCLASS class C]
1731943210s876:RX_C on freq 869525000 Hz at DR 2
1731943210s878:#############OPENED CONTINUOUS RX C WINDOW
Switch to Class C done
1731943237s883:MAC rxNotify
1731943237s883:NOTIFY
1731943237s883:MAC rxDone
1731943237s886:RXSLOT
1731943237s886:value of rxport: 201
###### D/L FRAME:0000 | PORT:201 | DR:2 | SLOT:C_MC | RSSI:0 | SNR:9
1731943237s886:#####################FRAGDECODER PROCESS

.... FRAG_DECODER in Progress ....
EXPECTED   : 052 Fragments (02028 Bytes)
RECEIVED   : 001 Fragments
             00039 Bytes
LOST       : 000 Fragments

1731943237s890:RX_C on freq 869525000 Hz at DR 2
1731943237s891:#############OPENED CONTINUOUS RX C WINDOW
1731943243s915:MAC rxNotify
1731943243s915:NOTIFY
1731943243s915:MAC rxDone
1731943243s918:RXSLOT
1731943243s918:value of rxport: 201
###### D/L FRAME:0001 | PORT:201 | DR:2 | SLOT:C_MC | RSSI:0 | SNR:9
1731943243s918:#####################FRAGDECODER PROCESS

.... FRAG_DECODER in Progress ....
EXPECTED   : 052 Fragments (02028 Bytes)
RECEIVED   : 002 Fragments
             00078 Bytes
LOST       : 000 Fragments

1731943243s923:RX_C on freq 869525000 Hz at DR 2
1731943243s924:#############OPENED CONTINUOUS RX C WINDOW
1731943250s933:MAC rxNotify
1731943250s933:NOTIFY
1731943250s933:MAC rxDone
1731943250s936:RXSLOT
1731943250s936:value of rxport: 201
###### D/L FRAME:0002 | PORT:201 | DR:2 | SLOT:C_MC | RSSI:0 | SNR:9
1731943250s936:#####################FRAGDECODER PROCESS

.... FRAG_DECODER in Progress ....
EXPECTED   : 052 Fragments (02028 Bytes)
RECEIVED   : 003 Fragments
             00117 Bytes
LOST       : 000 Fragments

1731943250s941:RX_C on freq 869525000 Hz at DR 2
1731943250s942:#############OPENED CONTINUOUS RX C WINDOW
1731943256s954:MAC rxNotify
1731943256s955:NOTIFY
1731943256s955:MAC rxDone
1731943256s958:RXSLOT
1731943256s958:value of rxport: 201
###### D/L FRAME:0003 | PORT:201 | DR:2 | SLOT:C_MC | RSSI:0 | SNR:10
1731943256s958:#####################FRAGDECODER PROCESS

.... FRAG_DECODER in Progress ....
EXPECTED   : 052 Fragments (02028 Bytes)
RECEIVED   : 004 Fragments
             00156 Bytes
LOST       : 000 Fragments

1731943256s963:RX_C on freq 869525000 Hz at DR 2
1731943256s964:#############OPENED CONTINUOUS RX C WINDOW
1731943262s988:MAC rxNotify
1731943262s988:NOTIFY
1731943262s988:MAC rxDone
1731943262s992:RXSLOT
1731943262s992:value of rxport: 201
###### D/L FRAME:0004 | PORT:201 | DR:2 | SLOT:C_MC | RSSI:0 | SNR:9
1731943262s992:#####################FRAGDECODER PROCESS

.... FRAG_DECODER in Progress ....
EXPECTED   : 052 Fragments (02028 Bytes)
RECEIVED   : 005 Fragments
             00195 Bytes
LOST       : 000 Fragments

1731943262s997:RX_C on freq 869525000 Hz at DR 2
1731943262s998:#############OPENED CONTINUOUS RX C WINDOW
1731943268s997:MAC rxNotify
1731943268s998:NOTIFY
1731943268s998:MAC rxDone
1731943269s001:RXSLOT
1731943269s001:value of rxport: 201
###### D/L FRAME:0005 | PORT:201 | DR:2 | SLOT:C_MC | RSSI:0 | SNR:10
1731943269s001:#####################FRAGDECODER PROCESS

.... FRAG_DECODER in Progress ....
EXPECTED   : 052 Fragments (02028 Bytes)
RECEIVED   : 006 Fragments
             00234 Bytes
LOST       : 000 Fragments

1731943269s006:RX_C on freq 869525000 Hz at DR 2
1731943269s007:#############OPENED CONTINUOUS RX C WINDOW
1731943276s024:MAC rxNotify
1731943276s024:NOTIFY
1731943276s024:MAC rxDone
1731943276s027:RXSLOT
1731943276s027:value of rxport: 201
###### D/L FRAME:0006 | PORT:201 | DR:2 | SLOT:C_MC | RSSI:0 | SNR:9
1731943276s027:#####################FRAGDECODER PROCESS

.... FRAG_DECODER in Progress ....
EXPECTED   : 052 Fragments (02028 Bytes)
RECEIVED   : 007 Fragments
             00273 Bytes
LOST       : 000 Fragments

1731943276s032:RX_C on freq 869525000 Hz at DR 2
1731943276s033:#############OPENED CONTINUOUS RX C WINDOW
1731943282s048:MAC rxNotify
1731943282s048:NOTIFY
1731943282s048:MAC rxDone
1731943282s051:RXSLOT
1731943282s051:value of rxport: 201
###### D/L FRAME:0007 | PORT:201 | DR:2 | SLOT:C_MC | RSSI:0 | SNR:10
1731943282s051:#####################FRAGDECODER PROCESS

.... FRAG_DECODER in Progress ....
EXPECTED   : 052 Fragments (02028 Bytes)
RECEIVED   : 008 Fragments
             00312 Bytes
LOST       : 000 Fragments

1731943282s056:RX_C on freq 869525000 Hz at DR 2
1731943282s057:#############OPENED CONTINUOUS RX C WINDOW
1731943288s069:MAC rxNotify
1731943288s069:NOTIFY
1731943288s069:MAC rxDone
1731943288s072:RXSLOT
1731943288s072:value of rxport: 201
###### D/L FRAME:0008 | PORT:201 | DR:2 | SLOT:C_MC | RSSI:0 | SNR:10
1731943288s072:#####################FRAGDECODER PROCESS

.... FRAG_DECODER in Progress ....
EXPECTED   : 052 Fragments (02028 Bytes)
RECEIVED   : 009 Fragments
             00351 Bytes
LOST       : 000 Fragments

1731943288s077:RX_C on freq 869525000 Hz at DR 2
1731943288s078:#############OPENED CONTINUOUS RX C WINDOW
1731943294s098:MAC rxNotify
1731943294s098:NOTIFY
1731943294s098:MAC rxDone
1731943294s100:RXSLOT
1731943294s100:value of rxport: 201
###### D/L FRAME:0009 | PORT:201 | DR:2 | SLOT:C_MC | RSSI:0 | SNR:9
1731943294s100:#####################FRAGDECODER PROCESS

.... FRAG_DECODER in Progress ....
EXPECTED   : 052 Fragments (02028 Bytes)
RECEIVED   : 010 Fragments
             00390 Bytes
LOST       : 000 Fragments

1731943294s105:RX_C on freq 869525000 Hz at DR 2
1731943294s106:#############OPENED CONTINUOUS RX C WINDOW
1731943301s119:MAC rxNotify
1731943301s119:NOTIFY
1731943301s119:MAC rxDone
1731943301s123:RXSLOT
1731943301s123:value of rxport: 201
###### D/L FRAME:0010 | PORT:201 | DR:2 | SLOT:C_MC | RSSI:0 | SNR:9
1731943301s123:#####################FRAGDECODER PROCESS

.... FRAG_DECODER in Progress ....
EXPECTED   : 052 Fragments (02028 Bytes)
RECEIVED   : 011 Fragments
             00429 Bytes
LOST       : 000 Fragments

1731943301s128:RX_C on freq 869525000 Hz at DR 2
1731943301s129:#############OPENED CONTINUOUS RX C WINDOW
1731943307s145:MAC rxNotify
1731943307s145:NOTIFY
1731943307s145:MAC rxDone
1731943307s148:RXSLOT
1731943307s148:value of rxport: 201
###### D/L FRAME:0011 | PORT:201 | DR:2 | SLOT:C_MC | RSSI:0 | SNR:9
1731943307s148:#####################FRAGDECODER PROCESS

.... FRAG_DECODER in Progress ....
EXPECTED   : 052 Fragments (02028 Bytes)
RECEIVED   : 012 Fragments
             00468 Bytes
LOST       : 000 Fragments

1731943307s153:RX_C on freq 869525000 Hz at DR 2
1731943307s154:#############OPENED CONTINUOUS RX C WINDOW
1731943313s178:MAC rxNotify
1731943313s179:NOTIFY
1731943313s179:MAC rxDone
1731943313s182:RXSLOT
1731943313s182:value of rxport: 201
###### D/L FRAME:0012 | PORT:201 | DR:2 | SLOT:C_MC | RSSI:0 | SNR:9
1731943313s182:#####################FRAGDECODER PROCESS

.... FRAG_DECODER in Progress ....
EXPECTED   : 052 Fragments (02028 Bytes)
RECEIVED   : 013 Fragments
             00507 Bytes
LOST       : 000 Fragments

1731943313s186:RX_C on freq 869525000 Hz at DR 2
1731943313s187:#############OPENED CONTINUOUS RX C WINDOW
1731943320s201:MAC rxNotify
1731943320s201:NOTIFY
1731943320s201:MAC rxDone
1731943320s204:RXSLOT
1731943320s204:value of rxport: 201
###### D/L FRAME:0013 | PORT:201 | DR:2 | SLOT:C_MC | RSSI:0 | SNR:9
1731943320s204:#####################FRAGDECODER PROCESS

.... FRAG_DECODER in Progress ....
EXPECTED   : 052 Fragments (02028 Bytes)
RECEIVED   : 014 Fragments
             00546 Bytes
LOST       : 000 Fragments

1731943320s209:RX_C on freq 869525000 Hz at DR 2
1731943320s210:#############OPENED CONTINUOUS RX C WINDOW
1731943326s212:MAC rxNotify
1731943326s212:NOTIFY
1731943326s212:MAC rxDone
1731943326s215:RXSLOT
1731943326s215:value of rxport: 201
###### D/L FRAME:0014 | PORT:201 | DR:2 | SLOT:C_MC | RSSI:0 | SNR:9
1731943326s215:#####################FRAGDECODER PROCESS

.... FRAG_DECODER in Progress ....
EXPECTED   : 052 Fragments (02028 Bytes)
RECEIVED   : 015 Fragments
             00585 Bytes
LOST       : 000 Fragments

1731943326s220:RX_C on freq 869525000 Hz at DR 2
1731943326s221:#############OPENED CONTINUOUS RX C WINDOW
1731943332s232:MAC rxNotify
1731943332s232:NOTIFY
1731943332s232:MAC rxDone
1731943332s235:RXSLOT
1731943332s235:value of rxport: 201
###### D/L FRAME:0015 | PORT:201 | DR:2 | SLOT:C_MC | RSSI:0 | SNR:9
1731943332s235:#####################FRAGDECODER PROCESS

.... FRAG_DECODER in Progress ....
EXPECTED   : 052 Fragments (02028 Bytes)
RECEIVED   : 016 Fragments
             00624 Bytes
LOST       : 000 Fragments

1731943332s240:RX_C on freq 869525000 Hz at DR 2
1731943332s241:#############OPENED CONTINUOUS RX C WINDOW
1731943338s253:MAC rxNotify
1731943338s253:NOTIFY
1731943338s253:MAC rxDone
1731943338s256:RXSLOT
1731943338s256:value of rxport: 201
###### D/L FRAME:0016 | PORT:201 | DR:2 | SLOT:C_MC | RSSI:0 | SNR:9
1731943338s256:#####################FRAGDECODER PROCESS

.... FRAG_DECODER in Progress ....
EXPECTED   : 052 Fragments (02028 Bytes)
RECEIVED   : 017 Fragments
             00663 Bytes
LOST       : 000 Fragments

1731943338s261:RX_C on freq 869525000 Hz at DR 2
1731943338s262:#############OPENED CONTINUOUS RX C WINDOW
1731943345s285:MAC rxNotify
1731943345s285:NOTIFY
1731943345s285:MAC rxDone
1731943345s289:RXSLOT
1731943345s289:value of rxport: 201
###### D/L FRAME:0017 | PORT:201 | DR:2 | SLOT:C_MC | RSSI:0 | SNR:9
1731943345s289:#####################FRAGDECODER PROCESS

.... FRAG_DECODER in Progress ....
EXPECTED   : 052 Fragments (02028 Bytes)
RECEIVED   : 018 Fragments
             00702 Bytes
LOST       : 000 Fragments

1731943345s294:RX_C on freq 869525000 Hz at DR 2
1731943345s295:#############OPENED CONTINUOUS RX C WINDOW
1731943351s309:MAC rxNotify
1731943351s309:NOTIFY
1731943351s309:MAC rxDone
1731943351s313:RXSLOT
1731943351s313:value of rxport: 201
###### D/L FRAME:0018 | PORT:201 | DR:2 | SLOT:C_MC | RSSI:0 | SNR:9
1731943351s313:#####################FRAGDECODER PROCESS

.... FRAG_DECODER in Progress ....
EXPECTED   : 052 Fragments (02028 Bytes)
RECEIVED   : 019 Fragments
             00741 Bytes
LOST       : 000 Fragments

1731943351s318:RX_C on freq 869525000 Hz at DR 2
1731943351s319:#############OPENED CONTINUOUS RX C WINDOW
1731943357s336:MAC rxNotify
1731943357s336:NOTIFY
1731943357s336:MAC rxDone
1731943357s339:RXSLOT
1731943357s339:value of rxport: 201
###### D/L FRAME:0019 | PORT:201 | DR:2 | SLOT:C_MC | RSSI:0 | SNR:9
1731943357s339:#####################FRAGDECODER PROCESS

.... FRAG_DECODER in Progress ....
EXPECTED   : 052 Fragments (02028 Bytes)
RECEIVED   : 020 Fragments
             00780 Bytes
LOST       : 000 Fragments

1731943357s344:RX_C on freq 869525000 Hz at DR 2
1731943357s345:#############OPENED CONTINUOUS RX C WINDOW
1731943363s360:MAC rxNotify
1731943363s360:NOTIFY
1731943363s360:MAC rxDone
1731943363s363:RXSLOT
1731943363s363:value of rxport: 201
###### D/L FRAME:0020 | PORT:201 | DR:2 | SLOT:C_MC | RSSI:0 | SNR:9
1731943363s363:#####################FRAGDECODER PROCESS

.... FRAG_DECODER in Progress ....
EXPECTED   : 052 Fragments (02028 Bytes)
RECEIVED   : 021 Fragments
             00819 Bytes
LOST       : 000 Fragments

1731943363s368:RX_C on freq 869525000 Hz at DR 2
1731943363s369:#############OPENED CONTINUOUS RX C WINDOW
1731943370s387:MAC rxNotify
1731943370s387:NOTIFY
1731943370s388:MAC rxDone
1731943370s390:RXSLOT
1731943370s390:value of rxport: 201
###### D/L FRAME:0021 | PORT:201 | DR:2 | SLOT:C_MC | RSSI:0 | SNR:10
1731943370s390:#####################FRAGDECODER PROCESS

.... FRAG_DECODER in Progress ....
EXPECTED   : 052 Fragments (02028 Bytes)
RECEIVED   : 022 Fragments
             00858 Bytes
LOST       : 000 Fragments

1731943370s395:RX_C on freq 869525000 Hz at DR 2
1731943370s396:#############OPENED CONTINUOUS RX C WINDOW
1731943376s413:MAC rxNotify
1731943376s414:NOTIFY
1731943376s414:MAC rxDone
1731943376s417:RXSLOT
1731943376s417:value of rxport: 201
###### D/L FRAME:0022 | PORT:201 | DR:2 | SLOT:C_MC | RSSI:0 | SNR:9
1731943376s417:#####################FRAGDECODER PROCESS

.... FRAG_DECODER in Progress ....
EXPECTED   : 052 Fragments (02028 Bytes)
RECEIVED   : 023 Fragments
             00897 Bytes
LOST       : 000 Fragments

1731943376s422:RX_C on freq 869525000 Hz at DR 2
1731943376s423:#############OPENED CONTINUOUS RX C WINDOW
1731943382s429:MAC rxNotify
1731943382s429:NOTIFY
1731943382s429:MAC rxDone
1731943382s432:RXSLOT
1731943382s432:value of rxport: 201
###### D/L FRAME:0023 | PORT:201 | DR:2 | SLOT:C_MC | RSSI:0 | SNR:10
1731943382s432:#####################FRAGDECODER PROCESS

.... FRAG_DECODER in Progress ....
EXPECTED   : 052 Fragments (02028 Bytes)
RECEIVED   : 024 Fragments
             00936 Bytes
LOST       : 000 Fragments

1731943382s436:RX_C on freq 869525000 Hz at DR 2
1731943382s437:#############OPENED CONTINUOUS RX C WINDOW
1731943388s453:MAC rxNotify
1731943388s453:NOTIFY
1731943388s453:MAC rxDone
1731943388s456:RXSLOT
1731943388s456:value of rxport: 201
###### D/L FRAME:0024 | PORT:201 | DR:2 | SLOT:C_MC | RSSI:0 | SNR:9
1731943388s456:#####################FRAGDECODER PROCESS

.... FRAG_DECODER in Progress ....
EXPECTED   : 052 Fragments (02028 Bytes)
RECEIVED   : 025 Fragments
             00975 Bytes
LOST       : 000 Fragments

1731943388s461:RX_C on freq 869525000 Hz at DR 2
1731943388s462:#############OPENED CONTINUOUS RX C WINDOW
1731943395s480:MAC rxNotify
1731943395s480:NOTIFY
1731943395s480:MAC rxDone
1731943395s483:RXSLOT
1731943395s483:value of rxport: 201
###### D/L FRAME:0025 | PORT:201 | DR:2 | SLOT:C_MC | RSSI:0 | SNR:10
1731943395s483:#####################FRAGDECODER PROCESS

.... FRAG_DECODER in Progress ....
EXPECTED   : 052 Fragments (02028 Bytes)
RECEIVED   : 026 Fragments
             01014 Bytes
LOST       : 000 Fragments

1731943395s488:RX_C on freq 869525000 Hz at DR 2
1731943395s489:#############OPENED CONTINUOUS RX C WINDOW
1731943401s507:MAC rxNotify
1731943401s507:NOTIFY
1731943401s507:MAC rxDone
1731943401s510:RXSLOT
1731943401s510:value of rxport: 201
###### D/L FRAME:0026 | PORT:201 | DR:2 | SLOT:C_MC | RSSI:0 | SNR:10
1731943401s510:#####################FRAGDECODER PROCESS

.... FRAG_DECODER in Progress ....
EXPECTED   : 052 Fragments (02028 Bytes)
RECEIVED   : 027 Fragments
             01053 Bytes
LOST       : 000 Fragments

1731943401s515:RX_C on freq 869525000 Hz at DR 2
1731943401s515:#############OPENED CONTINUOUS RX C WINDOW
1731943407s528:MAC rxNotify
1731943407s528:NOTIFY
1731943407s528:MAC rxDone
1731943407s531:RXSLOT
1731943407s531:value of rxport: 201
###### D/L FRAME:0027 | PORT:201 | DR:2 | SLOT:C_MC | RSSI:0 | SNR:9
1731943407s531:#####################FRAGDECODER PROCESS

.... FRAG_DECODER in Progress ....
EXPECTED   : 052 Fragments (02028 Bytes)
RECEIVED   : 028 Fragments
             01092 Bytes
LOST       : 000 Fragments

1731943407s536:RX_C on freq 869525000 Hz at DR 2
1731943407s537:#############OPENED CONTINUOUS RX C WINDOW
1731943413s557:MAC rxNotify
1731943413s557:NOTIFY
1731943413s557:MAC rxDone
1731943413s560:RXSLOT
1731943413s560:value of rxport: 201
###### D/L FRAME:0028 | PORT:201 | DR:2 | SLOT:C_MC | RSSI:0 | SNR:9
1731943413s560:#####################FRAGDECODER PROCESS

.... FRAG_DECODER in Progress ....
EXPECTED   : 052 Fragments (02028 Bytes)
RECEIVED   : 029 Fragments
             01131 Bytes
LOST       : 000 Fragments

1731943413s565:RX_C on freq 869525000 Hz at DR 2
1731943413s566:#############OPENED CONTINUOUS RX C WINDOW
1731943420s568:MAC rxNotify
1731943420s568:NOTIFY
1731943420s569:MAC rxDone
1731943420s572:RXSLOT
1731943420s572:value of rxport: 201
###### D/L FRAME:0029 | PORT:201 | DR:2 | SLOT:C_MC | RSSI:0 | SNR:10
1731943420s572:#####################FRAGDECODER PROCESS

.... FRAG_DECODER in Progress ....
EXPECTED   : 052 Fragments (02028 Bytes)
RECEIVED   : 030 Fragments
             01170 Bytes
LOST       : 000 Fragments

1731943420s577:RX_C on freq 869525000 Hz at DR 2
1731943420s578:#############OPENED CONTINUOUS RX C WINDOW
1731943426s597:MAC rxNotify
1731943426s597:NOTIFY
1731943426s597:MAC rxDone
1731943426s599:RXSLOT
1731943426s599:value of rxport: 201
###### D/L FRAME:0030 | PORT:201 | DR:2 | SLOT:C_MC | RSSI:0 | SNR:10
1731943426s599:#####################FRAGDECODER PROCESS

.... FRAG_DECODER in Progress ....
EXPECTED   : 052 Fragments (02028 Bytes)
RECEIVED   : 031 Fragments
             01209 Bytes
LOST       : 000 Fragments

1731943426s604:RX_C on freq 869525000 Hz at DR 2
1731943426s605:#############OPENED CONTINUOUS RX C WINDOW
1731943432s616:MAC rxNotify
1731943432s616:NOTIFY
1731943432s616:MAC rxDone
1731943432s620:RXSLOT
1731943432s620:value of rxport: 201
###### D/L FRAME:0031 | PORT:201 | DR:2 | SLOT:C_MC | RSSI:0 | SNR:10
1731943432s620:#####################FRAGDECODER PROCESS

.... FRAG_DECODER in Progress ....
EXPECTED   : 052 Fragments (02028 Bytes)
RECEIVED   : 032 Fragments
             01248 Bytes
LOST       : 000 Fragments

1731943432s625:RX_C on freq 869525000 Hz at DR 2
1731943432s626:#############OPENED CONTINUOUS RX C WINDOW
1731943438s641:MAC rxNotify
1731943438s641:NOTIFY
1731943438s641:MAC rxDone
1731943438s644:RXSLOT
1731943438s644:value of rxport: 201
###### D/L FRAME:0032 | PORT:201 | DR:2 | SLOT:C_MC | RSSI:0 | SNR:10
1731943438s644:#####################FRAGDECODER PROCESS

.... FRAG_DECODER in Progress ....
EXPECTED   : 052 Fragments (02028 Bytes)
RECEIVED   : 033 Fragments
             01287 Bytes
LOST       : 000 Fragments

1731943438s649:RX_C on freq 869525000 Hz at DR 2
1731943438s650:#############OPENED CONTINUOUS RX C WINDOW
1731943445s676:MAC rxNotify
1731943445s676:NOTIFY
1731943445s676:MAC rxDone
1731943445s679:RXSLOT
1731943445s679:value of rxport: 201
###### D/L FRAME:0033 | PORT:201 | DR:2 | SLOT:C_MC | RSSI:0 | SNR:9
1731943445s679:#####################FRAGDECODER PROCESS

.... FRAG_DECODER in Progress ....
EXPECTED   : 052 Fragments (02028 Bytes)
RECEIVED   : 034 Fragments
             01326 Bytes
LOST       : 000 Fragments

1731943445s683:RX_C on freq 869525000 Hz at DR 2
1731943445s684:#############OPENED CONTINUOUS RX C WINDOW
1731943451s691:MAC rxNotify
1731943451s691:NOTIFY
1731943451s691:MAC rxDone
1731943451s695:RXSLOT
1731943451s695:value of rxport: 201
###### D/L FRAME:0034 | PORT:201 | DR:2 | SLOT:C_MC | RSSI:0 | SNR:9
1731943451s695:#####################FRAGDECODER PROCESS

.... FRAG_DECODER in Progress ....
EXPECTED   : 052 Fragments (02028 Bytes)
RECEIVED   : 035 Fragments
             01365 Bytes
LOST       : 000 Fragments

1731943451s700:RX_C on freq 869525000 Hz at DR 2
1731943451s701:#############OPENED CONTINUOUS RX C WINDOW
1731943457s718:MAC rxNotify
1731943457s718:NOTIFY
1731943457s718:MAC rxDone
1731943457s721:RXSLOT
1731943457s721:value of rxport: 201
###### D/L FRAME:0035 | PORT:201 | DR:2 | SLOT:C_MC | RSSI:0 | SNR:9
1731943457s721:#####################FRAGDECODER PROCESS

.... FRAG_DECODER in Progress ....
EXPECTED   : 052 Fragments (02028 Bytes)
RECEIVED   : 036 Fragments
             01404 Bytes
LOST       : 000 Fragments

1731943457s725:RX_C on freq 869525000 Hz at DR 2
1731943457s726:#############OPENED CONTINUOUS RX C WINDOW
1731943464s741:MAC rxNotify
1731943464s741:NOTIFY
1731943464s741:MAC rxDone
1731943464s745:RXSLOT
1731943464s745:value of rxport: 201
###### D/L FRAME:0036 | PORT:201 | DR:2 | SLOT:C_MC | RSSI:0 | SNR:9
1731943464s745:#####################FRAGDECODER PROCESS

.... FRAG_DECODER in Progress ....
EXPECTED   : 052 Fragments (02028 Bytes)
RECEIVED   : 037 Fragments
             01443 Bytes
LOST       : 000 Fragments

1731943464s750:RX_C on freq 869525000 Hz at DR 2
1731943464s751:#############OPENED CONTINUOUS RX C WINDOW
1731943470s765:MAC rxNotify
1731943470s765:NOTIFY
1731943470s765:MAC rxDone
1731943470s768:RXSLOT
1731943470s768:value of rxport: 201
###### D/L FRAME:0037 | PORT:201 | DR:2 | SLOT:C_MC | RSSI:0 | SNR:9
1731943470s768:#####################FRAGDECODER PROCESS

.... FRAG_DECODER in Progress ....
EXPECTED   : 052 Fragments (02028 Bytes)
RECEIVED   : 038 Fragments
             01482 Bytes
LOST       : 000 Fragments

1731943470s773:RX_C on freq 869525000 Hz at DR 2
1731943470s774:#############OPENED CONTINUOUS RX C WINDOW
1731943476s791:MAC rxNotify
1731943476s791:NOTIFY
1731943476s791:MAC rxDone
1731943476s794:RXSLOT
1731943476s794:value of rxport: 201
###### D/L FRAME:0038 | PORT:201 | DR:2 | SLOT:C_MC | RSSI:0 | SNR:9
1731943476s794:#####################FRAGDECODER PROCESS

.... FRAG_DECODER in Progress ....
EXPECTED   : 052 Fragments (02028 Bytes)
RECEIVED   : 039 Fragments
             01521 Bytes
LOST       : 000 Fragments

1731943476s799:RX_C on freq 869525000 Hz at DR 2
1731943476s800:#############OPENED CONTINUOUS RX C WINDOW
1731943482s814:MAC rxNotify
1731943482s814:NOTIFY
1731943482s814:MAC rxDone
1731943482s817:RXSLOT
1731943482s817:value of rxport: 201
###### D/L FRAME:0039 | PORT:201 | DR:2 | SLOT:C_MC | RSSI:0 | SNR:9
1731943482s817:#####################FRAGDECODER PROCESS

.... FRAG_DECODER in Progress ....
EXPECTED   : 052 Fragments (02028 Bytes)
RECEIVED   : 040 Fragments
             01560 Bytes
LOST       : 000 Fragments

1731943482s822:RX_C on freq 869525000 Hz at DR 2
1731943482s823:#############OPENED CONTINUOUS RX C WINDOW
1731943489s849:MAC rxNotify
1731943489s849:NOTIFY
1731943489s849:MAC rxDone
1731943489s852:RXSLOT
1731943489s852:value of rxport: 201
###### D/L FRAME:0040 | PORT:201 | DR:2 | SLOT:C_MC | RSSI:0 | SNR:9
1731943489s852:#####################FRAGDECODER PROCESS

.... FRAG_DECODER in Progress ....
EXPECTED   : 052 Fragments (02028 Bytes)
RECEIVED   : 041 Fragments
             01599 Bytes
LOST       : 000 Fragments

1731943489s857:RX_C on freq 869525000 Hz at DR 2
1731943489s858:#############OPENED CONTINUOUS RX C WINDOW
1731943495s865:MAC rxNotify
1731943495s865:NOTIFY
1731943495s865:MAC rxDone
1731943495s868:RXSLOT
1731943495s868:value of rxport: 201
###### D/L FRAME:0041 | PORT:201 | DR:2 | SLOT:C_MC | RSSI:0 | SNR:9
1731943495s868:#####################FRAGDECODER PROCESS

.... FRAG_DECODER in Progress ....
EXPECTED   : 052 Fragments (02028 Bytes)
RECEIVED   : 042 Fragments
             01638 Bytes
LOST       : 000 Fragments

1731943495s873:RX_C on freq 869525000 Hz at DR 2
1731943495s874:#############OPENED CONTINUOUS RX C WINDOW
1731943501s885:MAC rxNotify
1731943501s885:NOTIFY
1731943501s885:MAC rxDone
1731943501s888:RXSLOT
1731943501s888:value of rxport: 201
###### D/L FRAME:0042 | PORT:201 | DR:2 | SLOT:C_MC | RSSI:0 | SNR:9
1731943501s888:#####################FRAGDECODER PROCESS

.... FRAG_DECODER in Progress ....
EXPECTED   : 052 Fragments (02028 Bytes)
RECEIVED   : 043 Fragments
             01677 Bytes
LOST       : 000 Fragments

1731943501s892:RX_C on freq 869525000 Hz at DR 2
1731943501s893:#############OPENED CONTINUOUS RX C WINDOW
1731943507s911:MAC rxNotify
1731943507s911:NOTIFY
1731943507s911:MAC rxDone
1731943507s914:RXSLOT
1731943507s914:value of rxport: 201
###### D/L FRAME:0043 | PORT:201 | DR:2 | SLOT:C_MC | RSSI:0 | SNR:9
1731943507s914:#####################FRAGDECODER PROCESS

.... FRAG_DECODER in Progress ....
EXPECTED   : 052 Fragments (02028 Bytes)
RECEIVED   : 044 Fragments
             01716 Bytes
LOST       : 000 Fragments

1731943507s919:RX_C on freq 869525000 Hz at DR 2
1731943507s920:#############OPENED CONTINUOUS RX C WINDOW
1731943514s937:MAC rxNotify
1731943514s937:NOTIFY
1731943514s937:MAC rxDone
1731943514s940:RXSLOT
1731943514s940:value of rxport: 201
###### D/L FRAME:0044 | PORT:201 | DR:2 | SLOT:C_MC | RSSI:0 | SNR:9
1731943514s940:#####################FRAGDECODER PROCESS

.... FRAG_DECODER in Progress ....
EXPECTED   : 052 Fragments (02028 Bytes)
RECEIVED   : 045 Fragments
             01755 Bytes
LOST       : 000 Fragments

1731943514s945:RX_C on freq 869525000 Hz at DR 2
1731943514s946:#############OPENED CONTINUOUS RX C WINDOW
1731943520s960:MAC rxNotify
1731943520s960:NOTIFY
1731943520s960:MAC rxDone
1731943520s963:RXSLOT
1731943520s963:value of rxport: 201
###### D/L FRAME:0045 | PORT:201 | DR:2 | SLOT:C_MC | RSSI:0 | SNR:9
1731943520s963:#####################FRAGDECODER PROCESS

.... FRAG_DECODER in Progress ....
EXPECTED   : 052 Fragments (02028 Bytes)
RECEIVED   : 046 Fragments
             01794 Bytes
LOST       : 000 Fragments

1731943520s968:RX_C on freq 869525000 Hz at DR 2
1731943520s969:#############OPENED CONTINUOUS RX C WINDOW
1731943526s984:MAC rxNotify
1731943526s984:NOTIFY
1731943526s984:MAC rxDone
1731943526s987:RXSLOT
1731943526s987:value of rxport: 201
###### D/L FRAME:0046 | PORT:201 | DR:2 | SLOT:C_MC | RSSI:0 | SNR:9
1731943526s987:#####################FRAGDECODER PROCESS

.... FRAG_DECODER in Progress ....
EXPECTED   : 052 Fragments (02028 Bytes)
RECEIVED   : 047 Fragments
             01833 Bytes
LOST       : 000 Fragments

1731943526s992:RX_C on freq 869525000 Hz at DR 2
1731943526s993:#############OPENED CONTINUOUS RX C WINDOW
1731943533s009:MAC rxNotify
1731943533s009:NOTIFY
1731943533s009:MAC rxDone
1731943533s012:RXSLOT
1731943533s012:value of rxport: 201
###### D/L FRAME:0047 | PORT:201 | DR:2 | SLOT:C_MC | RSSI:0 | SNR:9
1731943533s012:#####################FRAGDECODER PROCESS

.... FRAG_DECODER in Progress ....
EXPECTED   : 052 Fragments (02028 Bytes)
RECEIVED   : 048 Fragments
             01872 Bytes
LOST       : 000 Fragments

1731943533s016:RX_C on freq 869525000 Hz at DR 2
1731943533s017:#############OPENED CONTINUOUS RX C WINDOW
1731943540s034:MAC rxNotify
1731943540s034:NOTIFY
1731943540s035:MAC rxDone
1731943540s038:RXSLOT
1731943540s038:value of rxport: 201
###### D/L FRAME:0048 | PORT:201 | DR:2 | SLOT:C_MC | RSSI:0 | SNR:9
1731943540s038:#####################FRAGDECODER PROCESS

.... FRAG_DECODER in Progress ....
EXPECTED   : 052 Fragments (02028 Bytes)
RECEIVED   : 049 Fragments
             01911 Bytes
LOST       : 000 Fragments

1731943540s043:RX_C on freq 869525000 Hz at DR 2
1731943540s044:#############OPENED CONTINUOUS RX C WINDOW
1731943546s059:MAC rxNotify
1731943546s059:NOTIFY
1731943546s059:MAC rxDone
1731943546s062:RXSLOT
1731943546s062:value of rxport: 201
###### D/L FRAME:0049 | PORT:201 | DR:2 | SLOT:C_MC | RSSI:0 | SNR:9
1731943546s062:#####################FRAGDECODER PROCESS

.... FRAG_DECODER in Progress ....
EXPECTED   : 052 Fragments (02028 Bytes)
RECEIVED   : 050 Fragments
             01950 Bytes
LOST       : 000 Fragments

1731943546s067:RX_C on freq 869525000 Hz at DR 2
1731943546s068:#############OPENED CONTINUOUS RX C WINDOW
1731943552s073:MAC rxNotify
1731943552s073:NOTIFY
1731943552s073:MAC rxDone
1731943552s076:RXSLOT
1731943552s076:value of rxport: 201
###### D/L FRAME:0050 | PORT:201 | DR:2 | SLOT:C_MC | RSSI:0 | SNR:9
1731943552s076:#####################FRAGDECODER PROCESS

.... FRAG_DECODER in Progress ....
EXPECTED   : 052 Fragments (02028 Bytes)
RECEIVED   : 051 Fragments
             01989 Bytes
LOST       : 000 Fragments

1731943552s081:RX_C on freq 869525000 Hz at DR 2
1731943552s082:#############OPENED CONTINUOUS RX C WINDOW
1731943558s096:MAC rxNotify
1731943558s096:NOTIFY
1731943558s096:MAC rxDone
1731943558s099:RXSLOT
1731943558s099:value of rxport: 201
###### D/L FRAME:0051 | PORT:201 | DR:2 | SLOT:C_MC | RSSI:0 | SNR:9
1731943558s099:#####################FRAGDECODER PROCESS

.... FRAG_DECODER in Progress ....
EXPECTED   : 052 Fragments (02028 Bytes)
RECEIVED   : 052 Fragments
             02028 Bytes
LOST       : 000 Fragments


.... FRAG_DECODER Finished ....
STATUS     : 0
1731943558s099:ALL FRAGMENTS RECEIVED

= [SBOOT] System Security Check successfully passed. Starting...


======================================================================
=              (C) COPYRIGHT 2017 STMicroelectronics                 =
=                                                                    =
=              Secure Boot and Secure Firmware Update                =
======================================================================


= [SBOOT] SECURE ENGINE INITIALIZATION SUCCESSFUL
= [SBOOT] STATE: CHECK STATUS ON RESET
	  INFO: A Reboot has been triggered by a Software reset!
= [SBOOT] STATE: CHECK NEW FIRMWARE TO DOWNLOAD
= [SBOOT] STATE: CHECK KMS BLOB TO INSTALL
= [SBOOT] STATE: CHECK USER FW STATUS
	  A FW is detected in the slot SLOT_ACTIVE_1
= [SBOOT] STATE: VERIFY USER FW SIGNATURE
= [SBOOT] STATE: EXECUTE USER FIRMWAREAPPLICATION_VERSION: V1.3.0
MW_LORAWAN_VERSION:  V2.5.0
MW_RADIO_VERSION:    V1.3.0
L2_SPEC_VERSION:     V1.0.4
RP_SPEC_VERSION:     V2-1.0.1
NVM DATA RESTORED
###### AppKey:      2B:7E:15:16:28:AE:D2:A6:AB:F7:15:88:09:CF:4F:3C
###### NwkKey:      2B:7E:15:16:28:AE:D2:A6:AB:F7:15:88:09:CF:4F:3C
###### AppSKey:     CB:95:53:2F:4C:E5:8D:40:2A:7B:19:FF:2C:8C:FF:61
###### NwkSKey:     11:14:6C:35:00:6F:1A:7E:AD:05:0C:2A:19:0C:C1:B2
###### DevEUI:      00:80:E1:15:05:AB:D0:6C
###### AppEUI:      01:01:01:01:01:01:01:01
###### DevAddr:     05:AB:D0:6C
###### KMS ENABLED