
= [SBOOT] System Security Check successfully passed. Starting...


======================================================================
=              (C) COPYRIGHT 2017 STMicroelectronics                 =
=                                                                    =
=              Secure Boot and Secure Firmware Update                =
======================================================================


= [SBOOT] SECURE ENGINE INITIALIZATION SUCCESSFUL
= [SBOOT] STATE: CHECK STATUS ON RESET
	  INFO: A Reboot has been triggered by a Hardware reset!
= [SBOOT] STATE: CHECK NEW FIRMWARE TO DOWNLOAD
= [SBOOT] STATE: CHECK KMS BLOB TO INSTALL
= [SBOOT] STATE: CHECK USER FW STATUS
	  A FW is detected in the slot SLOT_ACTIVE_1
= [SBOOT] STATE: VERIFY USER FW SIGNATURE
= [SBOOT] STATE: EXECUTE USER FIRMWAREAPPLICATION_VERSION: V1.3.0
MW_LORAWAN_VERSION:  V2.5.0
MW_RADIO_VERSION:    V1.3.0
L2_SPEC_VERSION:     V1.0.4
RP_SPEC_VERSION:     V2-1.0.1
NVM DATA RESTORED
###### AppKey:      2B:7E:15:16:28:AE:D2:A6:AB:F7:15:88:09:CF:4F:3C
###### NwkKey:      2B:7E:15:16:28:AE:D2:A6:AB:F7:15:88:09:CF:4F:3C
###### AppSKey:     E9:03:3A:0B:22:5F:A1:9A:45:EC:AE:D0:B6:3C:DE:66
###### NwkSKey:     42:D2:4A:1E:7A:FB:12:5A:21:3D:46:34:FA:5E:3D:DD
###### DevEUI:      00:80:E1:15:05:AB:D0:6C
###### AppEUI:      01:01:01:01:01:01:01:01
###### DevAddr:     05:AB:D0:6C
###### KMS ENABLED

###### = JOINED = OTAA =====================
[31mNetwork joined, choose app to execute:
BTN1: TxTimer send uplink every 10 sec
BTN2: Airtime test
[0m
###### U/L FRAME:JOIN | DR:0 | PWR:1
###### MCRootKey:   7D:F7:6B:0C:1A:B8:99:B3:3E:42:F0:47:B9:1B:54:6F
###### MCKEKey:     8C:B8:66:5E:0C:0E:0B:64:5B:2E:D9:E4:8A:19:27:7C
###### AppSKey:     64:2D:E0:66:CE:AF:FE:D9:AB:2B:71:CE:C2:DD:C0:89
###### NwkSKey:     84:D2:6E:8F:C9:D4:0F:6C:13:4A:1F:31:B8:EE:73:11
###### DBIntKey:    7A:C4:7C:65:FE:25:9B:B6:54:BD:26:35:19:F8:9C:8E
###### DevEUI:      00:80:E1:15:05:AB:D0:6C
###### AppEUI:      01:01:01:01:01:01:01:01
###### DevAddr:     00:77:2E:36
[32mStart tx timer regular[0m
###### ========== MCPS-Confirm =============
###### U/L FRAME:0001 | PORT:24 | DR:0 | PWR:1 | MSG TYPE:UNCONFIRMED
1731954524s831:value of rxport: 0
###### D/L FRAME:0000 | PORT:0 | DR:0 | SLOT:1 | RSSI:-6 | SNR:5
1731954551s161:Airtime test started: 0
1731954551s161:MAC Tx start packet size: 21
1731954551s164:TX on freq 868500000 Hz at DR 0
1731954551s164:RADIO SEND WITH size 21
1731954551s166:SEND REQUEST
1731954552s649:NOTIFY
1731954552s649:MAC txDone
1731954553s680:RX_1 on freq 868500000 Hz at DR 0
1731954553s878:IRQ_RX_TX_TIMEOUT
1731954553s878:NOTIFY
1731954553s878:MAC rxTimeOut
1731954554s680:RX_2 on freq 869525000 Hz at DR 0
1731954554s878:IRQ_RX_TX_TIMEOUT
1731954554s878:NOTIFY
1731954554s878:MAC rxTimeOut

###### ========== MCPS-Confirm =============
###### U/L FRAME:0002 | PORT:24 | DR:0 | PWR:1 | MSG TYPE:UNCONFIRMED
1731954581s166:Airtime test started: 0
1731954581s166:MAC Tx start packet size: 18
1731954581s170:TX on freq 867900000 Hz at DR 0
1731954581s170:RADIO SEND WITH size 18
1731954581s172:SEND REQUEST
1731954582s492:NOTIFY
1731954582s492:MAC txDone
1731954583s523:RX_1 on freq 867900000 Hz at DR 0
1731954583s721:IRQ_RX_TX_TIMEOUT
1731954583s721:NOTIFY
1731954583s721:MAC rxTimeOut
1731954584s523:RX_2 on freq 869525000 Hz at DR 0
1731954584s721:IRQ_RX_TX_TIMEOUT
1731954584s721:NOTIFY
1731954584s721:MAC rxTimeOut

###### ========== MCPS-Confirm =============
###### U/L FRAME:0003 | PORT:24 | DR:0 | PWR:1 | MSG TYPE:UNCONFIRMED
1731954611s172:Airtime test started: 0
1731954611s172:MAC Tx start packet size: 18
1731954611s176:TX on freq 867900000 Hz at DR 0
1731954611s176:RADIO SEND WITH size 18
1731954611s178:SEND REQUEST
1731954612s497:NOTIFY
1731954612s497:MAC txDone
1731954613s529:RX_1 on freq 867900000 Hz at DR 0
1731954613s727:IRQ_RX_TX_TIMEOUT
1731954613s727:NOTIFY
1731954613s727:MAC rxTimeOut
1731954614s529:RX_2 on freq 869525000 Hz at DR 0
1731954614s727:IRQ_RX_TX_TIMEOUT
1731954614s727:NOTIFY
1731954614s727:MAC rxTimeOut

###### ========== MCPS-Confirm =============
###### U/L FRAME:0004 | PORT:24 | DR:0 | PWR:1 | MSG TYPE:UNCONFIRMED
1731954641s178:Airtime test started: 0
1731954641s178:MAC Tx start packet size: 18
1731954641s182:TX on freq 867300000 Hz at DR 0
1731954641s182:RADIO SEND WITH size 18
1731954641s184:SEND REQUEST
1731954642s503:NOTIFY
1731954642s503:MAC txDone
1731954643s535:RX_1 on freq 867300000 Hz at DR 0
1731954643s733:IRQ_RX_TX_TIMEOUT
1731954643s733:NOTIFY
1731954643s733:MAC rxTimeOut
1731954644s535:RX_2 on freq 869525000 Hz at DR 0
1731954644s733:IRQ_RX_TX_TIMEOUT
1731954644s733:NOTIFY
1731954644s733:MAC rxTimeOut

###### ========== MCPS-Confirm =============
###### U/L FRAME:0005 | PORT:24 | DR:0 | PWR:1 | MSG TYPE:UNCONFIRMED
1731954671s184:Airtime test started: 0
1731954671s184:MAC Tx start packet size: 18
1731954671s188:TX on freq 867500000 Hz at DR 0
1731954671s188:RADIO SEND WITH size 18
1731954671s190:SEND REQUEST
1731954672s509:NOTIFY
1731954672s509:MAC txDone
1731954673s540:RX_1 on freq 867500000 Hz at DR 0
1731954673s739:IRQ_RX_TX_TIMEOUT
1731954673s739:NOTIFY
1731954673s739:MAC rxTimeOut
1731954674s540:RX_2 on freq 869525000 Hz at DR 0
1731954674s739:IRQ_RX_TX_TIMEOUT
1731954674s739:NOTIFY
1731954674s739:MAC rxTimeOut

###### ========== MCPS-Confirm =============
###### U/L FRAME:0006 | PORT:24 | DR:0 | PWR:1 | MSG TYPE:UNCONFIRMED
1731954701s190:Airtime test started: 0
1731954701s190:MAC Tx start packet size: 18
1731954701s194:TX on freq 868500000 Hz at DR 0
1731954701s194:RADIO SEND WITH size 18
1731954701s196:SEND REQUEST
1731954702s515:NOTIFY
1731954702s515:MAC txDone
1731954703s546:RX_1 on freq 868500000 Hz at DR 0
1731954703s745:IRQ_RX_TX_TIMEOUT
1731954703s745:NOTIFY
1731954703s745:MAC rxTimeOut
1731954704s546:RX_2 on freq 869525000 Hz at DR 0
1731954704s745:IRQ_RX_TX_TIMEOUT
1731954704s745:NOTIFY
1731954704s745:MAC rxTimeOut

###### ========== MCPS-Confirm =============
###### U/L FRAME:0007 | PORT:24 | DR:0 | PWR:1 | MSG TYPE:UNCONFIRMED
1731954731s196:Airtime test started: 0
1731954731s196:MAC Tx start packet size: 18
1731954731s200:TX on freq 867300000 Hz at DR 0
1731954731s200:RADIO SEND WITH size 18
1731954731s202:SEND REQUEST
1731954732s521:NOTIFY
1731954732s521:MAC txDone
1731954733s552:RX_1 on freq 867300000 Hz at DR 0
1731954733s750:IRQ_RX_TX_TIMEOUT
1731954733s750:NOTIFY
1731954733s750:MAC rxTimeOut
1731954734s552:RX_2 on freq 869525000 Hz at DR 0
1731954734s750:IRQ_RX_TX_TIMEOUT
1731954734s750:NOTIFY
1731954734s750:MAC rxTimeOut

###### ========== MCPS-Confirm =============
###### U/L FRAME:0008 | PORT:24 | DR:0 | PWR:1 | MSG TYPE:UNCONFIRMED
1731954761s202:Airtime test started: 0
1731954761s202:MAC Tx start packet size: 18
1731954761s206:TX on freq 868300000 Hz at DR 0
1731954761s206:RADIO SEND WITH size 18
1731954761s207:SEND REQUEST
1731954762s527:NOTIFY
1731954762s527:MAC txDone
1731954763s558:RX_1 on freq 868300000 Hz at DR 0
1731954763s756:IRQ_RX_TX_TIMEOUT
1731954763s756:NOTIFY
1731954763s756:MAC rxTimeOut
1731954764s558:RX_2 on freq 869525000 Hz at DR 0
1731954764s756:IRQ_RX_TX_TIMEOUT
1731954764s756:NOTIFY
1731954764s756:MAC rxTimeOut

###### ========== MCPS-Confirm =============
###### U/L FRAME:0009 | PORT:24 | DR:0 | PWR:1 | MSG TYPE:UNCONFIRMED
1731954791s207:Airtime test started: 0
1731954791s207:MAC Tx start packet size: 18
1731954791s211:TX on freq 868300000 Hz at DR 0
1731954791s211:RADIO SEND WITH size 18
1731954791s213:SEND REQUEST
1731954792s533:NOTIFY
1731954792s533:MAC txDone
1731954793s564:RX_1 on freq 868300000 Hz at DR 0
1731954793s762:IRQ_RX_TX_TIMEOUT
1731954793s762:NOTIFY
1731954793s762:MAC rxTimeOut
1731954794s564:RX_2 on freq 869525000 Hz at DR 0
1731954794s762:IRQ_RX_TX_TIMEOUT
1731954794s762:NOTIFY
1731954794s762:MAC rxTimeOut

###### ========== MCPS-Confirm =============
###### U/L FRAME:0010 | PORT:24 | DR:0 | PWR:1 | MSG TYPE:UNCONFIRMED
1731954821s213:Airtime test started: 0
1731954821s213:MAC Tx start packet size: 18
1731954821s217:TX on freq 867900000 Hz at DR 0
1731954821s217:RADIO SEND WITH size 18
1731954821s219:SEND REQUEST
1731954822s539:NOTIFY
1731954822s539:MAC txDone
1731954823s571:RX_1 on freq 867900000 Hz at DR 0
1731954823s769:IRQ_RX_TX_TIMEOUT
1731954823s769:NOTIFY
1731954823s769:MAC rxTimeOut
1731954824s571:RX_2 on freq 869525000 Hz at DR 0
1731954824s769:IRQ_RX_TX_TIMEOUT
1731954824s769:NOTIFY
1731954824s769:MAC rxTimeOut

###### ========== MCPS-Confirm =============
###### U/L FRAME:0011 | PORT:24 | DR:0 | PWR:1 | MSG TYPE:UNCONFIRMED
1731954851s219:Airtime test started: 0
1731954851s219:MAC Tx start packet size: 18
1731954851s223:TX on freq 868100000 Hz at DR 0
1731954851s223:RADIO SEND WITH size 18
1731954851s225:SEND REQUEST
1731954852s544:NOTIFY
1731954852s544:MAC txDone
1731954853s576:RX_1 on freq 868100000 Hz at DR 0
1731954855s712:MAC rxNotify
1731954855s712:NOTIFY
1731954855s712:MAC rxDone

###### ========== MCPS-Confirm =============
###### U/L FRAME:0012 | PORT:24 | DR:0 | PWR:1 | MSG TYPE:UNCONFIRMED
1731954855s716:value of rxport: 200
1731954855s716:MULTICAST CLASS C SETUP 2
###### D/L FRAME:0001 | PORT:200 | DR:0 | SLOT:1 | RSSI:-5 | SNR:5
1731954855s726:MAC Tx start packet size: 15
1731954855s730:TX on freq 867300000 Hz at DR 0
1731954855s731:RADIO SEND WITH size 15
ID          : 0
McAddr      : 79D9A2DC
McKey       : C1-7F-51-84-4D-A3-A2-CE-3A-BC-25-1D-0C-23-0B-EF
McFCountMin : 0
McFCountMax : 4294967295
SessionTime : 0
SessionTimeT: 1 s
Rx Freq     : 0
Rx DR       : DR_0
1731954856s887:NOTIFY
1731954856s887:MAC txDone
1731954857s918:RX_1 on freq 867300000 Hz at DR 0
1731954859s401:MAC rxNotify
1731954859s401:NOTIFY
1731954859s401:MAC rxDone

###### ========== MCPS-Confirm =============
###### U/L FRAME:0013 | PORT:200 | DR:0 | PWR:1 | MSG TYPE:UNCONFIRMED
1731954859s403:value of rxport: 201
###### D/L FRAME:0002 | PORT:201 | DR:0 | SLOT:1 | RSSI:-6 | SNR:5
1731954859s404:#####################FRAGDECODER INIT
1731954863s286:MAC Tx start packet size: 15
1731954863s289:TX on freq 867500000 Hz at DR 0
1731954863s289:RADIO SEND WITH size 15
1731954864s447:NOTIFY
1731954864s447:MAC txDone
1731954865s478:RX_1 on freq 867500000 Hz at DR 0
1731954866s959:MAC rxNotify
1731954866s959:NOTIFY
1731954866s960:MAC rxDone

###### ========== MCPS-Confirm =============
###### U/L FRAME:0014 | PORT:201 | DR:0 | PWR:1 | MSG TYPE:UNCONFIRMED
1731954866s962:value of rxport: 200
1731954866s963:MULTICAST CLASS C SETUP 4
###### D/L FRAME:0003 | PORT:200 | DR:0 | SLOT:1 | RSSI:-8 | SNR:5
Time2SessionStart: 298000 ms
1731954866s963:MAC Tx start packet size: 18
1731954866s967:TX on freq 867100000 Hz at DR 0
1731954866s968:RADIO SEND WITH size 18
ID          : 0
McAddr      : 79D9A2DC
McKey       : C1-7F-51-84-4D-A3-A2-CE-3A-BC-25-1D-0C-23-0B-EF
McFCountMin : 0
McFCountMax : 4294967295
SessionTime : 1731955164
SessionTimeT: 4096 s
Rx Freq     : 869525000
Rx DR       : DR_0
1731954868s289:NOTIFY
1731954868s289:MAC txDone
1731954869s321:RX_1 on freq 867100000 Hz at DR 0
1731954869s519:IRQ_RX_TX_TIMEOUT
1731954869s519:NOTIFY
1731954869s519:MAC rxTimeOut
1731954870s321:RX_2 on freq 869525000 Hz at DR 0
1731954870s519:IRQ_RX_TX_TIMEOUT
1731954870s519:NOTIFY
1731954870s519:MAC rxTimeOut

###### ========== MCPS-Confirm =============
###### U/L FRAME:0015 | PORT:200 | DR:0 | PWR:1 | MSG TYPE:UNCONFIRMED
1731955164s963:[SWITCHCLASS class C]
1731955164s978:RX_C on freq 869525000 Hz at DR 0
1731955164s980:#############OPENED CONTINUOUS RX C WINDOW
Switch to Class C done
1731955169s355:MAC rxNotify
1731955169s355:NOTIFY
1731955169s355:MAC rxDone
1731955169s358:RXSLOT
1731955169s358:value of rxport: 201
###### D/L FRAME:0000 | PORT:201 | DR:0 | SLOT:C_MC | RSSI:-2 | SNR:5
1731955169s358:#####################FRAGDECODER PROCESS

.... FRAG_DECODER in Progress ....
EXPECTED   : 052 Fragments (02028 Bytes)
RECEIVED   : 001 Fragments
             00039 Bytes
LOST       : 000 Fragments

1731955169s363:RX_C on freq 869525000 Hz at DR 0
1731955169s364:#############OPENED CONTINUOUS RX C WINDOW
1731955189s405:MAC rxNotify
1731955189s405:NOTIFY
1731955189s405:MAC rxDone
1731955189s408:RXSLOT
1731955189s408:value of rxport: 201
###### D/L FRAME:0001 | PORT:201 | DR:0 | SLOT:C_MC | RSSI:-4 | SNR:5
1731955189s408:#####################FRAGDECODER PROCESS

.... FRAG_DECODER in Progress ....
EXPECTED   : 052 Fragments (02028 Bytes)
RECEIVED   : 002 Fragments
             00078 Bytes
LOST       : 000 Fragments

1731955189s413:RX_C on freq 869525000 Hz at DR 0
1731955189s414:#############OPENED CONTINUOUS RX C WINDOW
1731955198s544:MAC rxNotify
1731955198s544:NOTIFY
1731955198s544:MAC rxDone
1731955198s546:RXSLOT
1731955198s549:RX_C on freq 869525000 Hz at DR 0
1731955198s551:#############OPENED CONTINUOUS RX C WINDOW
1731955210s459:MAC rxNotify
1731955210s459:NOTIFY
1731955210s460:MAC rxDone
1731955210s463:RXSLOT
1731955210s463:value of rxport: 201
###### D/L FRAME:0002 | PORT:201 | DR:0 | SLOT:C_MC | RSSI:-2 | SNR:5
1731955210s463:#####################FRAGDECODER PROCESS

.... FRAG_DECODER in Progress ....
EXPECTED   : 052 Fragments (02028 Bytes)
RECEIVED   : 003 Fragments
             00117 Bytes
LOST       : 000 Fragments

1731955210s468:RX_C on freq 869525000 Hz at DR 0
1731955210s469:#############OPENED CONTINUOUS RX C WINDOW
1731955231s518:MAC rxNotify
1731955231s518:NOTIFY
1731955231s518:MAC rxDone
1731955231s521:RXSLOT
1731955231s521:value of rxport: 201
###### D/L FRAME:0003 | PORT:201 | DR:0 | SLOT:C_MC | RSSI:-2 | SNR:5
1731955231s521:#####################FRAGDECODER PROCESS

.... FRAG_DECODER in Progress ....
EXPECTED   : 052 Fragments (02028 Bytes)
RECEIVED   : 004 Fragments
             00156 Bytes
LOST       : 000 Fragments

1731955231s526:RX_C on freq 869525000 Hz at DR 0
1731955231s527:#############OPENED CONTINUOUS RX C WINDOW
1731955251s581:MAC rxNotify
1731955251s581:NOTIFY
1731955251s581:MAC rxDone
1731955251s584:RXSLOT
1731955251s584:value of rxport: 201
###### D/L FRAME:0004 | PORT:201 | DR:0 | SLOT:C_MC | RSSI:-3 | SNR:5
1731955251s584:#####################FRAGDECODER PROCESS

.... FRAG_DECODER in Progress ....
EXPECTED   : 052 Fragments (02028 Bytes)
RECEIVED   : 005 Fragments
             00195 Bytes
LOST       : 000 Fragments

1731955251s589:RX_C on freq 869525000 Hz at DR 0
1731955251s590:#############OPENED CONTINUOUS RX C WINDOW
1731955272s641:MAC rxNotify
1731955272s641:NOTIFY
1731955272s641:MAC rxDone
1731955272s644:RXSLOT
1731955272s644:value of rxport: 201
###### D/L FRAME:0005 | PORT:201 | DR:0 | SLOT:C_MC | RSSI:-2 | SNR:5
1731955272s644:#####################FRAGDECODER PROCESS

.... FRAG_DECODER in Progress ....
EXPECTED   : 052 Fragments (02028 Bytes)
RECEIVED   : 006 Fragments
             00234 Bytes
LOST       : 000 Fragments

1731955272s649:RX_C on freq 869525000 Hz at DR 0
1731955272s650:#############OPENED CONTINUOUS RX C WINDOW
1731955293s701:MAC rxNotify
1731955293s701:NOTIFY
1731955293s701:MAC rxDone
1731955293s704:RXSLOT
1731955293s704:value of rxport: 201
###### D/L FRAME:0006 | PORT:201 | DR:0 | SLOT:C_MC | RSSI:-2 | SNR:5
1731955293s704:#####################FRAGDECODER PROCESS

.... FRAG_DECODER in Progress ....
EXPECTED   : 052 Fragments (02028 Bytes)
RECEIVED   : 007 Fragments
             00273 Bytes
LOST       : 000 Fragments

1731955293s708:RX_C on freq 869525000 Hz at DR 0
1731955293s709:#############OPENED CONTINUOUS RX C WINDOW
1731955313s761:MAC rxNotify
1731955313s761:NOTIFY
1731955313s761:MAC rxDone
1731955313s764:RXSLOT
1731955313s764:value of rxport: 201
###### D/L FRAME:0007 | PORT:201 | DR:0 | SLOT:C_MC | RSSI:-3 | SNR:5
1731955313s764:#####################FRAGDECODER PROCESS

.... FRAG_DECODER in Progress ....
EXPECTED   : 052 Fragments (02028 Bytes)
RECEIVED   : 008 Fragments
             00312 Bytes
LOST       : 000 Fragments

1731955313s769:RX_C on freq 869525000 Hz at DR 0
1731955313s770:#############OPENED CONTINUOUS RX C WINDOW
1731955324s307:MAC rxNotify
1731955324s307:NOTIFY
1731955324s307:MAC rxDone
1731955324s309:RXSLOT
1731955324s312:RX_C on freq 869525000 Hz at DR 0
1731955324s314:#############OPENED CONTINUOUS RX C WINDOW
1731955334s815:MAC rxNotify
1731955334s815:NOTIFY
1731955334s815:MAC rxDone
1731955334s818:RXSLOT
1731955334s818:value of rxport: 201
###### D/L FRAME:0008 | PORT:201 | DR:0 | SLOT:C_MC | RSSI:-4 | SNR:5
1731955334s818:#####################FRAGDECODER PROCESS

.... FRAG_DECODER in Progress ....
EXPECTED   : 052 Fragments (02028 Bytes)
RECEIVED   : 009 Fragments
             00351 Bytes
LOST       : 000 Fragments

1731955334s823:RX_C on freq 869525000 Hz at DR 0
1731955334s824:#############OPENED CONTINUOUS RX C WINDOW
1731955354s872:MAC rxNotify
1731955354s872:NOTIFY
1731955354s872:MAC rxDone
1731955354s875:RXSLOT
1731955354s875:value of rxport: 201
###### D/L FRAME:0009 | PORT:201 | DR:0 | SLOT:C_MC | RSSI:-3 | SNR:5
1731955354s875:#####################FRAGDECODER PROCESS

.... FRAG_DECODER in Progress ....
EXPECTED   : 052 Fragments (02028 Bytes)
RECEIVED   : 010 Fragments
             00390 Bytes
LOST       : 000 Fragments

1731955354s880:RX_C on freq 869525000 Hz at DR 0
1731955354s881:#############OPENED CONTINUOUS RX C WINDOW
1731955375s925:MAC rxNotify
1731955375s925:NOTIFY
1731955375s925:MAC rxDone
1731955375s928:RXSLOT
1731955375s928:value of rxport: 201
###### D/L FRAME:0010 | PORT:201 | DR:0 | SLOT:C_MC | RSSI:-2 | SNR:5
1731955375s928:#####################FRAGDECODER PROCESS

.... FRAG_DECODER in Progress ....
EXPECTED   : 052 Fragments (02028 Bytes)
RECEIVED   : 011 Fragments
             00429 Bytes
LOST       : 000 Fragments

1731955375s933:RX_C on freq 869525000 Hz at DR 0
1731955375s934:#############OPENED CONTINUOUS RX C WINDOW
1731955396s983:MAC rxNotify
1731955396s983:NOTIFY
1731955396s983:MAC rxDone
1731955396s986:RXSLOT
1731955396s986:value of rxport: 201
###### D/L FRAME:0011 | PORT:201 | DR:0 | SLOT:C_MC | RSSI:-4 | SNR:5
1731955396s986:#####################FRAGDECODER PROCESS

.... FRAG_DECODER in Progress ....
EXPECTED   : 052 Fragments (02028 Bytes)
RECEIVED   : 012 Fragments
             00468 Bytes
LOST       : 000 Fragments

1731955396s991:RX_C on freq 869525000 Hz at DR 0
1731955396s992:#############OPENED CONTINUOUS RX C WINDOW
1731955417s041:MAC rxNotify
1731955417s041:NOTIFY
1731955417s041:MAC rxDone
1731955417s045:RXSLOT
1731955417s045:value of rxport: 201
###### D/L FRAME:0012 | PORT:201 | DR:0 | SLOT:C_MC | RSSI:-4 | SNR:5
1731955417s045:#####################FRAGDECODER PROCESS

.... FRAG_DECODER in Progress ....
EXPECTED   : 052 Fragments (02028 Bytes)
RECEIVED   : 013 Fragments
             00507 Bytes
LOST       : 000 Fragments

1731955417s050:RX_C on freq 869525000 Hz at DR 0
1731955417s051:#############OPENED CONTINUOUS RX C WINDOW
1731955438s095:MAC rxNotify
1731955438s095:NOTIFY
1731955438s095:MAC rxDone
1731955438s098:RXSLOT
1731955438s098:value of rxport: 201
###### D/L FRAME:0013 | PORT:201 | DR:0 | SLOT:C_MC | RSSI:-2 | SNR:5
1731955438s098:#####################FRAGDECODER PROCESS

.... FRAG_DECODER in Progress ....
EXPECTED   : 052 Fragments (02028 Bytes)
RECEIVED   : 014 Fragments
             00546 Bytes
LOST       : 000 Fragments

1731955438s103:RX_C on freq 869525000 Hz at DR 0
1731955438s104:#############OPENED CONTINUOUS RX C WINDOW
1731955459s152:MAC rxNotify
1731955459s152:NOTIFY
1731955459s152:MAC rxDone
1731955459s155:RXSLOT
1731955459s155:value of rxport: 201
###### D/L FRAME:0014 | PORT:201 | DR:0 | SLOT:C_MC | RSSI:-2 | SNR:5
1731955459s155:#####################FRAGDECODER PROCESS

.... FRAG_DECODER in Progress ....
EXPECTED   : 052 Fragments (02028 Bytes)
RECEIVED   : 015 Fragments
             00585 Bytes
LOST       : 000 Fragments

1731955459s160:RX_C on freq 869525000 Hz at DR 0
1731955459s161:#############OPENED CONTINUOUS RX C WINDOW
1731955479s211:MAC rxNotify
1731955479s211:NOTIFY
1731955479s211:MAC rxDone
1731955479s214:RXSLOT
1731955479s214:value of rxport: 201
###### D/L FRAME:0015 | PORT:201 | DR:0 | SLOT:C_MC | RSSI:-4 | SNR:5
1731955479s214:#####################FRAGDECODER PROCESS

.... FRAG_DECODER in Progress ....
EXPECTED   : 052 Fragments (02028 Bytes)
RECEIVED   : 016 Fragments
             00624 Bytes
LOST       : 000 Fragments

1731955479s219:RX_C on freq 869525000 Hz at DR 0
1731955479s220:#############OPENED CONTINUOUS RX C WINDOW
1731955500s268:MAC rxNotify
1731955500s268:NOTIFY
1731955500s268:MAC rxDone
1731955500s271:RXSLOT
1731955500s271:value of rxport: 201
###### D/L FRAME:0016 | PORT:201 | DR:0 | SLOT:C_MC | RSSI:-2 | SNR:5
1731955500s271:#####################FRAGDECODER PROCESS

.... FRAG_DECODER in Progress ....
EXPECTED   : 052 Fragments (02028 Bytes)
RECEIVED   : 017 Fragments
             00663 Bytes
LOST       : 000 Fragments

1731955500s276:RX_C on freq 869525000 Hz at DR 0
1731955500s277:#############OPENED CONTINUOUS RX C WINDOW
1731955521s324:MAC rxNotify
1731955521s324:NOTIFY
1731955521s324:MAC rxDone
1731955521s327:RXSLOT
1731955521s327:value of rxport: 201
###### D/L FRAME:0017 | PORT:201 | DR:0 | SLOT:C_MC | RSSI:-4 | SNR:5
1731955521s327:#####################FRAGDECODER PROCESS

.... FRAG_DECODER in Progress ....
EXPECTED   : 052 Fragments (02028 Bytes)
RECEIVED   : 018 Fragments
             00702 Bytes
LOST       : 000 Fragments

1731955521s331:RX_C on freq 869525000 Hz at DR 0
1731955521s332:#############OPENED CONTINUOUS RX C WINDOW
1731955541s384:MAC rxNotify
1731955541s384:NOTIFY
1731955541s384:MAC rxDone
1731955541s387:RXSLOT
1731955541s387:value of rxport: 201
###### D/L FRAME:0018 | PORT:201 | DR:0 | SLOT:C_MC | RSSI:-4 | SNR:5
1731955541s387:#####################FRAGDECODER PROCESS

.... FRAG_DECODER in Progress ....
EXPECTED   : 052 Fragments (02028 Bytes)
RECEIVED   : 019 Fragments
             00741 Bytes
LOST       : 000 Fragments

1731955541s392:RX_C on freq 869525000 Hz at DR 0
1731955541s393:#############OPENED CONTINUOUS RX C WINDOW
1731955562s424:MAC rxNotify
1731955562s424:NOTIFY
1731955562s424:MAC rxDone
1731955562s427:RXSLOT
1731955562s427:value of rxport: 201
###### D/L FRAME:0019 | PORT:201 | DR:0 | SLOT:C_MC | RSSI:-3 | SNR:5
1731955562s427:#####################FRAGDECODER PROCESS

.... FRAG_DECODER in Progress ....
EXPECTED   : 052 Fragments (02028 Bytes)
RECEIVED   : 020 Fragments
             00780 Bytes
LOST       : 000 Fragments

1731955562s432:RX_C on freq 869525000 Hz at DR 0
1731955562s433:#############OPENED CONTINUOUS RX C WINDOW
1731955583s491:MAC rxNotify
1731955583s491:NOTIFY
1731955583s492:MAC rxDone
1731955583s495:RXSLOT
1731955583s495:value of rxport: 201
###### D/L FRAME:0020 | PORT:201 | DR:0 | SLOT:C_MC | RSSI:-3 | SNR:5
1731955583s495:#####################FRAGDECODER PROCESS

.... FRAG_DECODER in Progress ....
EXPECTED   : 052 Fragments (02028 Bytes)
RECEIVED   : 021 Fragments
             00819 Bytes
LOST       : 000 Fragments

1731955583s499:RX_C on freq 869525000 Hz at DR 0
1731955583s500:#############OPENED CONTINUOUS RX C WINDOW
1731955603s546:MAC rxNotify
1731955603s546:NOTIFY
1731955603s547:MAC rxDone
1731955603s550:RXSLOT
1731955603s550:value of rxport: 201
###### D/L FRAME:0021 | PORT:201 | DR:0 | SLOT:C_MC | RSSI:-3 | SNR:5
1731955603s550:#####################FRAGDECODER PROCESS

.... FRAG_DECODER in Progress ....
EXPECTED   : 052 Fragments (02028 Bytes)
RECEIVED   : 022 Fragments
             00858 Bytes
LOST       : 000 Fragments

1731955603s555:RX_C on freq 869525000 Hz at DR 0
1731955603s556:#############OPENED CONTINUOUS RX C WINDOW
1731955624s600:MAC rxNotify
1731955624s600:NOTIFY
1731955624s600:MAC rxDone
1731955624s603:RXSLOT
1731955624s603:value of rxport: 201
###### D/L FRAME:0022 | PORT:201 | DR:0 | SLOT:C_MC | RSSI:-5 | SNR:5
1731955624s603:#####################FRAGDECODER PROCESS

.... FRAG_DECODER in Progress ....
EXPECTED   : 052 Fragments (02028 Bytes)
RECEIVED   : 023 Fragments
             00897 Bytes
LOST       : 000 Fragments

1731955624s608:RX_C on freq 869525000 Hz at DR 0
1731955624s609:#############OPENED CONTINUOUS RX C WINDOW
1731955645s649:MAC rxNotify
1731955645s649:NOTIFY
1731955645s649:MAC rxDone
1731955645s652:RXSLOT
1731955645s652:value of rxport: 201
###### D/L FRAME:0023 | PORT:201 | DR:0 | SLOT:C_MC | RSSI:-4 | SNR:5
1731955645s652:#####################FRAGDECODER PROCESS

.... FRAG_DECODER in Progress ....
EXPECTED   : 052 Fragments (02028 Bytes)
RECEIVED   : 024 Fragments
             00936 Bytes
LOST       : 000 Fragments

1731955645s657:RX_C on freq 869525000 Hz at DR 0
1731955645s658:#############OPENED CONTINUOUS RX C WINDOW
1731955665s701:MAC rxNotify
1731955665s701:NOTIFY
1731955665s701:MAC rxDone
1731955665s704:RXSLOT
1731955665s704:value of rxport: 201
###### D/L FRAME:0024 | PORT:201 | DR:0 | SLOT:C_MC | RSSI:-3 | SNR:5
1731955665s704:#####################FRAGDECODER PROCESS

.... FRAG_DECODER in Progress ....
EXPECTED   : 052 Fragments (02028 Bytes)
RECEIVED   : 025 Fragments
             00975 Bytes
LOST       : 000 Fragments

1731955665s708:RX_C on freq 869525000 Hz at DR 0
1731955665s709:#############OPENED CONTINUOUS RX C WINDOW
1731955686s755:MAC rxNotify
1731955686s755:NOTIFY
1731955686s756:MAC rxDone
1731955686s759:RXSLOT
1731955686s759:value of rxport: 201
###### D/L FRAME:0025 | PORT:201 | DR:0 | SLOT:C_MC | RSSI:-3 | SNR:5
1731955686s759:#####################FRAGDECODER PROCESS

.... FRAG_DECODER in Progress ....
EXPECTED   : 052 Fragments (02028 Bytes)
RECEIVED   : 026 Fragments
             01014 Bytes
LOST       : 000 Fragments

1731955686s764:RX_C on freq 869525000 Hz at DR 0
1731955686s765:#############OPENED CONTINUOUS RX C WINDOW
1731955707s815:MAC rxNotify
1731955707s815:NOTIFY
1731955707s815:MAC rxDone
1731955707s818:RXSLOT
1731955707s818:value of rxport: 201
###### D/L FRAME:0026 | PORT:201 | DR:0 | SLOT:C_MC | RSSI:-3 | SNR:5
1731955707s818:#####################FRAGDECODER PROCESS

.... FRAG_DECODER in Progress ....
EXPECTED   : 052 Fragments (02028 Bytes)
RECEIVED   : 027 Fragments
             01053 Bytes
LOST       : 000 Fragments

1731955707s823:RX_C on freq 869525000 Hz at DR 0
1731955707s824:#############OPENED CONTINUOUS RX C WINDOW
1731955727s864:MAC rxNotify
1731955727s864:NOTIFY
1731955727s864:MAC rxDone
1731955727s867:RXSLOT
1731955727s867:value of rxport: 201
###### D/L FRAME:0027 | PORT:201 | DR:0 | SLOT:C_MC | RSSI:-3 | SNR:5
1731955727s867:#####################FRAGDECODER PROCESS

.... FRAG_DECODER in Progress ....
EXPECTED   : 052 Fragments (02028 Bytes)
RECEIVED   : 028 Fragments
             01092 Bytes
LOST       : 000 Fragments

1731955727s872:RX_C on freq 869525000 Hz at DR 0
1731955727s872:#############OPENED CONTINUOUS RX C WINDOW
1731955748s921:MAC rxNotify
1731955748s921:NOTIFY
1731955748s921:MAC rxDone
1731955748s924:RXSLOT
1731955748s924:value of rxport: 201
###### D/L FRAME:0028 | PORT:201 | DR:0 | SLOT:C_MC | RSSI:-2 | SNR:5
1731955748s924:#####################FRAGDECODER PROCESS

.... FRAG_DECODER in Progress ....
EXPECTED   : 052 Fragments (02028 Bytes)
RECEIVED   : 029 Fragments
             01131 Bytes
LOST       : 000 Fragments

1731955748s929:RX_C on freq 869525000 Hz at DR 0
1731955748s930:#############OPENED CONTINUOUS RX C WINDOW
1731955769s985:MAC rxNotify
1731955769s985:NOTIFY
1731955769s985:MAC rxDone
1731955769s988:RXSLOT
1731955769s988:value of rxport: 201
###### D/L FRAME:0029 | PORT:201 | DR:0 | SLOT:C_MC | RSSI:-3 | SNR:5
1731955769s988:#####################FRAGDECODER PROCESS

.... FRAG_DECODER in Progress ....
EXPECTED   : 052 Fragments (02028 Bytes)
RECEIVED   : 030 Fragments
             01170 Bytes
LOST       : 000 Fragments

1731955769s993:RX_C on freq 869525000 Hz at DR 0
1731955769s994:#############OPENED CONTINUOUS RX C WINDOW
1731955790s040:MAC rxNotify
1731955790s040:NOTIFY
1731955790s040:MAC rxDone
1731955790s043:RXSLOT
1731955790s043:value of rxport: 201
###### D/L FRAME:0030 | PORT:201 | DR:0 | SLOT:C_MC | RSSI:-4 | SNR:5
1731955790s043:#####################FRAGDECODER PROCESS

.... FRAG_DECODER in Progress ....
EXPECTED   : 052 Fragments (02028 Bytes)
RECEIVED   : 031 Fragments
             01209 Bytes
LOST       : 000 Fragments

1731955790s048:RX_C on freq 869525000 Hz at DR 0
1731955790s049:#############OPENED CONTINUOUS RX C WINDOW
1731955811s094:MAC rxNotify
1731955811s094:NOTIFY
1731955811s094:MAC rxDone
1731955811s097:RXSLOT
1731955811s097:value of rxport: 201
###### D/L FRAME:0031 | PORT:201 | DR:0 | SLOT:C_MC | RSSI:-5 | SNR:5
1731955811s097:#####################FRAGDECODER PROCESS

.... FRAG_DECODER in Progress ....
EXPECTED   : 052 Fragments (02028 Bytes)
RECEIVED   : 032 Fragments
             01248 Bytes
LOST       : 000 Fragments

1731955811s102:RX_C on freq 869525000 Hz at DR 0
1731955811s103:#############OPENED CONTINUOUS RX C WINDOW
1731955832s148:MAC rxNotify
1731955832s148:NOTIFY
1731955832s148:MAC rxDone
1731955832s151:RXSLOT
1731955832s151:value of rxport: 201
###### D/L FRAME:0032 | PORT:201 | DR:0 | SLOT:C_MC | RSSI:-3 | SNR:5
1731955832s151:#####################FRAGDECODER PROCESS

.... FRAG_DECODER in Progress ....
EXPECTED   : 052 Fragments (02028 Bytes)
RECEIVED   : 033 Fragments
             01287 Bytes
LOST       : 000 Fragments

1731955832s156:RX_C on freq 869525000 Hz at DR 0
1731955832s157:#############OPENED CONTINUOUS RX C WINDOW
1731955852s209:MAC rxNotify
1731955852s209:NOTIFY
1731955852s209:MAC rxDone
1731955852s212:RXSLOT
1731955852s212:value of rxport: 201
###### D/L FRAME:0033 | PORT:201 | DR:0 | SLOT:C_MC | RSSI:-3 | SNR:5
1731955852s212:#####################FRAGDECODER PROCESS

.... FRAG_DECODER in Progress ....
EXPECTED   : 052 Fragments (02028 Bytes)
RECEIVED   : 034 Fragments
             01326 Bytes
LOST       : 000 Fragments

1731955852s217:RX_C on freq 869525000 Hz at DR 0
1731955852s218:#############OPENED CONTINUOUS RX C WINDOW
1731955873s248:MAC rxNotify
1731955873s248:NOTIFY
1731955873s248:MAC rxDone
1731955873s251:RXSLOT
1731955873s251:value of rxport: 201
###### D/L FRAME:0034 | PORT:201 | DR:0 | SLOT:C_MC | RSSI:-3 | SNR:5
1731955873s251:#####################FRAGDECODER PROCESS

.... FRAG_DECODER in Progress ....
EXPECTED   : 052 Fragments (02028 Bytes)
RECEIVED   : 035 Fragments
             01365 Bytes
LOST       : 000 Fragments

1731955873s256:RX_C on freq 869525000 Hz at DR 0
1731955873s257:#############OPENED CONTINUOUS RX C WINDOW
1731955894s307:MAC rxNotify
1731955894s307:NOTIFY
1731955894s307:MAC rxDone
1731955894s310:RXSLOT
1731955894s310:value of rxport: 201
###### D/L FRAME:0035 | PORT:201 | DR:0 | SLOT:C_MC | RSSI:-4 | SNR:5
1731955894s310:#####################FRAGDECODER PROCESS

.... FRAG_DECODER in Progress ....
EXPECTED   : 052 Fragments (02028 Bytes)
RECEIVED   : 036 Fragments
             01404 Bytes
LOST       : 000 Fragments

1731955894s315:RX_C on freq 869525000 Hz at DR 0
1731955894s316:#############OPENED CONTINUOUS RX C WINDOW
1731955914s374:MAC rxNotify
1731955914s374:NOTIFY
1731955914s374:MAC rxDone
1731955914s378:RXSLOT
1731955914s378:value of rxport: 201
###### D/L FRAME:0036 | PORT:201 | DR:0 | SLOT:C_MC | RSSI:-3 | SNR:5
1731955914s378:#####################FRAGDECODER PROCESS

.... FRAG_DECODER in Progress ....
EXPECTED   : 052 Fragments (02028 Bytes)
RECEIVED   : 037 Fragments
             01443 Bytes
LOST       : 000 Fragments

1731955914s383:RX_C on freq 869525000 Hz at DR 0
1731955914s384:#############OPENED CONTINUOUS RX C WINDOW
1731955924s903:MAC rxNotify
1731955924s903:NOTIFY
1731955924s903:MAC rxDone
1731955924s905:RXSLOT
1731955924s908:RX_C on freq 869525000 Hz at DR 0
1731955924s910:#############OPENED CONTINUOUS RX C WINDOW
1731955935s435:MAC rxNotify
1731955935s435:NOTIFY
1731955935s436:MAC rxDone
1731955935s439:RXSLOT
1731955935s439:value of rxport: 201
###### D/L FRAME:0037 | PORT:201 | DR:0 | SLOT:C_MC | RSSI:-3 | SNR:5
1731955935s439:#####################FRAGDECODER PROCESS

.... FRAG_DECODER in Progress ....
EXPECTED   : 052 Fragments (02028 Bytes)
RECEIVED   : 038 Fragments
             01482 Bytes
LOST       : 000 Fragments

1731955935s444:RX_C on freq 869525000 Hz at DR 0
1731955935s445:#############OPENED CONTINUOUS RX C WINDOW
1731955956s485:MAC rxNotify
1731955956s485:NOTIFY
1731955956s485:MAC rxDone
1731955956s488:RXSLOT
1731955956s488:value of rxport: 201
###### D/L FRAME:0038 | PORT:201 | DR:0 | SLOT:C_MC | RSSI:-3 | SNR:5
1731955956s488:#####################FRAGDECODER PROCESS

.... FRAG_DECODER in Progress ....
EXPECTED   : 052 Fragments (02028 Bytes)
RECEIVED   : 039 Fragments
             01521 Bytes
LOST       : 000 Fragments

1731955956s493:RX_C on freq 869525000 Hz at DR 0
1731955956s494:#############OPENED CONTINUOUS RX C WINDOW
1731955976s542:MAC rxNotify
1731955976s542:NOTIFY
1731955976s542:MAC rxDone
1731955976s545:RXSLOT
1731955976s545:value of rxport: 201
###### D/L FRAME:0039 | PORT:201 | DR:0 | SLOT:C_MC | RSSI:-3 | SNR:5
1731955976s545:#####################FRAGDECODER PROCESS

.... FRAG_DECODER in Progress ....
EXPECTED   : 052 Fragments (02028 Bytes)
RECEIVED   : 040 Fragments
             01560 Bytes
LOST       : 000 Fragments

1731955976s550:RX_C on freq 869525000 Hz at DR 0
1731955976s551:#############OPENED CONTINUOUS RX C WINDOW
1731955997s595:MAC rxNotify
1731955997s595:NOTIFY
1731955997s595:MAC rxDone
1731955997s598:RXSLOT
1731955997s598:value of rxport: 201
###### D/L FRAME:0040 | PORT:201 | DR:0 | SLOT:C_MC | RSSI:-4 | SNR:5
1731955997s598:#####################FRAGDECODER PROCESS

.... FRAG_DECODER in Progress ....
EXPECTED   : 052 Fragments (02028 Bytes)
RECEIVED   : 041 Fragments
             01599 Bytes
LOST       : 000 Fragments

1731955997s603:RX_C on freq 869525000 Hz at DR 0
1731955997s604:#############OPENED CONTINUOUS RX C WINDOW
1731956018s653:MAC rxNotify
1731956018s653:NOTIFY
1731956018s653:MAC rxDone
1731956018s657:RXSLOT
1731956018s657:value of rxport: 201
###### D/L FRAME:0041 | PORT:201 | DR:0 | SLOT:C_MC | RSSI:-5 | SNR:5
1731956018s657:#####################FRAGDECODER PROCESS

.... FRAG_DECODER in Progress ....
EXPECTED   : 052 Fragments (02028 Bytes)
RECEIVED   : 042 Fragments
             01638 Bytes
LOST       : 000 Fragments

1731956018s662:RX_C on freq 869525000 Hz at DR 0
1731956018s663:#############OPENED CONTINUOUS RX C WINDOW
1731956038s710:MAC rxNotify
1731956038s710:NOTIFY
1731956038s710:MAC rxDone
1731956038s713:RXSLOT
1731956038s713:value of rxport: 201
###### D/L FRAME:0042 | PORT:201 | DR:0 | SLOT:C_MC | RSSI:-3 | SNR:5
1731956038s713:#####################FRAGDECODER PROCESS

.... FRAG_DECODER in Progress ....
EXPECTED   : 052 Fragments (02028 Bytes)
RECEIVED   : 043 Fragments
             01677 Bytes
LOST       : 000 Fragments

1731956038s718:RX_C on freq 869525000 Hz at DR 0
1731956038s719:#############OPENED CONTINUOUS RX C WINDOW
1731956059s773:MAC rxNotify
1731956059s773:NOTIFY
1731956059s773:MAC rxDone
1731956059s776:RXSLOT
1731956059s776:value of rxport: 201
###### D/L FRAME:0043 | PORT:201 | DR:0 | SLOT:C_MC | RSSI:-3 | SNR:5
1731956059s776:#####################FRAGDECODER PROCESS

.... FRAG_DECODER in Progress ....
EXPECTED   : 052 Fragments (02028 Bytes)
RECEIVED   : 044 Fragments
             01716 Bytes
LOST       : 000 Fragments

1731956059s781:RX_C on freq 869525000 Hz at DR 0
1731956059s782:#############OPENED CONTINUOUS RX C WINDOW
1731956080s827:MAC rxNotify
1731956080s827:NOTIFY
1731956080s827:MAC rxDone
1731956080s830:RXSLOT
1731956080s830:value of rxport: 201
###### D/L FRAME:0044 | PORT:201 | DR:0 | SLOT:C_MC | RSSI:-3 | SNR:5
1731956080s830:#####################FRAGDECODER PROCESS

.... FRAG_DECODER in Progress ....
EXPECTED   : 052 Fragments (02028 Bytes)
RECEIVED   : 045 Fragments
             01755 Bytes
LOST       : 000 Fragments

1731956080s834:RX_C on freq 869525000 Hz at DR 0
1731956080s835:#############OPENED CONTINUOUS RX C WINDOW
1731956100s887:MAC rxNotify
1731956100s887:NOTIFY
1731956100s887:MAC rxDone
1731956100s890:RXSLOT
1731956100s890:value of rxport: 201
###### D/L FRAME:0045 | PORT:201 | DR:0 | SLOT:C_MC | RSSI:-4 | SNR:5
1731956100s890:#####################FRAGDECODER PROCESS

.... FRAG_DECODER in Progress ....
EXPECTED   : 052 Fragments (02028 Bytes)
RECEIVED   : 046 Fragments
             01794 Bytes
LOST       : 000 Fragments

1731956100s895:RX_C on freq 869525000 Hz at DR 0
1731956100s896:#############OPENED CONTINUOUS RX C WINDOW
1731956121s945:MAC rxNotify
1731956121s945:NOTIFY
1731956121s945:MAC rxDone
1731956121s948:RXSLOT
1731956121s948:value of rxport: 201
###### D/L FRAME:0046 | PORT:201 | DR:0 | SLOT:C_MC | RSSI:-3 | SNR:5
1731956121s948:#####################FRAGDECODER PROCESS

.... FRAG_DECODER in Progress ....
EXPECTED   : 052 Fragments (02028 Bytes)
RECEIVED   : 047 Fragments
             01833 Bytes
LOST       : 000 Fragments

1731956121s953:RX_C on freq 869525000 Hz at DR 0
1731956121s954:#############OPENED CONTINUOUS RX C WINDOW
1731956143s001:MAC rxNotify
1731956143s002:NOTIFY
1731956143s002:MAC rxDone
1731956143s005:RXSLOT
1731956143s005:value of rxport: 201
###### D/L FRAME:0047 | PORT:201 | DR:0 | SLOT:C_MC | RSSI:-3 | SNR:5
1731956143s005:#####################FRAGDECODER PROCESS

.... FRAG_DECODER in Progress ....
EXPECTED   : 052 Fragments (02028 Bytes)
RECEIVED   : 048 Fragments
             01872 Bytes
LOST       : 000 Fragments

1731956143s010:RX_C on freq 869525000 Hz at DR 0
1731956143s011:#############OPENED CONTINUOUS RX C WINDOW
1731956163s056:MAC rxNotify
1731956163s056:NOTIFY
1731956163s056:MAC rxDone
1731956163s059:RXSLOT
1731956163s059:value of rxport: 201
###### D/L FRAME:0048 | PORT:201 | DR:0 | SLOT:C_MC | RSSI:-3 | SNR:5
1731956163s059:#####################FRAGDECODER PROCESS

.... FRAG_DECODER in Progress ....
EXPECTED   : 052 Fragments (02028 Bytes)
RECEIVED   : 049 Fragments
             01911 Bytes
LOST       : 000 Fragments

1731956163s064:RX_C on freq 869525000 Hz at DR 0
1731956163s065:#############OPENED CONTINUOUS RX C WINDOW
1731956184s117:MAC rxNotify
1731956184s117:NOTIFY
1731956184s117:MAC rxDone
1731956184s120:RXSLOT
1731956184s120:value of rxport: 201
###### D/L FRAME:0049 | PORT:201 | DR:0 | SLOT:C_MC | RSSI:-4 | SNR:6
1731956184s120:#####################FRAGDECODER PROCESS

.... FRAG_DECODER in Progress ....
EXPECTED   : 052 Fragments (02028 Bytes)
RECEIVED   : 050 Fragments
             01950 Bytes
LOST       : 000 Fragments

1731956184s124:RX_C on freq 869525000 Hz at DR 0
1731956184s125:#############OPENED CONTINUOUS RX C WINDOW
1731956205s178:MAC rxNotify
1731956205s178:NOTIFY
1731956205s179:MAC rxDone
1731956205s182:RXSLOT
1731956205s182:value of rxport: 201
###### D/L FRAME:0050 | PORT:201 | DR:0 | SLOT:C_MC | RSSI:-5 | SNR:6
1731956205s182:#####################FRAGDECODER PROCESS

.... FRAG_DECODER in Progress ....
EXPECTED   : 052 Fragments (02028 Bytes)
RECEIVED   : 051 Fragments
             01989 Bytes
LOST       : 000 Fragments

1731956205s187:RX_C on freq 869525000 Hz at DR 0
1731956205s188:#############OPENED CONTINUOUS RX C WINDOW
1731956217s665:MAC rxNotify
1731956217s665:NOTIFY
1731956217s665:MAC rxDone
1731956217s667:RXSLOT
1731956217s670:RX_C on freq 869525000 Hz at DR 0
1731956217s672:#############OPENED CONTINUOUS RX C WINDOW
1731956225s245:MAC rxNotify
1731956225s245:NOTIFY
1731956225s246:MAC rxDone
1731956225s248:RXSLOT
1731956225s248:value of rxport: 201
###### D/L FRAME:0051 | PORT:201 | DR:0 | SLOT:C_MC | RSSI:-4 | SNR:5
1731956225s248:#####################FRAGDECODER PROCESS

.... FRAG_DECODER in Progress ....
EXPECTED   : 052 Fragments (02028 Bytes)
RECEIVED   : 052 Fragments
             02028 Bytes
LOST       : 000 Fragments


.... FRAG_DECODER Finished ....
STATUS     : 0
1731956225s249:ALL FRAGMENTS RECEIVED

= [SBOOT] System Security Check successfully passed. Starting...


======================================================================
=              (C) COPYRIGHT 2017 STMicroelectronics                 =
=                                                                    =
=              Secure Boot and Secure Firmware Update                =
======================================================================


= [SBOOT] SECURE ENGINE INITIALIZATION SUCCESSFUL
= [SBOOT] STATE: CHECK STATUS ON RESET
	  INFO: A Reboot has been triggered by a Software reset!
= [SBOOT] STATE: CHECK NEW FIRMWARE TO DOWNLOAD
= [SBOOT] STATE: CHECK KMS BLOB TO INSTALL
= [SBOOT] STATE: CHECK USER FW STATUS
	  A FW is detected in the slot SLOT_ACTIVE_1
= [SBOOT] STATE: VERIFY USER FW SIGNATURE
= [SBOOT] STATE: EXECUTE USER FIRMWAREAPPLICATION_VERSION: V1.3.0
MW_LORAWAN_VERSION:  V2.5.0
MW_RADIO_VERSION:    V1.3.0
L2_SPEC_VERSION:     V1.0.4
RP_SPEC_VERSION:     V2-1.0.1
NVM DATA RESTORED
###### AppKey:      2B:7E:15:16:28:AE:D2:A6:AB:F7:15:88:09:CF:4F:3C
###### NwkKey:      2B:7E:15:16:28:AE:D2:A6:AB:F7:15:88:09:CF:4F:3C
###### AppSKey:     64:2D:E0:66:CE:AF:FE:D9:AB:2B:71:CE:C2:DD:C0:89
###### NwkSKey:     84:D2:6E:8F:C9:D4:0F:6C:13:4A:1F:31:B8:EE:73:11
###### DevEUI:      00:80:E1:15:05:AB:D0:6C
###### AppEUI:      01:01:01:01:01:01:01:01
###### DevAddr:     05:AB:D0:6C
###### KMS ENABLED