
= [SBOOT] System Security Check successfully passed. Starting...


======================================================================
=              (C) COPYRIGHT 2017 STMicroelectronics                 =
=                                                                    =
=              Secure Boot and Secure Firmware Update                =
======================================================================


= [SBOOT] SECURE ENGINE INITIALIZATION SUCCESSFUL
= [SBOOT] STATE: CHECK STATUS ON RESET
	  INFO: A Reboot has been triggered by a Hardware reset!
= [SBOOT] STATE: CHECK NEW FIRMWARE TO DOWNLOAD
= [SBOOT] STATE: CHECK KMS BLOB TO INSTALL
= [SBOOT] STATE: CHECK USER FW STATUS
	  A FW is detected in the slot SLOT_ACTIVE_1
= [SBOOT] STATE: VERIFY USER FW SIGNATURE
= [SBOOT] STATE: EXECUTE USER FIRMWAREAPPLICATION_VERSION: V1.3.0
MW_LORAWAN_VERSION:  V2.5.0
MW_RADIO_VERSION:    V1.3.0
L2_SPEC_VERSION:     V1.0.4
RP_SPEC_VERSION:     V2-1.0.1
NVM DATA RESTORED
###### AppKey:      2B:7E:15:16:28:AE:D2:A6:AB:F7:15:88:09:CF:4F:3C
###### NwkKey:      2B:7E:15:16:28:AE:D2:A6:AB:F7:15:88:09:CF:4F:3C
###### AppSKey:     89:45:F5:E4:B4:4A:28:EF:B5:BF:FB:FC:80:CC:6F:77
###### NwkSKey:     70:DD:D7:CB:4C:BC:75:D9:C9:8E:E3:3F:14:09:56:0E
###### DevEUI:      00:80:E1:15:05:AB:D0:6C
###### AppEUI:      01:01:01:01:01:01:01:01
###### DevAddr:     05:AB:D0:6C
###### KMS ENABLED


###### = JOINED = OTAA =====================
[31mNetwork joined, choose app to execute:
BTN1: TxTimer send uplink every 10 sec
BTN2: Airtime test
[0m
###### U/L FRAME:JOIN | DR:1 | PWR:1
###### MCRootKey:   7D:F7:6B:0C:1A:B8:99:B3:3E:42:F0:47:B9:1B:54:6F
###### MCKEKey:     8C:B8:66:5E:0C:0E:0B:64:5B:2E:D9:E4:8A:19:27:7C
###### AppSKey:     18:73:4E:57:1A:B0:0A:10:28:D3:4F:38:F9:72:CF:DC
###### NwkSKey:     EB:A3:9B:B9:61:B8:D3:C9:93:1E:D0:06:2F:F3:8F:47
###### DBIntKey:    7A:C4:7C:65:FE:25:9B:B6:54:BD:26:35:19:F8:9C:8E
###### DevEUI:      00:80:E1:15:05:AB:D0:6C
###### AppEUI:      01:01:01:01:01:01:01:01
###### DevAddr:     00:99:2C:AF
[32mStart tx timer regular[0m

###### ========== MCPS-Confirm =============
###### U/L FRAME:0001 | PORT:24 | DR:1 | PWR:1 | MSG TYPE:UNCONFIRMED
1731957810s167:value of rxport: 0
###### D/L FRAME:0000 | PORT:0 | DR:1 | SLOT:1 | RSSI:-5 | SNR:9
1731957837s668:Airtime test started: 0
1731957837s668:MAC Tx start packet size: 21
1731957837s672:TX on freq 867700000 Hz at DR 1
1731957837s672:RADIO SEND WITH size 21
1731957837s674:SEND REQUEST
1731957838s416:NOTIFY
1731957838s416:MAC txDone
1731957839s424:RX_1 on freq 867700000 Hz at DR 1
1731957839s524:IRQ_RX_TX_TIMEOUT
1731957839s525:NOTIFY
1731957839s525:MAC rxTimeOut
1731957840s448:RX_2 on freq 869525000 Hz at DR 0
1731957840s646:IRQ_RX_TX_TIMEOUT
1731957840s646:NOTIFY
1731957840s646:MAC rxTimeOut

###### ========== MCPS-Confirm =============
###### U/L FRAME:0002 | PORT:24 | DR:1 | PWR:1 | MSG TYPE:UNCONFIRMED
1731957867s674:Airtime test started: 0
1731957867s674:MAC Tx start packet size: 18
1731957867s678:TX on freq 868500000 Hz at DR 1
1731957867s678:RADIO SEND WITH size 18
1731957867s680:SEND REQUEST
1731957868s339:NOTIFY
1731957868s339:MAC txDone
1731957869s347:RX_1 on freq 868500000 Hz at DR 1
1731957869s447:IRQ_RX_TX_TIMEOUT
1731957869s448:NOTIFY
1731957869s448:MAC rxTimeOut
1731957870s371:RX_2 on freq 869525000 Hz at DR 0
1731957870s569:IRQ_RX_TX_TIMEOUT
1731957870s569:NOTIFY
1731957870s569:MAC rxTimeOut

###### ========== MCPS-Confirm =============
###### U/L FRAME:0003 | PORT:24 | DR:1 | PWR:1 | MSG TYPE:UNCONFIRMED
1731957897s680:Airtime test started: 0
1731957897s680:MAC Tx start packet size: 18
1731957897s684:TX on freq 867100000 Hz at DR 1
1731957897s684:RADIO SEND WITH size 18
1731957897s686:SEND REQUEST
1731957898s345:NOTIFY
1731957898s345:MAC txDone
1731957899s353:RX_1 on freq 867100000 Hz at DR 1
1731957899s453:IRQ_RX_TX_TIMEOUT
1731957899s454:NOTIFY
1731957899s454:MAC rxTimeOut
1731957900s376:RX_2 on freq 869525000 Hz at DR 0
1731957900s575:IRQ_RX_TX_TIMEOUT
1731957900s575:NOTIFY
1731957900s575:MAC rxTimeOut

###### ========== MCPS-Confirm =============
###### U/L FRAME:0004 | PORT:24 | DR:1 | PWR:1 | MSG TYPE:UNCONFIRMED
1731957927s686:Airtime test started: 0
1731957927s686:MAC Tx start packet size: 18
1731957927s690:TX on freq 868100000 Hz at DR 1
1731957927s690:RADIO SEND WITH size 18
1731957927s692:SEND REQUEST
1731957928s351:NOTIFY
1731957928s351:MAC txDone
1731957929s359:RX_1 on freq 868100000 Hz at DR 1
1731957929s459:IRQ_RX_TX_TIMEOUT
1731957929s459:NOTIFY
1731957929s459:MAC rxTimeOut
1731957930s382:RX_2 on freq 869525000 Hz at DR 0
1731957930s581:IRQ_RX_TX_TIMEOUT
1731957930s581:NOTIFY
1731957930s581:MAC rxTimeOut

###### ========== MCPS-Confirm =============
###### U/L FRAME:0005 | PORT:24 | DR:1 | PWR:1 | MSG TYPE:UNCONFIRMED
1731957957s692:Airtime test started: 0
1731957957s692:MAC Tx start packet size: 18
1731957957s696:TX on freq 868500000 Hz at DR 1
1731957957s696:RADIO SEND WITH size 18
1731957957s698:SEND REQUEST
1731957958s357:NOTIFY
1731957958s357:MAC txDone
1731957959s365:RX_1 on freq 868500000 Hz at DR 1
1731957959s464:IRQ_RX_TX_TIMEOUT
1731957959s465:NOTIFY
1731957959s465:MAC rxTimeOut
1731957960s388:RX_2 on freq 869525000 Hz at DR 0
1731957960s586:IRQ_RX_TX_TIMEOUT
1731957960s586:NOTIFY
1731957960s586:MAC rxTimeOut

###### ========== MCPS-Confirm =============
###### U/L FRAME:0006 | PORT:24 | DR:1 | PWR:1 | MSG TYPE:UNCONFIRMED
1731957987s698:Airtime test started: 0
1731957987s698:MAC Tx start packet size: 18
1731957987s702:TX on freq 867900000 Hz at DR 1
1731957987s702:RADIO SEND WITH size 18
1731957987s704:SEND REQUEST
1731957988s363:NOTIFY
1731957988s363:MAC txDone
1731957989s371:RX_1 on freq 867900000 Hz at DR 1
1731957989s470:IRQ_RX_TX_TIMEOUT
1731957989s471:NOTIFY
1731957989s471:MAC rxTimeOut
1731957990s394:RX_2 on freq 869525000 Hz at DR 0
1731957990s592:IRQ_RX_TX_TIMEOUT
1731957990s592:NOTIFY
1731957990s592:MAC rxTimeOut

###### ========== MCPS-Confirm =============
###### U/L FRAME:0007 | PORT:24 | DR:1 | PWR:1 | MSG TYPE:UNCONFIRMED
1731958017s704:Airtime test started: 0
1731958017s704:MAC Tx start packet size: 18
1731958017s708:TX on freq 867900000 Hz at DR 1
1731958017s708:RADIO SEND WITH size 18
1731958017s709:SEND REQUEST
1731958018s369:NOTIFY
1731958018s369:MAC txDone
1731958019s376:RX_1 on freq 867900000 Hz at DR 1
1731958019s476:IRQ_RX_TX_TIMEOUT
1731958019s477:NOTIFY
1731958019s477:MAC rxTimeOut
1731958020s400:RX_2 on freq 869525000 Hz at DR 0
1731958020s598:IRQ_RX_TX_TIMEOUT
1731958020s598:NOTIFY
1731958020s598:MAC rxTimeOut

###### ========== MCPS-Confirm =============
###### U/L FRAME:0008 | PORT:24 | DR:1 | PWR:1 | MSG TYPE:UNCONFIRMED
1731958047s709:Airtime test started: 0
1731958047s709:MAC Tx start packet size: 18
1731958047s713:TX on freq 867300000 Hz at DR 1
1731958047s713:RADIO SEND WITH size 18
1731958047s715:SEND REQUEST
1731958048s375:NOTIFY
1731958048s375:MAC txDone
1731958049s383:RX_1 on freq 867300000 Hz at DR 1
1731958049s483:IRQ_RX_TX_TIMEOUT
1731958049s484:NOTIFY
1731958049s484:MAC rxTimeOut
1731958050s407:RX_2 on freq 869525000 Hz at DR 0
1731958050s605:IRQ_RX_TX_TIMEOUT
1731958050s605:NOTIFY
1731958050s605:MAC rxTimeOut

###### ========== MCPS-Confirm =============
###### U/L FRAME:0009 | PORT:24 | DR:1 | PWR:1 | MSG TYPE:UNCONFIRMED
1731958077s715:Airtime test started: 0
1731958077s715:MAC Tx start packet size: 18
1731958077s719:TX on freq 867700000 Hz at DR 1
1731958077s719:RADIO SEND WITH size 18
1731958077s721:SEND REQUEST
1731958078s380:NOTIFY
1731958078s380:MAC txDone
1731958079s388:RX_1 on freq 867700000 Hz at DR 1
1731958079s488:IRQ_RX_TX_TIMEOUT
1731958079s489:NOTIFY
1731958079s489:MAC rxTimeOut
1731958080s412:RX_2 on freq 869525000 Hz at DR 0
1731958080s610:IRQ_RX_TX_TIMEOUT
1731958080s610:NOTIFY
1731958080s610:MAC rxTimeOut

###### ========== MCPS-Confirm =============
###### U/L FRAME:0010 | PORT:24 | DR:1 | PWR:1 | MSG TYPE:UNCONFIRMED
1731958107s721:Airtime test started: 0
1731958107s721:MAC Tx start packet size: 18
1731958107s725:TX on freq 867100000 Hz at DR 1
1731958107s725:RADIO SEND WITH size 18
1731958107s727:SEND REQUEST
1731958108s386:NOTIFY
1731958108s386:MAC txDone
1731958109s394:RX_1 on freq 867100000 Hz at DR 1
1731958109s494:IRQ_RX_TX_TIMEOUT
1731958109s495:NOTIFY
1731958109s495:MAC rxTimeOut
1731958110s417:RX_2 on freq 869525000 Hz at DR 0
1731958110s616:IRQ_RX_TX_TIMEOUT
1731958110s616:NOTIFY
1731958110s616:MAC rxTimeOut

###### ========== MCPS-Confirm =============
###### U/L FRAME:0011 | PORT:24 | DR:1 | PWR:1 | MSG TYPE:UNCONFIRMED
1731958137s727:Airtime test started: 0
1731958137s727:MAC Tx start packet size: 18
1731958137s731:TX on freq 867300000 Hz at DR 1
1731958137s731:RADIO SEND WITH size 18
1731958137s733:SEND REQUEST
1731958138s392:NOTIFY
1731958138s392:MAC txDone
1731958139s400:RX_1 on freq 867300000 Hz at DR 1
1731958140s558:MAC rxNotify
1731958140s558:NOTIFY
1731958140s558:MAC rxDone

###### ========== MCPS-Confirm =============
###### U/L FRAME:0012 | PORT:24 | DR:1 | PWR:1 | MSG TYPE:UNCONFIRMED
1731958140s561:value of rxport: 200
1731958140s561:MULTICAST CLASS C SETUP 2
###### D/L FRAME:0001 | PORT:200 | DR:1 | SLOT:1 | RSSI:-6 | SNR:9
1731958140s571:MAC Tx start packet size: 15
1731958140s575:TX on freq 868100000 Hz at DR 1
1731958140s576:RADIO SEND WITH size 15
ID          : 0
McAddr      : 1A131665
McKey       : A7-05-4F-99-F6-C3-EE-06-A1-A1-62-ED-A4-69-7A-94
McFCountMin : 0
McFCountMax : 4294967295
SessionTime : 0
SessionTimeT: 1 s
Rx Freq     : 0
Rx DR       : DR_0
1731958141s237:NOTIFY
1731958141s237:MAC txDone
1731958142s245:RX_1 on freq 868100000 Hz at DR 1
1731958143s074:MAC rxNotify
1731958143s074:NOTIFY
1731958143s074:MAC rxDone

###### ========== MCPS-Confirm =============
###### U/L FRAME:0013 | PORT:200 | DR:1 | PWR:1 | MSG TYPE:UNCONFIRMED
1731958143s076:value of rxport: 201
###### D/L FRAME:0002 | PORT:201 | DR:1 | SLOT:1 | RSSI:-5 | SNR:10
1731958143s077:#####################FRAGDECODER INIT
1731958146s959:MAC Tx start packet size: 15
1731958146s962:TX on freq 868500000 Hz at DR 1
1731958146s962:RADIO SEND WITH size 15
1731958147s624:NOTIFY
1731958147s624:MAC txDone
1731958148s632:RX_1 on freq 868500000 Hz at DR 1
1731958149s461:MAC rxNotify
1731958149s461:NOTIFY
1731958149s461:MAC rxDone

###### ========== MCPS-Confirm =============
###### U/L FRAME:0014 | PORT:201 | DR:1 | PWR:1 | MSG TYPE:UNCONFIRMED
1731958149s463:value of rxport: 200
1731958149s464:MULTICAST CLASS C SETUP 4
###### D/L FRAME:0003 | PORT:200 | DR:1 | SLOT:1 | RSSI:-4 | SNR:10
Time2SessionStart: 298000 ms
1731958149s464:MAC Tx start packet size: 18
1731958149s468:TX on freq 867700000 Hz at DR 1
1731958149s469:RADIO SEND WITH size 18
ID          : 0
McAddr      : 1A131665
McKey       : A7-05-4F-99-F6-C3-EE-06-A1-A1-62-ED-A4-69-7A-94
McFCountMin : 0
McFCountMax : 4294967295
SessionTime : 1731958447
SessionTimeT: 4096 s
Rx Freq     : 869525000
Rx DR       : DR_1
1731958150s129:NOTIFY
1731958150s130:MAC txDone
1731958151s137:RX_1 on freq 867700000 Hz at DR 1
1731958151s237:IRQ_RX_TX_TIMEOUT
1731958151s238:NOTIFY
1731958151s238:MAC rxTimeOut
1731958152s161:RX_2 on freq 869525000 Hz at DR 0
1731958152s359:IRQ_RX_TX_TIMEOUT
1731958152s359:NOTIFY
1731958152s359:MAC rxTimeOut

###### ========== MCPS-Confirm =============
###### U/L FRAME:0015 | PORT:200 | DR:1 | PWR:1 | MSG TYPE:UNCONFIRMED
1731958447s464:[SWITCHCLASS class C]
1731958447s479:RX_C on freq 869525000 Hz at DR 1
1731958447s481:#############OPENED CONTINUOUS RX C WINDOW
Switch to Class C done
1731958451s081:MAC rxNotify
1731958451s081:NOTIFY
1731958451s081:MAC rxDone
1731958451s084:RXSLOT
1731958451s084:value of rxport: 201
###### D/L FRAME:0000 | PORT:201 | DR:1 | SLOT:C_MC | RSSI:-1 | SNR:9
1731958451s084:#####################FRAGDECODER PROCESS

.... FRAG_DECODER in Progress ....
EXPECTED   : 052 Fragments (02028 Bytes)
RECEIVED   : 001 Fragments
             00039 Bytes
LOST       : 000 Fragments

1731958451s088:RX_C on freq 869525000 Hz at DR 1
1731958451s089:#############OPENED CONTINUOUS RX C WINDOW
1731958462s123:MAC rxNotify
1731958462s123:NOTIFY
1731958462s123:MAC rxDone
1731958462s125:RXSLOT
1731958462s125:value of rxport: 201
###### D/L FRAME:0001 | PORT:201 | DR:1 | SLOT:C_MC | RSSI:-1 | SNR:8
1731958462s125:#####################FRAGDECODER PROCESS

.... FRAG_DECODER in Progress ....
EXPECTED   : 052 Fragments (02028 Bytes)
RECEIVED   : 002 Fragments
             00078 Bytes
LOST       : 000 Fragments

1731958462s130:RX_C on freq 869525000 Hz at DR 1
1731958462s131:#############OPENED CONTINUOUS RX C WINDOW
1731958473s153:MAC rxNotify
1731958473s153:NOTIFY
1731958473s153:MAC rxDone
1731958473s156:RXSLOT
1731958473s156:value of rxport: 201
###### D/L FRAME:0002 | PORT:201 | DR:1 | SLOT:C_MC | RSSI:-1 | SNR:8
1731958473s156:#####################FRAGDECODER PROCESS

.... FRAG_DECODER in Progress ....
EXPECTED   : 052 Fragments (02028 Bytes)
RECEIVED   : 003 Fragments
             00117 Bytes
LOST       : 000 Fragments

1731958473s161:RX_C on freq 869525000 Hz at DR 1
1731958473s162:#############OPENED CONTINUOUS RX C WINDOW
1731958484s192:MAC rxNotify
1731958484s192:NOTIFY
1731958484s192:MAC rxDone
1731958484s195:RXSLOT
1731958484s195:value of rxport: 201
###### D/L FRAME:0003 | PORT:201 | DR:1 | SLOT:C_MC | RSSI:-2 | SNR:9
1731958484s195:#####################FRAGDECODER PROCESS

.... FRAG_DECODER in Progress ....
EXPECTED   : 052 Fragments (02028 Bytes)
RECEIVED   : 004 Fragments
             00156 Bytes
LOST       : 000 Fragments

1731958484s200:RX_C on freq 869525000 Hz at DR 1
1731958484s201:#############OPENED CONTINUOUS RX C WINDOW
1731958495s226:MAC rxNotify
1731958495s226:NOTIFY
1731958495s226:MAC rxDone
1731958495s230:RXSLOT
1731958495s230:value of rxport: 201
###### D/L FRAME:0004 | PORT:201 | DR:1 | SLOT:C_MC | RSSI:-1 | SNR:9
1731958495s230:#####################FRAGDECODER PROCESS

.... FRAG_DECODER in Progress ....
EXPECTED   : 052 Fragments (02028 Bytes)
RECEIVED   : 005 Fragments
             00195 Bytes
LOST       : 000 Fragments

1731958495s235:RX_C on freq 869525000 Hz at DR 1
1731958495s236:#############OPENED CONTINUOUS RX C WINDOW
1731958506s263:MAC rxNotify
1731958506s263:NOTIFY
1731958506s263:MAC rxDone
1731958506s266:RXSLOT
1731958506s266:value of rxport: 201
###### D/L FRAME:0005 | PORT:201 | DR:1 | SLOT:C_MC | RSSI:-1 | SNR:9
1731958506s266:#####################FRAGDECODER PROCESS

.... FRAG_DECODER in Progress ....
EXPECTED   : 052 Fragments (02028 Bytes)
RECEIVED   : 006 Fragments
             00234 Bytes
LOST       : 000 Fragments

1731958506s271:RX_C on freq 869525000 Hz at DR 1
1731958506s272:#############OPENED CONTINUOUS RX C WINDOW
1731958517s299:MAC rxNotify
1731958517s299:NOTIFY
1731958517s299:MAC rxDone
1731958517s303:RXSLOT
1731958517s303:value of rxport: 201
###### D/L FRAME:0006 | PORT:201 | DR:1 | SLOT:C_MC | RSSI:-1 | SNR:8
1731958517s303:#####################FRAGDECODER PROCESS

.... FRAG_DECODER in Progress ....
EXPECTED   : 052 Fragments (02028 Bytes)
RECEIVED   : 007 Fragments
             00273 Bytes
LOST       : 000 Fragments

1731958517s308:RX_C on freq 869525000 Hz at DR 1
1731958517s309:#############OPENED CONTINUOUS RX C WINDOW
1731958528s340:MAC rxNotify
1731958528s340:NOTIFY
1731958528s340:MAC rxDone
1731958528s343:RXSLOT
1731958528s343:value of rxport: 201
###### D/L FRAME:0007 | PORT:201 | DR:1 | SLOT:C_MC | RSSI:-1 | SNR:9
1731958528s343:#####################FRAGDECODER PROCESS

.... FRAG_DECODER in Progress ....
EXPECTED   : 052 Fragments (02028 Bytes)
RECEIVED   : 008 Fragments
             00312 Bytes
LOST       : 000 Fragments

1731958528s348:RX_C on freq 869525000 Hz at DR 1
1731958528s349:#############OPENED CONTINUOUS RX C WINDOW
1731958539s377:MAC rxNotify
1731958539s377:NOTIFY
1731958539s377:MAC rxDone
1731958539s380:RXSLOT
1731958539s380:value of rxport: 201
###### D/L FRAME:0008 | PORT:201 | DR:1 | SLOT:C_MC | RSSI:-1 | SNR:8
1731958539s380:#####################FRAGDECODER PROCESS

.... FRAG_DECODER in Progress ....
EXPECTED   : 052 Fragments (02028 Bytes)
RECEIVED   : 009 Fragments
             00351 Bytes
LOST       : 000 Fragments

1731958539s385:RX_C on freq 869525000 Hz at DR 1
1731958539s386:#############OPENED CONTINUOUS RX C WINDOW
1731958550s409:MAC rxNotify
1731958550s409:NOTIFY
1731958550s409:MAC rxDone
1731958550s412:RXSLOT
1731958550s412:value of rxport: 201
###### D/L FRAME:0009 | PORT:201 | DR:1 | SLOT:C_MC | RSSI:-1 | SNR:8
1731958550s412:#####################FRAGDECODER PROCESS

.... FRAG_DECODER in Progress ....
EXPECTED   : 052 Fragments (02028 Bytes)
RECEIVED   : 010 Fragments
             00390 Bytes
LOST       : 000 Fragments

1731958550s417:RX_C on freq 869525000 Hz at DR 1
1731958550s417:#############OPENED CONTINUOUS RX C WINDOW
1731958561s450:MAC rxNotify
1731958561s450:NOTIFY
1731958561s450:MAC rxDone
1731958561s453:RXSLOT
1731958561s453:value of rxport: 201
###### D/L FRAME:0010 | PORT:201 | DR:1 | SLOT:C_MC | RSSI:-1 | SNR:8
1731958561s453:#####################FRAGDECODER PROCESS

.... FRAG_DECODER in Progress ....
EXPECTED   : 052 Fragments (02028 Bytes)
RECEIVED   : 011 Fragments
             00429 Bytes
LOST       : 000 Fragments

1731958561s458:RX_C on freq 869525000 Hz at DR 1
1731958561s459:#############OPENED CONTINUOUS RX C WINDOW
1731958572s489:MAC rxNotify
1731958572s489:NOTIFY
1731958572s489:MAC rxDone
1731958572s492:RXSLOT
1731958572s492:value of rxport: 201
###### D/L FRAME:0011 | PORT:201 | DR:1 | SLOT:C_MC | RSSI:-2 | SNR:8
1731958572s492:#####################FRAGDECODER PROCESS

.... FRAG_DECODER in Progress ....
EXPECTED   : 052 Fragments (02028 Bytes)
RECEIVED   : 012 Fragments
             00468 Bytes
LOST       : 000 Fragments

1731958572s497:RX_C on freq 869525000 Hz at DR 1
1731958572s498:#############OPENED CONTINUOUS RX C WINDOW
1731958584s529:MAC rxNotify
1731958584s529:NOTIFY
1731958584s529:MAC rxDone
1731958584s532:RXSLOT
1731958584s532:value of rxport: 201
###### D/L FRAME:0012 | PORT:201 | DR:1 | SLOT:C_MC | RSSI:-1 | SNR:8
1731958584s532:#####################FRAGDECODER PROCESS

.... FRAG_DECODER in Progress ....
EXPECTED   : 052 Fragments (02028 Bytes)
RECEIVED   : 013 Fragments
             00507 Bytes
LOST       : 000 Fragments

1731958584s537:RX_C on freq 869525000 Hz at DR 1
1731958584s538:#############OPENED CONTINUOUS RX C WINDOW
1731958595s579:MAC rxNotify
1731958595s579:NOTIFY
1731958595s579:MAC rxDone
1731958595s582:RXSLOT
1731958595s582:value of rxport: 201
###### D/L FRAME:0013 | PORT:201 | DR:1 | SLOT:C_MC | RSSI:-1 | SNR:8
1731958595s582:#####################FRAGDECODER PROCESS

.... FRAG_DECODER in Progress ....
EXPECTED   : 052 Fragments (02028 Bytes)
RECEIVED   : 014 Fragments
             00546 Bytes
LOST       : 000 Fragments

1731958595s586:RX_C on freq 869525000 Hz at DR 1
1731958595s587:#############OPENED CONTINUOUS RX C WINDOW
1731958606s619:MAC rxNotify
1731958606s619:NOTIFY
1731958606s619:MAC rxDone
1731958606s622:RXSLOT
1731958606s622:value of rxport: 201
###### D/L FRAME:0014 | PORT:201 | DR:1 | SLOT:C_MC | RSSI:-1 | SNR:8
1731958606s622:#####################FRAGDECODER PROCESS

.... FRAG_DECODER in Progress ....
EXPECTED   : 052 Fragments (02028 Bytes)
RECEIVED   : 015 Fragments
             00585 Bytes
LOST       : 000 Fragments

1731958606s626:RX_C on freq 869525000 Hz at DR 1
1731958606s627:#############OPENED CONTINUOUS RX C WINDOW
1731958617s654:MAC rxNotify
1731958617s654:NOTIFY
1731958617s654:MAC rxDone
1731958617s657:RXSLOT
1731958617s657:value of rxport: 201
###### D/L FRAME:0015 | PORT:201 | DR:1 | SLOT:C_MC | RSSI:-1 | SNR:8
1731958617s657:#####################FRAGDECODER PROCESS

.... FRAG_DECODER in Progress ....
EXPECTED   : 052 Fragments (02028 Bytes)
RECEIVED   : 016 Fragments
             00624 Bytes
LOST       : 000 Fragments

1731958617s662:RX_C on freq 869525000 Hz at DR 1
1731958617s663:#############OPENED CONTINUOUS RX C WINDOW
1731958628s688:MAC rxNotify
1731958628s688:NOTIFY
1731958628s688:MAC rxDone
1731958628s691:RXSLOT
1731958628s691:value of rxport: 201
###### D/L FRAME:0016 | PORT:201 | DR:1 | SLOT:C_MC | RSSI:-1 | SNR:8
1731958628s691:#####################FRAGDECODER PROCESS

.... FRAG_DECODER in Progress ....
EXPECTED   : 052 Fragments (02028 Bytes)
RECEIVED   : 017 Fragments
             00663 Bytes
LOST       : 000 Fragments

1731958628s696:RX_C on freq 869525000 Hz at DR 1
1731958628s697:#############OPENED CONTINUOUS RX C WINDOW
1731958639s726:MAC rxNotify
1731958639s726:NOTIFY
1731958639s726:MAC rxDone
1731958639s729:RXSLOT
1731958639s729:value of rxport: 201
###### D/L FRAME:0017 | PORT:201 | DR:1 | SLOT:C_MC | RSSI:-1 | SNR:9
1731958639s729:#####################FRAGDECODER PROCESS

.... FRAG_DECODER in Progress ....
EXPECTED   : 052 Fragments (02028 Bytes)
RECEIVED   : 018 Fragments
             00702 Bytes
LOST       : 000 Fragments

1731958639s734:RX_C on freq 869525000 Hz at DR 1
1731958639s735:#############OPENED CONTINUOUS RX C WINDOW
1731958650s762:MAC rxNotify
1731958650s762:NOTIFY
1731958650s762:MAC rxDone
1731958650s765:RXSLOT
1731958650s765:value of rxport: 201
###### D/L FRAME:0018 | PORT:201 | DR:1 | SLOT:C_MC | RSSI:-1 | SNR:8
1731958650s765:#####################FRAGDECODER PROCESS

.... FRAG_DECODER in Progress ....
EXPECTED   : 052 Fragments (02028 Bytes)
RECEIVED   : 019 Fragments
             00741 Bytes
LOST       : 000 Fragments

1731958650s770:RX_C on freq 869525000 Hz at DR 1
1731958650s771:#############OPENED CONTINUOUS RX C WINDOW
1731958661s800:MAC rxNotify
1731958661s800:NOTIFY
1731958661s800:MAC rxDone
1731958661s803:RXSLOT
1731958661s803:value of rxport: 201
###### D/L FRAME:0019 | PORT:201 | DR:1 | SLOT:C_MC | RSSI:-1 | SNR:9
1731958661s803:#####################FRAGDECODER PROCESS

.... FRAG_DECODER in Progress ....
EXPECTED   : 052 Fragments (02028 Bytes)
RECEIVED   : 020 Fragments
             00780 Bytes
LOST       : 000 Fragments

1731958661s808:RX_C on freq 869525000 Hz at DR 1
1731958661s809:#############OPENED CONTINUOUS RX C WINDOW
1731958672s837:MAC rxNotify
1731958672s837:NOTIFY
1731958672s837:MAC rxDone
1731958672s840:RXSLOT
1731958672s840:value of rxport: 201
###### D/L FRAME:0020 | PORT:201 | DR:1 | SLOT:C_MC | RSSI:-1 | SNR:8
1731958672s840:#####################FRAGDECODER PROCESS

.... FRAG_DECODER in Progress ....
EXPECTED   : 052 Fragments (02028 Bytes)
RECEIVED   : 021 Fragments
             00819 Bytes
LOST       : 000 Fragments

1731958672s845:RX_C on freq 869525000 Hz at DR 1
1731958672s846:#############OPENED CONTINUOUS RX C WINDOW
1731958683s875:MAC rxNotify
1731958683s875:NOTIFY
1731958683s875:MAC rxDone
1731958683s878:RXSLOT
1731958683s878:value of rxport: 201
###### D/L FRAME:0021 | PORT:201 | DR:1 | SLOT:C_MC | RSSI:-1 | SNR:8
1731958683s878:#####################FRAGDECODER PROCESS

.... FRAG_DECODER in Progress ....
EXPECTED   : 052 Fragments (02028 Bytes)
RECEIVED   : 022 Fragments
             00858 Bytes
LOST       : 000 Fragments

1731958683s883:RX_C on freq 869525000 Hz at DR 1
1731958683s884:#############OPENED CONTINUOUS RX C WINDOW
1731958694s911:MAC rxNotify
1731958694s911:NOTIFY
1731958694s911:MAC rxDone
1731958694s915:RXSLOT
1731958694s915:value of rxport: 201
###### D/L FRAME:0022 | PORT:201 | DR:1 | SLOT:C_MC | RSSI:-1 | SNR:9
1731958694s915:#####################FRAGDECODER PROCESS

.... FRAG_DECODER in Progress ....
EXPECTED   : 052 Fragments (02028 Bytes)
RECEIVED   : 023 Fragments
             00897 Bytes
LOST       : 000 Fragments

1731958694s919:RX_C on freq 869525000 Hz at DR 1
1731958694s920:#############OPENED CONTINUOUS RX C WINDOW
1731958705s949:MAC rxNotify
1731958705s949:NOTIFY
1731958705s949:MAC rxDone
1731958705s952:RXSLOT
1731958705s952:value of rxport: 201
###### D/L FRAME:0023 | PORT:201 | DR:1 | SLOT:C_MC | RSSI:-1 | SNR:8
1731958705s952:#####################FRAGDECODER PROCESS

.... FRAG_DECODER in Progress ....
EXPECTED   : 052 Fragments (02028 Bytes)
RECEIVED   : 024 Fragments
             00936 Bytes
LOST       : 000 Fragments

1731958705s957:RX_C on freq 869525000 Hz at DR 1
1731958705s958:#############OPENED CONTINUOUS RX C WINDOW
1731958716s990:MAC rxNotify
1731958716s990:NOTIFY
1731958716s990:MAC rxDone
1731958716s993:RXSLOT
1731958716s993:value of rxport: 201
###### D/L FRAME:0024 | PORT:201 | DR:1 | SLOT:C_MC | RSSI:-1 | SNR:8
1731958716s993:#####################FRAGDECODER PROCESS

.... FRAG_DECODER in Progress ....
EXPECTED   : 052 Fragments (02028 Bytes)
RECEIVED   : 025 Fragments
             00975 Bytes
LOST       : 000 Fragments

1731958716s998:RX_C on freq 869525000 Hz at DR 1
1731958716s999:#############OPENED CONTINUOUS RX C WINDOW
1731958728s024:MAC rxNotify
1731958728s024:NOTIFY
1731958728s024:MAC rxDone
1731958728s027:RXSLOT
1731958728s027:value of rxport: 201
###### D/L FRAME:0025 | PORT:201 | DR:1 | SLOT:C_MC | RSSI:-1 | SNR:9
1731958728s027:#####################FRAGDECODER PROCESS

.... FRAG_DECODER in Progress ....
EXPECTED   : 052 Fragments (02028 Bytes)
RECEIVED   : 026 Fragments
             01014 Bytes
LOST       : 000 Fragments

1731958728s032:RX_C on freq 869525000 Hz at DR 1
1731958728s033:#############OPENED CONTINUOUS RX C WINDOW
1731958739s052:MAC rxNotify
1731958739s052:NOTIFY
1731958739s052:MAC rxDone
1731958739s055:RXSLOT
1731958739s055:value of rxport: 201
###### D/L FRAME:0026 | PORT:201 | DR:1 | SLOT:C_MC | RSSI:-1 | SNR:8
1731958739s055:#####################FRAGDECODER PROCESS

.... FRAG_DECODER in Progress ....
EXPECTED   : 052 Fragments (02028 Bytes)
RECEIVED   : 027 Fragments
             01053 Bytes
LOST       : 000 Fragments

1731958739s060:RX_C on freq 869525000 Hz at DR 1
1731958739s061:#############OPENED CONTINUOUS RX C WINDOW
1731958750s089:MAC rxNotify
1731958750s089:NOTIFY
1731958750s089:MAC rxDone
1731958750s092:RXSLOT
1731958750s092:value of rxport: 201
###### D/L FRAME:0027 | PORT:201 | DR:1 | SLOT:C_MC | RSSI:-1 | SNR:8
1731958750s092:#####################FRAGDECODER PROCESS

.... FRAG_DECODER in Progress ....
EXPECTED   : 052 Fragments (02028 Bytes)
RECEIVED   : 028 Fragments
             01092 Bytes
LOST       : 000 Fragments

1731958750s097:RX_C on freq 869525000 Hz at DR 1
1731958750s098:#############OPENED CONTINUOUS RX C WINDOW
1731958761s120:MAC rxNotify
1731958761s120:NOTIFY
1731958761s121:MAC rxDone
1731958761s124:RXSLOT
1731958761s124:value of rxport: 201
###### D/L FRAME:0028 | PORT:201 | DR:1 | SLOT:C_MC | RSSI:-2 | SNR:7
1731958761s124:#####################FRAGDECODER PROCESS

.... FRAG_DECODER in Progress ....
EXPECTED   : 052 Fragments (02028 Bytes)
RECEIVED   : 029 Fragments
             01131 Bytes
LOST       : 000 Fragments

1731958761s128:RX_C on freq 869525000 Hz at DR 1
1731958761s129:#############OPENED CONTINUOUS RX C WINDOW
1731958773s158:MAC rxNotify
1731958773s159:NOTIFY
1731958773s159:MAC rxDone
1731958773s162:RXSLOT
1731958773s162:value of rxport: 201
###### D/L FRAME:0029 | PORT:201 | DR:1 | SLOT:C_MC | RSSI:-2 | SNR:8
1731958773s162:#####################FRAGDECODER PROCESS

.... FRAG_DECODER in Progress ....
EXPECTED   : 052 Fragments (02028 Bytes)
RECEIVED   : 030 Fragments
             01170 Bytes
LOST       : 000 Fragments

1731958773s167:RX_C on freq 869525000 Hz at DR 1
1731958773s167:#############OPENED CONTINUOUS RX C WINDOW
1731958784s192:MAC rxNotify
1731958784s193:NOTIFY
1731958784s193:MAC rxDone
1731958784s196:RXSLOT
1731958784s196:value of rxport: 201
###### D/L FRAME:0030 | PORT:201 | DR:1 | SLOT:C_MC | RSSI:-2 | SNR:8
1731958784s196:#####################FRAGDECODER PROCESS

.... FRAG_DECODER in Progress ....
EXPECTED   : 052 Fragments (02028 Bytes)
RECEIVED   : 031 Fragments
             01209 Bytes
LOST       : 000 Fragments

1731958784s201:RX_C on freq 869525000 Hz at DR 1
1731958784s202:#############OPENED CONTINUOUS RX C WINDOW
1731958795s225:MAC rxNotify
1731958795s225:NOTIFY
1731958795s225:MAC rxDone
1731958795s228:RXSLOT
1731958795s228:value of rxport: 201
###### D/L FRAME:0031 | PORT:201 | DR:1 | SLOT:C_MC | RSSI:-1 | SNR:8
1731958795s228:#####################FRAGDECODER PROCESS

.... FRAG_DECODER in Progress ....
EXPECTED   : 052 Fragments (02028 Bytes)
RECEIVED   : 032 Fragments
             01248 Bytes
LOST       : 000 Fragments

1731958795s233:RX_C on freq 869525000 Hz at DR 1
1731958795s234:#############OPENED CONTINUOUS RX C WINDOW
1731958806s262:MAC rxNotify
1731958806s262:NOTIFY
1731958806s262:MAC rxDone
1731958806s265:RXSLOT
1731958806s265:value of rxport: 201
###### D/L FRAME:0032 | PORT:201 | DR:1 | SLOT:C_MC | RSSI:-2 | SNR:7
1731958806s265:#####################FRAGDECODER PROCESS

.... FRAG_DECODER in Progress ....
EXPECTED   : 052 Fragments (02028 Bytes)
RECEIVED   : 033 Fragments
             01287 Bytes
LOST       : 000 Fragments

1731958806s270:RX_C on freq 869525000 Hz at DR 1
1731958806s271:#############OPENED CONTINUOUS RX C WINDOW
1731958817s295:MAC rxNotify
1731958817s295:NOTIFY
1731958817s295:MAC rxDone
1731958817s298:RXSLOT
1731958817s298:value of rxport: 201
###### D/L FRAME:0033 | PORT:201 | DR:1 | SLOT:C_MC | RSSI:-2 | SNR:8
1731958817s298:#####################FRAGDECODER PROCESS

.... FRAG_DECODER in Progress ....
EXPECTED   : 052 Fragments (02028 Bytes)
RECEIVED   : 034 Fragments
             01326 Bytes
LOST       : 000 Fragments

1731958817s303:RX_C on freq 869525000 Hz at DR 1
1731958817s304:#############OPENED CONTINUOUS RX C WINDOW
1731958828s330:MAC rxNotify
1731958828s330:NOTIFY
1731958828s330:MAC rxDone
1731958828s333:RXSLOT
1731958828s333:value of rxport: 201
###### D/L FRAME:0034 | PORT:201 | DR:1 | SLOT:C_MC | RSSI:-2 | SNR:8
1731958828s333:#####################FRAGDECODER PROCESS

.... FRAG_DECODER in Progress ....
EXPECTED   : 052 Fragments (02028 Bytes)
RECEIVED   : 035 Fragments
             01365 Bytes
LOST       : 000 Fragments

1731958828s337:RX_C on freq 869525000 Hz at DR 1
1731958828s338:#############OPENED CONTINUOUS RX C WINDOW
1731958839s375:MAC rxNotify
1731958839s375:NOTIFY
1731958839s375:MAC rxDone
1731958839s378:RXSLOT
1731958839s378:value of rxport: 201
###### D/L FRAME:0035 | PORT:201 | DR:1 | SLOT:C_MC | RSSI:-2 | SNR:8
1731958839s378:#####################FRAGDECODER PROCESS

.... FRAG_DECODER in Progress ....
EXPECTED   : 052 Fragments (02028 Bytes)
RECEIVED   : 036 Fragments
             01404 Bytes
LOST       : 000 Fragments

1731958839s383:RX_C on freq 869525000 Hz at DR 1
1731958839s384:#############OPENED CONTINUOUS RX C WINDOW
1731958850s404:MAC rxNotify
1731958850s404:NOTIFY
1731958850s405:MAC rxDone
1731958850s408:RXSLOT
1731958850s408:value of rxport: 201
###### D/L FRAME:0036 | PORT:201 | DR:1 | SLOT:C_MC | RSSI:-2 | SNR:8
1731958850s408:#####################FRAGDECODER PROCESS

.... FRAG_DECODER in Progress ....
EXPECTED   : 052 Fragments (02028 Bytes)
RECEIVED   : 037 Fragments
             01443 Bytes
LOST       : 000 Fragments

1731958850s413:RX_C on freq 869525000 Hz at DR 1
1731958850s414:#############OPENED CONTINUOUS RX C WINDOW
1731958861s439:MAC rxNotify
1731958861s439:NOTIFY
1731958861s439:MAC rxDone
1731958861s442:RXSLOT
1731958861s442:value of rxport: 201
###### D/L FRAME:0037 | PORT:201 | DR:1 | SLOT:C_MC | RSSI:-1 | SNR:8
1731958861s442:#####################FRAGDECODER PROCESS

.... FRAG_DECODER in Progress ....
EXPECTED   : 052 Fragments (02028 Bytes)
RECEIVED   : 038 Fragments
             01482 Bytes
LOST       : 000 Fragments

1731958861s447:RX_C on freq 869525000 Hz at DR 1
1731958861s448:#############OPENED CONTINUOUS RX C WINDOW
1731958872s485:MAC rxNotify
1731958872s486:NOTIFY
1731958872s486:MAC rxDone
1731958872s489:RXSLOT
1731958872s489:value of rxport: 201
###### D/L FRAME:0038 | PORT:201 | DR:1 | SLOT:C_MC | RSSI:-2 | SNR:7
1731958872s489:#####################FRAGDECODER PROCESS

.... FRAG_DECODER in Progress ....
EXPECTED   : 052 Fragments (02028 Bytes)
RECEIVED   : 039 Fragments
             01521 Bytes
LOST       : 000 Fragments

1731958872s494:RX_C on freq 869525000 Hz at DR 1
1731958872s495:#############OPENED CONTINUOUS RX C WINDOW
1731958883s513:MAC rxNotify
1731958883s514:NOTIFY
1731958883s514:MAC rxDone
1731958883s517:RXSLOT
1731958883s517:value of rxport: 201
###### D/L FRAME:0039 | PORT:201 | DR:1 | SLOT:C_MC | RSSI:-2 | SNR:8
1731958883s517:#####################FRAGDECODER PROCESS

.... FRAG_DECODER in Progress ....
EXPECTED   : 052 Fragments (02028 Bytes)
RECEIVED   : 040 Fragments
             01560 Bytes
LOST       : 000 Fragments

1731958883s522:RX_C on freq 869525000 Hz at DR 1
1731958883s523:#############OPENED CONTINUOUS RX C WINDOW
1731958894s547:MAC rxNotify
1731958894s547:NOTIFY
1731958894s547:MAC rxDone
1731958894s550:RXSLOT
1731958894s550:value of rxport: 201
###### D/L FRAME:0040 | PORT:201 | DR:1 | SLOT:C_MC | RSSI:-1 | SNR:8
1731958894s550:#####################FRAGDECODER PROCESS

.... FRAG_DECODER in Progress ....
EXPECTED   : 052 Fragments (02028 Bytes)
RECEIVED   : 041 Fragments
             01599 Bytes
LOST       : 000 Fragments

1731958894s555:RX_C on freq 869525000 Hz at DR 1
1731958894s556:#############OPENED CONTINUOUS RX C WINDOW
1731958905s582:MAC rxNotify
1731958905s582:NOTIFY
1731958905s582:MAC rxDone
1731958905s584:RXSLOT
1731958905s584:value of rxport: 201
###### D/L FRAME:0041 | PORT:201 | DR:1 | SLOT:C_MC | RSSI:-2 | SNR:8
1731958905s584:#####################FRAGDECODER PROCESS

.... FRAG_DECODER in Progress ....
EXPECTED   : 052 Fragments (02028 Bytes)
RECEIVED   : 042 Fragments
             01638 Bytes
LOST       : 000 Fragments

1731958905s589:RX_C on freq 869525000 Hz at DR 1
1731958905s590:#############OPENED CONTINUOUS RX C WINDOW
1731958916s616:MAC rxNotify
1731958916s616:NOTIFY
1731958916s616:MAC rxDone
1731958916s619:RXSLOT
1731958916s619:value of rxport: 201
###### D/L FRAME:0042 | PORT:201 | DR:1 | SLOT:C_MC | RSSI:-1 | SNR:8
1731958916s619:#####################FRAGDECODER PROCESS

.... FRAG_DECODER in Progress ....
EXPECTED   : 052 Fragments (02028 Bytes)
RECEIVED   : 043 Fragments
             01677 Bytes
LOST       : 000 Fragments

1731958916s624:RX_C on freq 869525000 Hz at DR 1
1731958916s625:#############OPENED CONTINUOUS RX C WINDOW
1731958927s653:MAC rxNotify
1731958927s653:NOTIFY
1731958927s653:MAC rxDone
1731958927s656:RXSLOT
1731958927s656:value of rxport: 201
###### D/L FRAME:0043 | PORT:201 | DR:1 | SLOT:C_MC | RSSI:-2 | SNR:8
1731958927s656:#####################FRAGDECODER PROCESS

.... FRAG_DECODER in Progress ....
EXPECTED   : 052 Fragments (02028 Bytes)
RECEIVED   : 044 Fragments
             01716 Bytes
LOST       : 000 Fragments

1731958927s661:RX_C on freq 869525000 Hz at DR 1
1731958927s662:#############OPENED CONTINUOUS RX C WINDOW
1731958938s686:MAC rxNotify
1731958938s686:NOTIFY
1731958938s686:MAC rxDone
1731958938s689:RXSLOT
1731958938s689:value of rxport: 201
###### D/L FRAME:0044 | PORT:201 | DR:1 | SLOT:C_MC | RSSI:-2 | SNR:8
1731958938s689:#####################FRAGDECODER PROCESS

.... FRAG_DECODER in Progress ....
EXPECTED   : 052 Fragments (02028 Bytes)
RECEIVED   : 045 Fragments
             01755 Bytes
LOST       : 000 Fragments

1731958938s694:RX_C on freq 869525000 Hz at DR 1
1731958938s695:#############OPENED CONTINUOUS RX C WINDOW
1731958949s718:MAC rxNotify
1731958949s718:NOTIFY
1731958949s718:MAC rxDone
1731958949s721:RXSLOT
1731958949s721:value of rxport: 201
###### D/L FRAME:0045 | PORT:201 | DR:1 | SLOT:C_MC | RSSI:-2 | SNR:8
1731958949s721:#####################FRAGDECODER PROCESS

.... FRAG_DECODER in Progress ....
EXPECTED   : 052 Fragments (02028 Bytes)
RECEIVED   : 046 Fragments
             01794 Bytes
LOST       : 000 Fragments

1731958949s726:RX_C on freq 869525000 Hz at DR 1
1731958949s727:#############OPENED CONTINUOUS RX C WINDOW
1731958961s752:MAC rxNotify
1731958961s752:NOTIFY
1731958961s752:MAC rxDone
1731958961s755:RXSLOT
1731958961s755:value of rxport: 201
###### D/L FRAME:0046 | PORT:201 | DR:1 | SLOT:C_MC | RSSI:-2 | SNR:8
1731958961s755:#####################FRAGDECODER PROCESS

.... FRAG_DECODER in Progress ....
EXPECTED   : 052 Fragments (02028 Bytes)
RECEIVED   : 047 Fragments
             01833 Bytes
LOST       : 000 Fragments

1731958961s760:RX_C on freq 869525000 Hz at DR 1
1731958961s761:#############OPENED CONTINUOUS RX C WINDOW
1731958972s787:MAC rxNotify
1731958972s787:NOTIFY
1731958972s787:MAC rxDone
1731958972s791:RXSLOT
1731958972s791:value of rxport: 201
###### D/L FRAME:0047 | PORT:201 | DR:1 | SLOT:C_MC | RSSI:-2 | SNR:8
1731958972s791:#####################FRAGDECODER PROCESS

.... FRAG_DECODER in Progress ....
EXPECTED   : 052 Fragments (02028 Bytes)
RECEIVED   : 048 Fragments
             01872 Bytes
LOST       : 000 Fragments

1731958972s795:RX_C on freq 869525000 Hz at DR 1
1731958972s796:#############OPENED CONTINUOUS RX C WINDOW
1731958983s813:MAC rxNotify
1731958983s813:NOTIFY
1731958983s813:MAC rxDone
1731958983s816:RXSLOT
1731958983s816:value of rxport: 201
###### D/L FRAME:0048 | PORT:201 | DR:1 | SLOT:C_MC | RSSI:-2 | SNR:9
1731958983s816:#####################FRAGDECODER PROCESS

.... FRAG_DECODER in Progress ....
EXPECTED   : 052 Fragments (02028 Bytes)
RECEIVED   : 049 Fragments
             01911 Bytes
LOST       : 000 Fragments

1731958983s821:RX_C on freq 869525000 Hz at DR 1
1731958983s822:#############OPENED CONTINUOUS RX C WINDOW
1731958994s850:MAC rxNotify
1731958994s850:NOTIFY
1731958994s850:MAC rxDone
1731958994s853:RXSLOT
1731958994s853:value of rxport: 201
###### D/L FRAME:0049 | PORT:201 | DR:1 | SLOT:C_MC | RSSI:-1 | SNR:9
1731958994s853:#####################FRAGDECODER PROCESS

.... FRAG_DECODER in Progress ....
EXPECTED   : 052 Fragments (02028 Bytes)
RECEIVED   : 050 Fragments
             01950 Bytes
LOST       : 000 Fragments

1731958994s858:RX_C on freq 869525000 Hz at DR 1
1731958994s859:#############OPENED CONTINUOUS RX C WINDOW
1731959005s885:MAC rxNotify
1731959005s885:NOTIFY
1731959005s885:MAC rxDone
1731959005s888:RXSLOT
1731959005s888:value of rxport: 201
###### D/L FRAME:0050 | PORT:201 | DR:1 | SLOT:C_MC | RSSI:-1 | SNR:8
1731959005s888:#####################FRAGDECODER PROCESS

.... FRAG_DECODER in Progress ....
EXPECTED   : 052 Fragments (02028 Bytes)
RECEIVED   : 051 Fragments
             01989 Bytes
LOST       : 000 Fragments

1731959005s893:RX_C on freq 869525000 Hz at DR 1
1731959005s894:#############OPENED CONTINUOUS RX C WINDOW
1731959016s910:MAC rxNotify
1731959016s911:NOTIFY
1731959016s911:MAC rxDone
1731959016s914:RXSLOT
1731959016s914:value of rxport: 201
###### D/L FRAME:0051 | PORT:201 | DR:1 | SLOT:C_MC | RSSI:-1 | SNR:8
1731959016s914:#####################FRAGDECODER PROCESS

.... FRAG_DECODER in Progress ....
EXPECTED   : 052 Fragments (02028 Bytes)
RECEIVED   : 052 Fragments
             02028 Bytes
LOST       : 000 Fragments


.... FRAG_DECODER Finished ....
STATUS     : 0
1731959016s915:ALL FRAGMENTS RECEIVED

= [SBOOT] System Security Check successfully passed. Starting...


======================================================================
=              (C) COPYRIGHT 2017 STMicroelectronics                 =
=                                                                    =
=              Secure Boot and Secure Firmware Update                =
======================================================================


= [SBOOT] SECURE ENGINE INITIALIZATION SUCCESSFUL
= [SBOOT] STATE: CHECK STATUS ON RESET
	  INFO: A Reboot has been triggered by a Software reset!
= [SBOOT] STATE: CHECK NEW FIRMWARE TO DOWNLOAD
= [SBOOT] STATE: CHECK KMS BLOB TO INSTALL
= [SBOOT] STATE: CHECK USER FW STATUS
	  A FW is detected in the slot SLOT_ACTIVE_1
= [SBOOT] STATE: VERIFY USER FW SIGNATURE
= [SBOOT] STATE: EXECUTE USER FIRMWAREAPPLICATION_VERSION: V1.3.0
MW_LORAWAN_VERSION:  V2.5.0
MW_RADIO_VERSION:    V1.3.0
L2_SPEC_VERSION:     V1.0.4
RP_SPEC_VERSION:     V2-1.0.1
NVM DATA RESTORED
###### AppKey:      2B:7E:15:16:28:AE:D2:A6:AB:F7:15:88:09:CF:4F:3C
###### NwkKey:      2B:7E:15:16:28:AE:D2:A6:AB:F7:15:88:09:CF:4F:3C
###### AppSKey:     18:73:4E:57:1A:B0:0A:10:28:D3:4F:38:F9:72:CF:DC
###### NwkSKey:     EB:A3:9B:B9:61:B8:D3:C9:93:1E:D0:06:2F:F3:8F:47
###### DevEUI:      00:80:E1:15:05:AB:D0:6C
###### AppEUI:      01:01:01:01:01:01:01:01
###### DevAddr:     05:AB:D0:6C
###### KMS ENABLED