BulkCommAppMulticast:main(): Using policy 4
+0.000000000s -1 BulkCommAppMulticast:main(): Using position: Fixed
+0.000000000s -1 BulkCommAppMulticast:main(): Add STA in ( 0 , -0 , 0 ) STA0
+0.000000000s -1 BulkCommAppMulticast:main(): Add GW in ( 0 , 0 , 0 ) GW1
+0.000000000s -1 LoraPhy:SetChannel(0x5c57fcb0dd60, 0x5c57fcad5880)
+0.000000000s -1 LoraPhy:SetDevice(0x5c57fcb0dd60, 0x5c57fcb0d9a0)
+0.000000000s -1 ObjectCommApplicationMulticast:ObjectCommApplicationMulticast()
+0.000000000s -1 ObjectCommApplicationMulticast:PrintLastUpdateTime(): Last update: 0 s.
+0.000000000s -1 ObjectCommApplicationMulticast:SetMCR(0)
+0.000000000s -1 ObjectCommApplicationMulticast:SetMCR(): CR is set to 0
+0.000000000s -1 ObjectCommApplicationMulticast:SetMinDelayReTx(30)
+0.000000000s -1 LoraPhy:SetChannel(0x5c57fcb0f020, 0x5c57fcad5880)
+0.000000000s -1 LoraPhy:SetDevice(0x5c57fcb0f020, 0x5c57fcb0ef20)
+0.000000000s -1 LorawanMacHelper:SetSpreadingFactorsUp(): STA0 linked to GW1 SF 5
+0.000000000s -1 BulkCommAppMulticast:main(): SF INFO: 
+0.000000000s -1 BulkCommAppMulticast:main(): SF INFO 0 1
+0.000000000s -1 BulkCommAppMulticast:main(): SF INFO 1 0
+0.000000000s -1 BulkCommAppMulticast:main(): SF INFO 2 0
+0.000000000s -1 BulkCommAppMulticast:main(): SF INFO 3 0
+0.000000000s -1 BulkCommAppMulticast:main(): SF INFO 4 0
+0.000000000s -1 BulkCommAppMulticast:main(): SF INFO 5 0
+0.000000000s -1 BulkCommAppMulticast:main(): SF INFO 6 0
+0.000000000s -1 BulkCommAppMulticast:logEnergy(): Total energy: 0
+10.000000000s 0 ObjectCommApplicationMulticast:StartApplication()
+10.000000000s 0 ObjectCommApplicationMulticast:PeriodicUpdateScheduler(0x5c57fcb0ecc0)
+10.000000000s 0 ObjectCommApplicationMulticast:PeriodicUpdateScheduler(): Periodic scheduler, already started? false schedule next check after 86400 seconds. current age: 10
+10.000000000s 0 ObjectCommApplicationMulticast:SendMulticastInitRequest(0x5c57fcb0ecc0)
+10.000000000s 0 ObjectCommApplicationMulticast:SendMulticastInitRequest(): Send age: 0 0
+10.000000000s 0 LoraPhy:GetOnAirTime(0x5c57fcb134a0, SF: 7, headerDisabled: false, codingRate: 1, bandwidthHz: 125000, nPreamble: 8, crcEnabled: true, lowDataRateOptimizationEnabled: false))
Packet of size 14 bytes
+10.000000000s 0 LoraPhy:GetOnAirTime(): Time computation: num = 128, den = 28, payloadSymbNb = 33, tSym = 0.001024 crc = 1 CR = 1
+10.000000000s 0 LoraPhy:GetOnAirTime(): tPreamble = 0.012544
+10.000000000s 0 LoraPhy:GetOnAirTime(): tPayload = 0.033792
+10.000000000s 0 LoraPhy:GetOnAirTime(): Total time = 0.046336
+10.000000000s 0 LoraPhy:GetMobility()
+10.000000000s 0 LoraPhy:GetMobility()
+10.000000000s 0 LoraPhy:GetOnAirTime(0x5c57fcb134a0, SF: 7, headerDisabled: false, codingRate: 1, bandwidthHz: 125000, nPreamble: 8, crcEnabled: true, lowDataRateOptimizationEnabled: false))
Packet of size 14 bytes
+10.000000000s 0 LoraPhy:GetOnAirTime(): Time computation: num = 128, den = 28, payloadSymbNb = 33, tSym = 0.001024 crc = 1 CR = 1
+10.000000000s 0 LoraPhy:GetOnAirTime(): tPreamble = 0.012544
+10.000000000s 0 LoraPhy:GetOnAirTime(): tPayload = 0.033792
+10.000000000s 0 LoraPhy:GetOnAirTime(): Total time = 0.046336
+10.046336176s 2 NetworkControllerComponent:SwitchToState(): Network server switch state to 1
+12.046336010s 0 ClassAEndDeviceLorawanMac:OpenSecondReceiveWindow(): Using parameters: 869.525Hz, DR0
+12.308480010s 0 ObjectCommApplicationMulticast:callbackCheckEndTx(): Finished Tx, device: 0110110|0000000000000011101001000 success: false total: 0 first attempt: +1e+10ns fcnt: 1 FPort: 28
+20.000000000s -1 BulkCommAppMulticast:logEnergy(): Total energy: 0.135483
+40.000000000s 0 ObjectCommApplicationMulticast:SendMulticastInitRequest(0x5c57fcb0ecc0)
+40.000000000s 0 ObjectCommApplicationMulticast:SendMulticastInitRequest(): Send age: 30 30
+40.000000000s 0 LoraPhy:GetOnAirTime(0x5c57fcabb5b0, SF: 7, headerDisabled: false, codingRate: 1, bandwidthHz: 125000, nPreamble: 8, crcEnabled: true, lowDataRateOptimizationEnabled: false))
Packet of size 14 bytes
+40.000000000s 0 LoraPhy:GetOnAirTime(): Time computation: num = 128, den = 28, payloadSymbNb = 33, tSym = 0.001024 crc = 1 CR = 1
+40.000000000s 0 LoraPhy:GetOnAirTime(): tPreamble = 0.012544
+40.000000000s 0 LoraPhy:GetOnAirTime(): tPayload = 0.033792
+40.000000000s 0 LoraPhy:GetOnAirTime(): Total time = 0.046336
+40.000000000s 0 LoraPhy:GetMobility()
+40.000000000s 0 LoraPhy:GetMobility()
+40.000000000s 0 LoraPhy:GetOnAirTime(0x5c57fcabb5b0, SF: 7, headerDisabled: false, codingRate: 1, bandwidthHz: 125000, nPreamble: 8, crcEnabled: true, lowDataRateOptimizationEnabled: false))
Packet of size 14 bytes
+40.000000000s 0 LoraPhy:GetOnAirTime(): Time computation: num = 128, den = 28, payloadSymbNb = 33, tSym = 0.001024 crc = 1 CR = 1
+40.000000000s 0 LoraPhy:GetOnAirTime(): tPreamble = 0.012544
+40.000000000s 0 LoraPhy:GetOnAirTime(): tPayload = 0.033792
+40.000000000s 0 LoraPhy:GetOnAirTime(): Total time = 0.046336
+40.000000000s -1 BulkCommAppMulticast:logEnergy(): Total energy: 0.426244
+42.046336010s 0 ClassAEndDeviceLorawanMac:OpenSecondReceiveWindow(): Using parameters: 869.525Hz, DR0
+42.308480010s 0 ObjectCommApplicationMulticast:callbackCheckEndTx(): Finished Tx, device: 0110110|0000000000000011101001000 success: false total: 0 first attempt: +4e+10ns fcnt: 2 FPort: 28
+50.000000000s -1 BulkCommAppMulticast:logEnergy(): Total energy: 0.456728
+70.000000000s 0 ObjectCommApplicationMulticast:SendMulticastInitRequest(0x5c57fcb0ecc0)
+70.000000000s 0 ObjectCommApplicationMulticast:SendMulticastInitRequest(): Send age: 60 60
+70.000000000s 0 LoraPhy:GetOnAirTime(0x5c57fcb13570, SF: 7, headerDisabled: false, codingRate: 1, bandwidthHz: 125000, nPreamble: 8, crcEnabled: true, lowDataRateOptimizationEnabled: false))
Packet of size 14 bytes
+70.000000000s 0 LoraPhy:GetOnAirTime(): Time computation: num = 128, den = 28, payloadSymbNb = 33, tSym = 0.001024 crc = 1 CR = 1
+70.000000000s 0 LoraPhy:GetOnAirTime(): tPreamble = 0.012544
+70.000000000s 0 LoraPhy:GetOnAirTime(): tPayload = 0.033792
+70.000000000s 0 LoraPhy:GetOnAirTime(): Total time = 0.046336
+70.000000000s 0 LoraPhy:GetMobility()
+70.000000000s 0 LoraPhy:GetMobility()
+70.000000000s 0 LoraPhy:GetOnAirTime(0x5c57fcb13570, SF: 7, headerDisabled: false, codingRate: 1, bandwidthHz: 125000, nPreamble: 8, crcEnabled: true, lowDataRateOptimizationEnabled: false))
Packet of size 14 bytes
+70.000000000s 0 LoraPhy:GetOnAirTime(): Time computation: num = 128, den = 28, payloadSymbNb = 33, tSym = 0.001024 crc = 1 CR = 1
+70.000000000s 0 LoraPhy:GetOnAirTime(): tPreamble = 0.012544
+70.000000000s 0 LoraPhy:GetOnAirTime(): tPayload = 0.033792
+70.000000000s 0 LoraPhy:GetOnAirTime(): Total time = 0.046336
+70.000000000s -1 BulkCommAppMulticast:logEnergy(): Total energy: 0.747489
+72.046336010s 0 ClassAEndDeviceLorawanMac:OpenSecondReceiveWindow(): Using parameters: 869.525Hz, DR0
+72.308480010s 0 ObjectCommApplicationMulticast:callbackCheckEndTx(): Finished Tx, device: 0110110|0000000000000011101001000 success: false total: 0 first attempt: +7e+10ns fcnt: 3 FPort: 28
+80.000000000s -1 BulkCommAppMulticast:logEnergy(): Total energy: 0.777972
+100.000000000s 0 ObjectCommApplicationMulticast:SendMulticastInitRequest(0x5c57fcb0ecc0)
+100.000000000s 0 ObjectCommApplicationMulticast:SendMulticastInitRequest(): Send age: 90 90
+100.000000000s 0 LoraPhy:GetOnAirTime(0x5c57fcb13710, SF: 7, headerDisabled: false, codingRate: 1, bandwidthHz: 125000, nPreamble: 8, crcEnabled: true, lowDataRateOptimizationEnabled: false))
Packet of size 14 bytes
+100.000000000s 0 LoraPhy:GetOnAirTime(): Time computation: num = 128, den = 28, payloadSymbNb = 33, tSym = 0.001024 crc = 1 CR = 1
+100.000000000s 0 LoraPhy:GetOnAirTime(): tPreamble = 0.012544
+100.000000000s 0 LoraPhy:GetOnAirTime(): tPayload = 0.033792
+100.000000000s 0 LoraPhy:GetOnAirTime(): Total time = 0.046336
+100.000000000s 0 LoraPhy:GetMobility()
+100.000000000s 0 LoraPhy:GetMobility()
+100.000000000s 0 LoraPhy:GetOnAirTime(0x5c57fcb13710, SF: 7, headerDisabled: false, codingRate: 1, bandwidthHz: 125000, nPreamble: 8, crcEnabled: true, lowDataRateOptimizationEnabled: false))
Packet of size 14 bytes
+100.000000000s 0 LoraPhy:GetOnAirTime(): Time computation: num = 128, den = 28, payloadSymbNb = 33, tSym = 0.001024 crc = 1 CR = 1
+100.000000000s 0 LoraPhy:GetOnAirTime(): tPreamble = 0.012544
+100.000000000s 0 LoraPhy:GetOnAirTime(): tPayload = 0.033792
+100.000000000s 0 LoraPhy:GetOnAirTime(): Total time = 0.046336
+100.000000000s -1 BulkCommAppMulticast:logEnergy(): Total energy: 1.06873
+102.046336010s 0 ClassAEndDeviceLorawanMac:OpenSecondReceiveWindow(): Using parameters: 869.525Hz, DR0
+102.308480010s 0 ObjectCommApplicationMulticast:callbackCheckEndTx(): Finished Tx, device: 0110110|0000000000000011101001000 success: false total: 0 first attempt: +1e+11ns fcnt: 4 FPort: 28
+110.000000000s -1 BulkCommAppMulticast:logEnergy(): Total energy: 1.09922
+130.000000000s 0 ObjectCommApplicationMulticast:SendMulticastInitRequest(0x5c57fcb0ecc0)
+130.000000000s 0 ObjectCommApplicationMulticast:SendMulticastInitRequest(): Send age: 120 120
+130.000000000s 0 LoraPhy:GetOnAirTime(0x5c57fcb13870, SF: 7, headerDisabled: false, codingRate: 1, bandwidthHz: 125000, nPreamble: 8, crcEnabled: true, lowDataRateOptimizationEnabled: false))
Packet of size 14 bytes
+130.000000000s 0 LoraPhy:GetOnAirTime(): Time computation: num = 128, den = 28, payloadSymbNb = 33, tSym = 0.001024 crc = 1 CR = 1
+130.000000000s 0 LoraPhy:GetOnAirTime(): tPreamble = 0.012544
+130.000000000s 0 LoraPhy:GetOnAirTime(): tPayload = 0.033792
+130.000000000s 0 LoraPhy:GetOnAirTime(): Total time = 0.046336
+130.000000000s 0 LoraPhy:GetMobility()
+130.000000000s 0 LoraPhy:GetMobility()
+130.000000000s 0 LoraPhy:GetOnAirTime(0x5c57fcb13870, SF: 7, headerDisabled: false, codingRate: 1, bandwidthHz: 125000, nPreamble: 8, crcEnabled: true, lowDataRateOptimizationEnabled: false))
Packet of size 14 bytes
+130.000000000s 0 LoraPhy:GetOnAirTime(): Time computation: num = 128, den = 28, payloadSymbNb = 33, tSym = 0.001024 crc = 1 CR = 1
+130.000000000s 0 LoraPhy:GetOnAirTime(): tPreamble = 0.012544
+130.000000000s 0 LoraPhy:GetOnAirTime(): tPayload = 0.033792
+130.000000000s 0 LoraPhy:GetOnAirTime(): Total time = 0.046336
+130.000000000s -1 BulkCommAppMulticast:logEnergy(): Total energy: 1.38998
+132.046336010s 0 ClassAEndDeviceLorawanMac:OpenSecondReceiveWindow(): Using parameters: 869.525Hz, DR0
+132.308480010s 0 ObjectCommApplicationMulticast:callbackCheckEndTx(): Finished Tx, device: 0110110|0000000000000011101001000 success: false total: 0 first attempt: +1.3e+11ns fcnt: 5 FPort: 28
+140.000000000s -1 BulkCommAppMulticast:logEnergy(): Total energy: 1.42046
+160.000000000s 0 ObjectCommApplicationMulticast:SendMulticastInitRequest(0x5c57fcb0ecc0)
+160.000000000s 0 ObjectCommApplicationMulticast:SendMulticastInitRequest(): Send age: 150 150
+160.000000000s 0 LoraPhy:GetOnAirTime(0x5c57fcb13c20, SF: 7, headerDisabled: false, codingRate: 1, bandwidthHz: 125000, nPreamble: 8, crcEnabled: true, lowDataRateOptimizationEnabled: false))
Packet of size 14 bytes
+160.000000000s 0 LoraPhy:GetOnAirTime(): Time computation: num = 128, den = 28, payloadSymbNb = 33, tSym = 0.001024 crc = 1 CR = 1
+160.000000000s 0 LoraPhy:GetOnAirTime(): tPreamble = 0.012544
+160.000000000s 0 LoraPhy:GetOnAirTime(): tPayload = 0.033792
+160.000000000s 0 LoraPhy:GetOnAirTime(): Total time = 0.046336
+160.000000000s 0 LoraPhy:GetMobility()
+160.000000000s 0 LoraPhy:GetMobility()
+160.000000000s 0 LoraPhy:GetOnAirTime(0x5c57fcb13c20, SF: 7, headerDisabled: false, codingRate: 1, bandwidthHz: 125000, nPreamble: 8, crcEnabled: true, lowDataRateOptimizationEnabled: false))
Packet of size 14 bytes
+160.000000000s 0 LoraPhy:GetOnAirTime(): Time computation: num = 128, den = 28, payloadSymbNb = 33, tSym = 0.001024 crc = 1 CR = 1
+160.000000000s 0 LoraPhy:GetOnAirTime(): tPreamble = 0.012544
+160.000000000s 0 LoraPhy:GetOnAirTime(): tPayload = 0.033792
+160.000000000s 0 LoraPhy:GetOnAirTime(): Total time = 0.046336
+160.000000000s -1 BulkCommAppMulticast:logEnergy(): Total energy: 1.71122
+162.046336010s 0 ClassAEndDeviceLorawanMac:OpenSecondReceiveWindow(): Using parameters: 869.525Hz, DR0
+162.308480010s 0 ObjectCommApplicationMulticast:callbackCheckEndTx(): Finished Tx, device: 0110110|0000000000000011101001000 success: false total: 0 first attempt: +1.6e+11ns fcnt: 6 FPort: 28
+170.000000000s -1 BulkCommAppMulticast:logEnergy(): Total energy: 1.7417
+190.000000000s 0 ObjectCommApplicationMulticast:SendMulticastInitRequest(0x5c57fcb0ecc0)
+190.000000000s 0 ObjectCommApplicationMulticast:SendMulticastInitRequest(): Send age: 180 180
+190.000000000s 0 LoraPhy:GetOnAirTime(0x5c57fcb13f20, SF: 7, headerDisabled: false, codingRate: 1, bandwidthHz: 125000, nPreamble: 8, crcEnabled: true, lowDataRateOptimizationEnabled: false))
Packet of size 14 bytes
+190.000000000s 0 LoraPhy:GetOnAirTime(): Time computation: num = 128, den = 28, payloadSymbNb = 33, tSym = 0.001024 crc = 1 CR = 1
+190.000000000s 0 LoraPhy:GetOnAirTime(): tPreamble = 0.012544
+190.000000000s 0 LoraPhy:GetOnAirTime(): tPayload = 0.033792
+190.000000000s 0 LoraPhy:GetOnAirTime(): Total time = 0.046336
+190.000000000s 0 LoraPhy:GetMobility()
+190.000000000s 0 LoraPhy:GetMobility()
+190.000000000s 0 LoraPhy:GetOnAirTime(0x5c57fcb13f20, SF: 7, headerDisabled: false, codingRate: 1, bandwidthHz: 125000, nPreamble: 8, crcEnabled: true, lowDataRateOptimizationEnabled: false))
Packet of size 14 bytes
+190.000000000s 0 LoraPhy:GetOnAirTime(): Time computation: num = 128, den = 28, payloadSymbNb = 33, tSym = 0.001024 crc = 1 CR = 1
+190.000000000s 0 LoraPhy:GetOnAirTime(): tPreamble = 0.012544
+190.000000000s 0 LoraPhy:GetOnAirTime(): tPayload = 0.033792
+190.000000000s 0 LoraPhy:GetOnAirTime(): Total time = 0.046336
+190.000000000s -1 BulkCommAppMulticast:logEnergy(): Total energy: 2.03247
+192.046336010s 0 ClassAEndDeviceLorawanMac:OpenSecondReceiveWindow(): Using parameters: 869.525Hz, DR0
+192.308480010s 0 ObjectCommApplicationMulticast:callbackCheckEndTx(): Finished Tx, device: 0110110|0000000000000011101001000 success: false total: 0 first attempt: +1.9e+11ns fcnt: 7 FPort: 28
+200.000000000s -1 BulkCommAppMulticast:logEnergy(): Total energy: 2.06295
+220.000000000s 0 ObjectCommApplicationMulticast:SendMulticastInitRequest(0x5c57fcb0ecc0)
+220.000000000s 0 ObjectCommApplicationMulticast:SendMulticastInitRequest(): Send age: 210 210
+220.000000000s 0 LoraPhy:GetOnAirTime(0x5c57fcb14220, SF: 7, headerDisabled: false, codingRate: 1, bandwidthHz: 125000, nPreamble: 8, crcEnabled: true, lowDataRateOptimizationEnabled: false))
Packet of size 14 bytes
+220.000000000s 0 LoraPhy:GetOnAirTime(): Time computation: num = 128, den = 28, payloadSymbNb = 33, tSym = 0.001024 crc = 1 CR = 1
+220.000000000s 0 LoraPhy:GetOnAirTime(): tPreamble = 0.012544
+220.000000000s 0 LoraPhy:GetOnAirTime(): tPayload = 0.033792
+220.000000000s 0 LoraPhy:GetOnAirTime(): Total time = 0.046336
+220.000000000s 0 LoraPhy:GetMobility()
+220.000000000s 0 LoraPhy:GetMobility()
+220.000000000s 0 LoraPhy:GetOnAirTime(0x5c57fcb14220, SF: 7, headerDisabled: false, codingRate: 1, bandwidthHz: 125000, nPreamble: 8, crcEnabled: true, lowDataRateOptimizationEnabled: false))
Packet of size 14 bytes
+220.000000000s 0 LoraPhy:GetOnAirTime(): Time computation: num = 128, den = 28, payloadSymbNb = 33, tSym = 0.001024 crc = 1 CR = 1
+220.000000000s 0 LoraPhy:GetOnAirTime(): tPreamble = 0.012544
+220.000000000s 0 LoraPhy:GetOnAirTime(): tPayload = 0.033792
+220.000000000s 0 LoraPhy:GetOnAirTime(): Total time = 0.046336
+220.000000000s -1 BulkCommAppMulticast:logEnergy(): Total energy: 2.35371
+222.046336010s 0 ClassAEndDeviceLorawanMac:OpenSecondReceiveWindow(): Using parameters: 869.525Hz, DR0
+222.308480010s 0 ObjectCommApplicationMulticast:callbackCheckEndTx(): Finished Tx, device: 0110110|0000000000000011101001000 success: false total: 0 first attempt: +2.2e+11ns fcnt: 8 FPort: 28
+230.000000000s -1 BulkCommAppMulticast:logEnergy(): Total energy: 2.38419
+250.000000000s 0 ObjectCommApplicationMulticast:SendMulticastInitRequest(0x5c57fcb0ecc0)
+250.000000000s 0 ObjectCommApplicationMulticast:SendMulticastInitRequest(): Send age: 240 240
+250.000000000s 0 LoraPhy:GetOnAirTime(0x5c57fcb14520, SF: 7, headerDisabled: false, codingRate: 1, bandwidthHz: 125000, nPreamble: 8, crcEnabled: true, lowDataRateOptimizationEnabled: false))
Packet of size 14 bytes
+250.000000000s 0 LoraPhy:GetOnAirTime(): Time computation: num = 128, den = 28, payloadSymbNb = 33, tSym = 0.001024 crc = 1 CR = 1
+250.000000000s 0 LoraPhy:GetOnAirTime(): tPreamble = 0.012544
+250.000000000s 0 LoraPhy:GetOnAirTime(): tPayload = 0.033792
+250.000000000s 0 LoraPhy:GetOnAirTime(): Total time = 0.046336
+250.000000000s 0 LoraPhy:GetMobility()
+250.000000000s 0 LoraPhy:GetMobility()
+250.000000000s 0 LoraPhy:GetOnAirTime(0x5c57fcb14520, SF: 7, headerDisabled: false, codingRate: 1, bandwidthHz: 125000, nPreamble: 8, crcEnabled: true, lowDataRateOptimizationEnabled: false))
Packet of size 14 bytes
+250.000000000s 0 LoraPhy:GetOnAirTime(): Time computation: num = 128, den = 28, payloadSymbNb = 33, tSym = 0.001024 crc = 1 CR = 1
+250.000000000s 0 LoraPhy:GetOnAirTime(): tPreamble = 0.012544
+250.000000000s 0 LoraPhy:GetOnAirTime(): tPayload = 0.033792
+250.000000000s 0 LoraPhy:GetOnAirTime(): Total time = 0.046336
+250.000000000s -1 BulkCommAppMulticast:logEnergy(): Total energy: 2.67495
+252.046336010s 0 ClassAEndDeviceLorawanMac:OpenSecondReceiveWindow(): Using parameters: 869.525Hz, DR0
+252.308480010s 0 ObjectCommApplicationMulticast:callbackCheckEndTx(): Finished Tx, device: 0110110|0000000000000011101001000 success: false total: 0 first attempt: +2.5e+11ns fcnt: 9 FPort: 28
+260.000000000s -1 BulkCommAppMulticast:logEnergy(): Total energy: 2.70544
+280.000000000s 0 ObjectCommApplicationMulticast:SendMulticastInitRequest(0x5c57fcb0ecc0)
+280.000000000s 0 ObjectCommApplicationMulticast:SendMulticastInitRequest(): Send age: 270 270
+280.000000000s 0 LoraPhy:GetOnAirTime(0x5c57fcb14820, SF: 7, headerDisabled: false, codingRate: 1, bandwidthHz: 125000, nPreamble: 8, crcEnabled: true, lowDataRateOptimizationEnabled: false))
Packet of size 14 bytes
+280.000000000s 0 LoraPhy:GetOnAirTime(): Time computation: num = 128, den = 28, payloadSymbNb = 33, tSym = 0.001024 crc = 1 CR = 1
+280.000000000s 0 LoraPhy:GetOnAirTime(): tPreamble = 0.012544
+280.000000000s 0 LoraPhy:GetOnAirTime(): tPayload = 0.033792
+280.000000000s 0 LoraPhy:GetOnAirTime(): Total time = 0.046336
+280.000000000s 0 LoraPhy:GetMobility()
+280.000000000s 0 LoraPhy:GetMobility()
+280.000000000s 0 LoraPhy:GetOnAirTime(0x5c57fcb14820, SF: 7, headerDisabled: false, codingRate: 1, bandwidthHz: 125000, nPreamble: 8, crcEnabled: true, lowDataRateOptimizationEnabled: false))
Packet of size 14 bytes
+280.000000000s 0 LoraPhy:GetOnAirTime(): Time computation: num = 128, den = 28, payloadSymbNb = 33, tSym = 0.001024 crc = 1 CR = 1
+280.000000000s 0 LoraPhy:GetOnAirTime(): tPreamble = 0.012544
+280.000000000s 0 LoraPhy:GetOnAirTime(): tPayload = 0.033792
+280.000000000s 0 LoraPhy:GetOnAirTime(): Total time = 0.046336
+280.000000000s -1 BulkCommAppMulticast:logEnergy(): Total energy: 2.9962
+282.046336010s 0 ClassAEndDeviceLorawanMac:OpenSecondReceiveWindow(): Using parameters: 869.525Hz, DR0
+282.308480010s 0 ObjectCommApplicationMulticast:callbackCheckEndTx(): Finished Tx, device: 0110110|0000000000000011101001000 success: false total: 0 first attempt: +2.8e+11ns fcnt: 10 FPort: 28
+290.000000000s -1 BulkCommAppMulticast:logEnergy(): Total energy: 3.02668
+300.000000000s -1 BulkCommAppMulticast:logEnergy(): Total energy: 3.02668
+310.000000000s 0 ObjectCommApplicationMulticast:SendMulticastInitRequest(0x5c57fcb0ecc0)
+310.000000000s 0 ObjectCommApplicationMulticast:SendMulticastInitRequest(): Send age: 300 300
+310.000000000s 0 LoraPhy:GetOnAirTime(0x5c57fcb14b20, SF: 7, headerDisabled: false, codingRate: 1, bandwidthHz: 125000, nPreamble: 8, crcEnabled: true, lowDataRateOptimizationEnabled: false))
Packet of size 14 bytes
+310.000000000s 0 LoraPhy:GetOnAirTime(): Time computation: num = 128, den = 28, payloadSymbNb = 33, tSym = 0.001024 crc = 1 CR = 1
+310.000000000s 0 LoraPhy:GetOnAirTime(): tPreamble = 0.012544
+310.000000000s 0 LoraPhy:GetOnAirTime(): tPayload = 0.033792
+310.000000000s 0 LoraPhy:GetOnAirTime(): Total time = 0.046336
+310.000000000s 0 LoraPhy:GetMobility()
+310.000000000s 0 LoraPhy:GetMobility()
+310.000000000s 0 LoraPhy:GetOnAirTime(0x5c57fcb14b20, SF: 7, headerDisabled: false, codingRate: 1, bandwidthHz: 125000, nPreamble: 8, crcEnabled: true, lowDataRateOptimizationEnabled: false))
Packet of size 14 bytes
+310.000000000s 0 LoraPhy:GetOnAirTime(): Time computation: num = 128, den = 28, payloadSymbNb = 33, tSym = 0.001024 crc = 1 CR = 1
+310.000000000s 0 LoraPhy:GetOnAirTime(): tPreamble = 0.012544
+310.000000000s 0 LoraPhy:GetOnAirTime(): tPayload = 0.033792
+310.000000000s 0 LoraPhy:GetOnAirTime(): Total time = 0.046336
+310.000000000s -1 BulkCommAppMulticast:logEnergy(): Total energy: 3.31744
+310.046336176s 2 NetworkControllerComponent:SwitchToState(): Network server switch state to 2
+310.046336176s 2 NetworkControllerComponent:SelectParamsForBroadcast(): Make multicast using DR: 6.9527e-310 with freq: 869.525
+310.046336176s 2 NetworkControllerComponent:EmitObject(): Start emitting now
+310.046336176s 2 NetworkControllerComponent:EmitObject(): Start round 1
+310.046336176s 2 NetworkControllerComponent:EmitObject(): With PLSIZE 107 and 19
+310.046336176s 2 NetworkControllerComponent:EmitObject(): nb fragments no red: 19 with CR=0, nb fragments =19
+310.046336176s 2 NetworkControllerComponent:EmitObject(): Schedule SendThroughGW in 610.046 s, tot=0/18 DR: 3 Freq: 869.525 pl size: 107
+310.046336176s 2 NetworkControllerComponent:EmitObject(): Schedule SendThroughGW in 610.046 s, tot=1/18 DR: 3 Freq: 869.525 pl size: 107
+310.046336176s 2 NetworkControllerComponent:EmitObject(): Schedule SendThroughGW in 610.046 s, tot=2/18 DR: 3 Freq: 869.525 pl size: 107
+310.046336176s 2 NetworkControllerComponent:EmitObject(): Schedule SendThroughGW in 610.046 s, tot=3/18 DR: 3 Freq: 869.525 pl size: 107
+310.046336176s 2 NetworkControllerComponent:EmitObject(): Schedule SendThroughGW in 610.046 s, tot=4/18 DR: 3 Freq: 869.525 pl size: 107
+310.046336176s 2 NetworkControllerComponent:EmitObject(): Schedule SendThroughGW in 610.046 s, tot=5/18 DR: 3 Freq: 869.525 pl size: 107
+310.046336176s 2 NetworkControllerComponent:EmitObject(): Schedule SendThroughGW in 610.046 s, tot=6/18 DR: 3 Freq: 869.525 pl size: 107
+310.046336176s 2 NetworkControllerComponent:EmitObject(): Schedule SendThroughGW in 610.046 s, tot=7/18 DR: 3 Freq: 869.525 pl size: 107
+310.046336176s 2 NetworkControllerComponent:EmitObject(): Schedule SendThroughGW in 610.046 s, tot=8/18 DR: 3 Freq: 869.525 pl size: 107
+310.046336176s 2 NetworkControllerComponent:EmitObject(): Schedule SendThroughGW in 610.046 s, tot=9/18 DR: 3 Freq: 869.525 pl size: 107
+310.046336176s 2 NetworkControllerComponent:EmitObject(): Schedule SendThroughGW in 610.046 s, tot=10/18 DR: 3 Freq: 869.525 pl size: 107
+310.046336176s 2 NetworkControllerComponent:EmitObject(): Schedule SendThroughGW in 610.046 s, tot=11/18 DR: 3 Freq: 869.525 pl size: 107
+310.046336176s 2 NetworkControllerComponent:EmitObject(): Schedule SendThroughGW in 610.046 s, tot=12/18 DR: 3 Freq: 869.525 pl size: 107
+310.046336176s 2 NetworkControllerComponent:EmitObject(): Schedule SendThroughGW in 610.046 s, tot=13/18 DR: 3 Freq: 869.525 pl size: 107
+310.046336176s 2 NetworkControllerComponent:EmitObject(): Schedule SendThroughGW in 610.046 s, tot=14/18 DR: 3 Freq: 869.525 pl size: 107
+310.046336176s 2 NetworkControllerComponent:EmitObject(): Schedule SendThroughGW in 610.046 s, tot=15/18 DR: 3 Freq: 869.525 pl size: 107
+310.046336176s 2 NetworkControllerComponent:EmitObject(): Schedule SendThroughGW in 610.046 s, tot=16/18 DR: 3 Freq: 869.525 pl size: 107
+310.046336176s 2 NetworkControllerComponent:EmitObject(): Schedule SendThroughGW in 610.046 s, tot=17/18 DR: 3 Freq: 869.525 pl size: 107
+310.046336176s 2 NetworkControllerComponent:EmitObject(): Schedule SendThroughGW in 610.046 s, tot=18/18 DR: 3 Freq: 869.525 pl size: 107
+310.046336176s 2 NetworkControllerComponent:EmitObject(): Go back to init in 600seconds
+311.046336352s 1 LoraPhy:GetOnAirTime(0x5c57fcb15420, SF: 7, headerDisabled: false, codingRate: 1, bandwidthHz: 125000, nPreamble: 8, crcEnabled: true, lowDataRateOptimizationEnabled: false))
Packet of size 20 bytes
+311.046336352s 1 LoraPhy:GetOnAirTime(): Time computation: num = 176, den = 28, payloadSymbNb = 43, tSym = 0.001024 crc = 1 CR = 1
+311.046336352s 1 LoraPhy:GetOnAirTime(): tPreamble = 0.012544
+311.046336352s 1 LoraPhy:GetOnAirTime(): tPayload = 0.044032
+311.046336352s 1 LoraPhy:GetOnAirTime(): Total time = 0.056576
+311.046336352s 1 LoraPhy:GetOnAirTime(0x5c57fcb15420, SF: 7, headerDisabled: false, codingRate: 1, bandwidthHz: 125000, nPreamble: 8, crcEnabled: true, lowDataRateOptimizationEnabled: false))
Packet of size 20 bytes
+311.046336352s 1 LoraPhy:GetOnAirTime(): Time computation: num = 176, den = 28, payloadSymbNb = 43, tSym = 0.001024 crc = 1 CR = 1
+311.046336352s 1 LoraPhy:GetOnAirTime(): tPreamble = 0.012544
+311.046336352s 1 LoraPhy:GetOnAirTime(): tPayload = 0.044032
+311.046336352s 1 LoraPhy:GetOnAirTime(): Total time = 0.056576
+311.046336352s 1 LoraPhy:GetMobility()
+311.046336352s 1 LoraPhy:GetMobility()
+311.102912400s 0 ClassAEndDeviceLorawanMac:Receive(): Found a downlink packet.
+311.102912400s 0 ClassAEndDeviceLorawanMac:Receive(): The message is for us!
+311.102912400s 0 ObjectCommApplicationMulticast:callbackCheckEndTx(): Finished Tx, device: 0110110|0000000000000011101001000 success: true total: 0 first attempt: +3.1e+11ns fcnt: 11 FPort: 28
+311.102912400s 0 ObjectCommApplicationMulticast:ProcessFragSessionSetupReq(): Received pkt FRAGSETUP from 0110110|0000000000000011101001000
+311.102912400s 0 ObjectCommApplicationMulticast:ProcessFragSessionSetupReq(): ACK Frag setup: Object of 2033bytes, Nb fragments: 19 fragment Size: 110
+311.102912400s 0 ObjectCommApplicationMulticast:callbackReception(): Received ACK on 0110110|0000000000000011101001000 type: 0 multicastStarted: false FPort: 202
+311.602912400s 0 ObjectCommApplicationMulticast:SendClassCSetupRequest(): Send class C session request
+314.587264000s 0 LoraPhy:GetOnAirTime(0x5c57fcb15120, SF: 7, headerDisabled: false, codingRate: 1, bandwidthHz: 125000, nPreamble: 8, crcEnabled: true, lowDataRateOptimizationEnabled: false))
Packet of size 9 bytes
+314.587264000s 0 LoraPhy:GetOnAirTime(): Time computation: num = 88, den = 28, payloadSymbNb = 28, tSym = 0.001024 crc = 1 CR = 1
+314.587264000s 0 LoraPhy:GetOnAirTime(): tPreamble = 0.012544
+314.587264000s 0 LoraPhy:GetOnAirTime(): tPayload = 0.028672
+314.587264000s 0 LoraPhy:GetOnAirTime(): Total time = 0.041216
+314.587264000s 0 LoraPhy:GetMobility()
+314.587264000s 0 LoraPhy:GetMobility()
+314.587264000s 0 LoraPhy:GetOnAirTime(0x5c57fcb15120, SF: 7, headerDisabled: false, codingRate: 1, bandwidthHz: 125000, nPreamble: 8, crcEnabled: true, lowDataRateOptimizationEnabled: false))
Packet of size 9 bytes
+314.587264000s 0 LoraPhy:GetOnAirTime(): Time computation: num = 88, den = 28, payloadSymbNb = 28, tSym = 0.001024 crc = 1 CR = 1
+314.587264000s 0 LoraPhy:GetOnAirTime(): tPreamble = 0.012544
+314.587264000s 0 LoraPhy:GetOnAirTime(): tPayload = 0.028672
+314.587264000s 0 LoraPhy:GetOnAirTime(): Total time = 0.041216
+316.628480010s 0 ClassAEndDeviceLorawanMac:OpenSecondReceiveWindow(): Using parameters: 869.525Hz, DR0
+316.628480312s 1 LoraPhy:GetOnAirTime(0x5c57fcb158f0, SF: 12, headerDisabled: false, codingRate: 1, bandwidthHz: 125000, nPreamble: 8, crcEnabled: true, lowDataRateOptimizationEnabled: true))
Packet of size 20 bytes
+316.628480312s 1 LoraPhy:GetOnAirTime(): Time computation: num = 156, den = 40, payloadSymbNb = 28, tSym = 0.032768 crc = 1 CR = 1
+316.628480312s 1 LoraPhy:GetOnAirTime(): tPreamble = 0.401408
+316.628480312s 1 LoraPhy:GetOnAirTime(): tPayload = 0.917504
+316.628480312s 1 LoraPhy:GetOnAirTime(): Total time = 1.31891
+316.628480312s 1 LoraPhy:GetOnAirTime(0x5c57fcb158f0, SF: 12, headerDisabled: false, codingRate: 1, bandwidthHz: 125000, nPreamble: 8, crcEnabled: true, lowDataRateOptimizationEnabled: true))
Packet of size 20 bytes
+316.628480312s 1 LoraPhy:GetOnAirTime(): Time computation: num = 156, den = 40, payloadSymbNb = 28, tSym = 0.032768 crc = 1 CR = 1
+316.628480312s 1 LoraPhy:GetOnAirTime(): tPreamble = 0.401408
+316.628480312s 1 LoraPhy:GetOnAirTime(): tPayload = 0.917504
+316.628480312s 1 LoraPhy:GetOnAirTime(): Total time = 1.31891
+316.628480312s 1 LoraPhy:GetMobility()
+316.628480312s 1 LoraPhy:GetMobility()
+317.947392360s 0 ClassAEndDeviceLorawanMac:Receive(): Found a downlink packet.
+317.947392360s 0 ClassAEndDeviceLorawanMac:Receive(): The message is for us!
+317.947392360s 0 ObjectCommApplicationMulticast:callbackCheckEndTx(): Finished Tx, device: 0110110|0000000000000011101001000 success: true total: 0 first attempt: +3.14587e+11ns fcnt: 12 FPort: 29
+317.947392360s 0 ObjectCommApplicationMulticast:ProcessClassCSessionReq(): Received class C info: 869.525 3 609 scheduled at time +6.09e+11ns
+317.947392360s 0 ObjectCommApplicationMulticast:ProcessClassCSessionReq(): Open continuous receive window at time 609
+317.947392360s 0 ObjectCommApplicationMulticast:callbackReception(): Received ACK on 0110110|0000000000000011101001000 type: 0 multicastStarted: true FPort: 204
+320.000000000s -1 BulkCommAppMulticast:logEnergy(): Total energy: 3.42343
+400.000000000s -1 BulkCommAppMulticast:logEnergy(): Total energy: 3.42343
+500.000000000s -1 BulkCommAppMulticast:logEnergy(): Total energy: 3.42343
+600.000000000s -1 BulkCommAppMulticast:logEnergy(): Total energy: 3.42343
+610.000000000s -1 BulkCommAppMulticast:logEnergy(): Total energy: 6.47948
+610.046336176s 2 NetworkControllerComponent:SwitchToState(): Network server switch state to 3
+610.046337144s 1 LoraPhy:GetOnAirTime(0x5c57fcb15960, SF: 9, headerDisabled: false, codingRate: 1, bandwidthHz: 125000, nPreamble: 8, crcEnabled: true, lowDataRateOptimizationEnabled: false))
Packet of size 119 bytes
+610.046337144s 1 LoraPhy:GetOnAirTime(): Time computation: num = 960, den = 36, payloadSymbNb = 143, tSym = 0.004096 crc = 1 CR = 1
+610.046337144s 1 LoraPhy:GetOnAirTime(): tPreamble = 0.050176
+610.046337144s 1 LoraPhy:GetOnAirTime(): tPayload = 0.585728
+610.046337144s 1 LoraPhy:GetOnAirTime(): Total time = 0.635904
+610.046337144s 1 LoraPhy:GetOnAirTime(0x5c57fcb15960, SF: 9, headerDisabled: false, codingRate: 1, bandwidthHz: 125000, nPreamble: 8, crcEnabled: true, lowDataRateOptimizationEnabled: false))
Packet of size 119 bytes
+610.046337144s 1 LoraPhy:GetOnAirTime(): Time computation: num = 960, den = 36, payloadSymbNb = 143, tSym = 0.004096 crc = 1 CR = 1
+610.046337144s 1 LoraPhy:GetOnAirTime(): tPreamble = 0.050176
+610.046337144s 1 LoraPhy:GetOnAirTime(): tPayload = 0.585728
+610.046337144s 1 LoraPhy:GetOnAirTime(): Total time = 0.635904
+610.046337144s 1 LoraPhy:GetMobility()
+610.046337144s 1 LoraPhy:GetMobility()
+610.682241192s 0 ClassAEndDeviceLorawanMac:Receive(): Found a downlink packet.
+610.682241192s 0 ClassAEndDeviceLorawanMac:Receive(): The message is for us!
+610.682241192s 0 ObjectCommApplicationMulticast:ProcessMulticastFragRecReq(): Client received 107 bytes, total 107 fragsize:110
+610.682241192s 0 ObjectCommApplicationMulticast:ProcessMulticastFragRecReq(): Schedule timeout after 1024
+610.682241192s 0 ObjectCommApplicationMulticast:ProcessMulticastFragRecReq(): Fragment Map: [=..................] (1/19)
+610.682241192s 0 ObjectCommApplicationMulticast:callbackReception(): Received ACK on 0110110|0000000000000011101001000 type: 0 multicastStarted: true FPort: 200
+615.769473144s 1 LoraPhy:GetOnAirTime(0x5c57fcb15b90, SF: 9, headerDisabled: false, codingRate: 1, bandwidthHz: 125000, nPreamble: 8, crcEnabled: true, lowDataRateOptimizationEnabled: false))
Packet of size 119 bytes
+615.769473144s 1 LoraPhy:GetOnAirTime(): Time computation: num = 960, den = 36, payloadSymbNb = 143, tSym = 0.004096 crc = 1 CR = 1
+615.769473144s 1 LoraPhy:GetOnAirTime(): tPreamble = 0.050176
+615.769473144s 1 LoraPhy:GetOnAirTime(): tPayload = 0.585728
+615.769473144s 1 LoraPhy:GetOnAirTime(): Total time = 0.635904
+615.769473144s 1 LoraPhy:GetOnAirTime(0x5c57fcb15b90, SF: 9, headerDisabled: false, codingRate: 1, bandwidthHz: 125000, nPreamble: 8, crcEnabled: true, lowDataRateOptimizationEnabled: false))
Packet of size 119 bytes
+615.769473144s 1 LoraPhy:GetOnAirTime(): Time computation: num = 960, den = 36, payloadSymbNb = 143, tSym = 0.004096 crc = 1 CR = 1
+615.769473144s 1 LoraPhy:GetOnAirTime(): tPreamble = 0.050176
+615.769473144s 1 LoraPhy:GetOnAirTime(): tPayload = 0.585728
+615.769473144s 1 LoraPhy:GetOnAirTime(): Total time = 0.635904
+615.769473144s 1 LoraPhy:GetMobility()
+615.769473144s 1 LoraPhy:GetMobility()
+616.405377192s 0 ClassAEndDeviceLorawanMac:Receive(): Found a downlink packet.
+616.405377192s 0 ClassAEndDeviceLorawanMac:Receive(): The message is for us!
+616.405377192s 0 ObjectCommApplicationMulticast:ProcessMulticastFragRecReq(): Client received 107 bytes, total 214 fragsize:110
+616.405377192s 0 ObjectCommApplicationMulticast:ProcessMulticastFragRecReq(): Schedule timeout after 1024
+616.405377192s 0 ObjectCommApplicationMulticast:ProcessMulticastFragRecReq(): Fragment Map: [=....=.............] (2/19)
+616.405377192s 0 ObjectCommApplicationMulticast:callbackReception(): Received ACK on 0110110|0000000000000011101001000 type: 0 multicastStarted: true FPort: 200
+620.000000000s -1 BulkCommAppMulticast:logEnergy(): Total energy: 6.64832
+621.492609144s 1 LoraPhy:GetOnAirTime(0x5c57fcb16550, SF: 9, headerDisabled: false, codingRate: 1, bandwidthHz: 125000, nPreamble: 8, crcEnabled: true, lowDataRateOptimizationEnabled: false))
Packet of size 119 bytes
+621.492609144s 1 LoraPhy:GetOnAirTime(): Time computation: num = 960, den = 36, payloadSymbNb = 143, tSym = 0.004096 crc = 1 CR = 1
+621.492609144s 1 LoraPhy:GetOnAirTime(): tPreamble = 0.050176
+621.492609144s 1 LoraPhy:GetOnAirTime(): tPayload = 0.585728
+621.492609144s 1 LoraPhy:GetOnAirTime(): Total time = 0.635904
+621.492609144s 1 LoraPhy:GetOnAirTime(0x5c57fcb16550, SF: 9, headerDisabled: false, codingRate: 1, bandwidthHz: 125000, nPreamble: 8, crcEnabled: true, lowDataRateOptimizationEnabled: false))
Packet of size 119 bytes
+621.492609144s 1 LoraPhy:GetOnAirTime(): Time computation: num = 960, den = 36, payloadSymbNb = 143, tSym = 0.004096 crc = 1 CR = 1
+621.492609144s 1 LoraPhy:GetOnAirTime(): tPreamble = 0.050176
+621.492609144s 1 LoraPhy:GetOnAirTime(): tPayload = 0.585728
+621.492609144s 1 LoraPhy:GetOnAirTime(): Total time = 0.635904
+621.492609144s 1 LoraPhy:GetMobility()
+621.492609144s 1 LoraPhy:GetMobility()
+622.128513192s 0 ClassAEndDeviceLorawanMac:Receive(): Found a downlink packet.
+622.128513192s 0 ClassAEndDeviceLorawanMac:Receive(): The message is for us!
+622.128513192s 0 ObjectCommApplicationMulticast:ProcessMulticastFragRecReq(): Client received 107 bytes, total 321 fragsize:110
+622.128513192s 0 ObjectCommApplicationMulticast:ProcessMulticastFragRecReq(): Schedule timeout after 1024
+622.128513192s 0 ObjectCommApplicationMulticast:ProcessMulticastFragRecReq(): Fragment Map: [=....=.....=.......] (3/19)
+622.128513192s 0 ObjectCommApplicationMulticast:callbackReception(): Received ACK on 0110110|0000000000000011101001000 type: 0 multicastStarted: true FPort: 200
+627.215745144s 1 LoraPhy:GetOnAirTime(0x5c57fcb17390, SF: 9, headerDisabled: false, codingRate: 1, bandwidthHz: 125000, nPreamble: 8, crcEnabled: true, lowDataRateOptimizationEnabled: false))
Packet of size 119 bytes
+627.215745144s 1 LoraPhy:GetOnAirTime(): Time computation: num = 960, den = 36, payloadSymbNb = 143, tSym = 0.004096 crc = 1 CR = 1
+627.215745144s 1 LoraPhy:GetOnAirTime(): tPreamble = 0.050176
+627.215745144s 1 LoraPhy:GetOnAirTime(): tPayload = 0.585728
+627.215745144s 1 LoraPhy:GetOnAirTime(): Total time = 0.635904
+627.215745144s 1 LoraPhy:GetOnAirTime(0x5c57fcb17390, SF: 9, headerDisabled: false, codingRate: 1, bandwidthHz: 125000, nPreamble: 8, crcEnabled: true, lowDataRateOptimizationEnabled: false))
Packet of size 119 bytes
+627.215745144s 1 LoraPhy:GetOnAirTime(): Time computation: num = 960, den = 36, payloadSymbNb = 143, tSym = 0.004096 crc = 1 CR = 1
+627.215745144s 1 LoraPhy:GetOnAirTime(): tPreamble = 0.050176
+627.215745144s 1 LoraPhy:GetOnAirTime(): tPayload = 0.585728
+627.215745144s 1 LoraPhy:GetOnAirTime(): Total time = 0.635904
+627.215745144s 1 LoraPhy:GetMobility()
+627.215745144s 1 LoraPhy:GetMobility()
+627.851649192s 0 ClassAEndDeviceLorawanMac:Receive(): Found a downlink packet.
+627.851649192s 0 ClassAEndDeviceLorawanMac:Receive(): The message is for us!
+627.851649192s 0 ObjectCommApplicationMulticast:ProcessMulticastFragRecReq(): Client received 107 bytes, total 428 fragsize:110
+627.851649192s 0 ObjectCommApplicationMulticast:ProcessMulticastFragRecReq(): Schedule timeout after 1024
+627.851649192s 0 ObjectCommApplicationMulticast:ProcessMulticastFragRecReq(): Fragment Map: [=....=.....=.....=.] (4/19)
+627.851649192s 0 ObjectCommApplicationMulticast:callbackReception(): Received ACK on 0110110|0000000000000011101001000 type: 0 multicastStarted: true FPort: 200
+630.000000000s -1 BulkCommAppMulticast:logEnergy(): Total energy: 6.9093
+632.938881144s 1 LoraPhy:GetOnAirTime(0x5c57fcb181d0, SF: 9, headerDisabled: false, codingRate: 1, bandwidthHz: 125000, nPreamble: 8, crcEnabled: true, lowDataRateOptimizationEnabled: false))
Packet of size 119 bytes
+632.938881144s 1 LoraPhy:GetOnAirTime(): Time computation: num = 960, den = 36, payloadSymbNb = 143, tSym = 0.004096 crc = 1 CR = 1
+632.938881144s 1 LoraPhy:GetOnAirTime(): tPreamble = 0.050176
+632.938881144s 1 LoraPhy:GetOnAirTime(): tPayload = 0.585728
+632.938881144s 1 LoraPhy:GetOnAirTime(): Total time = 0.635904
+632.938881144s 1 LoraPhy:GetOnAirTime(0x5c57fcb181d0, SF: 9, headerDisabled: false, codingRate: 1, bandwidthHz: 125000, nPreamble: 8, crcEnabled: true, lowDataRateOptimizationEnabled: false))
Packet of size 119 bytes
+632.938881144s 1 LoraPhy:GetOnAirTime(): Time computation: num = 960, den = 36, payloadSymbNb = 143, tSym = 0.004096 crc = 1 CR = 1
+632.938881144s 1 LoraPhy:GetOnAirTime(): tPreamble = 0.050176
+632.938881144s 1 LoraPhy:GetOnAirTime(): tPayload = 0.585728
+632.938881144s 1 LoraPhy:GetOnAirTime(): Total time = 0.635904
+632.938881144s 1 LoraPhy:GetMobility()
+632.938881144s 1 LoraPhy:GetMobility()
+633.574785192s 0 ClassAEndDeviceLorawanMac:Receive(): Found a downlink packet.
+633.574785192s 0 ClassAEndDeviceLorawanMac:Receive(): The message is for us!
+633.574785192s 0 ObjectCommApplicationMulticast:ProcessMulticastFragRecReq(): Client received 107 bytes, total 535 fragsize:110
+633.574785192s 0 ObjectCommApplicationMulticast:ProcessMulticastFragRecReq(): Schedule timeout after 1024
+633.574785192s 0 ObjectCommApplicationMulticast:ProcessMulticastFragRecReq(): Fragment Map: [=....=.....=.....==] (5/19)
+633.574785192s 0 ObjectCommApplicationMulticast:callbackReception(): Received ACK on 0110110|0000000000000011101001000 type: 0 multicastStarted: true FPort: 200
+638.662017144s 1 LoraPhy:GetOnAirTime(0x5c57fcb18430, SF: 9, headerDisabled: false, codingRate: 1, bandwidthHz: 125000, nPreamble: 8, crcEnabled: true, lowDataRateOptimizationEnabled: false))
Packet of size 119 bytes
+638.662017144s 1 LoraPhy:GetOnAirTime(): Time computation: num = 960, den = 36, payloadSymbNb = 143, tSym = 0.004096 crc = 1 CR = 1
+638.662017144s 1 LoraPhy:GetOnAirTime(): tPreamble = 0.050176
+638.662017144s 1 LoraPhy:GetOnAirTime(): tPayload = 0.585728
+638.662017144s 1 LoraPhy:GetOnAirTime(): Total time = 0.635904
+638.662017144s 1 LoraPhy:GetOnAirTime(0x5c57fcb18430, SF: 9, headerDisabled: false, codingRate: 1, bandwidthHz: 125000, nPreamble: 8, crcEnabled: true, lowDataRateOptimizationEnabled: false))
Packet of size 119 bytes
+638.662017144s 1 LoraPhy:GetOnAirTime(): Time computation: num = 960, den = 36, payloadSymbNb = 143, tSym = 0.004096 crc = 1 CR = 1
+638.662017144s 1 LoraPhy:GetOnAirTime(): tPreamble = 0.050176
+638.662017144s 1 LoraPhy:GetOnAirTime(): tPayload = 0.585728
+638.662017144s 1 LoraPhy:GetOnAirTime(): Total time = 0.635904
+638.662017144s 1 LoraPhy:GetMobility()
+638.662017144s 1 LoraPhy:GetMobility()
+639.297921192s 0 ClassAEndDeviceLorawanMac:Receive(): Found a downlink packet.
+639.297921192s 0 ClassAEndDeviceLorawanMac:Receive(): The message is for us!
+639.297921192s 0 ObjectCommApplicationMulticast:ProcessMulticastFragRecReq(): Client received 107 bytes, total 642 fragsize:110
+639.297921192s 0 ObjectCommApplicationMulticast:ProcessMulticastFragRecReq(): Schedule timeout after 1024
+639.297921192s 0 ObjectCommApplicationMulticast:ProcessMulticastFragRecReq(): Fragment Map: [=....=.....=....===] (6/19)
+639.297921192s 0 ObjectCommApplicationMulticast:callbackReception(): Received ACK on 0110110|0000000000000011101001000 type: 0 multicastStarted: true FPort: 200
+640.000000000s -1 BulkCommAppMulticast:logEnergy(): Total energy: 7.17027
+644.385153144s 1 LoraPhy:GetOnAirTime(0x5c57fcb17f70, SF: 9, headerDisabled: false, codingRate: 1, bandwidthHz: 125000, nPreamble: 8, crcEnabled: true, lowDataRateOptimizationEnabled: false))
Packet of size 119 bytes
+644.385153144s 1 LoraPhy:GetOnAirTime(): Time computation: num = 960, den = 36, payloadSymbNb = 143, tSym = 0.004096 crc = 1 CR = 1
+644.385153144s 1 LoraPhy:GetOnAirTime(): tPreamble = 0.050176
+644.385153144s 1 LoraPhy:GetOnAirTime(): tPayload = 0.585728
+644.385153144s 1 LoraPhy:GetOnAirTime(): Total time = 0.635904
+644.385153144s 1 LoraPhy:GetOnAirTime(0x5c57fcb17f70, SF: 9, headerDisabled: false, codingRate: 1, bandwidthHz: 125000, nPreamble: 8, crcEnabled: true, lowDataRateOptimizationEnabled: false))
Packet of size 119 bytes
+644.385153144s 1 LoraPhy:GetOnAirTime(): Time computation: num = 960, den = 36, payloadSymbNb = 143, tSym = 0.004096 crc = 1 CR = 1
+644.385153144s 1 LoraPhy:GetOnAirTime(): tPreamble = 0.050176
+644.385153144s 1 LoraPhy:GetOnAirTime(): tPayload = 0.585728
+644.385153144s 1 LoraPhy:GetOnAirTime(): Total time = 0.635904
+644.385153144s 1 LoraPhy:GetMobility()
+644.385153144s 1 LoraPhy:GetMobility()
+645.021057192s 0 ClassAEndDeviceLorawanMac:Receive(): Found a downlink packet.
+645.021057192s 0 ClassAEndDeviceLorawanMac:Receive(): The message is for us!
+645.021057192s 0 ObjectCommApplicationMulticast:ProcessMulticastFragRecReq(): Client received 107 bytes, total 749 fragsize:110
+645.021057192s 0 ObjectCommApplicationMulticast:ProcessMulticastFragRecReq(): Schedule timeout after 1024
+645.021057192s 0 ObjectCommApplicationMulticast:ProcessMulticastFragRecReq(): Fragment Map: [=....=.....=...====] (7/19)
+645.021057192s 0 ObjectCommApplicationMulticast:callbackReception(): Received ACK on 0110110|0000000000000011101001000 type: 0 multicastStarted: true FPort: 200
+650.000000000s -1 BulkCommAppMulticast:logEnergy(): Total energy: 7.30076
+650.108289144s 1 LoraPhy:GetOnAirTime(0x5c57fcb17d10, SF: 9, headerDisabled: false, codingRate: 1, bandwidthHz: 125000, nPreamble: 8, crcEnabled: true, lowDataRateOptimizationEnabled: false))
Packet of size 119 bytes
+650.108289144s 1 LoraPhy:GetOnAirTime(): Time computation: num = 960, den = 36, payloadSymbNb = 143, tSym = 0.004096 crc = 1 CR = 1
+650.108289144s 1 LoraPhy:GetOnAirTime(): tPreamble = 0.050176
+650.108289144s 1 LoraPhy:GetOnAirTime(): tPayload = 0.585728
+650.108289144s 1 LoraPhy:GetOnAirTime(): Total time = 0.635904
+650.108289144s 1 LoraPhy:GetOnAirTime(0x5c57fcb17d10, SF: 9, headerDisabled: false, codingRate: 1, bandwidthHz: 125000, nPreamble: 8, crcEnabled: true, lowDataRateOptimizationEnabled: false))
Packet of size 119 bytes
+650.108289144s 1 LoraPhy:GetOnAirTime(): Time computation: num = 960, den = 36, payloadSymbNb = 143, tSym = 0.004096 crc = 1 CR = 1
+650.108289144s 1 LoraPhy:GetOnAirTime(): tPreamble = 0.050176
+650.108289144s 1 LoraPhy:GetOnAirTime(): tPayload = 0.585728
+650.108289144s 1 LoraPhy:GetOnAirTime(): Total time = 0.635904
+650.108289144s 1 LoraPhy:GetMobility()
+650.108289144s 1 LoraPhy:GetMobility()
+650.744193192s 0 ClassAEndDeviceLorawanMac:Receive(): Found a downlink packet.
+650.744193192s 0 ClassAEndDeviceLorawanMac:Receive(): The message is for us!
+650.744193192s 0 ObjectCommApplicationMulticast:ProcessMulticastFragRecReq(): Client received 107 bytes, total 856 fragsize:110
+650.744193192s 0 ObjectCommApplicationMulticast:ProcessMulticastFragRecReq(): Schedule timeout after 1024
+650.744193192s 0 ObjectCommApplicationMulticast:ProcessMulticastFragRecReq(): Fragment Map: [=....=.....=..=====] (8/19)
+650.744193192s 0 ObjectCommApplicationMulticast:callbackReception(): Received ACK on 0110110|0000000000000011101001000 type: 0 multicastStarted: true FPort: 200
+655.831425144s 1 LoraPhy:GetOnAirTime(0x5c57fcb17ab0, SF: 9, headerDisabled: false, codingRate: 1, bandwidthHz: 125000, nPreamble: 8, crcEnabled: true, lowDataRateOptimizationEnabled: false))
Packet of size 119 bytes
+655.831425144s 1 LoraPhy:GetOnAirTime(): Time computation: num = 960, den = 36, payloadSymbNb = 143, tSym = 0.004096 crc = 1 CR = 1
+655.831425144s 1 LoraPhy:GetOnAirTime(): tPreamble = 0.050176
+655.831425144s 1 LoraPhy:GetOnAirTime(): tPayload = 0.585728
+655.831425144s 1 LoraPhy:GetOnAirTime(): Total time = 0.635904
+655.831425144s 1 LoraPhy:GetOnAirTime(0x5c57fcb17ab0, SF: 9, headerDisabled: false, codingRate: 1, bandwidthHz: 125000, nPreamble: 8, crcEnabled: true, lowDataRateOptimizationEnabled: false))
Packet of size 119 bytes
+655.831425144s 1 LoraPhy:GetOnAirTime(): Time computation: num = 960, den = 36, payloadSymbNb = 143, tSym = 0.004096 crc = 1 CR = 1
+655.831425144s 1 LoraPhy:GetOnAirTime(): tPreamble = 0.050176
+655.831425144s 1 LoraPhy:GetOnAirTime(): tPayload = 0.585728
+655.831425144s 1 LoraPhy:GetOnAirTime(): Total time = 0.635904
+655.831425144s 1 LoraPhy:GetMobility()
+655.831425144s 1 LoraPhy:GetMobility()
+656.467329192s 0 ClassAEndDeviceLorawanMac:Receive(): Found a downlink packet.
+656.467329192s 0 ClassAEndDeviceLorawanMac:Receive(): The message is for us!
+656.467329192s 0 ObjectCommApplicationMulticast:ProcessMulticastFragRecReq(): Client received 107 bytes, total 963 fragsize:110
+656.467329192s 0 ObjectCommApplicationMulticast:ProcessMulticastFragRecReq(): Schedule timeout after 1024
+656.467329192s 0 ObjectCommApplicationMulticast:ProcessMulticastFragRecReq(): Fragment Map: [=....=.....=.======] (9/19)
+656.467329192s 0 ObjectCommApplicationMulticast:callbackReception(): Received ACK on 0110110|0000000000000011101001000 type: 0 multicastStarted: true FPort: 200
+660.000000000s -1 BulkCommAppMulticast:logEnergy(): Total energy: 7.56173
+661.554561144s 1 LoraPhy:GetOnAirTime(0x5c57fcb17850, SF: 9, headerDisabled: false, codingRate: 1, bandwidthHz: 125000, nPreamble: 8, crcEnabled: true, lowDataRateOptimizationEnabled: false))
Packet of size 119 bytes
+661.554561144s 1 LoraPhy:GetOnAirTime(): Time computation: num = 960, den = 36, payloadSymbNb = 143, tSym = 0.004096 crc = 1 CR = 1
+661.554561144s 1 LoraPhy:GetOnAirTime(): tPreamble = 0.050176
+661.554561144s 1 LoraPhy:GetOnAirTime(): tPayload = 0.585728
+661.554561144s 1 LoraPhy:GetOnAirTime(): Total time = 0.635904
+661.554561144s 1 LoraPhy:GetOnAirTime(0x5c57fcb17850, SF: 9, headerDisabled: false, codingRate: 1, bandwidthHz: 125000, nPreamble: 8, crcEnabled: true, lowDataRateOptimizationEnabled: false))
Packet of size 119 bytes
+661.554561144s 1 LoraPhy:GetOnAirTime(): Time computation: num = 960, den = 36, payloadSymbNb = 143, tSym = 0.004096 crc = 1 CR = 1
+661.554561144s 1 LoraPhy:GetOnAirTime(): tPreamble = 0.050176
+661.554561144s 1 LoraPhy:GetOnAirTime(): tPayload = 0.585728
+661.554561144s 1 LoraPhy:GetOnAirTime(): Total time = 0.635904
+661.554561144s 1 LoraPhy:GetMobility()
+661.554561144s 1 LoraPhy:GetMobility()
+662.190465192s 0 ClassAEndDeviceLorawanMac:Receive(): Found a downlink packet.
+662.190465192s 0 ClassAEndDeviceLorawanMac:Receive(): The message is for us!
+662.190465192s 0 ObjectCommApplicationMulticast:ProcessMulticastFragRecReq(): Client received 107 bytes, total 1070 fragsize:110
+662.190465192s 0 ObjectCommApplicationMulticast:ProcessMulticastFragRecReq(): Schedule timeout after 1024
+662.190465192s 0 ObjectCommApplicationMulticast:ProcessMulticastFragRecReq(): Fragment Map: [=....=.....========] (10/19)
+662.190465192s 0 ObjectCommApplicationMulticast:callbackReception(): Received ACK on 0110110|0000000000000011101001000 type: 0 multicastStarted: true FPort: 200
+667.277697144s 1 LoraPhy:GetOnAirTime(0x5c57fcb175f0, SF: 9, headerDisabled: false, codingRate: 1, bandwidthHz: 125000, nPreamble: 8, crcEnabled: true, lowDataRateOptimizationEnabled: false))
Packet of size 119 bytes
+667.277697144s 1 LoraPhy:GetOnAirTime(): Time computation: num = 960, den = 36, payloadSymbNb = 143, tSym = 0.004096 crc = 1 CR = 1
+667.277697144s 1 LoraPhy:GetOnAirTime(): tPreamble = 0.050176
+667.277697144s 1 LoraPhy:GetOnAirTime(): tPayload = 0.585728
+667.277697144s 1 LoraPhy:GetOnAirTime(): Total time = 0.635904
+667.277697144s 1 LoraPhy:GetOnAirTime(0x5c57fcb175f0, SF: 9, headerDisabled: false, codingRate: 1, bandwidthHz: 125000, nPreamble: 8, crcEnabled: true, lowDataRateOptimizationEnabled: false))
Packet of size 119 bytes
+667.277697144s 1 LoraPhy:GetOnAirTime(): Time computation: num = 960, den = 36, payloadSymbNb = 143, tSym = 0.004096 crc = 1 CR = 1
+667.277697144s 1 LoraPhy:GetOnAirTime(): tPreamble = 0.050176
+667.277697144s 1 LoraPhy:GetOnAirTime(): tPayload = 0.585728
+667.277697144s 1 LoraPhy:GetOnAirTime(): Total time = 0.635904
+667.277697144s 1 LoraPhy:GetMobility()
+667.277697144s 1 LoraPhy:GetMobility()
+667.913601192s 0 ClassAEndDeviceLorawanMac:Receive(): Found a downlink packet.
+667.913601192s 0 ClassAEndDeviceLorawanMac:Receive(): The message is for us!
+667.913601192s 0 ObjectCommApplicationMulticast:ProcessMulticastFragRecReq(): Client received 107 bytes, total 1177 fragsize:110
+667.913601192s 0 ObjectCommApplicationMulticast:ProcessMulticastFragRecReq(): Schedule timeout after 1024
+667.913601192s 0 ObjectCommApplicationMulticast:ProcessMulticastFragRecReq(): Fragment Map: [=....=....=========] (11/19)
+667.913601192s 0 ObjectCommApplicationMulticast:callbackReception(): Received ACK on 0110110|0000000000000011101001000 type: 0 multicastStarted: true FPort: 200
+670.000000000s -1 BulkCommAppMulticast:logEnergy(): Total energy: 7.82271
+673.000833144s 1 LoraPhy:GetOnAirTime(0x5c57fcb17130, SF: 9, headerDisabled: false, codingRate: 1, bandwidthHz: 125000, nPreamble: 8, crcEnabled: true, lowDataRateOptimizationEnabled: false))
Packet of size 119 bytes
+673.000833144s 1 LoraPhy:GetOnAirTime(): Time computation: num = 960, den = 36, payloadSymbNb = 143, tSym = 0.004096 crc = 1 CR = 1
+673.000833144s 1 LoraPhy:GetOnAirTime(): tPreamble = 0.050176
+673.000833144s 1 LoraPhy:GetOnAirTime(): tPayload = 0.585728
+673.000833144s 1 LoraPhy:GetOnAirTime(): Total time = 0.635904
+673.000833144s 1 LoraPhy:GetOnAirTime(0x5c57fcb17130, SF: 9, headerDisabled: false, codingRate: 1, bandwidthHz: 125000, nPreamble: 8, crcEnabled: true, lowDataRateOptimizationEnabled: false))
Packet of size 119 bytes
+673.000833144s 1 LoraPhy:GetOnAirTime(): Time computation: num = 960, den = 36, payloadSymbNb = 143, tSym = 0.004096 crc = 1 CR = 1
+673.000833144s 1 LoraPhy:GetOnAirTime(): tPreamble = 0.050176
+673.000833144s 1 LoraPhy:GetOnAirTime(): tPayload = 0.585728
+673.000833144s 1 LoraPhy:GetOnAirTime(): Total time = 0.635904
+673.000833144s 1 LoraPhy:GetMobility()
+673.000833144s 1 LoraPhy:GetMobility()
+673.636737192s 0 ClassAEndDeviceLorawanMac:Receive(): Found a downlink packet.
+673.636737192s 0 ClassAEndDeviceLorawanMac:Receive(): The message is for us!
+673.636737192s 0 ObjectCommApplicationMulticast:ProcessMulticastFragRecReq(): Client received 107 bytes, total 1284 fragsize:110
+673.636737192s 0 ObjectCommApplicationMulticast:ProcessMulticastFragRecReq(): Schedule timeout after 1024
+673.636737192s 0 ObjectCommApplicationMulticast:ProcessMulticastFragRecReq(): Fragment Map: [=....=...==========] (12/19)
+673.636737192s 0 ObjectCommApplicationMulticast:callbackReception(): Received ACK on 0110110|0000000000000011101001000 type: 0 multicastStarted: true FPort: 200
+678.723969144s 1 LoraPhy:GetOnAirTime(0x5c57fcb16ed0, SF: 9, headerDisabled: false, codingRate: 1, bandwidthHz: 125000, nPreamble: 8, crcEnabled: true, lowDataRateOptimizationEnabled: false))
Packet of size 119 bytes
+678.723969144s 1 LoraPhy:GetOnAirTime(): Time computation: num = 960, den = 36, payloadSymbNb = 143, tSym = 0.004096 crc = 1 CR = 1
+678.723969144s 1 LoraPhy:GetOnAirTime(): tPreamble = 0.050176
+678.723969144s 1 LoraPhy:GetOnAirTime(): tPayload = 0.585728
+678.723969144s 1 LoraPhy:GetOnAirTime(): Total time = 0.635904
+678.723969144s 1 LoraPhy:GetOnAirTime(0x5c57fcb16ed0, SF: 9, headerDisabled: false, codingRate: 1, bandwidthHz: 125000, nPreamble: 8, crcEnabled: true, lowDataRateOptimizationEnabled: false))
Packet of size 119 bytes
+678.723969144s 1 LoraPhy:GetOnAirTime(): Time computation: num = 960, den = 36, payloadSymbNb = 143, tSym = 0.004096 crc = 1 CR = 1
+678.723969144s 1 LoraPhy:GetOnAirTime(): tPreamble = 0.050176
+678.723969144s 1 LoraPhy:GetOnAirTime(): tPayload = 0.585728
+678.723969144s 1 LoraPhy:GetOnAirTime(): Total time = 0.635904
+678.723969144s 1 LoraPhy:GetMobility()
+678.723969144s 1 LoraPhy:GetMobility()
+679.359873192s 0 ClassAEndDeviceLorawanMac:Receive(): Found a downlink packet.
+679.359873192s 0 ClassAEndDeviceLorawanMac:Receive(): The message is for us!
+679.359873192s 0 ObjectCommApplicationMulticast:ProcessMulticastFragRecReq(): Client received 107 bytes, total 1391 fragsize:110
+679.359873192s 0 ObjectCommApplicationMulticast:ProcessMulticastFragRecReq(): Schedule timeout after 1024
+679.359873192s 0 ObjectCommApplicationMulticast:ProcessMulticastFragRecReq(): Fragment Map: [=....=..===========] (13/19)
+679.359873192s 0 ObjectCommApplicationMulticast:callbackReception(): Received ACK on 0110110|0000000000000011101001000 type: 0 multicastStarted: true FPort: 200
+680.000000000s -1 BulkCommAppMulticast:logEnergy(): Total energy: 8.08368
+684.447105144s 1 LoraPhy:GetOnAirTime(0x5c57fcb16c70, SF: 9, headerDisabled: false, codingRate: 1, bandwidthHz: 125000, nPreamble: 8, crcEnabled: true, lowDataRateOptimizationEnabled: false))
Packet of size 119 bytes
+684.447105144s 1 LoraPhy:GetOnAirTime(): Time computation: num = 960, den = 36, payloadSymbNb = 143, tSym = 0.004096 crc = 1 CR = 1
+684.447105144s 1 LoraPhy:GetOnAirTime(): tPreamble = 0.050176
+684.447105144s 1 LoraPhy:GetOnAirTime(): tPayload = 0.585728
+684.447105144s 1 LoraPhy:GetOnAirTime(): Total time = 0.635904
+684.447105144s 1 LoraPhy:GetOnAirTime(0x5c57fcb16c70, SF: 9, headerDisabled: false, codingRate: 1, bandwidthHz: 125000, nPreamble: 8, crcEnabled: true, lowDataRateOptimizationEnabled: false))
Packet of size 119 bytes
+684.447105144s 1 LoraPhy:GetOnAirTime(): Time computation: num = 960, den = 36, payloadSymbNb = 143, tSym = 0.004096 crc = 1 CR = 1
+684.447105144s 1 LoraPhy:GetOnAirTime(): tPreamble = 0.050176
+684.447105144s 1 LoraPhy:GetOnAirTime(): tPayload = 0.585728
+684.447105144s 1 LoraPhy:GetOnAirTime(): Total time = 0.635904
+684.447105144s 1 LoraPhy:GetMobility()
+684.447105144s 1 LoraPhy:GetMobility()
+685.083009192s 0 ClassAEndDeviceLorawanMac:Receive(): Found a downlink packet.
+685.083009192s 0 ClassAEndDeviceLorawanMac:Receive(): The message is for us!
+685.083009192s 0 ObjectCommApplicationMulticast:ProcessMulticastFragRecReq(): Client received 107 bytes, total 1498 fragsize:110
+685.083009192s 0 ObjectCommApplicationMulticast:ProcessMulticastFragRecReq(): Schedule timeout after 1024
+685.083009192s 0 ObjectCommApplicationMulticast:ProcessMulticastFragRecReq(): Fragment Map: [=....=.============] (14/19)
+685.083009192s 0 ObjectCommApplicationMulticast:callbackReception(): Received ACK on 0110110|0000000000000011101001000 type: 0 multicastStarted: true FPort: 200
+690.000000000s -1 BulkCommAppMulticast:logEnergy(): Total energy: 8.21417
+690.170241144s 1 LoraPhy:GetOnAirTime(0x5c57fcb16a10, SF: 9, headerDisabled: false, codingRate: 1, bandwidthHz: 125000, nPreamble: 8, crcEnabled: true, lowDataRateOptimizationEnabled: false))
Packet of size 119 bytes
+690.170241144s 1 LoraPhy:GetOnAirTime(): Time computation: num = 960, den = 36, payloadSymbNb = 143, tSym = 0.004096 crc = 1 CR = 1
+690.170241144s 1 LoraPhy:GetOnAirTime(): tPreamble = 0.050176
+690.170241144s 1 LoraPhy:GetOnAirTime(): tPayload = 0.585728
+690.170241144s 1 LoraPhy:GetOnAirTime(): Total time = 0.635904
+690.170241144s 1 LoraPhy:GetOnAirTime(0x5c57fcb16a10, SF: 9, headerDisabled: false, codingRate: 1, bandwidthHz: 125000, nPreamble: 8, crcEnabled: true, lowDataRateOptimizationEnabled: false))
Packet of size 119 bytes
+690.170241144s 1 LoraPhy:GetOnAirTime(): Time computation: num = 960, den = 36, payloadSymbNb = 143, tSym = 0.004096 crc = 1 CR = 1
+690.170241144s 1 LoraPhy:GetOnAirTime(): tPreamble = 0.050176
+690.170241144s 1 LoraPhy:GetOnAirTime(): tPayload = 0.585728
+690.170241144s 1 LoraPhy:GetOnAirTime(): Total time = 0.635904
+690.170241144s 1 LoraPhy:GetMobility()
+690.170241144s 1 LoraPhy:GetMobility()
+690.806145192s 0 ClassAEndDeviceLorawanMac:Receive(): Found a downlink packet.
+690.806145192s 0 ClassAEndDeviceLorawanMac:Receive(): The message is for us!
+690.806145192s 0 ObjectCommApplicationMulticast:ProcessMulticastFragRecReq(): Client received 107 bytes, total 1605 fragsize:110
+690.806145192s 0 ObjectCommApplicationMulticast:ProcessMulticastFragRecReq(): Schedule timeout after 1024
+690.806145192s 0 ObjectCommApplicationMulticast:ProcessMulticastFragRecReq(): Fragment Map: [=....==============] (15/19)
+690.806145192s 0 ObjectCommApplicationMulticast:callbackReception(): Received ACK on 0110110|0000000000000011101001000 type: 0 multicastStarted: true FPort: 200
+695.893377144s 1 LoraPhy:GetOnAirTime(0x5c57fcb167b0, SF: 9, headerDisabled: false, codingRate: 1, bandwidthHz: 125000, nPreamble: 8, crcEnabled: true, lowDataRateOptimizationEnabled: false))
Packet of size 119 bytes
+695.893377144s 1 LoraPhy:GetOnAirTime(): Time computation: num = 960, den = 36, payloadSymbNb = 143, tSym = 0.004096 crc = 1 CR = 1
+695.893377144s 1 LoraPhy:GetOnAirTime(): tPreamble = 0.050176
+695.893377144s 1 LoraPhy:GetOnAirTime(): tPayload = 0.585728
+695.893377144s 1 LoraPhy:GetOnAirTime(): Total time = 0.635904
+695.893377144s 1 LoraPhy:GetOnAirTime(0x5c57fcb167b0, SF: 9, headerDisabled: false, codingRate: 1, bandwidthHz: 125000, nPreamble: 8, crcEnabled: true, lowDataRateOptimizationEnabled: false))
Packet of size 119 bytes
+695.893377144s 1 LoraPhy:GetOnAirTime(): Time computation: num = 960, den = 36, payloadSymbNb = 143, tSym = 0.004096 crc = 1 CR = 1
+695.893377144s 1 LoraPhy:GetOnAirTime(): tPreamble = 0.050176
+695.893377144s 1 LoraPhy:GetOnAirTime(): tPayload = 0.585728
+695.893377144s 1 LoraPhy:GetOnAirTime(): Total time = 0.635904
+695.893377144s 1 LoraPhy:GetMobility()
+695.893377144s 1 LoraPhy:GetMobility()
+696.529281192s 0 ClassAEndDeviceLorawanMac:Receive(): Found a downlink packet.
+696.529281192s 0 ClassAEndDeviceLorawanMac:Receive(): The message is for us!
+696.529281192s 0 ObjectCommApplicationMulticast:ProcessMulticastFragRecReq(): Client received 107 bytes, total 1712 fragsize:110
+696.529281192s 0 ObjectCommApplicationMulticast:ProcessMulticastFragRecReq(): Schedule timeout after 1024
+696.529281192s 0 ObjectCommApplicationMulticast:ProcessMulticastFragRecReq(): Fragment Map: [=...===============] (16/19)
+696.529281192s 0 ObjectCommApplicationMulticast:callbackReception(): Received ACK on 0110110|0000000000000011101001000 type: 0 multicastStarted: true FPort: 200
+700.000000000s -1 BulkCommAppMulticast:logEnergy(): Total energy: 8.47515
+701.616513144s 1 LoraPhy:GetOnAirTime(0x5c57fcb162f0, SF: 9, headerDisabled: false, codingRate: 1, bandwidthHz: 125000, nPreamble: 8, crcEnabled: true, lowDataRateOptimizationEnabled: false))
Packet of size 119 bytes
+701.616513144s 1 LoraPhy:GetOnAirTime(): Time computation: num = 960, den = 36, payloadSymbNb = 143, tSym = 0.004096 crc = 1 CR = 1
+701.616513144s 1 LoraPhy:GetOnAirTime(): tPreamble = 0.050176
+701.616513144s 1 LoraPhy:GetOnAirTime(): tPayload = 0.585728
+701.616513144s 1 LoraPhy:GetOnAirTime(): Total time = 0.635904
+701.616513144s 1 LoraPhy:GetOnAirTime(0x5c57fcb162f0, SF: 9, headerDisabled: false, codingRate: 1, bandwidthHz: 125000, nPreamble: 8, crcEnabled: true, lowDataRateOptimizationEnabled: false))
Packet of size 119 bytes
+701.616513144s 1 LoraPhy:GetOnAirTime(): Time computation: num = 960, den = 36, payloadSymbNb = 143, tSym = 0.004096 crc = 1 CR = 1
+701.616513144s 1 LoraPhy:GetOnAirTime(): tPreamble = 0.050176
+701.616513144s 1 LoraPhy:GetOnAirTime(): tPayload = 0.585728
+701.616513144s 1 LoraPhy:GetOnAirTime(): Total time = 0.635904
+701.616513144s 1 LoraPhy:GetMobility()
+701.616513144s 1 LoraPhy:GetMobility()
+702.252417192s 0 ClassAEndDeviceLorawanMac:Receive(): Found a downlink packet.
+702.252417192s 0 ClassAEndDeviceLorawanMac:Receive(): The message is for us!
+702.252417192s 0 ObjectCommApplicationMulticast:ProcessMulticastFragRecReq(): Client received 107 bytes, total 1819 fragsize:110
+702.252417192s 0 ObjectCommApplicationMulticast:ProcessMulticastFragRecReq(): Schedule timeout after 1024
+702.252417192s 0 ObjectCommApplicationMulticast:ProcessMulticastFragRecReq(): Fragment Map: [=..================] (17/19)
+702.252417192s 0 ObjectCommApplicationMulticast:callbackReception(): Received ACK on 0110110|0000000000000011101001000 type: 0 multicastStarted: true FPort: 200
+707.339649144s 1 LoraPhy:GetOnAirTime(0x5c57fcb16090, SF: 9, headerDisabled: false, codingRate: 1, bandwidthHz: 125000, nPreamble: 8, crcEnabled: true, lowDataRateOptimizationEnabled: false))
Packet of size 119 bytes
+707.339649144s 1 LoraPhy:GetOnAirTime(): Time computation: num = 960, den = 36, payloadSymbNb = 143, tSym = 0.004096 crc = 1 CR = 1
+707.339649144s 1 LoraPhy:GetOnAirTime(): tPreamble = 0.050176
+707.339649144s 1 LoraPhy:GetOnAirTime(): tPayload = 0.585728
+707.339649144s 1 LoraPhy:GetOnAirTime(): Total time = 0.635904
+707.339649144s 1 LoraPhy:GetOnAirTime(0x5c57fcb16090, SF: 9, headerDisabled: false, codingRate: 1, bandwidthHz: 125000, nPreamble: 8, crcEnabled: true, lowDataRateOptimizationEnabled: false))
Packet of size 119 bytes
+707.339649144s 1 LoraPhy:GetOnAirTime(): Time computation: num = 960, den = 36, payloadSymbNb = 143, tSym = 0.004096 crc = 1 CR = 1
+707.339649144s 1 LoraPhy:GetOnAirTime(): tPreamble = 0.050176
+707.339649144s 1 LoraPhy:GetOnAirTime(): tPayload = 0.585728
+707.339649144s 1 LoraPhy:GetOnAirTime(): Total time = 0.635904
+707.339649144s 1 LoraPhy:GetMobility()
+707.339649144s 1 LoraPhy:GetMobility()
+707.975553192s 0 ClassAEndDeviceLorawanMac:Receive(): Found a downlink packet.
+707.975553192s 0 ClassAEndDeviceLorawanMac:Receive(): The message is for us!
+707.975553192s 0 ObjectCommApplicationMulticast:ProcessMulticastFragRecReq(): Client received 107 bytes, total 1926 fragsize:110
+707.975553192s 0 ObjectCommApplicationMulticast:ProcessMulticastFragRecReq(): Schedule timeout after 1024
+707.975553192s 0 ObjectCommApplicationMulticast:ProcessMulticastFragRecReq(): Fragment Map: [=.=================] (18/19)
+707.975553192s 0 ObjectCommApplicationMulticast:callbackReception(): Received ACK on 0110110|0000000000000011101001000 type: 0 multicastStarted: true FPort: 200
+710.000000000s -1 BulkCommAppMulticast:logEnergy(): Total energy: 8.73612
+713.062785144s 1 LoraPhy:GetOnAirTime(0x5c57fcb15c00, SF: 9, headerDisabled: false, codingRate: 1, bandwidthHz: 125000, nPreamble: 8, crcEnabled: true, lowDataRateOptimizationEnabled: false))
Packet of size 119 bytes
+713.062785144s 1 LoraPhy:GetOnAirTime(): Time computation: num = 960, den = 36, payloadSymbNb = 143, tSym = 0.004096 crc = 1 CR = 1
+713.062785144s 1 LoraPhy:GetOnAirTime(): tPreamble = 0.050176
+713.062785144s 1 LoraPhy:GetOnAirTime(): tPayload = 0.585728
+713.062785144s 1 LoraPhy:GetOnAirTime(): Total time = 0.635904
+713.062785144s 1 LoraPhy:GetOnAirTime(0x5c57fcb15c00, SF: 9, headerDisabled: false, codingRate: 1, bandwidthHz: 125000, nPreamble: 8, crcEnabled: true, lowDataRateOptimizationEnabled: false))
Packet of size 119 bytes
+713.062785144s 1 LoraPhy:GetOnAirTime(): Time computation: num = 960, den = 36, payloadSymbNb = 143, tSym = 0.004096 crc = 1 CR = 1
+713.062785144s 1 LoraPhy:GetOnAirTime(): tPreamble = 0.050176
+713.062785144s 1 LoraPhy:GetOnAirTime(): tPayload = 0.585728
+713.062785144s 1 LoraPhy:GetOnAirTime(): Total time = 0.635904
+713.062785144s 1 LoraPhy:GetMobility()
+713.062785144s 1 LoraPhy:GetMobility()
+713.698689192s 0 ClassAEndDeviceLorawanMac:Receive(): Found a downlink packet.
+713.698689192s 0 ClassAEndDeviceLorawanMac:Receive(): The message is for us!
+713.698689192s 0 ObjectCommApplicationMulticast:ProcessMulticastFragRecReq(): Client received 107 bytes, total 2033 fragsize:110
+713.698689192s 0 ObjectCommApplicationMulticast:ProcessMulticastFragRecReq(): Update finished, started 609 finished 713.699 total 104.699 DR.: 3
+713.698689192s 0 ObjectCommApplicationMulticast:ProcessMulticastFragRecReq(): Received 2033/2033 bytes: stopping now, we have enough fragments to reconstruct the original data. Nb_frag_rec / Nb_frag_total: 19/19 with CR= 0
+713.698689192s 0 ObjectCommApplicationMulticast:ProcessMulticastFragRecReq(): Multicast started 609 finished 713.699
+713.698689192s 0 ObjectCommApplicationMulticast:ProcessMulticastFragRecReq(): Fragment Map: [===================] (19/19)
+713.698689192s 0 ObjectCommApplicationMulticast:callbackReception(): Received ACK on 0110110|0000000000000011101001000 type: 0 multicastStarted: true FPort: 200
+720.000000000s -1 BulkCommAppMulticast:logEnergy(): Total energy: 8.86661
+800.000000000s -1 BulkCommAppMulticast:logEnergy(): Total energy: 8.86661
+900.000000000s -1 BulkCommAppMulticast:logEnergy(): Total energy: 8.86661
+910.046336176s 2 NetworkControllerComponent:SwitchToState(): Network server switch state to 0
+1000.000000000s -1 BulkCommAppMulticast:logEnergy(): Total energy: 8.86661
+1100.000000000s -1 BulkCommAppMulticast:logEnergy(): Total energy: 8.86661
+1200.000000000s -1 BulkCommAppMulticast:logEnergy(): Total energy: 8.86661
+1300.000000000s -1 BulkCommAppMulticast:logEnergy(): Total energy: 8.86661
+1400.000000000s -1 BulkCommAppMulticast:logEnergy(): Total energy: 8.86661
+1500.000000000s -1 BulkCommAppMulticast:logEnergy(): Total energy: 8.86661
+1600.000000000s -1 BulkCommAppMulticast:logEnergy(): Total energy: 8.86661
+1700.000000000s -1 BulkCommAppMulticast:logEnergy(): Total energy: 8.86661
+1800.000000000s -1 BulkCommAppMulticast:logEnergy(): Total energy: 8.86661
+1900.000000000s -1 BulkCommAppMulticast:logEnergy(): Total energy: 8.86661
+2000.000000000s -1 BulkCommAppMulticast:logEnergy(): Total energy: 8.86661
+2100.000000000s -1 BulkCommAppMulticast:logEnergy(): Total energy: 8.86661
+2200.000000000s -1 BulkCommAppMulticast:logEnergy(): Total energy: 8.86661
+2300.000000000s -1 BulkCommAppMulticast:logEnergy(): Total energy: 8.86661
+2400.000000000s -1 BulkCommAppMulticast:logEnergy(): Total energy: 8.86661
+2500.000000000s -1 BulkCommAppMulticast:logEnergy(): Total energy: 8.86661
+2600.000000000s -1 BulkCommAppMulticast:logEnergy(): Total energy: 8.86661
+2700.000000000s -1 BulkCommAppMulticast:logEnergy(): Total energy: 8.86661
+2800.000000000s -1 BulkCommAppMulticast:logEnergy(): Total energy: 8.86661
+2900.000000000s -1 BulkCommAppMulticast:logEnergy(): Total energy: 8.86661
+3000.000000000s -1 BulkCommAppMulticast:logEnergy(): Total energy: 8.86661
+3100.000000000s -1 BulkCommAppMulticast:logEnergy(): Total energy: 8.86661
+3200.000000000s -1 BulkCommAppMulticast:logEnergy(): Total energy: 8.86661
+3300.000000000s -1 BulkCommAppMulticast:logEnergy(): Total energy: 8.86661
+3400.000000000s -1 BulkCommAppMulticast:logEnergy(): Total energy: 8.86661
+3500.000000000s -1 BulkCommAppMulticast:logEnergy(): Total energy: 8.86661
+3600.000000000s -1 ObjectCommApplicationMulticast:PrintLastUpdateTime(): Last update: 713.699 s.
